ARM GAS  /tmp/ccu6UIWY.s 			page 1


   1              		.syntax unified
   2              		.cpu cortex-m4
   3              		.eabi_attribute 27, 1
   4              		.eabi_attribute 28, 1
   5              		.fpu fpv4-sp-d16
   6              		.eabi_attribute 20, 1
   7              		.eabi_attribute 21, 1
   8              		.eabi_attribute 23, 3
   9              		.eabi_attribute 24, 1
  10              		.eabi_attribute 25, 1
  11              		.eabi_attribute 26, 1
  12              		.eabi_attribute 30, 2
  13              		.eabi_attribute 34, 1
  14              		.eabi_attribute 18, 4
  15              		.thumb
  16              		.file	"board.c"
  17              		.text
  18              	.Ltext0:
  19              		.section	.gnu.lto_.profile.126ac9d9abd9b0a8,"",%progbits
  20 0000 789C6366 		.ascii	"x\234cf```a\200\000F\006o3\000\001@\000\212"
  20      60606061 
  20      80004606 
  20      6F330001 
  20      40008A
  21              		.text
  22              		.section	.gnu.lto_.jmpfuncs.126ac9d9abd9b0a8,"",%progbits
  23 0000 789C6366 		.ascii	"x\234cf\300\016x\24143\0203\202\030L@\014\000\001\375"
  23      C00E78A1 
  23      34331033 
  23      82184C40 
  23      0C0001FD 
  24 0014 0017     		.ascii	"\000\027"
  25              		.text
  26              		.section	.gnu.lto_.inline.126ac9d9abd9b0a8,"",%progbits
  27 0000 789C6366 		.ascii	"x\234cf\300\016\\\24043\003\203\2111#\003S\322\205\277"
  27      C00E5CA0 
  27      34330383 
  27      89312303 
  27      53D285BF 
  28 0014 AC0C6C0B 		.ascii	"\254\014l\013\344\231@\202\214\014\254b@1 \013.\302"
  28      E4994082 
  28      8C0CAC62 
  28      4031200B 
  28      2EC2
  29 0026 05239818 		.ascii	"\005#\230\030\230\231P\345\030\000\006\240\005}"
  29      989950E5 
  29      180006A0 
  29      057D
  30              		.text
  31              		.section	.gnu.lto_.pureconst.126ac9d9abd9b0a8,"",%progbits
  32 0000 789C6366 		.ascii	"x\234cf```g\200\000f\006)F\011&\006\000\001\234\000"
  32      60606067 
  32      80006606 
  32      29460926 
  32      0600019C 
  33 0015 43       		.ascii	"C"
  34              		.text
ARM GAS  /tmp/ccu6UIWY.s 			page 2


  35              		.section	.gnu.lto_stm32_gpio_init.126ac9d9abd9b0a8,"",%progbits
  36 0000 789CA599 		.ascii	"x\234\245\231YLTW\030\307\357wf\230asI\3234\306\227"
  36      594C5457 
  36      18C7EF77 
  36      66986173 
  36      49D334C6 
  37 0015 36F1C1A4 		.ascii	"6\361\301\244\011\222h\322\244i\023\037\254M\372\320"
  37      099268D2 
  37      A469131F 
  37      AC4DFAD0 
  38 0025 9A54D3A4 		.ascii	"\232T\323\244OVm\252$M1\265\2175\336a\261(kq\001\244"
  38      4F566DAA 
  38      244D31B5 
  38      8F35DE61 
  38      B1286B71 
  39 003b 54409155 		.ascii	"T@\221UYeG.\2400\200\012(\373\"\310bqw\224*(tz\316w"
  39      5965472E 
  39      A030800A 
  39      28FB22C8 
  39      62717794 
  40 0055 EE913BD3 		.ascii	"\356\221;\323\231\3063\2328\343\314\\~\377\357;\337"
  40      99C6339A 
  40      38E3CC5C 
  40      7EFFEF3B 
  40      DF
  41 0066 F9DD7B47 		.ascii	"\371\335{GL\312\177\377\254\245\177'\327(\312V\372\014"
  41      4CCA7FFF 
  41      ACA57F27 
  41      D728CA56 
  41      FA0C
  42 0078 260548D2 		.ascii	"&\005H\322uE\261\371\023\000\366\017\005\224C\004\016"
  42      7545B1F9 
  42      1300F60F 
  42      05944304 
  42      0E
  43 0089 C15DE220 		.ascii	"\301]\342 \220\244\025\246\006\255\317QU\365I\366\300"
  43      90A415A6 
  43      06ADCF51 
  43      55F549F6 
  43      C0
  44 009a 2FEAF1EF 		.ascii	"/\352\361\357\026\210\242<#\234\003\271\260^\241\007"
  44      1688A23C 
  44      239C03B9 
  44      B05EA107 
  45 00aa 39A29606 		.ascii	"9\242\226\006\202,Q\364\240\325\3743\310\003\013\320"
  45      822C51F4 
  45      A0D5FC33 
  45      C8030BD0 
  46 00ba E7E27734 		.ascii	"\347\342w4\325\351\234\312\251w\2307\021e\201\3200\372"
  46      D5E99CCA 
  46      A9779837 
  46      116581D0 
  46      30FA
  47 00cc 60610F56 		.ascii	"`a\017V\366\240(\323\364p\026:C\010{6\015Cse\351\370"
  47      F6A028D3 
  47      F470163A 
  47      43087B36 
ARM GAS  /tmp/ccu6UIWY.s 			page 3


  47      0D437365 
  48 00e2 46067841 		.ascii	"F\006xAX\001\035\366\234\232\200Y\262@\210\232\031\243"
  48      58011DF6 
  48      9C9A8059 
  48      B240889A 
  48      19A3
  49 00f4 9A59DCF8 		.ascii	"\232Y\334\370tW\217?\276\245\260\227\021\347\262j\375"
  49      74578F3F 
  49      BEA5B097 
  49      11E7B26A 
  49      FD
  50 0105 33201D16 		.ascii	"3 \035\026\210\011\362a-\024\300Z\374`\352\345\251\231"
  50      8809F261 
  50      2D14C05A 
  50      FC60EAE5 
  50      A999
  51 0117 A0904235 		.ascii	"\240\220B5\312\346\277@\314P\010\031\360\024+\207\""
  51      CAE6BF40 
  51      CC500819 
  51      F0142B87 
  51      22
  52 0128 08518621 		.ascii	"\010Q\206!r\316\302sL<j\250y\266\002\030\027Tu\236."
  52      72CEC273 
  52      4C3C6AA8 
  52      79B60218 
  52      1754759E 
  53 013d CB79CAA1 		.ascii	"\313y\312\241\365$\003;J\"\350\302rP1\204P<\243\354"
  53      F524033B 
  53      4A22E8C2 
  53      72503184 
  53      503CA3EC 
  54 0151 7F630830 		.ascii	"\177c\0100F\3112\243\024B\214M\233\351[e\274\262\312"
  54      46C932A3 
  54      14428C4D 
  54      9BE95B65 
  54      BCB2CA
  55 0164 9E71C23B 		.ascii	"\236q\302;\220)\257\034\321l<P\341\272\016V\012\362"
  55      9029AF1C 
  55      D16C3C50 
  55      E1BA0E56 
  55      0AF2
  56 0176 B9EB8BCB 		.ascii	"\271\353\213\313\330J\326\265U\351\007\2423\206\333"
  56      D84AD6B5 
  56      55E907A2 
  56      3386DB
  57 0185 9B3F357D 		.ascii	"\233?5}\014\354\247j.\314]\013b}\370}\300^\326&\333"
  57      0CECA76A 
  57      2ECC5D0B 
  57      627DF87D 
  57      C05ED626 
  58 019a 532DECA5 		.ascii	"S-\354\245\005G\3339\364\370\264i]\226\252FL\324\346"
  58      0547DB39 
  58      F4F8B469 
  58      5D96AA46 
  58      4CD4E6
  59 01ad B405AB76 		.ascii	"\264\005\253v5j\302\351|\177\201X\241\012LtoA5\255\240"
  59      356AC2E9 
ARM GAS  /tmp/ccu6UIWY.s 			page 4


  59      7C7F8158 
  59      A10A4C74 
  59      6F4135AD 
  60 01c2 8655C077 		.ascii	"\206U\300w`-\254\243?\326\320p\242\316\304(V\272\007"
  60      602DACA3 
  60      3FD6D070 
  60      A2CEC428 
  60      56BA07
  61 01d5 35B30275 		.ascii	"5\263\002u\364\210~\210\320\234\035\242\215\303Ecmf"
  61      F4887E88 
  61      D09C1DA2 
  61      8DC34563 
  61      6D66
  62 01e7 D366ACE1 		.ascii	"\323f\254\341ne\333\"xJ\361\207z\217)\015\230r2\261"
  62      6E65DB22 
  62      784AF187 
  62      7A8F290D 
  62      987232B1 
  63 01fb B7DA74F0 		.ascii	"\267\332t\360\225\232\252\322\206\003\226\330t\214\203"
  63      959AAAD2 
  63      860396D8 
  63      748C83
  64 020a 09C097F9 		.ascii	"\011\300\227\371\211\307\253\351J\244\333\222\330Q\201"
  64      89C7ABE9 
  64      4AA4DB92 
  64      D85181
  65 0219 70090E42 		.ascii	"p\011\016B\243\276b\017\247\217h&\272bI\352Dg\364{\013"
  65      A3BE620F 
  65      A78F6826 
  65      BA6249EA 
  65      4467F47B 
  66 022e 2408345C 		.ascii	"$\0104\\4\235T<\225\225\032\200|\315\304ji\202\020V"
  66      349D543C 
  66      95951A80 
  66      7CCDC46A 
  66      69821056 
  67 0242 BC02CD70 		.ascii	"\274\002\315p\020G\342\350\315\366s\321MK\351\004V\034"
  67      1047E2E8 
  67      CDF673D1 
  67      4D4BE904 
  67      561C
  68 0254 5B0694EE 		.ascii	"[\006\224\356\031\001w!\241\205\"\024\270\214\253\360"
  68      19017721 
  68      A1852214 
  68      B88CABF0 
  69 0264 BA582B26 		.ascii	"\272X+&\226&\307\276\014z]l0[6\270\242\027\373\352X"
  69      9626C7BE 
  69      0C7A5D6C 
  69      305B36B8 
  69      A217FBEA 
  70 0279 4D1BC1F1 		.ascii	"M\033\301\361N\344G[\330\204[\261X\023'B\033nK\333\271"
  70      4EE4475B 
  70      D8845BB1 
  70      58132742 
  70      1B6E4BDB 
  71 028e BA382B3A 		.ascii	"\2728+:C3\354\372\326)\355\313\366\323\003\337,A[\303"
  71      4333ECFA 
ARM GAS  /tmp/ccu6UIWY.s 			page 5


  71      D629EDCB 
  71      F6D303DF 
  71      2C415BC3 
  72 02a2 F8EDC837 		.ascii	"\370\355\3107\353\374\016\344\317\267\337\216\362\343"
  72      EBFC0EE4 
  72      CFB7DF8E 
  72      F2E3
  73 02b0 4ECE47DE 		.ascii	"N\316G\336\241\331\235z\206\303\267\214\253\230\341"
  73      A1D99D7A 
  73      86C3B78C 
  73      AB98E1
  74 02bf A7675CC3 		.ascii	"\247g\\\303\014m\246\361,\357\2417\2737\223\276}]\364"
  74      0C6DA6F1 
  74      2CEFA137 
  74      BB3793BE 
  74      7D5DF4
  75 02d2 D1EF5346 		.ascii	"\321\357SF\027fX\364\214n\314H\271?_\201\013\017N'\355"
  75      176658F4 
  75      8C6ECC48 
  75      B93F5F81 
  75      0B0F4E27 
  76 02e7 A24774E1 		.ascii	"\242Gt\341[\302\015L\260\352\01171\241>.\356\336J\375"
  76      5BC20D4C 
  76      B0EA0937 
  76      31A13E2E 
  76      EEDE4AFD 
  77 02fb ECA515D0 		.ascii	"\354\245\025\320\016{E\027\003>e\364a\206\277\236\321"
  77      0E7B4517 
  77      033E65F4 
  77      6186BF9E 
  77      D1
  78 030c 8F19F6EC 		.ascii	"\217\031\366\354\007#\026\236\241}\242\300\200\350\302"
  78      0723169E 
  78      A17DA2C0 
  78      80E8C2
  79 031b B784414C 		.ascii	"\267\204AL\010\320\023\206\370~*\351Y\344\263P\273#"
  79      08D01386 
  79      F87E2AE9 
  79      59E4B350 
  79      BB23
  80 032d 7AA989C3 		.ascii	"z\251\211\303\334\344\325>\235\035F\320[GYv<\337\364"
  80      DCE4D53E 
  80      9D1D46D0 
  80      5B475976 
  80      3CDFF4
  81 0340 6A0C9E1D 		.ascii	"j\014\236\035F\015\314\345s\201\232\246f\222\030\315"
  81      460DCCE5 
  81      73819AA6 
  81      669218CD 
  82 0350 E9DCECFD 		.ascii	"\351\334\354\375D0\366?'\002w\363oy6\377:7\177\034\233"
  82      4430F63F 
  82      270277F3 
  82      6F7936FF 
  82      3A377F1C 
  83 0365 0FF46CFE 		.ascii	"\017\364l\376\2040\377\266W\3633\250\371\264\032\326"
  83      8430FFB6 
  83      57F333A8 
ARM GAS  /tmp/ccu6UIWY.s 			page 6


  83      F9B41AD6 
  84 0375 A257F327 		.ascii	"\242W\363'\321\374)\034L\336Tg\231q0\243\206\301h\255"
  84      D1FC291C 
  84      4CDE5467 
  84      997130A3 
  84      86C168AD 
  85 0389 37EFB8AA 		.ascii	"7\357\270\252>-Tg\010\230\301\321\\\215=\235Fp4\032"
  85      3E2D5467 
  85      0898C1D1 
  85      5C8D3D9D 
  85      4670341A 
  86 039d 2870C7E8 		.ascii	"(p\307\350\272L\004\237\375_\302u\014\230\305\200\341"
  86      BA4C049F 
  86      FD5FC275 
  86      0C98C580 
  86      E1
  87 03ae 2AFB59BE 		.ascii	"*\373Y\276\273\264\3334\372\256\321t\371\204{\302tL"
  87      BBB4DB34 
  87      FAAED174 
  87      F9847BC2 
  87      744C
  88 03c0 B88F09D1 		.ascii	"\270\217\011\321%\351\267\360f\002N\034\355e\216<0\232"
  88      25E9B7F0 
  88      66024E1C 
  88      ED658E3C 
  88      309A
  89 03d2 2E9FF150 		.ascii	".\237\361P\230\216\031\217\350\324\\\304\226\007>\026"
  89      988E198F 
  89      E8D45CC4 
  89      96073E16 
  90 03e2 6223F009 		.ascii	"b#\360\011\026=T\336\324f\322\305V3\351\2229\214b\313"
  90      163D54DE 
  90      D466D2C5 
  90      5633E992 
  90      398C62CB 
  91 03f6 673C1562 		.ascii	"g<\025bc\3063Z\264\335\350\261<pNx\214\300\277\261\350"
  91      63C6335A 
  91      B4DDE8B1 
  91      3C704E78 
  91      8CC0BFB1 
  92 040b B49335BF 		.ascii	"\264\2235\277\362\232\233\250E\317\337F\342\027\350"
  92      F29A9BA8 
  92      45CFDF46 
  92      E217E8
  93 041a DCF9D248 		.ascii	"\334\371\322H\307J.q\022J<\357\263\304\013\022\022\277"
  93      C74A2E71 
  93      124A3CEF 
  93      B3C40B12 
  93      12BF
  94 042c F42CF110 		.ascii	"\364,\361\020\227\370\025v\036\344Y\342E!\361\222W\211"
  94      97F81576 
  94      1EE459E2 
  94      4521F192 
  94      5789
  95 043e CBA9C4B4 		.ascii	"\313\251\304\264\032\326\242W\211\377A\211\2358\225"
  95      1AD6A257 
  95      89FF4189 
ARM GAS  /tmp/ccu6UIWY.s 			page 7


  95      9D3895
  96 044d ECAE47A3 		.ascii	"\354\256G\243\201\206\251\314\033\246\222\036\031\337"
  96      8186A9CC 
  96      1BA6921E 
  96      19DF
  97 045b 1DEC22B1 		.ascii	"\035\354\"\261Jt\211\031\002l$\304\365\002-\203\344"
  97      4A748919 
  97      026C24C4 
  97      F5022D83 
  97      E4
  98 046c 838E20BA 		.ascii	"\203\216 \272\264\010\214$\270;\213\307\316\211\313"
  98      B4088C24 
  98      B83B8BC7 
  98      CE89CB
  99 047b 8EAAAE52 		.ascii	"\216\252\256R \212\030\264\225\317\210&\272\266\230"
  99      208A18B4 
  99      95CF8826 
  99      BAB698
 100 048a 711833EE 		.ascii	"q\0303\356?\236\255\3437\346}\005}\037*\360\0331X+\037"
 100      3F9EADE3 
 100      37E67D05 
 100      7D1F2AF0 
 100      1B31582B 
 101 049f 1143746B 		.ascii	"\021Ctk1\342\010q\263V\036x\224\350\326\"0\026k\236"
 101      31E20871 
 101      B3561E78 
 101      94E8D622 
 101      30166B9E 
 102 04b3 4D5013F4 		.ascii	"MP\023\364K\245:Jg\020G\014\322\312G\304\023]Z\214H"
 102      4BA53A4A 
 102      6710470C 
 102      D2CA47C4 
 102      135D5A8C 
 103 04c8 206ED2CA 		.ascii	" n\322\312\003\023\211.-\002\223\260\346\243Gl\017\371"
 103      0313892E 
 103      2D0293B0 
 103      E6A3476C 
 103      0FF9
 104 04da 4D8AFAAE 		.ascii	"M\212\372\256\002\277\223\267\2206\2310\307\346K&\223"
 104      02BF93B7 
 104      90369930 
 104      C7E64B26 
 104      93
 105 04eb 56716953 		.ascii	"VqiSQ\332c\304Wi\217\2237\227\366\004\361(\355(\227"
 105      51DA63C4 
 105      57698F93 
 105      3797F604 
 105      F128ED28 
 106 0500 F624761E 		.ascii	"\366$v\036\354Y\332\024\242K\233J\274I[C\245\245\325"
 106      EC59DA14 
 106      A24B9B4A 
 106      BC495B43 
 106      A5A5D5
 107 0513 B016BD4A 		.ascii	"\260\026\275J\233F\230\264\247\360{\231]\273\3500\033"
 107      9B4698B4 
 107      A7F07B99 
 107      5DBBE830 
ARM GAS  /tmp/ccu6UIWY.s 			page 8


 107      1B
 108 0524 A642D7E0 		.ascii	"\246B\327\340\365T^$\236YZ\345\"m\272\220\226!\340\017"
 108      F5545E24 
 108      9E595AE5 
 108      226DBA90 
 108      9621E00F 
 109 0538 77696590 		.ascii	"wie\220|\320\031BZ\004\376i\3349\276\001O\013C\021\230"
 109      7CD01942 
 109      5A04FE69 
 109      DC39BE01 
 109      4F0B4311 
 110 054d 893B67AE 		.ascii	"\211;g\256V\353[!\014e\027\326,\243\242\362\031\331"
 110      56EB5B21 
 110      0C6517D6 
 110      2CA3A2F2 
 110      19D9
 111 055f 4251CC38 		.ascii	"BQ\3148\343\256\250<\360\254P\024\2019\306e\035\360"
 111      E3AEA83C 
 111      F0AC5014 
 111      8139C665 
 111      1DF0
 112 0571 09784E08 		.ascii	"\011xN\010\211\300\\w!\345\201yBH\004\346\353@\237\005"
 112      89C05C77 
 112      21E58179 
 112      424804E6 
 112      EB409F05 
 113 0585 2C405F26 		.ascii	",@_&\343\037-\005r\0013Q\300B\237\005,\222\020\360\274"
 113      E31F2D05 
 113      72013351 
 113      C0429F05 
 113      2C9210F0 
 114 059a 6701C7B9 		.ascii	"g\001\307\271\200\027\260\323\025\236\005,\026\002\226"
 114      8017B0D3 
 114      159E052C 
 114      160296
 115 05a9 7815B091 		.ascii	"x\025\260\221\012H\253a-z\025\260\024\005,\303)\304"
 115      0A48AB61 
 115      2D7A15B0 
 115      14052CC3 
 115      29C4
 116 05bb D8E73B57 		.ascii	"\330\347;W\030\246Ph\230B{|U\273\325E\300r! C@\205\273"
 116      18A65068 
 116      98427B7C 
 116      55BBD545 
 116      C0722120 
 117 05d3 8032483E 		.ascii	"\2002H>\330\213B@\004V\242/\231Q\203\221\374\212\246"
 117      D88B4240 
 117      0456A22F 
 117      99518391 
 117      FC8AA6
 118 05e6 D9169DF4 		.ascii	"\331\026\235\364\252Ye\274j\312gT\013'1\243\0063\232"
 118      AA5965BC 
 118      6ACA6754 
 118      0B2731A3 
 118      06339A
 119 05f9 2ED88682 		.ascii	".\330\206\202\371\315nA\037\335\250\265F%\345#\352\204"
 119      F9CD6E41 
ARM GAS  /tmp/ccu6UIWY.s 			page 9


 119      1FDDA8B5 
 119      4625E523 
 119      EA84
 120 060b 9218518F 		.ascii	"\222\030Q\217\021\011\235\247\232\370\255\251\223~%"
 120      11099DA7 
 120      9AF8ADA9 
 120      937E25
 121 061a 68200645 		.ascii	"h \006E\345\003.\011E1\240\321]Qy\240&\024E`\223\273"
 121      E5032E09 
 121      4531A0D1 
 121      5D5179A0 
 121      26144560 
 122 0630 A2F2C066 		.ascii	"\242\362\300f\241(\002[p\011r\272\023s\371*k*~\245\270"
 122      A128025B 
 122      700972BA 
 122      1373F92A 
 122      6B2A7EA5 
 123 0645 FC3697CD 		.ascii	"\3746\227\315+(\331\322\215\242X3\2676\017\255m\365"
 123      2B28D9D2 
 123      8DA25833 
 123      B7360FAD 
 123      6DF5
 124 0657 D9DA3609 		.ascii	"\331\3326\011k\355\236\255\275\307\255m\307\346Wz\266"
 124      6BED9EAD 
 124      BDC7AD6D 
 124      C7E6577A 
 124      B6
 125 0668 B64358DB 		.ascii	"\266CX\333\351\325\332>j-\255\206\265\350\325\332\253"
 125      E9D5DA3E 
 125      6A2DAD86 
 125      B5E8D5DA 
 125      AB
 126 0679 68ED351C 		.ascii	"h\3555\034LK\356H\265\361f\246\3250\230+-\031g\\\255"
 126      4C4BEE48 
 126      B5F166A6 
 126      D530982B 
 126      2D19675C 
 127 068e BD2EAC65 		.ascii	"\275.\254e\010\350r\267V\006\311g\335-\254E`\017\316"
 127      08E872B7 
 127      5606C967 
 127      DD2DAC45 
 127      600FCE
 128 06a1 7A7022A2 		.ascii	"zp\"\242\003\377\357\022\250\2617\214\306\312\363o\012"
 128      03FFEF12 
 128      A8B1378C 
 128      C6CAF36F 
 128      0A
 129 06b2 6391DF8B 		.ascii	"c\221\337\213\374\347\261Yqx\266\206n~\025\3553*+\237"
 129      FCE7B159 
 129      7178B686 
 129      6E7E15ED 
 129      332A2B9F 
 130 06c6 D12F94C5 		.ascii	"\321/\224\305\214\001\367\253\250<pP(\212\300!wE\345"
 130      8C01F7AB 
 130      A83C7050 
 130      288AC021 
 130      7745E5
ARM GAS  /tmp/ccu6UIWY.s 			page 10


 131 06d9 81C34251 		.ascii	"\201\303BQ\004\216\270+*\017\034\025\212\"pL\007\336"
 131      048EB82B 
 131      2A0F1C15 
 131      8A22704C 
 131      07DE
 132 06eb 029B96F2 		.ascii	"\002\233\226\362\025\356P\205\375\316\001\330\357\032"
 132      15EE5085 
 132      FDCE01D8 
 132      EF1A
 133 06f9 A8051F6D 		.ascii	"\250\005\037m\330\020\272e_\330\356\260m\333C\303\017"
 133      D810BA65 
 133      5FD8EEB0 
 133      6DDB43C3 
 133      0F
 134 070a 84EEDBF5 		.ascii	"\204\356\333\365c\350\356\360]?\177\177 t\373\216\235"
 134      63E8EEF0 
 134      5D3F7F7F 
 134      2074FB8E 
 134      9D
 135 071b DB777CB9 		.ascii	"\333w|\271i\343\347\233v~\366\305\366-\333\276\331\372"
 135      69E3E79B 
 135      767EF6C5 
 135      F62DDBBE 
 135      D9FA
 136 072d F5B7FCB3 		.ascii	"\365\267\374\263\015{\024\277\275\373\303\302\367[\366"
 136      0D7B14BF 
 136      BDFBC3C2 
 136      F75BF6
 137 073c 84FFF443 		.ascii	"\204\377\364C\330\336\177\001!\240\363j"
 137      D8DE7F01 
 137      21A0F36A 
 138              		.text
 139              		.section	.gnu.lto___early_init.126ac9d9abd9b0a8,"",%progbits
 140 0000 789C6366 		.ascii	"x\234cf\300\004R@|\006\210-\200\230\221\231\201\221"
 140      C0045240 
 140      7C06882D 
 140      80989199 
 140      8191
 141 0012 69C23906 		.ascii	"i\3029\006\206F\016&FF\020\203\201\221\241\236\211\261"
 141      86460E26 
 141      46461083 
 141      8191A19E 
 141      89B1
 142 0024 9EF125D3 		.ascii	"\236\361%\323G&\306\011\007V\317\340V_\332\320\320\360"
 142      4726C609 
 142      0756CFE0 
 142      565FDAD0 
 142      D0F0
 143 0036 61D15789 		.ascii	"a\321W\211V\211\237L\014\014\237\231 \3060.gTg\000\252"
 143      56899F4C 
 143      0C0C9F99 
 143      20C6302E 
 143      67546700 
 144 004b F9D8F2F7 		.ascii	"\371\330\362\367:7[\013P\215\000D\216q\005#\033#\220"
 144      3A375B0B 
 144      508D0044 
 144      8E710523 
ARM GAS  /tmp/ccu6UIWY.s 			page 11


 144      1B2390
 145 005e 5E2F74A0 		.ascii	"^/t\240\341\377\377\307s\336|eaa`x\002\224\002\231\377"
 145      E1FFFFC7 
 145      73DE7C65 
 145      61616078 
 145      02940299 
 146 0073 94890944 		.ascii	"\224\211\011D3\337al>p\363\034#H1\310\224y\227\373\326"
 146      33DF616C 
 146      3E70F31C 
 146      234831C8 
 146      947997FB 
 147 0088 31D5FE6E 		.ascii	"1\325\376n\350h\340\370\311\304\370\231\011h\000\343"
 147      E868E0F8 
 147      C9C4F899 
 147      096800E3 
 148 0098 4AC65A86 		.ascii	"J\306Z\206\237@\345 \245\267\370p\251\004\232\313\270"
 148      9F40E520 
 148      A5B7F870 
 148      A9049ACB 
 148      B8
 149 00a9 0AAAF21E 		.ascii	"\012\252\362\036c\343\201\273~`\225\014 +\031AV\001"
 149      63E381BB 
 149      7E60950C 
 149      202B1941 
 149      5601
 150 00bb 1598E9E9 		.ascii	"\025\230\351\351\351;gd&e\372\007\353\347\027\353g$"
 150      E93B6764 
 150      2665FA07 
 150      EBE717EB 
 150      6724
 151 00cd E6E827E5 		.ascii	"\346\350'\345'\026\245\024\353\007\207\304\007\207\370"
 151      2716A514 
 151      EB0787C4 
 151      0787F8
 152 00dc 1A1BB919 		.ascii	"\032\033\271\031\307\273x\006;\373\207\271\006EB\344"
 152      C7BB7806 
 152      3BFB87B9 
 152      064542E4 
 153 00ec F4921900 		.ascii	"\364\222\031\000\242x[v"
 153      A2785B76 
 154              		.text
 155              		.section	.gnu.lto_boardInit.126ac9d9abd9b0a8,"",%progbits
 156 0000 789C6366 		.ascii	"x\234cf\300\004R@\\\002\304\026@\314\310\314\300\310"
 156      C0045240 
 156      5C02C416 
 156      40CCC8CC 
 156      C0C8
 157 0012 34E11C03 		.ascii	"4\341\034\003C#\007\023##\210\301\300\310P\317\304X"
 157      43230713 
 157      232388C1 
 157      C0C850CF 
 157      C458
 158 0024 CFF892E9 		.ascii	"\317\370\222\351#\023\343\204\003\253gp\253/mhh\370"
 158      2313E384 
 158      03AB6770 
 158      AB2F6D68 
 158      68F8
ARM GAS  /tmp/ccu6UIWY.s 			page 12


 159 0036 D03459B2 		.ascii	"\3204Y\262U\342'\023\003\303g&\2101\214\313\031\325"
 159      55E22713 
 159      03C36726 
 159      88318CCB 
 159      19D5
 160 0048 19806A3E 		.ascii	"\031\200j>\266\374\275\316\315\326\002T#\000\221c\\"
 160      B6FCBDCE 
 160      CDD60254 
 160      23009163 
 160      5C
 161 0059 C1C8C608 		.ascii	"\301\310\306\010\244\327\013\035h\370\377\177\361\364"
 161      A4D70B1D 
 161      68F8FF7F 
 161      F1F4
 162 0067 35935981 		.ascii	"5\223Y\201\302O\200\030d\376S&&\020\315|\217\221\021"
 162      C24F8018 
 162      64FE5326 
 162      2610CD7C 
 162      8F9111
 163 007a A41064D2 		.ascii	"\244\020d\322\023&F\220\020P\201\231\236\236\276sFf"
 163      13264690 
 163      10508199 
 163      9E9EBE73 
 163      4666
 164 008c 52A67FB0 		.ascii	"R\246\177\260~~\261~Fb\216~R~bQJ\261~pH|p\210\257\261"
 164      7E7EB17E 
 164      46628E7E 
 164      527E6251 
 164      4AB17E70 
 165 00a6 919B71BC 		.ascii	"\221\233q\274\213g\260\263\177\230kP$DN/\231\001\000"
 165      8B67B0B3 
 165      7F986B50 
 165      24444E2F 
 165      990100
 166 00b9 4D693994 		.ascii	"Mi9\224"
 167              		.text
 168              		.section	.gnu.lto_.symbol_nodes.126ac9d9abd9b0a8,"",%progbits
 169 0000 789C4DC8 		.ascii	"x\234M\310\261\011\200@\020\005\321\331\277\311\005"
 169      B1098040 
 169      1005D1D9 
 169      BFC905
 170 000f D6673B7B 		.ascii	"\326g;{\241\241\015(\207m\234\032\031[\203\225\210\202"
 170      A1A10D28 
 170      876D9C1A 
 170      195B8395 
 170      8882
 171 0021 0A4E32F0 		.ascii	"\012N2\360\034hySU@\277C\004C\351\0324+\354\223\261"
 171      1C687953 
 171      5540BF43 
 171      0443E91A 
 171      342BEC93 
 172 0036 24B428F4 		.ascii	"$\264(\364\007[\025\376\0009'\334`:Nss\266\373\\A\004"
 172      075B15FE 
 172      003927DC 
 172      603A4E73 
 172      73B6FB5C 
 173 004c 18E2     		.ascii	"\030\342"
ARM GAS  /tmp/ccu6UIWY.s 			page 13


 174              		.text
 175              		.section	.gnu.lto_.refs.126ac9d9abd9b0a8,"",%progbits
 176 0000 789C6366 		.ascii	"x\234cf```d\200\002\000\000=\000\005"
 176      60606064 
 176      80020000 
 176      3D0005
 177              		.text
 178              		.section	.gnu.lto_.decls.126ac9d9abd9b0a8,"",%progbits
 179 0000 789CAD58 		.ascii	"x\234\255XkP\024W\026\356\333wf\030\306\001\334\302"
 179      6B501457 
 179      16EEDB77 
 179      6618C601 
 179      DCC2
 180 0012 3C2A95DA 		.ascii	"<*\225\332%\246\212J\245\\\307`*\265\217\332D\005|T"
 180      25A68A4A 
 180      A55CC760 
 180      2AB58FDA 
 180      44057C54 
 181 0026 54A8C124 		.ascii	"T\250\301$\225\332\332\232%0Fj\021(\030w\315\277\226"
 181      95DADA9A 
 181      2530466A 
 181      11281877 
 181      CDBF96
 182 0039 41454041 		.ascii	"AE@A|\004\321\204\221A@@y*\242\010\003\2067\022#A\215"
 182      7C04D184 
 182      91414040 
 182      792AA208 
 182      03863712 
 183 0050 CF11A3F8 		.ascii	"\317\021\243\370B\320\200\202Qf\317\275wfz\246m\262"
 183      42D08082 
 183      5166CFBD 
 183      77667AA6 
 183      6DB2
 184 0062 D9ADED9A 		.ascii	"\331\255\355\2323\335\247\357w\277{\356\271\347\234"
 184      33DDA7EF 
 184      77BF7BEE 
 184      B9E79C
 185 0071 DBDD98E3 		.ascii	"\333\335\230\343\270y\210\343\034p\004\275\304q\275"
 185      B87988E3 
 185      1C7004BD 
 185      C471BD
 186 0080 3CC729E0 		.ascii	"<\307)\340^$'\036D\257\0009\014R\005R\303\275x\220v"
 186      5E24271E 
 186      44AF0039 
 186      0C520552 
 186      C3BD7890 
 187 0095 3F67BF37 		.ascii	"?g\2777@n\200\\\007i\002\361\007\321\202\274\004\343"
 187      406E805C 
 187      076902F1 
 187      07D182BC 
 187      04E3
 188 00a7 CC010907 		.ascii	"\314\001\011\007\011\003Y\0142\013$\000\332.\203\014"
 188      0903590C 
 188      320B2400 
 188      DA2E830C 
 189 00b7 807C00FA 		.ascii	"\200|\000\372o@\374@|@4 \376\004\0032\003\344O \177"
 189      6F40FC40 
ARM GAS  /tmp/ccu6UIWY.s 			page 14


 189      7C403420 
 189      FE040332 
 189      03E44F20 
 190 00cc 01F933C8 		.ascii	"\001\3713\310\373 \177\004\341\235\343\177\010\327\360"
 190      FB207F04 
 190      E19DE37F 
 190      08D7F0
 191 00db E356206F 		.ascii	"\343V o\333\210\335\330i\333Jh;\350\274\217\235m\025"
 191      DB88DDD8 
 191      69DB4A68 
 191      3BE8BC8F 
 191      9D6D15
 192 00ee D3CC89CC 		.ascii	"\323\314\211\314\025y\370\0029\357I\217\207<j8<vz\306"
 192      1579F802 
 192      39EF498F 
 192      873C6A38 
 192      3C767AC6 
 193 0102 6D1EF96B 		.ascii	"m\036\371k\202\210z<\2673O\005\252V\243 \352\211\237"
 193      82887A3C 
 193      B7334F05 
 193      AA56A320 
 193      EA899F
 194 0115 07BF57BC 		.ascii	"\007\277W\274\262K\200#\307,\314T\240\310\227Q\011z"
 194      B24B8023 
 194      C72CCC54 
 194      A0C89751 
 194      097A
 195 0127 0D95A2D7 		.ascii	"\015\225\242\327\200\365 z\005\376\377\252`L\343\326"
 195      80F5207A 
 195      05FEFFAA 
 195      604CE3D6 
 196 0137 D12B0ACC 		.ascii	"\321+\012\314#rm\315\273\376\275fN\031tK\027lgxq\270"
 196      23726DCD 
 196      BBFEBD66 
 196      4E19744B 
 196      176C6778 
 197 014d 61DBD759 		.ascii	"a\333\327Y\252\240\257\005[\325h\303X\267\377\036\301"
 197      AAA0AF05 
 197      5BD568C3 
 197      58B7FF1E 
 197      C1
 198 015e 922A4C39 		.ascii	"\222*L9\034\210\222\2412\204Q9\232CM\206kf{\005\012"
 198      1C8892A1 
 198      32845139 
 198      9A434D86 
 198      6B667B05 
 199 0173 828EADDB 		.ascii	"\202\216\255\333\037\015#\034I\3313\316\225\274\017"
 199      1F0D231C 
 199      49D933CE 
 199      95BC0F
 200 0182 1C962A7B 		.ascii	"\034\226*{Y\207\321\226&<s80#8\344Ap\310Ep\230\022\224"
 200      5987D196 
 200      263C7338 
 200      302338E4 
 200      4170C845 
 201 019a 15640FF8 		.ascii	"\025d\017\370\340\277Q\202\212\261\246\006\037`\250"
 201      E0BF5182 
ARM GAS  /tmp/ccu6UIWY.s 			page 15


 201      8AB1A606 
 201      1F60A8
 202 01a9 AAB2E41D 		.ascii	"\252\262\344\035Tu\0126\207\343\003\332\277\322\243"
 202      54750A36 
 202      87E303DA 
 202      BFD2A3
 203 01b8 7FA5AB7F 		.ascii	"\177\245\253\177\025\355_Rr\356\220\022\177N\373\337"
 203      15ED5F52 
 203      72EE9012 
 203      7F4EFBDF 
 204 01c8 31DB47C9 		.ascii	"1\333G\311,\354\302\350\204\265\366\245\274\032\241"
 204      2CECC2E8 
 204      84B5F6A5 
 204      BC1AA1
 205 01d7 955A8110 		.ascii	"\225Z\201\020e\251\366`\251v\261\324P\226\336=EEZ\352"
 205      65A9F660 
 205      A976B1D4 
 205      5096DE3D 
 205      45455AEA 
 206 01eb 6E0B264C 		.ascii	"n\013&L\216\243\347\257#\352\357w\211\232\337w~\213"
 206      8EA3E7AF 
 206      23EAEF77 
 206      899ADF77 
 206      7E8B
 207 01fd 1297233A 		.ascii	"\022\227#:\312\206\342\023Y>\320\366\206\206\272\356"
 207      CA86E213 
 207      593ED0F6 
 207      8686BAEE 
 208 020d DADEC922 		.ascii	"\332\336\311\"_\252\222\220\017 \267\232\233&\3325\270"
 208      5FAA9290 
 208      0F20B79A 
 208      9B26DA35 
 208      B8
 209 021e 9EC1B3D2 		.ascii	"\236\301\263\322\355]\032l\243\012\337yK\260\372\243"
 209      ED5D1A6C 
 209      A30ADF79 
 209      4BB0FAA3 
 210 022e 604D112C 		.ascii	"`M\021,\301\350\336\222\301\245fa\001:\2014\250\301"
 210      C1E8DE92 
 210      C1A56661 
 210      013A8134 
 210      A8C1
 211 0240 6D1BE525 		.ascii	"m\033\345%G\272 \244\222\345\365\355\364\347\334\253"
 211      47BA20A4 
 211      92E5F5ED 
 211      F4E7DCAB 
 212 0250 8B8EA360 		.ascii	"\213\216\243`@P,:\0127\353\341&\020\267=kJS\"M\260|"
 212      40502C3A 
 212      0A37EBE1 
 212      2610B73D 
 212      6B4A5322 
 213 0267 A793329D 		.ascii	"\247\2232\235\250\011\223\233s_\026\004\005j\004\023"
 213      A809939B 
 213      735F1604 
 213      056A0413 
 214 0277 8E892680 		.ascii	"\216\211&\200Ebh\264\026\255\327\000\255\371\327\321"
 214      456268B4 
ARM GAS  /tmp/ccu6UIWY.s 			page 16


 214      16ADD700 
 214      ADF9D7D1 
 215 0287 428FD433 		.ascii	"B\217\3243\367o\004\340},\344\204\354\2414\214\013\230"
 215      F76F04E0 
 215      7D2CE484 
 215      ECA1348C 
 215      0B98
 216 0299 B225D73C 		.ascii	"\262%\327<\244\306EL)\332\265\273BI}\254&j\177iN\272"
 216      A4C6454C 
 216      29DAB5BB 
 216      42497DAC 
 216      266A7F69 
 217 02af 1A97B2B6 		.ascii	"\032\227\262\266\311\276\241#\030W3\245gp\342'-\005"
 217      C9BEA123 
 217      185733A5 
 217      6770E227 
 217      2D05
 218 02c1 CE24EA91 		.ascii	"\316$\352\221\354\241\002\005>\316\332\332\316o\272"
 218      ECA10205 
 218      3ECEDADA 
 218      CE6FBA
 219 02d0 A3C22D4C 		.ascii	"\243\302-L\331\363\244\267=\200\002_%\352\017%\233w"
 219      D9F3A4B7 
 219      3D80025F 
 219      25EA0F25 
 219      9B77
 220 02e2 A871176B 		.ascii	"\250q\027k\333~`\347&\036\177\307\024WviYv5\267\367"
 220      DB7E60E7 
 220      261E7FC7 
 220      14577669 
 220      597635B7 
 221 02f7 15FAE273 		.ascii	"\025\372\342s\254m|<;\225\307\027\231R:\330\227\353"
 221      AC6D7C3C 
 221      3B95C717 
 221      99523AD8 
 221      97EB
 222 0309 47816F11 		.ascii	"G\201o\021\265\253h\357\244?\036dm\217\207\276\265!"
 222      B5AB68EF 
 222      A43F1E64 
 222      6D8F87BE 
 222      B521
 223 031b 7C9B29D7 		.ascii	"|\233)\327\236\\k\365\241\300y\240\006L\336\373\361"
 223      9E5C6BF5 
 223      A1C079A0 
 223      064CDEFB 
 223      F1
 224 032c AC2F9AED 		.ascii	"\254/\232\355<\002\311_\360l\213\220f\036\275\232Y\250"
 224      3C02C95F 
 224      F06C8B90 
 224      661EBD9A 
 224      59A8
 225 033e 3D5823D8 		.ascii	"=X#\330\3220j\002\2477\203\323/\242@\321\247o\221\014"
 225      D2306A02 
 225      A73783D3 
 225      2FA240D1 
 225      A76F910C 
 226 0352 7E1BFE38 		.ascii	"~\033\3768\002\267l\251\216uAm\262\320\022\344\306\356"
ARM GAS  /tmp/ccu6UIWY.s 			page 17


 226      02B76CA9 
 226      8E75416D 
 226      B2D012E4 
 226      C6EE
 227 0364 15B1DF4A 		.ascii	"\025\261\337J\261}H\002\336*\202\333\245\3406)x\217"
 227      B17D4802 
 227      DE2A82DB 
 227      A5E03629 
 227      788F
 228 0376 08EE9582 		.ascii	"\010\356\225\202{\244\340L\021|J\012n\225\202\263D\360"
 228      7BA4E04C 
 228      117C4A0A 
 228      6E9582B3 
 228      44F0
 229 0388 37F26688 		.ascii	"7\362f\210\276\310\023\261\335\362VP\354vZ\026\005a"
 229      BEC813B1 
 229      DDF25650 
 229      EC765A16 
 229      0561
 230 039a 818943B5 		.ascii	"\201\211C\265\320^G\233\010\032\002\025]\203\230=\213"
 230      D05E479B 
 230      081A0215 
 230      5D83983D 
 230      8B
 231 03ab 66A37E90 		.ascii	"f\243~\220K \347A.\200\014\200\330A\256\200\374\000"
 231      4B20E741 
 231      2E800C80 
 231      D841AE80 
 231      FC00
 232 03bd 720EE432 		.ascii	"r\016\3442\310\367 W\321l\232\015\324\212\014\321\212"
 232      C8F72057 
 232      D16C9A0D 
 232      D48A0CD1 
 232      8A
 233 03ce 16F9E989 		.ascii	"\026\371\351\211\026\347\213\330\323\362+\"b\263El\227"
 233      16E78BD8 
 233      D3F22B22 
 233      62B3456C 
 233      97
 234 03df 14DB2975 		.ascii	"\024\333)u\333>\021|F\012\376N$&9n\237\252T\011\210"
 234      DB3E117C 
 234      460AFE4E 
 234      2426396E 
 234      9FAA5409 
 235 03f4 403857F5 		.ascii	"@8W\365\343\334\263\261o\253.BP\355[\021\345\352\220"
 235      E3DCB3B1 
 235      6FAB2E42 
 235      50ED5B11 
 235      E5EA90
 236 0407 1F987241 		.ascii	"\037\230rA\221)\274x\252\036\243\300`9\017\243Ap\354"
 236      9129BC78 
 236      AA1EA3C0 
 236      60390FA3 
 236      4170EC
 237 041a FFC3C9D4 		.ascii	"\377\303\311\324\346\257\252\265`\363u\240;\"V%2\005"
 237      E6AFAAB5 
 237      60F375A0 
ARM GAS  /tmp/ccu6UIWY.s 			page 18


 237      3B225625 
 237      3205
 238 042c 575572EC 		.ascii	"WUr\354?\373\2616C,v\024+n\2017\220\226Vw8\003\370\351"
 238      3FFBB136 
 238      432C7614 
 238      2B6E8137 
 238      90965677 
 239 0444 C6FE4D3C 		.ascii	"\306\376M<\255\3566\236t\336]v;\026[1M\334\251K\233"
 239      ADEE369E 
 239      74DE5D76 
 239      3B165B31 
 239      4DDCA94B 
 240 0459 D2B4B88A 		.ascii	"\322\264\270\212)[k\363\363\325\370(S&r\016\034P\340"
 240      295B6BF3 
 240      F3D5F828 
 240      5326720E 
 240      1C50E0
 241 046c 934C39B1 		.ascii	"\223L9\261\377\340\210\032\2671\245\271k\303i\015\356"
 241      FFE0881A 
 241      B731A5B9 
 241      6BC3690D 
 241      EE
 242 047d 61CAA5DC 		.ascii	"a\312\245\334\375%\376\370[\246\364M\345<\362\301\375"
 242      FD25FEF8 
 242      5BA6F44D 
 242      E53CF2C1 
 242      FD
 243 048e D8AB6EF9 		.ascii	"\330\253n\371\263\272\225\177\376\346\030\246%\202\032"
 243      B3BA957F 
 243      FEE618A6 
 243      25821A
 244 049d B1AB7B6F 		.ascii	"\261\253{o\266\022\0170h\316\365\334~\005\276\212\275"
 244      B6120F30 
 244      68CEF5DC 
 244      7E05BE8A 
 244      BD
 245 04ae 369820B6 		.ascii	"6\230 \266\301|yo\242NMU\262\237\222e\270r\346\272\257"
 245      C17C796F 
 245      A24E4D55 
 245      B29F9265 
 245      B872E6BA 
 246 04c3 7B13193A 		.ascii	"{\023\031:\367:\251\340c\260|\243\242\257\202<7\021"
 246      F73AA9E0 
 246      63B07CA3 
 246      A2AF823C 
 246      3711
 247 04d5 A8DDCA52 		.ascii	"\250\335\312R(\334\303\340\237\007d\255~\202\365\011"
 247      28DCC3E0 
 247      9F0764AD 
 247      7E82F509 
 248 04e5 7216EE87 		.ascii	"r\026\356\207p\363\021\333Dj\007\037dj\\\304\223\035"
 248      70F311DB 
 248      446A071F 
 248      646A5CC4 
 248      931D
 249 04f7 DBE8D6F0 		.ascii	"\333\350\326\360\030\210GD\3421\364\213\314\343\262"
 249      18884744 
ARM GAS  /tmp/ccu6UIWY.s 			page 19


 249      E231F48B 
 249      CCE3B2
 250 0506 CCA87E24 		.ascii	"\314\250~${\020\341;l~\231;\307\272x<L\025EFs\343,\004"
 250      7B10E13B 
 250      6C7E993B 
 250      C7BA783C 
 250      4C154546 
 251 051e 1532D802 		.ascii	"\0252\330\002|\243\367\262G\226\232\315\302\316W\351"
 251      7CA3F7B2 
 251      47969ACD 
 251      C2CE57E9 
 252 052e B04F60D8 		.ascii	"\260O`\330\247\260\256n\366\267$In\021\026$s\036\313"
 252      A7B0AE6E 
 252      F6B72449 
 252      6E111624 
 252      731ECB
 253 0541 FED4197F 		.ascii	"\376\324\031\177\317\300\212I\210\251\237\335\211+\244"
 253      CFC08A49 
 253      88A99FDD 
 253      892BA4
 254 0550 5A4E9A55 		.ascii	"ZN\232U\245\363(\357\204,\3570r\247\314\011+R\023\204"
 254      A5F328EF 
 254      842CEF30 
 254      72A7CC09 
 254      2B521384 
 255 0564 2463C0F6 		.ascii	"$c\300\366\356\273\355\303*\\\246\240\266g\215\327_"
 255      EEBBEDC3 
 255      2A5CA6A0 
 255      B6678DD7 
 255      5F
 256 0575 D242959F 		.ascii	"\322B\225\237E\215\267\037\267\366i\205\316yt3\275\017"
 256      458DB71F 
 256      B7F66985 
 256      CE797433 
 256      BD0F
 257 0587 4308FC2C 		.ascii	"C\010\374,\371\272\016#4\335P\332R\231\025\317\247\207"
 257      F9BA0E23 
 257      34DD50DA 
 257      529915CF 
 257      A787
 258 0599 E63A9FF0 		.ascii	"\346:\237\360H\242\211\263$`2\313\015|0\232\202Y:<3"
 258      48A289B3 
 258      246032CB 
 258      0D7C309A 
 258      82593A3C 
 259 05ae A7C1EC03 		.ascii	"\247\301\354\003\231\003\220\027m/\314\036\311\014\230"
 259      99039017 
 259      6D2FCC1E 
 259      C90C98
 260 05bd 059C1BA6 		.ascii	"\005\234\033\246\345\344\274\010\241\317\216\013\205"
 260      E5E4BC08 
 260      A1CF8E0B 
 260      85
 261 05ca 531A5C41 		.ascii	"S\032\\A\347\213Z\236v6*p5S\204\251\316\347~\270\236"
 261      E78B5A9E 
 261      76362A70 
 261      355384A9 
ARM GAS  /tmp/ccu6UIWY.s 			page 20


 261      CEE77EB8 
 262 05df 295F5DE9 		.ascii	")_]\351\277\357\207\033\251\242-\037\275X\256Dl\327"
 262      BFEF871B 
 262      A9A22D1F 
 262      BD58AE44 
 262      6CD7
 263 05f1 A347302D 		.ascii	"\243G0-5\207\235\356!\205\346\016\3149\235\237fc\360"
 263      35879DEE 
 263      2185E60E 
 263      CC399D9F 
 263      6663F0
 264 0604 2C2F3F02 		.ascii	",/?\002\200UJ\002'\263\316\205Yg\362\263\321v\220\255"
 264      80554A02 
 264      27B3CE85 
 264      5967F2B3 
 264      D17690AD 
 265 0618 209B41B6 		.ascii	" \233A\266\200d\200\344\200d\201l\003\311\346=\212v"
 265      806480E4 
 265      8064816C 
 265      03C9E63D 
 265      8A76
 266 062a A555E51C 		.ascii	"\245U\345\034\371\256td\351.s\314\015\275'\017\365("
 266      F9AE7464 
 266      E92E73CC 
 266      0DBD270F 
 266      F528
 267 063c C3E56EEC 		.ascii	"\303\345n\354-)V\262\217w\272\221i\274\004\371Bq?\344"
 267      2D2956B2 
 267      8F77BA91 
 267      69BC04F9 
 267      42713FE4 
 268 0650 C6DE9677 		.ascii	"\306\336\226w\223H\333\345\206n\224\322\366H\240\335"
 268      9348DBE5 
 268      866E94D2 
 268      F648A0DD 
 269 0660 6EE82679 		.ascii	"n\350&y\250\333\202\015\366f\253\221l/\251\020\024f"
 269      A8DB820D 
 269      F666AB91 
 269      6C2FA910 
 269      1466
 270 0672 7973DDBC 		.ascii	"ys\335\274\366\012\217e\035\222\365B\211\230X\007\255"
 270      F60A8F65 
 270      1D92F542 
 270      89985807 
 270      AD
 271 0683 642F02C8 		.ascii	"d/\002\310\013\321\311\177Y\333\362\004\212O \305\365"
 271      0BD1C97F 
 271      59DBF204 
 271      8A4F20C5 
 271      F5
 272 0694 C4A8D14E 		.ascii	"\304\250\321N \272)\026\036\322\211\036r\341\201v@T"
 272      20BA2916 
 272      1ED2891E 
 272      72E18176 
 272      4054
 273 06a6 FCAF1102 		.ascii	"\374\257\021\002\361;zo\240M\351\265\237\354\344=\367"
 273      F13B7A6F 
ARM GAS  /tmp/ccu6UIWY.s 			page 21


 273      A04DE9B5 
 273      9FECE43D 
 273      F7
 274 06b7 935DBCD6 		.ascii	"\223]\274\326e\007\\\222\375`\342h\211?\255\355v\232"
 274      65075C92 
 274      FD60E268 
 274      893FADED 
 274      769A
 275 06c9 00358DB7 		.ascii	"\0005\215\267\307\331\243\347\353D}\326\235\337\240"
 275      C7D9A3E7 
 275      EB447DD6 
 275      9DDFA0
 276 06d8 C52D2C39 		.ascii	"\305-,9\012r\366\215+q\007S\254cg\036\252q\037S\012"
 276      0A72F68D 
 276      2B710753 
 276      AC63671E 
 276      AA711F53 
 277 06ed 2B1B3EC1 		.ascii	"+\033>\301\347\330u\235\245\242\003\343\313Li\035.\317"
 277      E7D8759D 
 277      A5A203E3 
 277      CB4C691D 
 277      2ECF
 278 06ff F4C776A6 		.ascii	"\364\307v\246\224\036\330:\204\361M\252\370niI\273\245"
 278      941ED83A 
 278      84F14DAA 
 278      F86E6949 
 278      BBA5
 279 0711 753D5906 		.ascii	"u=Y\006\262\252\331Pw\323\271\211\223\322\263\007V\254"
 279      B2AAD950 
 279      77D3B989 
 279      93D2B307 
 279      56AC
 280 0723 789A45A0 		.ascii	"x\232E\240\205\360J\215\260\000V\227`\367I\261^\331"
 280      85F04A8D 
 280      B0005697 
 280      60F749B1 
 280      5ED9
 281 0735 00D81F44 		.ascii	"\000\330\037Dl\236,\257\010\275,B\367J\241\336\317}"
 281      6C9E2CAF 
 281      08BD2C42 
 281      F74AA1DE 
 281      CF7D
 282 0747 00BE2A82 		.ascii	"\000\276*\202\277\222\267\301\003|I\004\347\3133\213"
 282      BF92B7C1 
 282      037C4904 
 282      E7CB338B 
 283 0757 565C13B1 		.ascii	"V\\\023\261_K\261\036\241\353\031D\273\371\327\320\227"
 283      5F4BB11E 
 283      A1EB1944 
 283      BBF9D7D0 
 283      97
 284 0768 3C692A76 		.ascii	"<i*vFP\011D\320~\210\220\002\220\"\220B\020\013\210"
 284      46500944 
 284      D07E8890 
 284      02902290 
 284      42100B88 
 285 077c 15E400EF 		.ascii	"\025\344\000\357Qm/\204\250I\247\027k\355\311c\033\033"
ARM GAS  /tmp/ccu6UIWY.s 			page 22


 285      516D2F84 
 285      A849A717 
 285      6BEDC963 
 285      1B1B
 286 078e 30BE4BD7 		.ascii	"0\276K\327\214\257\275_{K)ynr\015\212\312`\254\377z"
 286      8CAFBD5F 
 286      7B4B2979 
 286      6E720D8A 
 286      CA60ACFF 
 287 07a3 DCDB2A78 		.ascii	"\334\333*x\245\205N\245\274;?\212y\361\351\250\267|"
 287      A5854EA5 
 287      BC3B3F8A 
 287      79F1E9A8 
 287      B77C
 288 07b5 77A632D0 		.ascii	"w\2462\3209\234e\272\341\270\3778\026P\331\036\324_"
 288      399C65BA 
 288      E1B8FF38 
 288      1650D91E 
 288      D45F
 289 07c7 54786546 		.ascii	"TxeF\271WfT\360"
 289      B9576654 
 289      F0
 290 07d0 EC49AB82 		.ascii	"\354I\253\202\246E\343H\326wj\366\244\245\241\357x="
 290      A645E348 
 290      D6776AF6 
 290      A4A5A1EF 
 290      783D
 291 07e2 397BD87B 		.ascii	"9{\330{t)\015\345\201\347\247\177\213\237\260\260\266"
 291      74290DE5 
 291      81E7A77F 
 291      8B9FB0B0 
 291      B6
 292 07f3 3FCFA953 		.ascii	"?\317\251S\342)\246\354\354\336\376w\274Q\311\236\177"
 292      E229A6EC 
 292      ECDEFE77 
 292      BC51C99E 
 292      7F
 293 0804 6C87FAD9 		.ascii	"l\207\372\331\273\324\037\350W\201\212\234\335>8\213"
 293      BBD41FE8 
 293      57818A9C 
 293      DD3E388B 
 294 0814 B50D35DD 		.ascii	"\265\0155\335\027x\332\026I\337\370\233\3574\316\300"
 294      1778DA16 
 294      49DFF89B 
 294      EF34CEC0 
 295 0824 3B585BC1 		.ascii	";X[\301\266\232I\366\221$\211\275\270>N\367\301\371"
 295      B69A49F6 
 295      912489BD 
 295      B83E4EF7 
 295      C1F9
 296 0836 ACADAEB9 		.ascii	"\254\255\256\271\366\021{\207L'\272:\335\361\264'\000"
 296      F6117B87 
 296      4C27BA3A 
 296      DDF1B427 
 296      00
 297 0847 39DFCD82 		.ascii	"9\337\315\202\351\226\274\315\272\222\3241\342\326z"
 297      E996BCCD 
ARM GAS  /tmp/ccu6UIWY.s 			page 23


 297      BA92D431 
 297      E2D67A
 298 0856 706B239C 		.ascii	"pk#\234\335^;\306{\205\244`y\232J\303\214\200\253\244"
 298      DD5E3BC6 
 298      7B85A460 
 298      799A4AC3 
 298      8C80ABA4 
 299 086a 60EF820E 		.ascii	"`\357\202\016\340\3647\235\274\265Rh\235\007\257gt\034"
 299      E0F4379D 
 299      BCB55268 
 299      9D07AF67 
 299      741C
 300 087c 02C061DA 		.ascii	"\002\300a\332\326\350\014\015\033\254[3,\315q\220\223"
 300      D6E80C0D 
 300      1BAC5B33 
 300      2CCD7190 
 300      93
 301 088d 2027409A 		.ascii	" '@\232@\032\334\333\034\014\364\\\264\252Z:T\015\357"
 301      401ADCDB 
 301      1C0CF45C 
 301      B4AA5A3A 
 301      540DEF
 302 08a0 F50462C9 		.ascii	"\365\004b\311t\031uD\212<*A\216\210\254\225R\254X\003"
 302      74197544 
 302      8A3C2A41 
 302      8E88AC95 
 302      52AC5803 
 303 08b4 685C0E43 		.ascii	"h\\\016C>4\312\345C\353\315\301c\276x?]\014\276\270"
 303      3E34CAE5 
 303      43EBCDC1 
 303      63BE783F 
 303      5D0CBEB8 
 304 08c8 E959FB0C 		.ascii	"\351Y\373\014I>\270f\214N\301D\177\355\244\351\230\225"
 304      493EB866 
 304      8C4EC144 
 304      7FEDA4E9 
 304      9895
 305 08da B057B442 		.ascii	"\260W\264B\207\0261\027\032=r\241{\327\205'\001^\271"
 305      87163117 
 305      1A3D72A1 
 305      7BD78527 
 305      015EB9
 306 08ed 203714F7 		.ascii	" 7\024\367\213\343\220H\336]P:\303+\017\276\361\312"
 306      8BE39048 
 306      DE5D503A 
 306      C32B0FBE 
 306      F1CA
 307 08ff 8336671E 		.ascii	"\2036g\036\264\321<8kK\353\364\227M@\356\327g\037j\347"
 307      B4D13C38 
 307      6B4BEBF4 
 307      974D40EE 
 307      D7671F6A 
 308 0914 03812BED 		.ascii	"\003\201+\355H\306\025?\005\317r\214|\326#\351\322_"
 308      48C6153F 
 308      05CF728C 
 308      7CD623E9 
 308      D25F
ARM GAS  /tmp/ccu6UIWY.s 			page 24


 309 0926 FC5843EF 		.ascii	"\374XC\357\221\235\251\203\2477\007\034[7i\247\375*"
 309      919DA983 
 309      A737071C 
 309      5B3769A7 
 309      FD2A
 310 0938 D8C593AF 		.ascii	"\330\305\223\257\202\235\274\363\263`]\373%\233\022"
 310      829DBCF3 
 310      B3605DFB 
 310      259B12
 311 0947 57B2ECB8 		.ascii	"W\262\354\270pj\373>\236~\376\263\027\034\350\200\355"
 311      706AFB3E 
 311      9E7EFEB3 
 311      171CE880 
 311      ED
 312 0958 9C7C7A6B 		.ascii	"\234|zk\026\020\355\205\272y\361\273\031\\3\333zx\362"
 312      1610ED85 
 312      BA79F1BB 
 312      195C33DB 
 312      7A78F2
 313 096b DDAC73C3 		.ascii	"\335\254s\303\335\013Z\334\300X\314-\303]\350\315\375"
 313      DD0B5ADC 
 313      C058CC2D 
 313      C35DE8CD 
 313      FD
 314 097c C2198BBD 		.ascii	"\302\031\213\275\321\034\001$\202\335\341\370\035\365"
 314      D11C0124 
 314      82DDE1F8 
 314      1DF5
 315 098a 532FA3F0 		.ascii	"S/\243\360\210\353^B\204\212\021\317\241\323\374\233"
 315      88EB5E42 
 315      848A11CF 
 315      A1D3FC9B 
 316 099a D0FB6A9E 		.ascii	"\320\373j\236-\303\273\320\220ov\242\375}N\007\223s"
 316      2DC3BBD0 
 316      906F76A2 
 316      FD7D4E07 
 316      9373
 317 09ac 408A69ED 		.ascii	"@\212i\355\374\020\303\347Iq\211\206\270\2048\223j\311"
 317      FC10C3E7 
 317      49718986 
 317      B8843893 
 317      6AC9
 318 09be CA8F8242 		.ascii	"\312\217\202B\271\367\346\316\325\205\256\211\373,."
 318      B9F7E6CE 
 318      D585AE89 
 318      FB2C2E
 319 09cd 224A9798 		.ascii	"\"J\227\230\242[\023\035\257\373,1:96E\027\265\312\020"
 319      A25B131D 
 319      AFFB2C31 
 319      3A393645 
 319      17B5CA10 
 320 09e1 B56AC5FC 		.ascii	"\265j\305\374\220\305\363\015a\313\242B#>\016\327\177"
 320      90C5F30D 
 320      61CBA242 
 320      233E0ED7 
 320      7F
 321 09f2 CADAE6C6 		.ascii	"\312\332\346\306pZ\203\301\030\235\034\377\005\245\362"
ARM GAS  /tmp/ccu6UIWY.s 			page 25


 321      705A83C1 
 321      189D1CFF 
 321      05A5F2
 322 0a01 A57797C1 		.ascii	"\245w\227\301\325L6HL|b\314?hS\310\213\364I\211\311"
 322      D54C3648 
 322      4C7C62CC 
 322      3F6853C8 
 322      8BF44989 
 323 0a16 26C20ED4 		.ascii	"&\302\016\324:\347\000\353\327\223\026C||\354\3345\334"
 323      3AE700EB 
 323      D7931643 
 323      7C7CECDC 
 323      35DC
 324 0a28 0C7D68A8 		.ascii	"\014}h\250a\325\027I\3060\343j\365\272\270\004\023\020"
 324      61D51749 
 324      C630E36A 
 324      F5BAB804 
 324      1310
 325 0a3a 9A340683 		.ascii	"\2324\006\203\353\362\367\272u)\311\272\270\204\230"
 325      EBF2F7BA 
 325      7529C9BA 
 325      B88498
 326 0a49 F875B146 		.ascii	"\370u\261F]\202\361_\361q\237\351\326F\307\254\211K"
 326      5D82F15F 
 326      F1719FE9 
 326      D646C7AC 
 326      894B
 327 0a5b 30EA0CB1 		.ascii	"0\352\014\261\306\325\321\353\342M\006\023\020\244\000"
 327      C6D5D1EB 
 327      E24D0613 
 327      10A400
 328 0a6a DB6C3974 		.ascii	"\333l9t\312\027):C\212)\026\030\001\302\207\352\025"
 328      CA17293A 
 328      438A2916 
 328      1801C287 
 328      EA15
 329 0a7c A18B97E8 		.ascii	"\241\213\227\350q\3502\275za\344\242\020}\324*z\361"
 329      71E832BD 
 329      7A61E4A2 
 329      107DD42A 
 329      7AF1
 330 0a8e 0EB9502D 		.ascii	"\016\271P-\\\272(|\245\336\20748\317\357\300Y\261(,"
 330      5CBA287C 
 330      A5DE8734 
 330      38CFEFC0 
 330      59B1282C 
 331 0aa2 147A44C1 		.ascii	"\024zD\301\215\245\213\010NI(B\350\377\374w\275g\035"
 331      8DA58B08 
 331      4E492842 
 331      E8FFFC77 
 331      BD671D
 332 0ab5 93B8766D 		.ascii	"\223\270vmb\202\316\270\336\004\023\366\2303u\326\352"
 332      6282CEB8 
 332      DE0413F6 
 332      983375D6 
 332      EA
 333 0ac6 F9F3E6AF 		.ascii	"\371\363\346\257\217\0013\264\036\013dR\256\210\010"
ARM GAS  /tmp/ccu6UIWY.s 			page 26


 333      8F0133B4 
 333      1E0B6452 
 333      AE8808
 334 0ad5 0BD7AB22 		.ascii	"\013\327\253\"V}\032\031\256\367\211\210\212\014\017"
 334      567D1A19 
 334      AEF78988 
 334      8A0C0F
 335 0ae4 0FD32B23 		.ascii	"\017\323+#?\212\014\323\343e \021az\364\011\365\316"
 335      3F8A0CD3 
 335      E3652011 
 335      617AF409 
 335      F5CE
 336 0af6 3BEFB9BD 		.ascii	";\357\271\275C.q\212\321\244\214\211\207\305\221YYO"
 336      432E718A 
 336      D1A48C89 
 336      87C59159 
 336      594F
 337 0b08 D72F5F1E 		.ascii	"\327/_\036\246[\022\271,\342\237!:q`0\003-U,\212\322"
 337      A65B12B9 
 337      2CE29F21 
 337      3A716030 
 337      032D552C 
 338 0b1e EB95CB23 		.ascii	"\353\225\313#B?\324+\026.\326/'\177K\225k\023c\215\311"
 338      423FD42B 
 338      162ED62F 
 338      277F4B95 
 338      6B13638D 
 339 0b33 AA44E2D7 		.ascii	"\252D\342\327d\237\304\224$\24316Y\231\264.)6\031'\306"
 339      649FC494 
 339      24A33136 
 339      5999B42E 
 339      29361927 
 340 0b48 262BA257 		.ascii	"&+\242W'\307\223\2775Z:\001\260b]\222\301\244\212\\"
 340      27C793BF 
 340      355A3A01 
 340      B0625D92 
 340      C1A48A5C 
 341 0b5c 18166D8A 		.ascii	"\030\026m\212VE.b\247Pv\012c\247pvZLN~\264[Lb\302\352"
 341      56452E62 
 341      A750760A 
 341      63A77076 
 341      5A4C4E7E 
 342 0b76 B8CF0D26 		.ascii	"\270\317\015&_w\230\006\322+\327\252\262\366\177\003"
 342      5F779806 
 342      D22BD7AA 
 342      B2F67F03 
 343 0b86 F15AD84A 		.ascii	"\361Z\330J"
 344              		.text
 345              		.section	.gnu.lto_.symtab.126ac9d9abd9b0a8,"",%progbits
 346 0000 5F5F6561 		.ascii	"__early_init\000\000\000\000\000\000\000\000\000\000"
 346      726C795F 
 346      696E6974 
 346      00000000 
 346      00000000 
 347 0016 0000AE00 		.ascii	"\000\000\256\000\000\000boardInit\000\000\000\000\000"
 347      0000626F 
 347      61726449 
ARM GAS  /tmp/ccu6UIWY.s 			page 27


 347      6E697400 
 347      00000000 
 348 002a 00000000 		.ascii	"\000\000\000\000\000\000\000\260\000\000\000stm32_c"
 348      000000B0 
 348      00000073 
 348      746D3332 
 348      5F63
 349 003c 6C6F636B 		.ascii	"lock_init\000\000\002\000\000\000\000\000\000\000\000"
 349      5F696E69 
 349      74000002 
 349      00000000 
 349      00000000 
 350 0050 00B20000 		.ascii	"\000\262\000\000\000"
 350      00
 351              		.text
 352              		.section	.gnu.lto_.opts,"",%progbits
 353 0000 272D666E 		.ascii	"'-fno-trapv' '-mcpu=cortex-m4' '-mfloat-abi=hard' '"
 353      6F2D7472 
 353      61707627 
 353      20272D6D 
 353      6370753D 
 354 0033 2D6D6670 		.ascii	"-mfpu=fpv4-sp-d16' '-mno-thumb-interwork' '-mthumb'"
 354      753D6670 
 354      76342D73 
 354      702D6431 
 354      36272027 
 355 0066 20272D67 		.ascii	" '-ggdb' '-O2' '-fomit-frame-pointer' '-falign-func"
 355      67646227 
 355      20272D4F 
 355      32272027 
 355      2D666F6D 
 356 0099 74696F6E 		.ascii	"tions=16' '-ffunction-sections' '-fdata-sections' '"
 356      733D3136 
 356      2720272D 
 356      6666756E 
 356      6374696F 
 357 00cc 2D666E6F 		.ascii	"-fno-common' '-flto'\000"
 357      2D636F6D 
 357      6D6F6E27 
 357      20272D66 
 357      6C746F27 
 358              		.text
 359              		.comm	__gnu_lto_v1,1,1
 360              		.comm	__gnu_lto_slim,1,1
 361              		.ident	"GCC: (15:4.9.3+svn231177-1) 4.9.3 20150529 (prerelease)"
ARM GAS  /tmp/ccu6UIWY.s 			page 28


DEFINED SYMBOLS
                            *ABS*:0000000000000000 board.c
                            *COM*:0000000000000001 __gnu_lto_v1
                            *COM*:0000000000000001 __gnu_lto_slim

NO UNDEFINED SYMBOLS
