ARM GAS  /tmp/cc7zn7Gf.s 			page 1


   1              		.syntax unified
   2              		.cpu cortex-m4
   3              		.eabi_attribute 27, 1
   4              		.eabi_attribute 28, 1
   5              		.fpu fpv4-sp-d16
   6              		.eabi_attribute 20, 1
   7              		.eabi_attribute 21, 1
   8              		.eabi_attribute 23, 3
   9              		.eabi_attribute 24, 1
  10              		.eabi_attribute 25, 1
  11              		.eabi_attribute 26, 1
  12              		.eabi_attribute 30, 2
  13              		.eabi_attribute 34, 1
  14              		.eabi_attribute 18, 4
  15              		.thumb
  16              		.file	"chcore_v7m.c"
  17              		.text
  18              	.Ltext0:
  19              		.section	.gnu.lto_.profile.d1eb8617f6050602,"",%progbits
  20 0000 789C6366 		.ascii	"x\234cf```a\200\000F\006c9\000\000\370\000Z"
  20      60606061 
  20      80004606 
  20      63390000 
  20      F8005A
  21              		.text
  22              		.section	.gnu.lto_.jmpfuncs.d1eb8617f6050602,"",%progbits
  23 0000 789C6366 		.ascii	"x\234cf\300\016x\24143\214`\001b\000\002\024\000\033"
  23      C00E78A1 
  23      34338C60 
  23      01620002 
  23      14001B
  24              		.text
  25              		.section	.gnu.lto_.inline.d1eb8617f6050602,"",%progbits
  26 0000 789C6366 		.ascii	"x\234cf\300\016\334\24043\003\203\2008#\003\223\330"
  26      C00EDCA0 
  26      34330383 
  26      80382303 
  26      93D8
  27 0012 82398C0C 		.ascii	"\2029\214\014l\013\344\231@\202L\334`\031.n\240\004"
  27      6C0BE499 
  27      40824CDC 
  27      60192E6E 
  27      A004
  28 0024 CF9C48B8 		.ascii	"\317\234H\2708#\027\220`a\340\342\004\212\363m\310\205"
  28      38231790 
  28      6061E0E2 
  28      048AF36D 
  28      C885
  29 0036 8B330000 		.ascii	"\2133\000\000\370B\006\230"
  29      F8420698 
  30              		.text
  31              		.section	.gnu.lto_.pureconst.d1eb8617f6050602,"",%progbits
  32 0000 789C6366 		.ascii	"x\234cf```g\200\000f\006+f+\026+\000\002\350\000\303"
  32      60606067 
  32      80006606 
  32      2B662B16 
  32      2B0002E8 
ARM GAS  /tmp/cc7zn7Gf.s 			page 2


  33              		.text
  34              		.section	.gnu.lto__port_irq_epilogue.part.0.d1eb8617f6050602,"",%progbits
  35 0000 789C9D54 		.ascii	"x\234\235TkL\\E\024\2363\367\356\335-\254,\032cj\375"
  35      6B4C5C45 
  35      149E33F7 
  35      EEDD2DAC 
  35      2C1A636A 
  36 0015 01096988 		.ascii	"\001\011i\210I\341j\377\030\223\232\306\020\177\364"
  36      49E16AFF 
  36      18939AC6 
  36      107FF4
  37 0024 0769C326 		.ascii	"\007i\303&\376\255\366J-\261t7\273\333\206\3044\275"
  37      FEADF64A 
  37      2DB17437 
  37      BBDB86C4 
  37      34BD
  38 0036 FB68A154 		.ascii	"\373h\241TyU\004\242\330\332Z\025\026)\365Q\013\326"
  38      795504A2 
  38      D8DA5A15 
  38      1629F551 
  38      0BD6
  39 0048 B2D26291 		.ascii	"\262\322b\221\307R\244\320\226\"\217\012jMU(J{m\332"
  39      C752A4D0 
  39      96228F0A 
  39      6A4D5528 
  39      4A7B6DDA 
  40 005c F59CB90B 		.ascii	"\365\234\271\013\004\304\230v\223\235\231{\346|\347"
  40      04C49876 
  40      939D997B 
  40      E67CE7
  41 006b 7C73CE37 		.ascii	"|s\3167#\261\177\377^\300\377\217\012c-8\203\225\201"
  41      23B17FFF 
  41      5EC0FF8F 
  41      0A632D38 
  41      839581
  42 007e 5216C585 		.ascii	"R\026\305\205\002\\\314\234KE\351LO\220i\264K`!\253"
  42      025CCC9C 
  42      4B45E94C 
  42      4F9069B4 
  42      4B6021AB 
  43 0092 DF26CF2D 		.ascii	"\337&\317-,\000\264`\300\366(\\\222-\260\007\256\363"
  43      2C00B460 
  43      C0F6285C 
  43      922DB007 
  43      AEF3
  44 00a4 690E6591 		.ascii	"i\016e\221pub\3721]\327\247\216\264\256\334\273\322"
  44      707562FA 
  44      315DD7A7 
  44      8EB4AEDC 
  44      BBD2
  45 00b6 E08CCD70 		.ascii	"\340\214\315p3#|\004\351\014}\246Cw/%*!\364I6\367\340"
  45      33237C04 
  45      E90C7DA6 
  45      43772F25 
  45      2A21F449 
  46 00cd 63CCCB98 		.ascii	"c\314\313\230\005\367\352\206\377\212$Ik\201\374\232"
  46      05F7EA86 
ARM GAS  /tmp/cc7zn7Gf.s 			page 3


  46      FF8A2449 
  46      6B81FC9A 
  47 00dd 1BFFEC49 		.ascii	"\033\377\354I\374\205\033\034R\351\263\245\242\243Z"
  47      FC851B1C 
  47      52E9B3A5 
  47      A2A35A
  48 00ec A14F2ED3 		.ascii	"\241O.\323\347\370\315?~\203\264\367u=0e\014\367>V\243"
  48      E7F8CD3F 
  48      7E83B4F7 
  48      753D3065 
  48      0CF73E56 
  49 0101 1F0E94EB 		.ascii	"\037\016\224\353\261\330z0\270\004u ad\250\207U\020"
  49      B1D87A30 
  49      B8047520 
  49      6164A887 
  49      5510
  50 0113 8655F113 		.ascii	"\206U\361\023C\003\244!\360\247\360[\205\026\002\026"
  50      4303A421 
  50      F0A7F05B 
  50      85160216 
  51 0123 23C5CBF6 		.ascii	"#\305\313\366\275\035zh,\026KA\030[\006\363\211\300"
  51      BD1D7A68 
  51      2C164B41 
  51      185B06F3 
  51      89C0
  52 0135 D4DCDD57 		.ascii	"\324\334\335Wl\217'k\372\375\245\362\240\376\001.c\353"
  52      6C8F276B 
  52      FAFDA5F2 
  52      A0FE012E 
  52      63EB
  53 0147 53FE3B59 		.ascii	"S\376;Y\343\003$;.0o\017\364\330\244]\242\004o^\272"
  53      E303243B 
  53      2E306F0F 
  53      F4D8A45D 
  53      A2046F5E 
  54 015c 36E61079 		.ascii	"6\346\020y\307\356\035\215\332\365y\270\014M\313f=\001"
  54      C7EE1D8D 
  54      DAF579B8 
  54      0C4DCB66 
  54      3D01
  55 016e 69C71FD1 		.ascii	"i\307\037\321\261\016?GW'\203`\301\305\301%\261'\213"
  55      B10E3F47 
  55      57278360 
  55      C1C5C125 
  55      B1278B
  56 0181 D1C20C6E 		.ascii	"\321\302\014nQpP\254\264\262\341`el\002[A=\235\340\012"
  56      517050AC 
  56      B4B2E160 
  56      656C025B 
  56      413D9DE0 
  57 0196 CDD224E7 		.ascii	"\315\322$\347b\276\012\376k3\327\207\237^\3349\212#"
  57      62BE0AFE 
  57      6B33D787 
  57      9F5EDC39 
  57      8A23
  58 01a8 1AC716B7 		.ascii	"\032\307\026\267t\254\375\310\263\014>\005e\206\303"
  58      74ACFDC8 
ARM GAS  /tmp/cc7zn7Gf.s 			page 4


  58      B30C3E05 
  58      6586C3
  59 01b7 92661319 		.ascii	"\222f\023\031\006\237\021\004>\307\021[\376:z\034<]"
  59      069F1104 
  59      3EC7115B 
  59      FE3A7A1C 
  59      3C5D
  60 01c9 DAEA4839 		.ascii	"\332\352H9\000\265zu\252\301m\004\272q\273\377\234U"
  60      00B57A75 
  60      AAC16D04 
  60      BA71BBFF 
  60      9C55
  61 01db 463EF005 		.ascii	"F>\360\005\244\210\004\207\232t#\021-p\022\344[\030"
  61      A4880487 
  61      9A742311 
  61      2D7012E4 
  61      5B18
  62 01ed 99C19720 		.ascii	"\231\301\227 \263A\010\214\0215\012G\321i\007\351\266"
  62      B341088C 
  62      11350A47 
  62      D16907E9 
  62      B6
  63 01fe 4D399670 		.ascii	"M9\226p:\332'\307I\361\245\244\032\210\324)A\252\331"
  63      3ADA27C7 
  63      49F1A5A4 
  63      1A88D429 
  63      41AAD9
  64 0211 24550AFF 		.ascii	"$U\012\377\307\252e)\253\257\210\025\355\234\236c5~"
  64      C7AA6529 
  64      ABAF8815 
  64      ED9C9E63 
  64      357E
  65 0223 48A27814 		.ascii	"H\242x\024\236v\206 p\271\260\252\244]!\026\267\270"
  65      9E768620 
  65      70B9B0AA 
  65      A45D2116 
  65      B7B8
  66 0235 44B641E0 		.ascii	"D\266A\340\364E\225D\013\272\004\253\367\015\326\255"
  66      F4459544 
  66      0BBA04AB 
  66      F70DD6AD 
  67 0245 353D309E 		.ascii	"5=0\236D\302k\350:\343\020\242\257\216\305b\016\006"
  67      44C26BE8 
  67      3AE310A2 
  67      AF8EC562 
  67      0E06
  68 0257 5F63AF17 		.ascii	"_c\257\027\001e\212=5\025\015X\310\206\220\306\342\376"
  68      01658A3D 
  68      35150D58 
  68      C88690C6 
  68      E2FE
  69 0269 4E3B4164 		.ascii	"N;Ad\023\202\246_\215\017+\355\265\360\216_\327m\006"
  69      1382A65F 
  69      8D0F2BED 
  69      B5F08E5F 
  69      D76D06
  70 027c 5F81A1E1 		.ascii	"_\201\241\341\014i\006\267.V\326\034\2203\302X\212\310"
ARM GAS  /tmp/cc7zn7Gf.s 			page 5


  70      0C6906B7 
  70      2E56D61C 
  70      9033C258 
  70      8AC8
  71 028e E3064F80 		.ascii	"\343\006O\200V\250\205\233\342\302B\0042\320\241\242"
  71      56A8859B 
  71      E2C24204 
  71      32D0A1A2 
  72 029e F9CA1B09 		.ascii	"\371\312\033\011\024NA\037\033\203o\0208\004m'\247{"
  72      144E411F 
  72      1B836F10 
  72      38046D27 
  72      A77B
  73 02b0 032B4CAA 		.ascii	"\003+L\252to\007J\207&%\362Jl\032\011\352I\024yt\242"
  73      746F074A 
  73      872625F2 
  73      4A6C1A09 
  73      EA491479 
  74 02c6 B7CF264C 		.ascii	"\267\317&L\"\321lUw\211\2158\224\021\007;\264\241p\317"
  74      22D16C55 
  74      77898D38 
  74      9411073B 
  74      B4A170CF 
  75 02da C6499497 		.ascii	"\306I\224\227\356\017:\220D\010/\357CpNP\000\242\320"
  75      EE0F3A90 
  75      44082FEF 
  75      43704E50 
  75      00A2D0
  76 02ed 0E1966E9 		.ascii	"\016\031f\351\206\271\231\213\322\221\245b\374\321\370"
  76      86B9998B 
  76      D291A562 
  76      FCD1F8
  77 02fc 71EFE36C 		.ascii	"q\357\343l\337\212\300\342\3059\017\031\030\214\"\215"
  77      DF8AC0E2 
  77      C5390F19 
  77      188C228D 
  78 030c 148ED427 		.ascii	"\024\216\324'\230\301\255T\315xq\021^r\336\337)K\357"
  78      98C1AD54 
  78      CD787111 
  78      5E72DEDF 
  78      294BEF
  79 031f 82D0F10F 		.ascii	"\202\320\361\017\335\241<\363\"\376}67\022:\254\337"
  79      DDA13CF3 
  79      22FE7D36 
  79      37123AAC 
  79      DF
  80 0330 8BC5C453 		.ascii	"\213\305\304S\323\261\354=\374\216Zce\342\356\2348&"
  80      D3B1EC3D 
  80      FC8E5A63 
  80      65E2EE9C 
  80      3826
  81 0342 2D96E364 		.ascii	"-\226\343d\375\223\344\020W\244\264\364M\204N\241\306"
  81      FD93E410 
  81      57A4B4F4 
  81      4D844EA1 
  81      C6
  82 0353 2EF128B2 		.ascii	".\361(\2620\251q\364\306\355\203R\312\251\270\032Ey"
ARM GAS  /tmp/cc7zn7Gf.s 			page 6


  82      30A971F4 
  82      C6ED8352 
  82      CAA9B81A 
  82      4579
  83 0365 2BAFDEF1 		.ascii	"+\257\336\361'\0105v\317\251\361B\323~\013\251\261\207"
  83      27083576 
  83      CFA9F142 
  83      D37E0BA9 
  83      B187
  84 0377 D488371A 		.ascii	"\324\2107\032\242\250\306a\010FF;\355\346\011m\350\366"
  84      A2A8C661 
  84      0846463B 
  84      EDE6096D 
  84      E8F6
  85 0389 5E7F4923 		.ascii	"^\177I#\337}G/\242z9f\360\310\014za7>\002\311l\000B"
  85      DF7D472F 
  85      A27A3966 
  85      F0C80C7A 
  85      61373E02 
  86 03a1 57825B16 		.ascii	"W\202[\026|\347{H\321.\304\2177\211\224\213\322%\254"
  86      7CE77B48 
  86      D12EC48F 
  86      3789948B 
  86      D225AC
  87 03b4 DD6C6134 		.ascii	"\335la4\274\351\276\372\360\004\365\241O\364A\242:}"
  87      BCE9BEFA 
  87      F004F5A1 
  87      4FF441A2 
  87      3A7D
  88 03c6 2F34B640 		.ascii	"/4\266@)\262\316\340\017\317`\217\031\364#'J&\317'\233"
  88      29B2CEE0 
  88      0FCF608F 
  88      19F42327 
  88      4A26CF27 
  89 03db 7D906417 		.ascii	"}\220d\027\027\222\015,\237\214\212=\030Of\021O\336"
  89      17920D2C 
  89      9F8C8A3D 
  89      184F6611 
  89      4FDE
  90 03ed 08F82355 		.ascii	"\010\370#U]B\007t\340\011\024#\232\261\326jf\246\232"
  90      5D420774 
  90      E0091423 
  90      9AB1D66A 
  90      66A69A
  91 0400 B52D6F4B 		.ascii	"\265-oK\336F\247\352\362\252\232+?\337\265Cu\273<>\257"
  91      DE46A7EA 
  91      F2AA9A2B 
  91      3FDFB543 
  91      75BB3C3E 
  92 0415 FA7C4E76 		.ascii	"\372|NvVv\201\252m\323\\\236\334\315\273\236\311\317"
  92      567681AA 
  92      6DD35C9E 
  92      DCCDBB9E 
  92      C9CF
  93 0427 D498E2C9 		.ascii	"\324\230\342\311\365\356\334\356[\267,,\267\300G 5+"
  93      F5EEDCEE 
  93      5BB72C2C 
ARM GAS  /tmp/cc7zn7Gf.s 			page 7


  93      B7C04720 
  93      352B
  94 0439 DBB9C1A9 		.ascii	"\333\271\301\251f!J\335\260C\333\276\363\225\\U\313"
  94      66214ADD 
  94      B043DBBE 
  94      F3955C55 
  94      CB
  95 044a F7E67937 		.ascii	"\367\346y7\277\252i\231\333\230\254\371\012\334\216"
  95      BFAA6999 
  95      DB98ACF9 
  95      0ADC8E
  96 0459 17B3739C 		.ascii	"\027\263s\234\251\253\237Z\223\272\325\355\325<Lz\316"
  96      A9AB9F5A 
  96      93BAD5ED 
  96      D53C4C7A 
  96      CE
  97 046a C3EC7326 		.ascii	"\303\354s&\267\327\315\222|.\367\306\255\233<.\315\351"
  97      B7D7CD92 
  97      7C2EF7C6 
  97      AD9B3C2E 
  97      CDE9
  98 047c 7B597BCD 		.ascii	"{Y{\315\236\355\314!\373\032t`\334\303\376\001\307\340"
  98      9EEDCC21 
  98      FB1A7460 
  98      DCC3FE01 
  98      C7E0
  99 048e A715     		.ascii	"\247\025"
 100              		.text
 101              		.section	.gnu.lto__port_irq_epilogue.d1eb8617f6050602,"",%progbits
 102 0000 789C9553 		.ascii	"x\234\225SYO\023Q\024\276\337\235i)\320(\361\301\030"
 102      594F1351 
 102      14BEDF9D 
 102      6929D028 
 102      F1C118
 103 0013 5E68628C 		.ascii	"^hb\214\232(c|\220\027\023cx\362\201h\344\007\270\214"
 103      9A28637C 
 103      90171363 
 103      78F28168 
 103      E407B88C 
 104 0027 559A584B 		.ascii	"U\232XKZ4\370`\270\245uyP\342\022\0255\210\013\256("
 104      5A34F860 
 104      B8A57579 
 104      50E21215 
 104      35880BAE 
 105 003c 2EB85150 		.ascii	".\270QP\300\265!\256\261j\\\"u\301%B\242\202K5Z\317"
 105      C0B521AE 
 105      B16A5C22 
 105      75C12542 
 105      A2824B35 
 106 0052 99562388 		.ascii	"\231V#\210\2116\351\334;\367|\347|\347~\347\033M\374"
 106      8936E9DC 
 106      3BF77CE7 
 106      7CE77EE7 
 106      1B4DFC
 107 0065 F99B4CFF 		.ascii	"\371\233L\3771\272\020Wh\205]@\256\275.D\320!\245\026"
 107      31BA1057 
 107      68855D40 
ARM GAS  /tmp/cc7zn7Gf.s 			page 8


 107      AEBD2E44 
 107      D021A516 
 108 0079 1B2E5496 		.ascii	"\033.T\226\336R \224S\203\215\217\241\247\326\240\303"
 108      DE522094 
 108      53838D8F 
 108      A1A7D6A0 
 108      C3
 109 008a 06F04640 		.ascii	"\006\360F@THM\267\241\002\257\345;\211\265m\365\325"
 109      54484DB7 
 109      A102AFE5 
 109      3B89B56D 
 109      F5D5
 110 009c D9A3F728 		.ascii	"\331\243\367(\245\336\356j\035\261|DB\012\321+SD\330"
 110      A5DEEE6A 
 110      1DB17C44 
 110      420AD12B 
 110      5344D8
 111 00af 87D18230 		.ascii	"\207\321\2020\357\302\337\356e\333\303\204\311I\305"
 111      EFC2DFEE 
 111      65DBC384 
 111      C949C5
 112 00be B01F76D0 		.ascii	"\260\037v\320zdX\233J&\237\325v\337\327\035\232HH\350"
 112      7A64589B 
 112      4A269FD5 
 112      76DFD71D 
 112      9A4848E8 
 113 00d2 FC10E239 		.ascii	"\374\020\3429\201\230\254KJ^\265\273\250\314\341B\365"
 113      8198AC4B 
 113      4A5EB5BB 
 113      A8CCE142 
 113      F5
 114 00e3 2ADAEED4 		.ascii	"*\332\356\324&\202\367M\015}\327\262_\311\204\224.~"
 114      2682F74D 
 114      0D7DD7B2 
 114      5FC98494 
 114      2E7E
 115 00f5 8DAC8F56 		.ascii	"\215\254\217V\333\371U\323\3715\2661\261\316>r\247R"
 115      DBF955D3 
 115      F935B631 
 115      B1CE3E72 
 115      A752
 116 0107 956FBFC4 		.ascii	"\225o\277\304^\314^\037Ru\264MN\311KH\035\007\240Q\033"
 116      5ECC5E1F 
 116      5275B44D 
 116      4EC94B48 
 116      1D07A051 
 117 011c 38885CD4 		.ascii	"8\210\\\324#7\255\012\016a$%>Y\363\241\021\\Gw\011\034"
 117      2337AD0A 
 117      0E612425 
 117      3E59F3A1 
 117      115C4777 
 118 0132 A6E84354 		.ascii	"\246\350CT>=\271\262\247\240\337=\342\341\012\353\022"
 118      3E3DB9B2 
 118      A7A0DF3D 
 118      E2E10AEB 
 118      12
 119 0143 BD12FD2F 		.ascii	"\275\022\375/\030\357\353\271\001\201\006\016\311\376"
ARM GAS  /tmp/cc7zn7Gf.s 			page 9


 119      18EFEBB9 
 119      0181060E 
 119      C9FE
 120 0151 A1B6BEF9 		.ascii	"\241\266\276\371\314!p\204\203\332@ap\224f!p\214\225"
 120      CC217084 
 120      83DA4061 
 120      70946621 
 120      708C95
 121 0164 81D8070A 		.ascii	"\201\330\007\012wv\177\336\240\345\235A\215\252v%\244"
 121      77767FDE 
 121      A0E59D41 
 121      8DAA7625 
 121      A4
 122 0175 8D33363E 		.ascii	"\21536>\374\032\314\322I\036\034G\236\340\223\255\313"
 122      FC1ACCD2 
 122      491E1C47 
 122      9EE093AD 
 122      CB
 123 0186 376F71D2 		.ascii	"7oq\322\011\032iV\334\260\300\011\350\024\350X\271\343"
 123      091A6956 
 123      DCB0C009 
 123      E814E858 
 123      B9E3
 124 0198 A39ED79C 		.ascii	"\243\236\327\234\316\2663\366f\367\345H\246\225}\222"
 124      CEB633F6 
 124      66F7E548 
 124      A6957D92 
 125 01a8 B3718A04 		.ascii	"\263q\212\004\177\200\363\247\232^\327N\342\353|\222"
 125      7F80F3A7 
 125      9A5ED74E 
 125      E2EB7C92 
 126 01b8 1AA1DEBC 		.ascii	"\032\241\336\274\257\352\314b\0112\324\203\220\032\302"
 126      AFEACC62 
 126      0932D483 
 126      901AC2
 127 01c7 899DCF6F 		.ascii	"\211\235\317o\334rXG\026\347\261\216d\207\263\006\333"
 127      DC725847 
 127      16E7B18E 
 127      6487B306 
 127      DB
 128 01d8 90900E9C 		.ascii	"\220\220\016\234&\031\3170/\005\252z\243O2\307\327\253"
 128      2619CF30 
 128      2F05AA7A 
 128      A34F32C7 
 128      D7AB
 129 01ea 304532D1 		.ascii	"0E2\321\204\032\274\267\274\200\010\306\023S\350\363"
 129      841ABCB7 
 129      BC8008C6 
 129      1353E8F3 
 130 01fa 8A984C11 		.ascii	"\212\230L\021\351)\256x\344j\255U\030,A3\225\271\203"
 130      E929AE78 
 130      E46AAD55 
 130      182C4133 
 130      95B983
 131 020d F0FD506E 		.ascii	"\360\375Pn\032D\210\340\336\346\325\031\026\202\312"
 131      1A4488E0 
 131      DEE6D519 
ARM GAS  /tmp/cc7zn7Gf.s 			page 10


 131      1682CA
 132 021c B4A4C7D5 		.ascii	"\264\244\307\325E\372\305\206k\217\020\312a$So\277]"
 132      45FAC586 
 132      6B8F10CA 
 132      6124536F 
 132      BF5D
 133 022e D520977D 		.ascii	"\325 \227}U\253\224#!\263z%\031\034g\261\214\014\225"
 133      55AB9423 
 133      21B37A25 
 133      191C67B1 
 133      8C0C95
 134 0241 6D25E8A2 		.ascii	"m%\350\242\245\340\227\221~\267\307\211\227\377d\217"
 134      A5E09791 
 134      7EB7C789 
 134      97FF648F 
 135 0251 73963D7E 		.ascii	"s\226=~\011\301\345[\377j\217\272F\244\375a\033\350"
 135      09C1E55B 
 135      FF6A8FBA 
 135      46A4FD61 
 135      1BE8
 136 0263 8FA61885 		.ascii	"\217\246\030\205\3328d\037\340\217\310\002&\021h\037"
 136      DA38641F 
 136      E08FC802 
 136      2611681F 
 137 0273 DC1FE72D 		.ascii	"\334\037\347-\177\\\370\315\037u=\361\210\375\347\350"
 137      7F5CF8CD 
 137      1F753DF1 
 137      88FDE7E8 
 138 0283 5BADD15F 		.ascii	"[\255\321_\264F?p\316\227h\316\254\201\315\372\232\036"
 138      B4463F70 
 138      CE9768CE 
 138      AC81CDFA 
 138      9A1E
 139 0295 2318EF3A 		.ascii	"#\030\357:>\226p\233\356\\sh\027`yx\315\275\247\361"
 139      3E96709B 
 139      EE5C7368 
 139      17607978 
 139      CDBDA7F1 
 140 02a9 A19624F1 		.ascii	"\241\226$\361\357\273\257;UT\205\343\311$\011\342\304"
 140      EFBBAF3B 
 140      555485E3 
 140      C92409E2 
 140      C4
 141 02ba E5C104E9 		.ascii	"\345\301\004\351\337\036\256p\347\373\255\026\243\374"
 141      DF1EAE70 
 141      E7FBAD16 
 141      A3FC
 142 02c8 E48F184C 		.ascii	"\344\217\030LG]\030\371\371Fa\211g\256gz\261\341\013"
 142      475D18F9 
 142      F9466189 
 142      67AE677A 
 142      B1E10B
 143 02db 18A6CFEB 		.ascii	"\030\246\317\353\365-2J}\376\262\2001ufQaQ\271a\226"
 143      F52D324A 
 143      7DFEB280 
 143      31756651 
 143      6151B961 
ARM GAS  /tmp/cc7zn7Gf.s 			page 11


 144 02f0 983EBF7B 		.ascii	"\230>\277{\326\222\002o\276)2\346\316\011\270g\370="
 144      D692026F 
 144      BE2932E6 
 144      CE09B867 
 144      F83D
 145 0302 FF975722 		.ascii	"\377\227W\"&\017\212w\227\2271\332(,*\236Vl\024\022"
 145      260F8A77 
 145      979731DA 
 145      282C2A9E 
 145      566C1412 
 146 0316 DC98B6C8 		.ascii	"\334\230\266\310\\\270x\236\3330\275\001O`\326\002\323"
 146      5CB8789E 
 146      DB30BD01 
 146      4F60D602 
 146      D3
 147 0327 A4E49CA2 		.ascii	"\244\344\234\242\342\231.&.\365{\306\271FM\020\322/"
 147      E2992E26 
 147      2EF57BC6 
 147      B9464D10 
 147      D22F
 148 0339 32BC6EAF 		.ascii	"2\274n\257\317\277T\350fYy\351\017*g\272d"
 148      CFBF54E8 
 148      665979E9 
 148      0F2A67BA 
 148      64
 149              		.text
 150              		.section	.gnu.lto_SVC_Handler.d1eb8617f6050602,"",%progbits
 151 0000 789C9593 		.ascii	"x\234\225\223\335oSu\030\307\237\347wNO\273\266\331"
 151      DD6F5375 
 151      18C79FE7 
 151      774E4FBB 
 151      B6D9
 152 0012 162FBCD8 		.ascii	"\026/\274\330M\227,\206\033\266c\274\341FC\314\256\270"
 152      4D972C86 
 152      1BB663BC 
 152      E14643CC 
 152      AEB8
 153 0024 6858D63F 		.ascii	"hX\326?\200\300\261\256UJ\233\266\230\031/8\355\252"
 153      80C0B1AE 
 153      554A9BB6 
 153      98192F38 
 153      EDAA
 154 0036 85003220 		.ascii	"\205\0002 h\347\2620\022\210`'l\250(\005Y\201\261\315"
 154      68E7B230 
 154      12886027 
 154      6CA82805 
 154      5981B1CD 
 155 004a C118BE30 		.ascii	"\301\030\2760t\303q\366F@Gd\200\260\206\254\365\367"
 155      74C371F6 
 155      46404764 
 155      80B086AC 
 155      F5F7
 156 005c FCCE11B3 		.ascii	"\374\316\021\263\261\304\320\244\347\345y\375>\237\337"
 156      B1C4D0A4 
 156      E7E579FD 
 156      3E9FDF
 157 006b 732478FE 		.ascii	"s$x\376W\305\377\2656\200\247\374\216\022 k\275\012"
ARM GAS  /tmp/cc7zn7Gf.s 			page 12


 157      57C5FFB5 
 157      3680A7FC 
 157      8E12206B 
 157      BD0A
 158 007d 90703044 		.ascii	"\220p0Dz\000\204m\014\267\341]6\317\2605\237\315\270"
 158      7A00846D 
 158      0CB7E15D 
 158      36CFB035 
 158      9FCDB8
 159 0090 561DD175 		.ascii	"V\035\321u\375\376\324H\242!\217\005\006\360\220\231"
 159      FDFED448 
 159      A2218F05 
 159      06F09099 
 160 00a0 75F0735C 		.ascii	"u\360s\\\005<\350\223\353\303\016\3515\244\307\323\307"
 160      053CE893 
 160      EBC30EE9 
 160      35A4C7D3 
 160      C7
 161 00b1 1F0DBBEE 		.ascii	"\037\015\273\356\260\002\303jz\315\355\033\314(\364"
 161      B002C36A 
 161      7ACDED1B 
 161      CC28F4
 162 00c0 CA647ADD 		.ascii	"\312dz\335}c\312\250\2509\244\353Ic\373\364e\267>\250"
 162      7D63CAA8 
 162      A839A4EB 
 162      4963FBF4 
 162      65B73EA8 
 163 00d4 A78C52C9 		.ascii	"\247\214R\311S`\022\036E\211\227\305cX\205_`\225%\224"
 163      5360121E 
 163      458997C5 
 163      6358855F 
 163      60952594 
 164 00e8 A7CCA716 		.ascii	"\247\314\247\026o\270\224\024\027P\211Y\2541{c\027*"
 164      6FB89414 
 164      17508959 
 164      AC317B63 
 164      172A
 165 00fa 08C0C8C2 		.ascii	"\010\300\310\302c\216\335\374;_.\255\021\002&\037\374"
 165      638EDDFC 
 165      3B5F2EAD 
 165      1102261F 
 165      FC
 166 010b 750F458B 		.ascii	"u\017E\213\373\305\233#/\267\351\235\311\275z\251\264"
 166      FBC59B23 
 166      2FB7E99D 
 166      C9BD7AA9 
 166      B4
 167 011c 960B97F1 		.ascii	"\226\013\227\361\313\225\232\340q\2549\361R\236\007"
 167      CB959AE0 
 167      71AC39F1 
 167      529E07
 168 012b 9D994FA7 		.ascii	"\235\231O\247\325\317\230\223A\201\331$\272\330\200"
 168      D5CF9893 
 168      4181D924 
 168      BAD880
 169 013a 5A28E26A 		.ascii	"Z(\342j'C\231\010\007\230\3412\010\326,ct\227\306\360"
 169      27439908 
ARM GAS  /tmp/cc7zn7Gf.s 			page 13


 169      0798E132 
 169      08D62C63 
 169      7497C6F0 
 170 014e C2A99EFE 		.ascii	"\302\251\236\376I\211\224=aD\356\372\236\261Y\211FW"
 170      4989943D 
 170      6144EEFA 
 170      9EB15989 
 170      4657
 171 0160 BA275AF4 		.ascii	"\272'Z\364r\322vkf\344G\2070\211\321\016\3379\264\313"
 171      72D2766B 
 171      66E44787 
 171      3089D10E 
 171      DF39B4CB 
 172 0174 D981ED5C 		.ascii	"\331\201\355\\\232\035OpM\335\244\211\240\377\226\236"
 172      9A1D4F70 
 172      4DDDA489 
 172      A0FF969E 
 173 0184 576AB37A 		.ascii	"Wj\263z*\341(0\007\366`\007>\020\310\361$\326\302\030"
 173      2AE12830 
 173      07F66007 
 173      3E10C8F1 
 173      24D6C218 
 174 0198 B62C2866 		.ascii	"\266,(f\037\311l5\335k\024\234T\327V,\225J\025\200_"
 174      1FC96C35 
 174      DD6B149C 
 174      54D7562C 
 174      954A1580 
 175 01ad F1425CD1 		.ascii	"\361B\\\321>\244\260\027\350\364\365\177\235\276\301"
 175      3EA4B017 
 175      E8F4F57F 
 175      9DBEC1
 176 01bc 5A5E1FC6 		.ascii	"Z^\037\30611\2658yPZr\022\306\207\267\363\2628\204\207"
 176      3131B538 
 176      79505A72 
 176      12C687B7 
 176      F3B23884 
 177 01d1 0C971F12 		.ascii	"\014\227\037\022\341\301S\310G\304o\371\225\037\323"
 177      E1C153C8 
 177      47C46FF9 
 177      951FD3
 178 01e0 073C62FF 		.ascii	"\007<b\377\331=\275\025\236\355\330\241g\252\013\254"
 178      D93DBD15 
 178      9EEDD8A1 
 178      67AA0BAC 
 179 01f0 8C92E616 		.ascii	"\214\222\346\026~\356\263\313\274\033~\207\036\241\346"
 179      7EEEB3CB 
 179      BC1B7E87 
 179      1EA1E6
 180 01ff 60B75E70 		.ascii	"`\267^pq\013\236F\371\011\017\002\314\241\014\243\230"
 180      710B9E46 
 180      F9090F02 
 180      CCA10CA3 
 180      98
 181 0210 34480295 		.ascii	"4H\002\225\243\352\344\031\303\344\257\351O3-\026\007"
 181      A3EAE419 
 181      C3E4AFE9 
 181      4F332D16 
ARM GAS  /tmp/cc7zn7Gf.s 			page 14


 181      07
 182 0221 1BD94691 		.ascii	"\033\331F\221\211\275\310R\210\2150e>\272\335VnFP\020"
 182      89BDC852 
 182      888D3065 
 182      3EBADD56 
 182      6E465010 
 183 0235 EFD0DEFA 		.ascii	"\357\320\336\372S\233[\354c\000\360\014\207\260$I\241"
 183      539B5BEC 
 183      6300F00C 
 183      87B02449 
 183      A1
 184 0246 BA13E962 		.ascii	"\272\023\351b\233U\326N&+\202'\177<\220\030\222\245"
 184      9B55D64E 
 184      262B8227 
 184      7F3C9018 
 184      92A5
 185 0258 5D2846FE 		.ascii	"](F\376\375J*hnr\261Ky\266\3072\236]q\305\276\247\362"
 185      FD4A2A68 
 185      6E72B14B 
 185      79B6C732 
 185      9E5D71C5 
 186 026f 769366CF 		.ascii	"v\223f\317\221e4g\232\310o\361d\313x\002\236\023,{\305"
 186      91653467 
 186      9AC86FF1 
 186      64CB7802 
 186      9E132C7B 
 187 0284 C6433BD2 		.ascii	"\306C;\322\036\315-\354\227<G-\230N\31280\3764\341\024"
 187      1ECD2DEC 
 187      973C472D 
 187      984ECA38 
 187      30FE34E1 
 188 0299 30F3FFC2 		.ascii	"0\363\377\302\274\326\275\303F0\317\023L;\367\\0aV\222"
 188      BCD6BDC3 
 188      4630CF13 
 188      4C3BF75C 
 188      30615692 
 189 02ad 37AB0F9E 		.ascii	"7\253\017\236wKYs\226_\016\024\366*\3467\363\347\245"
 189      774B5973 
 189      965F0E14 
 189      F62AE637 
 189      F3E7A5
 190 02c0 C7EEAE93 		.ascii	"\307\356\256\223z>\325\251\027\327\226$\232\350\342"
 190      7A3ED5A9 
 190      17D79624 
 190      9AE8E2
 191 02cf 8A13F589 		.ascii	"\212\023\365\211/\357\331F\313\334t\211{\30719\265x"
 191      2FEFD946 
 191      CBDC7489 
 191      7BC73139 
 191      B578
 192 02e1 F7DCB209 		.ascii	"\367\334\262\011\373\336\261\246\223\226Ng\214\356\034"
 192      FBDEB1A6 
 192      93964E67 
 192      8CEE1C
 193 02f0 A802EC27 		.ascii	"\250\002\354'\227\274\324\225\3175Q\017\300\001r\332"
 193      97BCD495 
 193      CF35510F 
ARM GAS  /tmp/cc7zn7Gf.s 			page 15


 193      C00172DA 
 194 0300 9EA33228 		.ascii	"\236\2432(\250\374@T\020\246\377\227\312\220E\345\360"
 194      A8FC4054 
 194      10A6FF97 
 194      CA9045E5 
 194      F0
 195 0311 3D23A710 		.ascii	"=#\247\020\225\313(\013\301\200WP\346\216\241t\347c"
 195      95CB280B 
 195      C1805750 
 195      E68EA174 
 195      E763
 196 0323 D9F3C8CA 		.ascii	"\331\363\310\312vQ\354\265\271\376\\\231\310\036\246"
 196      7651ECB5 
 196      B9FE5C99 
 196      C81EA6
 197 0332 6CBCCAF9 		.ascii	"l\274\312\371M`\302\230\375\303A\323\020\206\031\276"
 197      4D60C298 
 197      FDC341D3 
 197      108619BE 
 198 0342 FFFCF3E7 		.ascii	"\377\374\363\3471j]\235Z\037\010n\012\256\367\251\341"
 198      316A5D9D 
 198      5A1F086E 
 198      0AAEF7A9 
 198      E1
 199 0353 98AA8543 		.ascii	"\230\252\205C\241\360\0265\022\216\306c\352\233\215"
 199      A1F01635 
 199      128EC663 
 199      EA9B8D
 200 0362 DE7A6FB3 		.ascii	"\336zo\263\252\005\264p\324\277\341\2755\241:\015d-"
 200      AA05B470 
 200      D4BFE1BD 
 200      35A13A0D 
 200      642D
 201 0374 DE1C51A2 		.ascii	"\336\034Q\242\376\330\326\315\361\327W\314\3657\307"
 201      FED8D6CD 
 201      F1D757CC 
 201      F537C7
 202 0383 2953ADF7 		.ascii	")S\255\367\372\326\371\324z\236\252\256\333\242m\336"
 202      FAD6F9D4 
 202      7A9EAAAE 
 202      DBA26DDE 
 203 0393 FA965FD5 		.ascii	"\372\226_\325B\261`lC\223\246\325\005\300\355m\364U"
 203      42B1606C 
 203      4393A6D5 
 203      05C0ED6D 
 203      F455
 204 03a5 BFF2EAEA 		.ascii	"\277\362\352\352\352H,\002\322\033Q(\217\207#\353\337"
 204      EA482C02 
 204      D21B5128 
 204      8F8723EB 
 204      DF
 205 03b6 6E888635 		.ascii	"n\210\2065_|\243\366\256\333\353k$\337j\036\004,\012"
 205      5F7CA3F6 
 205      AEDBEB6B 
 205      24DF6A1E 
 205      042C0A
 206 03c9 F64D1B63 		.ascii	"\366M\033c\376\206h\360\305\004\007\240\222\352Pn$\032"
ARM GAS  /tmp/cc7zn7Gf.s 			page 16


 206      FE8668F0 
 206      C50407A0 
 206      92EA506E 
 206      241A
 207 03db 14B5EC21 		.ascii	"\024\265\354!\177(\034}\037\376\001\211\255\032\222"
 207      7F281C7D 
 207      1FFE0189 
 207      AD1A92
 208              		.text
 209              		.section	.gnu.lto_.symbol_nodes.d1eb8617f6050602,"",%progbits
 210 0000 789C6366 		.ascii	"x\234cf``(a\200\002\246\205L\365\014\014\023\31610\324"
 210      60602861 
 210      8002A685 
 210      4CF50C0C 
 210      13CE3130 
 211 0015 D733CE5D 		.ascii	"\3273\316]\304\301\3008\233\251\236\021\"\300\320\320"
 211      C4C1C038 
 211      9BA99E11 
 211      22C0D0D0 
 212 0025 01E4CF61 		.ascii	"\001\344\317a\252gB\3423\315d\252g\206j`\230\267\000"
 212      AA6742E2 
 212      33CD64AA 
 212      67866A60 
 212      98B700
 213 0038 283083A9 		.ascii	"(0\203\251\236\005Y\200q\026S=+LG\003\007\0033\003+"
 213      9E055980 
 213      7116533D 
 213      2B4C4703 
 213      07033303 
 214 004d 434BD71B 		.ascii	"CK\327\033yff\006\206C+\325\030\000,\032\036\230"
 214      79666606 
 214      86432BD5 
 214      18002C1A 
 214      1E98
 215              		.text
 216              		.section	.gnu.lto_.refs.d1eb8617f6050602,"",%progbits
 217 0000 789C6366 		.ascii	"x\234cf``\340d\200\000&\006&F!&&a\006\000\001\241\000"
 217      6060E064 
 217      80002606 
 217      26462126 
 217      26610600 
 218 0017 3B       		.ascii	";"
 219              		.text
 220              		.section	.gnu.lto_.decls.d1eb8617f6050602,"",%progbits
 221 0000 789CBD59 		.ascii	"x\234\275YkP\024Y\226\256\233\267(\252\212\002:t\306"
 221      6B501459 
 221      96AE9BB7 
 221      28AA8A02 
 221      3A74C6
 222 0013 76888959 		.ascii	"v\210\211Y\345\007\353\314\366X>z\266{b'v\232\306vt"
 222      E507EBCC 
 222      F6583E7A 
 222      B67B6227 
 222      769AC676 
 223 0028 375CD962 		.ascii	"7\\\331b\272c#v#j\234\002\033bQ\350\252r\332\376\227"
 223      BA632376 
 223      236A9C02 
ARM GAS  /tmp/cc7zn7Gf.s 			page 17


 223      1B6251E8 
 223      AA72DAFE 
 224 003d 5834CD1B 		.ascii	"X4\315\033D\336\317RP\004E\221\207\342\013\020\037\215"
 224      44DECF52 
 224      50044591 
 224      87E20B10 
 224      1F8D
 225 004f 826F1411 		.ascii	"\202o\024\021A|\242\"\212\212\017\024\251=\367\336\314"
 225      417CA222 
 225      8A8A0F14 
 225      A93DF7DE 
 225      CC
 226 0060 ACACB4E8 		.ascii	"\254\254\264\350\356\371\263\031\234\312<y\277\374\316"
 226      EEF9B319 
 226      9CCA3C79 
 226      BFFCCE
 227 006f 39F779EE 		.ascii	"9\367y\356\005\253T\252z\244R\271\340Z\375+\225\252"
 227      05AB54AA 
 227      7AA452B9 
 227      E05AFD2B 
 227      95AA
 228 0081 1DAB546A 		.ascii	"\035\253Tjx\027\256r_\032\220\235 \273A\366\2004\202"
 228      7817AE72 
 228      5F1A909D 
 228      20BB41F6 
 228      803482
 229 0094 34831C56 		.ascii	"4\203\034V\275{\021\334\014\341\373\000\020\003\310"
 229      BD7B11DC 
 229      0CE1FB00 
 229      1003C8
 230 00a3 31F20C36 		.ascii	"1\362\0146\346\302}%H\013\310l\320\337\302\275\013\304"
 230      E6C27D25 
 230      480BC86C 
 230      D0DFC2BD 
 230      0BC4
 231 00b5 08CFBF05 		.ascii	"\010\317\277\005\371\025\310\"\220\305 \007\341\375"
 231      F915C822 
 231      90C52007 
 231      E1FD
 232 00c3 8788F9A2 		.ascii	"\207\210\371\242\207\373o@\336\300\263\013\304W\260"
 232      87FB6F40 
 232      DEC0B30B 
 232      C457B0
 233 00d2 F37B78F7 		.ascii	"\363{x\367\007\220P\304|\021\375S^\304_\177\301\247"
 233      079050C4 
 233      7C11FD53 
 233      5EC45F7F 
 233      C1A7
 234 00e4 B90ABF88 		.ascii	"\271\012\277\210\275\245 \271 \233\004\037\362@j\004"
 234      BDA520B9 
 234      209B041F 
 234      F2406A04 
 235 00f4 9FE14F95 		.ascii	"\237\341O\225\204\230M\302S\000\317E \245\210\371P\016"
 235      84984DC2 
 235      5300CF45 
 235      20A588F9 
 235      500E
ARM GAS  /tmp/cc7zn7Gf.s 			page 18


 236 0106 77277AD7 		.ascii	"w'z\327f\263`C^\017\204\357\230\340\203<\346\331\310"
 236      66B36043 
 236      5E0F84EF 
 236      98E0833C 
 236      E6D9C8
 237 0119 ED07A1FA 		.ascii	"\355\007\241\372G\304\352\234p\210\361\211vJ\275\330"
 237      47C4EA9C 
 237      7088F189 
 237      764ABDD8 
 238 0129 7AC2A1FD 		.ascii	"z\302\241\375\273\306O\373\335\343P\200~\016Q\017\344"
 238      BBC64FFB 
 238      DDE35080 
 238      7E0E510F 
 238      E4
 239 013a 74166A40 		.ascii	"t\026j@5\350\325D=\370\346f\217\372\375<\036\256l\007"
 239      35E8D544 
 239      3DF8E666 
 239      8FFAFD3C 
 239      1EAE6C07 
 240 014e FF9E1A85 		.ascii	"\377\236\032\205\317B\325(\010mGA`\261\006\275\017\277"
 240      CF42D528 
 240      086D4741 
 240      60B106BD 
 240      0FBF
 241 0160 FFAD664C 		.ascii	"\377\255fL\015\365\211\327t\230C\344\271\262\360F\217"
 241      0DF589D7 
 241      749843E4 
 241      B9B2F046 
 241      8F
 242 0171 FE835AF8 		.ascii	"\376\203Z\370,\231o\037\302ns[\267\324\347\2429\345"
 242      2C996F1F 
 242      C26E735B 
 242      B7D4E7A2 
 242      39E5
 243 0183 7C7BFD58 		.ascii	"|{\375X\327\370w\270(\333\271\201\237r\271\020\317\021"
 243      D7F877B8 
 243      28DBB981 
 243      9F72B910 
 243      CF11
 244 0195 36548B30 		.ascii	"6T\2130\332\201> `\362L\277B;\321\234\037u\245\316\303"
 244      DA813E20 
 244      60F24CBF 
 244      423BD19C 
 244      1F75A5CE 
 245 01aa 1567FDB6 		.ascii	"\025g\375\266a-\216\240\256\354;\323\364\234X\034\342"
 245      612D8EA0 
 245      AEEC3BD3 
 245      F49C581C 
 245      E2
 246 01bb C7FA2A5F 		.ascii	"\307\372*_\206mtdW\361C.\327?\320o\320.\231\301]\242"
 246      866D7464 
 246      57F1432E 
 246      D73FD06F 
 246      D02E99C1 
 247 01d1 C1DDD460 		.ascii	"\301\335\324`Wq\376q\016\027!\026\320\355\321A\003e"
 247      5771FE71 
 247      0E172116 
ARM GAS  /tmp/cc7zn7Gf.s 			page 19


 247      D0EDD141 
 247      0365
 248 01e3 710EEE4E 		.ascii	"q\016\356N\232\323\311\267\273\\\177\244\014\3652\206"
 248      9AD3C9B7 
 248      BB5C7FA4 
 248      0CF53286 
 249 01f3 7A91610F 		.ascii	"z\221a\017e\250\0369P\253\303u\214\241$\243\242\323"
 249      65A81E39 
 249      50ABC375 
 249      8CA124A3 
 249      A2D3
 250 0205 1F189C42 		.ascii	"\037\030\234B\344\274\0209GY\032d,\015\"K#eI\036\351"
 250      E4BC1039 
 250      47591A64 
 250      2C0D224B 
 250      2365491E 
 251 021a 7FA0C7ED 		.ascii	"\177\240\307\355\214ehwM\236/eqN5\360\237$\362\223."
 251      8C656877 
 251      4D9E2F65 
 251      714E35F0 
 251      9F24F293 
 252 022f 17A60C4D 		.ascii	"\027\246\014M2\206&\221\241\2312\024\344w\225\372\342"
 252      32862691 
 252      A1993214 
 252      E47795FA 
 252      E2
 253 0240 6ECAA0BE 		.ascii	"n\312\240\276=1\370\322\027\005\351B\202\012y-jA:\325"
 253      3D31F8D2 
 253      1705E942 
 253      820A792D 
 253      6A413AD5 
 254 0254 773CBF81 		.ascii	"w<\277\201\037\333\220\375\336W*\364A\020\372u\220\012"
 254      1FDB90FD 
 254      DE572AF4 
 254      4110FA75 
 254      900A
 255 0266 ED4721B4 		.ascii	"\355G!\264H\205\366A\025\037\200*\256\242m\371\011y"
 255      4885F641 
 255      151F802A 
 255      AEA26DF9 
 255      0979
 256 0278 8BF622B1 		.ascii	"\213\366\"\261E\311U\010\357\031\021\230\272\330\236"
 256      45C95508 
 256      EF191198 
 256      BAD89E
 257 0287 E9F291B7 		.ascii	"\351\362\221\267\022\301\273\233\351\240G3\235\335_"
 257      12C1BB9B 
 257      E9A04733 
 257      9DDD5F
 258 0296 3EE6872F 		.ascii	">\346\207/\260\310\252{\373\007\002Y;]\033\036\221\267"
 258      B0C8AA7B 
 258      FB070259 
 258      3B5D1B1E 
 258      91B7
 259 02a8 137C840E 		.ascii	"\023|\204\016\311\242;$Fw\230F\327\326\372\352\204\036"
 259      C9A23B24 
 259      46779846 
ARM GAS  /tmp/cc7zn7Gf.s 			page 20


 259      D7D6FAEA 
 259      841E
 260 02ba 67B18E97 		.ascii	"g\261\216\227\236<tR\217\013\231\222\260\355`\272/t"
 260      9E3C7452 
 260      8F0B9992 
 260      B0ED60BA 
 260      2F74
 261 02cc E6B97A6A 		.ascii	"\346\271zj\356z\311D\225\216\252d\316\012\204W\\\347"
 261      EE7AC944 
 261      958EAA64 
 261      CE0A8457 
 261      5CE7
 262 02de 5DBE3200 		.ascii	"]\2762\000\205\350Itc]57\2279 \304\243H\217\332${\364"
 262      85E84974 
 262      635D3537 
 262      973920C4 
 262      A3488FDA 
 263 02f5 6B722593 		.ascii	"kr%\223j\202\240t\235\001*)$\324\00155WO\261\250\035"
 263      6A82A074 
 263      9D012A29 
 263      24D40135 
 263      35574FB1 
 264 030b 5E1E8197 		.ascii	"^\036\201\227@||\2625\321\007\351C\274\177t\334\313"
 264      407C7CB2 
 264      35D107E9 
 264      43BC7F74 
 264      DCCB
 265 031d 47D4859A 		.ascii	"G\324\205\232\264\234Y<\257F\307\300\205V\267\013\340"
 265      B49C593C 
 265      AF46C7C0 
 265      8556B70B 
 265      E0
 266 032e 11F38114 		.ascii	"\021\363\201\024@$)\3733r\374\351\240m\327\320\276\225"
 266      402429FB 
 266      3372FCE9 
 266      A06DD7D0 
 266      BE95
 267 0340 7DA1C840 		.ascii	"}\241\310@Gm4Q\363\313_\367j\3608\253\204\013O\367\363"
 267      476D3451 
 267      F3CB5FF7 
 267      6AF038AB 
 267      840B4FF7 
 268 0355 BE98C744 		.ascii	"\276\230\307D\3412\316_\237R\243\020\0035VT\367l}\002"
 268      E132CE5F 
 268      9F52A310 
 268      03355654 
 268      F76C7D02 
 269 0369 C4DB850C 		.ascii	"\304\333\205\014\350\244\333\330J\003\263\225\352v]"
 269      E8A4DBD8 
 269      4A03B395 
 269      EA765D
 270 0378 3ED6D029 		.ascii	">\326\320)p~\245A@\203\201\212\234\252]\034n\246\006"
 270      707EA541 
 270      4083818A 
 270      9CAA5D1C 
 270      6EA606
 271 038b D058CB93 		.ascii	"\320X\313\223\033\001\270\205)\203\015\347\217\007\342"
ARM GAS  /tmp/cc7zn7Gf.s 			page 21


 271      1B01B885 
 271      29830DE7 
 271      8F07E2
 272 039a 834CA9CA 		.ascii	"\203L\251\312\313\337\351C}\324\322\331\242\265\250"
 272      CBDFE943 
 272      7DD4D2D9 
 272      A2B5A8
 273 03a9 DF0FB7B2 		.ascii	"\337\017\267\262\262\267\027&\\\376\370\010S\272n\276"
 273      B2B71726 
 273      5CFEF808 
 273      53BA6EBE 
 274 03b9 7AC68279 		.ascii	"z\306\202y\217\250\375\233\307_\004\340\343\254,\253"
 274      8FA8FD9B 
 274      C75F04E0 
 274      E3AC2CAB 
 275 03c9 ABB9438B 		.ascii	"\253\271C\213\273\231R\364\262\373D \005\316&j\341\303"
 275      BB9952F4 
 275      B2FB4420 
 275      05CE266A 
 275      E1C3
 276 03db EE0C8CCF 		.ascii	"\356\014\214\317\262\262\274\246\302A\035\356a\2128"
 276      B2B2BCA6 
 276      C2411DEE 
 276      618A38
 277 03ea C719D81C 		.ascii	"\307\031\330\034\267\261\250\371\226\026\367\262\262"
 277      B7B1A8F9 
 277      9616F7B2 
 277      B2
 278 03f7 ED4DCF2D 		.ascii	"\355M\317-\370\252\360|\363\014\255V\203~\036\355>\005"
 278      F8AAF07C 
 278      F30CAD56 
 278      837E1EED 
 278      3E05
 279 0409 CDCF393C 		.ascii	"\315\3179< \030\273S\177T\203\207\230r\375\345\365\016"
 279      2018BB53 
 279      7F548387 
 279      9872FDE5 
 279      F50E
 280 041b 5F0A5C40 		.ascii	"_\012\\@\324\232\373c\235\276\370\026+\353\350Hw\351"
 280      D49AFB63 
 280      9DBEF816 
 280      2BEBE848 
 280      77E9
 281 042d F05DA624 		.ascii	"\360]\246$\264\327]d\300\217ihS\227_\350\360}Vv\362"
 281      B4D75D64 
 281      C08F6968 
 281      53975FE8 
 281      F07D5676 
 282 0442 66478A0E 		.ascii	"fG\212\016?dJC\345\326\275:\012\374\204\250\255\003"
 282      3F644A43 
 282      E5D6BD3A 
 282      0AFC84A8 
 282      AD03
 283 0454 474BFCF0 		.ascii	"GK\374\360cV60\226pU\207\237\012\261\354\311\236\010"
 283      63563630 
 283      96705587 
 283      9F0AB1EC 
ARM GAS  /tmp/cc7zn7Gf.s 			page 22


 283      C99E08
 284 0467 A0C06544 		.ascii	"\240\300eDM\272\361\244D\207_\260\262\233'&S}\360k\246"
 284      4DBAF1A4 
 284      44875FB0 
 284      B29B2726 
 284      537DF06B 
 285 047c 0CB73EE4 		.ascii	"\014\267>\3449\012\014'\352\255\304\246cz<\305\312\236"
 285      390A0C27 
 285      EAADC4A6 
 285      637A3CC5 
 285      CA9E
 286 048e DC6FD9EF 		.ascii	"\334o\331\357\2137\250\251\222|(w\0333\375_D\275|\357"
 286      8B37A8A9 
 286      927C2877 
 286      1B33FD5F 
 286      44BD7CEF 
 287 04a2 76BD1E27 		.ascii	"v\275\036'\261\262\253\245\327\357#\234\312\224\372"
 287      B1B2ABA5 
 287      D7EF239C 
 287      CA94FA
 288 04b1 B61D290C 		.ascii	"\266\035)\014\370\027\242\366\244O\366\005\342lZ\366"
 288      F817A2F6 
 288      A44FF605 
 288      E26C5AF6 
 289 04c1 CBC69473 		.ascii	"\313\306\224s:\024\354\276f\006{\\!\301N\350M0\001\017"
 289      3A14ECBE 
 289      66067B5C 
 289      21C14EE8 
 289      4D30010F 
 290 04d5 FF5B8E83 		.ascii	"\377[\216\203\257\232M\373\334\035\350so\321Lw\317\272"
 290      AF9A4DFB 
 290      DC1DE873 
 290      6FD14C77 
 290      CFBA
 291 04e7 4DE7886A 		.ascii	"M\347\210j\362\253\"xg\311\016M\347\002\212\275\251"
 291      F2AB2278 
 291      67C90E4D 
 291      E7028ABD 
 291      A9
 292 04f8 C4DE5062 		.ascii	"\304\336Pb]5\"\366\274\022{\201b\177#A\313%\332\273"
 292      5D3522F6 
 292      BC127B81 
 292      627F2341 
 292      CB25DABB 
 293 050c 4AE8B002 		.ascii	"J\350\260\002\272]\202\336WB\037(\240Y\022\364\232\022"
 293      BA5D82DE 
 293      57421F28 
 293      A05912F4 
 293      9A12
 294 051e DAAF7436 		.ascii	"\332\257t6]\302\366*\261W\024\264\223R\\\247\225\320"
 294      5DC2F62A 
 294      B15714B4 
 294      93525CA7 
 294      95D0
 295 0530 790AD652 		.ascii	"y\012\326R\211\365\226\367\252u\263\356\224\240\217"
 295      89F596F7 
 295      AA75B3EE 
ARM GAS  /tmp/cc7zn7Gf.s 			page 23


 295      94A08F
 296 053f 95D03105 		.ascii	"\225\3201\0054S\202^\365\036\027\205n\244S>\317\177"
 296      3453825E 
 296      F51E1785 
 296      6EA4533E 
 296      CF7F
 297 0551 6257A113 		.ascii	"bW\241\023P\376=)\357\024>\200\271\002\245s!(\205\013"
 297      50FE3D29 
 297      EF143E80 
 297      B902A573 
 297      2128850B 
 298 0565 46132818 		.ascii	"F\023(\030%\302=\003d\034\236\035pw\301=\025\356\257"
 298      25C23D03 
 298      641C9E1D 
 298      7077C13D 
 298      15EEAF
 299 0578 E03E0532 		.ascii	"\340>\0052\011\362\022\344;x\307\203|\013\362\014\364"
 299      09F212E4 
 299      3B78C783 
 299      7C0BF20C 
 299      F4
 300 0589 D7204F41 		.ascii	"\327 OA\236\203$\303\273\027pO\200{\022H\032\310\033"
 300      9E8324C3 
 300      BB17704F 
 300      807B1248 
 300      1AC81B
 301 059c D03770C1 		.ascii	"\3207p\301t\372\242\276gH\276\367y\257gY\355\245H\330"
 301      74FAA2BE 
 301      6748BEF7 
 301      79AF6759 
 301      EDA548D8 
 302 05b0 1E25F692 		.ascii	"\036%\366\222\242J\212$\350u%tPI[#aG\274\367 \031\266"
 302      A24A8A24 
 302      E8752574 
 302      50495B23 
 302      6147BCF7 
 303 05c7 4EC23EF1 		.ascii	"N\302>\361\336*2l\262\204\275\350\275\277\313\260o\245"
 303      DE2A326C 
 303      B284BDE8 
 303      BDBFCBB0 
 303      6FA5
 304 05d9 3E744689 		.ascii	">tF\211=\253\010\255X\242\035\362>\344\334\320Z\011"
 304      3DAB08AD 
 304      58A21DF2 
 304      3EE4DCD0 
 304      5A09
 305 05eb FA50091D 		.ascii	"\372P\011\035U@\013%\350\200\367\012sC+$\350=\357\203"
 305      55400B25 
 305      E880F70A 
 305      73432B24 
 305      E83DEF83 
 306 05ff 5316D71B 		.ascii	"S\026\327\033)\256n\257c\303\315\232*\261^\366\336\270"
 306      29AE6EAF 
 306      63C3CD9A 
 306      2AB15EF6 
 306      DEB8
 307 0611 32D61D12 		.ascii	"2\326\035\022\366\221\367\270\030\226\254\241C\257S"
ARM GAS  /tmp/cc7zn7Gf.s 			page 24


 307      F691F7B8 
 307      1896ACA1 
 307      43AF53
 308 0620 343C2218 		.ascii	"4<\"\030\225\230\236\250\244\33674Us\312\300\013T\347"
 308      95989EA8 
 308      A4DE3734 
 308      5573CAC0 
 308      0B54E7
 309 0633 BC573CA3 		.ascii	"\274W<\243\202\331\2649m\363\023\275A\276\346\312\321"
 309      82D9B439 
 309      6DF313BD 
 309      41BEE6CA 
 309      D1
 310 0644 2A94C9D1 		.ascii	"*\224\311\321e\231\334\001\335\271\243\354/\270\210"
 310      6599DC01 
 310      DDB9A3EC 
 310      2FB888
 311 0653 4EBDEA5B 		.ascii	"N\275\352[\245\365{\003QHP\220^\314\3216qz\224\305)"
 311      A5F57B03 
 311      51485090 
 311      5ECCD136 
 311      717A94C5 
 312 0668 73B4577F 		.ascii	"s\264W\177$\005*\222\365\221;\315L\306rx<[\312\372\262"
 312      24052A92 
 312      F5913BCD 
 312      4CC67278 
 312      3C5BCAFA 
 313 067d 61889222 		.ascii	"a\210\222\"\025\312\341\202\320F.H\276\312\006\260U"
 313      15CAE182 
 313      D0462E48 
 313      BECA06B0 
 313      55
 314 068e 367357D5 		.ascii	"6sW\3253\266\350b\242\026\367\336\031\307T\345\3502"
 314      33B6E862 
 314      A216F7DE 
 314      19C754E5 
 314      E832
 315 06a0 76B93F50 		.ascii	"v\271?P\237,d\177$\010\203^\026C\001\345\236\027\204"
 315      9F2C647F 
 315      2408835E 
 315      164301E5 
 315      9E1784
 316 06b3 F21975ED 		.ascii	"\362\031u\355\251\334[>3\262\205\231c\016\242\216\347"
 316      A9DC5B3E 
 316      33B28599 
 316      630EA28E 
 316      E7
 317 06c4 82E93C8E 		.ascii	"\202\351<\216\300\013\271\031\342GT\201/\272\323*\212"
 317      C00BB919 
 317      E2475481 
 317      2FBAD32A 
 317      8A
 318 06d5 3896F8D0 		.ascii	"8\226\370\320%\351h\352\304\230\036\227\263\365)5m\217"
 318      25E968EA 
 318      C4981E97 
 318      B3F52935 
 318      6D8F
ARM GAS  /tmp/cc7zn7Gf.s 			page 25


 319 06e7 CB777AEB 		.ascii	"\313wz\353%\242\365y\324\370\367\0239\217\014\202q\007"
 319      25A2F579 
 319      D4F8F713 
 319      398F0C82 
 319      7107
 320 06f9 3FC74E73 		.ascii	"?\307Ns.7\272\224\032\247\337\320\354\345JV)\306\325"
 320      2E37BA94 
 320      1AA7DFD0 
 320      ECE54A56 
 320      29C6D5
 321 070c CCD06847 		.ascii	"\314\320hG\325zb\307\361\3232;\262VV_\332l\300{\330"
 321      D57A62C7 
 321      F1D3323B 
 321      B256565F 
 321      DA6CC07B 
 322 0721 E79BF74D 		.ascii	"\347\233\367MUj\361>\246d\326\334\331\251\306\207\205"
 322      556AF13E 
 322      A664D6DC 
 322      D9A9C687 
 322      85
 323 0732 081C276B 		.ascii	"\010\034'k\365\"s\362Ob\276x\177\327f->\306\276\177"
 323      F52273F2 
 323      4F62BE78 
 323      7FD7662D 
 323      3EC6BE7F 
 324 0746 D43C32AA 		.ascii	"\324<2\252\303\247\250\242}\224S\325\250\027\326\344"
 324      C3A7A8A2 
 324      7D9453D5 
 324      A817D6E4 
 325 0756 90994E3E 		.ascii	"\220\231N>\3271\266\275\261e\365\226\255I\244On\201"
 325      D731B6BD 
 325      B165F596 
 325      AD49A44F 
 325      6E81
 326 0768 AAAEE230 		.ascii	"\252\256\3420\332\311M;q$:\234]}\221\355\211\030\225"
 326      DAC94D3B 
 326      71243A9C 
 326      5D7D91ED 
 326      891895
 327 077b 03D8A904 		.ascii	"\003\330\251\004{\314\034\200=\345\306V(\261\036+U\256"
 327      7BCC1C80 
 327      3DE5C656 
 327      28B11E2B 
 327      55AE
 328 078d C3799A61 		.ascii	"\303y\232a\211\023\225\336\235\020\207.\357<\311\260"
 328      891395DE 
 328      9D10872E 
 328      EF3CC9B0 
 329 079d D020A8CC 		.ascii	"\320 \250\314+\257\333\205n\267\013\233\275\273+\033"
 329      2BAFDB85 
 329      6EB70B9B 
 329      BDBB2B1B 
 330 07ad BA6D7D91 		.ascii	"\272m}\221$\325\006\220b\354\312\227\262\"\350\215l"
 330      24D50690 
 330      62ECCA97 
 330      B222E88D 
 330      6C
ARM GAS  /tmp/cc7zn7Gf.s 			page 26


 331 07be 82206464 		.ascii	"\202 dd\035\333\001\203\244\006\326\232j\220m \265 "
 331      1DDB0183 
 331      A406D69A 
 331      6A906D20 
 331      B520
 332 07d0 DB41B60A 		.ascii	"\333A\266\012\353\016d\331w\233O\273\324hf\2107\"\264"
 332      EB0E64D9 
 332      779B4FBB 
 332      D4686688 
 332      3722B4
 333 07e3 0BBEFFA9 		.ascii	"\013\276\377\251\\\324\317\263}\006\230b\352\340\223"
 333      5CD4CFB3 
 333      7D069862 
 333      EAE093
 334 07f2 624E4AD2 		.ascii	"bNJ\322\211\327\2029\364\242\377\361a\215\307\324Q\307"
 334      89D78239 
 334      F4A2FFF1 
 334      618DC7D4 
 334      51C7
 335 0804 C9A78EDD 		.ascii	"\311\247\216\335\302\324\261\233N\035bz\035\300\322"
 335      C2D4B19B 
 335      4E1D627A 
 335      1DC0D2
 336 0813 EB1F1934 		.ascii	"\353\037\0314{\304A\363k\332\333\312\357\345\027\353"
 336      7BC441F3 
 336      6BDADBCA 
 336      EFE517EB 
 337 0823 8441E314 		.ascii	"\204A\343\024Gl=\307F4\354\\\351\240\331\303Fl\003\035"
 337      476C3DC7 
 337      4634EC5C 
 337      E9A0D9C3 
 337      466C031D 
 338 0837 B11D9B9A 		.ascii	"\261\035\233\232k\375<\234#\3339\267\201F\301\271F\352"
 338      6BFD3C9C 
 338      23DB39B7 
 338      8146C1B9 
 338      46EA
 339 0849 DC60617B 		.ascii	"\334`a{\252\3323\024\017t\223\200n\242\350\211\221\263"
 339      AADA3314 
 339      0F749380 
 339      6EA2E889 
 339      91B3
 340 085b A37AF966 		.ascii	"\243z\371f\323s\0107s\362\315f\275\353v\276\006\247"
 340      D3730837 
 340      73F2CD66 
 340      BDEB76BE 
 340      06A7
 341 086d FBB02178 		.ascii	"\373\260!x\277/\013\266\211L\031\375~\252\321G\315\301"
 341      BF2F0BB6 
 341      894C19FD 
 341      7EAAD147 
 341      CDC1
 342 087f 5E97CE99 		.ascii	"^\227\316\231\360\346UQ\326i\314N)\3164;\377g\343n\030"
 342      F0E65551 
 342      D669CC4E 
 342      29CE343B 
 342      FF67E36E 
ARM GAS  /tmp/cc7zn7Gf.s 			page 27


 343 0894 3264C78F 		.ascii	"2d\307\217*\332!\337\005^\264Wl\012\324\302\251UDe\373"
 343      2ADA21DF 
 343      055EB457 
 343      6C0AD4C2 
 343      A9554465 
 344 08a9 B3FD1CD9 		.ascii	"\263\375\034\331\222\026eNv\303\206`:\372\303\333*/"
 344      9216654E 
 344      76C38660 
 344      3AFAC3DB 
 344      2A2F
 345 08bb FB517AE7 		.ascii	"\373Qz\347\303j\015en\3437k)\361\001\211\370 !> \022"
 345      C36A0D65 
 345      6EE3376B 
 345      29F10189 
 345      F820213E 
 346 08d1 1FA2C4C9 		.ascii	"\037\242\304\311u\365\207t\300E7\202$4\262Aj\234z\024"
 346      75F58774 
 346      C0453782 
 346      2434B241 
 346      6A9C7A14 
 347 08e5 38EDC148 		.ascii	"8\355\301H+\255\204\303\234P\013\233\366\362\325Z<:"
 347      2BAD84C3 
 347      9C500B9B 
 347      F6F2D55A 
 347      3C3A
 348 08f7 6DE019E3 		.ascii	"m\340\031\3437\014\324\263\241\332\232~\003/\3706WM"
 348      370CD4B3 
 348      A1DA9A7E 
 348      032FF836 
 348      574D
 349 0909 78509BE4 		.ascii	"xP\233\344[;\361\255M\364\355\010\365M\334\353\004\260"
 349      5B3BF1AD 
 349      4DF4ED08 
 349      F54DDCEB 
 349      04B0
 350 091b BDCECBCA 		.ascii	"\275\316\313\312\241\021DW\006_\242\346|\333\322\302"
 350      A1114457 
 350      065FA2E6 
 350      7CDBD2C2 
 351 092b F62D74C7 		.ascii	"\366-t\307ZU5\226\357?}\267;.v\273cl\245\030u\214\324"
 351      5A553596 
 351      EF3F7DB7 
 351      3B2E76BB 
 351      636CA518 
 352 0942 69942B45 		.ascii	"i\224+E\007\364\273\243\264\337\235\240\375\3568\353"
 352      07F4BBA3 
 352      B4DF9DA0 
 352      FDEE38EB 
 353 0952 772768BF 		.ascii	"w'h\277;4\230\362@G\275\031\242\373\315S\256M\011l\373"
 353      3B3498F2 
 353      4047BD19 
 353      A2FBCD53 
 353      AE4D096C 
 354 0967 99CE365C 		.ascii	"\231\3166\\\303\031I\201\370%\253\210\303gwu\004b^\303"
 354      C3194981 
 354      F825AB88 
 354      C3677775 
ARM GAS  /tmp/cc7zn7Gf.s 			page 28


 354      04625EC3 
 355 097b F69FE3ED 		.ascii	"\366\237\343\355\365:\234\304\224\347\217;\006\2648"
 355      F53A9CC4 
 355      94E78F3B 
 355      06B438
 356 098a 8D294DDD 		.ascii	"\215)M\335\216V\015\316\026\224\224\346\323\032\234"
 356      8E560DCE 
 356      169494E6 
 356      D31A9C
 357 0999 CF94D4FC 		.ascii	"\317\224\324\374\334\023\010\027k<\216\035f\261c\207"
 357      DC130817 
 357      6B3C8E1D 
 357      66B16387 
 358 09a9 CCAEE223 		.ascii	"\314\256\342#\230\252.Z\\p\376\312>5.\027>\354\257\201"
 358      98AA2E5A 
 358      5C70FECA 
 358      3E352E17 
 358      3EECAF81 
 359 09bd 9EB28D2A 		.ascii	"\236\262\215*\\\316\255\361\255H<4\360\\\232/\301L1"
 359      5CCEADF1 
 359      AD483C34 
 359      F05C9A2F 
 359      C14C31
 360 09d0 4B98FDCF 		.ascii	"K\230\375\317A\334\3479\341\304\240\253&\353\227d\032"
 360      41DCE739 
 360      E1C4A0AB 
 360      26EB9764 
 360      1A
 361 09e1 EB810AB9 		.ascii	"\353\201\012\271\350\236\037f\351\305\351\201\033\352"
 361      E89E1F66 
 361      E9C5E981 
 361      1BEA
 362 09ef DDFA9FDE 		.ascii	"\335\372\237\336I{\247#\255I\353\3729!\275\014\244\027"
 362      497BA723 
 362      AD49EBFA 
 362      3921BD0C 
 362      A417
 363 0a01 DCA43D9C 		.ascii	"\334\244=\234\304\212.\247'\024`\266T\3758\251l\363"
 363      C48A2EA7 
 363      271460B6 
 363      54FD38A9 
 363      6CF3
 364 0a13 18C0368F 		.ascii	"\030\3006\217/\277\035K\321\323\3460\320\315j\366\366"
 364      2FBF1D4B 
 364      D1D3E630 
 364      D0CD6AF6 
 364      F6
 365 0a24 DD6CCFEF 		.ascii	"\335l\317\357G\324\003O\312\177\250w\\\023{G?\343.;"
 365      47D4034F 
 365      CA7FA877 
 365      5C137B47 
 365      3FE32E3B 
 366 0a38 D75BE22F 		.ascii	"\327[\342/\357\035\304\357>\260}\225\366\216\001\332"
 366      EF1DC4EF 
 366      3EB07D95 
 366      F68E01DA 
 367 0a48 3BAE894B 		.ascii	";\256\211Ky\353\233\301\013~r\364\225\037B\267\215?"
ARM GAS  /tmp/cc7zn7Gf.s 			page 29


 367      79EB9BC1 
 367      0B7E72F4 
 367      951F42B7 
 367      8D3F
 368 0a5a 75F9E17A 		.ascii	"u\371\341z\326Z\347N\034\355\367\303MLI\346\035uz|\200"
 368      D65AE74E 
 368      1CEDF7C3 
 368      4D4C49E6 
 368      1D757A7C 
 369 0a6f 2963B747 		.ascii	")c\267GJ\374q\033S\036l\331~\305\200\2171\345\310\206"
 369      4AFC711B 
 369      531E6CD9 
 369      7EC5808F 
 369      31E5C886 
 370 0a83 B2BD7EF8 		.ascii	"\262\275~\370$S\206\037\346<V\343\263L\251x\272%I\213"
 370      2453861F 
 370      E63C56E3 
 370      B34CA978 
 370      BA25498B 
 371 0a97 7B341E07 		.ascii	"{4\036\007\000\001\354\000 \241l\353\020vO\264,;\031"
 371      0001EC00 
 371      20A16CEB 
 371      10764FB4 
 371      2C3B19
 372 0aaa 0627D932 		.ascii	"\006'\3312vO6\321\222\243\204Me\303\0329\232,\254\323"
 372      764F36D1 
 372      92A3844D 
 372      65C31A39 
 372      9A2CACD3 
 373 0abe A2F777F4 		.ascii	"\242\367w\364N\371\341>fw\322\3017\352\360\000S:\222"
 373      4EF9E13E 
 373      6677D2C1 
 373      37EAF000 
 373      533A92
 374 0ad1 7948536E 		.ascii	"yHSn0%\357Pi\016\363\210g\247#\233\257u\343\351\033"
 374      3025EF50 
 374      690EF388 
 374      67A7239B 
 374      AF75E3E9 
 375 0ae6 E591D828 		.ascii	"\345\221\330(yB\243\214\234\253\015tW3\213`\024|b\353"
 375      7942A38C 
 375      9CAB0D74 
 375      57338B60 
 375      147C62EB 
 376 0afa FB63EAD3 		.ascii	"\373c\352\323#\321\247\324\211=mX\216&\021L\213~\334"
 376      23D1A7D4 
 376      893D6D58 
 376      8E26114C 
 376      8B7EDC
 377 0b0d B0BDC480 		.ascii	"\260\275\304\200\3570?\217\235\357\337\241\241~:\231"
 377      EF303F8F 
 377      9DEFDFA1 
 377      A17E3A99 
 378 0b1d DF5D2D03 		.ascii	"\337]-\003\254k\375\214&\231\267\367\334\323N\357\366"
 378      AC6BFD8C 
 378      2699B7F7 
 378      DCD34EEF 
ARM GAS  /tmp/cc7zn7Gf.s 			page 30


 378      F6
 379 0b2e B8E8F676 		.ascii	"\270\350\366v\226O\035\330\322\024\251\364\372)\370"
 379      964F1DD8 
 379      D214A9F4 
 379      FA29F8
 380 0b3d F18C768E 		.ascii	"\361\214v\216\347\324\217q\321\217\027ov\014\277\343"
 380      E7D48F71 
 380      D18F176F 
 380      760CBFE3 
 381 0b4d F5B4E887 		.ascii	"\365\264\350\207\227\217\246\031\360\003\241\3613\033"
 381      978FA619 
 381      F003A1F1 
 381      331B
 382 0b5b 26D8417B 		.ascii	"&\330A{<=\307)H<\255\306\217\205\251\245\255\361)\033"
 382      3C3DC729 
 382      483CADC6 
 382      8F85A9A5 
 382      ADF1291B 
 383 0b6f 0DC9447F 		.ascii	"\015\311D\177\177\327\365\273MZ\024\374\3565\0232;\222"
 383      7FD7F5BB 
 383      4D5A14FC 
 383      EE351332 
 383      3B92
 384 0b81 F8406237 		.ascii	"\370@b7\371Qm\003/&?ga\314f\342\037J\354\246\352\310"
 384      F9516D03 
 384      2F263F67 
 384      61CC66E2 
 384      1F4AECA6 
 385 0b97 1E8760CF 		.ascii	"\036\207`\317x\307\272\223\252\362\335\"tB\011}\315"
 385      78C7BA93 
 385      AAF2DD22 
 385      7442097D 
 385      CD
 386 0ba8 79422725 		.ascii	"yB'%\326n%\324#[\314Mp\026\032\001y\037r\272\007\002"
 386      D66E25D4 
 386      235BCC4D 
 386      70161A01 
 386      791F72BA 
 387 0bbe 52ECAE9E 		.ascii	"R\354\256\236G\025@\232%\331\277\253$\365<\004\202\274"
 387      4715409A 
 387      25D9BFAB 
 387      24F53C04 
 387      82BC
 388 0bd0 B2986249 		.ascii	"\262\230bI+<Tb=7\217\211\011\316dc\341\0024\010\036"
 388      2B3C5462 
 388      3D378F89 
 388      09CE6463 
 388      E1023408 
 389 0be5 5C17A0E2 		.ascii	"\\\027\240\342\034\340\271\335\007\326\327u\"\353)%"
 389      1CE0B9DD 
 389      07D6D775 
 389      22EB2925 
 390 0bf5 EB3C4F64 		.ascii	"\353<Od\221d\177\304\273}wX\231RXw\274\207\345\206\276"
 390      91647FC4 
 390      BB7D7758 
 390      99525877 
 390      BC87E586 
ARM GAS  /tmp/cc7zn7Gf.s 			page 31


 391 0c0a 91AAB5CB 		.ascii	"\221\252\265\313\253}Y\273\246J\2547\224\320~9+\344"
 391      AB7D59BB 
 391      A64AAC37 
 391      94D07E39 
 391      2BE4
 392 0c1c D565A405 		.ascii	"\325e\244\005\236\013Y5A\212\035\027\275\342<\2525\301"
 392      9E0B5935 
 392      418A1D17 
 392      BDE23CAA 
 392      35C1
 393 0c2e 594AA02F 		.ascii	"YJ\240/\000\372R\011\035S\270\372Vr\365\264\367\036"
 393      00FA5209 
 393      1D53B8FA 
 393      5672F5B4 
 393      F71E
 394 0c40 20F3354D 		.ascii	" \3635M\362\365\246w_e\330\014\011{[\211\035Tb\323%"
 394      F2F5A677 
 394      5F65D80C 
 394      097B5B89 
 394      1D5462D3 
 395 0c55 EC2DEFD8 		.ascii	"\354-\357\330w\016\254\276\207p:i\320\004M2\363\215"
 395      770EACBE 
 395      87703A69 
 395      D0044D32 
 395      F38D
 396 0c67 38043970 		.ascii	"8\0049p0J\002\231\202\214<\025\356\223\344\204\011d"
 396      304A0299 
 396      828C3C15 
 396      EE93E484 
 396      0964
 397 0c79 033C6783 		.ascii	"\003<g\203|\007\222\006\222\001\222\016\362-\010\017"
 397      7C079206 
 397      9201920E 
 397      F22D080F 
 398 0c89 E2024C22 		.ascii	"\342\002L\"\334\023@\262@R@\222A\336J'SP\245%\244J\307"
 398      DC1340B2 
 398      40524092 
 398      41DE4A27 
 398      5350A525 
 399 0ca0 A04A9F08 		.ascii	"\240J\237\010>\212\223\235\347\271\"\204\223\"\2053"
 399      3E8A939D 
 399      E7B92284 
 399      93228533 
 400 0cb0 A40C477E 		.ascii	"\244\014G~\206E\367\012\257\352\310q\004`\024[\032H"
 400      8645F70A 
 400      AFEAC871 
 400      0460145B 
 400      1A48
 401 0cc2 0312FBCA 		.ascii	"\003\022\373\312\234\032\0242\223\342*\342\264h\023"
 401      9C1A1432 
 401      93E22AE2 
 401      B46813
 402 0cd1 309D742F 		.ascii	"0\235t/\356\344\243w\266?b\305\240\034\250\217\377\217"
 402      EEE4A377 
 402      B63F62C5 
 402      A01CA88F 
 402      FF8F
ARM GAS  /tmp/cc7zn7Gf.s 			page 32


 403 0ce3 BA81D92F 		.ascii	"\272\201\331/%\367R\223\347\216a\023\226ogr1\333\003"
 403      25F75293 
 403      E78E6113 
 403      966F6772 
 403      31DB03
 404 0cf6 C0DDEB8E 		.ascii	"\300\335\353\216\241\306c\307\220'\240\363(\372F\317"
 404      A1C663C7 
 404      9027A0F3 
 404      28FA46CF 
 405 0d06 A5737AFC 		.ascii	"\245sz\374\234M\263U\265\265\003z\226\345\367UN\031"
 405      9C4DB355 
 405      B5B5037A 
 405      96E5F755 
 405      4E19
 406 0d18 7692F993 		.ascii	"v\222\371\223\374?\015%$\"\272\357\310\307\356\177:"
 406      FC3F0D25 
 406      2422BAEF 
 406      C8C7EE7F 
 406      3A
 407 0d29 C1334B76 		.ascii	"\3013Kv\0130Ivo\367<\341\3658\331\227\022m\033=tO\307"
 407      0B304976 
 407      6FF73CE1 
 407      F538D997 
 407      126D1B3D 
 408 0d40 F2F9DAC6 		.ascii	"\362\371\332\306HF\342H\346\330\177\030\013e$\205\""
 408      4846E248 
 408      E6D87F18 
 408      0B652485 
 408      22
 409 0d51 49112599 		.ascii	"I\021%\231\032\312\342u8\307w\232d\334\261\251}\034"
 409      1ACAE275 
 409      38C7779A 
 409      64DCB1A9 
 409      7D1C
 410 0d63 89BB90A1 		.ascii	"\211\273\220\241\177\035\225\3717\227\346\343\305\""
 410      7F1D95F9 
 410      3797E6E3 
 410      C522
 411 0d71 352AC190 		.ascii	"5*\301\220\217\027\213\354\245\224\275\340\354\311\031"
 411      8F178BEC 
 411      A594BDE0 
 411      ECC919
 412 0d80 D8C9C89D 		.ascii	"\330\311\310\235\327.\374\273\020\251\243\322\377\335"
 412      D72EFCBB 
 412      10A9A3D2 
 412      FFDD
 413 0d8e 48CB644E 		.ascii	"H\313dN\226\2114\345\224\246\374\334\300}5nf<S\216s"
 413      968934E5 
 413      94A6FCDC 
 413      C07D356E 
 413      663C538E 
 414 0da3 D77D58A4 		.ascii	"\327}X\244W\337\211\264BFR!\2228\361\034\325/\314\361"
 414      57DF89B4 
 414      42465221 
 414      9238F11C 
 414      D52FCCF1 
 415 0db7 7156BB39 		.ascii	"qV\2739\306\372\2259*>&6\356\313uQ\363\343WY\355\363"
ARM GAS  /tmp/cc7zn7Gf.s 			page 33


 415      C6FA9539 
 415      2A3E2636 
 415      EECB7551 
 415      F3E35759 
 416 0dcd 1768FEF4 		.ascii	"\027h\376\364\037\237\317\011S\031\347\3177\206E\307"
 416      1F9FCF09 
 416      5319E7CF 
 416      378645C7 
 417 0ddd FC356665 		.ascii	"\3745fe\2041\316f\264\304\255Y\023\267\326H>\262\031"
 417      8431CE66 
 417      B4C4AD59 
 417      13B7D648 
 417      3EB219
 418 0df0 434D2BC2 		.ascii	"CM+\302V\2547Z\242-q\326(\363\337>Z3\337\242\3729#\264"
 418      56AC375A 
 418      A22D71D6 
 418      28F3DF3E 
 418      5A33DFA2 
 419 0e08 7D1D63B7 		.ascii	"}\035c\267D\233W[\343\326\230cl\326\277\217%Z5\223\261"
 419      449B575B 
 419      E3D69863 
 419      6CD6BF8F 
 419      255A3593 
 420 0e1d 44AD8FB1 		.ascii	"D\255\217\261K\0343\336u\325/\342\2130\363\262Uk#c\243"
 420      4B1C33DE 
 420      75D52FE2 
 420      8B30F3B2 
 420      556B2363 
 421 0e32 AC3EE64F 		.ascii	"\254>\346O\343\342b\177a\211\216\260D/\267\205[\243"
 421      E3E2627F 
 421      61898EB0 
 421      442FB785 
 421      5BA3
 422 0e44 A2D6C4DB 		.ascii	"\242\326\304\333c\342\326\232\242\276Z\027c\215\212"
 422      63E2D69A 
 422      A2BE5A17 
 422      638D8A
 423 0e53 0CF674C1 		.ascii	"\014\366t\301j7\306\254\265\304\256\213\214\002\313"
 423      6A37C6AC 
 423      B5C4AE8B 
 423      8C02CB
 424 0e62 364B7424 		.ascii	"6Kt$X\325\256\213Yk_\274\310l\327\233\315\342\343o\215"
 424      58D5AE8B 
 424      596B5FBC 
 424      C86CD79B 
 424      CDE2E36F 
 425 0e77 EBC07D11 		.ascii	"\353\300}\021\2726\352\353\330\230\277\032\327\254\262"
 425      BA36EAEB 
 425      D898BF1A 
 425      D7ACB2
 426 0e86 44C7AC8D 		.ascii	"D\307\254\2152\232#\243V\257Z\027k7\333\277\211\217"
 426      329A23A3 
 426      56AF5A17 
 426      6B37DBBF 
 426      898F
 427 0e98 B20143B0 		.ascii	"\262\001C\2607\264\355\033\233\321l\263G\002#@\374\204"
 427      37B4ED1B 
ARM GAS  /tmp/cc7zn7Gf.s 			page 34


 427      9BD16CB3 
 427      47022340 
 427      FC84
 428 0eaa C8EC16FB 		.ascii	"\310\354\026\373z\2555\352\313U\3265f\373?\375\324\372"
 428      7AAD35EA 
 428      CB55D635 
 428      66FB3FFD 
 428      D4FA
 429 0ebc 0102CEBA 		.ascii	"\001\002\316\272\200\263.\344\254\2138\353bl]\270H\023"
 429      80B32EE4 
 429      AC8B38EB 
 429      626C5DB8 
 429      4813
 430 0ece 6B35DBA3 		.ascii	"k5\333\243#\271x\213z}\274\315\312\331\026p\266\205"
 430      23B9788B 
 430      7A7DBCCD 
 430      CAD91670 
 430      B685
 431 0ee0 9C6D1167 		.ascii	"\234m\021g[\314\331>\344l\277\343l\377\314\331>\342"
 431      5BCCD93E 
 431      E46CBFE3 
 431      6CFFCCD9 
 431      3EE2
 432 0ef2 6C1F73B6 		.ascii	"l\037s\266\337c\333\302\005 \013A\026\201,\006\371\020"
 432      DF63DBC2 
 432      05200B41 
 432      16812C06 
 432      F910
 433 0f04 E4773EAB 		.ascii	"\344w>\253\343m\026+\370c\213\262\376-*Rm\211^e\325"
 433      E36D162B 
 433      F8638BB2 
 433      FE2D2A52 
 433      6D895E65 
 434 0f19 2E0DFFDC 		.ascii	".\015\377\334\374g\210Lg\372,\3423\323\027\237-Y\340"
 434      FC67884C 
 434      67FA2CE2 
 434      33D3179F 
 434      2D59E0
 435 0f2c B3343C2C 		.ascii	"\2634<,\314D~CM\232\245\341K\"@Y\361\305R\323\002\372"
 435      CC447E43 
 435      4D9AA5E1 
 435      4B224059 
 435      F1C552D3 
 436 0f42 BBF05FBC 		.ascii	"\273\360_\274\206\001\261\222 \214a+\"\226G\030\303"
 436      8601B192 
 436      208C612B 
 436      22964718 
 436      C3
 437 0f53 200AE372 		.ascii	" \012\343r\261\352I\223[\326|H\352\305l\3762\312n^\032"
 437      B1EA4993 
 437      5BD67C48 
 437      EAC56CFE 
 437      32CA6E5E 
 438 0f68 0E9CFEAB 		.ascii	"\016\234\376\253b\277^\365\215\315\034\2636\026\252"
 438      62BF5EF5 
 438      8DCD1CB3 
 438      3616AA
ARM GAS  /tmp/cc7zn7Gf.s 			page 35


 439 0f77 F90F7F37 		.ascii	"\371\017\1777\353\032[\214\315\374\245\305\002\264:"
 439      EB1A5B8C 
 439      CDFCA5C5 
 439      02B43A
 440 0f86 461B1E11 		.ascii	"F\033\036\021\016O6\366\244\215\010\373\224\006\346"
 440      0E4F36F6 
 440      A48D08FB 
 440      9406E6
 441 0f95 1316FEF9 		.ascii	"\023\026\376\371\362%\352\345a\021&"
 441      F225EAE5 
 441      611126
 442 0fa0 F5177F5E 		.ascii	"\365\027\177^i\362\011]n\0123a\360\000C\230\276\244"
 442      69F2095D 
 442      6E0A3361 
 442      F0004398 
 442      BEA4
 443 0fb2 0F7C6CB6 		.ascii	"\017|l\266\353Xo\200'\034\261,\334'b\031\201\207-\205"
 443      EB586F80 
 443      271CB12C 
 443      DC276219 
 443      81872D85 
 444 0fc6 9F65E467 		.ascii	"\237e\344g\011\374\370\254X\2614\324\244\376\224\374"
 444      09FCF8AC 
 444      58B134D4 
 444      A4FE94FC 
 445 0fd6 84828EC3 		.ascii	"\204\202\216\303\227\232\360\022\220\320%&5\224\231"
 445      979AF012 
 445      90D02526 
 445      359499
 446 0fe5 D4CB2342 		.ascii	"\324\313#BM`.4\3144\203v\200\3308\313\377J]['\275\362"
 446      4D602E34 
 446      CC348376 
 446      80D838CB 
 446      FF4A5D5B 
 447 0ffc 674E7E1A 		.ascii	"gN~\032"
 448 1000 1AF159B8 		.ascii	"\032\361Y\270i\371\317\350\373uk=\300~\262\227\377\007"
 448      69F9CFE8 
 448      FB756B3D 
 448      C07EB297 
 448      FF07
 449 1012 CB220A03 		.ascii	"\313\"\012\003"
 450              		.text
 451              		.section	.gnu.lto_.symtab.d1eb8617f6050602,"",%progbits
 452 0000 5F706F72 		.ascii	"_port_irq_epilogue\000\000\000\000\000\000\000\000\000"
 452      745F6972 
 452      715F6570 
 452      696C6F67 
 452      75650000 
 453 001b 000000B3 		.ascii	"\000\000\000\263\000\000\000SVC_Handler\000\000\000"
 453      00000053 
 453      56435F48 
 453      616E646C 
 453      65720000 
 454 0030 00000000 		.ascii	"\000\000\000\000\000\000\000\000\000\265\000\000\000"
 454      00000000 
 454      00B50000 
 454      00
ARM GAS  /tmp/cc7zn7Gf.s 			page 36


 455 003d 5F706F72 		.ascii	"_port_switch_from_isr\000\000\002\000\000\000\000\000"
 455      745F7377 
 455      69746368 
 455      5F66726F 
 455      6D5F6973 
 456 005a 00000000 		.ascii	"\000\000\000\000\257\000\000\000_port_exit_from_isr"
 456      AF000000 
 456      5F706F72 
 456      745F6578 
 456      69745F66 
 457 0075 00000200 		.ascii	"\000\000\002\000\000\000\000\000\000\000\000\000\261"
 457      00000000 
 457      00000000 
 457      B1
 458 0082 00000063 		.ascii	"\000\000\000chSchIsPreemptionRequired\000\000\002\000"
 458      68536368 
 458      49735072 
 458      65656D70 
 458      74696F6E 
 459 00a2 00000000 		.ascii	"\000\000\000\000\000\000\000\000\275\000\000\000"
 459      00000000 
 459      BD000000 
 460              		.text
 461              		.section	.gnu.lto_.opts,"",%progbits
 462 0000 272D666E 		.ascii	"'-fno-trapv' '-mcpu=cortex-m4' '-mfloat-abi=hard' '"
 462      6F2D7472 
 462      61707627 
 462      20272D6D 
 462      6370753D 
 463 0033 2D6D6670 		.ascii	"-mfpu=fpv4-sp-d16' '-mno-thumb-interwork' '-mthumb'"
 463      753D6670 
 463      76342D73 
 463      702D6431 
 463      36272027 
 464 0066 20272D67 		.ascii	" '-ggdb' '-O2' '-fomit-frame-pointer' '-falign-func"
 464      67646227 
 464      20272D4F 
 464      32272027 
 464      2D666F6D 
 465 0099 74696F6E 		.ascii	"tions=16' '-ffunction-sections' '-fdata-sections' '"
 465      733D3136 
 465      2720272D 
 465      6666756E 
 465      6374696F 
 466 00cc 2D666E6F 		.ascii	"-fno-common' '-flto'\000"
 466      2D636F6D 
 466      6D6F6E27 
 466      20272D66 
 466      6C746F27 
 467              		.text
 468              		.comm	__gnu_lto_v1,1,1
 469              		.comm	__gnu_lto_slim,1,1
 470              		.ident	"GCC: (15:4.9.3+svn231177-1) 4.9.3 20150529 (prerelease)"
ARM GAS  /tmp/cc7zn7Gf.s 			page 37


DEFINED SYMBOLS
                            *ABS*:0000000000000000 chcore_v7m.c
                            *COM*:0000000000000001 __gnu_lto_v1
                            *COM*:0000000000000001 __gnu_lto_slim

NO UNDEFINED SYMBOLS
