ARM GAS  /tmp/cc4uDrFx.s 			page 1


   1              		.cpu cortex-m4
   2              		.eabi_attribute 27, 1
   3              		.eabi_attribute 28, 1
   4              		.eabi_attribute 20, 1
   5              		.eabi_attribute 21, 1
   6              		.eabi_attribute 23, 3
   7              		.eabi_attribute 24, 1
   8              		.eabi_attribute 25, 1
   9              		.eabi_attribute 26, 1
  10              		.eabi_attribute 30, 2
  11              		.eabi_attribute 34, 1
  12              		.eabi_attribute 18, 4
  13              		.file	"crt1.c"
  14              		.text
  15              	.Ltext0:
  16              		.section	.gnu.lto_.profile.9aac300492759233,"",%progbits
  17 0000 789C6365 		.ascii	"x\234ce`b`a```d\220\024\005\000\000\307\000;"
  17      60626061 
  17      60606064 
  17      90140500 
  17      00C7003B 
  18              		.text
  19              		.section	.gnu.lto_.icf.9aac300492759233,"",%progbits
  20 0000 789C6365 		.ascii	"x\234ce`bPc@\0006\206\216/\3636r3\202I&0\311\274\363"
  20      60625063 
  20      40003686 
  20      8E2FF336 
  20      72338249 
  21 0019 F2BF3E2E 		.ascii	"\362\277>.\226K\257W\314ce\275\370mc\017\037\003\000"
  21      964BAF57 
  21      CC6365BD 
  21      F86D630F 
  21      1F0300
  22 002c 5F0D1201 		.ascii	"_\015\022\001"
  23              		.text
  24              		.section	.gnu.lto_.jmpfuncs.9aac300492759233,"",%progbits
  25 0000 789C6365 		.ascii	"x\234ce`b\020d@\000V fd\000\0122030\260\0009\000\003"
  25      60621064 
  25      40005620 
  25      6664000A 
  25      32303330 
  26 0019 8C0028   		.ascii	"\214\000("
  27              		.text
  28              		.section	.gnu.lto_.inline.9aac300492759233,"",%progbits
  29 0000 789C6365 		.ascii	"x\234ce`b\210g@\000V\006\006f&F\240 \003\003\333\002"
  29      60628867 
  29      40005606 
  29      06662646 
  29      A0200303 
  30 0016 7910C5C0 		.ascii	"y\020\305\300\210!\302\204!\302\014\344ADX\300$\220"
  30      8821C284 
  30      21C20CE4 
  30      414458C0 
  30      2490
  31 0028 1259C901 		.ascii	"\022Y\311\001\024Q\332\364\274\221\021\256\214\001\000"
  31      1451DAF4 
  31      BC9111AE 
ARM GAS  /tmp/cc4uDrFx.s 			page 2


  31      8C0100
  32 0037 015E06BA 		.ascii	"\001^\006\272"
  33              		.text
  34              		.section	.gnu.lto_.pureconst.9aac300492759233,"",%progbits
  35 0000 789C6365 		.ascii	"x\234ce`b\340f```e\220`\224`\222`6a\221\002\000\004"
  35      6062E066 
  35      60606065 
  35      90609460 
  35      92603661 
  36 0018 4600B8   		.ascii	"F\000\270"
  37              		.text
  38              		.section	.gnu.lto___core_init.9aac300492759233,"",%progbits
  39 0000 789C6365 		.ascii	"x\234ce`b\250d``\260\006bi fdf`d\232p\216\201\241\221"
  39      6062A864 
  39      6060B006 
  39      62692066 
  39      64666064 
  40 001a 83899111 		.ascii	"\203\211\221\021\304h\340`d\250gb\254g\354g\236\316"
  40      C468E060 
  40      64A86762 
  40      AC67EC67 
  40      9ECE
  41 002c CC78A8FD 		.ascii	"\314x\250\375\331N&\315\345\015@p`\372&\256\266\206"
  41      D94E26CD 
  41      E50D4070 
  41      60FA26AE 
  41      B686
  42 003e 5689F9CC 		.ascii	"V\211\371\314\014\0143\201\030\004\030\2273j2\000\225"
  42      0C0C3381 
  42      18041897 
  42      336A3200 
  42      95
  43 004f 3DDAF86F 		.ascii	"=\332\370o*/\033\013D\234q\005#\033#\220^\177\211\361"
  43      2A2F1B0B 
  43      449C7105 
  43      231B2390 
  43      5E7F89F1 
  44 0063 40C3BFFF 		.ascii	"@\303\277\377\355\015\007\216,f\334\357\305\304\300"
  44      ED0D078E 
  44      2C66DCEF 
  44      C5C4C0
  45 0072 D0059406 		.ascii	"\320\005\224\006\331\321\315\314\004\242\231\33726)"
  45      D9D1CDCC 
  45      04A299DF 
  45      323629
  46 0081 805483CD 		.ascii	"\200T\203\315\352bf\004\011\002\225Y\352\351\351;gd"
  46      EA626604 
  46      09029559 
  46      EAE9E93B 
  46      6764
  47 0093 2665FA07 		.ascii	"&e\372\007\353\347\027\353'\347\347\346\346\347\351"
  47      EBE717EB 
  47      27E7E7E6 
  47      E6E7E9
  48 00a2 17972416 		.ascii	"\027\227$\026\225\224\026\350;\006\371:\373V\200D\013"
  48      959416E8 
  48      3B06F93A 
ARM GAS  /tmp/cc4uDrFx.s 			page 3


  48      FB568044 
  48      0B
  49 00b3 3273528B 		.ascii	"2sR\213\212\365\335\235\235\365\223\213J\014\365\222"
  49      8AF5DD9D 
  49      9DF5938B 
  49      4A0CF592 
  50 00c3 1900D4A8 		.ascii	"\031\000\324\250<!"
  50      3C21
  51              		.text
  52              		.section	.gnu.lto___early_init.9aac300492759233,"",%progbits
  53 0000 789C6365 		.ascii	"x\234ce`b(g``\260\006bi fdf`d\232p\216\201\241\221\203"
  53      60622867 
  53      6060B006 
  53      62692066 
  53      64666064 
  54 001b 899111C4 		.ascii	"\211\221\021\304h\340`d\250gb\254g\354g\236\316\314"
  54      68E06064 
  54      A86762AC 
  54      67EC679E 
  54      CECC
  55 002d 78A8FDD9 		.ascii	"x\250\375\331N&\315\345\015@p`\372\017\256\266\206V"
  55      4E26CDE5 
  55      0D407060 
  55      FA0FAEB6 
  55      8656
  56 003f 89F9CC0C 		.ascii	"\211\371\314\014\0143\201\030\004\030\2273j2\000\225"
  56      0C338118 
  56      04189733 
  56      6A320095 
  57 004f 3DDAF86F 		.ascii	"=\332\370o*/\033\013D\234q\005#\033#\220^\177\211\361"
  57      2A2F1B0B 
  57      449C7105 
  57      231B2390 
  57      5E7F89F1 
  58 0063 40C3BFFF 		.ascii	"@\303\277\377\355\015\007\316(3310t\001%A6t\0039@\232"
  58      ED0D07CE 
  58      28333331 
  58      30740125 
  58      41367403 
  59 007a F92D6393 		.ascii	"\371-c\223\002H-\330\244.fF\220 P\231\245\236\236\276"
  59      02482DD8 
  59      A42E6646 
  59      90205099 
  59      A59E9EBE 
  60 008e 73466652 		.ascii	"sFfR\246\177\260~~\261~r~nn~\236~qIbQIi\201\276c\220"
  60      A67FB07E 
  60      7EB17E72 
  60      7E6E6E7E 
  60      9E7E7149 
  61 00aa AFB36F05 		.ascii	"\257\263o\005H\264 3'\265\250X\337\335\331Y?\271\250"
  61      48B42033 
  61      27B5A858 
  61      DFDDD959 
  61      3FB9A8
  62 00bd C4502F99 		.ascii	"\304P/\231\001\000'\210:\346"
  62      01002788 
  62      3AE6
ARM GAS  /tmp/cc4uDrFx.s 			page 4


  63              		.text
  64              		.section	.gnu.lto___late_init.9aac300492759233,"",%progbits
  65 0000 789C6365 		.ascii	"x\234ce`b(g``\260\006bi fdf`d\232p\216\201\241\221\203"
  65      60622867 
  65      6060B006 
  65      62692066 
  65      64666064 
  66 001b 899111C4 		.ascii	"\211\221\021\304h\340`d\250gb\254g\354g\236\316\314"
  66      68E06064 
  66      A86762AC 
  66      67EC679E 
  66      CECC
  67 002d 78A8FDD9 		.ascii	"x\250\375\331N&\315\345\015@p`\372\026\356\266\206V"
  67      4E26CDE5 
  67      0D407060 
  67      FA16EEB6 
  67      8656
  68 003f 89F9CC0C 		.ascii	"\211\371\314\014\0143\201\030\004\030\2273j2\000\225"
  68      0C338118 
  68      04189733 
  68      6A320095 
  69 004f 3DDAF86F 		.ascii	"=\332\370o*/\033\013D\234q\005#\033#\220^\177\211\361"
  69      2A2F1B0B 
  69      449C7105 
  69      231B2390 
  69      5E7F89F1 
  70 0063 40C3BFFF 		.ascii	"@\303\277\377\355\015\007\216(3310t\001%A6t\0039@\232"
  70      ED0D078E 
  70      28333331 
  70      30740125 
  70      41367403 
  71 007a F92D6393 		.ascii	"\371-c\223\002H-\330\244.fF\220 P\231\245\236\236\276"
  71      02482DD8 
  71      A42E6646 
  71      90205099 
  71      A59E9EBE 
  72 008e 73466652 		.ascii	"sFfR\246\177\260~~\261~r~nn~\236~qIbQIi\201\276c\220"
  72      A67FB07E 
  72      7EB17E72 
  72      7E6E6E7E 
  72      9E7E7149 
  73 00aa AFB36F05 		.ascii	"\257\263o\005H\264 3'\265\250X\337\335\331Y?\271\250"
  73      48B42033 
  73      27B5A858 
  73      DFDDD959 
  73      3FB9A8
  74 00bd C4502F99 		.ascii	"\304P/\231\001\000\372`:\233"
  74      0100FA60 
  74      3A9B
  75              		.text
  76              		.section	.gnu.lto___default_exit.9aac300492759233,"",%progbits
  77 0000 789C6365 		.ascii	"x\234ce`b(c``\260\006bS fde`d\232p\216\201\241\221\203"
  77      60622863 
  77      6060B006 
  77      62532066 
  77      64656064 
  78 001b 899119C4 		.ascii	"\211\221\031\304`dfd\201\010\260@\004\034\031\031\352"
ARM GAS  /tmp/cc4uDrFx.s 			page 5


  78      60646664 
  78      8108B040 
  78      041C1919 
  78      EA
  79 002c 99985918 		.ascii	"\231\230Y\030\201\004\003\004\3643Ogf<\324\376l'\223"
  79      81040304 
  79      F4334F67 
  79      663CD4FE 
  79      6C2793
  80 003f E6F20620 		.ascii	"\346\362\006 80\375\036w[C\253\304|\240\202\231PE\214"
  80      3830FD1E 
  80      775B43AB 
  80      C47CA082 
  80      9950458C 
  81 0053 CB193519 		.ascii	"\313\0315\031\200\312\036m\3747\225\227\215\005\"\316"
  81      80CA1E6D 
  81      FC379597 
  81      8D0522CE 
  82 0063 B882918D 		.ascii	"\270\202\221\215\021H\257\277\304x\240\341\337\377\366"
  82      1148AFBF 
  82      C478A0E1 
  82      DFFFF6
  83 0072 86037716 		.ascii	"\206\003w\0263\376\364\006\012u\001\245\031\201$\023"
  83      33FEF406 
  83      0A7501A5 
  83      19812413 
  84 0082 D0FE2E66 		.ascii	"\320\376.ff\006\240\305\214]\314,P\232\021l\244\245"
  84      6606A0C5 
  84      8C5DCC2C 
  84      509A116C 
  84      A4A5
  85 0094 9E9EBE73 		.ascii	"\236\236\276sFfR\246\177\260~~\261~r~nn~\236~qIbQIi"
  85      466652A6 
  85      7FB07E7E 
  85      B17E727E 
  85      6E6E7E9E 
  86 00af 81BE6390 		.ascii	"\201\276c\220\257\263o\005H\264 3'\265\250X\337\335"
  86      AFB36F05 
  86      48B42033 
  86      27B5A858 
  86      DFDD
  87 00c1 D9593FB9 		.ascii	"\331Y?\271\250\304P/\231\001\000\335+=Y"
  87      A8C4502F 
  87      990100DD 
  87      2B3D59
  88              		.text
  89              		.section	.gnu.lto___init_ram_areas.9aac300492759233,"",%progbits
  90 0000 789C9554 		.ascii	"x\234\225T\335o\223e\024?\347}\336\276\357\333\276\335"
  90      DD6F9365 
  90      143FE77D 
  90      DEBEEFDB 
  90      BEDD
  91 0012 5AB29A18 		.ascii	"Z\262\232\030C\310nv\301\315\232\335!\361BR\023\275"
  91      43C86E76 
  91      C1CD9ADD 
  91      21F14252 
  91      13BD
ARM GAS  /tmp/cc4uDrFx.s 			page 6


  92 0024 2126FA0F 		.ascii	"!&\372\017\210\323\304Eq\3156\022\256\354\273\255\200"
  92      88D3C445 
  92      71CD3612 
  92      AEECBBAD 
  92      80
  93 0035 6E860F51 		.ascii	"n\206\017Q\030\245\265\213\304\300\230\254\003\277F"
  93      18A5B58B 
  93      C4C098AC 
  93      03BF46
  94 0044 71D08DE9 		.ascii	"q\320\215\351\330\002C\232xc\320\013\020\353FLf\272"
  94      D802439A 
  94      7863D00B 
  94      10EB464C 
  94      66BA
  95 0056 69687478 		.ascii	"ihtx\316y\272P6?\233\364}\276\316\371\235\337\371\235"
  95      CE79BA50 
  95      363F9BF4 
  95      7DBECEF9 
  95      9DDFF99D 
  96 006a E7393E30 		.ascii	"\3479>0\340]\013\340)\000\370\220\376\030\0044\016\316"
  96      E05D0BE0 
  96      2900F890 
  96      FE180434 
  96      0ECE
  97 007c 01743B06 		.ascii	"\001t;\006*=Q\350\323\023SO&\034\237a\276=\015\340\005"
  97      2A3D51E8 
  97      D313534F 
  97      261C9F61 
  97      BE3D0DE0 
  98 0091 ACA40D5E 		.ascii	"\254\244\015^\320B\207\367\321\326\343\204\343\030\266"
  98      D04287F7 
  98      D1D6E384 
  98      E318B6
  99 00a0 3EF7CBB9 		.ascii	">\367\313\271\337pG\246x\031\270\345\247\245\253\201"
  99      DF7047A6 
  99      7819B8E5 
  99      A7A5AB81 
 100 00b0 B7051079 		.ascii	"\267\005\020y\364\034\204\204\241L\237e;~7\200\011S"
 100      F41C8484 
 100      A14C9F65 
 100      3B7E3780 
 100      0953
 101 00c2 01164C42 		.ascii	"\001\026LB\343\017q\002\037\350\237S\035\017\250\243"
 101      E30F7102 
 101      1FE89F53 
 101      1D0FA8A3 
 102 00d2 0A27F7FD 		.ascii	"\012'\367\375x\336\330|\322\243_\341\350;\365{\275="
 102      78DED87C 
 102      D2A35FE1 
 102      E83BF57B 
 102      BD3D
 103 00e4 8F6615C0 		.ascii	"\217f\025\3001\245m\360$n\0062\273\221\034M\253\375"
 103      31A56DF0 
 103      246E0632 
 103      BB911C4D 
 103      ABFD
 104 00f6 2AAB104D 		.ascii	"*\253\020MZ\376r-u\273\236\227\0066\3222\231=\2253\325"
ARM GAS  /tmp/cc4uDrFx.s 			page 7


 104      5AFE722D 
 104      75BB9E97 
 104      0636D232 
 104      993D9533 
 105 010b 13C896A7 		.ascii	"\023\310\226\247\357\335\350SM'<\257\307+|?\0269\334"
 105      EFDDE853 
 105      4D273CAF 
 105      C72B7C3F 
 105      1639DC
 106 011e EB5DF1CC 		.ascii	"\353]\361\314\254\242\003T\204\212C\270\021O\341FA'"
 106      ACA20354 
 106      848A43B8 
 106      114FE146 
 106      4127
 107 0130 F35B6757 		.ascii	"\363[gW\336\253\263L\034\306&\035\024?B\013\001\024"
 107      DEABB34C 
 107      1CC6261D 
 107      143F420B 
 107      0114
 108 0142 EFD0F9D4 		.ascii	"\357\320\371\324\235\337\213\256zR\240\273\207\217\247"
 108      9DDF8BAE 
 108      7A52A0BB 
 108      878FA7
 109 0151 8355E85F 		.ascii	"\203U\350_\3076\035\252B\233xf=4\216\210\373\325\302"
 109      C7361DAA 
 109      429B7866 
 109      3D348E88 
 109      FBD5C2
 110 0164 5BB9808A 		.ascii	"[\271\200\212\211\373Jq~\321Wu\257l9\346\025\222\215"
 110      89FB4A71 
 110      7ED15775 
 110      AF6C39E6 
 110      15928D
 111 0177 EC9CFB0B 		.ascii	"\354\234\373\013\347Ql\312\025\261\340\255\334\337\347"
 111      E7516CCA 
 111      15B1E0AD 
 111      DCDFE7
 112 0186 15E6B68C 		.ascii	"\025\346\266\214/\335lx\004\201)\031\202\254\304\304"
 112      2FDD6C78 
 112      04812919 
 112      82ACC4C4 
 113 0196 94AF23DF 		.ascii	"\224\257#\337\200\354\2732\017\002\341\326\321\307\027"
 113      80ECBB32 
 113      0F02E1D6 
 113      D1C717
 114 01a5 927558CE 		.ascii	"\222uX\3166\360n\203lD\004\012\240\217\022^\004\350"
 114      36F06E83 
 114      6C44040A 
 114      A08F125E 
 114      04E8
 115 01b7 57060DEA 		.ascii	"W\006\015\352\016\366\014\346\322[E\000\235\374\221"
 115      0EF60CE6 
 115      D25B4500 
 115      9DFC91
 116 01c6 3D93D76D 		.ascii	"=\223\327m\226\331\222\004z+\227\312\365\211?<\252\220"
 116      96D99204 
 116      7A2B97CA 
ARM GAS  /tmp/cc4uDrFx.s 			page 8


 116      F5893F3C 
 116      AA90
 117 01d8 754269FD 		.ascii	"uBi\375fR\303\257f1\323\035\316*\033\317a\002\317r\016"
 117      6652C3AF 
 117      6631D31D 
 117      CE2A1BCF 
 117      6102CF72 
 118 01ed 74707FE1 		.ascii	"tp\177\341\334\210\237\214\007<o\360\003\203!>\306,"
 118      DC889F8C 
 118      073C6FF0 
 118      0383213E 
 118      C62C
 119 01ff 098B9F60 		.ascii	"\011\213\237`\0028\246\202\244M1\015\341\222Q\010\363"
 119      0238A682 
 119      A44D310D 
 119      E1925108 
 119      F3
 120 0210 D8939FDF 		.ascii	"\330\223\237\337_\262k\252B\264\231\257\024\205\\?E"
 120      5FB26BAA 
 120      42B499AF 
 120      14855C3F 
 120      45
 121 0221 2BA302B5 		.ascii	"+\243\002\265\304\224\020\373mz\366\315 \263\240[4x"
 121      C49410FB 
 121      6D7AF6CD 
 121      20B3A05B 
 121      3478
 122 0233 11295187 		.ascii	"\021)Q\207\000\361\263*\225\367\007\306\312\365\321"
 122      00F1B32A 
 122      95F707C6 
 122      CAF5D1
 123 0242 33DE41CF 		.ascii	"3\336A\317#\305\375\3709\021\031\220\013\206c\030\005"
 123      23C5FDF8 
 123      39111990 
 123      0B866318 
 123      05
 124 0253 CEFB0DC6 		.ascii	"\316\373\015\306\346p\204/D\206\016\330:\234\273\026"
 124      E670842F 
 124      44860ED8 
 124      3A9CBB16 
 125 0263 3FFFAFF8 		.ascii	"?\377\257\370\347\005\037\031?\377\020\376(\343\273"
 125      E7051F19 
 125      3FFF10FE 
 125      28E3BB
 126 0272 00CB8835 		.ascii	"\000\313\2105r\262B\271\3643\253\242\342\005L\030\305"
 126      72B242B9 
 126      F433ABA2 
 126      E2054C18 
 126      C5
 127 0283 FA8C8AB8 		.ascii	"\372\214\212\270\371\273\023HJ\231@\317P\021\253J\337"
 127      F9BB1348 
 127      4A9940CF 
 127      5011AB4A 
 127      DF
 128 0294 7839AE69 		.ascii	"x9\256i\325\325\252`\256S\201x\0042\364:\276`\2128\316"
 128      D5D5AA60 
 128      AE538178 
ARM GAS  /tmp/cc4uDrFx.s 			page 9


 128      0432F43A 
 128      BE608A38 
 129 02a9 CA93FF91 		.ascii	"\312\223\377\221\231\307\330{mF\233\304XU\215/\2221"
 129      99C7D87B 
 129      6D469BC4 
 129      58558D2F 
 129      9231
 130 02bb E1937D6F 		.ascii	"\341\223}oz\357\265\362\013:^\210\015\370~R6\215\017"
 130      7AEFB5F2 
 130      0B3A5E88 
 130      0DF87E52 
 130      368D0F
 131 02ce 920969B3 		.ascii	"\222\011i\263\357\312/i\2630\007}\310L4\015K\305}@\215"
 131      EFCA2F69 
 131      B330077D 
 131      C84C340D 
 131      4BC57D40 
 132 02e3 42975C9C 		.ascii	"B\227\\\234\025\310\\,\014]\376T)\240\201\202\353\023"
 132      15C85C2C 
 132      0C5DFE54 
 132      29A08182 
 132      EB13
 133 02f5 FA47CD2F 		.ascii	"\372G\315/\211\346\006\353W \315\177\300\344\334\345"
 133      89E606EB 
 133      5720CD7F 
 133      C0E4DCE5 
 134 0305 9BA8B114 		.ascii	"\233\250\261\024\301q\265\227\321\240\362\252oo\337"
 134      C171B597 
 134      D1A0F2AA 
 134      6F6FDF
 135 0314 A304C366 		.ascii	"\243\004\303f\2764\203\313H\207\256\252\310V\310L\225"
 135      BE3483CB 
 135      4887AEAA 
 135      C856C84C 
 135      95
 136 0325 44708BAF 		.ascii	"Dp\213\257&\231SD\"M\033\366j\005\226~:=m\375\275\206"
 136      26995344 
 136      224D1BF6 
 136      6A05967E 
 136      3A3D6DFD 
 137 033b 6655C309 		.ascii	"fU\303\011bS[\240\000=\336I:\021\261\306\227\253\232"
 137      62535BA0 
 137      003DDE49 
 137      3A11B1C6 
 137      97AB9A
 138 034e 36B0C37A 		.ascii	"6\260\303zM\033D,\207\305\302\007b\231Z\240\241U\201"
 138      4D1B442C 
 138      87C5C207 
 138      62995AA0 
 138      A15581
 139 0361 36FC4F81 		.ascii	"6\374O\201.\213@r\301\246\326\012d\022\234\026\210f"
 139      2E8B4072 
 139      C1A6D60A 
 139      64129C16 
 139      8866
 140 0373 8E05C4C1 		.ascii	"\216\005\304\301\256,\210\024~\226Bh\177\263K\033G("
 140      AE2C8814 
ARM GAS  /tmp/cc4uDrFx.s 			page 10


 140      7E964268 
 140      7FB34B1B 
 140      4728
 141 0385 0AE11717 		.ascii	"\012\341\027\027\257f\\\335\221\303\370em\022\362\234"
 141      AF665CDD 
 141      91C3F865 
 141      6D12F29C 
 142 0395 233AC24A 		.ascii	"#:\302J\336\342\267KkrI]X\232\365\261\213\213\316\177"
 142      DEE2B74B 
 142      6B72495D 
 142      589AF5B1 
 142      8B8BCE7F 
 143 03a9 6927D335 		.ascii	"i'\3235\355\344\320\354\361\005_K\216\323\031\\@\312"
 143      EDE4D0EC 
 143      F1055F4B 
 143      8ED3195C 
 143      40CA
 144 03bb 15AF5042 		.ascii	"\025\257PB\370\225\356\230d\320\177w\376\353\320j\277"
 144      F895EE98 
 144      64D07F77 
 144      FEEBD06A 
 144      BF
 145 03cc 41EE0C33 		.ascii	"A\356\0143\330B\311\316J\273\341^\347\302a\013\373\351"
 145      D842C9CE 
 145      4ABBE15E 
 145      E7C2610B 
 145      FBE9
 146 03de 7D53AFFB 		.ascii	"}S\257\373\231\336d)\203\272\257\310)\3226]\237\307"
 146      99DE6429 
 146      83BAAFC8 
 146      29D2365D 
 146      9FC7
 147 03f0 9B9BA3B1 		.ascii	"\233\233\243\261W\332^l{\366\371h{g\264\265}\347\316"
 147      57DA5E6C 
 147      7BF6F968 
 147      7B67B4B5 
 147      7DE7CE
 148 0403 F6D7A39D 		.ascii	"\366\327\243\235];:\272v\305\243\333\236\333\036\333"
 148      5D3B3ABA 
 148      76C5A3DB 
 148      9EDB1EDB 
 149 0413 BE9B77E3 		.ascii	"\276\233w\343m\257\275\334\321\031}:\026\213\266vt\265"
 149      6DAFBDDC 
 149      D1197D3A 
 149      168BB676 
 149      74B5
 150 0425 34B782EA 		.ascii	"4\267\202\352\330\0217\272\342\030\377\023K90u"
 150      D81137BA 
 150      E218FF13 
 150      4B393075 
 151              		.text
 152              		.section	.gnu.lto_ram_areas.9aac300492759233,"",%progbits
 153 0000 789C75D1 		.ascii	"x\234u\321\337KSa\030\007\360\3679\357\3464\177fV\232"
 153      DF4B5361 
 153      1807F0F7 
 153      39EFE634 
 153      7F66569A 
ARM GAS  /tmp/cc4uDrFx.s 			page 11


 154 0014 ABFE831D 		.ascii	"\253\376\203\035\364j\341M\261\013\361B\204\374\013"
 154      F46AE14D 
 154      B10BF142 
 154      84FC0B
 155 0023 6A040ED2 		.ascii	"j\004\016\322\311\266 \272\331\271P\020#o\025\022&\030"
 155      C9B620BA 
 155      D9B95010 
 155      236F1512 
 155      2618
 156 0035 A8A56E5A 		.ascii	"\250\245nZY\333\252Ms\232\371+K\257\272\361B\014\304"
 156      59DBAA4D 
 156      739AF92B 
 156      4BAFBAF1 
 156      420CC4
 157 0048 2B338434 		.ascii	"+3\2044\346\273}\317E\234\361\234\213\363\205\347y\371"
 157      E6BB7DCF 
 157      459CF19C 
 157      8BF385E7 
 157      79F9
 158 005a F2E17DED 		.ascii	"\362\341}\355B\023-v!\232\004\276AI\361\370\341OG\370"
 158      42132D76 
 158      219A04BE 
 158      4149F1F8 
 158      E14F47F8 
 159 006e 9FD16718 		.ascii	"\237\321g\030\273O\017\344\223\210\024\243\262`5\262"
 159      BB4F0FE4 
 159      938814A3 
 159      B26035B2 
 160 007e AFE51754 		.ascii	"\257\345\027T\270\240\374B+XT\347\3472?\377\263\277"
 160      B8A0FC42 
 160      2B5854E7 
 160      E7323FFF 
 160      B3BF
 161 0090 972A76CF 		.ascii	"\227*v\317\031}#\306\355\210\244!)\350%\205\207$\321"
 161      197D23C6 
 161      ED88A421 
 161      29E82585 
 161      8724D1
 162 00a3 442E341A 		.ascii	"D.4\032\317\205\2441\012\347\216\037\367\367\236\310"
 162      CF85A431 
 162      0AE78E1F 
 162      F7F79EC8 
 163 00b3 0119510B 		.ascii	"\001\031Q\013\207\2455;\000\241\215\023\3329a\021#t"
 163      87A5353B 
 163      00A18D13 
 163      DA396111 
 163      2374
 164 00c5 70C21884 		.ascii	"p\302\030\204Q\010\247!\234\202p\357t*Q\001a\221\245"
 164      5108A721 
 164      9C8270EF 
 164      742A5101 
 164      6191A5
 165 00d8 F5B7292C 		.ascii	"\365\267),\346\204%\234\360\002#,\345\204s\020\276\205"
 165      E684259C 
 165      F002232C 
 165      E5847310 
 165      BE85
ARM GAS  /tmp/cc4uDrFx.s 			page 12


 166 00ea F00D84AF 		.ascii	"\360\015\204\257!\\y\2218+\203\320ni\375e\012\3138a"
 166      215C7991 
 166      382B83D0 
 166      6E69FD65 
 166      0ACB3861 
 167 00fe 3927AC60 		.ascii	"9'\254`\204\225\234\360\003\204I\010\023\020\306!\334"
 167      84959CF0 
 167      03844908 
 167      1310C621 
 167      DC
 168 010f EA890D9B 		.ascii	"\352\211\015\233\257l\263\264&Ma\025'\274\310\011\253"
 168      AF6CB3B4 
 168      264D6115 
 168      27BCC809 
 168      AB
 169 0120 19E1254E 		.ascii	"\031\341%N\270\000\341<\204i\010S\020.\034\305\306\314"
 169      B800E13C 
 169      84690853 
 169      102E1CC5 
 169      C6CC
 170 0132 3B9496D6 		.ascii	";\224\226\326\250)\254\341\204\2279\341\025Fx\225\023"
 170      A829ACE1 
 170      849739E1 
 170      15467895 
 170      13
 171 0143 7E817019 		.ascii	"~\201p\031\302%\0103\020f\262'\351J\0105K\353\250)\254"
 171      C2250833 
 171      1066B227 
 171      E94A0835 
 171      4BEBA829 
 172 0158 E584759C 		.ascii	"\345\204u\234\360\032#\254\347\204\033\020\256C\270"
 172      F01A23AC 
 172      E7841B10 
 172      AE43B8
 173 0167 06E12A84 		.ascii	"\006\341*\204\377\327\234>\003\311\311\221\256s\244"
 173      FFD79C3E 
 173      03C9C991 
 173      AE73A4
 174 0176 1B0CE926 		.ascii	"\033\014\351&G\372\001\322w\220\266@\372\006R\317\363"
 174      47FA01D2 
 174      7790B640 
 174      FA0652CF 
 174      F3
 175 0187 CC5F078E 		.ascii	"\314_\007\216\033\352\352$58i\233\334\324\350\244M\025"
 175      1BEAEA24 
 175      3538699B 
 175      DCD4E8A4 
 175      4D15
 176 0199 5FC9492B 		.ascii	"_\311I+*\027U~V\371I\345G\225\357U\276S9\253rF\345\244"
 176      2A17557E 
 176      56F949E5 
 176      4795EF55 
 176      BE5339AB 
 177 01b1 CA57E416 		.ascii	"\312W\344\026\264\243~\267\\.\335\323\341\273\357kk"
 177      B4A37EB7 
 177      5C2EDDD3 
 177      E1BBEF6B 
ARM GAS  /tmp/cc4uDrFx.s 			page 13


 177      6B
 178 01c2 D7FD41DD 		.ascii	"\327\375A\335\353\357\354\364w\351\301\320\275@\350"
 178      EBEFECF4 
 178      77E9C1D0 
 178      BD40E8
 179 01d1 51B77EE7 		.ascii	"Q\267~\347n\253\247\365qn\332\355{\370 \020\324\233"
 179      6EABA7F5 
 179      716EDAED 
 179      7BF82010 
 179      D49B
 180 01e3 3D1EDD1B 		.ascii	"=\036\335\033\0105\270\274\342\034\332O\015\254"
 180      0835B8BC 
 180      E21CDA4F 
 180      0DAC
 181              		.text
 182              		.section	.gnu.lto_.symbol_nodes.9aac300492759233,"",%progbits
 183 0000 789C55CD 		.ascii	"x\234U\315YR\302P\030D\341\377$\2718\2038 \010hp'.\206"
 183      5952C250 
 183      1844E1FF 
 183      24B93883 
 183      38200868 
 184 0018 75DC9403 		.ascii	"u\334\224\003\010\016D\005'T\024\034\366\340\"\\\223"
 184      080E4405 
 184      2754141C 
 184      F6E0225C 
 184      93
 185 0029 A15FAC3C 		.ascii	"\241_\254<}U\247\272\252\235\005\326\306\314\202c\274"
 185      7D55A7BA 
 185      AA9D05D6 
 185      C6CC8263 
 185      BC
 186 003a 59FA6B96 		.ascii	"Y\372k\226\361\223\034f\345\004O\276\234\342\203|\351"
 186      F1931C66 
 186      E5044FBE 
 186      9CE2837C 
 186      E9
 187 004b E0C3FFD2 		.ascii	"\340\303\377\322\312J\027\037\3456\356\010K\016\314"
 187      CA4A171F 
 187      E536EE08 
 187      4B0ECC
 188 005a 42770671 		.ascii	"Bw\006qv\345z\004\262O(\317\211\344\005N^R\220W,\310"
 188      76E57A04 
 188      B24F28CF 
 188      89E4054E 
 188      5E529057 
 189 0070 018B3265 		.ascii	"\001\2132eI^\263,oX\221\267\254\312!krDQ\336Q\222\367"
 189      495EB32C 
 189      6F5891B7 
 189      ACCA216B 
 189      724451DE 
 190 0087 ACCB07CA 		.ascii	"\254\313\007\312\362\221\015\371\304\246\034\263%\237"
 190      F2910DF9 
 190      C4A61CB3 
 190      259F
 191 0095 D9962F54 		.ascii	"\331\226/T\344+;rBU\276Q\223\357\354\312)u9\243!?h\312"
 191      E42B3B72 
 191      4255BE51 
ARM GAS  /tmp/cc4uDrFx.s 			page 14


 191      93EFECCA 
 191      297539A3 
 192 00ad 4FF6E417 		.ascii	"O\366\344\027\373\362\233x\256\375\001\343\2141 "
 192      FBF29B78 
 192      AEFD01E3 
 192      8C3120
 193              		.text
 194              		.section	.gnu.lto_.refs.9aac300492759233,"",%progbits
 195 0000 789C05C1 		.ascii	"x\234\005\301\007\022\202@\020\000\260\235\014\207 "
 195      07128240 
 195      1000B09D 
 195      0C8720
 196 000f 168A8A58 		.ascii	"\026\212\212XNl\257\341\377\377!I!\226\210PH\244<'\245"
 196      4E6CAFE1 
 196      FFFF2149 
 196      21968850 
 196      48A43C27 
 197 0024 8D4A6DAB 		.ascii	"\215Jm\253\261\263wp\324\352\364\006'g\027\243\253\311"
 197      B1B37770 
 197      D4EAF406 
 197      276717A3 
 197      ABC9
 198 0036 CDDDC353 		.ascii	"\315\335\303S\3662{\373\370\372\371\307\012}f\003\234"
 198      F6327BFB 
 198      F8FAF9C7 
 198      0A7D6603 
 198      9C
 199              		.text
 200              		.section	.gnu.lto_.decls.9aac300492759233,"",%progbits
 201 0000 789C8596 		.ascii	"x\234\205\226iPT\331\025\307\337\355\333lM\013\006\234"
 201      695054D9 
 201      15C7DFED 
 201      DB6C4D0B 
 201      069C
 202 0012 8C29B5C6 		.ascii	"\214)\265\3061L\244jj\350\340\232|IM\312\2528_&3\225"
 202      314CA46A 
 202      6AE8E09A 
 202      7C494DCA 
 202      AA385F26 
 203 0028 C5AF5D88 		.ascii	"\305\257]\210d\244\202`ASj%\225z\262\203\200\250\310"
 203      64A48260 
 203      41536A25 
 203      957AB283 
 203      80A8C8
 204 003b AEB2B800 		.ascii	"\256\262\270\000\212\300\250\010\"\210\242\210\270\001"
 204      8AC0A808 
 204      2288A288 
 204      B801
 205 0049 B2A8C822 		.ascii	"\262\250\310\"\010\212l\012\210 \0129\367\334\327\364"
 205      088A6C0A 
 205      88200A39 
 205      F7DCD7F4 
 206 0059 729BE455 		.ascii	"r\233\344U\377\273\337\275\357\234\3379\367\334\363"
 206      FFBBDFBD 
 206      EF9CDF39 
 206      F7DCF3
 207 0068 6EB59DA4 		.ascii	"n\265\235\244\222\376\275T\222\266RI\212PI\322<\\\016"
ARM GAS  /tmp/cc4uDrFx.s 			page 15


 207      92FEBD54 
 207      92B65249 
 207      8A5049D2 
 207      3C5C0E
 208 007b 92241549 		.ascii	"\222$\025I\246\313\016T\002\272\000*\003U\202\252@_"
 208      A6CB0E54 
 208      02BA002A 
 208      035582AA 
 208      405F
 209 008d 829E83FA 		.ascii	"\202\236\203\372@\375\240\227\240A\320\020h\0044\006"
 209      40FDA097 
 209      A041D010 
 209      68043406 
 210 009d 7A0B9A00 		.ascii	"z\013\232\000\275\003\275\007\315\200fA\237@\363 B$"
 210      BD03BD07 
 210      CD806641 
 210      9F40F320 
 210      4224
 211 00af 8982EC40 		.ascii	"\211\202\354@\016 '\2203h\011\310\025\364\013\220;\350"
 211      0E202790 
 211      336809C8 
 211      15F40B90 
 211      3BE8
 212 00c1 33D0E7A0 		.ascii	"3\320\347\240_\201V\200V\201\276\000}I$\213\313\007"
 212      5F815680 
 212      5681BE00 
 212      7D49248B 
 212      CB07
 213 00d3 C66C6A9B 		.ascii	"\306lj\2332&J\356\326\327O6\354.\330\260\333e\303\256"
 213      32264AEE 
 213      D6D74F36 
 213      EC2ED8B0 
 213      DB65C3AE 
 214 00e7 CC86DD1E 		.ascii	"\314\206\335\036\033v\2256\354\376\005\017\264\212\235"
 214      1B769536 
 214      ECFE050F 
 214      B48A9D
 215 00f6 1B681968 		.ascii	"\033h\031h\015\314=\204\337\265\240_\303}\017\374v\203"
 215      0DCC3D84 
 215      DFB5A05F 
 215      C37D0FFC 
 215      7683
 216 0108 3CE0FE3E 		.ascii	"<\340\376>\374\376\010R\203\236\200ZAm\240v%F\225\362"
 216      FCFE0852 
 216      839E805A 
 216      416DA076 
 216      254695F2 
 217 011c FBDC2A4E 		.ascii	"\373\334*N-\341>\017\025\026\213\323\263\010\207]\253"
 217      2DE13E0F 
 217      15168BD3 
 217      B308875D 
 217      AB
 218 012d 255ECB2F 		.ascii	"%^\313/\224\332\256Pj\375\271R{we/\\\225\275qV\366\312"
 218      94DAAE50 
 218      6AFDB952 
 218      7B77652F 
 218      5C95BD71 
ARM GAS  /tmp/cc4uDrFx.s 			page 16


 219 0144 41D93BB6 		.ascii	"A\331;\266\207l/\331\236\262\275e{\314\366\232\3559"
 219      876C2FD9 
 219      9EB2BD65 
 219      7BCCF69A 
 219      ED39
 220 0156 DB7BD603 		.ascii	"\333{\326\003\254\027XO\260\336`=\302z\205\365\014\353"
 220      AC17584F 
 220      B0DE603D 
 220      C27A85F5 
 220      0CEB
 221 0168 9D3EABFC 		.ascii	"\235>\253\374S))K\270Y\245\352\"\317\010\264%Y\312\253"
 221      5329294B 
 221      B859A5EA 
 221      22CF08B4 
 221      2559CAAB 
 222 017c 4AF83741 		.ascii	"J\3707A\361\200\306\213\020\234\207Y\225\244l\206q\212"
 222      F180C68B 
 222      109C8759 
 222      95A46C86 
 222      718A
 223 018e 183D94B1 		.ascii	"\030=\224\261J\031\252\024$~\024gbF\344\217y$\343\305"
 223      4A19AA14 
 223      247E1467 
 223      6246E48F 
 223      7924E3C5 
 224 01a2 EBCD6FD0 		.ascii	"\353\315o\320\315\350MT\246\000\204\230;\230\001y\332"
 224      CDE84D54 
 224      A6008498 
 224      3B980179 
 224      DA
 225 01b3 CAF385FC 		.ascii	"\312\363\205\374$\323\342\210q\365\303\361\023'\324"
 225      24D3E288 
 225      71F5C3F1 
 225      1327D4
 226 01c2 DDA49310 		.ascii	"\335\244\223\020g)\373[\202s\227\237\036\274mOU\204"
 226      6729FB5B 
 226      8273979F 
 226      1EBC6D4F 
 226      5584
 227 01d4 DDDF7F36 		.ascii	"\335\337\1776r\316\216\272\340}I\326\307&G5,\273\220"
 227      72CE8EBA 
 227      E07D49D6 
 227      C7264735 
 227      2CBB90
 228 01e7 50EEDD3D 		.ascii	"P\356\335=\223\377'\257s2\277\034\2776\025\365\326\374"
 228      93FF27AF 
 228      7332BF1C 
 228      BF3615F5 
 228      D6FC
 229 01f9 FB1AD744 		.ascii	"\373\032\327DJ\3344D\005\303\3467\367\2169\303p\231"
 229      4ADC3444 
 229      05C3E637 
 229      F78E39C3 
 229      7099
 230 020b 862C85E1 		.ascii	"\206,\205\341\364\376\326\353\232\345)\350\025./U\221"
 230      F4FED6EB 
 230      9AE529E8 
ARM GAS  /tmp/cc4uDrFx.s 			page 17


 230      152E2F55 
 230      91
 231 021c 6DBF24E7 		.ascii	"m\277$\347\311JRDVBj\305d9|oWs\322\353\352\322\237\326"
 231      C94A5244 
 231      56426AC5 
 231      64397C6F 
 231      5773D2EB 
 232 0234 64CBD935 		.ascii	"d\313\3315r\315\313\274\337\364\376,\313\221a\262\254"
 232      72CDCBBC 
 232      DFF4FE2C 
 232      CB9161B2 
 232      AC
 233 0245 6656A480 		.ascii	"fV\244\200Pr\216x\201\365Y\242f#\270\313'\335\204\234"
 233      50728E78 
 233      81F559A2 
 233      6623B8CB 
 233      27DD849C 
 234 0259 215DB0E0 		.ascii	"!]\260\340\022\262\006\000oG\016>p\245\333\026Y\301"
 234      12B20600 
 234      6F470E3E 
 234      70A5DB16 
 234      59C1
 235 026b 9986F476 		.ascii	"\231\206\364v\252\360{\277N\227k\302\366\313\262\012"
 235      AAF07BBF 
 235      4E976BC2 
 235      F6CBB20A 
 236 027b E9A50BF4 		.ascii	"\351\245\013\364\237\201^jM\277\200\364\261\2267]\224"
 236      9F815E6A 
 236      4DBF80F4 
 236      B196375D 
 236      94
 237 028c FA2E426F 		.ascii	"\372.Bo\271\223\364\334Q\2417\177cA\277\270@\277\004"
 237      B993F4DC 
 237      51A1377F 
 237      6341BFB8 
 237      40BF04
 238 029f F48BD6F4 		.ascii	"\364\213\326\3642\244\027<yw\303\231\006!\375\304\235"
 238      32A4173C 
 238      7977C399 
 238      0621FDC4 
 238      9D
 239 02b0 DE1C2DFD 		.ascii	"\336\034-\375\017\336\017\276j\351pe\221\312\215\221"
 239      0FDE0FBE 
 239      6AE97065 
 239      91CA8D91 
 240 02c0 FA629BAE 		.ascii	"\372b\233\256:\031c\223\012\242f\223S\335\243%.,\374"
 240      3A196393 
 240      0AA26693 
 240      53DDA325 
 240      2E2CFC
 241 02d3 75B9E683 		.ascii	"u\271\346\203\227E\370\313\013\341\257@\370\313\326"
 241      9745F8CB 
 241      0BE1AF40 
 241      F8CBD6
 242 02e2 E12B317C 		.ascii	"\341+1|c\332\201(B\243\011\306|\364\361|\277\003\203"
 242      63DA8128 
 242      42A309C6 
ARM GAS  /tmp/cc4uDrFx.s 			page 18


 242      7CF4F17C 
 242      BF0383
 243 02f5 F5C8350D 		.ascii	"\365\3105\015\277c0\331\010\273j\204I\354\326\222T\205"
 243      BF6330D9 
 243      08BB6A84 
 243      49ECD692 
 243      5485
 244 0307 A48A0747 		.ascii	"\244\212\007Gj]h\032'\225\015\334\251\323\360\346\220"
 244      6A5D681A 
 244      27950DDC 
 244      A9D3F0E6 
 244      90
 245 0318 098C3FB5 		.ascii	"\011\214?\265\015\335$\274;dG\030O\306E\276\247\374"
 245      0DDD24BC 
 245      3B644718 
 245      4FC645BE 
 245      A7FC
 246 032a B9030C9B 		.ascii	"\271\003\014\233\"J\262\224\241\232\355\347\375\214"
 246      224AB294 
 246      A19AEDE7 
 246      FD8C
 247 0338 3E176EBD 		.ascii	">\027n\275\032\206\3559\375\323\032M\014k\245\244p\331"
 247      1A86ED39 
 247      FDD31A4D 
 247      0C6BA5A4 
 247      70D9
 248 034a E93B6656 		.ascii	"\351;fV\013\275t\003{\351&\321\300\267n%\271\016C\260"
 248      0BBD7403 
 248      7BE926D1 
 248      C0B76E25 
 248      B90E43B0 
 249 035e CEA89C6C 		.ascii	"\316\250\234l\260\343,\026)z\342f\230\232\346\362\264"
 249      B0E32C16 
 249      297AE266 
 249      989AE6F2 
 249      B4
 250 036f 3AEB0BCE 		.ascii	":\353\013\316\2628k5\204\275E\2560U<\\1\263\204O1\213"
 250      B2386B35 
 250      84BD45AE 
 250      30553C5C 
 250      31B3844F 
 251 0385 E683E327 		.ascii	"\346\203\343'\035h\021\232\253\322\033\332o\250\211"
 251      1D68119A 
 251      ABD21BDA 
 251      6FA889
 252 0394 A7E6340B 		.ascii	"\247\3464\013]s\273\370\017\351\343\262\274\232\334"
 252      5D73BBF8 
 252      0FE9E3B2 
 252      BC9ADC
 253 03a3 251A72C7 		.ascii	"%\032r\307T\217\265\020_\202\354\302xv\322Bn\244\201"
 253      548FB510 
 253      5F82ECC2 
 253      7876D242 
 253      6EA481
 254 03b6 78322EB3 		.ascii	"x2.\263#\3650y\233gXp\362P\256=\035\3401\352\252;\036"
 254      23F53079 
 254      9B675870 
ARM GAS  /tmp/cc4uDrFx.s 			page 19


 254      F250AE3D 
 254      1DE031EA 
 255 03cd AB89C6D3 		.ascii	"\253\211\306\323&\340\201\015\000Of\276jM]$\333\234"
 255      26E0810D 
 255      004F66BE 
 255      6A4D5D24 
 255      DB9C
 256 03df FB90CC3D 		.ascii	"\373\220\314=S2wY5X\220\350g\375\345v\332\270\005*\032"
 256      53327759 
 256      355890E8 
 256      67FDE576 
 256      DAB8052A 
 257 03f4 9AAAF690 		.ascii	"\232\252\366\220h\225\367\370\356\275\204j\007z\230"
 257      6895F7F8 
 257      EEBD846A 
 257      077A98
 258 0403 9F0549A3 		.ascii	"\237\005I\243YU\3164\213\017\214\257\264\033\177\245"
 258      5955CE34 
 258      8B0F8CAF 
 258      B41B7FA5 
 259 0413 8D7BBA4C 		.ascii	"\215{\272L\331\323\207\303\357\3135\364,\332\332\267"
 259      D9D387C3 
 259      EFCB35F4 
 259      2CDADAB7 
 260 0423 9EEF9FA2 		.ascii	"\236\357\237\242\304\303\303\303\323\303=\227\005\255"
 260      C4C3C3C3 
 260      D3C33D97 
 260      05AD
 261 0431 79D9B7E2 		.ascii	"y\331\267\342\012\274\312\261\366,\026i\204\024\237"
 261      0ABCCAB1 
 261      F62C1669 
 261      84149F
 262 0440 1277D3D2 		.ascii	"\022w\323\322t,\213Z\226\213\304\355o\244R\371\344r"
 262      742C8B5A 
 262      968BC4ED 
 262      6FA452F9 
 262      E472
 263 0452 34AEB336 		.ascii	"4\256\2636\276\2059{\233\214\033L\306-\266\2159\232"
 263      BE85397B 
 263      9B8C1B4C 
 263      C62DB68D 
 263      399A
 264 0464 176B3485 		.ascii	"\027k4\205\302\331\305\254$\245N\322\002i\352\264\003"
 264      C2D9C5AC 
 264      24A54ED2 
 264      0269EAB4 
 264      03
 265 0475 347A0445 		.ascii	"4z\004EV\223\315,1\356!l?Y\376V-\221G\360\270\031\243"
 265      5693CD2C 
 265      31EE216C 
 265      3F59FE56 
 265      2D9147F0 
 266 048c 30632092 		.ascii	"0c \222\307\260QO\210\007i\005\265\201\332\211\207\361"
 266      C7B0514F 
 266      88076905 
 266      B581DA89 
 266      87F1
ARM GAS  /tmp/cc4uDrFx.s 			page 20


 267 049e 9C6C7BDC 		.ascii	"\234l{\334T\347D\313\261L\252\346\306\206v{\342\356"
 267      54E744CB 
 267      B14CAAE6 
 267      C686767B 
 267      E2EE
 268 04b0 698B0627 		.ascii	"i\213\006'\264\347\377\005\362\005\265mf\353y\006\266"
 268      B4E7FF05 
 268      F205B56D 
 268      66EB7906 
 268      B6
 269 04c1 1DA6AD67 		.ascii	"\035\246\255g\313\303\210\271S\025\207\354\335\222\224"
 269      CBC388B9 
 269      531587EC 
 269      DD9294
 270 04d0 10ABD568 		.ascii	"\020\253\325hX\003Q\256a\316]\304\315\370\3320\353W"
 270      580351AE 
 270      61CE5DC4 
 270      CDF8DA30 
 270      EB57
 271 04e2 552D475D 		.ascii	"U-G]\334\225\204b\026KHZly\027\323o5\331\231\007\353"
 271      DC958462 
 271      164B485A 
 271      6C7917D3 
 271      6F35D999 
 272 04f8 FE5FC1BA 		.ascii	"\376_\301\272\242:\243\264_\345\311\215pZ\216f\256<"
 272      A23AA3B4 
 272      5FE5C98D 
 272      705A8E66 
 272      AE3C
 273 050a 22CBDF91 		.ascii	"\"\313\337\221\036\342F\252\3712\314\034\331\314\337"
 273      1EE246AA 
 273      F932CC1C 
 273      D9CCDF
 274 0519 E0B07B4E 		.ascii	"\340\260{N\276\002\277\361\311\204\213\256\264\236\367"
 274      BE02BFF1 
 274      C9848BAE 
 274      B49EF7
 275 0528 E5D8ECDC 		.ascii	"\345\330\354\334\017\300\350\201\335{\220\346v8<\233"
 275      0FC0E881 
 275      DD7B90E6 
 275      76383C9B 
 276 0538 3777AFC2 		.ascii	"7w\257\30205y/\236T}Hx\235\320:\357J;8\241\346v\262"
 276      3035792F 
 276      9E547D48 
 276      789DD03A 
 276      EF4A3B38 
 277 0550 ECA82086 		.ascii	"\354\250 \206\223i\222\007\002^\010\200\027\010\350"
 277      93699207 
 277      025E0880 
 277      1708E8
 278 055f 47C0E9B9 		.ascii	"G\300\351\271\2262{:\310\001Mc\035uv\012\340E\212\021"
 278      96327B3A 
 278      C8014D63 
 278      1D75760A 
 278      E0458A11 
 279 0573 30200006 		.ascii	"0 \000\006\020\360\022\001\351\205#\351\032:\315\001"
 279      10F01201 
ARM GAS  /tmp/cc4uDrFx.s 			page 21


 279      E98523E9 
 279      1A3ACD01 
 280 0583 F1839F52 		.ascii	"\361\203\237R\\\215\200\345\3512\2343\214\360J \274"
 280      5C8D80E5 
 280      E9329C33 
 280      8CF04A20 
 280      BC
 281 0594 42C22012 		.ascii	"B\302 \022\372k\353\237;\322\030\212\204\322\334\027"
 281      FA6BEB9F 
 281      3BD2188A 
 281      84D2DC17 
 282 05a4 BD5A8530 		.ascii	"\275Z\2050`V\206\327\002\3425\"\206\020\021\366&\265"
 282      605686D7 
 282      02E23522 
 282      861011F6 
 282      26B5
 283 05b6 D4996672 		.ascii	"\324\231fr\304\343C\225\211NB\031\206\005\3000\002F"
 283      C4E34395 
 283      894E4219 
 283      8605C030 
 283      0246
 284 05c8 10D05473 		.ascii	"\020\320Ts\251\320\201\026p@\247|\240Q#\224aT\000\214"
 284      A9D08116 
 284      7040A77C 
 284      A0512394 
 284      6154008C 
 285 05dc 22600C01 		.ascii	"\"`\014\001\003}\361\245\366\264\234\003&\233\306\342"
 285      037DF1A5 
 285      F6B49C03 
 285      269BC6E2 
 286 05ec A8588637 		.ascii	"\250X\2067\002\341\015\022\336\"\341\331\21133ZZ\317"
 286      02E10D12 
 286      DE22E1D9 
 286      8933335A 
 286      5ACF
 287 05fe 09C7A34B 		.ascii	"\011\307\243K?S\000sfU\030\027\010\343H\230@B\352\225"
 287      3F530073 
 287      66551817 
 287      08E34898 
 287      4042EA95 
 288 0612 7B971D68 		.ascii	"{\227\035h\007'L\027\226\035]\"TaR\000L\"\340\035\002"
 288      07274C17 
 288      961D5D22 
 288      54615200 
 288      4C22E01D 
 289 0627 E61F9CB8 		.ascii	"\346\037\234\270\257\242\203\034P\223\365\252\317E\250"
 289      AFA2831C 
 289      5093F5AA 
 289      CF45A8
 290 0636 C2940098 		.ascii	"\302\224\000\230B\300{\0044\\=\\\011\315\300\001Q\211"
 290      42C07B04 
 290      345C3D5C 
 290      09CDC001 
 290      5189
 291 0648 8D3D5AB1 		.ascii	"\215=Z\261\012\323\002a\032\0113HH\213\217]Ec\324\010"
 291      0AD30261 
 291      1A093348 
ARM GAS  /tmp/cc4uDrFx.s 			page 22


 291      488B8F5D 
 291      4563D408 
 292 065c 187A9993 		.ascii	"\030z\231\223g\334\310\266tS\025>\010\204\017H\230\345"
 292      67DCC8B6 
 292      7453153E 
 292      08840F48 
 292      98E5
 293 066e AFC4F98A 		.ascii	"\257\304\371\212KN4\223#*\236L\0259\013U\370(\000>\""
 293      4B4E3493 
 293      232A9E4C 
 293      15390B55 
 293      F828003E 
 294 0683 E0130266 		.ascii	"\340\023\002fsf\012\325\264\200\003\036FV\267\210\257"
 294      73660AD5 
 294      B480031E 
 294      4656B788 
 294      AF
 295 0694 C49C0098 		.ascii	"\304\234\000\230C\300<\0022\263\216Wji9\007\2045_+P"
 295      43C03C02 
 295      32B38E57 
 295      6A693907 
 295      84355F2B 
 296 06a9 8B559055 		.ascii	"\213U\220U\326\004\230\201\357\375*F8_\335y\305\211"
 296      D6049881 
 296      EFFD2A46 
 296      385FDD79 
 296      C589
 297 06bb D673427E 		.ascii	"\326sB~U\\\2561\205Q\2632\204\011\2100D\204#\"r:*\323"
 297      555CAE31 
 297      8551B332 
 297      84098830 
 297      44842322 
 298 06d3 917670C4 		.ascii	"\221vp\304\376\352\361|\361d\210\020\000\021\010\210"
 298      FEEAF17C 
 298      F1648810 
 298      00110888 
 299 06e3 44405D6A 		.ascii	"D@]j\302Eg:\310\001\375iCg\3052D\011\200(\004D#\340"
 299      C245673A 
 299      C801FD69 
 299      4367C532 
 299      44098028 
 300 06fb D464D21D 		.ascii	"\324d\322\0355\235\346\200\331\273\315\236b\025b\004"
 300      359DE680 
 300      D9BBCD9E 
 300      62156204 
 301 070b 400C0262 		.ascii	"@\014\002b\021\020{\375t\201\206\306\330! :\366\332"
 301      11107BFD 
 301      748186C6 
 301      D821203A 
 301      F6DA
 302 071d 6B7B8550 		.ascii	"k{\205P\227a\252B\234\200\210C\304\001D\\\311/\036\207"
 302      9761AA42 
 302      9C808843 
 302      C401445C 
 302      C92F1E87 
 303 0731 83812332 		.ascii	"\203\201#2*>\214\211\007C\274\000\210G@\002\002\312"
 303      2A3E8C89 
ARM GAS  /tmp/cc4uDrFx.s 			page 23


 303      0743BC00 
 303      88474002 
 303      02CA
 304 0743 479E4EDB 		.ascii	"G\236N\333\323\002\016\350\350\354\220\305W\"Q\000$"
 304      D3020EE8 
 304      E8EC90C5 
 304      57225100 
 304      24
 305 0754 22E02002 		.ascii	"\"\340 \002&\356&\301+Q\316\001\357\302\207Z\035\305"
 305      26EE26C1 
 305      2B51CE01 
 305      EFC2875A 
 305      1DC5
 306 0766 32240984 		.ascii	"2$\011\204$$\034BB\345\325\331U\264\236\003\356%\327"
 306      24241C42 
 306      42E5D5D9 
 306      55B49E03 
 306      EE25D7
 307 0779 1E33F673 		.ascii	"\0363\366s\227Y\025\016\013\204\303H8\202\204\244\342"
 307      9759150E 
 307      0B84C348 
 307      388284A4 
 307      E2
 308 078a 9C8FD00B 		.ascii	"\234\217\320\013\034\221UU\021\246\025\252\220,\000"
 308      1C915555 
 308      11A615AA 
 308      902C00
 309 0799 92117094 		.ascii	"\222\021p\224/\342\321\271\366%t\220\003\236\236\233"
 309      2FE2D1B9 
 309      F6257490 
 309      039E9E9B 
 310 07a9 8F127B21 		.ascii	"\217\022{!E\000\244  \025\001=\227\312\212]\350\264"
 310      4500A420 
 310      2015013D 
 310      97CA8A5D 
 310      E8B4
 311 07bb 52C6C4C2 		.ascii	"R\306\304\302\004\007\261\012i\002!\015\011\351H(J\352"
 311      0407B10A 
 311      6902210D 
 311      09E94828 
 311      4AEA
 312 07cd 4B75A0   		.ascii	"Ku\240"
 313 07d0 31F6BC9B 		.ascii	"1\366\274\233\216\226<1\326q\312\254\014\031\002\"\003"
 313      8E963C31 
 313      D671CAAC 
 313      0C190222 
 313      03
 314 07e1 119988C8 		.ascii	"\021\231\210\310x\224\\Ih&G\234\216(H\023\313\220%\000"
 314      78945C49 
 314      6826479C 
 314      8E284813 
 314      CB902500 
 315 07f5 B210700C 		.ascii	"\262\020p\014\001\303\321\335]\320\014\034P6\274?Ol"
 315      01C3D1DD 
 315      5DD00C1C 
 315      5036BC3F 
 315      4F6C
ARM GAS  /tmp/cc4uDrFx.s 			page 24


 316 0807 86E302E0 		.ascii	"\206\343\002\3408\002N  u\342C84\003\007\314e\014N\330"
 316      38024E20 
 316      2075E243 
 316      38340307 
 316      CC650C4E 
 317 081c 68866C81 		.ascii	"h\206l\201\220\215\204\034\236B\321\2511\255\371\037"
 317      908D841C 
 317      9E42D1A9 
 317      31ADF91F 
 318 082c E06EB33F 		.ascii	"\340n\263?v\022\311U\341\037`\366\013\3063\247\312F"
 318      7612C955 
 318      E11F60F6 
 318      0BC633A7 
 318      CA46
 319 083e 1CCD8DD9 		.ascii	"\034\315\215\331\237\022\223q\236b\234\207\306\315\217"
 319      9F129371 
 319      9E629C87 
 319      C6CD8F
 320 084d F22FA98D 		.ascii	"\362/\251\215\3061\213\375\265&'\301\311Y\257\367\015"
 320      C6318BFD 
 320      B52627C1 
 320      C959AFF7 
 320      0D
 321 085e 0AF6D3FB 		.ascii	"\012\366\323\373\007\372\033\324{\374|\376\351\270\365"
 321      07FA1BD4 
 321      7BFC7CFE 
 321      E9B8F5
 322 086d CF7F5FBD 		.ascii	"\317\177_\275\305\333[\372\275\227\227n\313N\377\355"
 322      C5DB5BFA 
 322      BD97976E 
 322      CB4EFFED 
 323 087d FE3FFC55 		.ascii	"\376?\374U\027\024\242\363\015\332\265+(P\027b\360\011"
 323      1714A2F3 
 323      0DDAB52B 
 323      28501762 
 323      F009
 324 088f 3684EED6 		.ascii	"6\204\356\326\375\361/\337o\371~/\233\335\355\037\340"
 324      FDF12FDF 
 324      6FF97E2F 
 324      9BDDED1F 
 324      E0
 325 08a0 171CA2DB 		.ascii	"\027\034\242\333\272e\213\3167\330\340\355\345+i\365"
 325      BA658BCE 
 325      37D8E0ED 
 325      E52B69F5 
 326 08b0 7A3F9FE0 		.ascii	"z?\237\340\200}\010\205\000\001>\006\036\300E\257\337"
 326      807D0885 
 326      00013E06 
 326      1EC045AF 
 326      DF
 327 08c1 E1F70F9F 		.ascii	"\341\367\017\237\320\000\203\336o\257\277\3011\020\""
 327      D00083DE 
 327      6FAFBFC1 
 327      311022
 328 08d0 1B428303 		.ascii	"\033B\203\003\227\352\361\261>\330g\227\336'\330\317"
 328      97EAF1B1 
 328      3ED86797 
ARM GAS  /tmp/cc4uDrFx.s 			page 25


 328      DE27D8CF 
 329 08e0 27C469E1 		.ascii	"'\304i\341N\343\033\000,\274\327\350\365\241\376\201"
 329      4EE31B00 
 329      2CBCD7E8 
 329      F5A1FE81 
 330 08f0 86F5EBF4 		.ascii	"\206\365\353\364\206ot\241!\301:\377@\337\200\320\035"
 330      866F74A1 
 330      21C13AFF 
 330      40DF80D0 
 330      1D
 331 0901 7EBA40BF 		.ascii	"~\272@\277=\001\376\333u\273||w\372\007\372\351\026"
 331      3D01FEDB 
 331      75BB7C7C 
 331      77FA07FA 
 331      E916
 332 0913 6218F6ED 		.ascii	"b\030\366\355\366\013\361\332)9\032\335\326\330r\013"
 332      F60BF1DA 
 332      29391ADD 
 332      D6D8720B 
 333 0923 D917A2D3 		.ascii	"\331\027\242\323\207\030v\200\015\330:a\",\234\013\336"
 333      87187680 
 333      0DD83A61 
 333      222C9C0B 
 333      DE
 334 0934 19FCF6F2 		.ascii	"\031\374\366\362\24160H\277\360\314\225\345\2670\322"
 334      A1363048 
 334      BFF0CC95 
 334      E5B730D2 
 335 0944 1BDCF42C 		.ascii	"\033\334\364,\367\337\352M.\372%\346Sz\027e\304W\243"
 335      F7DFEA4D 
 335      2EFA25E6 
 335      537A1765 
 335      C457A3
 336 0957 77558681 		.ascii	"wU\206\201A\3741\367\367\026\375\275-\374\275-\375\275"
 336      41FC31F7 
 336      F716FDBD 
 336      2DFCBD2D 
 336      FDBD
 337 0969 ADFCD789 		.ascii	"\255\374\327\211\376\353,\374\327Y\372\257\263\362_"
 337      FEEB2CFC 
 337      D759FAAF 
 337      B3F25F
 338 0978 2FFAAFB7 		.ascii	"/\372\257\267\360_o\351\277\336\312\177\203\350\277"
 338      F05F6FE9 
 338      BFDECA7F 
 338      83E8BF
 339 0987 C1C27F83 		.ascii	"\301\302\177\203\245\377\006+\377\215\242\377F\013\377"
 339      A5FF062B 
 339      FF8DA2FF 
 339      460BFF
 340 0996 8D96FE1B 		.ascii	"\215\226\376\033\255\3747\211\376\233,\3747Y\372o\262"
 340      ADFC3789 
 340      FE9B2CFC 
 340      3759FA6F 
 340      B2
 341 09a7 F2DF2CFA 		.ascii	"\362\337,\372o\266\360\337l\351\277y\301\377\277i\242"
 341      6FB6F0DF 
ARM GAS  /tmp/cc4uDrFx.s 			page 26


 341      6CE9BF79 
 341      C1FFBF69 
 341      A2
 342 09b8 4142     		.ascii	"AB"
 343              		.text
 344              		.section	.gnu.lto_.symtab.9aac300492759233,"",%progbits
 345 0000 5F5F636F 		.ascii	"__core_init\000"
 345      72655F69 
 345      6E697400 
 346 000c 00       		.ascii	"\000"
 347 000d 01       		.ascii	"\001"
 348 000e 00       		.ascii	"\000"
 349 000f 00000000 		.ascii	"\000\000\000\000\000\000\000\000"
 349      00000000 
 350 0017 B0000000 		.ascii	"\260\000\000\000"
 351 001b 5F5F6561 		.ascii	"__early_init\000"
 351      726C795F 
 351      696E6974 
 351      00
 352 0028 00       		.ascii	"\000"
 353 0029 01       		.ascii	"\001"
 354 002a 00       		.ascii	"\000"
 355 002b 00000000 		.ascii	"\000\000\000\000\000\000\000\000"
 355      00000000 
 356 0033 B3000000 		.ascii	"\263\000\000\000"
 357 0037 5F5F6C61 		.ascii	"__late_init\000"
 357      74655F69 
 357      6E697400 
 358 0043 00       		.ascii	"\000"
 359 0044 01       		.ascii	"\001"
 360 0045 00       		.ascii	"\000"
 361 0046 00000000 		.ascii	"\000\000\000\000\000\000\000\000"
 361      00000000 
 362 004e B6000000 		.ascii	"\266\000\000\000"
 363 0052 5F5F6465 		.ascii	"__default_exit\000"
 363      6661756C 
 363      745F6578 
 363      697400
 364 0061 00       		.ascii	"\000"
 365 0062 01       		.ascii	"\001"
 366 0063 00       		.ascii	"\000"
 367 0064 00000000 		.ascii	"\000\000\000\000\000\000\000\000"
 367      00000000 
 368 006c BB000000 		.ascii	"\273\000\000\000"
 369 0070 5F5F696E 		.ascii	"__init_ram_areas\000"
 369      69745F72 
 369      616D5F61 
 369      72656173 
 369      00
 370 0081 00       		.ascii	"\000"
 371 0082 00       		.ascii	"\000"
 372 0083 00       		.ascii	"\000"
 373 0084 00000000 		.ascii	"\000\000\000\000\000\000\000\000"
 373      00000000 
 374 008c BD000000 		.ascii	"\275\000\000\000"
 375 0090 5F5F7261 		.ascii	"__ram0_init_text__\000"
 375      6D305F69 
ARM GAS  /tmp/cc4uDrFx.s 			page 27


 375      6E69745F 
 375      74657874 
 375      5F5F00
 376 00a3 00       		.ascii	"\000"
 377 00a4 02       		.ascii	"\002"
 378 00a5 00       		.ascii	"\000"
 379 00a6 00000000 		.ascii	"\000\000\000\000\000\000\000\000"
 379      00000000 
 380 00ae E3000000 		.ascii	"\343\000\000\000"
 381 00b2 5F5F7261 		.ascii	"__ram0_init__\000"
 381      6D305F69 
 381      6E69745F 
 381      5F00
 382 00c0 00       		.ascii	"\000"
 383 00c1 02       		.ascii	"\002"
 384 00c2 00       		.ascii	"\000"
 385 00c3 00000000 		.ascii	"\000\000\000\000\000\000\000\000"
 385      00000000 
 386 00cb E5000000 		.ascii	"\345\000\000\000"
 387 00cf 5F5F7261 		.ascii	"__ram0_clear__\000"
 387      6D305F63 
 387      6C656172 
 387      5F5F00
 388 00de 00       		.ascii	"\000"
 389 00df 02       		.ascii	"\002"
 390 00e0 00       		.ascii	"\000"
 391 00e1 00000000 		.ascii	"\000\000\000\000\000\000\000\000"
 391      00000000 
 392 00e9 E7000000 		.ascii	"\347\000\000\000"
 393 00ed 5F5F7261 		.ascii	"__ram0_noinit__\000"
 393      6D305F6E 
 393      6F696E69 
 393      745F5F00 
 394 00fd 00       		.ascii	"\000"
 395 00fe 02       		.ascii	"\002"
 396 00ff 00       		.ascii	"\000"
 397 0100 00000000 		.ascii	"\000\000\000\000\000\000\000\000"
 397      00000000 
 398 0108 E9000000 		.ascii	"\351\000\000\000"
 399 010c 5F5F7261 		.ascii	"__ram1_init_text__\000"
 399      6D315F69 
 399      6E69745F 
 399      74657874 
 399      5F5F00
 400 011f 00       		.ascii	"\000"
 401 0120 02       		.ascii	"\002"
 402 0121 00       		.ascii	"\000"
 403 0122 00000000 		.ascii	"\000\000\000\000\000\000\000\000"
 403      00000000 
 404 012a EB000000 		.ascii	"\353\000\000\000"
 405 012e 5F5F7261 		.ascii	"__ram1_init__\000"
 405      6D315F69 
 405      6E69745F 
 405      5F00
 406 013c 00       		.ascii	"\000"
 407 013d 02       		.ascii	"\002"
 408 013e 00       		.ascii	"\000"
ARM GAS  /tmp/cc4uDrFx.s 			page 28


 409 013f 00000000 		.ascii	"\000\000\000\000\000\000\000\000"
 409      00000000 
 410 0147 ED000000 		.ascii	"\355\000\000\000"
 411 014b 5F5F7261 		.ascii	"__ram1_clear__\000"
 411      6D315F63 
 411      6C656172 
 411      5F5F00
 412 015a 00       		.ascii	"\000"
 413 015b 02       		.ascii	"\002"
 414 015c 00       		.ascii	"\000"
 415 015d 00000000 		.ascii	"\000\000\000\000\000\000\000\000"
 415      00000000 
 416 0165 EF000000 		.ascii	"\357\000\000\000"
 417 0169 5F5F7261 		.ascii	"__ram1_noinit__\000"
 417      6D315F6E 
 417      6F696E69 
 417      745F5F00 
 418 0179 00       		.ascii	"\000"
 419 017a 02       		.ascii	"\002"
 420 017b 00       		.ascii	"\000"
 421 017c 00000000 		.ascii	"\000\000\000\000\000\000\000\000"
 421      00000000 
 422 0184 F1000000 		.ascii	"\361\000\000\000"
 423 0188 5F5F7261 		.ascii	"__ram2_init_text__\000"
 423      6D325F69 
 423      6E69745F 
 423      74657874 
 423      5F5F00
 424 019b 00       		.ascii	"\000"
 425 019c 02       		.ascii	"\002"
 426 019d 00       		.ascii	"\000"
 427 019e 00000000 		.ascii	"\000\000\000\000\000\000\000\000"
 427      00000000 
 428 01a6 F3000000 		.ascii	"\363\000\000\000"
 429 01aa 5F5F7261 		.ascii	"__ram2_init__\000"
 429      6D325F69 
 429      6E69745F 
 429      5F00
 430 01b8 00       		.ascii	"\000"
 431 01b9 02       		.ascii	"\002"
 432 01ba 00       		.ascii	"\000"
 433 01bb 00000000 		.ascii	"\000\000\000\000\000\000\000\000"
 433      00000000 
 434 01c3 F5000000 		.ascii	"\365\000\000\000"
 435 01c7 5F5F7261 		.ascii	"__ram2_clear__\000"
 435      6D325F63 
 435      6C656172 
 435      5F5F00
 436 01d6 00       		.ascii	"\000"
 437 01d7 02       		.ascii	"\002"
 438 01d8 00       		.ascii	"\000"
 439 01d9 00000000 		.ascii	"\000\000\000\000\000\000\000\000"
 439      00000000 
 440 01e1 F7000000 		.ascii	"\367\000\000\000"
 441 01e5 5F5F7261 		.ascii	"__ram2_noinit__\000"
 441      6D325F6E 
 441      6F696E69 
ARM GAS  /tmp/cc4uDrFx.s 			page 29


 441      745F5F00 
 442 01f5 00       		.ascii	"\000"
 443 01f6 02       		.ascii	"\002"
 444 01f7 00       		.ascii	"\000"
 445 01f8 00000000 		.ascii	"\000\000\000\000\000\000\000\000"
 445      00000000 
 446 0200 F9000000 		.ascii	"\371\000\000\000"
 447 0204 5F5F7261 		.ascii	"__ram3_init_text__\000"
 447      6D335F69 
 447      6E69745F 
 447      74657874 
 447      5F5F00
 448 0217 00       		.ascii	"\000"
 449 0218 02       		.ascii	"\002"
 450 0219 00       		.ascii	"\000"
 451 021a 00000000 		.ascii	"\000\000\000\000\000\000\000\000"
 451      00000000 
 452 0222 FB000000 		.ascii	"\373\000\000\000"
 453 0226 5F5F7261 		.ascii	"__ram3_init__\000"
 453      6D335F69 
 453      6E69745F 
 453      5F00
 454 0234 00       		.ascii	"\000"
 455 0235 02       		.ascii	"\002"
 456 0236 00       		.ascii	"\000"
 457 0237 00000000 		.ascii	"\000\000\000\000\000\000\000\000"
 457      00000000 
 458 023f FD000000 		.ascii	"\375\000\000\000"
 459 0243 5F5F7261 		.ascii	"__ram3_clear__\000"
 459      6D335F63 
 459      6C656172 
 459      5F5F00
 460 0252 00       		.ascii	"\000"
 461 0253 02       		.ascii	"\002"
 462 0254 00       		.ascii	"\000"
 463 0255 00000000 		.ascii	"\000\000\000\000\000\000\000\000"
 463      00000000 
 464 025d FF000000 		.ascii	"\377\000\000\000"
 465 0261 5F5F7261 		.ascii	"__ram3_noinit__\000"
 465      6D335F6E 
 465      6F696E69 
 465      745F5F00 
 466 0271 00       		.ascii	"\000"
 467 0272 02       		.ascii	"\002"
 468 0273 00       		.ascii	"\000"
 469 0274 00000000 		.ascii	"\000\000\000\000\000\000\000\000"
 469      00000000 
 470 027c 01010000 		.ascii	"\001\001\000\000"
 471 0280 5F5F7261 		.ascii	"__ram4_init_text__\000"
 471      6D345F69 
 471      6E69745F 
 471      74657874 
 471      5F5F00
 472 0293 00       		.ascii	"\000"
 473 0294 02       		.ascii	"\002"
 474 0295 00       		.ascii	"\000"
 475 0296 00000000 		.ascii	"\000\000\000\000\000\000\000\000"
ARM GAS  /tmp/cc4uDrFx.s 			page 30


 475      00000000 
 476 029e 03010000 		.ascii	"\003\001\000\000"
 477 02a2 5F5F7261 		.ascii	"__ram4_init__\000"
 477      6D345F69 
 477      6E69745F 
 477      5F00
 478 02b0 00       		.ascii	"\000"
 479 02b1 02       		.ascii	"\002"
 480 02b2 00       		.ascii	"\000"
 481 02b3 00000000 		.ascii	"\000\000\000\000\000\000\000\000"
 481      00000000 
 482 02bb 05010000 		.ascii	"\005\001\000\000"
 483 02bf 5F5F7261 		.ascii	"__ram4_clear__\000"
 483      6D345F63 
 483      6C656172 
 483      5F5F00
 484 02ce 00       		.ascii	"\000"
 485 02cf 02       		.ascii	"\002"
 486 02d0 00       		.ascii	"\000"
 487 02d1 00000000 		.ascii	"\000\000\000\000\000\000\000\000"
 487      00000000 
 488 02d9 07010000 		.ascii	"\007\001\000\000"
 489 02dd 5F5F7261 		.ascii	"__ram4_noinit__\000"
 489      6D345F6E 
 489      6F696E69 
 489      745F5F00 
 490 02ed 00       		.ascii	"\000"
 491 02ee 02       		.ascii	"\002"
 492 02ef 00       		.ascii	"\000"
 493 02f0 00000000 		.ascii	"\000\000\000\000\000\000\000\000"
 493      00000000 
 494 02f8 09010000 		.ascii	"\011\001\000\000"
 495 02fc 5F5F7261 		.ascii	"__ram5_init_text__\000"
 495      6D355F69 
 495      6E69745F 
 495      74657874 
 495      5F5F00
 496 030f 00       		.ascii	"\000"
 497 0310 02       		.ascii	"\002"
 498 0311 00       		.ascii	"\000"
 499 0312 00000000 		.ascii	"\000\000\000\000\000\000\000\000"
 499      00000000 
 500 031a 0B010000 		.ascii	"\013\001\000\000"
 501 031e 5F5F7261 		.ascii	"__ram5_init__\000"
 501      6D355F69 
 501      6E69745F 
 501      5F00
 502 032c 00       		.ascii	"\000"
 503 032d 02       		.ascii	"\002"
 504 032e 00       		.ascii	"\000"
 505 032f 00000000 		.ascii	"\000\000\000\000\000\000\000\000"
 505      00000000 
 506 0337 0D010000 		.ascii	"\015\001\000\000"
 507 033b 5F5F7261 		.ascii	"__ram5_clear__\000"
 507      6D355F63 
 507      6C656172 
 507      5F5F00
ARM GAS  /tmp/cc4uDrFx.s 			page 31


 508 034a 00       		.ascii	"\000"
 509 034b 02       		.ascii	"\002"
 510 034c 00       		.ascii	"\000"
 511 034d 00000000 		.ascii	"\000\000\000\000\000\000\000\000"
 511      00000000 
 512 0355 0F010000 		.ascii	"\017\001\000\000"
 513 0359 5F5F7261 		.ascii	"__ram5_noinit__\000"
 513      6D355F6E 
 513      6F696E69 
 513      745F5F00 
 514 0369 00       		.ascii	"\000"
 515 036a 02       		.ascii	"\002"
 516 036b 00       		.ascii	"\000"
 517 036c 00000000 		.ascii	"\000\000\000\000\000\000\000\000"
 517      00000000 
 518 0374 11010000 		.ascii	"\021\001\000\000"
 519 0378 5F5F7261 		.ascii	"__ram6_init_text__\000"
 519      6D365F69 
 519      6E69745F 
 519      74657874 
 519      5F5F00
 520 038b 00       		.ascii	"\000"
 521 038c 02       		.ascii	"\002"
 522 038d 00       		.ascii	"\000"
 523 038e 00000000 		.ascii	"\000\000\000\000\000\000\000\000"
 523      00000000 
 524 0396 13010000 		.ascii	"\023\001\000\000"
 525 039a 5F5F7261 		.ascii	"__ram6_init__\000"
 525      6D365F69 
 525      6E69745F 
 525      5F00
 526 03a8 00       		.ascii	"\000"
 527 03a9 02       		.ascii	"\002"
 528 03aa 00       		.ascii	"\000"
 529 03ab 00000000 		.ascii	"\000\000\000\000\000\000\000\000"
 529      00000000 
 530 03b3 15010000 		.ascii	"\025\001\000\000"
 531 03b7 5F5F7261 		.ascii	"__ram6_clear__\000"
 531      6D365F63 
 531      6C656172 
 531      5F5F00
 532 03c6 00       		.ascii	"\000"
 533 03c7 02       		.ascii	"\002"
 534 03c8 00       		.ascii	"\000"
 535 03c9 00000000 		.ascii	"\000\000\000\000\000\000\000\000"
 535      00000000 
 536 03d1 17010000 		.ascii	"\027\001\000\000"
 537 03d5 5F5F7261 		.ascii	"__ram6_noinit__\000"
 537      6D365F6E 
 537      6F696E69 
 537      745F5F00 
 538 03e5 00       		.ascii	"\000"
 539 03e6 02       		.ascii	"\002"
 540 03e7 00       		.ascii	"\000"
 541 03e8 00000000 		.ascii	"\000\000\000\000\000\000\000\000"
 541      00000000 
 542 03f0 19010000 		.ascii	"\031\001\000\000"
ARM GAS  /tmp/cc4uDrFx.s 			page 32


 543 03f4 5F5F7261 		.ascii	"__ram7_init_text__\000"
 543      6D375F69 
 543      6E69745F 
 543      74657874 
 543      5F5F00
 544 0407 00       		.ascii	"\000"
 545 0408 02       		.ascii	"\002"
 546 0409 00       		.ascii	"\000"
 547 040a 00000000 		.ascii	"\000\000\000\000\000\000\000\000"
 547      00000000 
 548 0412 1B010000 		.ascii	"\033\001\000\000"
 549 0416 5F5F7261 		.ascii	"__ram7_init__\000"
 549      6D375F69 
 549      6E69745F 
 549      5F00
 550 0424 00       		.ascii	"\000"
 551 0425 02       		.ascii	"\002"
 552 0426 00       		.ascii	"\000"
 553 0427 00000000 		.ascii	"\000\000\000\000\000\000\000\000"
 553      00000000 
 554 042f 1D010000 		.ascii	"\035\001\000\000"
 555 0433 5F5F7261 		.ascii	"__ram7_clear__\000"
 555      6D375F63 
 555      6C656172 
 555      5F5F00
 556 0442 00       		.ascii	"\000"
 557 0443 02       		.ascii	"\002"
 558 0444 00       		.ascii	"\000"
 559 0445 00000000 		.ascii	"\000\000\000\000\000\000\000\000"
 559      00000000 
 560 044d 1F010000 		.ascii	"\037\001\000\000"
 561 0451 5F5F7261 		.ascii	"__ram7_noinit__\000"
 561      6D375F6E 
 561      6F696E69 
 561      745F5F00 
 562 0461 00       		.ascii	"\000"
 563 0462 02       		.ascii	"\002"
 564 0463 00       		.ascii	"\000"
 565 0464 00000000 		.ascii	"\000\000\000\000\000\000\000\000"
 565      00000000 
 566 046c 21010000 		.ascii	"!\001\000\000"
 567              		.text
 568              		.section	.gnu.lto_.opts,"",%progbits
 569 0000 272D666D 		.ascii	"'-fmath-errno' '-fsigned-zeros' '-ftrapping-math' '"
 569      6174682D 
 569      6572726E 
 569      6F272027 
 569      2D667369 
 570 0033 2D666E6F 		.ascii	"-fno-trapv' '-fno-openmp' '-fno-openacc' '-mcpu=cor"
 570      2D747261 
 570      70762720 
 570      272D666E 
 570      6F2D6F70 
 571 0066 7465782D 		.ascii	"tex-m4' '-mfloat-abi=hard' '-mfpu=fpv4-sp-d16' '-mn"
 571      6D342720 
 571      272D6D66 
 571      6C6F6174 
ARM GAS  /tmp/cc4uDrFx.s 			page 33


 571      2D616269 
 572 0099 6F2D7468 		.ascii	"o-thumb-interwork' '-mthumb' '-ggdb' '-O2' '-fomit-"
 572      756D622D 
 572      696E7465 
 572      72776F72 
 572      6B272027 
 573 00cc 6672616D 		.ascii	"frame-pointer' '-falign-functions=16' '-ffunction-s"
 573      652D706F 
 573      696E7465 
 573      72272027 
 573      2D66616C 
 574 00ff 65637469 		.ascii	"ections' '-fdata-sections' '-fno-common' '-flto'\000"
 574      6F6E7327 
 574      20272D66 
 574      64617461 
 574      2D736563 
 575              		.text
 576              		.comm	__gnu_lto_v1,1,1
 577              		.comm	__gnu_lto_slim,1,1
 578              		.ident	"GCC: (15:6.3.1+svn253039-1build1) 6.3.1 20170620"
ARM GAS  /tmp/cc4uDrFx.s 			page 34


DEFINED SYMBOLS
                            *ABS*:0000000000000000 crt1.c
                            *COM*:0000000000000001 __gnu_lto_v1
                            *COM*:0000000000000001 __gnu_lto_slim

NO UNDEFINED SYMBOLS
