ARM GAS  /tmp/ccTydFel.s 			page 1


   1              		.syntax unified
   2              		.cpu cortex-m4
   3              		.eabi_attribute 27, 1
   4              		.eabi_attribute 28, 1
   5              		.fpu fpv4-sp-d16
   6              		.eabi_attribute 20, 1
   7              		.eabi_attribute 21, 1
   8              		.eabi_attribute 23, 3
   9              		.eabi_attribute 24, 1
  10              		.eabi_attribute 25, 1
  11              		.eabi_attribute 26, 1
  12              		.eabi_attribute 30, 2
  13              		.eabi_attribute 34, 1
  14              		.eabi_attribute 18, 4
  15              		.thumb
  16              		.file	"hal.c"
  17              		.text
  18              	.Ltext0:
  19              		.section	.gnu.lto_.profile.b33283525126612d,"",%progbits
  20 0000 789C6366 		.ascii	"x\234cf```a\200\000F\206 N\000\001!\000d"
  20      60606061 
  20      80004686 
  20      204E0001 
  20      210064
  21              		.text
  22              		.section	.gnu.lto_.jmpfuncs.b33283525126612d,"",%progbits
  23 0000 789C6366 		.ascii	"x\234cf\300\016x\2414#\262 \000\001\322\000\022"
  23      C00E78A1 
  23      3423B220 
  23      0001D200 
  23      12
  24              		.text
  25              		.section	.gnu.lto_.inline.b33283525126612d,"",%progbits
  26 0000 789C6366 		.ascii	"x\234cf\300\016l\2414#\003\003\367% \311\004d\263-\220"
  26      C00E6CA1 
  26      34230303 
  26      F72520C9 
  26      0464B32D 
  27 0015 67028B71 		.ascii	"g\002\213q\021G0\000\000p\372\002A"
  27      11473000 
  27      0070FA02 
  27      41
  28              		.text
  29              		.section	.gnu.lto_.pureconst.b33283525126612d,"",%progbits
  30 0000 789C6366 		.ascii	"x\234cf```f\200\000F\006\011\000\000x\000 "
  30      60606066 
  30      80004606 
  30      09000078 
  30      0020
  31              		.text
  32              		.section	.gnu.lto_halInit.b33283525126612d,"",%progbits
  33 0000 789C75D0 		.ascii	"x\234u\320=K\003A\020\006\340y\347\342\345H\020\304"
  33      3D4B0341 
  33      1006E079 
  33      E7E2E548 
  33      10C4
  34 0012 52C436DD 		.ascii	"R\3046\335\335\217\260\263Q\360\027h\232\004\004\301"
ARM GAS  /tmp/ccTydFel.s 			page 2


  34      DD8FB0B3 
  34      51F01768 
  34      9A0404C1 
  35 0022 D4217B49 		.ascii	"\324!{I\212\024\")DR\331\210\370\021MRZ\311\226VZ(\244"
  35      8A142229 
  35      4452D988 
  35      F8114D52 
  35      5AC99656 
  36 0039 09565AA4 		.ascii	"\011VZ\244\313\221\352\220\220\314\032\213\005\331\205"
  36      CB91EA90 
  36      90CC1A8B 
  36      05D985
  37 0048 6516E6D9 		.ascii	"e\026\346\331w`<\372\1776\344\276\200hK*<\002\267_\211"
  37      77603CFA 
  37      7F36E4BE 
  37      80684B2A 
  37      3C02B75F 
  38 005d E28001F3 		.ascii	"\342\200\001\363 P\215Q\303\230\023F[w;\371\302\265"
  38      20508D51 
  38      C3981346 
  38      5B773BF9 
  38      C2B5
  39 006f 526A527F 		.ascii	"RjR\177\213\3674R&\232\3622\0077(\220\240\2449\033\346"
  39      8BF73452 
  39      269AF232 
  39      07372890 
  39      A0A4391B 
  40 0084 FDA6A0B5 		.ascii	"\375\246\240\265e\017\267\360%\237\372\353Z\315\347"
  40      650FB7F0 
  40      259FFAEB 
  40      5ACDE7
  41 0093 5717A7C3 		.ascii	"W\027\247\303L\216\350KZf\3007\263\251\336\010\015="
  41      4C8EE84B 
  41      5A66C037 
  41      B3A9DE08 
  41      0D3D
  42 00a5 5B35D684 		.ascii	"[5\326\204\\\276\237\365\270\372\243Z*H\031S\226\377"
  42      5CBE9FF5 
  42      B8FAA35A 
  42      2A481953 
  42      96FF
  43 00b7 B8439552 		.ascii	"\270C\225R\321F\236\373.)\261\270\267\344\300)=\221"
  43      D1469EFB 
  43      2E29B1B8 
  43      B7E4C029 
  43      3D91
  44 00c9 5D4B3E65 		.ascii	"]K>e]2#\362\301\222\037N\271\"\362\321\222\235\234K"
  44      5D3223F2 
  44      C1921F4E 
  44      B922F2D1 
  44      929D9C4B 
  45 00dd FA227B96 		.ascii	"\372\"{\226|v\312\254\310\276%GN\031\210\034\374\311"
  45      7C76CAAC 
  45      C8BE2547 
  45      4E19881C 
  45      FCC9
  46 00ef 4FC43AD9 		.ascii	"O\304:\331\371\225d\266\015\263eY\316f\030F\333\245"
ARM GAS  /tmp/ccTydFel.s 			page 3


  46      F99564B6 
  46      0DB36559 
  46      CE661846 
  46      DBA5
  47 0101 F2617977 		.ascii	"\362ayw?:\256D\245\203\243\250rR45,\322\002\031\241"
  47      3F3AAE44 
  47      A583A3A8 
  47      72523435 
  47      2CD20219 
  48 0116 A85A     		.ascii	"\250Z"
  49              		.text
  50              		.section	.gnu.lto_.symbol_nodes.b33283525126612d,"",%progbits
  51 0000 789C4DC8 		.ascii	"x\234M\310\273\015\302P\020D\321\373\346\371\363\272"
  51      BB0DC250 
  51      1044D1FB 
  51      E6F9F3BA 
  52 0010 A0D47560 		.ascii	"\240\324u`\021S\001\"p\023\374ArLB\003XrH\015\010X\010"
  52      11530122 
  52      7013FC41 
  52      724C4203 
  52      5872480D 
  53 0027 7692AB33 		.ascii	"v\222\2533\031\270\363\237\2662X\335\300\214\365\246"
  53      19B8F39F 
  53      B63258DD 
  53      C08CF5A6 
  54 0037 90AEB2F4 		.ascii	"\220\256\262\364;\350\272\217/2E\237e9\372$\253\242"
  54      3BE8BA8F 
  54      2F32459F 
  54      6539FA24 
  54      ABA2
  55 0049 8FB23AFA 		.ascii	"\217\262:\372 k\242\367\2626z'+\301\231\302\360x\245"
  55      206BA2F7 
  55      B2367A27 
  55      2BC199C2 
  55      F078A5
  56 005c 4CCBE86D 		.ascii	"L\313\350m\230\2755\375\364m\305\340\315\214^1{\023"
  56      98BD35FD 
  56      F46DC5E0 
  56      CD8C5E31 
  56      7B13
  57 006e FDF2B9E0 		.ascii	"\375\362\271\340\015\021\262;\207"
  57      0D11B23B 
  57      87
  58              		.text
  59              		.section	.gnu.lto_.refs.b33283525126612d,"",%progbits
  60 0000 789C6366 		.ascii	"x\234cf```d\200\002\000\000=\000\005"
  60      60606064 
  60      80020000 
  60      3D0005
  61              		.text
  62              		.section	.gnu.lto_.decls.b33283525126612d,"",%progbits
  63 0000 789C8DD2 		.ascii	"x\234\215\322_HSQ\034\007\360sv\306\306\346\322^J\220"
  63      5F485351 
  63      1C07F073 
  63      76C6C6E6 
  63      D25E4A90 
  64 0014 1E0605BD 		.ascii	"\036\006\005\275\310.(\324c\017Z\"XJ\263@z\030\272\211"
ARM GAS  /tmp/ccTydFel.s 			page 4


  64      C82E28D4 
  64      630F5A22 
  64      584AB340 
  64      7A18BA89 
  65 0028 BB305476 		.ascii	"\2730TvW\371xQ\0111D+\214\255\207\264$\324\251s\352"
  65      57F97851 
  65      0931442B 
  65      8CAD87B4 
  65      24D4A973 
  66 003d E69C9BB5 		.ascii	"\346\234\233\265\207@K\002!-L\011\035\244\365 \370\357"
  66      87404B02 
  66      212D4C09 
  66      1DA4F520 
  66      F8EF
  67 004f A110B4DF 		.ascii	"\241\020\264\3379\367\336\274\334\201y\340\267{\016"
  67      39F7DEBC 
  67      DC8179E0 
  67      B77B0E
  68 005e F7FBFBDC 		.ascii	"\367\373\373\334\235s/A\010\371\241\216``\202\320\022"
  68      9D732F41 
  68      08F9A18E 
  68      606082D0 
  68      12
  69 006f 464807EB 		.ascii	"FH\007\353\012t<LP\303P!\2500\3248T\004j\022j\012j\032"
  69      0A743C4C 
  69      50C35021 
  69      A830D438 
  69      54046A12 
  70 0087 2A893207 		.ascii	"*\2112\007\355!\2625\0035\250\361\222r\357\224lEd;,"
  70      ED21B235 
  70      0335A8F1 
  70      9272EF94 
  70      6C45643B 
  71 009c 3F4B3B76 		.ascii	"?K;vt8\036\332\377\224\365S\207\263\315V\272\234~:\347"
  71      74381EDA 
  71      FF94F553 
  71      87B3CD56 
  71      BA9C7E3A 
  72 00b1 37C0D262 		.ascii	"7\300\322b\326\323e\342 \275\250\317\355\026at\265\210"
  72      D6D365E2 
  72      20BDA8CF 
  72      ED166174 
  72      B588
  73 00c3 67F5B8E2 		.ascii	"g\365\270\342<\356\307yx\000\347!\204\007q.\374\336"
  73      3CEEC779 
  73      7800E721 
  73      8407712E 
  73      FCDE
  74 00d5 D34B523A 		.ascii	"\323KR:\325\277\231Ct\230\316\373\374\353\213\346\374"
  74      D5BF9943 
  74      7498CEFB 
  74      FCEB8BE6 
  74      FC
  75 00e6 20B4B589 		.ascii	" \264\265\211\251\005|\374\270\320\223@\277\321\372"
  75      A9057CFC 
  75      B8D09340 
  75      BFD1FA
ARM GAS  /tmp/ccTydFel.s 			page 5


  76 00f5 52EC0D6F 		.ascii	"R\354\015o\017n/[\30491utt\215Q8\210\011\036\302\371"
  76      0F6E2F5B 
  76      C4393175 
  76      74748D51 
  76      3888091E 
  77 010b 3449E7AC 		.ascii	"4I\347\254\005\017c+\264\365\306Zw\365\304\306\354\265"
  77      050F632B 
  77      B4F5C65A 
  77      77F5C4C6 
  77      ECB5
  78 011d 8DE46F02 		.ascii	"\215\344o\002\304\232\270\275\265\372\310\022\020_5"
  78      C49AB8BD 
  78      B5FAC812 
  78      105F35
  79 012c 8B8770D6 		.ascii	"\213\207p\326\0222\242BF\024$\304\220`O\347\222\221"
  79      1232A242 
  79      461424C4 
  79      90604FE7 
  79      9291
  80 013e 543124F8 		.ascii	"T1$\370\354\307^\026C\302\363-\233\3474\310\250\012"
  80      ECC75E16 
  80      43C2F32D 
  80      9BE734C8 
  80      A80A
  81 0150 19559030 		.ascii	"\031U\2200C\342C\237[1y\201\231\022\015.\375\262H\312"
  81      43E2439F 
  81      5B317981 
  81      99120D2E 
  81      FDB248CA 
  82 0164 C737751A 		.ascii	"\3077u\032dL\205\214)\3108C\006\"\221\336,2+!\201\330"
  82      644C858C 
  82      29C83843 
  82      062291DE 
  82      2C322B21 
  83 017a F24E8E84 		.ascii	"\362N\216\204\364l\276&\032eB\245L(J\204)\311/mkF\262"
  83      F46CBE26 
  83      1A6542A5 
  83      4C284A84 
  83      29C92F6D 
  84 0191 2F297BDD 		.ascii	"/){\335\313\177L\222r0;\256\323(Q\225\022U\224I\246"
  84      CB7F4C92 
  84      72303BAE 
  84      D3285195 
  84      12559449 
  85 01a6 04A26938 		.ascii	"\004\242i8\247>\351\275\255L\276\3530K\312\312\207C"
  85      A73EE9BD 
  85      AD4CBEEB 
  85      304BCACA 
  85      8743
  86 01b8 AC51622A 		.ascii	"\254Qb*%\246(SLI\017|M\030\311\202\244l\014\275\377"
  86      25A62853 
  86      4C490F7C 
  86      4D18C982 
  86      A46C0CBD 
  87 01cd 669094B7 		.ascii	"f\220\224\267\217w\265;\212\253\224\270\242L3\245\263"
  87      8F77B53B 
  87      8AAB94B8 
ARM GAS  /tmp/ccTydFel.s 			page 6


  87      A24C33A5 
  87      B3
  88 01de 6B0BDCE7 		.ascii	"k\013\334\347\204)\2533\353\273\362\271\314wLh_QB\245"
  88      8429AB33 
  88      EBBBF2B9 
  88      CC774C68 
  88      5F5142A5 
  89 01f2 241425C9 		.ascii	"$\024%\311\224\357\376T\273\336\322.\212\315\364\243"
  89      94EFFE54 
  89      BBDED22E 
  89      8ACDF4A3 
  90 0202 35CD65B3 		.ascii	"5\315e\263\206\343\317v\006[X\232^\215\356jOi=\3573"
  90      86E3CF76 
  90      065B589A 
  90      5E8DEE6A 
  90      4F693DEF 
  91 0217 94DCBA63 		.ascii	"\224\334\272c-B\027l6\256\310\315\327\360\345v\256A"
  91      2D42176C 
  91      36AEC8CD 
  91      D7F0E576 
  91      AE41
  92 0229 E0E02627 		.ascii	"\340\340&'x\235\364js\"\203\340\243\321\213\231\031"
  92      789DF46A 
  92      732283E0 
  92      A3D18B99 
  92      19
  93 023a BEDEE9B9 		.ascii	"\276\336\351\271\357\252\245s\207\340\263\271\221\251"
  93      EFAAA573 
  93      87E0B3B9 
  93      91A9
  94 0248 A6A1DAEB 		.ascii	"\246\241\332\353\242\351+\231ivO\340\354\225\016{\345"
  94      A2E92B99 
  94      69764FE0 
  94      EC950E7B 
  94      E5
  95 0259 CDC2821B 		.ascii	"\315\302\202\033\205\216\342R{Q\371\335\353\267\253"
  95      858EE252 
  95      7B51F9DD 
  95      EBB7AB
  96 0268 A47B0018 		.ascii	"\244{\000\030\037\272\352h\373\245\223\037\006)\032"
  96      1FBAEA68 
  96      FBA5931F 
  96      06291A
  97 0277 161AF953 		.ascii	"\026\032\371S\204!\005a\203\300\376\327\345\377dk\275"
  97      84210561 
  97      83C0FED7 
  97      E5FF646B 
  97      BD
  98 0288 3C6C1AEC 		.ascii	"<l\032\354j\227\363\0246\244 |\306\321\010s\217\307"
  98      6A97F314 
  98      36A4207C 
  98      C6D10873 
  98      8FC7
  99 029a E5E0A1E5 		.ascii	"\345\340\241\345jfKc\203\327Gw\016\333\346\312\312\212"
  99      6A664B63 
  99      83D74777 
  99      0EDBE6CA 
ARM GAS  /tmp/ccTydFel.s 			page 7


  99      CA8A
 100 02ac B9928AD2 		.ascii	"\271\222\212\322\362\007\005L\220;A\261\270UH\301\311"
 100      F207054C 
 100      903B41B1 
 100      B85548C1 
 100      C9
 101 02bd 887C824D 		.ascii	"\210|\202MM\234\373_\377_:\247\257w"
 101      4D9CFB5F 
 101      FF5F3AA7 
 101      AF77
 102              		.text
 103              		.section	.gnu.lto_.symtab.b33283525126612d,"",%progbits
 104 0000 68616C49 		.ascii	"halInit\000\000\000\000\000\000\000\000\000\000\000"
 104      6E697400 
 104      00000000 
 104      00000000 
 104      0000
 105 0012 00AC0000 		.ascii	"\000\254\000\000\000stInit\000\000\002\000\000\000\000"
 105      00737449 
 105      6E697400 
 105      00020000 
 105      0000
 106 0024 00000000 		.ascii	"\000\000\000\000\000\256\000\000\000boardInit\000\000"
 106      00AE0000 
 106      00626F61 
 106      7264496E 
 106      69740000 
 107 0038 02000000 		.ascii	"\002\000\000\000\000\000\000\000\000\000\260\000\000"
 107      00000000 
 107      0000B000 
 107      00
 108 0045 00776467 		.ascii	"\000wdgInit\000\000\002\000\000\000\000\000\000\000"
 108      496E6974 
 108      00000200 
 108      00000000 
 108      0000
 109 0057 0000B200 		.ascii	"\000\000\262\000\000\000spiInit\000\000\002\000\000"
 109      00007370 
 109      69496E69 
 109      74000002 
 109      0000
 110 0069 00000000 		.ascii	"\000\000\000\000\000\000\000\264\000\000\000sdInit\000"
 110      000000B4 
 110      00000073 
 110      64496E69 
 110      7400
 111 007b 00020000 		.ascii	"\000\002\000\000\000\000\000\000\000\000\000\266\000"
 111      00000000 
 111      000000B6 
 111      00
 112 0088 00006164 		.ascii	"\000\000adcInit\000\000\002\000\000\000\000\000\000"
 112      63496E69 
 112      74000002 
 112      00000000 
 112      0000
 113 009a 000000B8 		.ascii	"\000\000\000\270\000\000\000_pal_lld_init\000\000\002"
 113      0000005F 
ARM GAS  /tmp/ccTydFel.s 			page 8


 113      70616C5F 
 113      6C6C645F 
 113      696E6974 
 114 00b1 00000000 		.ascii	"\000\000\000\000\000\000\000\000\000\272\000\000\000"
 114      00000000 
 114      00BA0000 
 114      00
 115 00be 68616C5F 		.ascii	"hal_lld_init\000\000\002\000\000\000\000\000\000\000"
 115      6C6C645F 
 115      696E6974 
 115      00000200 
 115      00000000 
 116 00d4 0000BC00 		.ascii	"\000\000\274\000\000\000"
 116      0000
 117              		.text
 118              		.section	.gnu.lto_.opts,"",%progbits
 119 0000 272D666E 		.ascii	"'-fno-trapv' '-mcpu=cortex-m4' '-mfloat-abi=hard' '"
 119      6F2D7472 
 119      61707627 
 119      20272D6D 
 119      6370753D 
 120 0033 2D6D6670 		.ascii	"-mfpu=fpv4-sp-d16' '-mno-thumb-interwork' '-mthumb'"
 120      753D6670 
 120      76342D73 
 120      702D6431 
 120      36272027 
 121 0066 20272D67 		.ascii	" '-ggdb' '-O2' '-fomit-frame-pointer' '-falign-func"
 121      67646227 
 121      20272D4F 
 121      32272027 
 121      2D666F6D 
 122 0099 74696F6E 		.ascii	"tions=16' '-ffunction-sections' '-fdata-sections' '"
 122      733D3136 
 122      2720272D 
 122      6666756E 
 122      6374696F 
 123 00cc 2D666E6F 		.ascii	"-fno-common' '-flto'\000"
 123      2D636F6D 
 123      6D6F6E27 
 123      20272D66 
 123      6C746F27 
 124              		.text
 125              		.comm	__gnu_lto_v1,1,1
 126              		.comm	__gnu_lto_slim,1,1
 127              		.ident	"GCC: (15:4.9.3+svn231177-1) 4.9.3 20150529 (prerelease)"
ARM GAS  /tmp/ccTydFel.s 			page 9


DEFINED SYMBOLS
                            *ABS*:0000000000000000 hal.c
                            *COM*:0000000000000001 __gnu_lto_v1
                            *COM*:0000000000000001 __gnu_lto_slim

NO UNDEFINED SYMBOLS
