ARM GAS  /tmp/ccmu8dKC.s 			page 1


   1              		.syntax unified
   2              		.cpu cortex-m4
   3              		.eabi_attribute 27, 1
   4              		.eabi_attribute 28, 1
   5              		.fpu fpv4-sp-d16
   6              		.eabi_attribute 20, 1
   7              		.eabi_attribute 21, 1
   8              		.eabi_attribute 23, 3
   9              		.eabi_attribute 24, 1
  10              		.eabi_attribute 25, 1
  11              		.eabi_attribute 26, 1
  12              		.eabi_attribute 30, 2
  13              		.eabi_attribute 34, 1
  14              		.eabi_attribute 18, 4
  15              		.thumb
  16              		.file	"hal_lld.c"
  17              		.text
  18              	.Ltext0:
  19              		.section	.gnu.lto_.profile.feed693142f0cb1f,"",%progbits
  20 0000 789C6366 		.ascii	"x\234cf```a\200\000F\206\362H\000\001\273\000\331"
  20      60606061 
  20      80004686 
  20      F2480001 
  20      BB00D9
  21              		.text
  22              		.section	.gnu.lto_.jmpfuncs.feed693142f0cb1f,"",%progbits
  23 0000 789C6366 		.ascii	"x\234cf\300\016\370\24043\0203\202YL@\014\000\002(\000"
  23      C00EF8A0 
  23      34331033 
  23      82594C40 
  23      0C000228 
  24 0015 18       		.ascii	"\030"
  25              		.text
  26              		.section	.gnu.lto_.inline.feed693142f0cb1f,"",%progbits
  27 0000 789C6366 		.ascii	"x\234cf\300\016\374\24043\003\203\230\020#\003\223\332"
  27      C00EFCA0 
  27      34330383 
  27      98102303 
  27      93DA
  28 0012 89DF8C0C 		.ascii	"\211\337\214\014l\013\344\231@\202\214\014\222\306 "
  28      6C0BE499 
  28      40828C0C 
  28      92C620
  29 0021 B10F2B98 		.ascii	"\261\017+\230\020b\\(\004\023\203\301OF\240\232\250"
  29      10625C28 
  29      041383C1 
  29      4F46A09A 
  29      A8
  30 0032 17D3E4E0 		.ascii	"\027\323\344\340j\030\000\240Q\012\025"
  30      6A1800A0 
  30      510A15
  31              		.text
  32              		.section	.gnu.lto_.pureconst.feed693142f0cb1f,"",%progbits
  33 0000 789C6366 		.ascii	"x\234cf```g\200\000f\006)F)&)\000\001\274\000_"
  33      60606067 
  33      80006606 
  33      29462926 
ARM GAS  /tmp/ccmu8dKC.s 			page 2


  33      290001BC 
  34              		.text
  35              		.section	.gnu.lto_hal_lld_backup_domain_init.feed693142f0cb1f,"",%progbits
  36 0000 789C9D53 		.ascii	"x\234\235SKH\224Q\024>\347\376\217\031\235Q\234\"\020"
  36      4B489451 
  36      143EE7FE 
  36      8F199D51 
  36      9C2210
  37 0013 835ABA1A 		.ascii	"\203Z\272\032\177\320\026\256\332\024\256\212\026\266"
  37      7FD016AE 
  37      DA14AE8A 
  37      16B6
  38 0021 8F1E0B05 		.ascii	"\217\036\013\005\301\310\026\356\274\223S\024\224Y\020"
  38      C1C816EE 
  38      BC935314 
  38      945910
  39 0030 442118A1 		.ascii	"D!\030\241ej\243Vc>\322\311\312\"z`j\226\213^\216\220"
  39      656AA356 
  39      633ED2C9 
  39      CA227A60 
  39      6A968B5E 
  40 0046 BB7F7A50 		.ascii	"\273\177zP\023\211\235s\357\350\237\006\241\016\314"
  40      13899D73 
  40      EFE89F06 
  40      A10ECC
  41 0055 B9FF9C7B 		.ascii	"\271\377\234{\346\373\276\363\235\363\033\360\357g\027"
  41      E6FBBEF3 
  41      9DF31BF0 
  41      EF6717
  42 0064 7D674C80 		.ascii	"}gL\200mt\242\017P4\276\000\210\370\2050\232KAf\233"
  42      6D74A20F 
  42      5034BE00 
  42      88F88530 
  42      9A4B4166 
  43 0079 EE269041 		.ascii	"\356&\220A\003M\2356\2055\341P\332\036\334Bi\013m\235"
  43      034D9D36 
  43      8535E150 
  43      DA1EDC42 
  43      690B6D9D 
  44 008d B611F901 		.ascii	"\266\021\371\001\020\352\204aZ6\326\341\234H\011lL\264"
  44      10EA8461 
  44      5A36D6E1 
  44      9C48096C 
  44      4CB4
  45 009f 5F0C14B6 		.ascii	"_\014\024\266H)\335O\235\276\343\371i\001\360Uhb\274"
  45      4829DD4F 
  45      9DBEE3F9 
  45      6901F055 
  45      6862BC
  46 00b2 86854035 		.ascii	"\206\205@5\251\350\374T\300\216RM\236\276\303\353h#"
  46      A9E8FC54 
  46      C08E524D 
  46      9EBEC3EB 
  46      6823
  47 00c4 9DB10D09 		.ascii	"\235\261\015\011\271\260p5\326\321kn4!-\320\342\340"
  47      B9B07035 
  47      D6D16B6E 
ARM GAS  /tmp/ccmu8dKC.s 			page 3


  47      34212DD0 
  47      E2E0
  48 00d6 E3E0E710 		.ascii	"\343\340\347\020\340\020\344\220\303!\227C\036\207\020"
  48      E010E490 
  48      C3219743 
  48      1E8710
  49 00e5 07802481 		.ascii	"\007\200$\201\261\252Y!\3704\246q$\236\032\334\314\360"
  49      B1AA5921 
  49      F834A671 
  49      249E1ADC 
  49      CCF0
  50 00f7 3F8449CC 		.ascii	"?\204I\314\365\257\306w~\026i!\344\207\2104Y\313\373"
  50      F5AFC677 
  50      7E166921 
  50      E4878834 
  50      59CBFB
  51 010a E4CB31BF 		.ascii	"\344\3131\277J\001\377\234\352?\365\321n\302\313\230"
  51      4A01FF9C 
  51      EA3FF5D1 
  51      6EC2CB98 
  52 011a 1606B661 		.ascii	"\026\006\266a\001\336\300\002u\321s!9\231\035n\227\321"
  52      01DEC002 
  52      75D17321 
  52      39991D6E 
  52      97D1
  53 012c 883F2D4C 		.ascii	"\210?-Ll\307&\374\242\332\302\016\014\3034\326\177\263"
  53      6CC726FC 
  53      A2DAC20E 
  53      0CC334D6 
  53      7FB3
  54 013e 358DA599 		.ascii	"5\215\245\231\006\236\265\305\004\343\242\024\200\235"
  54      069EB5C5 
  54      04E3A214 
  54      809D
  55 014c 844262CE 		.ascii	"\204Bb\316#\327\254\201\346\246G\023\3030\2013J\374"
  55      23D7AC81 
  55      E6A64713 
  55      C3308133 
  55      4AFC
  56 015e DC764DE5 		.ascii	"\334vM\345\243?<}\322\322\227\305<\226l>\271\242%KA"
  56      A33F3C7D 
  56      D2D297C5 
  56      3C966C3E 
  56      B9A2254B 
  57 0173 1E6BBDD2 		.ascii	"\036k\275\322\357\327\\6v\021Ww\206k\346\327\245\331"
  57      EFD75C36 
  57      76115777 
  57      866BE6D7 
  57      A5D9
  58 0185 00732153 		.ascii	"\000s!S\365(*\236\002\336\322\035\375<1!4\221_s\215"
  58      F5282A9E 
  58      02DED21D 
  58      FD3C3121 
  58      34915F73 
  59 019a CE0D3504 		.ascii	"\316\0155\004uO6\340m\202\231\304\350\333\372\202L\021"
  59      754F36E0 
  59      6D8299C4 
ARM GAS  /tmp/ccmu8dKC.s 			page 4


  59      E8DBFA82 
  59      4C11
  60 01ac 559C75C7 		.ascii	"U\234u\307\316d\351\012\023\360\016\023\001\217\303"
  60      CE64E90A 
  60      13F00E13 
  60      018FC3
  61 01bb 80E6529E 		.ascii	"\200\346R\236\206\3335\2745c\301\242\254\210\224\211"
  61      86DB35BC 
  61      3563C1A2 
  61      AC889489 
  62 01cb FCFF4B8B 		.ascii	"\374\377K\213{\322z1\314M\307\237\377\316a\032S2\317"
  62      7BD27A31 
  62      CC4DC79F 
  62      FFCE611A 
  62      5332CF
  63 01de 5DEDAEEB 		.ascii	"]\355\256\353\256\007\274\317\003\357W\340K\366\321"
  63      AE07BCCF 
  63      03EF57E0 
  63      4BF6D1
  64 01ed 2B8203AA 		.ascii	"+\202\003\252\205Yz^\334\247\356\311nC7\034X\275\271"
  64      85597A5E 
  64      DCA7EEC9 
  64      6E43371C 
  64      58BDB9
  65 0200 831EC9BD 		.ascii	"\203\036\311\275\225\346\0065\322\374x\203\033\320\326"
  65      95E60635 
  65      D2FC7883 
  65      1BD0D6
  66 020f F1C60C69 		.ascii	"\361\306\014iw\337,\272\033\244\222H\353\300i\237*!"
  66      77DF2CBA 
  66      1BA49248 
  66      EBC0699F 
  66      2A21
  67 0221 9CE12573 		.ascii	"\234\341%s-\230p\264\264\327\251\214\264\234UI\323;"
  67      2D9870B4 
  67      B4D7A98C 
  67      B49C5549 
  67      D33B
  68 0233 96F0B4DD 		.ascii	"\226\360\264\335_\276\312\271\004\244\206\370\367\352"
  68      5FBECAB9 
  68      04A486F8 
  68      F7EA
  69 0241 AE1676C4 		.ascii	"\256\026v\304\203}\300\253\233\253Vwl\0125v\336\032"
  69      837DC0AB 
  69      9BAB5677 
  69      6C0A3576 
  69      DE1A
  70 0253 A01E7A50 		.ascii	"\240\036zP\217\226+\014\021\220\262j=\012G=\330\307"
  70      8F962B0C 
  70      1190B26A 
  70      3D0A473D 
  70      D8C7
  71 0265 AC30A4DC 		.ascii	"\2540\244\334\264\325\244\337a$\361\275\214\001\331"
  71      B4D5A4DF 
  71      6124F1BD 
  71      8C01D9
  72 0274 E3245551 		.ascii	"\343$UQ\226^\304\342\242\"gGE\345\201\312=\345Nu\215"
ARM GAS  /tmp/ccmu8dKC.s 			page 5


  72      965EC4E2 
  72      A2226747 
  72      45E581CA 
  72      3DE54E75 
  73 0289 53B1BFCA 		.ascii	"S\261\277\3129\\}\344h\215S\276wwI\261\216e%\265\265"
  73      395C7DE4 
  73      688D53BE 
  73      777749B1 
  73      8E6525B5 
  74 029e 7CB3AFAA 		.ascii	"|\263\257\252\352P\321A\370\003Zr\272\246"
  74      EA50D141 
  74      F8035A72 
  74      BAA6
  75              		.text
  76              		.section	.gnu.lto_hal_lld_init.feed693142f0cb1f,"",%progbits
  77 0000 789C9D94 		.ascii	"x\234\235\224\337kRa\030\307\337\347U\217\212\272B\231"
  77      DF6B5261 
  77      18C7DFE7 
  77      558F8ABA 
  77      4299
  78 0012 8857DDED 		.ascii	"\210W\335\355J\245\255\377 \352\"\210.\326}\364\343"
  78      4AA5ADFF 
  78      20EA2288 
  78      2ED67DF4 
  78      E3
  79 0023 620361A3 		.ascii	"b\003a\243u\261\233\261\343f\264A\304\022\202\310\214"
  79      75B19BB1 
  79      E366B441 
  79      C41282C8 
  79      8C
  80 0034 06AD5F36 		.ascii	"\006\255_6\327\326r9W\331\372\341\266\322e^\004\303"
  80      D7D67239 
  80      57D9FAE1 
  80      B6D2655E 
  80      04C3
  81 0046 7E9013D6 		.ascii	"~\220\023\326\325\262\031a-\354}\336W:\272\030\354("
  81      D5B21961 
  81      2DEC7DDE 
  81      573ABA18 
  81      EC28
  82 0058 F81C3DE7 		.ascii	"\370\034=\3479\237\357\367\373\274\3579\032\362\377"
  82      399FEFF7 
  82      FBBCEF39 
  82      1AF2FF
  83 0067 C7C9BE07 		.ascii	"\307\311\276\007$B\366\261#h\010\320\2214!>\003\005"
  83      2442F6B1 
  83      236808D0 
  83      9134213E 
  83      0305
  84 0079 C01F0448 		.ascii	"\300\037\004H?\205~\370J\213\024F\022\341\313\246\226"
  84      3F857EF8 
  84      4A8B1446 
  84      12E1CBA6 
  84      96
  85 008a 315996BF 		.ascii	"1Y\226\277\005\342\216\263\2162%d\203\012\014\334\202"
  85      05E28EB3 
  85      8E322564 
ARM GAS  /tmp/ccmu8dKC.s 			page 6


  85      830A0CDC 
  85      82
  86 009b 16C27A8A 		.ascii	"\026\302z\212\376?\357M\222\237\365\354\026\327\340"
  86      FE3FEF4D 
  86      929FF5EC 
  86      16D7E0
  87 00aa 3648C08E 		.ascii	"6H\300\216\023\326\204\\\251\344\257\346\262Z\007%e"
  87      13D6845C 
  87      A9E4AFE6 
  87      B25A0725 
  87      65
  88 00bb CAB45891 		.ascii	"\312\264X\221\260\030\261\230\261X\260X\261\330\260"
  88      B018B198 
  88      B158B058 
  88      B1D8B0
  89 00ca 3463B163 		.ascii	"4c\261c!d\225\301\320Q\201R<jV`>:\271\276\027\361?)"
  89      216495C1 
  89      D0518152 
  89      3C6A5660 
  89      3E3AB9BE 
  90 00e2 BA5B5A18 		.ascii	"\272[Z\030\213\031\327h\231R\371\372\220\254E3\237V"
  90      8B19D768 
  90      9952F9FA 
  90      90AC4533 
  90      9F56
  91 00f4 9733067E 		.ascii	"\2273\006~\212\340\337\201\233\243\263\206\020\004\241"
  91      8AE0DF81 
  91      9BA3B386 
  91      1004A1
  92 0103 4C357007 		.ascii	"L5p\007\234p\027\234\374B\376\327\225\202\311\025\226"
  92      9C70179C 
  92      FC42FED7 
  92      9582C915 
  92      96
  93 0114 FD3E4399 		.ascii	"\375>C\231j!\014!\370\316s\301=p\221\025\030,IBG#\244"
  93      6A210C21 
  93      F8CE73C1 
  93      3D709115 
  93      182C4942 
  94 012b E6468333 		.ascii	"\346F\2033M\310\205J\345\334\346.\002\343\014\304\014"
  94      4DC8854A 
  94      E5DCE62E 
  94      02E30CC4 
  94      0C
  95 013c 0500DB54 		.ascii	"\005\000\333T(E\024\245\011p1>R\272w\014\001d\334W\030"
  95      284514A5 
  95      0970313E 
  95      52BA770C 
  95      0164DC57 
  96 0151 93E0AA4D 		.ascii	"\223\340\252M\255e\247\246\204\263hf\035D\0045\366\036"
  96      AD65A7A6 
  96      84B36866 
  96      1D440435 
  96      F61E
  97 0163 7034AE1E 		.ascii	"p4\256\036L\363A\250\360&\010\017\025BT\230\013\226"
  97      4CF341A8 
  97      F026080F 
ARM GAS  /tmp/ccmu8dKC.s 			page 7


  97      15425498 
  97      0B96
  98 0175 6F18ABA3 		.ascii	"o\030\253\243\253T\330\350f\204A\225\241\037)\334\030"
  98      AB54D8E8 
  98      66844195 
  98      A11F29DC 
  98      18
  99 0186 B8FEA5BC 		.ascii	"\270\376\245\274X\252\2464\252\3608\313Y|\257\306\033"
  99      58AAA634 
  99      AAF038CB 
  99      597CAFC6 
  99      1B
 100 0197 4B39A710 		.ascii	"K9\247\020\03637\215Ez\242@\236\326D\312\374\250F2\253"
 100      1E33378D 
 100      457AA240 
 100      9ED644CA 
 100      FCA84632 
 101 01ac 3094E02C 		.ascii	"0\224\340,\015\262\236\325\357`\213\000-\016\344\013"
 101      0DB29ED5 
 101      EF608B00 
 101      2D0EE40B 
 102 01bc 26BE0CEC 		.ascii	"&\276\014\354I\225\201\300|\203;\370\271\242\364\002"
 102      499581C0 
 102      7C833BF8 
 102      B9A2F402 
 103 01cc 77B085E4 		.ascii	"w\260\205\344`0\221\323#\006\333\257e/Dh\337oyHf\355"
 103      603091D3 
 103      2306DBAF 
 103      652F4468 
 103      DF6F7948 
 104 01e2 BA0D5C32 		.ascii	"\272\015\\2x\011}\354\231\226xgi\333N6\011xU\323\271"
 104      78097DEC 
 104      99967867 
 104      69DB4E36 
 104      097855D3 
 105 01f7 B96D2753 		.ascii	"\271m'S\207d\265\223\217,IEX\253\212 \013<\210\026\203"
 105      8764B593 
 105      8F2C4945 
 105      58AB8A20 
 105      0B3C8816 
 106 020c 2CD68FCC 		.ascii	",\326\217\314&@\311\320\332\224\226\217\214\215k\251"
 106      2640C9D0 
 106      DA94968F 
 106      8C8D6BA9 
 107 021c C171BD56 		.ascii	"\301q\275VT\336\340\270l\334p1\025\320\011\255fv\313"
 107      54DEE0B8 
 107      6CDC7031 
 107      15D009AD 
 107      6676CB
 108 022f A55C386D 		.ascii	"\245\\8mF!\275,\373\267\274\310\364\034\0328\377a\232"
 108      4621BD2C 
 108      FBB7BCC8 
 108      F41C1A38 
 108      FF619A
 109 0242 0A3503A4 		.ascii	"\0125\003\244\230Z\272\252\366yx\374K\223\242\266\314"
 109      985ABAAA 
 109      F67978FC 
ARM GAS  /tmp/ccmu8dKC.s 			page 8


 109      4B93A2B6 
 109      CC
 110 0253 D574A8F6 		.ascii	"\325t\250\366\266>\223]H\305\"\245\224\330\006{\010"
 110      B63E935D 
 110      48C522A5 
 110      94D8067B 
 110      08
 111 0264 64B664DA 		.ascii	"d\266d\332\251\312;E%\213\231\354\344#\370\022\361C"
 111      A9CA3B45 
 111      258B99EC 
 111      E423F812 
 111      F143
 112 0276 7CB908BE 		.ascii	"|\271\010\276\271\001\337\330l=[\335n\317\376\216\316"
 112      B901DFD8 
 112      6C3D5BDD 
 112      6ECFFE8E 
 112      CE
 113 0287 139D47DA 		.ascii	"\023\235G\332=]=\236\216\343^Ow\327\3513=\236\366\243"
 113      3D5D3D9E 
 113      8EE35E4F 
 113      77D7E933 
 113      3D9EF6A3 
 114 029b 87DB5A45 		.ascii	"\207\333ZE=\330\326\333\213W\216y\275\247\334'\311_"
 114      3DD8D6DB 
 114      8B578E79 
 114      BDA7DC27 
 114      C95F
 115 02ad 96692873 		.ascii	"\226i(s"
 116              		.text
 117              		.section	.gnu.lto_stm32_clock_init.feed693142f0cb1f,"",%progbits
 118 0000 789C9D56 		.ascii	"x\234\235V\335o\223U\034>\277\363~\364m\337~\302.6X"
 118      DD6F9355 
 118      1C3EBFF3 
 118      7EF46DDF 
 118      7EC22E36 
 119 0015 58D862B8 		.ascii	"X\330b\270\332j\300\177\240\232x\247^\340\275\361#\006"
 119      DA6AC07F 
 119      A09A78A7 
 119      5EE0BDF1 
 119      2306
 120 0027 922510F1 		.ascii	"\222%\020\361\202;\336\262\262\270d\211\004\243!\230"
 120      823BDEB2 
 120      B2B86489 
 120      04A32198 
 121 0037 194D04D4 		.ascii	"\031M\004\324!\254U\247\003?\352\0046\221m0\334\306"
 121      21AC55A7 
 121      033FEA04 
 121      36916D30 
 121      DCC6
 122 0049 260C6D57 		.ascii	"&\014mW\331t\211\355 \231U\232z~\347\234\366t]b\332"
 122      D97489ED 
 122      2099559A 
 122      7A7EE79C 
 122      F6745D62 
 123 005e 2ED973B6 		.ascii	".\331s\266\363;y\316s\236\337sz\252\221\315?\253\354"
 123      F33B79CE 
 123      739EDF73 
ARM GAS  /tmp/ccmu8dKC.s 			page 9


 123      7AAA91CD 
 123      3FABEC
 124 0071 F7BC8790 		.ascii	"\367\274\207\220'\330\010[\010\320\343\223\204D-\012"
 124      27D8085B 
 124      08D0E393 
 124      84442D0A 
 125 0081 9AF843A3 		.ascii	"\232\370C\243\241\3761B\034\217\036s\021\307\033\022"
 125      A1FE3142 
 125      1C8F1E73 
 125      11C71B12 
 126 0091 F3111D0C 		.ascii	"\363\021\035\014Q7hP\324M^\017\212\371\210\011.Qw\321"
 126      51376850 
 126      D44D5E0F 
 126      8AF98809 
 126      2E5177D1 
 127 00a5 80A85BBC 		.ascii	"\200\250[\274\036\020\363\021\013\334\242\356\246~Q"
 127      1E10F311 
 127      0BDCA2EE 
 127      A67E51
 128 00b4 F7F0BA5F 		.ascii	"\367\360\272_\314G<`\213\272M}\242\356\345u\237\230"
 128      CC473C60 
 128      8BBA4D7D 
 128      A2EEE575 
 128      9F98
 129 00c6 8F780170 		.ascii	"\217x\001p$@\216P-\244\033A\323\025\260\334~\217\355"
 129      24408E50 
 129      2DA41B41 
 129      D315B0DC 
 129      7E8FED
 130 00d9 F3C21153 		.ascii	"\363\302\021S\023g3\304\340\022\203[\014\266\030Vh\216"
 130      136733C4 
 130      E012835B 
 130      0CB61856 
 130      688E
 131 00eb C2F1E4E0 		.ascii	"\302\361\344\340I{\327i\307q\262\251\231\346c\315yJ"
 131      497BD769 
 131      C771B2A9 
 131      99E663CD 
 131      794A
 132 00fd C8032A16 		.ascii	"\310\003*\026\300Y\330E\330\232\\\2540g\2331\266&(j"
 132      C059D845 
 132      D89A5CAC 
 132      30679B31 
 132      B626286A 
 133 0111 F01198C0 		.ascii	"\360\021\230\300\306\013[\222N\261\230~\357\316\272"
 133      C60B5B92 
 133      4EB1987E 
 133      EFCEBA
 134 0120 FE182579 		.ascii	"\376\030%y\346\030\202\201`\"\270\020,\004\017\202\215"
 134      E6188281 
 134      6022B810 
 134      2C040F82 
 134      8D
 135 0131 E045F021 		.ascii	"\340E\360!\004\021B\010[\021\232\020\232\021Z\020\266"
 135      04114208 
 135      5B119A10 
 135      9A115A10 
ARM GAS  /tmp/ccmu8dKC.s 			page 10


 135      B6
 136 0142 23B422EC 		.ascii	"#\264\"\354@hC\330\211\320\216\320\201@\310\022S\303"
 136      406843D8 
 136      89D08ED0 
 136      8140C812 
 136      53C3
 137 0154 4CC950CA 		.ascii	"L\311P\312\006m\001F\207sw\023\032\312[\247x\272k\343"
 137      066D0146 
 137      87737713 
 137      1ACA5BA7 
 137      78BA6BE3 
 138 0168 A747DCCB 		.ascii	"\247G\334\3134O\251\363\376\033\216\216\207\271\267"
 138      344FA9F3 
 138      FE1B8E8E 
 138      87B9B7
 139 0177 3475D3E2 		.ascii	"4u\323\342S\004\377=z\346\203\213\326\000\274\013y\252"
 139      5304FF3D 
 139      7AE6838B 
 139      D600BC0B 
 139      79AA
 140 0189 C1C7B00D 		.ascii	"\301\307\260\015>\201m\274\220\376\347T\306\356\034"
 140      3E816DBC 
 140      90FEE754 
 140      C6EE1C
 141 0198 7462512B 		.ascii	"tbQ+Ou\030\204\001X\343\276\3009\350$\013\320\363\320"
 141      4F751884 
 141      0158E3BE 
 141      C039E824 
 141      0BD0F3D0 
 142 01ac 14FB6862 		.ascii	"\024\373hb\253\261\201\345\204\216\274\000\004>e$L\315"
 142      ABB181E5 
 142      848EBC00 
 142      043E6524 
 142      4CCD
 143 01be 09C02575 		.ascii	"\011\300%u\354r^\355r\001:\0317\373+\303\2205\232\237"
 143      EC725EED 
 143      72013A19 
 143      37FB2BC3 
 143      90359A9F 
 144 01d2 2EBEB826 		.ascii	".\276\270&Og\324\304\012H:\244H\343B\372\337\275KT\320"
 144      4F67D4C4 
 144      0A483AA4 
 144      48E342FA 
 144      DFBD4B54 
 145 01e7 48A65373 		.ascii	"H\246Ss\231\207\032\027O\011$\030\313\014\304n\367\274"
 145      99871A17 
 145      4F092418 
 145      CB0CC46E 
 145      F7BC
 146 01f9 2AD7B005 		.ascii	"*\327\260\005\3213\227\372]|\001c\371\014\267!\350~"
 146      D13397FA 
 146      5D7C0163 
 146      F90CB721 
 146      E87E
 147 020b 88B06442 		.ascii	"\210\260dB\206\352%\373\343\231i)\320U\307\261?\347"
 147      86EA25FB 
 147      E3996929 
ARM GAS  /tmp/ccmu8dKC.s 			page 11


 147      D055C7B1 
 147      3FE7
 148 021d 0A3151F0 		.ascii	"\0121Q\360\205T(\315\265\004Qf\362h\237\217o\377\250"
 148      855428CD 
 148      B5045166 
 148      F2689F8F 
 148      6FFFA8
 149 0230 582C0608 		.ascii	"X,\006\010\0147h\360\227j\247\257\320`\213\033l\224"
 149      0C3768F0 
 149      976AA7AF 
 149      D0608B1B 
 149      6C94
 150 0242 0DCE6552 		.ascii	"\015\316eRR\277\247v\203G\024\351\305\222\301\253\322"
 150      52BFA776 
 150      834714E9 
 150      C592C1AB 
 150      D2
 151 0253 605B30AD 		.ascii	"`[0\255\037\313\366y\370\001\274\004.\011\203\347K\006"
 151      1FCBF679 
 151      F801BC04 
 151      2E0983E7 
 151      4B06
 152 0265 DB158E06 		.ascii	"\333\025\216\006\245\243f9\320\367K\201\366\326q\316"
 152      A5A36639 
 152      D0F74B81 
 152      F6D671CE 
 153 0275 AF55CFBF 		.ascii	"\257U\317\277\331\350\250O\020%\012Co\331\\P\236\345"
 153      D9E8A84F 
 153      10250A43 
 153      6FD95C50 
 153      9EE5
 154 0287 F5DB06ED 		.ascii	"\365\333\006\355\374Nm\223D;}\310\222\035Z\025!\250"
 154      FC4E6D93 
 154      443B7DC8 
 154      921D5A15 
 154      21A8
 155 0299 208A3A4E 		.ascii	" \212:N\322\374\177\027\277W.\216Bg\345M\325\331\324"
 155      D2FC7F17 
 155      BF572E8E 
 155      4267E54D 
 155      D5D9D4
 156 02ac 0F42E170 		.ascii	"\017B\341p\356\321\250\264#X\207\316\313\234\233\177"
 156      EED1A8B4 
 156      235887CE 
 156      CB9C9B7F 
 157 02bc 745DD978 		.ascii	"t]\331x{C\214\250\341\353zU\321\216\341\361C<M.u]\013"
 157      7B438CA8 
 157      E1EB7A55 
 157      D18EE1F1 
 157      433C4D2E 
 158 02d3 A5346DAD 		.ascii	"\2454m\255=M\343\212\364\307\352\353\332\304\2306\335"
 158      3D4DE38A 
 158      F4C7EAEB 
 158      DAC49836 
 158      DD
 159 02e4 CFA68AF8 		.ascii	"\317\246\212\370\004d|,\031\237l\266\230j\240\027\327"
 159      04647C2C 
ARM GAS  /tmp/ccmu8dKC.s 			page 12


 159      199F6CB6 
 159      986AA017 
 159      D7
 160 02f5 542F7EE2 		.ascii	"T/~\342\275\350?{\271\300\357\277\356\214\037$p]\030"
 160      BDE83F7B 
 160      B9C0EFBF 
 160      EE8C1F24 
 160      705D18
 161 0308 961DBA92 		.ascii	"\226\035\272\222n\200}\202\263\343g\033Lr\366\371\033"
 161      6E807D82 
 161      B3E3671B 
 161      4C72F6F9 
 161      1B
 162 0319 27C5C78F 		.ascii	"'\305\307\217\356<I`J\222g\033\"\277\301\311u$\277\311"
 162      EE3C4960 
 162      4A92671B 
 162      22BFC1C9 
 162      7524BFC9 
 163 032d C9536FF6 		.ascii	"\311So\366,\3607@\177\234\300t)F\327o\311\3164\327\321"
 163      2CF03740 
 163      7F9CC074 
 163      2946D76F 
 163      C9CE34D7 
 164 0342 EF5B2AEE 		.ascii	"\357[*\356?o\214Q\213 :12\337/\2569{,-\0023\015\006"
 164      3F6F8C51 
 164      8B203A31 
 164      32DF2FAE 
 164      397B2C2D 
 165 035a 6B566D34 		.ascii	"kVm4\207\301j\341\301r\253`M<\220\362\267\327\036\254"
 165      87C16AE1 
 165      C172AB60 
 165      4D3C90F2 
 165      B7D71EAC 
 166 036e DB8A74BE 		.ascii	"\333\212t\276:X\255\202\251wjyE+\351\017\022X\250\212"
 166      3A58AD82 
 166      A9776A79 
 166      452BE90F 
 166      1258A88A 
 167 0382 5A6B45D4 		.ascii	"ZkE\324\3742j\236r\324\246\312\375*\364]\355\345\217"
 167      FC326A9E 
 167      72D4A6CA 
 167      FD2AF45D 
 167      EDE58F
 168 0395 A1E124AB 		.ascii	"\241\341$\253\337]\203K\033\233\3763\356\227\035e_:"
 168      DF5D834B 
 168      1B9BFE33 
 168      EE971D65 
 168      5F3A
 169 03a7 4CF885E9 		.ascii	"L\370\205\351\276#u\257\365$\012P\326}\227\353\306o"
 169      BE2375AF 
 169      F5240A50 
 169      D67D97EB 
 169      C66F
 170 03b9 32B0C83B 		.ascii	"2\260\310;\372\227\2632\021\340\035\015\021\270';\032"
 170      FA97B332 
 170      11E01D0D 
 170      11B8273B 
ARM GAS  /tmp/ccmu8dKC.s 			page 13


 170      1A
 171 03ca 9F2D7574 		.ascii	"\237-utG\035F\377\252\202\376\333\306\216\2661\"~\325"
 171      471D46FF 
 171      AA82FEDB 
 171      C68EB631 
 171      227ED5
 172 03dd 1AE95F4A 		.ascii	"\032\351_J\321\246\261\177m\274\177\266zff\323R\354"
 172      D1A6B17F 
 172      6DBC7FB6 
 172      7A6666D3 
 172      52EC
 173 03ef CEDAFBB7 		.ascii	"\316\332\373\267\244H3\325\317L;c\332\364\256\2643\212"
 173      A44833D5 
 173      CF4C3B63 
 173      DAF4AEB4 
 173      338A
 174 0401 0FDF7EE7 		.ascii	"\017\337~\347\234\301;\312\342\370{\271y>\331<\257\372"
 174      9CC13BCA 
 174      E2F87BB9 
 174      793ED93C 
 174      AFFA
 175 0413 DE5452D4 		.ascii	"\336TR\324Q\3079\357\253\313\266\314%\325o\325\212\242"
 175      51C739EF 
 175      ABCBB6CC 
 175      25D56FD5 
 175      8AA2
 176 0425 F803ADEA 		.ascii	"\370\003\255\352 \213\020M\376\373,\322\010\255\300"
 176      208B104D 
 176      FEFB2CD2 
 176      08ADC0
 177 0434 34B2D8EE 		.ascii	"4\262\330\356\356\352\012?\265o\377K\373\237\333\033"
 177      EEEA0A3F 
 177      B56FFF4B 
 177      FB9FDB1B 
 178 0444 3E7028BC 		.ascii	">p(\274\357\305\356\360\301\003\257\275~(\274\367\371"
 178      EFC5EEF0 
 178      C103AFBD 
 178      7E28BCF7 
 178      F9
 179 0455 67F6EC16 		.ascii	"g\366\354\026\370\364\236\303\207\261\362Bw\367+]/\223"
 179      F8F49EC3 
 179      87B1F242 
 179      77F72B5D 
 179      2F93
 180 0467 FF000396 		.ascii	"\377\000\003\226\276\324"
 180      BED4
 181              		.text
 182              		.section	.gnu.lto_.symbol_nodes.feed693142f0cb1f,"",%progbits
 183 0000 789C6366 		.ascii	"x\234cf``(c\200\002\246]L\365\014\014\023\31610\324"
 183      60602863 
 183      8002A65D 
 183      4CF50C0C 
 183      13CE3130 
 184 0015 D733CC5D 		.ascii	"\3273\314]\320\301\303\300\264\233\251\236\021&2o\001"
 184      D0C1C3C0 
 184      B49BA99E 
 184      1126326F 
ARM GAS  /tmp/ccmu8dKC.s 			page 14


 184      01
 185 0026 0703D31E 		.ascii	"\007\003\323\036\246z&d\001\326\235L\014\013\201\332"
 185      A67A2664 
 185      01D69D4C 
 185      0C0B81DA 
 186 0036 18F731D5 		.ascii	"\030\3671\3253C$\030\032\0328\030\030\3672\325\263 "
 186      33432418 
 186      1A1A3818 
 186      18F732D5 
 186      B320
 187 0048 F1991919 		.ascii	"\361\231\031\031\030\016\265\277\221gfdex\002\246Y\030"
 187      180EB5BF 
 187      91676664 
 187      657802A6 
 187      5918
 188 005a 5ABADEC8 		.ascii	"Z\272\336\3103\000\000\322\030 \322"
 188      330000D2 
 188      1820D2
 189              		.text
 190              		.section	.gnu.lto_.refs.feed693142f0cb1f,"",%progbits
 191 0000 789C6366 		.ascii	"x\234cf```d\200\002\000\000=\000\005"
 191      60606064 
 191      80020000 
 191      3D0005
 192              		.text
 193              		.section	.gnu.lto_.decls.feed693142f0cb1f,"",%progbits
 194 0000 789CAD56 		.ascii	"x\234\255VkPTG\026\276}{\030\206a\004Wj\223\254\265"
 194      6B505447 
 194      16BE7D7B 
 194      18866104 
 194      576A93AC 
 195 0015 B521648B 		.ascii	"\265!d\213J\245\022F%\377W\0300\2701\221\032H\334\324"
 195      4AA51246 
 195      25FF5718 
 195      30B83191 
 195      1A48DCD4 
 196 0029 FE9842C0 		.ascii	"\376\230B\300r*<\\\031v\365\337\225\001\004T@|\001\312"
 196      722A3C5C 
 196      1976F5DF 
 196      95010454 
 196      407C01CA 
 197 003d 4BC7F090 		.ascii	"K\307\360\220w\242\306Gt\202\212(\210\212&\210\2722"
 197      77A2C647 
 197      74828A28 
 197      888A2688 
 197      BA32
 198 004f 820A04D0 		.ascii	"\202\012\004\320\361\201\202\257\331\323\3353sg\256"
 198      F18182AF 
 198      D9D3DD33 
 198      7367AE
 199 005e 37AEB5B5 		.ascii	"7\256\265\265\267\352\273\367\236\333\337\371\372t\367"
 199      B7EABBF7 
 199      9EDBDFF9 
 199      FA74F7
 200 006d 39DD1773 		.ascii	"9\335\027s\034\027\2038\316\001\327\312@\216K\3479N"
 200      1C178338 
 200      CE01D7CA 
ARM GAS  /tmp/ccmu8dKC.s 			page 15


 200      408E4BE7 
 200      394E
 201 007f 01DF6239 		.ascii	"\001\337b9\361\362\0014\002\232\001\255\200v\300\367"
 201      F1F20134 
 201      029A01AD 
 201      8076C0F7 
 202 008f 0070E3AC 		.ascii	"\000p\343\254\234\367Ex\276N\377\367\000\347\000\335"
 202      9CF74578 
 202      BE4EFFF7 
 202      00E700DD 
 203 009f 80938007 		.ascii	"\200\223\200\007\000;\000\272\340N\003F\235\032\215"
 203      003B00BA 
 203      E04E0346 
 203      9D1A8D
 204 00ae DCAB17E9 		.ascii	"\334\253\027\351\313\317C\307\345Kt\036\002\352I?\340"
 204      CBCF43C7 
 204      E54B741E 
 204      02EA493F 
 204      E0
 205 00bf AC2480F7 		.ascii	"\254$\200\367q\300\010\340\016`\002p\217c\342\012\247"
 205      71C008E0 
 205      0E600270 
 205      8F63E20A 
 205      A7
 206 00d0 56A333E6 		.ascii	"V\2433\346v\231\276Z%1{\366\025\014\032\177r\366q\023"
 206      7699BE5A 
 206      25317BF6 
 206      150C1A7F 
 206      72F67113 
 207 00e4 3004B80D 		.ascii	"0\004\270\015\030\006L\002\376\200\330\030Zet\357\363"
 207      18064C02 
 207      FE80D818 
 207      5A6574EF 
 207      F3
 208 00f5 E850F3A3 		.ascii	"\350P\363\243s\376\243<\012P\007\023\363pIW\251\022"
 208      73FEA33C 
 208      0A500713 
 208      F3704957 
 208      A912
 209 0107 4C8D5A41 		.ascii	"L\215ZA\314#\317\206.+\336\336&\300Ul\026f+P\354[\250"
 209      CC23CF86 
 209      2E2BDEDE 
 209      26C0556C 
 209      16662B50 
 210 011e 16CD4575 		.ascii	"\026\315Euh.\250\326\243\267\341\376w\005S\252j?;\256"
 210      682EA8D6 
 210      A3B7E1FE 
 210      770553AA 
 210      6A3F3BAE 
 211 0132 C03C22EF 		.ascii	"\300<\"\357{Jo^V\177\324\000ny\202u\024\213\335\325"
 211      7B4A6F5E 
 211      567FD400 
 211      6E798275 
 211      148BDDD5 
 212 0146 F4E534CF 		.ascii	"\364\3454\317\012\256\024\254\255\366\236\353\231eB"
 212      0AAE14AC 
 212      ADF69EEB 
ARM GAS  /tmp/ccmu8dKC.s 			page 16


 212      996542
 213 0155 7596F0D2 		.ascii	"u\226\360\322\341@T\0135 \214\366\241\217\350\304\300"
 213      E140540B 
 213      35208CF6 
 213      A18FE8C4 
 213      C0
 214 0166 3BF5418D 		.ascii	";\365A\215(\030\374\212\212'\017\"\274\214\212\367\357"
 214      2818FC8A 
 214      8A270F22 
 214      BC8C8AF7 
 214      EF
 215 0177 DDB84E03 		.ascii	"\335\270N\003\032\325\255\266\201\023\311\326l\341\271"
 215      1AD5ADB6 
 215      8113C9D6 
 215      6CE1B9
 216 0186 C3819942 		.ascii	"\303\201\231B\223\207B\223K\241\231*\324\326\376\322"
 216      93874293 
 216      4BA1992A 
 216      D4D6FED2 
 217 0196 E48393A8 		.ascii	"\344\203\223\250\302\003\353\340UL\025\252\233\367*"
 217      C203EBE0 
 217      554C15AA 
 217      9BF72A
 218 01a5 BB04ABC3 		.ascii	"\273\004\253\303\361\027\352\337\342\341\337\342\362"
 218      F117EADF 
 218      E2E1DFE2 
 218      F2
 219 01b2 6FA5FEF5 		.ascii	"o\245\376\365\015f\007\2173\251\377\346\035u\345>\340"
 219      0D66078F 
 219      33A9FFE6 
 219      1D75E53E 
 219      E0
 220 01c3 6F13EC2F 		.ascii	"o\023\354/\366\354\213\334l.\266\0106\207\343]\026D"
 220      F6EC8BDC 
 220      6C2EB608 
 220      3687E35D 
 220      1644
 221 01d5 9B87489B 		.ascii	"\233\207H\233K\244\235\212\214\\|1\034\200\333\021U"
 221      4BA49D8A 
 221      8C5C7C31 
 221      1C80DB11 
 221      55
 222 01e6 E9C9BD7D 		.ascii	"\351\311\275}^MUZ\237\346\214\3432\241\306s2\276\363"
 222      5E4D555A 
 222      9FE68CE3 
 222      32A1C673 
 222      32BEF3
 223 01f9 50F9CEA5 		.ascii	"P\371\316\245\362=U9~l\272S\215\3571\225\215y\2663j"
 223      F23D5539 
 223      7E6CBA53 
 223      8DEF3195 
 223      8D79B633 
 224 020e 3CCD8C75 		.ascii	"<\315\214u\337\036\331\350\013\313\367\236\232\316\366"
 224      DF1ED9E8 
 224      0BCBF79E 
 224      9ACEF6
 225 021d E0CE198B 		.ascii	"\340\316\031\213\0375I\365\004\302'\276\353\216\260"
ARM GAS  /tmp/ccmu8dKC.s 			page 17


 225      1F3549F5 
 225      04C227BE 
 225      EB8EB0
 226 022c 270085AA 		.ascii	"'\000\205\252-\2606\366\015\365C1fa!:\214\324\350\200"
 226      2DB036F6 
 226      0DF54331 
 226      6661213A 
 226      8CD4E880 
 227 0240 BB3FEA4D 		.ascii	"\273?\352M\256<A\310\"\353\356\327\025\300\271\227\035"
 227      AE3C41C8 
 227      22EBEED7 
 227      15C0B997 
 227      1D
 228 0251 1D42A1C0 		.ascii	"\035B\241\300\240\\t\020>\376\000\037A\370\324\363c"
 228      A05C7410 
 228      3EFE001F 
 228      41F8D4F3 
 228      63
 229 0262 D93E481D 		.ascii	"\331>H\035*\357tT\306\211\2060\226_\362\226 (\320\021"
 229      2AEF7454 
 229      C6898630 
 229      965FF296 
 229      2028D011 
 230 0276 0861BF18 		.ascii	"\010a\277\030\002D\344\316\231\333\023\373\372\324\370"
 230      0244E4CE 
 230      99DB13FB 
 230      FAD4F8
 231 0285 32CBACCE 		.ascii	"2\313\254\316GG\362\225\357\336\342+\004\025m\234\270"
 231      4747F295 
 231      EFDEE22B 
 231      04156D9C 
 231      B8
 232 0296 79B286E4 		.ascii	"y\262\206\344/\370\013\273\267\375\216\256\356T\335"
 232      2FF80BBB 
 232      B7FD8EAE 
 232      EE54DD
 233 02a5 7AF5FB35 		.ascii	"z\365\3735B\365n{O\245\221\346\230@\026\230\366\361"
 233      42F56E7B 
 233      4FA591E6 
 233      98401698 
 233      F6F1
 234 02b7 23EBC323 		.ascii	"#\353\303#\213\311\227c\010\326\3568\011\324\212\336"
 234      8BC99763 
 234      08D6EE38 
 234      09D48ADE 
 235 02c7 0789F63D 		.ascii	"\007\211\366={\017\370\321\252XH\024-\333\2667\372\320"
 235      7B0FF8D1 
 235      AA584814 
 235      2DDBB637 
 235      FAD0
 236 02d9 AA50D13E 		.ascii	"\252P\321>O\224\315`\374\224\0054\331aY\243\206A\233"
 236      4F94CD60 
 236      FC940534 
 236      D96159A3 
 236      86419B
 237 02ec DF6CD0E0 		.ascii	"\337l\320\340\221uab8\020\347b\352~\274\263w\267\037"
 237      91756162 
ARM GAS  /tmp/ccmu8dKC.s 			page 18


 237      3810E762 
 237      EA7EBCB3 
 237      77B71F
 238 02ff CEA786C2 		.ascii	"\316\247\206\302\361|]\237?\012\011\011\012\255\026"
 238      F17C5D9F 
 238      3F0A0909 
 238      0AAD16
 239 030e B2CDF68A 		.ascii	"\262\315\366\212\311g\237\225\230\005\313;\350$D~\012"
 239      C9679F95 
 239      9805CB3B 
 239      E824447E 
 239      0A
 240 031f E23C8382 		.ascii	"\342<\203\202D\371\017H\364\037\302\215#\354\352\351"
 240      44F90F48 
 240      F41FC28D 
 240      23ECEAE9 
 241 032f 1665D73C 		.ascii	"\026e\327<\312\354\224e\326\222\321r\233i-W\013\013"
 241      CAEC9465 
 241      D692D172 
 241      9B692D57 
 241      0B0B
 242 0341 4D1CFA09 		.ascii	"M\034\372\011\332;\350\034\0206\231\225\263\020\361"
 242      DA3BE81C 
 242      10369995 
 242      B310F1
 243 0350 691482BA 		.ascii	"i\024\202\272P\010\235}\262D\266\311\026\245\200\010"
 243      50089D7D 
 243      B244B6C9 
 243      16A58008 
 244 0360 857325A4 		.ascii	"\205s%\244ki\370;\3453\205j\024\024*\247\212z@\354\265"
 244      6B69F83B 
 244      E533856A 
 244      14142AA7 
 244      8A7A40EC 
 245 0375 C233E92A 		.ascii	"\3023\351*\324\015\204\023\342\272\223^\\\353>\374S"
 245      D40D8413 
 245      E2BA935E 
 245      5CEB3EFC 
 245      53
 246 0386 5FA35253 		.ascii	"_\243RS \346\023%\213\013w\016ihQ\300\223TS\231\305"
 246      20E61325 
 246      8B0B770E 
 246      696851C0 
 246      93545399 
 247 039b A2A14B56 		.ascii	"\242\241KV\215\211\267\343@\377MD\327\354\023b\226\367"
 247      8D89B7E3 
 247      40FF4D44 
 247      D7EC1362 
 247      96F7
 248 03ad F6E7FBE0 		.ascii	"\366\347\373\340\0166\351B\321H6\306\275\314\310/1\217"
 248      0E36E942 
 248      D14836C6 
 248      BDCCC82F 
 248      318F
 249 03bf A8F02566 		.ascii	"\250\360%f\\\252+\316S\341~f\314\364\216\354\307\330"
 249      5CAA2BCE 
 249      53E17E66 
ARM GAS  /tmp/ccmu8dKC.s 			page 19


 249      CCF48EEC 
 249      C7D8
 250 03d1 C68CEEA1 		.ascii	"\306\214\356\241\351\207\032\2527\233\230\373\213F\252"
 250      E9871AAA 
 250      379B98FB 
 250      8B46AA
 251 03e0 14788CB5 		.ascii	"\024x\214\265\235\352\317\035Sb;3\312\236\364t\006R"
 251      9DEACF1D 
 251      53623B33 
 251      CA9EF474 
 251      0652
 252 03f2 E23BC41C 		.ascii	"\342;\304\034\250]\277E\205\247Y\333\346\275[sy\014"
 252      A85DBF45 
 252      85A759DB 
 252      E6BD5B73 
 252      790C
 253 0404 E9EEB9F5 		.ascii	"\351\356\271\365j\330\326;5U\224\305\343\034\326V7\324"
 253      6AD8D63B 
 253      355594C5 
 253      E31CD656 
 253      37D4
 254 0416 5B328BB6 		.ascii	"[2\213\266}@\3143\226\2353\001x\023k{<r\336\212\360"
 254      7D40CC33 
 254      969D3301 
 254      78136B7B 
 254      3C72DE8A 
 255 042b 16660C3E 		.ascii	"\026f\014>\031\354\360\245\304y`\006\316\214\337\352"
 255      19ECF0A5 
 255      C4796006 
 255      CE8CDFEA 
 256 043b F3830C62 		.ascii	"\363\203\014bW\020\271\205\206\220\364\260\345\265Y"
 256      5710B985 
 256      8690F4B0 
 256      E5B559
 257 044a 10D44207 		.ascii	"\020\324B\007r'\323\330k\222)\277-\311\232\215)\365"
 257      7227D3D8 
 257      6B9229BF 
 257      2DC99A8D 
 257      29F5
 258 045c A22C9565 		.ascii	"\242,\225e\023\345\356\024\2717\244\334\177#\011y\223"
 258      13E5EE14 
 258      B937A4DC 
 258      7F230979 
 258      93
 259 046d 48FE454A 		.ascii	"H\376EJ\376YJ.\023\311\235R\3625)y\203H\276$%wH\311"
 259      FE594A2E 
 259      13C99D52 
 259      F2352979 
 259      8348BE24 
 260 0485 1B45F265 		.ascii	"\033E\362e\3710\304\271(\025\271W\345\243\370P\254,"
 260      F930C4B9 
 260      2815B957 
 260      E5A3F850 
 260      AC2C
 261 0497 81D6402F 		.ascii	"\201\326@/\264\237\247Mc\316\002\270\013\005p\023\012"
 261      B49FA74D 
 261      63CE02B8 
ARM GAS  /tmp/ccmu8dKC.s 			page 20


 261      0B057013 
 261      0A
 262 04a8 6008F02B 		.ascii	"`\010\360+\340\016`\004p\013p\0170\001\030\005\334\006"
 262      E00E6004 
 262      700B700F 
 262      30011805 
 262      DC06
 263 04ba 8C038601 		.ascii	"\214\003\206\001\223\316b\241Q\024\210Q\364\311\017"
 263      93CE62A1 
 263      51148851 
 263      F4C90F
 264 04c9 4F8CB85C 		.ascii	"O\214\270\\\344^\227_\021\221[$r\007\244\334+\322i\333"
 264      E45E975F 
 264      11915B24 
 264      7207A4DC 
 264      2BD269DB 
 265 04dd 259207A5 		.ascii	"%\222\007\245d\233(L\253\373%\3356\306^\3316h6\026z"
 265      649B284C 
 265      ABFB25DD 
 265      36C65ED9 
 265      36683616 
 266 04f2 6563BF7C 		.ascii	"ec\277|\307T\013v\231\335WO\034\304\356]\306{\206\321"
 266      C7540B76 
 266      99DD574F 
 266      1CC4EE5D 
 266      C67B86D1 
 267 0506 7D98D8FF 		.ascii	"}\230\330\377\307$\323\230+\3324\020\263\035\344.\210"
 267      C724D398 
 267      2BDA3410 
 267      B31DE42E 
 267      88
 268 0517 7BD298C7 		.ascii	"{\322\230\307\236\344\250\351\373\312kK\262{mI\017\234"
 268      9EE4A8E9 
 268      FBCA6B4B 
 268      B27B6D49 
 268      0F9C
 269 0529 5BD203BA 		.ascii	"[\322\003\272%\335(\265\026(\274\330\344`\027\331\017"
 269      25DD28B5 
 269      1628BCD8 
 269      E46017D9 
 269      0F
 270 053a 9DEC8794 		.ascii	"\235\354\207\224}d\372@m\000\335\300l\264\262\333\217"
 270      7D64FA40 
 270      6D00DDC0 
 270      6CB4B2DB 
 270      8F
 271 054b 8E4EB17D 		.ascii	"\216N\261}\344\217\304\274c?T\243\300e\254\352\007\272"
 271      E48FC4BC 
 271      633F54A3 
 271      C065ACEA 
 271      07BA
 272 055d 3B2E2871 		.ascii	";.(q\0353\016\337\337\360H\205\233\231\261\355\350\256"
 272      1D330EDF 
 272      DFF04885 
 272      9B99B1ED 
 272      E8AE
 273 056f 12767209 		.ascii	"\022vr\011\324.l\266<d*tW\254\253\271\336\203\311q%"
ARM GAS  /tmp/ccmu8dKC.s 			page 21


 273      D42E6CB6 
 273      3C642A74 
 273      57ACABB9 
 273      DE83C971 
 274 0584 B842D2A8 		.ascii	"\270B\322\250=\"zF\216](p\364\224\035U\025\343\027\032"
 274      3D227A46 
 274      8E5D2870 
 274      F4941D55 
 274      15E3171A 
 275 0598 02E7143B 		.ascii	"\002\347\024;\347=\330D\217\320\031\240\263\032y\216"
 275      E73DD844 
 275      8FD019A0 
 275      B31A798E 
 276 05a8 E6B89C08 		.ascii	"\346\270\234\010{\307\317uv_O\366\311\327\261/5\317"
 276      7BC7CF75 
 276      765F4FF6 
 276      C9D7B12F 
 276      35CF
 277 05ba D855B89D 		.ascii	"\330U\270\235\206\255,\330_u:\220\354[At\273Zg\253h"
 277      86AD2CD8 
 277      5F753A90 
 277      EC5B4174 
 277      BB5A67AB 
 278 05cf F9AB00C7 		.ascii	"\371\253\000\307\331\0134\007\275\204\245\310\342\203"
 278      D90B3407 
 278      BD84A5C8 
 278      E283
 279 05dd DC4AAFA4 		.ascii	"\334J\257\244\373N\367\311\367\304I\375\255mm\227\233"
 279      FB4EF7C9 
 279      F7C449FD 
 279      AD6D6D97 
 279      9B
 280 05ee 392DCBF4 		.ascii	"9-\313\364<#Y\236=\202\366)\332\037a\223$3\363\241H"
 280      3C23599E 
 280      3D82F629 
 280      DA1F6193 
 280      2433F3A1 
 281 0603 E043D03A 		.ascii	"\340C\320:\200\003\022(\233\367H\2402\232\364@\225K"
 281      80031228 
 281      9BF748A0 
 281      329AF440 
 281      954B
 282 0615 FACA96B3 		.ascii	"\372\312\226\263\032\301\331\377\015i\377\336)\177x"
 282      1AC1D9FF 
 282      0D69FFDE 
 282      297F78
 283 0624 BBD0CBA3 		.ascii	"\273\320\313\243\320 *Z\005\347d.p\037\2139Iz\240\227"
 283      D0202A5A 
 283      05E7642E 
 283      701F8B39 
 283      497AA097 
 284 0638 5CAC2807 		.ascii	"\\\254(\007B\374o\341\302\012\374X\336l\346\275\362"
 284      42FC6FE1 
 284      C20AFC58 
 284      DE6CE6BD 
 284      F2
 285 0649 3397F7CC 		.ascii	"3\227\367\314\346\365<\313Ox\222?\257s\027o!v\300\362"
ARM GAS  /tmp/ccmu8dKC.s 			page 22


 285      E6F53CCB 
 285      4F78923F 
 285      AF73176F 
 285      2176C0F2 
 286 065d F4577EF8 		.ascii	"\364W~\370l7;\276\376L\377j\2549\217y|\210e\341ha\251"
 286      6C373BBE 
 286      FE4CFF6A 
 286      AC398F79 
 286      7C8865E1 
 287 0674 79163ECD 		.ascii	"y\026>\315\214\216\256--\376\270\333\231\271g\177\255"
 287      8C8EAE2D 
 287      2DFEB8DB 
 287      99B9677F 
 287      AD
 288 0685 55E20BCC 		.ascii	"U\342\013\314\370v\353\223\374@|\205\031\266]\275\011"
 288      F876EB93 
 288      FC407C85 
 288      19B65DBD 
 288      09
 289 0696 F81A7BBF 		.ascii	"\370\032{\277{\354\356K?|\203\031\317Kf\372y<\302\214"
 289      7BECEE4B 
 289      3F7C8319 
 289      CF4B66FA 
 289      793CC28C 
 290 06aa FD67AE0A 		.ascii	"\375g\256\012*<N\015\377a\373\300I\037\367i\027\032"
 290      2A3C4E0D 
 290      FF61FBC0 
 290      491FF769 
 290      171A
 291 06bc 1244A7B9 		.ascii	"\022D\247\271\256I\234\346\215<F\025\277\261\3144#\032"
 291      AE499CE6 
 291      8D3C4615 
 291      BFB1CC34 
 291      231A
 292 06ce 9B5C1951 		.ascii	"\233\\\031Q$\245\276r\0345\270\271\205R\256\367\001"
 292      24A5BE72 
 292      1C35B8B9 
 292      8552AEF7 
 292      01
 293 06df 23645537 		.ascii	"#dU7Q.)\227b)\367\212$}[\334\262%R\3525\011\265\336"
 293      512E2997 
 293      6229F78A 
 293      247D5BDC 
 293      B22552EA 
 294 06f7 4DDD241F 		.ascii	"M\335$\037\201H\255rS7\310\316\201\310lv37\313\207\312"
 294      8148AD72 
 294      5337C8CE 
 294      81C86C76 
 294      3337CB87 
 295 070c 86C536C8 		.ascii	"\206\3056\310&\222\337\025\362\371\275\317c\342\311"
 295      2692DF15 
 295      F2F9BDCF 
 295      63E2C9
 296 071b 0F86CC6C 		.ascii	"\017\206\314l\276rR\346\361sQ>O\232*\234\011\273\023"
 296      BE7252E6 
 296      F173513E 
 296      4F9A2A9C 
ARM GAS  /tmp/ccmu8dKC.s 			page 23


 296      09BB13
 297 072e 12B60C92 		.ascii	"\022\266\014\222u\013\240\024\260\015\260\013\260\025"
 297      750BA014 
 297      B00DB00B 
 297      B015
 298 073c B01D500E 		.ascii	"\260\035P\016\330\341Nb\276\246\267\247D-9\034\\\242"
 298      D8E14E62 
 298      BEA6B7A7 
 298      442D391C 
 298      5CA2
 299 074e A80AB4FE 		.ascii	"\250\012\264\376\027]:\326C\251*T\011\316\005\274\273"
 299      175D3AD6 
 299      43A92A54 
 299      09CE05BC 
 299      BB
 300 075f EC2A78F1 		.ascii	"\354*x\361(8p\377V\201\217W\365TzUO\265\263z\310s\356"
 300      283870FF 
 300      56818F57 
 300      F5547A55 
 300      4FB5B37A 
 301 0776 CA841443 		.ascii	"\312\204\024CJJ\222ayB\3427\231\253\014I\351\251\011"
 301      4A4A9261 
 301      7942E237 
 301      99AB0C49 
 301      E9A909
 302 0789 C6348331 		.ascii	"\3064\2031\315hR~\372\305\227\301:nAX\230V\267\322\270"
 302      CD68527E 
 302      FAC597C1 
 302      3A6E4158 
 302      9856B7D2 
 303 079e DCB8344E 		.ascii	"\334\2704N\233\236\241\005\276vU\372jS\2066.\376\363"
 303      9B9EA105 
 303      BE7655FA 
 303      6A538636 
 303      2EFEF3
 304 07b1 F005ECBE 		.ascii	"\360\005\354\276(|\315\032\255S),\221\323\270D\211\314"
 304      287CCD1A 
 304      AD53292C 
 304      91D3B844 
 304      89CC
 305 07c3 EC0C536A 		.ascii	"\354\014Sj\370\002CbJz\3427\364"
 305      F8024362 
 305      4A7AE237 
 305      F4
 306 07d0 83AF71F5 		.ascii	"\203\257q\365?\026\303\363\2237\025f\002\306\214\325"
 306      3F16C3F3 
 306      93371566 
 306      02C68CD5 
 307 07e0 612B39DF 		.ascii	"a+9\337\244\324\2047p^\262$J\033\365y\304?\347;\235"
 307      A4D48437 
 307      705EB224 
 307      4A1BF579 
 307      C43FE73B 
 308 07f5 C10B9C55 		.ascii	"\301\013\234U\231\3064\023X&\265\301\340z\375X\233\231"
 308      99C63413 
 308      5826B5C1 
 308      E07AFD58 
ARM GAS  /tmp/ccmu8dKC.s 			page 24


 308      9B99
 309 0807 B15A6B4C 		.ascii	"\261ZkLKL\311LJ\326\246%\377+\305\270\\\233\232\220"
 309      4B4CC94C 
 309      4AD6A625 
 309      FF2BC5B8 
 309      5C9B9A90 
 310 081b B8D29896 		.ascii	"\270\322\230\226\2545$%\257H\310L1\031LkW%g\200B\210"
 310      AC352425 
 310      AF48C84C 
 310      31194C6B 
 310      57256780 
 311 0831 1C3B636D 		.ascii	"\034;cm\206\326\220aJ\002E\240\004\306\255\3150%\247"
 311      86D69061 
 311      4A0245A0 
 311      04C6ADCD 
 311      3025A7
 312 0844 EAD25727 		.ascii	"\352\322W'\353\310\230\177\037\226\224`J\010\223|\365"
 312      EBC8987F 
 312      1F969460 
 312      4A08937C 
 312      F5
 313 0855 8F5DA637 		.ascii	"\217]\2467\304\203jT\362\012^\247\307\2728\275dH\211"
 313      C4836A54 
 313      F20A5EA7 
 313      C7BA38BD 
 313      644889
 314 0868 E9A9A9E9 		.ascii	"\351\251\251\351i\332\3445&\030\223t6V\204\317\013_"
 314      69DAE435 
 314      26189374 
 314      365684CF 
 314      0B5F
 315 087a 9308BDF9 		.ascii	"\223\010\275\371\353u:\227\216B\267\350SPZ\254WE\304"
 315      EB753A97 
 315      8E42B7E8 
 315      53505AAC 
 315      5745C4
 316 088d 462ED0C7 		.ascii	"F.\320\307\305\323\227\371\344E\031\021\023\031\375"
 316      C5D397F9 
 316      E4451911 
 316      1319FD
 317 089c 85DE9734 		.ascii	"\205\336\22748\237\363\341\251\210\214\322\201\021\023"
 317      389FF3E1 
 317      A9888CD2 
 317      811113
 318 08ab 49383EC4 		.ascii	"I8>\304}\001\275\207\007\304}\035\007/.e\372q>\326\353"
 318      7D01BD87 
 318      07C47D1D 
 318      072F2E65 
 318      FA713ED6 
 319 08c0 F4CAE8BF 		.ascii	"\364\312\350\277\305/\326\351g-Z\022\021\027\343j\306"
 319      C52FD6E9 
 319      672D5A12 
 319      1117E36A 
 319      C6
 320 08d1 113ABDE2 		.ascii	"\021:\275\342\263\350\257\365\276Kc\343\311\223\217"
 320      B3E8AFF5 
 320      BE4B63E3 
ARM GAS  /tmp/ccmu8dKC.s 			page 25


 320      C9938F
 321 08e0 D3F3117A 		.ascii	"\323\363\021z\225>:.Z\377Ut\024^\032\251W,\323\307\352"
 321      953E3A2E 
 321      5AFF5574 
 321      145E1AA9 
 321      572CD3C7 
 322 08f5 FF0389F3 		.ascii	"\377\003\211\363I\177"
 322      497F
 323              		.text
 324              		.section	.gnu.lto_.symtab.feed693142f0cb1f,"",%progbits
 325 0000 68616C5F 		.ascii	"hal_lld_init\000\000\000\000\000\000\000\000\000\000"
 325      6C6C645F 
 325      696E6974 
 325      00000000 
 325      00000000 
 326 0016 0000AE00 		.ascii	"\000\000\256\000\000\000stm32_clock_init\000\000\000"
 326      00007374 
 326      6D33325F 
 326      636C6F63 
 326      6B5F696E 
 327 002f 00000000 		.ascii	"\000\000\000\000\000\000\000\000\000\260\000\000\000"
 327      00000000 
 327      00B00000 
 327      00
 328 003c 53797374 		.ascii	"SystemCoreClock\000\000\000\000\000\000\000\000\000"
 328      656D436F 
 328      7265436C 
 328      6F636B00 
 328      00000000 
 329 0054 000000C0 		.ascii	"\000\000\000\300\000\000\000irqInit\000\000\002\000"
 329      00000069 
 329      7271496E 
 329      69740000 
 329      0200
 330 0066 00000000 		.ascii	"\000\000\000\000\000\000\000\000\262\000\000\000dma"
 330      00000000 
 330      B2000000 
 330      646D61
 331 0075 496E6974 		.ascii	"Init\000\000\002\000\000\000\000\000\000\000\000\000"
 331      00000200 
 331      00000000 
 331      00000000 
 332 0085 B4000000 		.ascii	"\264\000\000\000"
 333              		.text
 334              		.section	.gnu.lto_.opts,"",%progbits
 335 0000 272D666E 		.ascii	"'-fno-trapv' '-mcpu=cortex-m4' '-mfloat-abi=hard' '"
 335      6F2D7472 
 335      61707627 
 335      20272D6D 
 335      6370753D 
 336 0033 2D6D6670 		.ascii	"-mfpu=fpv4-sp-d16' '-mno-thumb-interwork' '-mthumb'"
 336      753D6670 
 336      76342D73 
 336      702D6431 
 336      36272027 
 337 0066 20272D67 		.ascii	" '-ggdb' '-O2' '-fomit-frame-pointer' '-falign-func"
 337      67646227 
ARM GAS  /tmp/ccmu8dKC.s 			page 26


 337      20272D4F 
 337      32272027 
 337      2D666F6D 
 338 0099 74696F6E 		.ascii	"tions=16' '-ffunction-sections' '-fdata-sections' '"
 338      733D3136 
 338      2720272D 
 338      6666756E 
 338      6374696F 
 339 00cc 2D666E6F 		.ascii	"-fno-common' '-flto'\000"
 339      2D636F6D 
 339      6D6F6E27 
 339      20272D66 
 339      6C746F27 
 340              		.text
 341              		.comm	__gnu_lto_v1,1,1
 342              		.comm	__gnu_lto_slim,1,1
 343              		.ident	"GCC: (15:4.9.3+svn231177-1) 4.9.3 20150529 (prerelease)"
ARM GAS  /tmp/ccmu8dKC.s 			page 27


DEFINED SYMBOLS
                            *ABS*:0000000000000000 hal_lld.c
                            *COM*:0000000000000001 __gnu_lto_v1
                            *COM*:0000000000000001 __gnu_lto_slim

NO UNDEFINED SYMBOLS
