ARM GAS  /tmp/ccbpqtXJ.s 			page 1


   1              		.syntax unified
   2              		.cpu cortex-m4
   3              		.eabi_attribute 27, 1
   4              		.eabi_attribute 28, 1
   5              		.fpu fpv4-sp-d16
   6              		.eabi_attribute 20, 1
   7              		.eabi_attribute 21, 1
   8              		.eabi_attribute 23, 3
   9              		.eabi_attribute 24, 1
  10              		.eabi_attribute 25, 1
  11              		.eabi_attribute 26, 1
  12              		.eabi_attribute 30, 2
  13              		.eabi_attribute 34, 1
  14              		.eabi_attribute 18, 4
  15              		.thumb
  16              		.file	"hal_st.c"
  17              		.text
  18              	.Ltext0:
  19              		.section	.gnu.lto_.profile.f1f3be1d5746caf3,"",%progbits
  20 0000 789C6366 		.ascii	"x\234cf```a\200\000F\006w9\000\001 \000n"
  20      60606061 
  20      80004606 
  20      77390001 
  20      20006E
  21              		.text
  22              		.section	.gnu.lto_.jmpfuncs.f1f3be1d5746caf3,"",%progbits
  23 0000 789C6366 		.ascii	"x\234cf\300\016r\2414+\210`\004\202zF\246\217L\214\323"
  23      C00E72A1 
  23      342B8860 
  23      04827A46 
  23      A68F4C8C 
  24 0015 FAAFEC60 		.ascii	"\372\257\354`\256\375\3350\243\201\343'\023\303_&\220"
  24      AEFDDD30 
  24      A381E327 
  24      13C35F26 
  24      90
  25 0026 E472C65A 		.ascii	"\344r\306Z\006f\006\006\026\354\212\030\37721\002\025"
  25      06660606 
  25      16EC8A18 
  25      FF323102 
  25      15
  26 0037 AD002A62 		.ascii	"\255\000*b\003\322\330\344\201\2460\256\004\3123\000"
  26      03D2D8E4 
  26      81A630AE 
  26      04CA3300 
  27 0047 0082421F 		.ascii	"\000\202B\0379"
  27      39
  28              		.text
  29              		.section	.gnu.lto_.inline.f1f3be1d5746caf3,"",%progbits
  30 0000 789C6366 		.ascii	"x\234cf\300\016\312\2414+\003\003\013\017#\003\023\220"
  30      C00ECAA1 
  30      342B0303 
  30      0B0F2303 
  30      1390
  31 0012 C9B6401E 		.ascii	"\311\266@\036D10r\201\010\006\036^\2400\337\206\\\270"
  31      44313072 
  31      8108061E 
ARM GAS  /tmp/ccbpqtXJ.s 			page 2


  31      5EA030DF 
  31      865CB8
  32 0025 38133748 		.ascii	"8\0237H\230\231\201\205\031(\301t\201\037.\301\302\300"
  32      98998185 
  32      1928C174 
  32      811F2EC1 
  32      C2C0
  33 0037 C50D14E2 		.ascii	"\305\015\024\342\232\340\207\246\226\015\227\004\003"
  33      9AE087A6 
  33      960D9704 
  33      03
  34 0044 00248B08 		.ascii	"\000$\213\010\353"
  34      EB
  35              		.text
  36              		.section	.gnu.lto_.pureconst.f1f3be1d5746caf3,"",%progbits
  37 0000 789C6366 		.ascii	"x\234cf``\340f\200\000V\006\011F)f)\026)6)\000\004\022"
  37      6060E066 
  37      80005606 
  37      09462966 
  37      29162936 
  38 0018 00A2     		.ascii	"\000\242"
  39              		.text
  40              		.section	.gnu.lto_stInit.f1f3be1d5746caf3,"",%progbits
  41 0000 789C6366 		.ascii	"x\234cf\300\004R@\274\020\210\025\201\230\221\231\201"
  41      C0045240 
  41      BC108815 
  41      81989199 
  41      81
  42 0011 9169C239 		.ascii	"\221i\3029\006\206F\016&FF\020\203\201\221\241\236\211"
  42      0686460E 
  42      26464610 
  42      838191A1 
  42      9E89
  43 0023 B19EF125 		.ascii	"\261\236\361%\323G&\306\011\007V\317\340V_\332\320\320"
  43      D34726C6 
  43      090756CF 
  43      E0565FDA 
  43      D0D0
  44 0035 F0E1D0F9 		.ascii	"\360\341\320\371\306\200\003\214?\231\030\030>3A\314"
  44      C680038C 
  44      3F991818 
  44      3E3341CC 
  45 0045 615CCEA8 		.ascii	"a\\\316\250\316\000T\364\261\345\357un\266\026\240\""
  45      CE0054F4 
  45      B1E5EF75 
  45      6EB616A0 
  45      22
  46 0056 01881CE3 		.ascii	"\001\210\034\343\012F6F \275^\350@\303\377\377\217\247"
  46      0A463646 
  46      20BD5EE8 
  46      40C3FFFF 
  46      8FA7
  47 0068 FED16766 		.ascii	"\376\321gf`x\002\224\001\231\377\224\211\011D3\337a"
  47      60780294 
  47      0199FF94 
  47      89094433 
  47      DF61
ARM GAS  /tmp/ccbpqtXJ.s 			page 3


  48 007a 6C3EF097 		.ascii	"l>\360\227\027\244\024d\306\274\313}\353\230j\1777t"
  48      17A41464 
  48      C6BCCB7D 
  48      EB986A7F 
  48      3774
  49 008c 3470FC64 		.ascii	"4p\374db\374\314\004\324\316\270\222\261\226\341'P\365"
  49      62FCCC04 
  49      D4CEB892 
  49      B196E127 
  49      50F5
  50 009e 3DC6C603 		.ascii	"=\306\306\003\377Y\301*\031@\3460\202\364\003M\223\327"
  50      FF59C12A 
  50      1940E630 
  50      82F4034D 
  50      93D7
  51 00b0 D3D377CE 		.ascii	"\323\323w\316\310L\312\364\017\326\317/\326\317H\314"
  51      C84CCAF4 
  51      0FD6CF2F 
  51      D6CF48CC 
  52 00c0 D12F2E4A 		.ascii	"\321/.J\006\321\361\305%z\311\014\000\346ZE\023"
  52      06D1F1C5 
  52      257AC90C 
  52      00E65A45 
  52      13
  53              		.text
  54              		.section	.gnu.lto_stStartAlarm.f1f3be1d5746caf3,"",%progbits
  55 0000 789C9D53 		.ascii	"x\234\235SKL\023Q\024}\367\315tZh\003\304\025a\001F"
  55      4B4C1351 
  55      147DF7CD 
  55      745A6803 
  55      C4156101 
  56 0015 42D8D84E 		.ascii	"B\330\330N\220\2707\321\215\011\304\005\354\221_\002"
  56      90B837D1 
  56      8D09C405 
  56      EC915F02 
  57 0025 09064389 		.ascii	"\011\006C\211;\302\024Zb\374P\"\212\215\202\237\220"
  57      3BC2145A 
  57      62FC5022 
  57      8A8D829F 
  57      90
  58 0036 CACF0282 		.ascii	"\312\317\002\202|ZD\013\210\020\2156F\205\210\006Y@"
  58      7C5A440B 
  58      88108D36 
  58      46858806 
  58      5940
  59 0048 5434A608 		.ascii	"T4\246\010\021\213\201z\357k1\"+\234\244\363\346\275"
  59      118B817A 
  59      EF6B3122 
  59      2B9CA4F3 
  59      E6BD
  60 005a 7BEE39F7 		.ascii	"{\3569\367\276s+\261\335O&\376Rd\306\212p\005\035\003"
  60      BE732BB1 
  60      DD4F26FE 
  60      5264C68A 
  60      70051D03 
  61 006e DEF08231 		.ascii	"\336\360\2021\233\201s\311\227\314\264XyFe\232I\002"
  61      9B8173C9 
ARM GAS  /tmp/ccbpqtXJ.s 			page 4


  61      97CCB458 
  61      7946659A 
  61      4902
  62 0080 39722C03 		.ascii	"9r,\003\320\007\003V\315%\031\252\3413_\341\320\340"
  62      D0070356 
  62      CD2519AA 
  62      E1335FE1 
  62      D0E0
  63 0092 EF7219D3 		.ascii	"\357r\031\323\335\232\246\005\307\373\023\035\211!\316"
  63      DD9AA605 
  63      C7FB131D 
  63      8921CE
  64 00a1 D82A8FF0 		.ascii	"\330*\217\360C\033\244#\304Y\357\270\010\322\001`\370"
  64      431BA423 
  64      C459EFB8 
  64      08D20160 
  64      F8
  65 00b2 EDED5E7B 		.ascii	"\355\355^{n\374\304C\034\366\323\326wi\332\245\320\226"
  65      6EFCC443 
  65      1CF6D3D6 
  65      7769DAA5 
  65      D096
  66 00c4 CBB4DDB8 		.ascii	"\313\264\335\2702]\253Kk\325\264\032\377h\237vD\016"
  66      325DAB4B 
  66      6BD5B41A 
  66      FF689F76 
  66      440E
  67 00d6 7109DA41 		.ascii	"q\011\332AB>\350\200$\350\204$\206G\014\272 \215\340"
  67      423EE880 
  67      24E88424 
  67      86470CBA 
  67      208DE0
  68 00e9 2BF6CD59 		.ascii	"+\366\315Y\243bG\355\204\315mY\270\013\012\340\202\007"
  68      A36247ED 
  68      84CD6D59 
  68      B80B0AE0 
  68      8207
  69 00fb 3DFBFC5A 		.ascii	"=\373\374Z8\334\332\326< \307\352\200\222\024L\227\365"
  69      38DCDAD6 
  69      3C20C7EA 
  69      8092144C 
  69      97F5
  70 010d F4626C11 		.ascii	"\364bl\021\321\324\317\022\347\264Js0>\350\365\264L"
  70      D1D4CF12 
  70      E7B44A73 
  70      303EE8F5 
  70      B44C
  71 011f C5EF205E 		.ascii	"\305\357 ^\230\374\230(8W9\374#\311\300\003\012*u\203"
  71      98FC9828 
  71      385739FC 
  71      23C9C003 
  71      0A2A7583 
  72 0133 B2CE158C 		.ascii	"\262\316\025\214}{6U\247\243ft\030\326DC\037\026\003"
  72      7D7B3655 
  72      A7A36674 
  72      18D64443 
  72      1F1603
ARM GAS  /tmp/ccbpqtXJ.s 			page 5


  73 0146 2F0DE288 		.ascii	"/\015\342\210\321\366j\340K'o\201\353\266\006\315\020"
  73      D1F66AE0 
  73      4B276F81 
  73      EBB606CD 
  73      10
  74 0157 E20AF460 		.ascii	"\342\012\364`S\275\330\024\305\326\033\027=q\346.\315"
  74      53BDD814 
  74      C5D61B17 
  74      3D71E62E 
  74      CD
  75 0168 6E0BCEF9 		.ascii	"n\013\316\371\352SB\\\017\367\240\005\276c\231B\010"
  75      EA53425C 
  75      0FF7A005 
  75      BE639942 
  75      08
  76 0179 FAC0CCE6 		.ascii	"\372\300\314\346\240\366g\335W9\242\251\217\310^\233"
  76      A0F667DD 
  76      5739A2A9 
  76      8FC85E9B 
  77 0189 5D5A9348 		.ascii	"]Z\223HC\306k\352G\2667`\177;q>\220Ae#\012!\266;#\027"
  77      43C66BEA 
  77      47B63760 
  77      7F3B713E 
  77      90416523 
  78 01a3 F4028264 		.ascii	"\364\002\202d\367I\220Q\343\022\363%K\357A& \225p\343"
  78      F7499051 
  78      E312F325 
  78      4BEF4126 
  78      209570E3 
  79 01b7 557D37AF 		.ascii	"U}7\257\372\245\235\245\352\014\253\234\244\007\240"
  79      FAA59DA5 
  79      EA0CAB9C 
  79      A407A0
  80 01c6 8A424DCE 		.ascii	"\212BM\316\327\303\022\206\\\024\212\241\333\336\321"
  80      D7C31286 
  80      5C148AA1 
  80      DBDED1
  81 01d5 5E8CD876 		.ascii	"^\214\330v8/\017\303\237\366ba\020\252`(\332\336\315"
  81      382F0FC3 
  81      9FF66261 
  81      10AA6028 
  81      DADECD
  82 01e8 C5769711 		.ascii	"\305v\227\021\011p@b\200PB\024\274P\025\342FQ\215,l"
  82      09704062 
  82      80504214 
  82      BC5015E2 
  82      46518D2C 
  83 01fd 98819A04 		.ascii	"\230\201\232\004\302\367\2737\316\201tR\\\372\273\241"
  83      C2F7BB37 
  83      CE817452 
  83      5CFABBA1 
  84 020d A12D53EA 		.ascii	"\241-S\352m\034\213\205\346\211b\277\375\226\266\025"
  84      6D1C8B85 
  84      E68962BF 
  84      FD96B615 
  85 021d 0E030D87 		.ascii	"\016\003\015\207o\347pD\307n\004R\327\361\306\321\321"
  85      6FE77044 
ARM GAS  /tmp/ccbpqtXJ.s 			page 6


  85      C76E0452 
  85      D7F1C6D1 
  85      D1
  86 022e 26AF67C4 		.ascii	"&\257g\304\021\267\323Q\307r\"!\242\256J\273\\} \\\035"
  86      11B7D351 
  86      C7722221 
  86      A2AE4ABB 
  86      5C7D205C 
  87 0243 05650F86 		.ascii	"\005e\017\206\375x\032\037\342&x(\014\203\010\007B\306"
  87      FD781A1F 
  87      E2267828 
  87      0C830807 
  87      42C6
  88 0255 1AD7DC5C 		.ascii	"\032\327\334\\\365 \304\177\220\014}\004fH\305l\021"
  88      F520C47F 
  88      900C7D04 
  88      6648C56C 
  88      11
  89 0266 073FA8D1 		.ascii	"\007?\250\3212\203\275\3635\372=I\372\305\200\214\011"
  89      3283BDF3 
  89      35FA3D49 
  89      FAC5808C 
  89      09
  90 0277 3D1EE51B 		.ascii	"=\036\345\033\007\363\337\236\350Qg\002\023\211?\370"
  90      07F3DF9E 
  90      E8516702 
  90      13893FF8 
  91 0287 7FFC8FB7 		.ascii	"\177\374\217\267\007P\360O\012\376\300\302\204\323$"
  91      0750F04F 
  91      0AFEC0C2 
  91      84D324
  92 0296 F851F709 		.ascii	"\370Q\367\011&\316\203m\301\275l\020~2\372_\001\031"
  92      26CE836D 
  92      C1BD6C10 
  92      7E32FA5F 
  92      0119
  93 02a8 89592916 		.ascii	"\211Y)\026\213z\264\244\264\240\364D\216ZnUK\362\313"
  93      8B7AB4A4 
  93      B4A0F444 
  93      8E5A6E55 
  93      4BF2CB
  94 02bb 546B4521 		.ascii	"TkE!\255y\326JK!\323\347\027X+KO\025\037\336\215;]^"
  94      AD79D64A 
  94      4B21D3E7 
  94      17582B4B 
  94      4F151FDE 
  95 02d3 51695573 		.ascii	"QiUsr\2633\017\251YY\307\324\334\343\331g2\242\231y"
  95      72B3330F 
  95      A95959C7 
  95      D4DCE3D9 
  95      6732A299 
  96 02e8 65654596 		.ascii	"eeE\226\022&S\352o\261V\232\037"
  96      122653EA 
  96      6FB1569A 
  96      1F
  97              		.text
  98              		.section	.gnu.lto_stStopAlarm.f1f3be1d5746caf3,"",%progbits
ARM GAS  /tmp/ccbpqtXJ.s 			page 7


  99 0000 789C6366 		.ascii	"x\234cf\300\004R@\254\313\310\300\020\016\244\031\231"
  99      C0045240 
  99      ACCBC8C0 
  99      100EA419 
  99      99
 100 0011 19189926 		.ascii	"\031\030\231&\234c`h\344`bd\0041\030\030\031\352\231"
 100      9C636068 
 100      E4606264 
 100      04311818 
 100      19EA99
 101 0024 18EB195F 		.ascii	"\030\353\031_2}db\234p`\365\014n\365\245\015\015\015"
 101      327D6462 
 101      9C7060F5 
 101      0C6EF5A5 
 101      0D0D0D
 102 0037 1F166D97 		.ascii	"\037\026m\227h\225\370\311\304\300\360\231\011b\014"
 102      6895F8C9 
 102      C4C0F099 
 102      09620C
 103 0046 E3724675 		.ascii	"\343rFu\006\240\232\217-\177\257s\263\265\000\325\010"
 103      06A09A8F 
 103      2D7FAF73 
 103      B3B500D5 
 103      08
 104 0057 40E41857 		.ascii	"@\344\030W0\262\001\215gX/t\240\341\377\377\305s\356"
 104      30B2018D 
 104      67582F74 
 104      A0E1FFFF 
 104      C573EE
 105 006a 6C676166 		.ascii	"lgaf`x\002\224\002\231\377\224\211\011D3\337b<\364a"
 105      60780294 
 105      0299FF94 
 105      89094433 
 105      DF623CF4 
 106 007f C7D2F347 		.ascii	"\307\322\363G\271Q\214x\320\372^\002l\300g&Ft\303\031"
 106      B9518C78 
 106      D0FA5E02 
 106      6CC06726 
 106      4674C319 
 107 0093 5732B201 		.ascii	"W2\262\001M_\305\310\006\224xw\372x\033\353\013\246"
 107      4D5FC5C8 
 107      06947877 
 107      FA781BEB 
 107      0BA6
 108 00a5 9F4C8C40 		.ascii	"\237L\214@\271\006\026\220\332\373O\316_\344\000\013"
 108      B9061690 
 108      DAFB4FCE 
 108      5FE4000B 
 109 00b5 3180B8D3 		.ascii	"1\200\270\323\317\277^\3054\227qv\343\204\006\216\237"
 109      CFBF5EC5 
 109      34977176 
 109      E384068E 
 109      9F
 110 00c6 4C4C8CAB 		.ascii	"LL\214\253\031\245\030\3270J\201\345\276O~\262\226O"
 110      19A518D7 
 110      304A81E5 
 110      BE4F7EB2 
ARM GAS  /tmp/ccbpqtXJ.s 			page 8


 110      964F
 111 00d8 7775434B 		.ascii	"wuCK\343\207S\363N\363\377dbf\\\3138\227\361\023\320"
 111      E38753F3 
 111      4EF3FF64 
 111      62665CCB 
 111      3897F113 
 112 00ed 8D605B18 		.ascii	"\215`[\030\3271\352\"\233\010t?\343z\240\336{\214\215"
 112      D731EA22 
 112      9B08743F 
 112      E37AA0DE 
 112      7B8C8D
 113 0100 0F96BEE7 		.ascii	"\017\226\276\347\0009\020\024\004O\200V\001\375\002"
 113      00391014 
 113      044F8056 
 113      01FD02
 114 010f D425AFA7 		.ascii	"\324%\257\247\247\357\234\221\231\224\351\037\254\237"
 114      A7EF9C91 
 114      9994E91F 
 114      AC9F
 115 011d 5FAC9F91 		.ascii	"_\254\237\221\230\243_\\\224\014\242\343\213K\364\222"
 115      98A35F5C 
 115      940CA2E3 
 115      8B4BF492 
 116 012d 194C31E5 		.ascii	"\031L1\345\013\362\213J\212\365\203C|\215\215\364}|"
 116      0BF28B4A 
 116      8AF58343 
 116      7C8D8DF4 
 116      7D7C
 117 013f 5CF4433C 		.ascii	"\\\364C<}\313\014\241:\342srR\3642\030\000\022m\214"
 117      7DCB0CA1 
 117      3AE27372 
 117      52F43218 
 117      00126D8C 
 118 0153 15       		.ascii	"\025"
 119              		.text
 120              		.section	.gnu.lto_stSetAlarm.f1f3be1d5746caf3,"",%progbits
 121 0000 789C9552 		.ascii	"x\234\225RKHTa\024\376\277\377\336\2713:\242\322jp\241"
 121      4B485461 
 121      14FEBFFF 
 121      DEB9333A 
 121      A2D26A70 
 122 0015 91889B9C 		.ascii	"\221\210\233\234\213I\373\2406\201\322B\367\346\013"
 122      8B49FBA0 
 122      3681D242 
 122      F7E60B
 123 0024 140CC391 		.ascii	"\024\014\303\221v\342\035\035%z\250d\231\024\366@\306"
 123      76E21D1D 
 123      257AA864 
 123      9914F640 
 123      C6
 124 0035 7C345A5A 		.ascii	"|4ZZ>fzLI(HIT*&\345b\204\302\012Mi\032C\355\234;\026"
 124      3E667A4C 
 124      49284849 
 124      542A26E5 
 124      6284C20A 
 125 0051 4CAEBA70 		.ascii	"L\256\272p\357\177\317\177\276s\276s\316w\024\261\367"
 125      EF7FCF7F 
ARM GAS  /tmp/ccbpqtXJ.s 			page 9


 125      BE73BE73 
 125      CE7714B1 
 125      F7
 126 0062 C9A1B750 		.ascii	"\311\241\267P\021\242\224NX\004d\353+!\3346)\025\177"
 126      11A2944E 
 126      580464EB 
 126      2B21DC36 
 126      29157F
 127 0075 AA30E2D5 		.ascii	"\2520\342\325Y]\030\011\012\324\350\265\012\360\217"
 127      595D1809 
 127      0AD4E8B5 
 127      0AF08F
 128 0084 80A8938A 		.ascii	"\200\250\223\212\212:|\226k\022\255\301\376\016{\246"
 128      8A3A7C96 
 128      6B12ADC1 
 128      FE0E7BA6 
 129 0094 D7308CD5 		.ascii	"\3270\214\325\372\200\243\321\021\221B\254\313h~\334"
 129      FA80A3D1 
 129      119142AC 
 129      CB687EDC 
 130 00a4 4126415A 		.ascii	"A&AZ\232\033/B9\000A\377\343\003\033/\355\237dDb?\233"
 130      9A1B2F42 
 130      390041FF 
 130      E3031B2F 
 130      ED9F6444 
 131 00bb FE4B531D 		.ascii	"\376KS\035\032\233Res\363\312T\203%\243\3130\352\203"
 131      1A9B5265 
 131      73F3CA54 
 131      8325A3CB 
 131      30EA83
 132 00ce 8121E388 		.ascii	"\201!\343\210\032\221\012z\240P>\364\"\005}H\021t%\320"
 132      1A910A7A 
 132      A0503EF4 
 132      22057D48 
 132      117425D0 
 133 00e2 8F0C86AF 		.ascii	"\217\014\206\257y\266\346\354\232\207\270\223\267\376"
 133      79B6E6EC 
 133      9A87B893 
 133      B7FE
 134 00f0 D0E22E34 		.ascii	"\320\342.4\320A\027\203\373\202\306\316NW\367b@\265"
 134      D0411783 
 134      FB82C6CE 
 134      4E57F762 
 134      40B5
 135 0102 59C0411A 		.ascii	"Y\300A\032\205\253V\376\010\021\"4\367\263,%\237\312"
 135      85AB56FE 
 135      08112234 
 135      F7B32C25 
 135      9FCA
 136 0114 029E8F8C 		.ascii	"\002\236\217\214\373:'\223b\022/\275\370\3410s\256K"
 136      FB3A2793 
 136      62122FBD 
 136      F8E13073 
 136      AE4B
 137 0126 FC4329E0 		.ascii	"\374C)\340\203FL\003\320\302R#\337\267\351\311&\013"
 137      83464C03 
 137      D0C25223 
ARM GAS  /tmp/ccbpqtXJ.s 			page 10


 137      DFB7E9C9 
 137      260B
 138 0138 376321B7 		.ascii	"7c!\267a6\36414\363\332f^\0116\257\316\254\364\311N"
 138      6136F431 
 138      34F3DA66 
 138      5E0936AF 
 138      CEACF4C9 
 139 014d 5C77B71A 		.ascii	"\\w\267\032\266\210\3240HM\335\243\246\330\027n\013"
 139      B688D430 
 139      484DDDA3 
 139      A6D8176E 
 139      0B
 140 015e F912B3FA 		.ascii	"\371\022\263\372\015\217{u\301\337\234\026\221V\334"
 140      0D8F7B75 
 140      C1DF9C16 
 140      9156DC
 141 016d 4727BE53 		.ascii	"G'\276S\231&\021\206\220%\026\320\360\263\351\213\032"
 141      99261186 
 141      902516D0 
 141      F0B3E98B 
 141      1A
 142 017e E5B44669 		.ascii	"\345\264Fi\257\315-o(\314\241\322\230\206)\333;x\346"
 142      AFCD2D6F 
 142      28CCA1D2 
 142      988629DB 
 142      3B78E6
 143 0191 27CE7FCD 		.ascii	"'\316\177\315\346\262\011E\020ww\340\202\325\204P\262"
 143      E6B20945 
 143      107777E0 
 143      82D58450 
 143      B2
 144 01a2 074C28B8 		.ascii	"\007L(\270qE\370S\225E\250\014\344\022n\274i\036\220"
 144      7145F853 
 144      9545A80C 
 144      E4126EBC 
 144      691E90
 145 01b5 B5BF8CB3 		.ascii	"\265\277\214\263\\\235m]2\365C\324\262\253\275\345\355"
 145      5C9D6D5D 
 145      32F543D4 
 145      B2ABBDE5 
 145      ED
 146 01c6 9842AE0E 		.ascii	"\230B\256\016v\305\361\264c\332\2133\315\336\226\313"
 146      76C5F1B4 
 146      63DA8B33 
 146      CDDE96CB 
 147 01d6 63F8DB5E 		.ascii	"c\370\333^<FP\213\321\335\366n\206z:\354\224\200\026"
 147      3C46508B 
 147      D1DDF66E 
 147      867A3AEC 
 147      948016
 148 01e9 240E8C32 		.ascii	"$\016\2142I1\216\332\210\264\233\325\250\246\014\263"
 148      49318EDA 
 148      88B49BD5 
 148      A8A60CB3 
 149 01f9 A84F66FC 		.ascii	"\250Of\374\260w\363\034\224\223\346\320\337\217\216"
 149      B077F31C 
 149      9493E6D0 
ARM GAS  /tmp/ccbpqtXJ.s 			page 11


 149      DF8F8E
 150 0208 6E27A4DF 		.ascii	"n'\244\337\246\265X\232\237(\013zn\031\333;;\340\345"
 150      A6B5589A 
 150      9F280B7A 
 150      6E19DB3B 
 150      3BE0E5
 151 021b F0C72EC7 		.ascii	"\360\307.\307\356\332\005\220\036\246\211\223\242\355"
 151      EEDA0590 
 151      1EA68993 
 151      A2ED
 152 0229 E3BE95C6 		.ascii	"\343\276\225\306\304XE\033\303\016F\354\252\252\354"
 152      C458451B 
 152      C30E46EC 
 152      AAAAEC
 153 0238 51F591A9 		.ascii	"Q\365\221\251\352ch\377!\330\354tRD&\340\211)\030\242"
 153      EA6368FF 
 153      21D8EC74 
 153      524426E0 
 153      892918A2 
 154 024c 3908F2AC 		.ascii	"9\010\362\254m\303+u\037A\202\007Y\320\247\310B:E\233"
 154      6DC32B75 
 154      1F418207 
 154      59D0A7C8 
 154      423A459B 
 155 0260 7E04A173 		.ascii	"~\004\241s\231\037\340^\362\206m\346<\004\357%x\020"
 155      991FE05E 
 155      F2866DE6 
 155      3C04EF25 
 155      7810
 156 0272 34E134A7 		.ascii	"4\3414\247S?Z^Q\\q\"_\257r\351\345E\225\272\253\272"
 156      533F5A5E 
 156      515C7122 
 156      5FAF72E9 
 156      E54595BA 
 157 0288 84CF4257 		.ascii	"\204\317BW\215\263DX\213\212]5\025\247\312\016\357\305"
 157      8DB34458 
 157      8B8A5D35 
 157      15A7CA0E 
 157      EFC5
 158 029a 9DAEAAAE 		.ascii	"\235\256\252\256q\351\371\005y9\207\364\334\334cz\301"
 158      71E9F905 
 158      793987F4 
 158      DCDC637A 
 158      C1
 159 02ab F1BC33D9 		.ascii	"\361\2743\331\273\221\205\225\225\245\316r\241r\350"
 159      BB918595 
 159      95A5CE72 
 159      A172E8
 160 02ba 6F57FC56 		.ascii	"oW\374Ve"
 160      65
 161              		.text
 162              		.section	.gnu.lto_stGetAlarm.f1f3be1d5746caf3,"",%progbits
 163 0000 789C9552 		.ascii	"x\234\225R\337KSQ\034?\337s\356\275\233.*z\032{\320"
 163      DF4B5351 
 163      1C3FDF73 
 163      EEBD9B2E 
 163      2A7A1A7B 
ARM GAS  /tmp/ccbpqtXJ.s 			page 12


 164 0015 A0C0A7ED 		.ascii	"\240\300\247\355b\322_P/\201\322\203B\217R\3660a`8\351"
 164      62D25F50 
 164      2F81D283 
 164      428F52F6 
 164      30616038 
 165 002a 6DECCC96 		.ascii	"m\354\314\226\004\205JJ\315b\026\304\312\037m\366\323"
 165      04854A4A 
 165      CD6216C4 
 165      CA1F6DF6 
 165      D3
 166 003b B66BA015 		.ascii	"\266k\240\025a$%Q9\021+\037&\024Eh\033\330\210\271\276"
 166      61242551 
 166      39112B1F 
 166      26144568 
 166      1BD888B9 
 167 0050 DFB315AC 		.ascii	"\337\263\025\254=u\341\236s\277\347\3639\237\357\367"
 167      3D75E19E 
 167      73BFE7F3 
 167      399FEFF7 
 168 0060 F3FD5EC1 		.ascii	"\363\375^\301\252\237&|?p\306\216\341\016:\003>\370"
 168      AA9F267C 
 168      3F70C68E 
 168      E10E3A03 
 168      3EF8
 169 0072 9AB1909D 		.ascii	"\232\261\220\235sa\3251Y\253-\231L\356\020\240\225\216"
 169      7361D531 
 169      59AB2D99 
 169      4CEE10A0 
 169      958E
 170 0084 3500FA60 		.ascii	"5\000\372`\300\202\\h\020\204/|\223C*\221{\345\370\314"
 170      C0825C68 
 170      10842F7C 
 170      93432A91 
 170      7BE5F8CC 
 171 0098 F39CED65 		.ascii	"\363\234\355e\030Z\027_D\014\012A\2430\275\024I\327"
 171      185A175F 
 171      440C0A41 
 171      A330BD14 
 171      49D7
 172 00aa 34C4A4EC 		.ascii	"4\304\244\354\335\350\235\365\215\014_G\204\263,gp\013"
 172      DDE89DF5 
 172      8D0C5F47 
 172      84B32C67 
 172      700B
 173 00bc 5C30062E 		.ascii	"\\0\006.\322\033\207\006\342n\206\013i\207\021\226R"
 173      D21B8706 
 173      E26E860B 
 173      69871196 
 173      52
 174 00cd EE2E6051 		.ascii	"\356.`QHBl\002\014\300\015\017\246\366\314\311b\361"
 174      48426C02 
 174      0CC00D0F 
 174      A6F6CCC9 
 174      62F1
 175 00df C6E8EAAC 		.ascii	"\306\350\352\254f\023\014et\\\204A\013c\031$Sq\353\250"
 175      66130C65 
 175      745C8441 
ARM GAS  /tmp/ccbpqtXJ.s 			page 13


 175      0B631924 
 175      5371EBA8 
 176 00f3 8EBB5881 		.ascii	"\216\273X\201\247\323\251Xt~W\205\356\332\363m\247\222"
 176      A7D3A958 
 176      747E5785 
 176      EEDAF36D 
 176      A792
 177 0105 CC72F827 		.ascii	"\314r\370'#\203I00\321m0\266\270\216\330\367\205\371"
 177      23834930 
 177      30D16D30 
 177      B6B88ED8 
 177      F785F9
 178 0118 3E9D8C68 		.ascii	">\235\214h\010Ke\346Sf\361\215]\0351\012//~\235\340"
 178      084B65E6 
 178      5366F18D 
 178      5D1D310A 
 178      2F2F7E9D 
 179 012d 51B81A1A 		.ascii	"Q\270\032\032\224\366<\327!\216\216\022\344\010\261"
 179      94F63CD7 
 179      218E8E12 
 179      E408B1
 180 013c ADA14C7C 		.ascii	"\255\241L|\247{R\206C\033/\255\376\372<7`\012\242\360"
 180      A77B5286 
 180      431B2FAD 
 180      FEFA3C37 
 180      600AA2F0 
 181 0150 03CB5489 		.ascii	"\003\313T\211\340\016\270\331\012\234\371\331\367M+"
 181      E00EB8D9 
 181      0A9CF9D9 
 181      F74D2B
 182 015f E52CA7BD 		.ascii	"\345,\247\275\222^\317\011\312!\260GwQ\355=\204\227"
 182      925ECF09 
 182      CA21B047 
 182      7751ED3D 
 182      8497
 183 0171 9F9D2F34 		.ascii	"\237\235/4R\331\310BJ\350\346\314\005\233\242\240\330"
 183      52D9C842 
 183      4AE8E6CC 
 183      059BA2A0 
 183      D8
 184 0182 3DD54232 		.ascii	"=\325B2.\230U'VA#\"\2250\372\266?\301\003\277\3449\252"
 184      2E985527 
 184      56412322 
 184      9530FAB6 
 184      3FC103BF 
 185 0199 CE96E594 		.ascii	"\316\226\345\224\372>\004\010\2724\360.)\020\212\020"
 185      FA3E0408 
 185      BA34F02E 
 185      29108A10 
 186 01a9 64A76657 		.ascii	"d\247fW\330\263\253p|`8\011\177\355\325\300\003\010"
 186      D8B3AB70 
 186      7C603809 
 186      7FEDD5C0 
 186      0308
 187 01bb C0C3B2BD 		.ascii	"\300\303\262\275k\231\261\210\003\005\234H\206id\251"
 187      6B99B188 
 187      03059C48 
ARM GAS  /tmp/ccbpqtXJ.s 			page 14


 187      866964A9 
 188 01cb A4F00802 		.ascii	"\244\360\010\002y^\253\252\321\376\214\301\032\211\025"
 188      795EABAA 
 188      D1FE8CC1 
 188      1A8915
 189 01da F5CA2984 		.ascii	"\365\312)\204\203\345!\210\252!$\325\020RdU\374G\213"
 189      83E52188 
 189      AA2124D5 
 189      10526455 
 189      FC478B
 190 01ed B717F6E7 		.ascii	"\267\027\366\347\271\003,\325b(\311 \345\311P.\306\315"
 190      B9032CD5 
 190      6228C920 
 190      E5C9502E 
 190      C6CD
 191 01ff 3852E65C 		.ascii	"8R\346\\4\202\031p\303>\274\255px\014&\373\010\241\265"
 191      34821970 
 191      C33EBCAD 
 191      70780C26 
 191      FB08A1B5 
 192 0213 B34567A9 		.ascii	"\263Eg\251\271\330O\374\221\200*\307\226\324{<\346!"
 192      B9D84FFC 
 192      91802AC7 
 192      96D47B3C 
 192      E621
 193 0225 6FE789CE 		.ascii	"o\347\211\316\243\255f\227\337\364\036\367\231\376\356"
 193      A3AD6697 
 193      DFF41EF7 
 193      99FEEE
 194 0234 0EDADBFD 		.ascii	"\016\332\333\375=\236\016v\260\032?\325\325\335\343"
 194      3D9E0E76 
 194      B01A3FD5 
 194      D5DDE3
 195 0243 375BDB5A 		.ascii	"7[\333Z\232\016\230\315\315\207\315\266#-\247\033\313"
 195      9A0E98CD 
 195      CD87CDB6 
 195      232DA71B 
 195      CB
 196 0254 37DA7DBE 		.ascii	"7\332}\276\223\036/\373\015'\342'\326"
 196      931E2FFB 
 196      0D27E227 
 196      D6
 197              		.text
 198              		.section	.gnu.lto_.symbol_nodes.f1f3be1d5746caf3,"",%progbits
 199 0000 789C558A 		.ascii	"x\234U\212\273\021\203@\020C\265\332\2039\372\241?\021"
 199      BB118340 
 199      1043B5DA 
 199      8339FAA1 
 199      3F11
 200 0012 B8002A60 		.ascii	"\270\000*`\010\034:%0\346c\273\000j\240\022\01768\340"
 200      081C3A25 
 200      30E663BB 
 200      006AA012 
 200      0F3638E0 
 201 0026 9468A4F7 		.ascii	"\224h\244\367\034\300\015\377\360N\001\365\002Hh\332"
 201      1CC00DFF 
 201      F04E01F5 
ARM GAS  /tmp/ccbpqtXJ.s 			page 15


 201      024868DA 
 202 0036 08F6949D 		.ascii	"\010\366\224\235\217\354I\264\224\363A11\207\357\233"
 202      8FEC49B4 
 202      94F34131 
 202      3187EF9B 
 203 0046 982FDA6E 		.ascii	"\230/\332n\216TH\300\233\374\001\233\250\354\000\250"
 203      8E5448C0 
 203      9BFC019B 
 203      A8EC00A8 
 204 0056 AA089BA9 		.ascii	"\252\010\233\251\374\264\035\021\327\365cn\005.]\351"
 204      FCB41D11 
 204      D7F5636E 
 204      052E5DE9 
 205 0066 E1A87C2F 		.ascii	"\341\250|/lT-.;"
 205      6C542D2E 
 205      3B
 206              		.text
 207              		.section	.gnu.lto_.refs.f1f3be1d5746caf3,"",%progbits
 208 0000 789C6366 		.ascii	"x\234cf``\020`\200\000FF&&\026F\026&V\026F6&v\026\006"
 208      60601060 
 208      80004646 
 208      26261646 
 208      16265616 
 209 001a 00034700 		.ascii	"\000\003G\000B"
 209      42
 210              		.text
 211              		.section	.gnu.lto_.decls.f1f3be1d5746caf3,"",%progbits
 212 0000 789CB558 		.ascii	"x\234\265X{P\024G\032\237\236\036XX\026\360\360JS\374"
 212      7B501447 
 212      1A9F9E1E 
 212      585816F0 
 212      F04A53FC 
 213 0014 11D1D451 		.ascii	"\021\321\324Q&e\330\210gyWWWj\320\322T\305\304[\274"
 213      2665D888 
 213      67795757 
 213      576AD0D2 
 213      54C5C45B 
 214 0029 AA54E58F 		.ascii	"\252T\345\217\015ArP\205\350\261k\356\374ox)\017QDT"
 214      0D417250 
 214      85E8B16B 
 214      EEFC6F78 
 214      290F5144 
 215 003e 10D13520 		.ascii	"\020\3215  \310\313\200\362\022QO@\021\360\301\313\240"
 215      20C8CB80 
 215      F212514F 
 215      4011F0C1 
 215      CBA0
 216 0050 F210F185 		.ascii	"\362\020\361\205\272\210\012\370`\357\353\356\231\335"
 216      BA880AF8 
 216      60EFEBEE 
 216      99DD
 217 005e D975F572 		.ascii	"\331u\365ruuS\365\355\314\327\375\353\337\367\373\272"
 217      757553F5 
 217      EDCCD7FD 
 217      EBDFF7FB 
 217      BA
 218 006f 7BBA7B16 		.ascii	"{\272{\026s\034\367[\236\343,pE\373p\\5<\273B\331Z0"
ARM GAS  /tmp/ccbpqtXJ.s 			page 16


 218      731CF75B 
 218      9EE32C70 
 218      45FB705C 
 218      353CBB42 
 219 0086 78E4AAC0 		.ascii	"x\344\252\300\3529v\251\300\032\301:\300\256\200]\003"
 219      EA3976A9 
 219      C01AC13A 
 219      C0AE805D 
 219      03
 220 0097 EB06EB05 		.ascii	"\353\006\353\005\273\011\206\301\006\301\206\301\356"
 220      BB0986C1 
 220      06C186C1 
 220      EE
 221 00a4 72F657A3 		.ascii	"r\366W\243TOx\357\201\235\222\312y\251\256\227{\373"
 221      544F78EF 
 221      819D92CA 
 221      79A9AE97 
 221      7BFB
 222 00b6 22713CA5 		.ascii	"\"q<\2456^`\032\260V\260\271`\013\020\307}\0026\012"
 222      365E601A 
 222      B056B0B9 
 222      600B10C7 
 222      7D02360A 
 223 00ca CF9F22A6 		.ascii	"\317\237\"\246\263\022\254\017L@,\326\207p\377\035\330"
 223      B312AC0F 
 223      4C402CD6 
 223      8770FF1D 
 223      D8
 224 00db 6C3041E2 		.ascii	"l0A\342[\214\230\326%pG\222^\345E\362\022\244\230\312"
 224      5B8C98D6 
 224      25704792 
 224      5EE545F2 
 224      12A498CA 
 225 00ef 1848E2E3 		.ascii	"\030H\342\343%\314\037\321\333z\257\375\027zI\237\326"
 225      25CC1FD1 
 225      DB7AAFFD 
 225      177A499F 
 225      D6
 226 0100 29F4F20A 		.ascii	")\364\362\012\275\202\304%k\375\223\244u\330!^\267\024"
 226      BD82C425 
 226      6BFD93A4 
 226      75D8215E 
 226      B714
 227 0112 E37F8DD5 		.ascii	"\343\177\215\325\255\210\365g)\226\343\370\215\361\250"
 227      AD88F567 
 227      2996E3F8 
 227      8DF1A8
 228 0121 A538E73B 		.ascii	"\2458\347;\314#x\024n\037(?\341\215\374}}\325y\242("
 228      CC237814 
 228      6E1F283F 
 228      E18DFC7D 
 228      7DD579A2 
 229 0136 268ACB50 		.ascii	"&\212\313P1R\243\002\204\025-2\241|r)\251\200G7zO\024"
 229      3152A302 
 229      84152D32 
 229      A17C7229 
 229      A9804737 
ARM GAS  /tmp/ccbpqtXJ.s 			page 17


 230 014d C558D19C 		.ascii	"\305X\321\234.\342\0178\264\300\027}\354\313\241B\344"
 230      2EE20F38 
 230      B4C0177D 
 230      ECCBA142 
 230      E4
 231 015e 4FAB3854 		.ascii	"O\2538T\204|\321Q\344K\"\015\355\036KrQK\350\304\377"
 231      847CD151 
 231      E44B220D 
 231      ED1E4B72 
 231      514BE8C4 
 232 0173 84CE4EBB 		.ascii	"\204\316N\273\232\245\271\307#/u8qG\217\233\232\334"
 232      9AA5B9C7 
 232      232F7538 
 232      71478F9B 
 232      9ADC
 233 0185 C0D5A83D 		.ascii	"\300\325\250=\211[S\372\254\315\203\326\372\021\267"
 233      895B53FA 
 233      ACCD83D6 
 233      FA11B7
 234 0194 36BD25D3 		.ascii	"6\275%\323\225\326\012\304\235H0'\251\251\253\241\356"
 234      95D60AC4 
 234      9D483027 
 234      A9A9ABA1 
 234      EE
 235 01a5 D3E25702 		.ascii	"\323\342W\002\011,\212iq\242{\213\027T\2402\010U\016"
 235      092C8A69 
 235      71A27B8B 
 235      1754A032 
 235      08550E
 236 01b8 A138749C 		.ascii	"\2418t\234\206\236\357\213*X\344K;\317\367j|\322(\\"
 236      869EEF8B 
 236      2A58E44B 
 236      3BCFF76A 
 236      7CD2285C 
 237 01cc 14FD10ED 		.ascii	"\024\375\020\355\205\022\200\227R\370\317\310GnD\320"
 237      85128097 
 237      52F8CFC8 
 237      476E44D0 
 238 01dc C5F7AACA 		.ascii	"\305\367\252\312x%\372\330\373\320\223#)\371\202&\231"
 238      7825FAD8 
 238      FBD09323 
 238      29F98226 
 238      99
 239 01ed F48124A5 		.ascii	"\364\201$\245\022\371(\264T!2\344\364\016\350\304\372"
 239      12F928B4 
 239      542132E4 
 239      F40EE8C4 
 239      FA
 240 01fe 8C7C779A 		.ascii	"\214|w\232\3457\244\361\335\264\3022\015M\313\203\270"
 240      E537A4F1 
 240      DDB4C232 
 240      0D4DCB83 
 240      B8
 241 020f A92FC7DA 		.ascii	"\251/\307\332\274\250\253&\356\313\251\346\030\327w"
 241      BCA8AB26 
 241      EECBA9E6 
 241      18D777
ARM GAS  /tmp/ccbpqtXJ.s 			page 18


 242 021e 67592367 		.ascii	"gY#gY\315\262l\211/\352\360t\314\362\004\300ORx-\325"
 242      59CDB26C 
 242      892FEAF0 
 242      74CCF204 
 242      C04F5278 
 243 0234 5D23EB9E 		.ascii	"]#\353\236\036\265\\\360v\314\362\235\350K/Z\307\275"
 243      1EB55CF0 
 243      76CCF29D 
 243      E84B2F5A 
 243      C7BD
 244 0246 ECB2ACB3 		.ascii	"\354\262\254\263\313\262^\312\262\236fY\367j\250S\230"
 244      CBB25ECA 
 244      B29E6659 
 244      F76AA853 
 244      98
 245 0257 BD47123E 		.ascii	"\275G\022>C@kg)\260\247\320l\370\375V`\314\246\223\361"
 245      43406B67 
 245      29B0A7D0 
 245      6CF8FD56 
 245      60CCA693 
 246 026c 4F05AC22 		.ascii	"O\005\254\"\323\025\345f\016v\252\027\024\321\251\332"
 246      D315E566 
 246      0E76AA17 
 246      14D1A9DA 
 247 027c 6846B629 		.ascii	"hF\266)=Rzg?\357wP4\225\233K&\257k\304\026\261\321b"
 247      3D527A67 
 247      3FEF7750 
 247      34959B4B 
 247      26AF6BC4 
 248 0294 594AA950 		.ascii	"YJ\251P\003\302\3504Z@\3037H3\0335\"?h\326~\320T\351"
 248      03C2E834 
 248      5A40C337 
 248      48331B35 
 248      223F68D6 
 249 02ac 8D1753EE 		.ascii	"\215\027S\356\323\015\223Mj\274\224>oO\034\270\240\306"
 249      D30D934D 
 249      6ABC943E 
 249      6F4F1CB8 
 249      A0C6
 250 02be ABE9734C 		.ascii	"\253\351sL~\335v\025\364\371\\5\215\324\237=\225\347"
 250      7EDD7615 
 250      F4F95C35 
 250      8DD49F3D 
 250      95E7
 251 02d0 4E5DB2D2 		.ascii	"N]\262\322zC\021\3372\"\346z!\177\372\012\231\213s\207"
 251      7A4311DF 
 251      3222E67A 
 251      217FFA0A 
 251      998B7387 
 252 02e4 56C7C17B 		.ascii	"V\307\301{\324\014\275u\316\032\231\266&W\242\255\207"
 252      D40CBD75 
 252      CE1A99B6 
 252      2657A2AD 
 252      87
 253 02f5 386BCAA8 		.ascii	"8k\312\250\011^\207\271j\212E\377\202\302\363t\300\370"
 253      095E87B9 
 253      6A8A45FF 
ARM GAS  /tmp/ccbpqtXJ.s 			page 19


 253      82C2F374 
 253      C0F8
 254 0307 F3AF1BE2 		.ascii	"\363\257\033\342]\220\332\337y\243\013N\032Q\011I\011"
 254      5D90DADF 
 254      79A30B4E 
 254      1A510949 
 254      09
 255 0318 E9B34451 		.ascii	"\351\263DQ@- \341\254MB3R\313\375\305?*M\257B\262\344"
 255      402D20E1 
 255      AC4D4233 
 255      52CBFDC5 
 255      3F2A4DAF 
 256 032f 4B09057F 		.ascii	"K\011\005\177\211\005\311\255\200?c\303\267\240\367"
 256      8905C9AD 
 256      803F63C3 
 256      B7A0F7
 257 033e 6ABEE854 		.ascii	"j\276\350T3\252H\275\225\244\022`e\242t\337\322\227"
 257      33AA48BD 
 257      95A41260 
 257      65A274DF 
 257      D297
 258 0350 F37A6FD2 		.ascii	"\363zo\322\374w\216v\033\035\355KH\032\356\252\332\313"
 258      FC778E76 
 258      1B1DED4B 
 258      481AEEAA 
 258      DACB
 259 0362 A36ADC8C 		.ascii	"\243j\334\214h\337wT\234\356\361\200a\035\200a\255\336"
 259      68DF7754 
 259      9CEEF180 
 259      611D8061 
 259      ADDE
 260 0374 8AB34453 		.ascii	"\212\263DS\2548m\261 \332\012\265+\006\266]\036\330"
 260      AC386DB1 
 260      20DA0AB5 
 260      2B06B65D 
 260      1ED8
 261 0386 0E3AB03B 		.ascii	"\016:\260;S\036$\360\270\223\261\264\306\234\213q\245"
 261      531E24F0 
 261      B893B1B4 
 261      C69C8B71 
 261      A5
 262 0397 2CA6DA5C 		.ascii	",\246\332\\W65\350\314\270\254 \270,\023\\\241\004\345"
 262      573635E8 
 262      CCB8AC20 
 262      B82C135C 
 262      A104E5
 263 03aa 85E6064F 		.ascii	"\205\346\006O<\300\010n\024\364t1\031\246^+\001QpUA"
 263      3CC0086E 
 263      14F47431 
 263      19A65E2B 
 263      01517055 
 264 03bf 705526B8 		.ascii	"pU&\270F\011\252\257vN\250\224I\223\356\260e\335i7\307"
 264      4609AAAF 
 264      764EA894 
 264      4993EEB0 
 264      65DD6937 
 265 03d4 4B06261F 		.ascii	"K\006&\037j\360C\026-++;\220\006\033\230\274\335d\233"
ARM GAS  /tmp/ccbpqtXJ.s 			page 20


 265      6AF04316 
 265      2D2B2B3B 
 265      90061B98 
 265      BCDD649B 
 266 03e8 CAD00275 		.ascii	"\312\320\002u)\342u\311\361\272i\274k\373\323+\021~"
 266      29E275C9 
 266      F1BA69BC 
 266      6BFBD32B 
 266      117E
 267 03fa C1284E66 		.ascii	"\301(NfOe`\302!\232\223\357O/\333\025\227\226'\016X"
 267      4F6560C2 
 267      219A93EF 
 267      4F2FDB15 
 267      9796270E 
 268 040f 2C73D80B 		.ascii	",s\330\013\321\243`\351\221Yz)Kfrf\242\306\3565>f'\373"
 268      D1A360E9 
 268      91597A29 
 268      4B667266 
 268      A2C6EE35 
 269 0427 3A7B8D01 		.ascii	":{\215\001iy\2235\216\3508C\2314\316\346\355\305\017"
 269      69799335 
 269      8EE83843 
 269      9934CEE6 
 269      EDC50F
 270 043a DCDF39D0 		.ascii	"\334\3379\320}4\345_\344\201.\333=\370\324\015W\323"
 270      7D34E55F 
 270      E4812EDB 
 270      3DF8D40D 
 270      57D3
 271 044c 7D081554 		.ascii	"}\010\025T\335)GTpy\362\303\350,\361\260<\316\320\010"
 271      DD294754 
 271      7079F2C3 
 271      E82CF1B0 
 271      3CCED008 
 272 0460 DD50E8BD 		.ascii	"\335P\350\275!\353\275I\365\336I\337c\306x\220\221\334"
 272      21EBBD49 
 272      F5DE49DF 
 272      63C67890 
 272      91DC
 273 0472 CF7CF558 		.ascii	"\317|\365X\300\017\230\023\333z\246Y\2303\311\347\300"
 273      C00F9813 
 273      DB7AA659 
 273      9833C9E7 
 273      C0
 274 0483 96050B2E 		.ascii	"\226\005\013.)\272\230\260\267M\375\321a\361\262\311"
 274      29BA98B0 
 274      B74DFDD1 
 274      61F1B2C9 
 275 0493 5C52DF84 		.ascii	"\\R\337\204b\322L\261i\"\031J\272\"\337\202(0y\024\013"
 275      62D24CB1 
 275      6922194A 
 275      BA22DF82 
 275      28307914 
 276 04a8 793F8985 		.ascii	"y?\211\205\006\020t\333 \372\210,EOr\375\360VL\371\237"
 276      061074DB 
 276      20FA882C 
 276      454F72FD 
ARM GAS  /tmp/ccbpqtXJ.s 			page 21


 276      F0564CF9 
 277 04bd 5795B57A 		.ascii	"W\225\265z\315\311\300\204\277\216\361'\334O\033C\224"
 277      CDC9C084 
 277      BF8EF127 
 277      DC4F1B43 
 277      94
 278 04ce DFF44BAE 		.ascii	"\337\364K\256(\264\210\361\244\317\351BH\310a^(\326"
 278      28B488F1 
 278      A4CFE942 
 278      48C8615E 
 278      28D6
 279 04e0 CF214A7E 		.ascii	"\317!J~\233\220\017S\362\366\314\316\003\010\233\030"
 279      9B900F53 
 279      F2F6CCCE 
 279      03089B18 
 280 04f0 7BCACBF6 		.ascii	"{\312\313\366\027\2329\245J\366c%\361\001\214\374\245"
 280      179A39A5 
 280      4AF66325 
 280      F1018CFC 
 280      A5
 281 0501 13F26E3B 		.ascii	"\023\362n;\362;\224|\204\220\337\245\344\2672\033\223"
 281      F23B947C 
 281      8490DFA5 
 281      E4B7321B 
 281      93
 282 0512 ED372132 		.ascii	"\3557!2\021lcsOZ\236\357\321\345\271\351~\303\016\266"
 282      116C6373 
 282      4F5A9EEF 
 282      D1E5B9E9 
 282      7EC30EB6 
 283 0526 118BAE24 		.ascii	"\021\213\256$t\371\351\342$w\272\355|G\334\2635\333"
 283      74F9E9E2 
 283      2477BAED 
 283      7C47DCB3 
 283      35DB
 284 0538 72045CCB 		.ascii	"r\004\\\313\224>:\233\367O\262\005\305\375\272\005\012"
 284      943E3A9B 
 284      F74FB205 
 284      C5FDBA05 
 284      0A
 285 0549 5AC46759 		.ascii	"Z\304gY\236c\334\304\232\357\237*;\352\201/JNVs\237"
 285      9E63DCC4 
 285      9AEF9F2A 
 285      3BEA812F 
 285      4A4E5673 
 286 055e 80DB9993 		.ascii	"\200\333\231\223\267g\3571\027\032\324\215.\311\035"
 286      B767EF31 
 286      171AD48D 
 286      2EC91D
 287 056d 9D3BDDF1 		.ascii	"\235;\335\3615V\227\2371\221\344\215{\231\323:49\316"
 287      3556979F 
 287      3191E48D 
 287      7B99D33A 
 287      3439CE
 288 0580 F6C819C4 		.ascii	"\366\310\031\304\235z\325y\235\307}\254\356b\367\340"
 288      9D7AD579 
 288      9DC77DAC 
ARM GAS  /tmp/ccbpqtXJ.s 			page 22


 288      EE62F7E0 
 289 0590 4F2EB89F 		.ascii	"O.\270\2379Y\023\227\232\274)\360\003zF\310\216\213"
 289      39591397 
 289      9ABC29F0 
 289      037A46C8 
 289      8E8B
 290 05a2 F3C67758 		.ascii	"\363\306wX\235\251\340\215\305\013?d\216|\324\320\260"
 290      9DA9E08D 
 290      C50B3F64 
 290      8E7CD4D0 
 290      B0
 291 05b3 A3C68133 		.ascii	"\243\306\2013\017\256xb3\253\033\037\212\235F\370\031"
 291      0FAE7862 
 291      33AB1B1F 
 291      8A9D46F8 
 291      19
 292 05c4 730A87DA 		.ascii	"s\012\207\332\323=)p>q\017eL\005\341IVU;\226\362\314"
 292      D33D2970 
 292      3E710F65 
 292      4C05E149 
 292      56553B96 
 293 05da 0DBF664E 		.ascii	"\015\277fN\377D\377Y\025\305}F\334=\365\007\322\331"
 293      FF44FF59 
 293      15C57D46 
 293      DC3DF507 
 293      D2D9
 294 05ec 262FD2EA 		.ascii	"&/\322\352\035\245y\343L\030\246\254\207o\\\302\357"
 294      1DA579E3 
 294      4C18A6AC 
 294      876F5CC2 
 294      EF
 295 05fd DED66379 		.ascii	"\336\326cyi[\217\341i\177\346<\274\\\244\330\250\215"
 295      695B8FE1 
 295      697FE63C 
 295      BC5CA4D8 
 295      A88D
 296 060f 74DD1779 		.ascii	"t\335\027y_4N\341q\274\217\334\210\240\367u\025\232"
 296      5F344EE1 
 296      71BC8FDC 
 296      88A0F775 
 296      159A
 297 0621 554AF4E8 		.ascii	"UJ\364\350\373\320\311{3\232\020\206\275\2048]1#\335"
 297      FBD0C97B 
 297      339A1086 
 297      BD84385D 
 297      3123DD
 298 0634 3C8E67CE 		.ascii	"<\216g\316\361\334#'\330\234XFS\350\271\322\245\302"
 298      F1DC2327 
 298      D89C5846 
 298      53E8B9D2 
 298      A5C2
 299 0646 49ACAEA6 		.ascii	"I\254\256\246\"m\212\035SV\023\367BUj\243\032\247\262"
 299      226D8A1D 
 299      535613F7 
 299      42556AA3 
 299      1AA7B2
 300 0659 BA37C5C3 		.ascii	"\2727\305\303\223<Ng\316\335\206Q\221\247\300\265\304"
ARM GAS  /tmp/ccbpqtXJ.s 			page 23


 300      933C4E67 
 300      CEDD8651 
 300      91A7C0B5 
 300      C4
 301 066a BDF528B5 		.ascii	"\275\365(\265\337\015\357\261\017\340\305\002$\247T"
 301      DF0DEFB1 
 301      0FE0C502 
 301      24A754
 302 0679 5854EFEE 		.ascii	"XT\357\356\224\235r\247|L\373$&\347\310\000\226\262"
 302      949D72A7 
 302      7C4CFB24 
 302      26E7C800 
 302      96B2
 303 068b 34C97DB2 		.ascii	"4\311}\262\003\2624St\032\315r\247\234\345Xo|\207\207"
 303      03B23453 
 303      741ACD72 
 303      A79CE558 
 303      6F7C8787 
 304 069f 123DFA3E 		.ascii	"\022=\372>t\333\213\302\034W\234\315T\312\3475\015="
 304      74DB8BC2 
 304      1C579CCD 
 304      54CAE735 
 304      0D3D
 305 06b1 AFCDEAEB 		.ascii	"\257\315\352\353\330V\346\211\346\261k\346<\305\345"
 305      D856E689 
 305      E6B16BE6 
 305      3CC5E5
 306 06c0 3FCF24C6 		.ascii	"?\317$\306\307\231[*\352W\354*\330*\266|F\203\244\360"
 306      C7995B2A 
 306      EA57EC2A 
 306      D82AB67C 
 306      4683A4F0 
 307 06d4 1865F333 		.ascii	"\030e\3633m\357\314v\236D\374\004~8\2027\355\250X\337"
 307      6DEFCC76 
 307      9E44FC04 
 307      7E388237 
 307      EDA858DF 
 308 06e8 188F2936 		.ascii	"\030\217)6\331\021\233D\261e\310\012\236.s\225x'\221"
 308      D9119B44 
 308      B165C80A 
 308      9E2E7395 
 308      782791
 309 06fb 03760AD9 		.ascii	"\003v\012\331\363\276\264B\237:B\307\035\240I6\011o"
 309      F3BEB442 
 309      9F3A42C7 
 309      1DA04936 
 309      096F
 310 070d 1CB1AF91 		.ascii	"\034\261\257\221\203\2047V\336\011G\354\013G\354k+\366"
 310      83843756 
 310      DE0947EC 
 310      0B47EC6B 
 310      2BF6
 311 071f B9732CD5 		.ascii	"\271s,\325\260K\232\252\313\214\034\272\017\365\017"
 311      B04B9AAA 
 311      CB8C1CBA 
 311      0FF50F
 312 072e 681541C3 		.ascii	"h\025A\303\302\202\012y\177\224\303\317C\007\300r\301"
ARM GAS  /tmp/ccbpqtXJ.s 			page 24


 312      C2820A79 
 312      7F94C3CF 
 312      4307C072 
 312      C1
 313 073f 0E82ED03 		.ascii	"\016\202\355\003\313\003\333\017\226\005\266\027\314"
 313      CB03DB0F 
 313      9605B617 
 313      CC
 314 074c 04560096 		.ascii	"\004V\000\226\011v\030\354\010X>\330!\260=`\031`G\301"
 314      097618EC 
 314      08583ED8 
 314      21B03D60 
 314      196047C1 
 315 0760 7EE2E7D1 		.ascii	"~\342\347\321\375\205\012|b\025\370\330Q\340|\207\\"
 315      FD850A7C 
 315      6215F8D8 
 315      51E07C87 
 315      5C
 316 0771 1E5BA18F 		.ascii	"\036[\241\217\234Bm\3359eE\2169\"\315\216=\224j\353"
 316      9C426DDD 
 316      3965458E 
 316      3922CD8E 
 316      3D946AEB 
 317 0785 FA44E7A3 		.ascii	"\372D\347\243o\343\265Xy_:\037|\005o\262\215w\332\021"
 317      6FE3B558 
 317      795F3A1F 
 317      7C056FB2 
 317      8D77DA11 
 318 0799 6CB11BFE 		.ascii	"l\261\033\376\030SV\205@\260\273x\037\224.i\220_\015"
 318      18535685 
 318      40B0BB78 
 318      1F942E69 
 318      905F0D
 319 07ac B4DB41C3 		.ascii	"\264\333A\303\244U\303\023\347\271\331\240\257\254\320"
 319      A455C313 
 319      E7B9D9A0 
 319      AFACD0
 320 07bb 67CE27A0 		.ascii	"g\316'\240Un\214)\205I\210\007\011\011\222\004y\305"
 320      556E8C29 
 320      85498807 
 320      09099204 
 320      79C5
 321 07cd 92E42A   		.ascii	"\222\344*"
 322 07d0 72DB6ECB 		.ascii	"r\333n\313m\253c\237ms|c\022m\340W\316\3476UL\216\311"
 322      6DAB639F 
 322      6D737C63 
 322      126DE057 
 322      CEE73655 
 323 07e7 038FCA5C 		.ascii	"\003\217\312\\ED \234|\032\341\254Se \263b\030\301\361"
 323      4544209C 
 323      7C1AE1AC 
 323      536520B3 
 323      6218C1F1 
 324 07fb F42CA25C 		.ascii	"\364,\242\\\251\316_k\026\030\216\337\315\346\232i\214"
 324      A9CE5F6B 
 324      16188EDF 
 324      CDE69A69 
ARM GAS  /tmp/ccbpqtXJ.s 			page 25


 324      8C
 325 080c 66FA3B9B 		.ascii	"f\372;\233\333\250\030\246\364\377{z\323\204\366Wh "
 325      DBA818A6 
 325      F4FF7B7A 
 325      D384F657 
 325      6820
 326 081e A12208F5 		.ascii	"\241\"\010\365\320v\352'\371\311_U\247\0165\215\251"
 326      D076EA27 
 326      F9C95F55 
 326      A70E358D 
 326      A9
 327 082f EC4E0D45 		.ascii	"\354N\015E\212\2448t\214g\247\006\270\223O\300\201\212"
 327      8AA43874 
 327      8C67A706 
 327      B8934FC0 
 327      818A
 328 0841 73BC1DBA 		.ascii	"s\274\035\272\317\356\214Q\"\241K(z\337\336\326\003"
 328      CFEE8C51 
 328      22A14B28 
 328      7ADFDED6 
 328      03
 329 0852 2ADC4557 		.ascii	"*\334EWQax\352\326\204\012\371\272\373\373\222\177\030"
 329      516178EA 
 329      D6840AF9 
 329      BAFBFB92 
 329      7F18
 330 0864 CA79776E 		.ascii	"\312ywn\033\375\317 6m\306\337\255\377\031T@_\220*\350"
 330      1BFDCF20 
 330      366DC6DF 
 330      ADFF1954 
 330      405F902A 
 331 0879 4718FCE3 		.ascii	"G\030\374\343<\373\332!\377Y@)*\345\035\377\263`D\344"
 331      3CFBDA21 
 331      FF594029 
 331      2AE51DFF 
 331      B36044E4 
 332 088d 68DCB8C3 		.ascii	"h\334\270\303\342\242<\226\022\274M\327\317\274\362"
 332      E2A23C96 
 332      12BC4DD7 
 332      CFBCF2
 333 089c 287E58BC 		.ascii	"(~X\274\220\343\216\373\330\352^x\242\347\256'\034K"
 333      90E38EFB 
 333      D8EA5E78 
 333      A2E7AE27 
 333      1C4B
 334 08ae 1BCBE11C 		.ascii	"\033\313\341\034=\022\222\036'\262s\264\311\215\264"
 334      3D12921E 
 334      27B273B4 
 334      C98DB4
 335 08bd 4295BCED 		.ascii	"B\225\274\355`Z)\305GU<9\230\356\255\272\033\214\237"
 335      605A29C5 
 335      47553C39 
 335      98EEADBA 
 335      1B8C9F
 336 08d0 329627B1 		.ascii	"2\226'\261\227\343\030\213\251\346\010\373|8-\316\245"
 336      97E3188B 
 336      A9E608FB 
ARM GAS  /tmp/ccbpqtXJ.s 			page 26


 336      7C382DCE 
 336      A5
 337 08e1 1F102714 		.ascii	"\037\020'\024\014'd\206\223\224!\367\371\311\223.8\301"
 337      0C276486 
 337      939421F7 
 337      F9C9932E 
 337      38C1
 338 08f3 85EDA8FB 		.ascii	"\205\355\250\373\017m\363f\024m\012\012r\210\253VPT"
 338      0F6DF366 
 338      146D0A0A 
 338      7288AB56 
 338      5054
 339 0905 CB143594 		.ascii	"\313\0245\224\342\346\225\242\"/\274\217Q4=n\277\250"
 339      E2E695A2 
 339      222FBC8F 
 339      51343D6E 
 339      BFA8
 340 0917 6614F71D 		.ascii	"f\024\367\035T\324*(je\212:J\321b\232\270\351\215\013"
 340      54D42A28 
 340      6A658A3A 
 340      4AD1629A 
 340      B8E98D0B 
 341 092b 19456C6D 		.ascii	"\031ElmL\276\013\245\030xs\244]\3724\001\022\366qR\257"
 341      4CBE0BA5 
 341      187873A4 
 341      5DFA3401 
 341      12F67152 
 342 0940 60A99759 		.ascii	"`\251\227YN\361~\234\020\032\036\022\355j0~\021\025"
 342      4EF17E9C 
 342      101A1E12 
 342      ED6A307E 
 342      1115
 343 0952 61745DF5 		.ascii	"at]\365\325_\375\202\2709\001\001\332\240\360\210\357"
 343      D55FFD82 
 343      B8390101 
 343      DAA0F088 
 343      EF
 344 0963 23BE0ED6 		.ascii	"#\276\016\326n4h\303C\"\265\206\350Pr\327\033\214\001"
 344      6E3468C3 
 344      4322B586 
 344      E85072D7 
 344      1B8C01
 345 0976 A19CBB61 		.ascii	"\241\234\273a\213\301\030\261!Lot\333\034\021e\\\024"
 345      8BC118B1 
 345      214C6F74 
 345      DB1C1165 
 345      5C14
 346 0988 A837AAF5 		.ascii	"\2507\252\365z\371\361S\355fC\2646\"*4r\363\3720mT\330"
 346      7AF9F153 
 346      ED6643B4 
 346      36222A34 
 346      72F3FA30 
 347 099f 3F2223BE 		.ascii	"?\"#\276\327n\010\011\015\217\210\012\323\352\327\207"
 347      D76E0809 
 347      0D8F880A 
 347      D3EAD787 
 348 09af FD10B239 		.ascii	"\375\020\2629\322\2507n\331\024f\010\010\347\3469C\003"
ARM GAS  /tmp/ccbpqtXJ.s 			page 27


 348      D2A8376E 
 348      D9146608 
 348      08E7E639 
 348      4303
 349 09c1 BF1642AD 		.ascii	"\277\026B\255\007F\002\261\227\023m\264\302C\303\211"
 349      074602B1 
 349      97136DB4 
 349      C243C389 
 350 09d1 0C80680C 		.ascii	"\014\200h\014\306`cH\264qydH\364\006\017\342l\334D\237"
 350      C6606348 
 350      B4717964 
 350      48F4060F 
 350      E26CDC44 
 351 09e6 D5F01C66 		.ascii	"\325\360\034f\224\037W\205Y\021\372\310\310\365\372"
 351      941F5785 
 351      5911FAC8 
 351      C8F5FA
 352 09f5 08C879F1 		.ascii	"\010\310y\361\333\311n\332\030m4h\203\327\255Y\024\250"
 352      DBC96EDA 
 352      186D3468 
 352      83D7AD59 
 352      14A8
 353 0a07 FDF2CB15 		.ascii	"\375\362\313\025\332u_\254\371q\241\224>i\007\001\335"
 353      DA755FAC 
 353      F971A194 
 353      3E690701 
 353      DD
 354 0a18 43C383B7 		.ascii	"C\303\203\267\030V\207D\032?|\217:\000\272\351\365?"
 354      18568744 
 354      1A3F7C8F 
 354      3A00BAE9 
 354      F53F
 355 0a2a 6C8E0AD5 		.ascii	"l\216\012\325\353=\345\207\200%K\002\027z*\005svu\177"
 355      EB3DE587 
 355      80254B02 
 355      177A2A05 
 355      7376757F 
 356 0a3e F0B069B6 		.ascii	"\360\260i\266\253Y\024\350aK\201\203\347\015\244\273"
 356      AB5914E8 
 356      614B8183 
 356      E70DA4BB 
 357 0a4e 2336E88D 		.ascii	"#6\350\2158H\267\020,P\010^\023\244\023V|\261R\307\007"
 357      3848B710 
 357      2C50085E 
 357      13A41356 
 357      7CB152C7 
 358 0a63 EBF0CA55 		.ascii	"\353\360\312U:\227\240\2405\272\205\3647P\010\012Z\251"
 358      3A97A0A0 
 358      35BA85F4 
 358      3750080A 
 358      5AA9
 359 0a75 C3415FAD 		.ascii	"\303A_\255\303k\203\203\360r\235\016\353\202\300\207"
 359      C36B8383 
 359      F0729D0E 
 359      EB82C087 
 360 0a85 069FAF58 		.ascii	"\006\237\257X\247\303+H\3135\313u\374\327\254\325\""
 360      A7C32B48 
ARM GAS  /tmp/ccbpqtXJ.s 			page 28


 360      CB35CB75 
 360      FCD7ACD5 
 360      22
 361 0a96 C07FA3FB 		.ascii	"\300\177\243\373\375\257\355\035\253\032\310\331E\377"
 361      FDAFED1D 
 361      AB1AC8D9 
 361      45FF
 362 0aa4 F9C68D91 		.ascii	"\371\306\215\221\263\344N6\350C\210b}H\2501\342\307"
 362      B3E44E36 
 362      E8438862 
 362      7D48A831 
 362      E2C7
 363 0ab6 301FA9D8 		.ascii	"0\037\251\330@\322g5\277\261\026m\334\304Jf\310%aF\373"
 363      40D26735 
 363      BFB1166D 
 363      DCC44A66 
 363      C8256146 
 364 0acb 82BFC905 		.ascii	"\202\277\311\005\377\006j\311\205\215"
 364      FF066AC9 
 364      858D
 365              		.text
 366              		.section	.gnu.lto_.symtab.f1f3be1d5746caf3,"",%progbits
 367 0000 7374496E 		.ascii	"stInit\000\000\000\000\000\000\000\000\000\000\000\000"
 367      69740000 
 367      00000000 
 367      00000000 
 367      0000
 368 0012 C0000000 		.ascii	"\300\000\000\000stStartAlarm\000\000\000\000\000\000"
 368      73745374 
 368      61727441 
 368      6C61726D 
 368      00000000 
 369 0028 00000000 		.ascii	"\000\000\000\000\000\000\317\000\000\000stStopAlarm"
 369      0000CF00 
 369      00007374 
 369      53746F70 
 369      416C6172 
 370 003d 00000000 		.ascii	"\000\000\000\000\000\000\000\000\000\000\000\000\321"
 370      00000000 
 370      00000000 
 370      D1
 371 004a 00000073 		.ascii	"\000\000\000stSetAlarm\000\000\000\000\000\000\000\000"
 371      74536574 
 371      416C6172 
 371      6D000000 
 371      00000000 
 372 005f 00000000 		.ascii	"\000\000\000\000\323\000\000\000stGetAlarm\000\000\000"
 372      D3000000 
 372      73744765 
 372      74416C61 
 372      726D0000 
 373 0074 00000000 		.ascii	"\000\000\000\000\000\000\000\000\000\326\000\000\000"
 373      00000000 
 373      00D60000 
 373      00
 374 0081 73745F6C 		.ascii	"st_lld_init\000\000\002\000\000\000\000\000\000\000"
 374      6C645F69 
ARM GAS  /tmp/ccbpqtXJ.s 			page 29


 374      6E697400 
 374      00020000 
 374      00000000 
 375 0096 0000D800 		.ascii	"\000\000\330\000\000\000chSysHalt\000\000\002\000\000"
 375      00006368 
 375      53797348 
 375      616C7400 
 375      00020000 
 376 00aa 00000000 		.ascii	"\000\000\000\000\000\000\000\335\000\000\000"
 376      000000DD 
 376      000000
 377              		.text
 378              		.section	.gnu.lto_.opts,"",%progbits
 379 0000 272D666E 		.ascii	"'-fno-trapv' '-mcpu=cortex-m4' '-mfloat-abi=hard' '"
 379      6F2D7472 
 379      61707627 
 379      20272D6D 
 379      6370753D 
 380 0033 2D6D6670 		.ascii	"-mfpu=fpv4-sp-d16' '-mno-thumb-interwork' '-mthumb'"
 380      753D6670 
 380      76342D73 
 380      702D6431 
 380      36272027 
 381 0066 20272D67 		.ascii	" '-ggdb' '-O2' '-fomit-frame-pointer' '-falign-func"
 381      67646227 
 381      20272D4F 
 381      32272027 
 381      2D666F6D 
 382 0099 74696F6E 		.ascii	"tions=16' '-ffunction-sections' '-fdata-sections' '"
 382      733D3136 
 382      2720272D 
 382      6666756E 
 382      6374696F 
 383 00cc 2D666E6F 		.ascii	"-fno-common' '-flto'\000"
 383      2D636F6D 
 383      6D6F6E27 
 383      20272D66 
 383      6C746F27 
 384              		.text
 385              		.comm	__gnu_lto_v1,1,1
 386              		.comm	__gnu_lto_slim,1,1
 387              		.ident	"GCC: (15:4.9.3+svn231177-1) 4.9.3 20150529 (prerelease)"
ARM GAS  /tmp/ccbpqtXJ.s 			page 30


DEFINED SYMBOLS
                            *ABS*:0000000000000000 hal_st.c
                            *COM*:0000000000000001 __gnu_lto_v1
                            *COM*:0000000000000001 __gnu_lto_slim

NO UNDEFINED SYMBOLS
