ARM GAS  /tmp/ccQgTeAX.s 			page 1


   1              		.syntax unified
   2              		.cpu cortex-m4
   3              		.eabi_attribute 27, 1
   4              		.eabi_attribute 28, 1
   5              		.fpu fpv4-sp-d16
   6              		.eabi_attribute 20, 1
   7              		.eabi_attribute 21, 1
   8              		.eabi_attribute 23, 3
   9              		.eabi_attribute 24, 1
  10              		.eabi_attribute 25, 1
  11              		.eabi_attribute 26, 1
  12              		.eabi_attribute 30, 2
  13              		.eabi_attribute 34, 1
  14              		.eabi_attribute 18, 4
  15              		.thumb
  16              		.file	"hal_wdg_lld.c"
  17              		.text
  18              	.Ltext0:
  19              		.section	.gnu.lto_.profile.4b3ae5c974931822,"",%progbits
  20 0000 789C6366 		.ascii	"x\234cf```a\200\000F\006u)\000\000\334\000J"
  20      60606061 
  20      80004606 
  20      75290000 
  20      DC004A
  21              		.text
  22              		.section	.gnu.lto_.jmpfuncs.4b3ae5c974931822,"",%progbits
  23 0000 789C6366 		.ascii	"x\234cf\300\016\014\2414\013\0203122\3263\203\010F\246"
  23      C00E0CA1 
  23      340B1033 
  23      313232D6 
  23      33830846 
  24 0015 8F4C8CD3 		.ascii	"\217L\214\323\372\257\354`\256\375\3350\243\201\343"
  24      FAAFEC60 
  24      AEFDDD30 
  24      A381E3
  25 0024 2713C35F 		.ascii	"'\023\303_&\240\012\306\345\214\265\014\254 \025\014"
  25      26A00AC6 
  25      E58CB50C 
  25      AC20150C 
  26 0034 0017200B 		.ascii	"\000\027 \013\254"
  26      AC
  27              		.text
  28              		.section	.gnu.lto_.inline.4b3ae5c974931822,"",%progbits
  29 0000 789C6366 		.ascii	"x\234cf\300\016\266@i\026\006\006V\026F\006&\226\005"
  29      C00EB640 
  29      69160606 
  29      56164606 
  29      269605
  30 0013 F20C6C0B 		.ascii	"\362\014l\013\344\231@bL\014\002\272\214L\014\214\014"
  30      E4994062 
  30      4C0C02BA 
  30      8C4C0C8C 
  30      0C
  31 0024 CC0E2042 		.ascii	"\314\016 B\201M\354U++D\226\361\005;\013\204\004\021"
  31      814DEC55 
  31      2B2B4496 
  31      F1053B0B 
ARM GAS  /tmp/ccQgTeAX.s 			page 2


  31      840411
  32 0037 1C602607 		.ascii	"\034`&\007H\0173\003\007\017#3C\346G&\306\213\263\226"
  32      480F3303 
  32      070F2333 
  32      43E64726 
  32      C68BB396 
  33 004b 35F3BF60 		.ascii	"5\363\277`\372\311\304\310\310\300\270\234Q\212\231"
  33      FAC9C4C8 
  33      C8C0B89C 
  33      518A99
  34 005a 8121034A 		.ascii	"\201!\003J\003M\003\331\0107K\200\211\201\265C]\000"
  34      034D03D9 
  34      08374B80 
  34      8981B543 
  34      5D00
  35 006c 6C293750 		.ascii	"l)7P\206\221\201\025\344\034F\260\335,L\027\3701l\005"
  35      86918115 
  35      E41C46B0 
  35      DD2C4C17 
  35      F8316C05 
  36 0080 0100CB6E 		.ascii	"\001\000\313n\027\266"
  36      17B6
  37              		.text
  38              		.section	.gnu.lto_.pureconst.4b3ae5c974931822,"",%progbits
  39 0000 789C6366 		.ascii	"x\234cf``\340d\200\000\026\006\011&)fIV)\000\002\302"
  39      6060E064 
  39      80001606 
  39      09262966 
  39      49562900 
  40 0016 0080     		.ascii	"\000\200"
  41              		.text
  42              		.section	.gnu.lto_wdg_lld_init.4b3ae5c974931822,"",%progbits
  43 0000 789C6366 		.ascii	"x\234cf\300\004R@\\\300\310\300`\011\244\031\231\031"
  43      C0045240 
  43      5CC0C8C0 
  43      6009A419 
  43      9919
  44 0012 1899269C 		.ascii	"\030\231&\234c`h\344`bd\0041\030\030\031\352\231\030"
  44      636068E4 
  44      60626404 
  44      31181819 
  44      EA9918
  45 0025 EB195F32 		.ascii	"\353\031_2}db\234p`\365\014n\365\245\015\015\015\037"
  45      7D64629C 
  45      7060F50C 
  45      6EF5A50D 
  45      0D0D1F
  46 0038 3E6D9468 		.ascii	">m\224h\225\370\311\304\300\360\231\011b\014\343rFu"
  46      95F8C9C4 
  46      C0F09909 
  46      620CE372 
  46      4675
  47 004a 06A09A8F 		.ascii	"\006\240\232\217-\177\257s\263\265\000\325\010@\344"
  47      2D7FAF73 
  47      B3B500D5 
  47      0840E4
  48 0059 185730B2 		.ascii	"\030W0\262\001\215gX/t\240\341\377\377\307s\356lfaa"
ARM GAS  /tmp/ccQgTeAX.s 			page 3


  48      018D6758 
  48      2F74A0E1 
  48      FFFFC773 
  48      EE6C6661 
  49 006e 60780294 		.ascii	"`x\002\224\002\231\377\224\211\011D3\337bl\372\260\341"
  49      0299FF94 
  49      89094433 
  49      DF626CFA 
  49      B0E1
  50 0080 EC476690 		.ascii	"\354Gf\220j\240)\363.\367\255c\252\375\335\320\321\300"
  50      6AA029F3 
  50      2EF7AD63 
  50      AAFDDDD0 
  50      D1C0
  51 0092 F19389F1 		.ascii	"\361\223\211\361/\310\034\240\350\375'\347/r\274`\002"
  51      2FC81CA0 
  51      E8FD27E7 
  51      2F72BC60 
  51      02
  52 00a3 8A80B92B 		.ascii	"\212\200\271+\032[\3460\316e\234\335\330\000R\305\304"
  52      1A5BE630 
  52      CE659CDD 
  52      D80052C5 
  52      C4
  53 00b4 B892B196 		.ascii	"\270\222\261\226q\025\243\024X\356\337\232\376Ml\272"
  53      7115A314 
  53      58EEDF9A 
  53      FE4D6CBA 
  54 00c4 AB81CE38 		.ascii	"\253\201\3168\000t&3\343j\240\302O`\2472\256a\324\005"
  54      00742633 
  54      E36AA0C2 
  54      4F60A732 
  54      AE61D405 
  55 00d8 2AB8386B 		.ascii	"*\2708kY3?\310,fF\006\306\265@] \027| \344\002t+\327"
  55      59333FC8 
  55      2C664606 
  55      C6B5405D 
  55      20177C20 
  56 00f1 E1B49285 		.ascii	"\341\264\222\205q=\330J\220\327\0317\200\255\334\266"
  56      713DD84A 
  56      90D71937 
  56      80ADDCB6 
  57 0101 68DA0D76 		.ascii	"h\332\015v\220\225,\015\017\032\032X\030\0307\002u\336"
  57      90952C0D 
  57      0F1A1A58 
  57      18183702 
  57      75DE
  58 0113 636C3CB0 		.ascii	"cl<\260\333\015d)\310qO\200\352\201\301\001\264\315"
  58      DB0D6429 
  58      C8714F80 
  58      EA81C101 
  58      B4CD
  59 0125 5C4F4FDF 		.ascii	"\\OO\3379#3)\323?X?\277X?#1G\277 \277\250\244X?8\304"
  59      39233329 
  59      D33F583F 
  59      BF583F23 
  59      3147BF20 
ARM GAS  /tmp/ccQgTeAX.s 			page 4


  60 0140 D7D848DF 		.ascii	"\327\330H\337\307\307E\277\"\334\305\275\314\020$\025"
  60      C7C745BF 
  60      22DCC5BD 
  60      CC102415 
  61 0150 5F9E921E 		.ascii	"_\236\222\036\237\223\223\242\227\314\000\000\306\356"
  61      9F9393A2 
  61      97CC0000 
  61      C6EE
  62 015e 97D2     		.ascii	"\227\322"
  63              		.text
  64              		.section	.gnu.lto_wdg_lld_start.4b3ae5c974931822,"",%progbits
  65 0000 789C9D94 		.ascii	"x\234\235\224]H\223Q\030\307\317s\336\257\275\333J\011"
  65      5D489351 
  65      18C7CF73 
  65      DEAFBDDB 
  65      4A09
  66 0012 04912EBA 		.ascii	"\004\221.\272H\274\210\371R]\004]D\321\300\033\243\013"
  66      48BC88F9 
  66      525D045D 
  66      44D1C01B 
  66      A30B
  67 0024 832EA592 		.ascii	"\203.\245\222R\030h\031\325]\357\326\272R\362\243\033"
  67      52186819 
  67      D55DEFD6 
  67      BA52F2A3 
  67      1B
  68 0035 23A58BC8 		.ascii	"#\245\213\310\312\2316\313\225_m\255L/,\351BD\301\246"
  68      CA9936CB 
  68      955F6DAD 
  68      4C2F2CE9 
  68      4244C1A6 
  69 0049 35A32065 		.ascii	"5\243 e3i-\020{\236\363N\324\202X\016v\276v\316\357"
  69      33692D10 
  69      7B9EF34E 
  69      D482580E 
  69      76BE76CE 
  70 005e FF3FFF73 		.ascii	"\377?\377s\316$\366\367\307\215\337z\231\261CX\203\312"
  70      CE24F6F7 
  70      C78DDF7A 
  70      99B14358 
  70      83CA
  71 0070 8037BE63 		.ascii	"\2007\276c\314k\343 Y\015\211+\365#\214\231v\331\257"
  71      CC6BE320 
  71      590D892B 
  71      F5238C99 
  71      76D9AF
  72 0083 31D3A958 		.ascii	"1\323\251X\343Gd\000\252\031\260\253\\Rd\300\322\342"
  72      E3476400 
  72      AA19B0AB 
  72      5C5264C0 
  72      D2E2
  73 0095 7DE5490E 		.ascii	"}\345I\016\215\221@\213\243\350\236i\232\211\217\275"
  73      8D91408B 
  73      A3E89E69 
  73      9A898FBD 
  74 00a5 F9D7F3D3 		.ascii	"\371\327\363\323\234\261\357\334\232\000\367\241\010"
  74      9CB1EFDC 
ARM GAS  /tmp/ccQgTeAX.s 			page 5


  74      9A00F7A1 
  74      08
  75 00b2 A72CB6FE 		.ascii	"\247,\266\376\230\325\244\203\300\260\335\327\265\374"
  75      98D5A483 
  75      C0B0DDD7 
  75      B5FC
  76 00c0 D6F185A7 		.ascii	"\326\361\205\2479\354\242n\177\363h\213J].Swe\370\333"
  76      39ECA26E 
  76      7FF3688B 
  76      4A5D2E53 
  76      7765F8DB 
  77 00d4 82BDF0AE 		.ascii	"\202\275\360\256i\372\"\341\036\363\260\234\346\022"
  77      69FA22E1 
  77      1EF3B09C 
  77      E612
  78 00e2 3C000979 		.ascii	"<\000\011y\360\020\012\240\003\012\030\0161\010@!MO"
  78      F0100AA0 
  78      030A180E 
  78      31084021 
  78      4D4F
  79 00f4 FA57261D 		.ascii	"\372W&\035\252\037\265s-M\350\004\025\260\356\336\021"
  79      AA1FB573 
  79      2D4DE804 
  79      15B0EEDE 
  79      11
  80 0105 3157573F 		.ascii	"1WW?\265\017\016\311\3339\320t\011\027\312*\026\212"
  80      B50F0EC9 
  80      DB39D074 
  80      0917CA2A 
  80      168A
  81 0117 8685AA53 		.ascii	"\206\205\252S\341\240\302I\005cq\\\216\273\236\347\034"
  81      E1A0C249 
  81      0563715C 
  81      8EBB9EE7 
  81      1C
  82 0128 2B691A7C 		.ascii	"+i\032|\241\340\314y\302\245\270\204J\261\370\370{\033"
  82      A1E0CC79 
  82      C2A5B884 
  82      4AB1F8F8 
  82      7B1B
  83 013a F9C4AD63 		.ascii	"\371\304\255c\267\367\347\235\205mmp\033\322\\Kq\016"
  83      B7F7E79D 
  83      856D6D70 
  83      1BD25C4B 
  83      710E
  84 014c 8FD0188D 		.ascii	"\217\320\030\215\267.\337\234\312q\355A)\350\2026X\022"
  84      B72EDF9C 
  84      CA71ED41 
  84      29E88236 
  84      5812
  85 015e 394037B8 		.ascii	"9@7\270\3304D\023\263y\004\334H\2237\321\274\246\031"
  85      D8344413 
  85      B37904DC 
  85      489337D1 
  85      BCA619
  86 0171 D999E636 		.ascii	"\331\231\3466\224\204\307\031b|\254.ds\005L?J\351\020"
  86      9484C719 
ARM GAS  /tmp/ccQgTeAX.s 			page 6


  86      627CAC2E 
  86      6473054C 
  86      3F4AE910 
  87 0185 1450DA21 		.ascii	"\024P\332!\364\200\213\004\227\352:\355D\322\307na."
  87      F4808B04 
  87      97EA3AED 
  87      44D2C76E 
  87      612E
  88 0197 4F701529 		.ascii	"Op\025)%f\202JF+{\370\323ux\257\2007\204\033F\304Y\351"
  88      2566824A 
  88      462B7BF8 
  88      D37578AF 
  88      8037841B 
  89 01af 131DC020 		.ascii	"\023\035\300 $\340\030L\254I\263\222Q\263\211B\201g"
  89      24E0184C 
  89      AC49B392 
  89      51B38942 
  89      8167
  90 01c1 022CCEE7 		.ascii	"\002,\316\347\271\210\302\027\232\333m\021\264\215i"
  90      B988C217 
  90      9ADB6D11 
  90      B48D69
  91 01d0 287F666B 		.ascii	"(\177fkG\011\350\313\000\027\2437~\345\240\331\3344"
  91      4709E8CB 
  91      0017A337 
  91      7EE5A0D9 
  91      DC34
  92 01e2 7740BF40 		.ascii	"w@\277@\322=\204\001+\335\346\271\274\377\336\361\240"
  92      D23D8401 
  92      2BDDE6B9 
  92      BCFFDEF1 
  92      A0
  93 01f3 A0C84419 		.ascii	"\240\310D\031\002\027\272\021\336\222\261&\335r\247"
  93      0217BA11 
  93      DE92B126 
  93      DD72A7
  94 0202 676BE785 		.ascii	"gk\347\205\000)\004\012o\335NDPT\242\274$;:\266\346"
  94      0029040A 
  94      6FDD4E44 
  94      5054A2BC 
  94      243B3AB6 
  95 0217 7193F8FA 		.ascii	"q\223\370\372\360FFC\301\270u\252)\356\330l\354\037"
  95      F0464643 
  95      C1B875AA 
  95      29EED86C 
  95      EC1F
  96 0229 CCA8606A 		.ascii	"\314\250`j\304|\205\316&\300?u\355\354:\304\333>P\257"
  96      C47C85CE 
  96      26C03F75 
  96      EDEC3AC4 
  96      DB3E50AF 
  97 023d 51F6A80A 		.ascii	"Q\366\250\012\257\211\300\350-(\014\377\010`\036\243"
  97      AF89C0E8 
  97      2D280CFF 
  97      08601EA3 
  98 024d 597B0C9F 		.ascii	"Y{\014\237\3272qf\233\311\260P\266\221\362\233\255g"
  98      D7327166 
ARM GAS  /tmp/ccQgTeAX.s 			page 7


  98      9BC9B050 
  98      B691F29B 
  98      AD67
  99 025f 32222894 		.ascii	"2\"(\224\004\214R&N\366\001\274\221\311\022\002Y^\001"
  99      048C5226 
  99      4EF601BC 
  99      91C91202 
  99      595E01
 100 0272 3DE2DD3A 		.ascii	"=\342\335:P\\l\034\255\254:]u\274\314\250\2565*Oy\214"
 100      505C6C1C 
 100      ADAC3A5D 
 100      75BCCCA8 
 100      AE352A4F 
 101 0288 9AEA0B17 		.ascii	"\232\352\013\027k\215\262\023\307\366\3573JK\335\306"
 101      6B8DB213 
 101      C7F6EF33 
 101      4A4BDDC6 
 102 0298 9593EE92 		.ascii	"\225\223\356\222K{\351\247\362\313\025\347\312=\236"
 102      4B7BE9A7 
 102      F2CB15E7 
 102      CA3D9E
 103 02a7 8AE2334C 		.ascii	"\212\3423L\306f\315o2\336\254\\"
 103      C666CD6F 
 103      32DEAC5C 
 104              		.text
 105              		.section	.gnu.lto_wdg_lld_stop.4b3ae5c974931822,"",%progbits
 106 0000 789C6551 		.ascii	"x\234eQMHTQ\024>\337\271\327\347k\2460Z\211\020\264"
 106      4D485451 
 106      143EDFB9 
 106      D7E76BA6 
 106      305A8910 
 107 0015 1117E13C 		.ascii	"\021\027\341<\315E\320\"\202\204 \214\026\006-\245\022"
 107      CD45D022 
 107      8284208C 
 107      16062DA5 
 107      12
 108 0026 52185032 		.ascii	"R\030P2\252\315\340\033\233\240E\344\364C\014\251\271"
 108      AACDE01B 
 108      9BA045E4 
 108      F4430CA9 
 108      B9
 109 0037 904CB3C6 		.ascii	"\220L\263\306\264\014kQC\020\314\246b\250\010#\312\305"
 109      B40C6B51 
 109      4310CCA6 
 109      62A80823 
 109      CAC5
 110 0049 04051A99 		.ascii	"\004\005\032\231\222=b\230\316y\026\005=\270\334\363"
 110      923D6298 
 110      CE791605 
 110      3DB8DCF3 
 111 0059 F39DEFFB 		.ascii	"\363\235\357\373\316}\206\376\377\232\344,\200h\247"
 111      CE7D86FE 
 111      FF9AE42C 
 111      8068A7
 112 0068 DCA82070 		.ascii	"\334\250 p\3729Q\322e6\371\006\362#6\277\231\374\365"
 112      FA3951D2 
 112      6536F906 
ARM GAS  /tmp/ccQgTeAX.s 			page 8


 112      F22336BF 
 112      99FCF5
 113 007b 0676AD6C 		.ascii	"\006v\255l\001\015\010\324\313\306\242\027\237y\211"
 113      010D08D4 
 113      CBC6A217 
 113      9F7989
 114 008a 91CE4D64 		.ascii	"\221\316Md\242u\327}\337\377\372\344q\365\231\352\200"
 114      A275D77D 
 114      DFFFFAE4 
 114      71F599EA 
 114      80
 115 009b 8996798D 		.ascii	"\211\226y\215\0377P'\220/\203\337\347+\315\016\220\304"
 115      1F375027 
 115      902F83DF 
 115      E72BCD0E 
 115      90C4
 116 00ad 0FB22BCF 		.ascii	"\017\262+\317\242\2378`l\321\364\341\305|\306\321\224"
 116      A29F3860 
 116      6CD1F4E1 
 116      C57CC6D1 
 116      94
 117 00be ADA6A5A7 		.ascii	"\255\246\245\247\013\213\221\332\021\337\357\313=\232"
 117      0B8B91DA 
 117      11DFEFCB 
 117      3D9A
 118 00cc F677D980 		.ascii	"\366w\331\200\015\306`\204\017\343\250\301M\324\220"
 118      0DC66084 
 118      0FE3A8C1 
 118      4DD490
 119 00db 940813A8 		.ascii	"\224\010\023\250U\370R\252\364&\352\244D{c\351\217,"
 119      55F852AA 
 119      F426EAA4 
 119      447B63E9 
 119      8F2C
 120 00ed 6EC19195 		.ascii	"n\301\221\225 \205\311M9\277\\\036\031=W\260\216\201"
 120      2085C94D 
 120      39BF5C1E 
 120      193D57B0 
 120      8E81
 121 00ff 0E5919B7 		.ascii	"\016Y\031\267DE\001\352*\037\231\3656o\321w\177\252"
 121      444501EA 
 121      2A1F99F5 
 121      366FD177 
 121      7FAA
 122 0111 DCA8A3AB 		.ascii	"\334\250\243\253l\205\370C\361E\301U[\206Tg\346\307"
 122      6C85F843 
 122      F145C155 
 122      5B865467 
 122      E6C7
 123 0123 F0E28621 		.ascii	"\360\342\206!\014 \340\212U\261t[|h}p\345\322\\U\375"
 123      0C20E08A 
 123      55B1745B 
 123      7C687D70 
 123      E5D25C55 
 124 0138 D6801D64 		.ascii	"\326\200\035d1\204o\341\332\230D=\275Fj\316\374\345"
 124      31846FE1 
 124      DA98443D 
ARM GAS  /tmp/ccQgTeAX.s 			page 9


 124      BD466ACE 
 124      FCE5
 125 014a 2B5C1D3D 		.ascii	"+\\\035=]\245|b\015wt\232T\335P\276\301\274\203U\240"
 125      5DA57C62 
 125      0D77749A 
 125      54DD50BE 
 125      C1BC8355 
 126 015f F25D7B79 		.ascii	"\362]{y>\313\211\237\376Y\337\015\270r\231u\217)$\264"
 126      3ECB899F 
 126      FE59DF0D 
 126      B8729975 
 126      8F2924B4 
 127 0173 75A5FFD5 		.ascii	"u\245\377\325\254\221VF[\256nK\377\372t\303t\274\377"
 127      AC915646 
 127      5BAE6E4B 
 127      FFFA74C3 
 127      74BCFF
 128 0186 F2ACF818 		.ascii	"\362\254\370\030H\246\025\265\016\323H\340\356o\257"
 128      48A615B5 
 128      0ED348E0 
 128      EE6FAF
 129 0195 C3C5B14C 		.ascii	"\303\305\261LT\010\344\007\271\270'\250P\0243H\004\034"
 129      5408E407 
 129      B9B827A8 
 129      50143348 
 129      041C
 130 01a7 09DDD8F0 		.ascii	"\011\335\330\360-\336#\231\273\2607l\222\276\024\264"
 130      2DDE2399 
 130      BBB0376C 
 130      92BE14B4 
 131 01b7 2A72DB63 		.ascii	"*r\333c1owG\347\341\316\375\255^W\217\327q(\356uw\035"
 131      316F7747 
 131      E7E1CEFD 
 131      AD5E578F 
 131      D77128EE 
 132 01ce 3BDEE3B5 		.ascii	";\336\343\265\036\330\327\264\315kii\366N\035l\336s"
 132      1ED8D7B4 
 132      CD6B6969 
 132      F64E1D6C 
 132      DE73
 133 01e0 A2515B6D 		.ascii	"\242Q[m'\333\217\266\305\343\355\261#d%\354\376\005"
 133      27DB8FB6 
 133      C5E3EDB1 
 133      236425EC 
 133      FE05
 134 01f2 A609C244 		.ascii	"\246\011\302D"
 135              		.text
 136              		.section	.gnu.lto_wdg_lld_reset.4b3ae5c974931822,"",%progbits
 137 0000 789C6590 		.ascii	"x\234e\220?H\\A\020\306\347\233}\336\035\036b\010\026"
 137      3F485C41 
 137      10C6E79B 
 137      7DDE1D1E 
 137      620816
 138 0013 72A44823 		.ascii	"r\244H#\026\341\356a,\204\024\"D\020\304\220B\301R\222"
 138      16E1EE61 
 138      2C841422 
 138      4410C490 
ARM GAS  /tmp/ccQgTeAX.s 			page 10


 138      42C15292 
 139 0027 08513850 		.ascii	"\010Q8P4\304t\356\311Y\331\210\202\010*\026G0\361\342"
 139      34C474EE 
 139      C959D988 
 139      82082A16 
 139      4730F1E2 
 140 003b DF10C154 		.ascii	"\337\020\301T\217\020\341\012\377 \"\242\205Z\\@!\006"
 140      8F10E10A 
 140      FF2022A2 
 140      855A5C40 
 140      2106
 141 004d 2F8AFA0A 		.ascii	"/\212\372\01213j\241da\331\231\335o~\337\314\032\372"
 141      31336AA1 
 141      6461D999 
 141      DD6F7EDF 
 141      CC1AFA
 142 0060 7F45640F 		.ascii	"\177Ed\017\201\250RN\030\002\367\257\022%B\014h@\240"
 142      81A8524E 
 142      1802F7AF 
 142      1225420C 
 142      6840A0
 143 0073 6E46370E 		.ascii	"nF7\0169\307\350\367\322\303\341\322\217\326\332\343"
 143      39C7E8F7 
 143      D2C3E1D2 
 143      8FD6DAE3 
 144 0083 818DE2DE 		.ascii	"\201\215\342\336b\237\211N\370\006\203\011\224\212\344"
 144      629F894E 
 144      F8068309 
 144      948AE4
 145 0092 CFE8D97E 		.ascii	"\317\350\331~\320<\003I\2748}\272\022>`\237\361X\323"
 145      D03C0349 
 145      BC387DBA 
 145      123E609F 
 145      F158D3
 146 00a5 EF0399E1 		.ascii	"\357\003\231\341\200\246\354hz\271\364\373(\277$em\217"
 146      80A6EC68 
 146      7AB9F4FB 
 146      28BF2465 
 146      6D8F
 147 00b7 9799B755 		.ascii	"\227\231\267U\216\317\006\237`\204\207\317\210`\022"
 147      8ECF069F 
 147      608487CF 
 147      886012
 148 00c6 11922B42 		.ascii	"\021\222+B\032%*\317%/\267\302\201\244x?\270\361\304"
 148      1A252ACF 
 148      252FB7C2 
 148      81A4783F 
 148      B8F1C4
 149 00d9 1704A46D 		.ascii	"\027\004\244m\232y\350\331\253\253\324\304\362\206\223"
 149      9A79E8D9 
 149      ABABD4C4 
 149      F28693
 150 00e8 274D8BDC 		.ascii	"'M\213\334H\241C\224\025\225\216\360\213YO\263\203\236"
 150      48A14394 
 150      15958EF0 
 150      8B594FB3 
 150      839E
ARM GAS  /tmp/ccQgTeAX.s 			page 11


 151 00fa 85DC4A87 		.ascii	"\205\334J\207\326\235\263\021\344^vm=\244\015\031R\207"
 151      D69DB311 
 151      E45E766D 
 151      3DA40D19 
 151      5287
 152 010c 6F17E347 		.ascii	"o\027\343G\005c\030\201\317y\347\314\230\222\016\364"
 152      05631881 
 152      CF79E7CC 
 152      98920EF4 
 153 011c 7EF47470 		.ascii	"~\364tp\2730\372D\230\230\306\030\376^\017\214\031D"
 153      BB30FA44 
 153      9898C618 
 153      FE5E0F8C 
 153      1944
 154 012e 69073F8E 		.ascii	"i\007?\216\367\213\024x\227\346\334\243%\254\365\036"
 154      F78B1478 
 154      97E6DCA3 
 154      25ACF51E 
 155 013e F9AC9698 		.ascii	"\371\254\226\230\275%f\227\373\026B\321\264M\212U\020"
 155      BD256697 
 155      FB1642D1 
 155      B44D8A55 
 155      10
 156 014f 73D7501D 		.ascii	"s\327P\035\005\363\210\312\363\317\245T\246@I\301\311"
 156      05F388CA 
 156      F3CFA554 
 156      A64049C1 
 156      C9
 157 0160 4DF98DAF 		.ascii	"M\371\215\257R\265\213\204\267X\253Nj\236\025\265L$"
 157      52B58B84 
 157      B758AB4E 
 157      6A9E15B5 
 157      4C24
 158 0172 8D54C462 		.ascii	"\215T\304b\356\363\226\326\327\255/\353\335\266N\267"
 158      EEF396D6 
 158      D7AD2FEB 
 158      DDB64EB7 
 159 0182 E555DC6D 		.ascii	"\345U\334mo\353x\327\351\3267\274(\177\352\326\325U"
 159      6FEB78D7 
 159      E9D637BC 
 159      287FEAD6 
 159      D555
 160 0194 BB1F1AAB 		.ascii	"\273\037\032\253k\336\227\351SSW\363\333\246x\2749\366"
 160      6BDE97E9 
 160      535357F3 
 160      DBA678BC 
 160      39F6
 161 01a6 861C09DB 		.ascii	"\206\034\011\333\377\001\320[\245w"
 161      FF01D05B 
 161      A577
 162              		.text
 163              		.section	.gnu.lto_.symbol_nodes.4b3ae5c974931822,"",%progbits
 164 0000 789C558A 		.ascii	"x\234U\212K\021\2000\024\003\363\362\200\251Z,\244\022"
 164      4B118030 
 164      1403F3F2 
 164      80A95A2C 
 164      A412
ARM GAS  /tmp/ccQgTeAX.s 			page 12


 165 0012 50C01419 		.ascii	"P\300\024\031\374\035T\005\022\020@g\340Pr\330\303n"
 165      FC1D5405 
 165      12104067 
 165      E05072D8 
 165      C36E
 166 0024 1C408F6F 		.ascii	"\034@\217o\\(`\310\200\2041\005\2643m*\216+eu\340F\361"
 166      5C2860C8 
 166      80843105 
 166      B4336D2A 
 166      8E2B6575 
 167 003b F73C8944 		.ascii	"\367<\211D9\367\202:\330A5\257@\214\001\356\035\256"
 167      39F7823A 
 167      D84135AF 
 167      408C01EE 
 167      1DAE
 168 004d 3B1B1EB1 		.ascii	";\033\036\261}\036\243"
 168      7D1EA3
 169              		.text
 170              		.section	.gnu.lto_.refs.4b3ae5c974931822,"",%progbits
 171 0000 789C6366 		.ascii	"x\234cf``\340c\200\000&\006F\020`bdfbaf\000\000\002"
 171      6060E063 
 171      80002606 
 171      46106062 
 171      64666261 
 172 0018 270028   		.ascii	"'\000("
 173              		.text
 174              		.section	.gnu.lto_.decls.4b3ae5c974931822,"",%progbits
 175 0000 789C9D57 		.ascii	"x\234\235W{P\024g\022\237\236\031\326eX 'W\306\343\217"
 175      7B501467 
 175      129F9E19 
 175      D6655820 
 175      2757C6E3 
 176 0015 0BA24579 		.ascii	"\013\242EyW\2065rU\336\177z%w\211\027\317X`*uuW\265"
 176      57863572 
 176      55DE7F7A 
 176      25778917 
 176      CF58602A 
 177 002d 21CB12B6 		.ascii	"!\313\022\266\012\301\333]\"\3747\274\014\340\013\320"
 177      0AC1DB5D 
 177      22FC37BC 
 177      0CE00BD0 
 178 003d F5567C64 		.ascii	"\365V|d\015\304\027DP\301S4\242\242\002!*zr\250(\254"
 178      0DC41744 
 178      50C15334 
 178      A2A20221 
 178      2A7A72A8 
 179 0053 3CD4531E 		.ascii	"<\324S\036\213\242\200 {\375}3\273;K\226\230\272\251"
 179      8BA28020 
 179      7BFD7D33 
 179      BB3B4B96 
 179      98BAA9
 180 0066 6AE6EB6F 		.ascii	"j\346\353o\272\177\335\375\353\236\371\026\216a\230"
 180      BA7FDDFD 
 180      EB9EF916 
 180      8E6198
 181 0075 6A601817 		.ascii	"j`\030\027^\372`\206Y\3062L\000\356\255A\301%S\213r"
 181      5EFA6086 
ARM GAS  /tmp/ccQgTeAX.s 			page 13


 181      59C6324C 
 181      00EEAD41 
 181      C125538B 
 182 008a 89912EB2 		.ascii	"\211\221.\262\337H\366\321\236GQ\241\004\201d\027\212"
 182      DF48F6D1 
 182      9E4751A1 
 182      04816417 
 182      8A
 183 009b F75F00E3 		.ascii	"\367_\000\343s52^\254)\224I\031\353\205\214=\2062\212"
 183      7335325E 
 183      AC299449 
 183      19EB858C 
 183      3D86328A 
 184 00af 02B22DB9 		.ascii	"\002\262-\271O\307 \26142F\010#\255\247d\014\007\312"
 184      4FC720B1 
 184      34324608 
 184      23ADA764 
 184      0C07CA
 185 00c2 3C197704 		.ascii	"<\031w\004\245\017\245\013e6\372\0102\266\023e\034\345"
 185      A50FA50B 
 185      6536FA08 
 185      32B61365 
 185      1CE5
 186 00d4 2E4A3FCA 		.ascii	".J?\312\035\224\001\224A\224v\224a9.;-.\271H\215A~b"
 186      1D940194 
 186      41947694 
 186      61392E3B 
 186      2D2EB948 
 187 00ec 5F50D412 		.ascii	"_P\324\022\006\022G5(\201 a\215\311\365\3612? \363\243"
 187      06124735 
 187      28812061 
 187      8DC9F5F1 
 187      323F20F3 
 188 0101 BC0877EA 		.ascii	"\274\010w\352\031\352R\326\303*\352\000\331o\3725\314"
 188      19EA52D6 
 188      C32AEA00 
 188      D96FFA35 
 188      CC
 189 0112 4253C5DE 		.ascii	"BS\305\336O9\254a\230\345{\366T\237\014\205\250\360"
 189      4F39AC61 
 189      98E57BF6 
 189      549F0C85 
 189      A8F0
 190 0124 70A15C14 		.ascii	"p\241\\\024\305|q9T\200\000\007\201Sx\330p\177l\031"
 190      C57C7139 
 190      54800007 
 190      815378D8 
 190      707F6C19 
 191 0138 79804B35 		.ascii	"y\200K5\275\347\213b\266\350,\021\271\271\014,\012\207"
 191      BDE78B62 
 191      B6E82C11 
 191      B9B90C2C 
 191      0A87
 192 014a DF843370 		.ascii	"\337\2043p\010\242\350#\006\216@8\034\206p\022\251{"
 192      08A2E823 
 192      068E4038 
 192      1C867012 
ARM GAS  /tmp/ccQgTeAX.s 			page 14


 192      A97B
 193 015c FB704180 		.ascii	"\373pA\200 [\347\277\311zw\321\315]\232\307,\204\010"
 193      205BE7BF 
 193      C97A77D1 
 193      CD5D9AC7 
 193      2C8408
 194 016f C944ED3F 		.ascii	"\311D\355?n\277\242FU#\004\023\365\364\321\221\253A"
 194      6EBFA246 
 194      55230413 
 194      F5F4D191 
 194      AB41
 195 0181 F4690451 		.ascii	"\364i\004Q\353J\232l*\372\224'\352h\236\263@\240\252"
 195      EB4A9A6C 
 195      2AFA9427 
 195      EA689EB3 
 195      40A0AA
 196 0194 86AACF2A 		.ascii	"\206\252\317*&x\022X\024\213r\304\300\246\020|\000U"
 196      26781258 
 196      148B72C4 
 196      C0A6107C 
 196      0055
 197 01a6 18AA1A43 		.ascii	"\030\252\032C1p\234\206^\030\016\307\244\310?l\273|"
 197      31709C86 
 197      5E180EC7 
 197      A4C83F6C 
 197      BB7C
 198 01b8 5B33BB88 		.ascii	"[3\273\210\232\213b\004P\026\276E\363\243\324\374\004"
 198      9A8B6204 
 198      5016BE45 
 198      F3A3D4FC 
 198      04
 199 01c9 CC763B11 		.ascii	"\314v;\021\353\212\307\265U\254\322\272\362\247\254"
 199      EB8AC7B5 
 199      55ACD2BA 
 199      F2A7AC
 200 01d8 C71E6E3A 		.ascii	"\307\036n:\300k\012\011\007r*50[\221K-\220v\322;Z\267"
 200      C06B0A09 
 200      07722A35 
 200      305B914B 
 200      2D9076D2 
 201 01ef 89A51B55 		.ascii	"\211\245\033U\334,\322\034(\263=\270%,:B\033s\276\225"
 201      DC2CD21C 
 201      28B33DB8 
 201      252C3A42 
 201      1B73BE95 
 202 0203 F53670F7 		.ascii	"\3656p\367\270\255$\210\373\0255\252\265\266\354\024"
 202      B8AD2488 
 202      FB1535AA 
 202      B5B6EC14 
 203 0213 B805747D 		.ascii	"\270\005t}\321>\374\232\347\336\245\353\322\366\276"
 203      D13EFC9A 
 203      E7DEA5EB 
 203      D2F6BE
 204 0222 110E09F9 		.ascii	"\021\016\011\371\263\300\022\365Z}vI(\3172P\007\034"
 204      B3C012F5 
 204      5A7D7649 
 204      28CF3250 
ARM GAS  /tmp/ccQgTeAX.s 			page 15


 204      071C
 205 0234 9C218189 		.ascii	"\234!\201\211}G{!\335<\215\233\013\302\341,P.\373\317"
 205      7D477B21 
 205      DD3C8D9B 
 205      0BC2E12C 
 205      502EFBCF 
 206 0248 341ED190 		.ascii	"4\036\321\220\355S\270=?\034\276\223\266\263\016\234"
 206      ED53B83D 
 206      3F1CBE93 
 206      B6B30E9C 
 207 0258 D93C0B11 		.ascii	"\331<\013\021\347\010\324ykK\351\005\216\252.\022\220"
 207      E708D479 
 207      6B4BE905 
 207      8EAA2E12 
 207      90
 208 0269 3D7CA869 		.ascii	"=|\250i\220\007u\324F\332\355\354,\316\026\342n7\003"
 208      900775D4 
 208      46DAEDEC 
 208      2CCE16E2 
 208      6E3703
 209 027c 17400DFF 		.ascii	"\027@\015\377\202Ep\021\373~\016x\250\307\362\317c\026"
 209      82457011 
 209      FB7E0E78 
 209      A8C7F2CF 
 209      6316
 210 028e 64EA9C43 		.ascii	"d\352\234C73E\221'6\0141R\316*[Z=~L\005Qjb\350\030P"
 210      37334591 
 210      27360C31 
 210      52CE2A5B 
 210      5A3D7E4C 
 211 02a9 015C42A4 		.ascii	"\001\\B\244\223\230\227dH\235\350\345',4`\264\231\""
 211      93989764 
 211      489DE8E5 
 211      272C3460 
 211      B49922
 212 02bc 1320ACE2 		.ascii	"\023 \254\342\314D\367-\376m\253<(o\361\260f\216\242"
 212      CC44F72D 
 212      FE6DAB3C 
 212      286FF1B0 
 212      668EA2
 213 02cf 3797E16D 		.ascii	"7\227\341m\374\3737^\242\375DVW3\313\375\235\322[~\343"
 213      FCFB375E 
 213      A2FD4456 
 213      5733CBFD 
 213      9DD25B7E 
 214 02e4 CA5068C4 		.ascii	"\312Ph\304>\321^\355\274\323\323\263x\227h\317\026\247"
 214      3ED15EED 
 214      BCD3D3B3 
 214      789768CF 
 214      16A7
 215 02f6 5CC804F1 		.ascii	"\\\310\004\361\201+\236\004\031\262\246\011B#D\240c"
 215      812B9E04 
 215      19B2A609 
 215      422344A0 
 215      63
 216 0307 757D4541 		.ascii	"u}EA \035\343O\011Ns\301\243\311\000n?P\320\334\362"
 216      201DE34F 
ARM GAS  /tmp/ccQgTeAX.s 			page 16


 216      094E73C1 
 216      A3C9006E 
 216      3F50D0DC 
 217 031c 97D8BF0A 		.ascii	"\227\330\277\012I\251?7vE\340\216I\312\346|G\263\300"
 217      49A93F37 
 217      7645E08E 
 217      49CAE67C 
 217      47B3C0
 218 032f D5498ABB 		.ascii	"\325I\212\273\021\363\244Ft\355\036/\017\244*\371.\207"
 218      11F3A446 
 218      74ED1E2F 
 218      0FA42AF9 
 218      2E87
 219 0341 12D69A1E 		.ascii	"\022\326\232\036\212e!\020E_j\347\226\203\335\037\344"
 219      8A652110 
 219      455F6AE7 
 219      9683DD1F 
 219      E4
 220 0352 E09BDD8A 		.ascii	"\340\233\335\212S\372\203\2279\342M\256|\357d2\236\322"
 220      53FA8397 
 220      39E24DAE 
 220      7CEF6432 
 220      9ED2
 221 0364 E13AD235 		.ascii	"\341:\3225O\240\266p\0257\257\321\027\205\275<y.7\000"
 221      4FA0B670 
 221      1537AFD1 
 221      1785BD3C 
 221      792E3700 
 222 0378 8428FF4E 		.ascii	"\204(\377N7\3758\321\024\236~Y2\207\264\370\006\246"
 222      37FD38D1 
 222      149E7E59 
 222      3287B4F8 
 222      06A6
 223 038a D0E24DA1 		.ascii	"\320\342M\241\025\004\317L7\326N\325\002\267\223\225"
 223      1504CF4C 
 223      37D64ED5 
 223      02B79395 
 224 039a 2AB4EDAD 		.ascii	"*\264\355\255\013\342vIJ\305N\353\036\025\267WR\312"
 224      0BE27649 
 224      4AC54EEB 
 224      1E15B757 
 224      52CA
 225 03ac AD3B2B03 		.ascii	"\255;+\003\350{\256F5\300\372`S\211\006\"\303\"#\243"
 225      E87BAE46 
 225      35C0FA60 
 225      53890622 
 225      C32223A3 
 226 03c0 EC9892F3 		.ascii	"\354\230\222\363\373\303e\231\3059b\371\\\032\252\015"
 226      FBC36599 
 226      C53962F9 
 226      5C1AAA0D 
 227 03d0 43DD8630 		.ascii	"C\335\2060o\202\377\241]\375-\376a\212\345\327w\271"
 227      6F82FFA1 
 227      5DFD2DFE 
 227      618AE5D7 
 227      77B9
 228 03e2 85812690 		.ascii	"\205\201&\220\276\004\014\265&\323\322\201\225\334\205"
ARM GAS  /tmp/ccQgTeAX.s 			page 17


 228      BE040CB5 
 228      26D3D281 
 228      95DC85
 229 03f1 48B883D2 		.ascii	"H\270\203\322\016\2214I\022\300>U\246jZL\301oM\007_"
 229      0E913449 
 229      12C03E55 
 229      A66A5A4C 
 229      C16F4D07 
 230 0406 4800AA08 		.ascii	"H\000\252\010\214d:\3561\375\267_S\232\006\235\353\376"
 230      8C643AEE 
 230      31FDB75F 
 230      539A069D 
 230      EBFE
 231 0418 329508C4 		.ascii	"2\225\010\304\342G\363\017\005\365-\203<w\227\026\317"
 231      E247F30F 
 231      05F52D83 
 231      3C779716 
 231      CF
 232 0429 9EFDEEEA 		.ascii	"\236\375\356\352P D\205Q\247m\0065t\"\350=/\237\004"
 232      50204485 
 232      51A76D06 
 232      357422E8 
 232      3D2F9F04 
 233 043d 815EFE8A 		.ascii	"\201^\376\212\203\373X\323O\325\207\321:v\274\352\012"
 233      83FB58D3 
 233      4FD587D1 
 233      3A76BCEA 
 233      0A
 234 044e 0D93BDED 		.ascii	"\015\223\275\3553y3\376\\\333\266\355k\006\237\317\\"
 234      337933FE 
 234      5CDBB6ED 
 234      6B069FCF 
 234      5C
 235 045f 97A26206 		.ascii	"\227\242b\006\034\322g\016-7V\336o\344\271^\251\237"
 235      1CD2670E 
 235      2D3756DE 
 235      6FE4B95E 
 235      A99F
 236 0471 976E7454 		.ascii	"\227ntT\250\350\353`\247\272\265\345\324}\351;\376K"
 236      A8E8EB60 
 236      A7BAB5E5 
 236      D47DE93B 
 236      FE4B
 237 0483 FAA5DBDA 		.ascii	"\372\245\333\332\377u \367T\262\035\270X\236A\276\351"
 237      FF7520F7 
 237      54B21DB8 
 237      589E41BE 
 237      E9
 238 0494 393F6FF2 		.ascii	"9?o\362\310\3713p\272\220\345\306$\367\322\301oKYnB"
 238      C8F93370 
 238      BA90E5C6 
 238      24F7D2C1 
 238      6F4B596E 
 239 04a9 527654ED 		.ascii	"RvT\355oRqS\222r`\307hA(\227\315Q\345\265\275\033_\302"
 239      6F527153 
 239      927260C7 
 239      68412897 
ARM GAS  /tmp/ccQgTeAX.s 			page 18


 239      CD51E5B5 
 240 04c1 3C4969E9 		.ascii	"<Ii\351\036{\256\241\351\274\205\352\254\366\211\232"
 240      1E7BAEA1 
 240      E9BC85EA 
 240      ACF6899A 
 241 04d1 AF002223 		.ascii	"\257\000\"#\345\201\313\315q\226\016\274\374\260\204"
 241      E581CBCD 
 241      71960EBC 
 241      FCB084
 242 04e0 0E5C1F36 		.ascii	"\016\\\0376\372\021\366bh\306\231\310\315\261\337\253"
 242      FA11F662 
 242      68C699C8 
 242      CDB1DFAB 
 243 04f0 2233414C 		.ascii	"\"3AL\037O7U\314&5\275\3571\375\257\177S\011V\331\352"
 243      1F4F3755 
 243      CC2635BD 
 243      EF31FDAF 
 243      7F530956 
 244 0506 6E34E8A1 		.ascii	"n4\350\241\317\206\344>?C^\234\330\250~\224\001\224"
 244      CF86E43E 
 244      3F435E9C 
 244      D8A87E94 
 244      0194
 245 0518 419461CF 		.ascii	"A\224a\317<c\224\273\236(\017\375\346\356\315\247\323"
 245      3C6394BB 
 245      9E280FFD 
 245      E6EECDA7 
 245      D3
 246 0529 63F964BA 		.ascii	"c\371d\272\345S\360\235\347\333Ud\236\207\374\3143k"
 246      E553F09D 
 246      E7DB5564 
 246      9E87FCCC 
 246      336B
 247 053b 6D2F7CC4 		.ascii	"m/|\304\272G\270+M\015#\010\324\353\035\341!\177#\354"
 247      BA47B82B 
 247      4D0D2308 
 247      D4EB1DE1 
 247      217F23EC 
 248 054f AE0B9E63 		.ascii	"\256\013\236c9?\2474\362\261\336\222\365$\330g\036G"
 248      393FA734 
 248      F2B1DE92 
 248      F524D867 
 248      1E47
 249 0561 7CE6F185 		.ascii	"|\346\361\205g\036O\331s\013x\256\2366<`\344\370\245"
 249      671E4FD9 
 249      730B78AE 
 249      9E363C60 
 249      E4F8A5
 250 0574 6C15EDB0 		.ascii	"l\025\355\260\373\203r\364\037\333i\177\321\001^b\242"
 250      FB8372F4 
 250      1FDB697F 
 250      D1015E62 
 250      A2
 251 0585 AF666C9A 		.ascii	"\257fl\232\230\3558\364\315\365 \321\266\230\236R\337"
 251      98ED38F4 
 251      CDF520D1 
 251      B6989E52 
ARM GAS  /tmp/ccQgTeAX.s 			page 19


 251      DF
 252 0596 CBC6F261 		.ascii	"\313\306\362a\264\320\327\262\362\362u\215\210\204\342"
 252      B4D0D7B2 
 252      F2F2758D 
 252      8884E2
 253 05a5 7B010FA6 		.ascii	"{\001\017\246\303.\364\337_\317\313\330,;\020\036&\220"
 253      C32EF4DF 
 253      5FCFCBD8 
 253      2C3B101E 
 253      2690
 254 05b7 8731AC7D 		.ascii	"\2071\254}\034eT\256\237\262\273'\217t\341\225\277."
 254      1C6554AE 
 254      9FB2BB27 
 254      8F74E195 
 254      BF2E
 255 05c9 74D6EE6F 		.ascii	"t\326\356o\010\202\260(\277\340\257\021\360\215\340"
 255      0882B028 
 255      BFE0AF11 
 255      F08DE0
 256 05d8 9D0D2108 		.ascii	"\235\015!\010>\211f\315\336\346\275r7\017Y\355\353\035"
 256      3E8966CD 
 256      DEE6BD72 
 256      370F59ED 
 256      EB1D
 257 05ea 9C647DF8 		.ascii	"\234d}\370\237\364\341\177\312\303\377\331\032\233\310"
 257      9FF4E17F 
 257      CAC3FFD9 
 257      1A9BC8
 258 05f9 E2CF0DBA 		.ascii	"\342\317\015\272G\016[\334;|\257\253\234\235\361X\026"
 258      470E5BDC 
 258      3B7CAFAB 
 258      9C9DF158 
 258      16
 259 060a 59722CBB 		.ascii	"Yr,\273@>\227\257M\334lc\271\006\351\215\035m\353>\011"
 259      403E97AF 
 259      4DDC6C63 
 259      B906E98D 
 259      1D6DEB3E 
 260 061f F2C1DCF0 		.ascii	"\362\301\334\360Ty0\243\027d\261\336\203\031\327\322"
 260      547930A3 
 260      1764B1DE 
 260      8319D7D2 
 261 062f C19CCD92 		.ascii	"\301\234\315\222\203\271\347\370\363\027,wCB9\321{\255"
 261      83B9E7F8 
 261      F3172C77 
 261      434239D1 
 261      7BAD
 262 0641 99A728F6 		.ascii	"\231\247(\366I\374\214\213\347]\256e\024 G\001\220\343"
 262      49FC8C8B 
 262      E75DAE65 
 262      14204701 
 262      90E3
 263 0653 06C8A500 		.ascii	"\006\310\245\0005\016\333\271Y\\\247\004\360\260\360"
 263      350EDBB9 
 263      595CA704 
 263      F0B0F0
 264 0662 9E4D06D8 		.ascii	"\236M\006\330\365\215\022 O\001\220\347\006\330H\001"
ARM GAS  /tmp/ccQgTeAX.s 			page 20


 264      F58D1220 
 264      4F0190E7 
 264      06D84801 
 265 0672 6C85B67C 		.ascii	"l\205\266|\215\017e\344\207\245\267\354/Y7e\256\327"
 265      8D0F65E4 
 265      87A5B7EC 
 265      2F593765 
 265      AED7
 266 0684 BB9E03A5 		.ascii	"\273\236\003\245\014\367d\312\234\233+\236\004\316H"
 266      0CF764CA 
 266      9C9B2B9E 
 266      04CE48
 267 0693 5901A52C 		.ascii	"Y\001\245,\237\225)\253\332\376\340\231\232\353\227"
 267      9F9529AB 
 267      DAFEE099 
 267      9AEB97
 268 06a2 723D58DB 		.ascii	"r=X\333WM(s\210\316\301\241g\313\213s\212\312E\207\313"
 268      574D2873 
 268      88CEC1A1 
 268      67CB8B73 
 268      8ACA4587 
 269 06b7 F50EF582 		.ascii	"\365\016\365\202BE\302\205\356\2047\321\204\373J\254"
 269      4245C285 
 269      EE8437D1 
 269      84FB4AAC 
 270 06c7 4E8EB3F2 		.ascii	"N\216\263\362\024\305>T\026\301\355\223\326\003\305"
 270      14C53E54 
 270      16C1ED93 
 270      D603C5
 271 06d6 B7DB83DE 		.ascii	"\267\333\203\336\251\344\367\342\377\013\370k\227n\325"
 271      A9E4F7E2 
 271      FF0BF86B 
 271      976ED5
 272 06e5 7454C1FC 		.ascii	"tT\301\374\375b\253\035\373\342\232\233Ud\317.\022\011"
 272      FD62AB1D 
 272      FBE29A9B 
 272      5564CF2E 
 272      1209
 273 06f7 29F4E7F0 		.ascii	")\364\347\360f\014\202,*~Eo!\241`+\213Ylc\347#\300\021"
 273      660C822C 
 273      2A7E456F 
 273      21A1602B 
 273      8B596C63 
 274 070f 6B47859A 		.ascii	"kG\205\232\253\223\002\364~u\335\312#\232\335\356\350"
 274      AB9302F4 
 274      7E75DDCA 
 274      239ADDEE 
 274      E8
 275 0720 3AC99FCF 		.ascii	":\311\237\317\025i\217\351\210\025I\371*\016\365\")"
 275      15698FE9 
 275      881549F9 
 275      2A0EF522 
 275      29
 276 0731 6B28A638 		.ascii	"k(\2468\273\355\255\377\324\010\362\017\230\3747\037"
 276      BBEDADFF 
 276      D408F20F 
 276      98FC371F 
ARM GAS  /tmp/ccQgTeAX.s 			page 21


 277 0741 2350C20A 		.ascii	"#P\302\012\344_\004\307\261\006\337y&\344x\011\336."
 277      E45F04C7 
 277      B106DF79 
 277      26E47809 
 277      DE2E
 278 0753 3587DE79 		.ascii	"5\207\336y}r\202I\330\220\370\271\331\222`1\350,\252"
 278      7D728249 
 278      D890F8B9 
 278      D9926031 
 278      E82CAA
 279 0766 F7577F1C 		.ascii	"\367W\177\034\261\202\021>\211}_\367\361\352\225\253"
 279      B182113E 
 279      897D5FF7 
 279      F1EA95AB 
 280 0776 57AE5593 		.ascii	"W\256U\223e\374\332\217\326\004\222E\334\037\377\020"
 280      65FCDA8F 
 280      D6049245 
 280      DC1FFF10 
 281 0786 FBD705D1 		.ascii	"\373\327\005\321\321\332\025\311\306\317\214\037\305"
 281      D1DA15C9 
 281      C6CF8C1F 
 281      C5
 282 0793 6BD3CCDA 		.ascii	"k\323\314\332\344\204\024\2551U\237\222\236h k\035\242"
 282      E48414AD 
 282      31559F92 
 282      9E68206B 
 282      1DA2
 283 07a5 4527331A 		.ascii	"E'3\032\274\351RR\022u\306T\243e\351\217=\326\247\231"
 283      BCE95252 
 283      1275C654 
 283      A365E98F 
 283      3DD6A799 
 284 07b9 2C666DFC 		.ascii	",fm\374\332\277\304,\321\256Z\025\253\315@\370/\336"
 284      DABFC42C 
 284      D1AE5A15 
 284      ABCD40F8 
 284      2FDE
 285 07cb 730310CF 		.ascii	"s\003\020\317h"
 285      68
 286 07d0 3D4362C6 		.ascii	"=Cb\306\232\214_\030L\0014Au\2721\325\022\263Dg\021"
 286      9A8C5F18 
 286      4C013441 
 286      75BA31D5 
 286      12B34467 
 287 07e5 743AF7F2 		.ascii	"t:\367\362]m\272\331\344I \325\260!\305\370\231v]\202"
 287      5D6DBAD9 
 287      E44920D5 
 287      B021C5F8 
 287      99765D82 
 288 07f9 3ED9986A 		.ascii	">\331\230j\320\352\022\015I\011\351)\026\235%s\275\301"
 288      D0EA120D 
 288      4909E929 
 288      169D2573 
 288      BDC1
 289 080b 8C6945FA 		.ascii	"\214iE\372\2636g\232\265:\263%\021\021\321\204]o\342"
 289      B336679A 
 289      B53AB325 
ARM GAS  /tmp/ccQgTeAX.s 			page 22


 289      1111D184 
 289      5D6FE2
 290 081e 4C29267E 		.ascii	"L)&~\2031\325\364\377%\236L\023_\221\226\232d\374\\"
 290      8331D5F4 
 290      FF259E4C 
 290      135F9196 
 290      9A64FC5C 
 291 0832 A5A737CD 		.ascii	"\245\2477\315JB\337Z\314\"\326\220\304~\030\307\256"
 291      4A42DF5A 
 291      CC22D690 
 291      C47E18C7 
 291      AE
 292 0843 89E3E256 		.ascii	"\211\343\342V\305\261\361q\374'+W\307\375\3167\216>"
 292      C5B1F171 
 292      FC272B57 
 292      C7FDCE37 
 292      8E3E
 293 0855 6DDDBAB4 		.ascii	"m\335\272\264T\255!\303\202\201\244X\177\212\311\310"
 293      54AD21C3 
 293      8281A458 
 293      7F8AC9C8 
 294 0865 D09A2DEB 		.ascii	"\320\232-\353b\226$\305,\216\311\320c\020\016\343\005"
 294      629624C5 
 294      2C8EC9D0 
 294      63100EE3 
 294      05
 295 0876 BB69467E 		.ascii	"\273iF~L\026\215WK[\357yd2\230\015\226@}r|\246\371\203"
 295      4C168D57 
 295      4B5BEF79 
 295      6432980D 
 295      96407D72 
 296 088e 8414CBAF 		.ascii	"\204\024\313\257}c\231,\036:\364\311\210\252\326\351"
 296      7D63992C 
 296      1E3AF4C9 
 296      88AAD6E9 
 297 089e 92D253F5 		.ascii	"\222\322S\365:]\260{\021\275t\351\222\337\007+\241\231"
 297      3A5DB07B 
 297      11BD74E9 
 297      92DF072B 
 297      A199
 298 08b0 00D298F7 		.ascii	"\000\322\230\367\376\007\303\346\3208"
 298      FE07C3E6 
 298      D038
 299              		.text
 300              		.section	.gnu.lto_.symtab.4b3ae5c974931822,"",%progbits
 301 0000 7764675F 		.ascii	"wdg_lld_init\000\000\000\000\000\000\000\000\000\000"
 301      6C6C645F 
 301      696E6974 
 301      00000000 
 301      00000000 
 302 0016 0000C700 		.ascii	"\000\000\307\000\000\000WDGD1\000\000\000\000\000\000"
 302      00005744 
 302      47443100 
 302      00000000 
 302      00
 303 0027 00000000 		.ascii	"\000\000\000\000\000\000\021\001\000\000wdg_lld_sta"
 303      00001101 
ARM GAS  /tmp/ccQgTeAX.s 			page 23


 303      00007764 
 303      675F6C6C 
 303      645F7374 
 304 003c 72740000 		.ascii	"rt\000\000\000\000\000\000\000\000\000\000\000\000\002"
 304      00000000 
 304      00000000 
 304      000002
 305 004b 01000077 		.ascii	"\001\000\000wdg_lld_stop\000\000\000\000\000\000\000"
 305      64675F6C 
 305      6C645F73 
 305      746F7000 
 305      00000000 
 306 0061 00000000 		.ascii	"\000\000\000\000\000\004\001\000\000wdg_lld_reset\000"
 306      00040100 
 306      00776467 
 306      5F6C6C64 
 306      5F726573 
 307 0078 00000000 		.ascii	"\000\000\000\000\000\000\000\000\000\000\000\006\001"
 307      00000000 
 307      00000006 
 307      01
 308 0085 00006368 		.ascii	"\000\000chSysHalt\000\000\002\000\000\000\000\000\000"
 308      53797348 
 308      616C7400 
 308      00020000 
 308      00000000 
 309 0099 0000000B 		.ascii	"\000\000\000\013\001\000\000"
 309      010000
 310              		.text
 311              		.section	.gnu.lto_.opts,"",%progbits
 312 0000 272D666E 		.ascii	"'-fno-trapv' '-mcpu=cortex-m4' '-mfloat-abi=hard' '"
 312      6F2D7472 
 312      61707627 
 312      20272D6D 
 312      6370753D 
 313 0033 2D6D6670 		.ascii	"-mfpu=fpv4-sp-d16' '-mno-thumb-interwork' '-mthumb'"
 313      753D6670 
 313      76342D73 
 313      702D6431 
 313      36272027 
 314 0066 20272D67 		.ascii	" '-ggdb' '-O2' '-fomit-frame-pointer' '-falign-func"
 314      67646227 
 314      20272D4F 
 314      32272027 
 314      2D666F6D 
 315 0099 74696F6E 		.ascii	"tions=16' '-ffunction-sections' '-fdata-sections' '"
 315      733D3136 
 315      2720272D 
 315      6666756E 
 315      6374696F 
 316 00cc 2D666E6F 		.ascii	"-fno-common' '-flto'\000"
 316      2D636F6D 
 316      6D6F6E27 
 316      20272D66 
 316      6C746F27 
 317              		.text
 318              		.comm	__gnu_lto_v1,1,1
ARM GAS  /tmp/ccQgTeAX.s 			page 24


 319              		.comm	__gnu_lto_slim,1,1
 320              		.ident	"GCC: (15:4.9.3+svn231177-1) 4.9.3 20150529 (prerelease)"
ARM GAS  /tmp/ccQgTeAX.s 			page 25


DEFINED SYMBOLS
                            *ABS*:0000000000000000 hal_wdg_lld.c
                            *COM*:0000000000000001 __gnu_lto_v1
                            *COM*:0000000000000001 __gnu_lto_slim

NO UNDEFINED SYMBOLS
