ARM GAS  /tmp/ccQeeGsN.s 			page 1


   1              		.syntax unified
   2              		.cpu cortex-m4
   3              		.eabi_attribute 27, 1
   4              		.eabi_attribute 28, 1
   5              		.fpu fpv4-sp-d16
   6              		.eabi_attribute 20, 1
   7              		.eabi_attribute 21, 1
   8              		.eabi_attribute 23, 3
   9              		.eabi_attribute 24, 1
  10              		.eabi_attribute 25, 1
  11              		.eabi_attribute 26, 1
  12              		.eabi_attribute 30, 2
  13              		.eabi_attribute 34, 1
  14              		.eabi_attribute 18, 4
  15              		.thumb
  16              		.file	"hal_st_lld.c"
  17              		.text
  18              	.Ltext0:
  19              		.section	.gnu.lto_.profile.c28cfe04ca1611f4,"",%progbits
  20 0000 789C6366 		.ascii	"x\234cf```a\200\000F\206r\025\000\001\206\000\244"
  20      60606061 
  20      80004686 
  20      72150001 
  20      8600A4
  21              		.text
  22              		.section	.gnu.lto_.jmpfuncs.c28cfe04ca1611f4,"",%progbits
  23 0000 789C6366 		.ascii	"x\234cf\300\016\212\2414\023\210`d\372\310\3048\255"
  23      C00E8AA1 
  23      34138860 
  23      64FAC8C4 
  23      38AD
  24 0012 FFCA0EE6 		.ascii	"\377\312\016\346\332\337\0153\0328~21\374\005I0.g\254"
  24      DADF0D33 
  24      1A387E32 
  24      31FC0549 
  24      302E67AC 
  25 0026 8528C3A9 		.ascii	"\205(\303\251b\005P\005\220\301\004\222\337\361\351"
  25      62055005 
  25      90C10492 
  25      DFF1E9
  26 0035 ED7CAE17 		.ascii	"\355|\256\027L?\231\030e\030\030W2J1\200\004o,|3\215"
  26      4C3F9918 
  26      65181857 
  26      324A3180 
  26      046F2C7C 
  27 004b 172CC8C1 		.ascii	"\027,\310\301\300\270\012(\310\000\000\321Y!\363"
  27      C0B80A28 
  27      C80000D1 
  27      5921F3
  28              		.text
  29              		.section	.gnu.lto_.inline.c28cfe04ca1611f4,"",%progbits
  30 0000 789C6366 		.ascii	"x\234cf\300\016\242\2414\023\003\203\310q\006F\006&"
  30      C00EA2A1 
  30      34130383 
  30      C8710646 
  30      0626
  31 0012 BE7B010C 		.ascii	"\276{\001\014l\013\344\231@\202\214\\ \031n \003\302"
ARM GAS  /tmp/ccQeeGsN.s 			page 2


  31      6C0BE499 
  31      40828C5C 
  31      20196E20 
  31      03C2
  32 0024 C44640A4 		.ascii	"\304F@\244\231\030Dd\200\244\314\203[\214p\335\314<"
  32      99184464 
  32      80A4CC83 
  32      5B8C70DD 
  32      CC3C
  33 0036 60631900 		.ascii	"`c\031\000X\273\006\204"
  33      58BB0684 
  34              		.text
  35              		.section	.gnu.lto_.pureconst.c28cfe04ca1611f4,"",%progbits
  36 0000 789C6366 		.ascii	"x\234cf```e\200\000&\006+&)\000\001[\000a"
  36      60606065 
  36      80002606 
  36      2B262900 
  36      015B0061 
  37              		.text
  38              		.section	.gnu.lto_VectorB0.c28cfe04ca1611f4,"",%progbits
  39 0000 789C8D55 		.ascii	"x\234\215UmlSU\030>\357\271\267\267]\333I\345\027,\206"
  39      6D6C5355 
  39      183EEFB9 
  39      B7B75DDB 
  39      49E5172C 
  40 0015 D5104334 		.ascii	"\325\020C4lW%\212?L\214\231\177\226\320hV\376/P&m\262"
  40      6C57258A 
  40      3F4C8C99 
  40      7F96D068 
  40      56FE2F50 
  41 002c 52D24E02 		.ascii	"R\322N\002?\026n\267n\020\277\230\002Z0\010\212|9\034"
  41      3F166EB7 
  41      6E10BF98 
  41      025A3008 
  41      8A7C391C 
  42 0040 028AA3C3 		.ascii	"\002\212\243\303Q>\354&\333:6\306&l\3004]\242\006\310"
  42      513EEC26 
  42      DB3A36C6 
  42      266CC034 
  42      5DA206C8 
  43 0054 B01369C8 		.ascii	"\260\023i\310\254\357{\326\316~\015m\322\217{\236\347"
  43      ACEF7BD6 
  43      CE7E0D6D 
  43      D28F7B9E 
  43      E7
  44 0065 7D9FE73D 		.ascii	"}\237\347=\367\271\247\022\313\177-\303w\257\302\230"
  44      F7B9A712 
  44      CB7F2DC3 
  44      77AFC298 
  45 0075 1918031D 		.ascii	"\031\030\003\035\003\336\022e\314o\340\\\012-b\232Q"
  45      03DE1265 
  45      CC6FE05C 
  45      0A2D629A 
  45      51
  46 0086 1E569966 		.ascii	"\036V\231f\226@\236Y\226\001\350\007\003\266\231K2l"
  46      96409E59 
  46      9601E807 
ARM GAS  /tmp/ccQeeGsN.s 			page 3


  46      03B6994B 
  46      326C
  47 0098 86DFF83D 		.ascii	"\206\337\370=\016-\341\326\240i\311\001M\323&\007\223"
  47      0E2DE1D6 
  47      A069C901 
  47      4DD32607 
  47      93
  48 00a9 72D38204 		.ascii	"r\323\202\004g,\316g\372\303!X\302\220s/0=bR\002\310"
  48      672CCE67 
  48      FAC32158 
  48      C290732F 
  48      303D6252 
  49 00bf B14CA761 		.ascii	"\261L\247a8\014\012\311\342\302\261\371a-\231\334\277"
  49      380C0AC9 
  49      E2C2B1F9 
  49      612D99DC 
  49      BF
  50 00d0 776CBBCE 		.ascii	"wl\273\316\242c\011\016\012}0\026C\036)NpN\337\322\030"
  50      A263090E 
  50      0A7D3016 
  50      431E294E 
  50      704EDFD2 
  51 00e5 04C2C97E 		.ascii	"\004\302\311~\240J\352\372\351\225\367\333x\375Cm\253"
  51      A04AEAFA 
  51      E995F7DB 
  51      78FD436D 
  51      AB
  52 00f6 6648701E 		.ascii	"fHp\036\247\0128\002\365\004}\264m\250]B(H\220D\232"
  52      A70A3802 
  52      F5047DB4 
  52      6DA85D42 
  52      28489044 
  53 010b B47A2BD6 		.ascii	"\264z+\326?`\370\225\343\212\270<\262mG;\354\201O\374"
  53      3F60F895 
  53      E38AB83C 
  53      B26D473B 
  53      EC814FFC 
  54 011f 2DC492E1 		.ascii	"-\304\222\341K\250\207V(\021\330\336\330\341\240\011"
  54      4BA88756 
  54      2811D8DE 
  54      D8E1A009 
  55 012f 1BE03812 		.ascii	"\033\3408\022\034E\226\020\205\257\240>\301ul\014\244"
  55      1C459610 
  55      85AFA03E 
  55      C1756C0C 
  55      A4
  56 0140 82269438 		.ascii	"\202&\2248:e\320\206&\022\\\317\256\303\371S\307#\027"
  56      3A65D086 
  56      26125CCF 
  56      AEC3F953 
  56      C72317
  57 0153 75C4FD8B 		.ascii	"u\304\375\213\353\220}\267\247\253YG\016\014\270\027"
  57      EB907DB7 
  57      A7AB5947 
  57      0E0CB817 
  58 0163 9A9C65CA 		.ascii	"\232\234e\312 \204w\275\335\275CBS\220\340Ep\014J\340"
  58      208477BD 
ARM GAS  /tmp/ccQeeGsN.s 			page 4


  58      DDBD4342 
  58      5390E045 
  58      700C4AE0 
  59 0177 EB94A3CF 		.ascii	"\353\224\243\317\357\206\237(k\325\002\010\030\3418"
  59      EF869F28 
  59      6BD50208 
  59      18E138
  60 0186 3AFA436C 		.ascii	":\372Cl2\234\2002\024j|\320\334+\315\350\244\244v\217"
  60      329C8032 
  60      146A7CD0 
  60      DC2BCDE8 
  60      A4A4768F 
  61 019a 4C4C49D4 		.ascii	"LLI\324\0278\203\223\330\344*\004\2565\226\2448H\360"
  61      17388393 
  61      D8E42A04 
  61      AE3596A4 
  61      3848F0
  62 01ad 1FEC7857 		.ascii	"\037\354xW/\010\330\345\033Ra\264\325\022\013-\222\320"
  62      2F08D8E5 
  62      1B5261B4 
  62      D5120B2D 
  62      92D0
  63 01bf F9E46424 		.ascii	"\371\344d$&\234g\230\362kZ\370\351G\032\373\366_c\247"
  63      269C6798 
  63      F26B5AF8 
  63      E9471AFB 
  63      F65F63A7 
  64 01d3 A02C733C 		.ascii	"\240,s<#.}\207%\303\320`\241\262V\255\373\234Yz\011"
  64      232E7D87 
  64      25C3D060 
  64      A1B256AD 
  64      FB9C597A 
  65 01e8 E8F7E9B6 		.ascii	"\350\367\351\266\251>\023\221LV\272\014}\330\035T\350"
  65      A93E1391 
  65      4C56BA0C 
  65      7DD81D54 
  65      E8
  66 01f9 D22C7668 		.ascii	"\322,vhhg\342\003e\361g\232\3260\271\365\302\357\346"
  66      6867E203 
  66      65F1679A 
  66      D630B9F5 
  66      C2EFE6
  67 020c A327B470 		.ascii	"\243'\264p`\237\366\367+I)\301\213\241\035$\314\023"
  67      609FF6F7 
  67      2B4929C1 
  67      8BA11D24 
  67      CC13
  68 021e 9C4647A1 		.ascii	"\234FG\241\324\020\250\324\001\213\261\362\347\367\376"
  68      D410A8D4 
  68      018BB1F2 
  68      E7F7FE
  69 022d 3C09D4A8 		.ascii	"<\011\324\250\330\312\340\014\242\243\320\360\313\300"
  69      D8CAE00C 
  69      A2A3D0F0 
  69      CBC0
  70 023b 963BCBB3 		.ascii	"\226;\313\26329>\261\377\031\021\3078\016\237\215t\364"
  70      32393EB1 
ARM GAS  /tmp/ccQeeGsN.s 			page 5


  70      FF1911C7 
  70      380E9F8D 
  70      74F4
  71 024d 0C2F9018 		.ascii	"\014/\220\030|O\230\234\223d\006\235\030\201\234\202"
  71      7C4F989C 
  71      9364069D 
  71      18819C82 
  72 025d CE681FC6 		.ascii	"\316h\037\306\344,\361u9PKdz!\2030AJ6\024\236z\223\014"
  72      E42CF175 
  72      39504B64 
  72      7A218330 
  72      414A3614 
  73 0275 333847A0 		.ascii	"38G\240>O\347<\351\300\005z^p\273\200v\365\366\203\355"
  73      3E4FE73C 
  73      E9C0057A 
  73      5E70BB80 
  73      76F5F683 
  74 028a 526903DF 		.ascii	"Ri\003\337\243\005\255\011\376\030U\354\034}\3507\312"
  74      A305AD09 
  74      FE1855EC 
  74      1C7DE837 
  74      CA
  75 029b 14BF8B50 		.ascii	"\024\277\213P*l\355n\372x\227\031W\340\007\220\305\364"
  75      2A6CED6E 
  75      FA789719 
  75      57E00790 
  75      C5F4
  76 02ad 0C222023 		.ascii	"\014\" #pi\313\276\373riS\252z\036q/\337\216\204\212"
  76      7069CBBE 
  76      FB726953 
  76      AA7A1E71 
  76      2FDF8E84 
  77 02c2 44751755 		.ascii	"Du\027UC7\310\230\362F\234'\252\3208\205\242n\020\033"
  77      4337C898 
  77      F2469C27 
  77      AAD03885 
  77      A26E101B 
  78 02d6 003FA6D2 		.ascii	"\000?\246\322N\364P\317\215\205\331S7\035L\357mQ\336"
  78      4EF450CF 
  78      8D85D953 
  78      371D4CEF 
  78      6D51DE
  79 02e9 5C97C45C 		.ascii	"\\\227\304\\=\205\273\033\005\014\275\031\335\317Fo"
  79      3D85BB1B 
  79      050CBD19 
  79      DDCF466F 
  80 02f9 BD98DDFD 		.ascii	"\275\230\335\375\300lwS\356\235{'Fw\256\2170s\236rT"
  80      C06C7753 
  80      EE9D7B27 
  80      4677AE8F 
  80      30739E72 
  81 030e 28F71756 		.ascii	"(\367\027V.\0260\\N)\247\003\233\025\303\373\377/\206"
  81      2E16305C 
  81      4E29A703 
  81      9B15C3FB 
  81      FF2F86
  82 0321 032286B3 		.ascii	"\003\"\206\263\317@1.\015\316\031\303\316hL\021\246"
ARM GAS  /tmp/ccQeeGsN.s 			page 6


  82      CF40312E 
  82      0DCE19C3 
  82      CE684C11 
  82      A6
  83 0332 E2337734 		.ascii	"\3423w43;\315]%\014\256\0204/';\241\265\244\302`\250"
  83      333BCD5D 
  83      250CAE10 
  83      342F273B 
  83      A1B5A4C2 
  84 0348 7076AE8A 		.ascii	"pv\256\212I\2073\262\363\305\235\361\220\222\216\305"
  84      498733B2 
  84      F3C59DF1 
  84      90928EC5 
  85 0358 A088C588 		.ascii	"\240\210\305\210\210En\006~\302\014\320\211 \247\016"
  85      88456E06 
  85      7EC20CD0 
  85      8920A70E 
  86 0368 DFC6F1C0 		.ascii	"\337\306\361\300!>\327\271g\301\202k\263\367J\236\353"
  86      213ED7B9 
  86      67C1826B 
  86      B3F74A9E 
  86      EB
  87 0379 8C7E1C69 		.ascii	"\214~\034i\327\037uF\347\036\312\243s\035\312c\263\207"
  87      D71F7546 
  87      E71ECAA3 
  87      731DCA63 
  87      B387
  88 038b F28DFF3C 		.ascii	"\362\215\377<\224\347\243\352\315\224\271\233\340\017"
  88      94E7A3EA 
  88      CD94B99B 
  88      E00F
  89 0399 77540926 		.ascii	"wT\011&\243\277\030\240\351P\374\205\362r\265\302\351"
  89      A3BF18A0 
  89      E950FC85 
  89      F272B5C2 
  89      E9
  90 03aa 5AED7ADD 		.ascii	"Z\355z\335\256z|\252sU\255\272\336\343\255\363\251\366"
  90      AE7A7CAA 
  90      7355ADBA 
  90      DEE3ADF3 
  90      A9F6
  91 03bc 95B665CF 		.ascii	"\225\266e\317\253+V\274\246\256\254\264mx\216\220j_"
  91      AB2B56BC 
  91      A6AEACB4 
  91      6D788E90 
  91      6A5F
  92 03ce 5D756DED 		.ascii	"]um\355\232r\007\323\257^\345\253y\303\353R\263\253"
  92      9A7207D3 
  92      AF5EE5AB 
  92      79C3EB52 
  92      B3AB
  93 03e0 1D1EB7DB 		.ascii	"\035\036\267\333\263.\325\340\325*[\205m\243\352p:<"
  93      B32ED5E0 
  93      D52A5B85 
  93      6DA3EA70 
  93      3A3C
  94 03f2 DE9AEA0D 		.ascii	"\336\232\352\015\313\335\345N\366rA~\315\306:b\253\025"
ARM GAS  /tmp/ccQeeGsN.s 			page 7


  94      CBDDE54E 
  94      F672417E 
  94      CDC63A62 
  94      AB15
  95 0404 367BA55D 		.ascii	"6{\245]\255@\272Z\271\316Q\373\326\232\032\325\341\366"
  95      AD40BA5A 
  95      B9CE51FB 
  95      D69A1AD5 
  95      E1F6
  96 0416 B97CD56B 		.ascii	"\271|\325k\035\016,~2\337\252\307\207\037\336:\361\235"
  96      1D0E2C7E 
  96      32DFAAC7 
  96      871FDE3A 
  96      F19D
  97 0428 CF40C095 		.ascii	"\317@\300\225\356\343\364m\362!\303b\263WY\311\374z"
  97      EEE3F46D 
  97      F221C362 
  97      B35759C9 
  97      FC7A
  98 043a AF6BA9F5 		.ascii	"\257k\251\365\251g\031\3672\275\273\306\355\361nb\377"
  98      A96719F7 
  98      32BDBBC6 
  98      EDF16E62 
  98      FF
  99 044b 007624C5 		.ascii	"\000v$\305\323"
  99      D3
 100              		.text
 101              		.section	.gnu.lto_st_lld_init.c28cfe04ca1611f4,"",%progbits
 102 0000 789C9D94 		.ascii	"x\234\235\224KO\023Q\024\200\357\271\363\350@U\324\225"
 102      4B4F1351 
 102      1480EFB9 
 102      F3E84055 
 102      D495
 103 0012 36242E5C 		.ascii	"6$.\\\260\261L|\305\037\240\033\023\210\213\262'>\026"
 103      B0B14C7C 
 103      C51FA01B 
 103      13888BB2 
 103      273E16
 104 0025 90906084 		.ascii	"\220\220`\204\270#L\241\030\342B\021\215\"Z\021\015"
 104      B8234CA1 
 104      18E24211 
 104      8D225A11 
 104      0D
 105 0036 08220F51 		.ascii	"\010\"\017Q+\017\225\021\037T\020\220\020#!F\026\202"
 105      2B0F9511 
 105      1F541090 
 105      10232146 
 105      1682
 106 0048 420264A0 		.ascii	"B\002d\240F2\032\304s\356\224\"\262\201N\322{\333{N"
 106      46321AC4 
 106      73EE9422 
 106      B2814ED2 
 106      7BDB7B4E 
 107 005c BFEFDCD7 		.ascii	"\277\357\334\327Hl\355\343\301\217Oa\354\020\366 1\340"
 107      486CEDE3 
 107      C18F4F61 
 107      EC10F620 
ARM GAS  /tmp/ccQeeGsN.s 			page 8


 107      31E0
 108 006e 65038CF9 		.ascii	"e\003\214\3715\016@_\030\260B\016\2050\305\3478\224"
 108      350E405F 
 108      18B0420E 
 108      8530C5E7 
 108      3894
 109 0080 990D15EE 		.ascii	"\231\015\025\356\224\032\3030\254\362k;Kv\330\234\261"
 109      941AC330 
 109      ACF26B3B 
 109      4B76D89C 
 109      B1
 110 0091 08773070 		.ascii	"\010w0p\017R\030\346\314\005\026?\271\325\000\346lu"
 110      0F5218E6 
 110      CC05163F 
 110      B9D500E6 
 110      6C75
 111 00a3 6250072A 		.ascii	"bP\007*`\337\274\3354\226\226\356\336\234\256R\266q"
 111      60DFBCDD 
 111      349696EE 
 111      DE9CAE52 
 111      B671
 112 00b5 66737461 		.ascii	"fsta\243P\243R\303\3308\246\223s\202s\352\245Q\350\016"
 112      A350A352 
 112      C3D838A6 
 112      93738273 
 112      EAA551E8 
 113 00ca CD8D1D20 		.ascii	"\315\215\035 \300\002'\177o\270\246=a\222\333\234\033"
 113      C002277F 
 113      6FB8A63D 
 113      6192DB9C 
 113      1B
 114 00db B74B0D99 		.ascii	"\267K\015\231tc\343\203C\232\030b\364\263\250\266\272"
 114      7463E383 
 114      439A1862 
 114      F4B3A8B6 
 114      BA
 115 00ec 430BC20D 		.ascii	"C\013\302\015\260\271\004\365\340\201\373\340\021\201"
 115      B0B904F5 
 115      E081FBE0 
 115      1181
 116 00fa AFBF2A27 		.ascii	"\257\277*'\334\336\006#\340\327l.C\003\004a^T\016\017"
 116      DCDE0623 
 116      E0D76C2E 
 116      43030461 
 116      5E540E0F 
 117 010e C0CB46A1 		.ascii	"\300\313F\241\370\207\352x$G\325\023\234l\225\211\013"
 117      F887EA78 
 117      2447D513 
 117      9C6C9589 
 117      0B
 118 011f C0A01121 		.ascii	"\300\240\021!XL9P\312\006,M+\226f\360\"\233(\241K\023"
 118      584C3950 
 118      CA062C4D 
 118      2B9666F0 
 118      229B28A1 
 119 0135 B2A352F0 		.ascii	"\262\243R\360\037\013uS#\242~\3050\313\214-\253\246"
 119      1F0B7553 
ARM GAS  /tmp/ccQeeGsN.s 			page 9


 119      23A27EC5 
 119      30CB8C2D 
 119      ABA6
 120 0147 A40866FF 		.ascii	"\244\010f\377\345\301 82\025ZP\3660*+\015\377\234\321"
 120      E5C12038 
 120      32155A50 
 120      F6302A2B 
 120      0DFF9CD1 
 121 015b 5664AD42 		.ascii	"Vd\255BF+\015\217VO\211Tk\346\260^\354\343\025\354\023"
 121      462B0D8F 
 121      564F8954 
 121      6BE6B05E 
 121      ECE315EC 
 122 0170 9A834A14 		.ascii	"\232\203J\024\313\372\026pEA\263}=\347\024*\327\205"
 122      CBFA1670 
 122      4541B37D 
 122      3DE7142A 
 122      D785
 123 0182 7BFEDFA6 		.ascii	"{\376\337\246\270\004\361\372\371\360\025\011U~\303"
 123      B804F1FA 
 123      F9F01509 
 123      557EC3
 124 0191 3077D95C 		.ascii	"0w\331\\\203\020\352\236Fuwf\315d\262\001\311\332\204"
 124      8310EA9E 
 124      46757766 
 124      CD64B201 
 124      C9DA84
 125 01a4 4C9C9A76 		.ascii	"L\234\232v\360b\264\242\257\350\243\330\006\371b2\203"
 125      F062B4A2 
 125      AFE8A3D8 
 125      06F96232 
 125      83
 126 01b5 0E670E56 		.ascii	"\016g\016V\313\367\230}\375\354N\301\226\210\375L\260"
 126      CBF7987D 
 126      FDEC4EC1 
 126      9688FD4C 
 126      B0
 127 01c6 FF140F87 		.ascii	"\377\024\017\207@\260\227\360Ib\360<\212\267\342\301"
 127      40B097F0 
 127      4962F03C 
 127      8AB7E2C1 
 128 01d6 BF107899 		.ascii	"\277\020x\231\360]\002\037[\004\034\003s\271\362\351"
 128      F05D021F 
 128      5B041C03 
 128      73B9F2E9 
 129 01e6 0DA313E0 		.ascii	"\015\243\023\340\245@\343i\240\310\207\316\372\010\350"
 129      A540E369 
 129      A0C887CE 
 129      FA08E8
 130 01f5 8DB83DE6 		.ascii	"\215\270=\346\036\362v\203\027v{\304\031{\005zLdm\\"
 130      1EF27683 
 130      17767BC4 
 130      197B057A 
 130      4C646D5C 
 131 0209 24C36B21 		.ascii	"$\303k!R\211\365\006\261\261\242g\342`\275\025,\027"
 131      5289F506 
 131      B1B1A267 
ARM GAS  /tmp/ccQeeGsN.s 			page 10


 131      E260BD15 
 131      2C17
 132 021b B17AFE61 		.ascii	"\261z\376aY\361\260\302\202\245\021\353\235X\333\241"
 132      59F1B0C2 
 132      82A511EB 
 132      9D58DBA1 
 133 022b CADAE224 		.ascii	"\312\332\342$\261\266x;{\227\313\234\215\003\335'\320"
 133      B1B6783B 
 133      7B97CB9C 
 133      8D03DD27 
 133      D0
 134 023c 09847E8F 		.ascii	"\011\204~\217e\022\3533\224\230]\303\342\236P\372\255"
 134      6512EB33 
 134      94985DC3 
 134      E29E50FA 
 134      AD
 135 024d E10B4DBC 		.ascii	"\341\013M\274\340\267Qj\340}H\214\320U\200~(\240P\333"
 135      E0B7516A 
 135      E07D488C 
 135      D055807E 
 135      28A050DB 
 136 0261 FC4C5522 		.ascii	"\374LU\"\225\341\306\3039\000\036\034\032\251\236\276"
 136      95E1C6C3 
 136      39001E1C 
 136      1AA99EBE 
 137 0271 BA590C69 		.ascii	"\272Y\014i\014\006\301c\363M\354\013\370\315E\237\340"
 137      0C06C163 
 137      F34DEC0B 
 137      F8CD459F 
 137      E0
 138 0282 317ACB01 		.ascii	"1z\313\001\275\335\360\220\037LM\325\017ge\237\310>"
 138      BDDDF090 
 138      1F4C4DD5 
 138      0F67659F 
 138      C83E
 139 0294 E6D373F3 		.ascii	"\346\323s\363\364\254\3439\372\351\3343\371y\272/#}"
 139      F4ACE339 
 139      FAE9DC33 
 139      F979BA2F 
 139      237D
 140 02a6 FF3E3D2D 		.ascii	"\377>=-\355\210\236q4\375\354^\212d\346\345g\346\344"
 140      ED889E71 
 140      34FDEC5E 
 140      8A64E6E5 
 140      67E6E4
 141 02b9 9C4A3DC9 		.ascii	"\234J=\311\376\002z\254\351\214"
 141      FE027AAC 
 141      E98C
 142              		.text
 143              		.section	.gnu.lto_.symbol_nodes.c28cfe04ca1611f4,"",%progbits
 144 0000 789C4DCA 		.ascii	"x\234M\312\273\015\302@\020\204\341\271Y\277)\202R\307"
 144      BB0DC240 
 144      1084E1B9 
 144      59BF2982 
 144      52C7
 145 0012 01121211 		.ascii	"\001\022\022\021\025 \007n\2027\230\223Cj pH\015\010"
 145      1520076E 
ARM GAS  /tmp/ccQeeGsN.s 			page 11


 145      82379893 
 145      436A2070 
 145      480D08
 146 0025 EB9CEC26 		.ascii	"\353\234\354&\277\276\3355\000Y\3002<R\300\376\015H"
 146      BFBEDD35 
 146      0059C032 
 146      3C52C0FE 
 146      0D48
 147 0037 387415F2 		.ascii	"8t\025\362\013\321Q\306\023\025\374!<(.\013\264\355"
 147      0BD151C6 
 147      1315FC21 
 147      3C282E0B 
 147      B4ED
 148 0049 ECFBFCE5 		.ascii	"\354\373\374\345}\2432\357\027\225{\017T\341\375\244"
 148      7DA332EF 
 148      17957B0F 
 148      54E1FDA4 
 149 0059 4AEF2B55 		.ascii	"J\357+Uy\237\251\332;R\215\263\241A\377\371\005C\215"
 149      799FA9DA 
 149      3B528DB3 
 149      A141FFF9 
 149      05438D
 150 006c 985AA11F 		.ascii	"\230Z\241\037\307\302P\"\246\026\230Rs\304\355wm\310"
 150      C7C25022 
 150      A6169852 
 150      73C4ED77 
 150      6DC8
 151 007e 30A51A36 		.ascii	"0\245\0326\273\271\\%\343\017l\342G!"
 151      BBB95C25 
 151      E30F6CE2 
 151      4721
 152              		.text
 153              		.section	.gnu.lto_.refs.c28cfe04ca1611f4,"",%progbits
 154 0000 789C6366 		.ascii	"x\234cf``\340d\200\000&\006&FF&F~\006\000\001A\000%"
 154      6060E064 
 154      80002606 
 154      26464626 
 154      467E0600 
 155              		.text
 156              		.section	.gnu.lto_.decls.c28cfe04ca1611f4,"",%progbits
 157 0000 789CB558 		.ascii	"x\234\265XkPTG\026\236\276=<fxY\350\232\304\312V\324"
 157      6B505447 
 157      169EBE3D 
 157      3C667859 
 157      E89AC4CA 
 158 0016 6CB9492A 		.ascii	"l\271I*q|\245\222\332J%\221\301\007\225\220X\203I\245"
 158      717CA592 
 158      DA4A2591 
 158      C1079590 
 158      588349A5 
 159 002a B23F2608 		.ascii	"\262?&\010\243P\313#\013cb\376]\036Q^\012\"*(\350(O"
 159      A350CB23 
 159      0B6362FE 
 159      5D1E515E 
 159      0A222A28 
 160 0041 41047C23 		.ascii	"A\004|#oT\004|! \370fPT\024QP\0240\310\354\351\356{"
 160      6F54047C 
ARM GAS  /tmp/ccQeeGsN.s 			page 12


 160      2120F866 
 160      50541451 
 160      501430C8 
 161 0059 67EE0C83 		.ascii	"g\356\014\203\331\037\273Su\270\367\364\375\372\353"
 161      D91FBB53 
 161      75B8F7F4 
 161      FDFAEB
 162 0068 EF9CEEDB 		.ascii	"\357\234\356\333}.X&\223\245!\231\314\004\277\333o\311"
 162      7D2E5826 
 162      93A52199 
 162      CC04BFDB 
 162      6FC9
 163 007a 648D7299 		.ascii	"d\215r\231\014C\333\0120\016\354\010X\225\214\375\\"
 163      0C43DB0A 
 163      300EEC08 
 163      58958CFD 
 163      5C
 164 008b C0EAC04E 		.ascii	"\300\352\300N\202\235\006k\006;\007v\001\254\005\254"
 164      829D066B 
 164      063B0776 
 164      01AC05AC 
 165 009b 15AC1DAC 		.ascii	"\025\254\035\254\003\354:\030\320\312\272d\326?\322"
 165      03EC3A18 
 165      D0CABA64 
 165      D63FD2
 166 00aa 7F8AC03F 		.ascii	"\177\212\300?\013\314(\214q\030\254\021\254\033\254"
 166      0BCC288C 
 166      7118AC11 
 166      AC1BAC
 167 00b9 06EC6FD0 		.ascii	"\006\354o\320y6\330]\270w\007s\025t\374\035\332>D\214"
 167      7936D85D 
 167      B8770773 
 167      1574FC1D 
 167      DA3E448C 
 168 00cd DB03FE4C 		.ascii	"\333\003\376L\0258;\204\261\347B\333<\260\005`\213\300"
 168      15383B84 
 168      B1E742DB 
 168      3CB00560 
 168      8BC0
 169 00df FE8198AE 		.ascii	"\376\201\230\256\317\020\323\3709\\\277DL\263\027\\"
 169      CF10D3F8 
 169      395CBF44 
 169      4CB3175C 
 170 00ef BD118BA1 		.ascii	"\275\021\213\241Y\210\311\236f\022\257\233D\363j\000"
 170      5988C99E 
 170      6612AF9B 
 170      44F36A00 
 171 00ff 050ADA22 		.ascii	"\005\012\332\"\341\032\201,z\307\240M\217\230\326\253"
 171      E11A812C 
 171      7AC7A04D 
 171      8F98D6AB 
 172 010f 604AB09F 		.ascii	"`J\260\237\300\017\003{\007l\012\230'\330_\301\246\203"
 172      C00F037B 
 172      076C0A98 
 172      27D85FC1 
 172      A683
 173 0121 4D037B1B 		.ascii	"M\003{\033\354/\210\345\373\244\220;\333\337 \207\032"
ARM GAS  /tmp/ccQeeGsN.s 			page 13


 173      EC2F88E5 
 173      FBA4903B 
 173      DBDF2087 
 173      1A
 174 0132 8BB27EC2 		.ascii	"\213\262~\302\034\202[\371\235\314\322\243\036h\316"
 174      1C825BF9 
 174      9DCCD2A3 
 174      1E68CE
 175 0141 8C19CA1C 		.ascii	"\214\031\312\034\236\347\343\370/Q\021R\242|\204%=\322"
 175      9EE7E3F8 
 175      2F511152 
 175      A27C8425 
 175      3DD2
 176 0153 A17DE40B 		.ascii	"\241}\344\013\362\000n\235\3515\216\347\243\371\201"
 176      F2006E9D 
 176      E9358EE7 
 176      A3F981
 177 0162 541EBF29 		.ascii	"T\036\277)C\037\316@\357\317\220\241\0024\207>\222\241"
 177      431FCE40 
 177      EFCF90A1 
 177      0234873E 
 177      92A1
 178 0174 423403ED 		.ascii	"B4\003\355C3\310H\267\267\014\306;(\005t\334\237\241"
 178      4333C848 
 178      B7B70CC6 
 178      3B280574 
 178      DC9FA1
 179 0187 CBCB5246 		.ascii	"\313\313RF\335{9\344\256\\N\334+\215\333?\006\317U\251"
 179      DD7B39E4 
 179      AE5C4EDC 
 179      2B8DDB3F 
 179      06CF55A9 
 180 019b A00F0F0C 		.ascii	"\240\017\017\014\235w\241\017g\022\367Djc\272#}*'n\316"
 180      9D77A10F 
 180      6712F744 
 180      6A63BA23 
 180      7D2A276E 
 181 01b0 D66DFB1D 		.ascii	"\326m\373\035\250\353L\334\261\230\376\027\230\214\313"
 181      A8EB4CDC 
 181      B198FE17 
 181      988CCB
 182 01bf F32931BC 		.ascii	"\363)1\274\242\321\035\036\240\022\030\251\024F\222"
 182      A2D11D1E 
 182      A01218A9 
 182      144692
 183 01ce A18374E4 		.ascii	"\241\203t\344\367f\24026\360\326vc\242\243g\012\205"
 183      F766A032 
 183      36F0D676 
 183      63A2A367 
 183      0A85
 184 01e0 F3FC4C44 		.ascii	"\363\374LD\223P\014\360\003\024~\010y\212\235\010\272"
 184      93500CF0 
 184      03147E08 
 184      798A9D08 
 184      BA
 185 01f1 B56E8C77 		.ascii	"\265n\214w\226\242\367\277\016}z4\355\270\3225\201\244"
 185      96A2F7BF 
ARM GAS  /tmp/ccQeeGsN.s 			page 14


 185      0E7D7A34 
 185      EDB8D235 
 185      81A4
 186 0203 40907218 		.ascii	"@\220r\030yJ\264\034AdE\322+\240k\252G\032\224\330\211"
 186      794AB41C 
 186      416445D2 
 186      2BA06BAA 
 186      471A94D8 
 187 0218 CC0DCA4E 		.ascii	"\314\015\312N\357nW~XH\347\245\266\226\263\314_R\234"
 187      EF6E577E 
 187      5848E7A5 
 187      B696B3CC 
 187      5F529C
 188 022b B14989DF 		.ascii	"\261I\211\337\240\240\250\274\212$'\010|\226\222>\352"
 188      A0A0A8BC 
 188      8A242708 
 188      7C96923E 
 188      EA
 189 023c DA399AA3 		.ascii	"\3329\232\243\240.y\017=\240\211k\274\307g\273\2439"
 189      A02E790F 
 189      3DA0896B 
 189      BCC767BB 
 189      A339
 190 024e 7482079A 		.ascii	"t\202\007\232S\033\336\346y9\252\004\311\307\021F\307"
 190      531BDEE6 
 190      7939AA04 
 190      C9C71146 
 190      C7
 191 025f D0876470 		.ascii	"\320\207dp\322\233\374\342,2ef\215\250\002&k\226\222"
 191      D29BFCE2 
 191      2C326566 
 191      8DA80226 
 191      6B9692
 192 0272 62513934 		.ascii	"bQ94\236\240Y\343N\217U\307: \345\034\373\235\252\355"
 192      9EA059E3 
 192      4E8F55C7 
 192      3A20E51C 
 192      FB9DAAED 
 193 0286 74A2120A 		.ascii	"t\242\022\012bR\247\023\011U \341\250EB%\0224\220\007"
 193      6252A713 
 193      095520E1 
 193      A8454225 
 193      12349007 
 194 029a 1049C51F 		.ascii	"\020I\305\037\267\333\345ol\025\246p\212\034\255\230"
 194      B7DBE56F 
 194      6C15A670 
 194      8A1CAD98 
 195 02aa 2EC95A0D 		.ascii	".\311Z\015z\003\376\376S\316\0222T\333\322\201q$MH\364"
 195      7A03FEFE 
 195      53CE1232 
 195      54DBD281 
 195      71244D48 
 196 02bf A1BA0D2E 		.ascii	"\241\272\015.3w\361\206\322\201\261l\223\"\2037D\363"
 196      3377F186 
 196      D281B16C 
 196      93228337 
 196      44F3
ARM GAS  /tmp/ccQeeGsN.s 			page 15


 197 02d1 E32613A2 		.ascii	"\343&\023\242}P\255y@\031\271g\003\326\241\231\320\261"
 197      7D50AD79 
 197      4019B967 
 197      03D6A199 
 197      D0B1
 198 02e3 6D47EA61 		.ascii	"mG\352a\204\017\"\312R\221\262\245\333\225\262\030\313"
 198      840F22CA 
 198      5291B2A5 
 198      DB95B218 
 198      CB
 199 02f4 9B74B5B1 		.ascii	"\233t\265\261\374\230\311\204\031E\275\204\242^\244"
 199      FC98C984 
 199      1945BD84 
 199      A25EA4
 200 0303 384929F2 		.ascii	"8I)\362\373N\024*p5\2438u\271@\005\014F~`\337\231\027"
 200      FB4E142A 
 200      7035A338 
 200      75B94005 
 200      0C467E60 
 201 031a EACD3129 		.ascii	"\352\3151)9\274\321dz\207\221\234\222\220\234\022IN"
 201      39BCD164 
 201      7A87919C 
 201      92909C12 
 201      494E
 202 032c 5392F484 		.ascii	"S\222\364\204\3648W\253\005C\326\227%\364\006\266`\000"
 202      F43857AB 
 202      0543D697 
 202      25F406B6 
 202      6000
 203 033e 697A95F1 		.ascii	"iz\225\361\014\3119\326F\222\001m\003IE\017\025\223"
 203      0CC939D6 
 203      4692016D 
 203      0349450F 
 203      1593
 204 0350 A6AD91A6 		.ascii	"\246\255\221\246\355\014\022\362v\276a\313s\017\034"
 204      ED0C12F2 
 204      76BE61CB 
 204      730F1C
 205 035f 45B70234 		.ascii	"E\267\0024\364\2423\325\235\012.-\3347\2142\370=b\342"
 205      F4A233D5 
 205      9D0A2E2D 
 205      DC378C32 
 205      F83D62E2 
 206 0373 A0176A92 		.ascii	"\240\027j\222\010n\022\0057S\301\315\247_\364\272\340"
 206      086E1205 
 206      3753C1CD 
 206      A75FF4BA 
 206      E0
 207 0384 A38C25BF 		.ascii	"\243\214%\277\266\251\0213\226\235}\007\244,$\354\263"
 207      B6A91133 
 207      969D7D07 
 207      A42C24EC 
 207      B3
 208 0395 1296B322 		.ascii	"\022\226\263\"\3139\312\322\265?\363\012\207\2370\226"
 208      CB39CAD2 
 208      B53FF30A 
 208      879F3096 
ARM GAS  /tmp/ccQeeGsN.s 			page 16


 209 03a5 D40B099B 		.ascii	"\324\013\011\233\021e1\224\347\256\237\331\310\327\232"
 209      11653194 
 209      E7AE9FD9 
 209      C8D79A
 210 03b4 4C5F5086 		.ascii	"L_P\206\363\022\206\363\"\303\005\312\020oz|\\\211\023"
 210      F31286F3 
 210      22C305CA 
 210      106F7A7C 
 210      5C8913
 211 03c7 3065C8A9 		.ascii	"0e\310\251\353|\350\300tT\365\227p6:.JX.\212,-\224%"
 211      EB7CE8C0 
 211      7454F597 
 211      70363A2E 
 211      4A582E8A 
 212 03df A63BD124 		.ascii	"\246;\321$\3075\214\345\336\313\3502'!\232\304\011\321"
 212      C7358CE5 
 212      DECBE832 
 212      27219AC4 
 212      09D1
 213 03f1 5C92B05C 		.ascii	"\\\222\260\\\022YZ)\313\261\246\372\273\030_a,\3733"
 213      12595A29 
 213      CBB1A6FA 
 213      BB185F61 
 213      2CFB33
 214 0404 BA138468 		.ascii	"\272\023\204hNXG\323&ah\023\031\332)\303\276\023\035"
 214      4E5847D3 
 214      26616813 
 214      19DA29C3 
 214      BE131D
 215 0417 C31EB89F 		.ascii	"\303\036\270\2371d\015\015>C\302\334\304O\230\233\313"
 215      31640D0D 
 215      3E43C2DC 
 215      C44F989B 
 215      CB
 216 0428 1296CB22 		.ascii	"\022\226\313\"K\007e\211+.\255T\320%B^7\266Dv\264\354"
 216      4B076589 
 216      2B2EAD54 
 216      D025425E 
 216      37B64476 
 217 043e DFE96A6E 		.ascii	"\337\351jn\353D\264\2618\371\371)\327I\327\315U\272"
 217      EB44B4B1 
 217      38F9F929 
 217      D749D7CD 
 217      55BA
 218 0450 6EAE88EB 		.ascii	"n\256\210\353\346`{\321.%\036g\332\332k\242\012\034"
 218      E6607BD1 
 218      2E251E67 
 218      DADA6BA2 
 218      0A1C
 219 0462 99B6DD65 		.ascii	"\231\266\335e#\256\022m\320\013]\223h\273&j\273N\265"
 219      23AE126D 
 219      D00B5D93 
 219      68BB266A 
 219      BB4EB5
 220 0475 DD4DDD3A 		.ascii	"\335M\335:\200q\225\234\262l~5Z\351\214\033\230S_\325"
 220      8071959C 
 220      B26C7E35 
ARM GAS  /tmp/ccQeeGsN.s 			page 17


 220      5AE98C1B 
 220      98535FD5 
 221 0489 FDC8E39D 		.ascii	"\375\310\343\235vy\026\0347\260[\222&\2765\273\312\345"
 221      7679161C 
 221      37B05B92 
 221      26BE35BB 
 221      CAE5
 222 049b DD3D7C8B 		.ascii	"\335=|\213a`\354\216\351\255\250\024Ct\012O\322H\267"
 222      6160EC8E 
 222      E9ADA814 
 222      43740A4F 
 222      D248B7
 223 04ae D31B300A 		.ascii	"\323\0330\012\274\305\222]\370&\031\013\335B\360\276"
 223      BCC5925D 
 223      F826190B 
 223      DD42F0BE 
 224 04be 75A17781 		.ascii	"u\241w\201\340\234\261\354$g\365Z\221\324YB4\012\373"
 224      E09CB1EC 
 224      2467F55A 
 224      91D45942 
 224      340AFB
 225 04d1 B091EEC3 		.ascii	"\260\221\356\303\267\322k\023\344V\350\032+t\267\200"
 225      B7D26B13 
 225      E456E81A 
 225      2B74B780 
 226 04e1 EEA6E886 		.ascii	"\356\246\350\206\007\325\233\\\351\331\304;\022\261"
 226      07D59B5C 
 226      E9D9C43B 
 226      12B1
 227 04ef A53545F1 		.ascii	"\2455E\361\012z\032\375D\303)\337\220%\307\267Xl\375"
 227      0A7A1AFD 
 227      44C329DF 
 227      9025C7B7 
 227      586CFD
 228 0502 F539EBC8 		.ascii	"\3659\353\310\311\024\363\337m\231\320#6\303\364\034"
 228      C914F3DF 
 228      6D99D023 
 228      36C3F41C 
 229 0512 E387ACFB 		.ascii	"\343\207\254\373\216\321\222}.\370\261\340d\234\271"
 229      8ED1927D 
 229      2EF8B1E0 
 229      649CB9
 230 0521 2EC74F99 		.ascii	".\307O\231\223t\261=Y\201\207\231\223\2276\034\357\201"
 230      9374B13D 
 230      59818799 
 230      9397361C 
 230      EF81
 231 0533 C79873F6 		.ascii	"\307\230s\366\366\3103W*g\012qG\377h\277\312a\023{\326"
 231      F6C83357 
 231      2A670A71 
 231      47FF68BF 
 231      CA61137B 
 232 0548 DCD1BDD7 		.ascii	"\334\321\275\327\001\3078P'c\370\\\203\007\005\276I"
 232      01C73850 
 232      2763F85C 
 232      830705BE 
 232      49
ARM GAS  /tmp/ccQeeGsN.s 			page 18


 233 0559 DCE19D31 		.ascii	"\334\341\23511\0368\236=3\344\2772\271\343d\346\210"
 233      311E389E 
 233      3D33E4BF 
 233      32B9E364 
 233      E688
 234 056b 87B12B3B 		.ascii	"\207\261+;\2143\353\036^r\303i\354\331\263\333\321\343"
 234      8C33EB1E 
 234      5E72C369 
 234      ECD9B3DB 
 234      D1E3
 235 057d 08A733A7 		.ascii	"\010\2473\247\340\366\205T7\012|\217\270\273\323F\325"
 235      E0F68554 
 235      370A7C8F 
 235      B8BBD346 
 235      D5
 236 058e 38933D3A 		.ascii	"8\223=:1\2308\344\214\015\314\351\032\356\252w\242\270"
 236      319838E4 
 236      8C0DCCE9 
 236      1AEEAA77 
 236      A2B8
 237 05a0 79F440AE 		.ascii	"y\364@\256\314LU\260\204\322\307\233\016\344<c\3020"
 237      CC4C55B0 
 237      84D2C79B 
 237      0EE43C63 
 237      C230
 238 05b2 65DD73E3 		.ascii	"e\335s\343\334k\216\367\227\342\361>\312\022\230\325"
 238      DC6B8EF7 
 238      97E2F13E 
 238      CA1298D5 
 239 05c2 D752E861 		.ascii	"\327R\350a9\260\365t\335\217\000\274\217\302\377\240"
 239      39B0F574 
 239      DD8F00BC 
 239      8FC2FFA0 
 240 05d2 07F64BF1 		.ascii	"\007\366K\361\300\336~\271`\300I\212\276\373:t\302\266"
 240      C0DE7EB9 
 240      60C0498A 
 240      BEFB3A74 
 240      C2B6
 241 05e4 B4068473 		.ascii	"\264\006\204sX\024\227\243\356up\270\2009\007\263s\217"
 241      581497A3 
 241      EE7570B8 
 241      803907B3 
 241      738F
 242 05f6 B245F025 		.ascii	"\262E\360%\015\241\363\322e'\\,\344O\250t\\Y\245\323"
 242      0DA1F3D2 
 242      65275C2C 
 242      E44FA874 
 242      5C59A5D3 
 243 060a 746463AD 		.ascii	"tdc\255\022\227\261g\257\212zF8|\2249\367\253\037\361"
 243      1297B167 
 243      AF8A7A46 
 243      387C9439 
 243      F7AB1FF1 
 244 061e 1C05AE20 		.ascii	"\034\005\256 \356\255\376\215]\316\270\334z\000w6@B"
 244      EEADFE8D 
 244      5DCEB8DC 
 244      7A007736 
ARM GAS  /tmp/ccQeeGsN.s 			page 19


 244      4042
 245 0630 6299C969 		.ascii	"b\231\311i\362\244l\340\204\244\274Os\022\225\225k\304"
 245      F2A46CE0 
 245      84A4BC4F 
 245      73129595 
 245      6BC4
 246 0642 42940631 		.ascii	"B\224\0061'\3539V\022\311P\034\347)\366!\350\301+\261"
 246      27EB3956 
 246      12C9501C 
 246      E729F621 
 246      E8C12BB1 
 247 0656 175DA4E8 		.ascii	"\027]\244\350\273\257C\237\177Q\220\345\210k\230\312"
 247      BBAF439F 
 247      7F5190E5 
 247      886B98CA 
 248 0666 B8CAB43C 		.ascii	"\270\312\264<\226\206\037\300\235~\375\342\206\0227"
 248      96861FC0 
 248      9D7EFDE2 
 248      861237
 249 0675 349BFDA6 		.ascii	"4\233\375\246\316\226\374\346\3146\360\2611\003I\307"
 249      CE96FCE6 
 249      CC36F0B1 
 249      310349C7 
 250 0685 2ABD37E7 		.ascii	"*\2757\347\257\347\033\347\321Ab8\214\266pS-/I,GF\374"
 250      AFE71BE7 
 250      D1416238 
 250      8CB67053 
 250      2D2F492C 
 251 069c 00FEC808 		.ascii	"\000\376\310\010\336\260\251,\2606\026Sl\264-6\212b"
 251      DEB0A92C 
 251      B0361653 
 251      6CB42D36 
 251      8A62
 252 06ae 4B90193C 		.ascii	"K\220\031<^\342(\360\016 \033\354 \262\346}i\206>\264"
 252      5EE228F0 
 252      0E201BEC 
 252      20B2E67D 
 252      69863EB4 
 253 06c2 85F6D940 		.ascii	"\205\366\331@\343-\022\236\333b\207\220\215\204Wf\336"
 253      E32D129E 
 253      DB628790 
 253      8D845766 
 253      DE
 254 06d3 27B6D8C7 		.ascii	"'\266\330\307\266\33013\266\337>\226j\330,,\325/\365"
 254      B6D83133 
 254      B6DF3E96 
 254      6AD82C2C 
 254      D52FF5
 255 06e6 32741B9E 		.ascii	"2t\033\236\337\241\217\010\032v\022d\340\346\240\255"
 255      DFA18F08 
 255      1A761264 
 255      E0E6A0AD 
 256 06f6 DC6C9406 		.ascii	"\334l\224\006\266\023l\033X2X&X*\330f\260M`\351`\273"
 256      B6136C1B 
 256      58325826 
 256      582AD866 
 256      B04D60E9 
ARM GAS  /tmp/ccQeeGsN.s 			page 20


 257 070c C152C032 		.ascii	"\301R\3002\300\262\300v\201m\007\333\010\226\004\266"
 257      C0B2C076 
 257      816D07DB 
 257      089604B6 
 258 071c 076C0737 		.ascii	"\007l\0077\233n\342T\340\023\263\300\373\266\002\337"
 258      9B6EE254 
 258      E013B3C0 
 258      FBB602DF 
 259 072c B389E5B1 		.ascii	"\263\211\345\261\031z\317.\324\222\316Q3\362\201-\262"
 259      197ACF2E 
 259      D492CE51 
 259      33F2812D 
 259      B2
 260 073d CC36431B 		.ascii	"\3146C\033-\251\347\355\317\276\205\327d\346}j\177\362"
 260      2DA9E7ED 
 260      CFBE85D7 
 260      64E67D6A 
 260      7FF2
 261 074f 25BC0916 		.ascii	"%\274\011\026\336\027\266\340a\253\351\2172d\224\311"
 261      DE17B6E0 
 261      61ABE98F 
 261      326494C9 
 262 075f 09369EF3 		.ascii	"\0116\236\363D\011\202\006\361\325@\2116\032F\314\032"
 262      44098206 
 262      F1D54089 
 262      361A46CC 
 262      1A
 263 0770 7AEDC766 		.ascii	"z\355\307f\201\376a\206>\262\277\000\315r\243\014\211"
 263      81FE6186 
 263      3EB2BF00 
 263      CD72A30C 
 263      89
 264 0781 4CC2181C 		.ascii	"L\302\030\034\205\257\004\260\270c\011r%\261%Yb\033"
 264      85AF04B0 
 264      B8630972 
 264      25B12559 
 264      621B
 265 0793 B76536D9 		.ascii	"\267e6\331\202\343,\340g\366\3276UL*{c\177\211#\217"
 265      82E32CE0 
 265      67F6D736 
 265      554C2A7B 
 265      637F8923 
 266 07a8 0844261E 		.ascii	"\010D&\036\3712\363R1\246\227\365@\335b\250G\224\353"
 266      F932F352 
 266      31A697F5 
 266      40DD62A8 
 266      4794EB
 267 07bb 77FBAF35 		.ascii	"w\373\2575\033\030\276-\316\014\224Cy1u\216\275\265"
 267      1B18BE2D 
 267      CE0C9443 
 267      7931758E 
 267      BDB5
 268 07cd 8DB261   		.ascii	"\215\262a"
 269 07d0 49FFBF97 		.ascii	"I\377\277\2277\015hG\231+\004\264\027\206\352\261|\250"
 269      370D6847 
 269      992B04B4 
 269      1786EAB1 
ARM GAS  /tmp/ccQeeGsN.s 			page 21


 269      7CA8
 270 07e2 90F8C42F 		.ascii	"\220\370\304/\261\252\335\015\203NVe\302^IP2\224\303"
 270      B1AADD0D 
 270      834E5665 
 270      C25E4950 
 270      3294C3
 271 07f5 B13201AE 		.ascii	"\2612\001\256\222s\330\235\235\303;:\357\016a\2723r"
 271      9273D89D 
 271      9DC33B3A 
 271      EF0E61BA 
 271      3372
 272 0807 C4DDD5BB 		.ascii	"\304\335\325\273m\207\302\262\307\262\217\320\\XHy4"
 272      6D87C2B2 
 272      C7B28FD0 
 272      5C584879 
 272      34
 273 0818 35F9923D 		.ascii	"5\371\222=\2268d\017\257-ns\242|\237\322\343:\333\330"
 273      9638640F 
 273      AF2D6E73 
 273      A27C9FD2 
 273      E33ADBD8 
 274 082c 87289F13 		.ascii	"\207(\237\023\255\241\177?~\234\2351\264&\311\311\031"
 274      ADA17F3F 
 274      7E9C9D31 
 274      B426C9C9 
 274      19
 275 083d D8E636F9 		.ascii	"\330\3466\371\361P$\036\017\205\034=\037\372c\372\212"
 275      F150241E 
 275      0F851C3D 
 275      1FFA63FA 
 275      8A
 276 084e 277C1217 		.ascii	"'|\022\027\200\232}T\315~\252\246\210\251\331O\325T"
 276      809A7D54 
 276      CD7EAAA6 
 276      88A9D94F 
 276      D554
 277 0860 EF6A1C57 		.ascii	"\357j\034W\342Q\266\353\037\357\353\215V@QX[:\220Y\276"
 277      E251B6EB 
 277      1FEFEB8D 
 277      56405158 
 277      5B3A9059 
 278 0875 7F495D2E 		.ascii	"\177I].l\350\244\354E\273k\247\320R\252\230\263\324"
 278      6CE8A4EC 
 278      45BB6BA7 
 278      D052AA98 
 278      B3D4
 279 0887 8570CFEA 		.ascii	"\205p\317\352\302\003\034\251\013s{\213\236`|\300\221"
 279      C2031CA9 
 279      0B737B8B 
 279      9E607CC0 
 279      91
 280 0898 123D6DBB 		.ascii	"\022=m\2732\342L\211J\253\212\363\260\371s\316\213\025"
 280      32E24C89 
 280      4AAB8AF3 
 280      B0F973CE 
 280      8B15
 281 08aa 64129612 		.ascii	"d\022\226\022\221\245\224\262t\267_nQ\342\032\306\222"
ARM GAS  /tmp/ccQeeGsN.s 			page 22


 281      91A594B2 
 281      74B75F6E 
 281      51E21AC6 
 281      92
 282 08bb 53587853 		.ascii	"SXxS\311X\366\345\217\273\332\260\224IX\312D\226\203"
 282      C958F6E5 
 282      8FBBDAB0 
 282      944958CA 
 282      449683
 283 08ce 94A5A77D 		.ascii	"\224\245\247}\220W\342V\306\222\327_\331\313\2022\024"
 283      9057E256 
 283      C692D75F 
 283      D9CB8232 
 283      14
 284 08df 1E0A641F 		.ascii	"\036\012d\037\2051q\034\373\0308$!9$\222\034\346&+\302"
 284      8531711C 
 284      FB183824 
 284      21392492 
 284      1CE6262B 
 285 08f4 AF1F1A7F 		.ascii	"\257\037\032\177\3541i\275}\224#\365\366\021N\250\267"
 285      EC3169BD 
 285      7D9423F5 
 285      F6114EA8 
 285      B7
 286 0905 C78DC9BC 		.ascii	"\307\215\311\274\002\337`*\366<\270\232\254\304\017"
 286      02DF602A 
 286      F63CB89A 
 286      ACC40F
 287 0914 99D37F66 		.ascii	"\231\323\177f\374\220\003P\243\343tH\362\375\262\245"
 287      FC900350 
 287      A3E37448 
 287      F2FDB2A5 
 288 0924 7608B1CC 		.ascii	"v\010\261\314\217T\030?\357?\3103\241(*v\026\341E\307"
 288      8F54183F 
 288      EF3FC833 
 288      A1282A76 
 288      16E145C7 
 289 0938 44A1A81C 		.ascii	"D\241\250\034\370\211\313\264\236\240ZM{\357\015!|\204"
 289      F889CBB4 
 289      9EA05A4D 
 289      7BEF0D21 
 289      7C84
 290 094a FD07A2A6 		.ascii	"\375\007\242\246\250q\243\2438\213=\276\023g\261B\022"
 290      A871A3A3 
 290      388B3DBE 
 290      1367B142 
 290      12
 291 095b 74854854 		.ascii	"t\205HTI\211^\236\251K\344p\023#\032\334\273\263D\316"
 291      49895E9E 
 291      A94BE470 
 291      13231ADC 
 291      BBB344CE 
 292 096f 32575D66 		.ascii	"2W]f\233\271*\011I\225HRMI\352\263;\267;\341[\002\311"
 292      9BB92A09 
 292      49954852 
 292      4D49EAB3 
 292      3BB73BE1 
ARM GAS  /tmp/ccQeeGsN.s 			page 23


 293 0986 DD921637 		.ascii	"\335\222\0267q)\224\330.\205\032\011K\215\310RKY\266"
 293      712994D8 
 293      2E851A09 
 293      4B8DC852 
 293      4B59B6
 294 0999 5F6CF2C4 		.ascii	"_l\362\304\203\214\304p\243\365+a!l\310v\263\341\250"
 294      838CC470 
 294      A3F52B61 
 294      216CC876 
 294      B3E1A8
 295 09ac 9370D489 		.ascii	"\223p\324\211\034\365\224cW\313\315\007r\274\336\231"
 295      1CF59463 
 295      57CBCD07 
 295      72BCDE99 
 296 09bc 928CC7B4 		.ascii	"\222\214\307\264t9\260p\256MX\010'%$'E\222S\224\344"
 296      7439B070 
 296      AE4D5808 
 296      27252427 
 296      45925394 
 297 09d1 5C464E0E 		.ascii	"\\FN\016\333\000\014\264\2165\035\355\354fo\354\"\272"
 297      DB000CB4 
 297      8E351DED 
 297      EC666FEC 
 297      22BA
 298 09e3 215CE88C 		.ascii	"!\\\350\214w\300\251l\214\350\226Gw<\360.\346\360\311"
 298      77C0A96C 
 298      8CE89647 
 298      773CF02E 
 298      E6F0C9
 299 09f6 F76331DE 		.ascii	"\367c1\336\303\234\370\324\230\373\3168\2179m\005)q"
 299      C39CF8D4 
 299      98FBCE38 
 299      8F396D05 
 299      2971
 300 0a08 CEB89039 		.ascii	"\316\270\2209\243\027\356\037\301\370\020s\216$\337"
 300      A317EE1F 
 300      C1F81073 
 300      8E24DF
 301 0a17 DF2DC795 		.ascii	"\337-\307\225\3149\335\271\376\201#>\311\234\253\371"
 301      CC39DDB9 
 301      FE81233E 
 301      C99CABF9 
 302 0a27 1BB638E3 		.ascii	"\033\2668\343\263\314\331\234\233\266\236\303m\314\251"
 302      B3CCD99C 
 302      9BB69EC3 
 302      6DCCA9
 303 0a36 69B8B057 		.ascii	"i\270\260W\201\2570\347\371\363d\250\250n0\247)g\347"
 303      81AF30E7 
 303      F9F364A8 
 303      A86E30A7 
 303      2967E7
 304 0a49 A83BEE61 		.ascii	"\250;\356a\316\213\373\027k\021~H\035\217\321\276\236"
 304      CE8BFB17 
 304      6B117E48 
 304      1D8FD1BE 
 304      9E
 305 0a5a 568558D1 		.ascii	"V\205X\321\261\222N(\345z\333\014\336\233s\315\245\\"
ARM GAS  /tmp/ccQeeGsN.s 			page 24


 305      B1924E28 
 305      E57ADB0C 
 305      DE9B73CD 
 305      A55C
 306 0a6c 2324E6E6 		.ascii	"#$\346\346k\316}I\031\325d\027*9\226vZ\260m\266\330"
 306      6BCE7D49 
 306      19D56417 
 306      2A399676 
 306      5AB06DB6 
 307 0a81 092597A4 		.ascii	"\011%\227\244H8o\013\356\263\005gX\300\227l\301\023"
 307      48386F0B 
 307      EEB30567 
 307      58C0976C 
 307      C113
 308 0a93 CA84440B 		.ascii	"\312\204D\013\370\254-xB\255\"9w\317\331\227a\311E\272"
 308      F8AC2D78 
 308      42AD2239 
 308      77CFD997 
 308      61C945BA 
 309 0aa7 05DB625F 		.ascii	"\005\333b_\305\204\322\3574l\316\015ts\276)\234\215"
 309      C584D2EF 
 309      346CCE0D 
 309      7473BE29 
 309      9C8D
 310 0ab9 B7E16CBC 		.ascii	"\267\341l\274\014gZ\007\330-\260k`\327\301\256\200\335"
 310      0C675A07 
 310      D82DB06B 
 310      60D7C1AE 
 310      80DD
 311 0acb 013382DD 		.ascii	"\0013\202\335\000\273\012\326\005\326\011\326--\357"
 311      00BB0AD6 
 311      05D609D6 
 311      2D2DEF
 312 0ada 245550B3 		.ascii	"$UP\263\375\360,\212wX\260\255\366g\304\202M\266`/\332"
 312      FDF02C8A 
 312      7758B0AD 
 312      F667C482 
 312      4DB6602F 
 313 0aef 622714C1 		.ascii	"b'\024\301\231\026p\273-XR\212\321\003{\234V 7\355W"
 313      991670BB 
 313      2D58528A 
 313      D1037B9C 
 313      562037ED 
 314 0b04 209BCA72 		.ascii	" \233\312r$\025\310\005\373\003\177 \024 {\257\235<"
 314      2415C805 
 314      FB037F20 
 314      14207BAF 
 314      9D3C
 315 0b16 665B8088 		.ascii	"f[\200\210\031Fw!\261\377\213$S\315Y\264\310\350\001"
 315      19467721 
 315      B1FF8B24 
 315      53CD59B4 
 315      C8E801
 316 0b29 BA33E69D 		.ascii	"\2723\346\235\203\206 \026\031\246=\255\337[\325\030"
 316      83862016 
 316      19A63DAD 
 316      DF5BD518 
ARM GAS  /tmp/ccQeeGsN.s 			page 25


 317 0b39 3D5635C6 		.ascii	"=V5\306=\241\306\270Gk\214\355\205/\0378\340\\\005}"
 317      3DA1C6B8 
 317      476B8CED 
 317      852F1F38 
 317      E05C057D 
 318 0b4d 4FCF149F 		.ascii	"O\317\024\237\276\346\206\0173\247oK\337+w\\\301\234"
 318      BEE6860F 
 318      33A76F4B 
 318      DF2B775C 
 318      C19C
 319 0b5f CABC0DD5 		.ascii	"\312\274\015\325.\270\236:\216g\223N5;!\362\356\262"
 319      2EB89E3A 
 319      8E67934E 
 319      353B21F2 
 319      EEB2
 320 0b71 17D7585D 		.ascii	"\027\327X]\324\354*\276\265\017AT\377k\327ue\221\243"
 320      D4EC2ABE 
 320      B50F4154 
 320      FF6BD775 
 320      6591A3
 321 0b84 E40DEF9F 		.ascii	"\344\015\357\237\344\265\225&\322\3625\335/d\361\011"
 321      E4B59526 
 321      D2F235DD 
 321      2F64F109 
 322 0b94 64710032 		.ascii	"dq\0002\363\010\3541X\237t\031V\231\007x`_\214e\001"
 322      F308EC31 
 322      589F7419 
 322      56990778 
 322      605F8C65 
 323 0ba9 94179105 		.ascii	"\224\027\221\005\320o\177\001TH\302\352\265+U\234\375"
 323      D06F7F01 
 323      5448C2EA 
 323      B52B559C 
 323      FD
 324 0bba 8E4BC309 		.ascii	"\216K\303\011\036h\316T\312Y\363\2253z\012\320\373\226"
 324      1E68CE54 
 324      CA59F395 
 324      337A0AD0 
 324      FB96
 325 0bcc E9E917A7 		.ascii	"\351\351\027\247\307^Th\020\202\371\263\300\310\207"
 325      C75E5468 
 325      1082F9B3 
 325      C0C887
 326 0bdb 7EDCBE65 		.ascii	"~\334\276eV\363\372\324j^\237\011\363\372\214\316kR"
 326      56F3FAD4 
 326      6A5E9F09 
 326      F3FA8CCE 
 326      6B52
 327 0bed 666796F5 		.ascii	"fg\226\365\177\205\257Z\375CjH@\223\253< \310?\302y"
 327      7F85AF5A 
 327      FD436A48 
 327      4093AB3C 
 327      20C83FC2 
 328 0c02 6D70987E 		.ascii	"mp\230~\341\002\255\336q\3317\337\315T\313\224Z\255"
 328      E102ADDE 
 328      71D937DF 
 328      CD54CB94 
ARM GAS  /tmp/ccQeeGsN.s 			page 26


 328      5AAD
 329 0c14 D8F2916A 		.ascii	"\330\362\221jmd\204*8, dm\240N\025\246\3735$x\225*\324"
 329      6D64842A 
 329      382C2064 
 329      6DA04E15 
 329      A6FB3524 
 330 0c2c 3F202838 		.ascii	"? (8L\247\322\006\352V\373\257\015\321k\365\277\375"
 330      4CA7D206 
 330      EA56FBAF 
 330      0DD16BF5 
 330      BFFD
 331 0c3e AC8B9C1B 		.ascii	"\254\213\234\033$\233m\017\035\371[\244J\033\251\017"
 331      249B6D0F 
 331      1DF95BA4 
 331      4A1BA90F 
 332 0c4e 04468038 		.ascii	"\004F\2008\177\257\013\320\207Gx\315\373x\356\\\225"
 332      7FAF0BD0 
 332      874778CD 
 332      FB78EE5C 
 332      95
 333 0c5f 3A287855 		.ascii	":(xU\360\267~\252\360HU\220\177\210\352\347\360\010"
 333      F0B77EAA 
 333      F0485590 
 333      7F88EAE7 
 333      F008
 334 0c71 7DA4CA6F 		.ascii	"}\244\312o\245\357\302\005\252\257\277\366V\255\364"
 334      A5EFC205 
 334      AAAFBFF6 
 334      56ADF4
 335 0c80 F1FD653E 		.ascii	"\361\375e>y\002\335\265!!\201s\003d.\354N\033\034\026"
 335      7902DDB5 
 335      21218173 
 335      03642EEC 
 335      4E1B1C16 
 336 0c94 ACF7D492 		.ascii	"\254\367\324\222\016\332\340\210\177ku?\007\207\204"
 336      0EDAE088 
 336      7F6B753F 
 336      078784
 337 0ca3 AF59AB53 		.ascii	"\257Y\253SY\223\006\204\207\206\206\207\011\274\213"
 337      59930684 
 337      87868687 
 337      09BC8B
 338 0cb2 35BE6ADF 		.ascii	"5\276j\337u\252\200\240\200\360\010\235\366\227OBA\315"
 338      75AA80A0 
 338      80F0089D 
 338      F6974F42 
 338      41CD
 339 0cc4 14AD3EC2 		.ascii	"\024\255>\302?@\247\015\216\214\320\206\350\374\177"
 339      3F40A70D 
 339      8E8CD086 
 339      E8FC7F
 340 0cd3 D1BD6B4D 		.ascii	"\321\275kM\020\2417G\023\020D\241\320i\2326p\325\032"
 340      10A13747 
 340      131044A1 
 340      D0699A36 
 340      70D51A
 341 0ce6 6D40902E 		.ascii	"m@\220.\340_\254\023\351\376\272\216\201\272Uk\327@"
ARM GAS  /tmp/ccQeeGsN.s 			page 27


 341      E05FAC13 
 341      E9FEBA8E 
 341      81BA556B 
 341      D740
 342 0cf8 C719928E 		.ascii	"\307\031\222\216k\303B\302\341\262:\"<\224t\367\014"
 342      6BC342C2 
 342      E1B23A22 
 342      3C9474F7 
 342      0C
 343 0d09 08F2FB2D 		.ascii	"\010\362\373-rep\250.b\271\177X`\210.\302g\326k\030"
 343      726570A8 
 343      2E62B97F 
 343      5860882E 
 343      C267D66B 
 344 0d1e 21A7C0F7 		.ascii	"!\247\300\367\246T\210\224M\252P\027\246\327E\220Fi"
 344      A6548894 
 344      4DAA5017 
 344      A6D74590 
 344      4669
 345 0d30 ACB4714A 		.ascii	"\254\264qJ\330/\301\001K\302\374W\205\350\330\244|4"
 345      D82FC101 
 345      4BC2FC57 
 345      85E8D8A4 
 345      7C34
 346 0d42 D9940879 		.ascii	"\331\224\010y\0242H\272\221\231\324jW\257\015\013\320"
 346      143248BA 
 346      9199D46A 
 346      57AF0D0B 
 346      D0
 347 0d53 6ADDC49B 		.ascii	"j\335\304\233\271\237|2\377S\2058\301d\256B\311\032"
 347      B99F7C32 
 347      FF538538 
 347      C164AE42 
 347      C91A
 348 0d65 0A0ED5EA 		.ascii	"\012\016\325\352\261Z3\037l\201\334\317W\255\221{\373"
 348      B15A331F 
 348      6C81DCCF 
 348      57AD917B 
 348      FB
 349 0d76 2CD1707E 		.ascii	",\321p~\032\274d\231\306A\255\366\325\314\247\177\027"
 349      1ABC6499 
 349      C641ADF6 
 349      D5CCA77F 
 349      17
 350 0d87 C8D5EA25 		.ascii	"\310\325\352%\032\254\376f%^\341\247\306\2135\032\254"
 350      1AACFE66 
 350      255EE1A7 
 350      C68B351A 
 350      AC
 351 0d98 51830F1D 		.ascii	"Q\203\017\035\274\274Wj\2607\351\351\273X\303}\313z"
 351      BCBC576A 
 351      B037E9E9 
 351      BB58C37D 
 351      CB7A
 352 0daa 2D04FC0F 		.ascii	"-\004\374\017\232E\377\355:2\253\001\355\236\341\221"
 352      9A45FFED 
 352      3A32AB01 
ARM GAS  /tmp/ccQeeGsN.s 			page 28


 352      ED9EE191 
 353 0dba FE2190F0 		.ascii	"\376!\220\360\257!kK!i>~\232Y\023y\010\210\344\235\\"
 353      AF216B4B 
 353      21693E7E 
 353      9A591379 
 353      0888E49D 
 354 0dcf C962A173 		.ascii	"\311b\241s$\351\342I\327\237U\346\025\346&\310J\244"
 354      24E9E249 
 354      D79F55E6 
 354      15E626C8 
 354      4AA4
 355 0de1 4EAFF55A 		.ascii	"N\257\365Z\354\267d\205\306\307\315?\344W\377\337\""
 355      ECB76485 
 355      C6C7CD3F 
 355      E457FFDF 
 355      22
 356 0df2 61DD86C0 		.ascii	"a\335\206\300\233\363\231\335e\252[\247')V\251}\375"
 356      9BF399DD 
 356      65AA5BA7 
 356      272956A9 
 356      7DFD
 357 0e04 7CFC546A 		.ascii	"|\374TjX\245*\037q\306C#\203#\265k\002H\336\247\022"
 357      58A52A1F 
 357      71C64323 
 357      8323B56B 
 357      0248DEA7 
 358 0e19 39DF5AAF 		.ascii	"9\337Z\257\225iB<\337\321U%\312\243z\255\232\246Qy6"
 358      9569423C 
 358      DFD15525 
 358      CAA37AAD 
 358      9AA65179 
 359 0e2e 6BCF45D2 		.ascii	"k\317E\322\350\242Q\253\265+\341u\366\326\255\346 \337"
 359      E8A251AB 
 359      B52BE175 
 359      F6D6ADE6 
 359      20DF
 360 0e40 EAA5CB60 		.ascii	"\352\245\313`\006|4\316\213Wx-\320\370\255\2447\363"
 360      067C34CE 
 360      8B57782D 
 360      D0F8ADA4 
 360      37F3
 361 0e52 C98DE3E2 		.ascii	"\311\215\343\342\345^K\276\3218\221\007\302u>\\a\252"
 361      E55E4BBE 
 361      D1389107 
 361      C2753E5C 
 361      61AA
 362 0e64 C89CF941 		.ascii	"\310\234\371A\303r/\202s \024\013\350\337\205\213&\215"
 362      C3722F82 
 362      7320140B 
 362      E8DF858B 
 362      268D
 363 0e76 DB6F259B 		.ascii	"\333o%\233\257\245\013\327\255c3\265z\341\274\205\353"
 363      AFA50BD7 
 363      AD6333B5 
 363      7AE1BC85 
 363      EB
 364 0e87 48BCEEDE 		.ascii	"H\274\356\336^\313|\325\337\211\252\034}\274\325\337"
ARM GAS  /tmp/ccQeeGsN.s 			page 29


 364      5ECB7CD5 
 364      DF89AA1C 
 364      7DBCD5DF 
 365 0e97 7A2F7124 		.ascii	"z/q$\343-\375\221\\\026,\375\361?\253vl\000"
 365      E32DFD91 
 365      5C162CFD 
 365      F13FAB76 
 365      6C00
 366              		.text
 367              		.section	.gnu.lto_.symtab.c28cfe04ca1611f4,"",%progbits
 368 0000 56656374 		.ascii	"VectorB0\000\000\000\000\000\000\000\000\000\000\000"
 368      6F724230 
 368      00000000 
 368      00000000 
 368      000000
 369 0013 00C10000 		.ascii	"\000\301\000\000\000st_lld_init\000\000\000\000\000"
 369      0073745F 
 369      6C6C645F 
 369      696E6974 
 369      00000000 
 370 0028 00000000 		.ascii	"\000\000\000\000\000\000\000\303\000\000\000_port_i"
 370      000000C3 
 370      0000005F 
 370      706F7274 
 370      5F69
 371 003a 72715F65 		.ascii	"rq_epilogue\000\000\002\000\000\000\000\000\000\000"
 371      70696C6F 
 371      67756500 
 371      00020000 
 371      00000000 
 372 004f 0000C500 		.ascii	"\000\000\305\000\000\000_trace_isr_leave\000\000\002"
 372      00005F74 
 372      72616365 
 372      5F697372 
 372      5F6C6561 
 373 0068 00000000 		.ascii	"\000\000\000\000\000\000\000\000\000\312\000\000\000"
 373      00000000 
 373      00CA0000 
 373      00
 374 0075 5F646267 		.ascii	"_dbg_check_leave_isr\000\000\002\000\000\000\000\000"
 374      5F636865 
 374      636B5F6C 
 374      65617665 
 374      5F697372 
 375 0091 00000000 		.ascii	"\000\000\000\000\314\000\000\000_dbg_check_unlock_f"
 375      CC000000 
 375      5F646267 
 375      5F636865 
 375      636B5F75 
 376 00ac 726F6D5F 		.ascii	"rom_isr\000\000\002\000\000\000\000\000\000\000\000"
 376      69737200 
 376      00020000 
 376      00000000 
 376      0000
 377 00be 00CE0000 		.ascii	"\000\316\000\000\000chSysTimerHandlerI\000\000\002\000"
 377      00636853 
 377      79735469 
ARM GAS  /tmp/ccQeeGsN.s 			page 30


 377      6D657248 
 377      616E646C 
 378 00d9 00000000 		.ascii	"\000\000\000\000\000\000\000\000\320\000\000\000_db"
 378      00000000 
 378      D0000000 
 378      5F6462
 379 00e8 675F6368 		.ascii	"g_check_lock_from_isr\000\000\002\000\000\000\000\000"
 379      65636B5F 
 379      6C6F636B 
 379      5F66726F 
 379      6D5F6973 
 380 0105 00000000 		.ascii	"\000\000\000\000\322\000\000\000_dbg_check_enter_is"
 380      D2000000 
 380      5F646267 
 380      5F636865 
 380      636B5F65 
 381 0120 72000002 		.ascii	"r\000\000\002\000\000\000\000\000\000\000\000\000\324"
 381      00000000 
 381      00000000 
 381      00D4
 382 012e 0000005F 		.ascii	"\000\000\000_trace_isr_enter\000\000\002\000\000\000"
 382      74726163 
 382      655F6973 
 382      725F656E 
 382      74657200 
 383 0147 00000000 		.ascii	"\000\000\000\000\000\000\326\000\000\000nvicEnableV"
 383      0000D600 
 383      00006E76 
 383      6963456E 
 383      61626C65 
 384 015c 6563746F 		.ascii	"ector\000\000\002\000\000\000\000\000\000\000\000\000"
 384      72000002 
 384      00000000 
 384      00000000 
 384      00
 385 016d DB000000 		.ascii	"\333\000\000\000"
 386              		.text
 387              		.section	.gnu.lto_.opts,"",%progbits
 388 0000 272D666E 		.ascii	"'-fno-trapv' '-mcpu=cortex-m4' '-mfloat-abi=hard' '"
 388      6F2D7472 
 388      61707627 
 388      20272D6D 
 388      6370753D 
 389 0033 2D6D6670 		.ascii	"-mfpu=fpv4-sp-d16' '-mno-thumb-interwork' '-mthumb'"
 389      753D6670 
 389      76342D73 
 389      702D6431 
 389      36272027 
 390 0066 20272D67 		.ascii	" '-ggdb' '-O2' '-fomit-frame-pointer' '-falign-func"
 390      67646227 
 390      20272D4F 
 390      32272027 
 390      2D666F6D 
 391 0099 74696F6E 		.ascii	"tions=16' '-ffunction-sections' '-fdata-sections' '"
 391      733D3136 
 391      2720272D 
 391      6666756E 
ARM GAS  /tmp/ccQeeGsN.s 			page 31


 391      6374696F 
 392 00cc 2D666E6F 		.ascii	"-fno-common' '-flto'\000"
 392      2D636F6D 
 392      6D6F6E27 
 392      20272D66 
 392      6C746F27 
 393              		.text
 394              		.comm	__gnu_lto_v1,1,1
 395              		.comm	__gnu_lto_slim,1,1
 396              		.ident	"GCC: (15:4.9.3+svn231177-1) 4.9.3 20150529 (prerelease)"
ARM GAS  /tmp/ccQeeGsN.s 			page 32


DEFINED SYMBOLS
                            *ABS*:0000000000000000 hal_st_lld.c
                            *COM*:0000000000000001 __gnu_lto_v1
                            *COM*:0000000000000001 __gnu_lto_slim

NO UNDEFINED SYMBOLS
