ARM GAS  /tmp/cch3NsP8.s 			page 1


   1              		.syntax unified
   2              		.cpu cortex-m4
   3              		.eabi_attribute 27, 1
   4              		.eabi_attribute 28, 1
   5              		.fpu fpv4-sp-d16
   6              		.eabi_attribute 20, 1
   7              		.eabi_attribute 21, 1
   8              		.eabi_attribute 23, 3
   9              		.eabi_attribute 24, 1
  10              		.eabi_attribute 25, 1
  11              		.eabi_attribute 26, 1
  12              		.eabi_attribute 30, 2
  13              		.eabi_attribute 34, 1
  14              		.eabi_attribute 18, 4
  15              		.thumb
  16              		.file	"hal_pal.c"
  17              		.text
  18              	.Ltext0:
  19              		.section	.gnu.lto_.profile.d46e469de1ea094e,"",%progbits
  20 0000 789C6366 		.ascii	"x\234cf```a\200\000F\206\010C\000\001U\000\222"
  20      60606061 
  20      80004686 
  20      08430001 
  20      550092
  21              		.text
  22              		.section	.gnu.lto_.jmpfuncs.d46e469de1ea094e,"",%progbits
  23 0000 789C6366 		.ascii	"x\234cf\300\016\312\24043\003##c=#\323G&\306i\375Wv"
  23      C00ECAA0 
  23      34330323 
  23      23633D23 
  23      D34726C6 
  24 0018 30D7FE6E 		.ascii	"0\327\376n\230\321\300\361\223\211\341/\023P\226q9c"
  24      98D1C0F1 
  24      9389E12F 
  24      13509671 
  24      3963
  25 002a 2D031313 		.ascii	"-\003\023\023##s=\0265\214\177\231\030\201jV\000\325"
  25      2323733D 
  25      16358C7F 
  25      9918816A 
  25      5600D5
  26 003d B080D530 		.ascii	"\260\200\32502\203\215,\007\211b\250f\372\313\0044\222"
  26      32838D2C 
  26      078962A8 
  26      66FACB04 
  26      3492
  27 004f 71255035 		.ascii	"q%P5\003\000\360( \301"
  27      0300F028 
  27      20C1
  28              		.text
  29              		.section	.gnu.lto_.inline.d46e469de1ea094e,"",%progbits
  30 0000 789C6366 		.ascii	"x\234cf\300\016L\031!43\003\203\200\010#\033C\306G&"
  30      C00E4C19 
  30      21343303 
  30      83800823 
  30      1B43C647 
  31 0015 C6FB4FCE 		.ascii	"\306\373O\316_\344x\301\364\223\011(\310\270\234Q\212"
ARM GAS  /tmp/cch3NsP8.s 			page 2


  31      5FE478C1 
  31      F4930928 
  31      C8B89C51 
  31      8A
  32 0026 81211342 		.ascii	"\201!\023B\245\001%\327\037=}\210\015$\311\302\317\300"
  32      A50125D7 
  32      1F3D7D88 
  32      0D24C9C2 
  32      CFC0
  33 0038 B882518A 		.ascii	"\270\202Q\212\331\201!\025J\203\214bd`v`\345\\\341\306"
  33      D9812115 
  33      4A838C62 
  33      64607660 
  33      E55CE1C6 
  34 004c C079C38C 		.ascii	"\300y\303\214\211\201e\201<Px\011{\003#\007\023\003"
  34      89816581 
  34      3C507809 
  34      7B032307 
  34      1303
  35 005e EB161520 		.ascii	"\353\026\025 \015\262\214\211\233A\004\250\222\211A"
  35      0DB28C89 
  35      9B4104A8 
  35      928941
  36 006d 5492919D 		.ascii	"T\222\221\235!\003\325\016\034\2062\002\031l\202/Z\030"
  36      2103D50E 
  36      1C863202 
  36      196C822F 
  36      5A18
  37 007f 719BCC74 		.ascii	"q\233\314t\201\277\201\011\311|\026\006!y\220\227\210"
  37      81BF8109 
  37      C97C1606 
  37      21799097 
  37      88
  38 0090 329F95B5 		.ascii	"2\237\225\265C\035\257\243Yx\201\2414\301\017\004\241"
  38      431DAFA3 
  38      597881A1 
  38      34C10F04 
  38      A1
  39 00a1 E6330000 		.ascii	"\3463\000\000\332\2543R"
  39      DAAC3352 
  40              		.text
  41              		.section	.gnu.lto_.pureconst.d46e469de1ea094e,"",%progbits
  42 0000 789C6366 		.ascii	"x\234cf```g\200\000f\006)&)\026I\000\001\303\000a"
  42      60606067 
  42      80006606 
  42      29262916 
  42      490001C3 
  43              		.text
  44              		.section	.gnu.lto_palReadBus.d46e469de1ea094e,"",%progbits
  45 0000 789C8D52 		.ascii	"x\234\215RQK\024Q\024>\337\2753\263\263;k\232O!\021"
  45      514B1451 
  45      143EDFBD 
  45      33B3B33B 
  45      6B9A4F21 
  46 0015 42984FBA 		.ascii	"B\230O\272\364\017\002\177@\017\375\200P_\024\204\""
  46      F40F027F 
  46      400FFD80 
ARM GAS  /tmp/cch3NsP8.s 			page 3


  46      505F1484 
  46      22
  47 0026 097A591C 		.ascii	"\011zY\034u\211 Q\021\211\0151\215\2104s\267\26545\013"
  47      75892051 
  47      11890D31 
  47      8D883473 
  47      B7B53435 
  48 003b 110AA132 		.ascii	"\021\012\2412B\323\224\260\2076(\250\320\014r\013\261"
  48      42D394B0 
  48      873628A8 
  48      D00C720B 
  48      B1
  49 004c 73EE6CBA 		.ascii	"s\356l\272\320\213\003s\357|\367|\347;\347;w4\375\377"
  49      D08B0373 
  49      EF7CF77C 
  49      E73BE73B 
  49      7734FDFF 
  50 0060 D4F0DBA1 		.ascii	"\324\360\333\241\211N\360\016\207\240\272\027\210Z]"
  50      894EF00E 
  50      87A0BA17 
  50      885A5D
  51 006f A5AC419B 		.ascii	"\245\254A\233\374\210\336\230'\362\243ZYK1\206\366\314"
  51      FC88DE98 
  51      27F2A35A 
  51      594B3186 
  51      F6CC
  52 0081 314616EC 		.ascii	"1F\026\354\200e\003\362A\240\026\245-\033-\370\2426"
  52      806503F2 
  52      41A016A5 
  52      2D1B2DF8 
  52      A236
  53 0093 15A6523F 		.ascii	"\025\246R?_y\237UNQ91\234\356\231O:\002a\011\\YN\256"
  53      5F799F55 
  53      4E513931 
  53      9CEE994F 
  53      3A026109 
  54 00ab 842B6FFB 		.ascii	"\204+o\373~\333FO\346\322\365\336A\216(\332R\204;(\303"
  54      7EDB464F 
  54      E6D2F5DE 
  54      418E28DA 
  54      52843B28 
  55 00c0 10CA4470 		.ascii	"\020\312Dp\030\225L\335h]\315\206\364qH\332\362\352"
  55      18954CDD 
  55      685DCD86 
  55      F47148DA 
  55      F2EA
  56 00d2 EAA25371 		.ascii	"\352\242Sq\213\323f\027\306\374SVNi\334\205.\314\343"
  56      8BD36617 
  56      C6FC5356 
  56      4E69DC85 
  56      2ECCE3
  57 00e5 23C2082A 		.ascii	"#\302\010*\204\276\231\330Y\361\234\204\357\373%;\212"
  57      84BE99D8 
  57      59F19C84 
  57      EFFB253B 
  57      8A
  58 00f6 449E55EF 		.ascii	"D\236U\357\301\001o|\220.\235\365ww?\216~\315XE\012"
ARM GAS  /tmp/cch3NsP8.s 			page 4


  58      C1016F7C 
  58      902E9DF5 
  58      77773F8E 
  58      7ECD5845 
  59 010b 926471BA 		.ascii	"\222dq\272\345\360b\207xq\\\201a^B\021\201\236,Q\222"
  59      E5F06287 
  59      78715C81 
  59      615E4211 
  59      819E2C51 
  60 0120 4E29CBAF 		.ascii	"N)\313\257\330\376\304\200w\375\026\211w\355\351\016"
  60      D8FEC480 
  60      77FD1689 
  60      77EDE90E 
  61 0130 2DF2BF94 		.ascii	"-\362\277\224\014\340C\366\365\033W\034\363`1j\034\011"
  61      0CE043F6 
  61      F51B571C 
  61      F360316A 
  61      1C09
  62 0142 5D134F53 		.ascii	"]\023OS\257\241m\002\001\327b\356\370\366\300\267\242"
  62      AFA16D02 
  62      01D762EE 
  62      F8F6C0B7 
  62      A2
  63 0153 7EF421A7 		.ascii	"~\364!\247\\\316\016\350|\376}\256\363wq\325\210_\222"
  63      5CCE0EE8 
  63      7CFE7DAE 
  63      F37771D5 
  63      885F92
  64 0166 5361A4D0 		.ascii	"Sa\244\320\217\037b\201\220F\025q\305\005\275/\221~"
  64      8F1F6281 
  64      90461571 
  64      C505BD2F 
  64      917E
  65 0178 F662CE0C 		.ascii	"\366b\316\0148\\L\270\277W\316\242\265\223\372=,!\212"
  65      385C4CB8 
  65      BF57CEA2 
  65      B593FA3D 
  65      2C218A
  66 018b E28DC5CE 		.ascii	"\342\215\305\316\224\212\377\361\257\370nNE\266\224"
  66      948AFFF1 
  66      AFF86E4E 
  66      45B694
  67 019a 8C2283B8 		.ascii	"\214\"\203\270\204\256u-Mj\016%%\344\311\300\250\320"
  67      84AE752D 
  67      4D6A0E25 
  67      25E4C9C0 
  67      A8D0
  68 01ac 8667E070 		.ascii	"\206g\340pW\357$\367\321\327\332-\254(\306\020\307\203"
  68      57EF24F7 
  68      D1D7DA2D 
  68      AC28C610 
  68      C783
  69 01be 7CB703D9 		.ascii	"|\267\003\331\241\244\307\002G\230\214\207\3142E1\216"
  69      A1A4C702 
  69      47988C87 
  69      CC324531 
  69      8E
ARM GAS  /tmp/cch3NsP8.s 			page 5


  70 01cf 784E1599 		.ascii	"xN\025\231nl3+1\277\371\374f\276y\347`\376\017a\302"
  70      6E6C332B 
  70      31BFF9FC 
  70      66BE79E7 
  70      60FE0F61 
  71 01e4 F887F87F 		.ascii	"\370\207\370\177\304\376\3270\367o\204\241\302>\213"
  71      C4FED730 
  71      F76F84A1 
  71      C23E8B
  72 01f3 4D668162 		.ascii	"Mf\201b\011\327\300d^1\373\362\352\204\313\212\011\016"
  72      09D7C064 
  72      5E31FBF2 
  72      EA84CB8A 
  72      090E
  73 0205 1CC69491 		.ascii	"\034\306\224\2214\277\305\264\221\334\273\025\367\240"
  73      34BFC5B4 
  73      91DCBB15 
  73      F7A0
  74 0213 B7F278FF 		.ascii	"\267\362x\377Vf\002\211\365P \021f\025\306\355\353N"
  74      56660289 
  74      F5502011 
  74      6615C6ED 
  74      EB4E
  75 0225 8023DC28 		.ascii	"\200#\334(\237\026V\361\016V\245\024OL\025-U\236\232"
  75      9F1656F1 
  75      0E56A514 
  75      4F4C152D 
  75      559E9A
  76 0238 2AEDDB97 		.ascii	"*\355\333\227\217\006\032Q\243\354\321:\362\242Q\222"
  76      8F061A51 
  76      A3ECD13A 
  76      F2A25192 
  77 0248 DF13326A 		.ascii	"\337\0232j\356\253\274\272:V\323\320X\327x\372L\354"
  77      EEABBCBA 
  77      3A56D3D0 
  77      58D778FA 
  77      4CEC
  78 025a 5C73ACA1 		.ascii	"\\s\254\241\266)\326|\241^\366\263\347k\233\252\353"
  78      B629D67C 
  78      A15EF6B3 
  78      E76B9BAA 
  78      EB
  79 026b 49D75D6C 		.ascii	"I\327]l\376\013\025\034B\321"
  79      FE0B151C 
  79      42D1
  80              		.text
  81              		.section	.gnu.lto_palWriteBus.d46e469de1ea094e,"",%progbits
  82 0000 789C8D53 		.ascii	"x\234\215S\335KTA\024\23733\367\356\327]w\327|\020\037"
  82      DD4B5441 
  82      149F3333 
  82      F7EED75D 
  82      77D77C10 
  83 0015 4208F121 		.ascii	"B\010\361!\326\245\377 \022z\355\241? \324\027\005\241"
  83      D6A5FF20 
  83      127AEDA1 
  83      3F20D417 
  83      05A1
ARM GAS  /tmp/cch3NsP8.s 			page 6


  84 0027 8FADC7C5 		.ascii	"\217\255\307\305\273\272A\020\251I\304\242\230QD\232"
  84      BBBA4110 
  84      A949C4A2 
  84      9851449A 
  85 0037 E596E5AE 		.ascii	"\345\226\345\256\232\345\266\020\010\226b\332\207\""
  85      9AE5B610 
  85      089662DA 
  85      8722
  86 0045 0AB5423E 		.ascii	"\012\265B>\024\352\012\272\226\3309s\257\271\324\213"
  86      14EA0ABA 
  86      96D83973 
  86      AFB9D48B 
  87 0055 177666CE 		.ascii	"\027vf\316\231\337\371\235\363;gV\260\377\277j\374]"
  87      99DFF99D 
  87      F33B6756 
  87      B0FFBF6A 
  87      FC5D
  88 0067 948C1DC7 		.ascii	"\224\214\035\307\035t\006\274}\212\261\250\223syWc\246"
  88      1D7406BC 
  88      7D8AB1A8 
  88      93737957 
  88      63A6
  89 0079 5BAC4D30 		.ascii	"[\254M0f\032\202\313\271\020\232\332\330Q\264$h\026"
  89      661A82CB 
  89      B9109ADA 
  89      D851B424 
  89      6816
  90 008b 4A03A003 		.ascii	"J\003\240\003\003\326\304\205\324\240\011V\371:\207"
  90      03D6C485 
  90      D4A00956 
  90      F93A87
  91 009a F6747FDC 		.ascii	"\366t\177\334S\371\3004\315\265{\251\322\253\245y\316"
  91      53F9C034 
  91      CDB57BA9 
  91      D2ABA579 
  91      CE
  92 00ab 588E5BF9 		.ascii	"X\216[\371\340!T\"d-:\237u\210c\300\360<2\260\371\336"
  92      E0215422 
  92      642D3A9F 
  92      758863C0 
  92      F03C32B0 
  93 00c1 F39DE739 		.ascii	"\363\235\3479\224\2239\3321\021\327\311\344\222\314"
  93      949339DA 
  93      3111D7C9 
  93      E492CC
  94 00d0 4FF3F3B3 		.ascii	"O\363\363\263z\305}\323lN\217\017\232'e\236\013\350"
  94      7AC57DD3 
  94      6C4E8F0F 
  94      9A27659E 
  94      0BE8
  95 00e2 05817CD0 		.ascii	"\005\201|\320\007e\360\010\312\030\272\030\364C\005"
  95      0765F008 
  95      CA18BA18 
  95      F44305
  96 00f1 A213C999 		.ascii	"\242\023\311\231N\257\250T\274c]\235\247\254\300U+P"
  96      4EAFA854 
  96      BC635D9D 
ARM GAS  /tmp/cch3NsP8.s 			page 7


  96      A7ACC055 
  96      2B50
  97 0103 C2E37F03 		.ascii	"\302\343\177\003%\203'PA\350\365\330\356g\217\036\303"
  97      25832750 
  97      41E8F5D8 
  97      EE678F1E 
  97      C3
  98 0114 A2FDBBFB 		.ascii	"\242\375\273\373\365\302\000\350\200\033:\022\305is"
  98      F5C200E8 
  98      801B3A12 
  98      C56973
  99 0123 6FEF5BEA 		.ascii	"o\357[\352wJ\226p\240l\022\3035\035\027\335\001D\342"
  99      774A9670 
  99      A06C12C3 
  99      351D17DD 
  99      0144E2
 100 0136 C4A3C345 		.ascii	"\304\243\303E\213\233\026\017]\033\264xqq\026\221\317"
 100      8B9B160F 
 100      5D1BB478 
 100      71711691 
 100      CF
 101 0147 478B9FCC 		.ascii	"G\213\237\314\000\235\212ia,\213\251\250\215+\234\323"
 101      009D8A69 
 101      612C8BA9 
 101      A88D2B9C 
 101      D3
 102 0158 2E3E42EC 		.ascii	".>B\354KK\356\206\240\354[\234\032\272\234\235\236q"
 102      4B4BEE86 
 102      A0EC5B9C 
 102      1ABA9C9D 
 102      9E71
 103 016a 524B0416 		.ascii	"RK\004\026\223\300\302\351[A\013\247#\026\2409\011\026"
 103      93C0C2E9 
 103      5B410BA7 
 103      2316A039 
 103      0916
 104 017c 56227668 		.ascii	"V\"vh\273\347\207\267\033\272 \317]\030m\301\321\377"
 104      BBE787B7 
 104      1BBA20CF 
 104      5D186DC1 
 104      D1FF
 105 018e 33D3BAE3 		.ascii	"3\323\272\343\013\366\233\376<w\303S\350\206\0155\021"
 105      0BF69BFE 
 105      3C77C353 
 105      E8860D35 
 105      11
 106 019f 78064186 		.ascii	"x\006A\206\031\247\304\001E\342\355dFM\300\355c0\370"
 106      19A7C401 
 106      45E2ED64 
 106      464DC0ED 
 106      6330F8
 107 01b2 379D640B 		.ascii	"7\235d\013'\304\"H\002\022\343\235\331\326\001\036\371"
 107      27C42248 
 107      0212E39D 
 107      D9D6011E 
 107      F9
 108 01c3 655E339D 		.ascii	"e^3\235y\356\311q\352\324s\210\320\325\355\266\271a"
ARM GAS  /tmp/cch3NsP8.s 			page 8


 108      79EEC971 
 108      EAD47388 
 108      D0D5EDB6 
 108      B961
 109 01d5 815771BA 		.ascii	"\201Wq\2722\250\237\254P\206\241\314\276\266[\303XG"
 109      32A89FAC 
 109      5086A1CC 
 109      BEB65BC3 
 109      5847
 110 01e7 57B49D50 		.ascii	"W\264\235P^x\001\021\030\262\253\355\311\366\306=H\200"
 110      5E780111 
 110      18B2ABED 
 110      C9F6C63D 
 110      4880
 111 01f9 6FC78024 		.ascii	"o\307\200$\242TRHA$\317\213T5\232\352\025\211\277\271"
 111      A2545248 
 111      4124CF8B 
 111      54359AEA 
 111      1589BFB9 
 112 020d 6CCBD70F 		.ascii	"l\313\327\017'\337\007\303J>\220\374\021\224\217$;\272"
 112      27DF07C3 
 112      4A3E90FC 
 112      11948F24 
 112      3BBA
 113 021f 45E1DCC2 		.ascii	"E\341\334\302\211\024t\324u8J?\214*J\365h^*\312\226"
 113      891474D4 
 113      75384A3F 
 113      8C2A4AF5 
 113      685E2ACA 
 114 0234 6D9BD2AD 		.ascii	"m\233\322\255X]\205\254\236\303\316i\354`N\257,\326"
 114      585D85AC 
 114      9EC3CE69 
 114      EC604EAF 
 114      2CD6
 115 0246 0E9BD5B0 		.ascii	"\016\233\325\260X&\277n\347\014j\251\346g\360\032)0"
 115      5826BF6E 
 115      E70C6AA9 
 115      E667F01A 
 115      2930
 116 0258 CB92C382 		.ascii	"\313\222\303\202x\021E!\213vH\221\252\305[X\233\017"
 116      78114521 
 116      8B764891 
 116      AAC55B58 
 116      9B0F
 117 026a E5DAB5ED 		.ascii	"\345\332\265\355G\371\221\2700*\240P~rm\332\256b\305"
 117      47F991B8 
 117      302AA050 
 117      7E726DDA 
 117      AE62C5
 118 027d 154057A6 		.ascii	"\025@W\246C)*\234m@\251(P\207h\035\306mu\331w\327\223"
 118      43292A9C 
 118      6D40A928 
 118      5087681D 
 118      C66D75D9 
 119 0294 4E5417C3 		.ascii	"NT\027\303\213#\220V\362\204\365:>\364Mw\032\366U\011"
 119      8B239056 
 119      F284F53A 
ARM GAS  /tmp/cch3NsP8.s 			page 9


 119      3EF44D77 
 119      1AF65509 
 120 02a8 BC81E006 		.ascii	"\274\201\340\006\2768\024\236\201 \246dK\020M\357\235"
 120      BE38149E 
 120      8120A664 
 120      4B104DEF 
 120      9D
 121 02b9 56CF80D1 		.ascii	"V\317\200\321\177\006h\376\330\232\362\252\252Pu}Cm"
 121      7F0668FE 
 121      D89AF2AA 
 121      AA50757D 
 121      436D
 122 02cb C399B3A1 		.ascii	"\303\231\263\241\363\341P}Mc(|\251\216\366s\027j\032"
 122      F3E1507D 
 122      4D63287C 
 122      A98EF673 
 122      176A1A
 123 02de ABEA98A8 		.ascii	"\253\352\230\250\275\022\226\265\015\227\303\177\000"
 123      BD1296B5 
 123      0D97C37F 
 123      00
 124 02eb CE8F8BAD 		.ascii	"\316\217\213\255"
 125              		.text
 126              		.section	.gnu.lto_palSetBusMode.d46e469de1ea094e,"",%progbits
 127 0000 789C8D52 		.ascii	"x\234\215R\337KTA\024\236of\356\335\353\336\3354\237"
 127      DF4B5441 
 127      149E6F66 
 127      EEDDEBDE 
 127      DD349F
 128 0013 C4871042 		.ascii	"\304\207\020B|\010]\372\017\002\037z\354\241? \324\002"
 128      7C085DFA 
 128      0F021F7A 
 128      ECA13F20 
 128      D402
 129 0025 05C3487A 		.ascii	"\005\303Hz\\\274\253\006=\251I\304\202\231A\204\277"
 129      5CBCAB06 
 129      3DA949C4 
 129      82994184 
 129      BF
 130 0036 CA2DCB6D 		.ascii	"\312-\313m5\215E\010\214\310\020\355\207b\372\320J\011"
 130      358D4508 
 130      8CC810ED 
 130      8762FAD0 
 130      4A09
 131 0048 159A51DD 		.ascii	"\025\232Q\335B\354\234\271\226\366\343\301\013wf\276"
 131      42EC9CB9 
 131      96F6E3C1 
 131      0B7766BE 
 132 0058 99EF7CE7 		.ascii	"\231\357|\347\234oF\211\177\277J\372[\224\020\207h\206"
 132      9C6F4689 
 132      7FBF4AFA 
 132      5B941087 
 132      6886
 133 006a 2D203BA6 		.ascii	"- ;\246\205H8R\352k\226\360\302jmJ\010/\242\244\236"
 133      85483852 
 133      EA6B96F0 
 133      C26A6D4A 
ARM GAS  /tmp/cch3NsP8.s 			page 10


 133      082FA2A4 
 134 007f 8B11B4C6 		.ascii	"\213\021\264\306\017\020\322\260\002\226\005\360B@4"
 134      0F10D2B0 
 134      029605F0 
 134      424034
 135 008e 49A52D34 		.ascii	"I\245-4aU\256Ktd\007\223n\331\015\317\363\326:'\212"
 135      6155AE4B 
 135      74640793 
 135      6ED90DCF 
 135      F3D63A27 
 136 00a3 CE17F952 		.ascii	"\316\027\371R\210\015\031\344C/\312\210\262\226\230"
 136      880D19E4 
 136      432FCA88 
 136      B29698
 137 00b2 CF85D441 		.ascii	"\317\205\324A\010Z\217\016}~\352\276\223\276D\011\303"
 137      085A8F0E 
 137      7D7EEABE 
 137      93BE4409 
 137      C3
 138 00c3 B1CEA9A4 		.ascii	"\261\316\251\244\315Pj\206/\346\347g\355\322\353\236"
 138      CD506A86 
 138      2FE6E767 
 138      EDD2EB9E 
 139 00d3 D79C7D3C 		.ascii	"\327\234}<\354\035\321\276T\350\203\"=\364\243\030\003"
 139      EC1DD1BE 
 139      54E88322 
 139      3DF4A318 
 139      03
 140 00e4 2816B425 		.ascii	"(\026\264%0\210Rb\277\365W{\243\252\314\350n\016\\\274"
 140      30885262 
 140      BFF5577B 
 140      A3AACCE8 
 140      6E0E5CBC 
 141 00f8 120E2297 		.ascii	"\022\016\"\227\203H\215\233\177Gj\201[(e\372z\353\346"
 141      83488D9B 
 141      7F476A81 
 141      5B2865FA 
 141      7AEBE6
 142 010b 4BD76EA5 		.ascii	"K\327n\245\252\0136\177\025\214!\330\240\2116R\205Y"
 142      AA0B367F 
 142      158C21D8 
 142      A0893652 
 142      8559
 143 011d 6F6BEB4D 		.ascii	"ok\353M\372\375\204\216Jp:M\341\226M\203\035\242!\344"
 143      FAFD848E 
 143      4A703A4D 
 143      E1964D83 
 143      1DA221E4 
 144 0131 30CCA3C1 		.ascii	"0\314\243\301\0113ta\204E\216t\330\244\025)yV\317\321"
 144      09337461 
 144      84458E74 
 144      D8A41529 
 144      7956CFD1 
 145 0145 FAAA25D5 		.ascii	"\372\252%\325\256X\372\253d\273\226s\317f\034n\230\256"
 145      AE58FAAB 
 145      64BB9673 
 145      CF661C6E 
ARM GAS  /tmp/cch3NsP8.s 			page 11


 145      98AE
 146 0157 0129AA8A 		.ascii	"\001)\252\212\277\025B\344\275Z@s\032\001W\023w\344"
 146      BF1542E4 
 146      BD5A4073 
 146      1A015713 
 146      77E4
 147 0169 5BCF8768 		.ascii	"[\317\207h7\272\340\313<\212\016\350\264\377q\262\355"
 147      37BAE0CB 
 147      3C8A0EE8 
 147      B4FF71B2 
 147      ED
 148 017a 7B7EF9A0 		.ascii	"{~\371\240W\340\3130n\243\033\237\214\337\270\203rA"
 148      57E0CB30 
 148      6EA31B9F 
 148      8CDFB883 
 148      7241
 149 018c 19A7D58E 		.ascii	"\031\247\325\216D\352\321\223I\343o8_`\370w:-\026\016"
 149      44EAD193 
 149      49E36F38 
 149      5F60F877 
 149      3A2D160E 
 150 01a0 AB456826 		.ascii	"\253Eh&\262\342\325\331\266!\031\377\341]\360\034_\272"
 150      B2E2D5D9 
 150      B62119FF 
 150      E15DF01C 
 150      5FBA
 151 01b2 1B926DB8 		.ascii	"\033\222m\270\2138\037]n\237\313(:J\362Q\204\315\022"
 151      8B381F5D 
 151      6E9FCB28 
 151      3A4AF251 
 151      84CD12
 152 01c5 BBDB8818 		.ascii	"\273\333\210\030\330\337~)Cut%:\230\025\305=\3041\262"
 152      D8DF7E29 
 152      43757425 
 152      3A9815C5 
 152      3DC431B2 
 153 01d9 5D6D4FAE 		.ascii	"]mO\256/\351\222\000\275\214\010\322\3042Iq\037q_\356"
 153      2FE99200 
 153      BD8C08D2 
 153      C4324971 
 153      1F715FEE 
 154 01ed 33D558C6 		.ascii	"3\325X\306+n~\346\313v\373\366\336\332\317G\306\264"
 154      2B6E7EE6 
 154      CB76FBF6 
 154      DEDACF47 
 154      C6B4
 155 01ff 0F6E7F94 		.ascii	"\017n\177\224\332\337\345`ho\022\005\0303\022\346\005"
 155      DADFE560 
 155      686F1205 
 155      183312E6 
 155      05
 156 0210 3CF853C2 		.ascii	"<\370S\302\331\353%\214\357\\\302D \261\024\012$(\306"
 156      D9EB258C 
 156      EF5CC244 
 156      20B1140A 
 156      2428C6
 157 0223 21DCB268 		.ascii	"!\334\262h\0078L\205\321\256X\204\375_\363\367op%xH"
ARM GAS  /tmp/cch3NsP8.s 			page 12


 157      07384C85 
 157      D1AE5884 
 157      FD5FF3F7 
 157      6F702578 
 158 0238 E6930B86 		.ascii	"\346\223\013\206\357\372\262P,!\221}}\324\204\010~g"
 158      EFFAB250 
 158      2C21917D 
 158      7DD48408 
 158      7E67
 159 024a 60CF8859 		.ascii	"`\317\210YRQ\021\253\254\255\253\256;v<\326\320\030"
 159      525111AB 
 159      ACADABAE 
 159      3B763CD6 
 159      D018
 160 025c ABADAA8F 		.ascii	"\253\255\252\2175\236\255\341\371\304\231\252\372\212"
 160      359EADE1 
 160      F9C499AA 
 160      FA8A
 161 026a 1AA1AACF 		.ascii	"\032\241\252\3175\352\323\015'O\375\004N\277@\273"
 161      35EAD30D 
 161      274FFD04 
 161      4EBF40BB 
 162              		.text
 163              		.section	.gnu.lto_.symbol_nodes.d46e469de1ea094e,"",%progbits
 164 0000 789C55C9 		.ascii	"x\234U\3111\016\202@\024\204\341\377\315\"r\013\216"
 164      310E8240 
 164      1484E1FF 
 164      CD22720B 
 164      8E
 165 0011 FAB63076 		.ascii	"\372\2660v$\234\300\3545\004\004\012k\275\010\0157\020"
 165      249CC0EC 
 165      3504040A 
 165      6BBD080D 
 165      3710
 166 0023 10139962 		.ascii	"\020\023\231b&\223/\000\025{t\227C\375\002wn\251\340"
 166      26932F00 
 166      157B7497 
 166      43FD0277 
 166      6EA9E0
 167 0036 F410491E 		.ascii	"\364\020I\036\324\310\355\000\275l\203V\256\003\014"
 167      D4C8ED00 
 167      BD6C8356 
 167      AE030C
 168 0045 D20AD62D 		.ascii	"\322\012\326-\365\005b,\260Q\236\375\375@\316e~[\320"
 168      F505622C 
 168      B0519EFD 
 168      FD40CE65 
 168      7E5BD0
 169 0058 BED96FCF 		.ascii	"\276\331o\317<\257S\311\007\304\014&\223"
 169      3CAF53C9 
 169      07C40C26 
 169      93
 170              		.text
 171              		.section	.gnu.lto_.refs.d46e469de1ea094e,"",%progbits
 172 0000 789C6366 		.ascii	"x\234cf``\020`\200\000F\006&F\026F&&f\026F\026&V\026"
 172      60601060 
 172      80004606 
ARM GAS  /tmp/cch3NsP8.s 			page 13


 172      26461646 
 172      26266616 
 173 0019 060002F7 		.ascii	"\006\000\002\367\0008"
 173      0038
 174              		.text
 175              		.section	.gnu.lto_.decls.d46e469de1ea094e,"",%progbits
 176 0000 789C9D58 		.ascii	"x\234\235X}PSW\026\177\367\335$\206G\010\235b[\207v"
 176      7D505357 
 176      167FF7DD 
 176      24864708 
 176      9D625B87 
 177 0015 574A5BC6 		.ascii	"WJ[\306\355\264\306\332\231\352\316\354\254m\325\026"
 177      EDB4C6DA 
 177      99EACEEC 
 177      AC6DD516 
 178 0025 77EDC262 		.ascii	"w\355\302b;\335\316\376\221R\300\302,\012C\302\356\366"
 178      3BDDCEFE 
 178      9152C0C2 
 178      2C0A43C2 
 178      EEF6
 179 0037 BF074144 		.ascii	"\277\007AD@\201(\024\277\203\001\005\371\006E\345C\004"
 179      40812814 
 179      BF830105 
 179      F90645E5 
 179      4304
 180 0049 0A027EAE 		.ascii	"\012\002~\256\322\326\026]\003\326\372\211\004\265|"
 180      D2D6165D 
 180      03D6FA89 
 180      04B57C
 181 0058 A964CFBD 		.ascii	"\251d\317\275\357\275\344%&\332\3317sx\357\334\373;"
 181      EFBDE425 
 181      26DAD937 
 181      7378EFDC 
 181      FB3B
 182 006a E7FCCEB9 		.ascii	"\347\374\316\271\347\336\367\010f\030\346!b\030\007"
 182      E7DEF708 
 182      6618E621 
 182      621807
 183 0079 5C0B6633 		.ascii	"\\\013f3L\003\3130\012\030\213\004Q\202\034\004i\001"
 183      4C03CB30 
 183      0A188B04 
 183      51821C04 
 183      6901
 184 008b E9047911 		.ascii	"\351\004y\021p/\2010\342\\\010<\277\006\362&\310B\220"
 184      702F8130 
 184      E25C083C 
 184      BF06F226 
 184      C84290
 185 009e C52018C6 		.ascii	"\305 \030\306\377\000\367% \357\213X\351\"\370 \270"
 185      FF00F725 
 185      20EF8B58 
 185      E922F820 
 185      B8
 186 00af 6B413420 		.ascii	"kA4 \034\022|\206\303\263\002\356/\303\375O \301b\234"
 186      1C127C86 
 186      C3B302EE 
 186      2FC3FD4F 
ARM GAS  /tmp/cch3NsP8.s 			page 14


 186      20C1629C 
 187 00c3 A548887F 		.ascii	"\245H\210\177\000d\001</\003Y\016\302\202\234\201\261"
 187      0064013C 
 187      2F03590E 
 187      C2829C81 
 187      B1
 188 00d4 0F90C035 		.ascii	"\017\220\3005\010\356\317\203L\300\363l2/\306\"\234"
 188      08EECF83 
 188      4CC0F36C 
 188      322FC622 
 188      9C
 189 00e5 90C8477E 		.ascii	"\220\310G~\021\316\317\2119J\\\010\017\356)\\H\035\232"
 189      11CECF89 
 189      394A5C08 
 189      0FEE295C 
 189      481D9A
 190 00f8 655C3E90 		.ascii	"e\\>\220\361\271\303\010\234\2242>\204\313\014\3507"
 190      F1B9C308 
 190      9C94323E 
 190      84CB0CE8 
 190      37
 191 0109 1981D36B 		.ascii	"\031\201\323k2NK<8\275)\326\306\223\323\274\247p\"\353"
 191      324E4B3C 
 191      38BD29D6 
 191      C693D3BC 
 191      A77022EB 
 192 011d D2E1C1E9 		.ascii	"\322\341\301\351C\220w\304\265\220s\301\214\373Z\021"
 192      439077C4 
 192      B59073C1 
 192      8CFB5A11 
 193 012d 0A9E6B34 		.ascii	"\012\236k4\306\242\336\312\235\237c\310i\214U\\\331"
 193      C6A2DECA 
 193      9D9F63C8 
 193      698C555C 
 193      D9
 194 013e 51D71488 		.ascii	"Q\327\024\210\302\202\203\271R\236\347\263\370wQ%\342"
 194      C28283B9 
 194      529EE7B3 
 194      F8775125 
 194      E2
 195 014f D03E8465 		.ascii	"\320>\204e\026\3050>\271\204L\300\243\232\336\263x>"
 195      16C5303E 
 195      B9844CC0 
 195      A39ADEB3 
 195      783E
 196 0161 9DB79B79 		.ascii	"\235\267\233y<\207Ao\004\243\337\0053\250\034\205\321"
 196      3C87416F 
 196      04A3DF05 
 196      33A81C85 
 196      D1
 197 0172 2906ED47 		.ascii	")\006\355G\301\250\002\005\223H\303\233\3076(9\021\235"
 197      C1A80205 
 197      9348C39B 
 197      C7362839 
 197      119D
 198 0184 F5347456 		.ascii	"\3654tV\353\226\275~\327Y\244\345\376F\324k\371\345"
 198      EB96BD7E 
ARM GAS  /tmp/cch3NsP8.s 			page 15


 198      D759A4E5 
 198      FE46D46B 
 198      F9E5
 199 0196 B51A5035 		.ascii	"\265\032P5\234?Q\217\324\334?\345OgC\210\332l\356-V"
 199      9C3F518F 
 199      D4DC3FE5 
 199      4F674388 
 199      DA6CEE2D 
 200 01ab D1590551 		.ascii	"\321Y\005Q7N\217\235\322R\225#\352\364\324\3614\025"
 200      374E8F9D 
 200      D2529523 
 200      EAF4D4F1 
 200      3415
 201 01bd 09CCF3F9 		.ascii	"\011\314\363\371&\336\257W\013\023\250\026B\325A(\006"
 201      26DEAF57 
 201      0B13A816 
 201      42D54128 
 201      06
 202 01ce 35D0D0F3 		.ascii	"5\320\320\363\202Q\275\020\2717c\377\231\200g\363)\234"
 202      8251BD10 
 202      B93763FF 
 202      998067F3 
 202      299C
 203 01e0 E74310AD 		.ascii	"\347C\020\255B5\300k(\274\021=+\031\021\364\314mG_\240"
 203      4235C06B 
 203      28BC113D 
 203      2B1911F4 
 203      CC6D475F 
 204 01f5 1C5DF524 		.ascii	"\034]\365$\364\311\361\023\367\264\232lR\003\221\312"
 204      F4C9F113 
 204      F7B49A6C 
 204      520391CA 
 205 0205 01F4AC8C 		.ascii	"\001\364\254\214\313ADZ\201\336\001]\327^\271A\250\301"
 205      CB41445A 
 205      81DE015D 
 205      D75EB941 
 205      A8C1
 206 0217 E7C47862 		.ascii	"\347\304xb\235}\003G\323\322\320\244\307v\025\005\370"
 206      9D7D0347 
 206      D3D2D0A4 
 206      C7761505 
 206      F8
 207 0228 4EEBB094 		.ascii	"N\353\260\224V\215\220\326\361o\323z\374<\323j\002\370"
 207      568D90D6 
 207      F16FD37A 
 207      FC3CD36A 
 207      02F8
 208 023a 210A3F42 		.ascii	"!\012?B\211\036\226\210\356=7\276[\351\231\226O\364"
 208      891E9688 
 208      EE3D37BE 
 208      5BE99996 
 208      4FF4
 209 024c A1C1DD65 		.ascii	"\241\301\335e*\267\264\232\335\322j\021\323j\241i\355"
 209      2AB7B49A 
 209      DDD26A11 
 209      D36AA169 
 209      ED
ARM GAS  /tmp/cch3NsP8.s 			page 16


 210 025d DED430A5 		.ascii	"\336\3240\245\242i%\023\343\372\222\301\011L\323\322"
 210      A2692513 
 210      E3FA92C1 
 210      094CD3D2 
 211 026d 12F57683 		.ascii	"\022\365v\203\245GM\325\000\242\236]7\243\366\235d\273"
 211      A5474DD5 
 211      00A29E5D 
 211      37A3F69D 
 211      64BB
 212 027f 94E45121 		.ascii	"\224\344Q!\311\262\252\035\223\376\236I\266\002\274"
 212      C9B2AA1D 
 212      93FE9E49 
 212      B602BC
 213 028e 8DC28F51 		.ascii	"\215\302\217Q\332\355\022\355\"\333\243\\\225g\222>"
 213      DAED12ED 
 213      22DBA35C 
 213      9567923E 
 214 029e D125038E 		.ascii	"\321%\003\216\"\265[\222\035nIv\212Iv\322$\255\305C"
 214      22B55B92 
 214      1D6E4976 
 214      8A4976D2 
 214      24ADC543 
 215 02b2 03DC1BFB 		.ascii	"\003\334\033\373\351F:\266\330\265\337\246\327\235\317"
 215      E9463AB6 
 215      D8B5DFA6 
 215      D79DCF
 216 02c1 6469F2C7 		.ascii	"di\362\307X\242\227\017\2376\007\320t\347QJ\373\257"
 216      58A2970F 
 216      9F3607D0 
 216      74E7514A 
 216      FBAF
 217 02d3 C7622DD9 		.ascii	"\307b-\331\216(moK\356,\230y\231\243\206\227\267O\225"
 217      8E286D6F 
 217      4BEE2C98 
 217      7999A386 
 217      97B74F95 
 218 02e7 FA51959C 		.ascii	"\372Q\225\234\336\201d\250\375\350d\017\207_\244\350"
 218      DE8164A8 
 218      FDE8640F 
 218      875FA4E8 
 219 02f7 DC2C5B1F 		.ascii	"\334,[\037\207_%\317l\357\317\274U\213\302\3506\266"
 219      875F25CF 
 219      6CEFCFBC 
 219      558BC2E8 
 219      36B6
 220 0309 5F36F7BC 		.ascii	"_6\367\274\304\363\012t\022r\353G\030u\2417\010K\342"
 220      C4F30A74 
 220      1272EB47 
 220      1875A137 
 220      084BE2
 221 031c 955C59AE 		.ascii	"\225\\Y\256|\030g2\350\004l\311\2279\212E\307a\260\227"
 221      7C186732 
 221      E8046CC9 
 221      97398A45 
 221      C761B097 
 222 0330 9697ED7E 		.ascii	"\226\227\355~x4C\211\2700\357F\247\275\030Q\012m&\363"
 222      78344389 
ARM GAS  /tmp/cch3NsP8.s 			page 17


 222      B830EF46 
 222      A7BD1851 
 222      0A6D26F3 
 223 0344 F384C229 		.ascii	"\363\204\302)\240\320\347\242p\022q\316\262\214t\226"
 223      A0D0E7A2 
 223      701271CE 
 223      B28C7496 
 224 0354 FE9B2CB3 		.ascii	"\376\233,\263\351\327\271%\033o03C\203yD\263\337\330"
 224      E9D7B925 
 224      1B6F3033 
 224      43837944 
 224      B3DFD8
 225 0367 B86D9B1A 		.ascii	"\270m\233\032g\012\312d~Y\231\002o\024\224\322\302\242"
 225      670ACA64 
 225      7E599902 
 225      6F1494D2 
 225      C2A2
 226 0379 2A25ADAF 		.ascii	"*%\255\257\232\250-%\025\243j\\(\314\265\367\245\235"
 226      9AA82D25 
 226      15A36A5C 
 226      28CCB5F7 
 226      A59D
 227 038b E2F07641 		.ascii	"\342\360vA91<yO8a\236!\352\240\271d\237\026\357\026"
 227      39313C79 
 227      4F38619E 
 227      21EAA0B9 
 227      649F16EF 
 228 03a0 E64ECFE4 		.ascii	"\346N\317\344\337\235\205\255\356@\255\000\334\366\375"
 228      DF9D85AD 
 228      EE40AD00 
 228      DCF6FD
 229 03af D5FB42FB 		.ascii	"\325\373B\373\322\365,\354\337\236\247\304e\0024\177"
 229      D2F52CEC 
 229      DF9EA7C4 
 229      6502347F 
 230 03bf C87C5E81 		.ascii	"\310|^\201k\220\333z\206\010\353\371\365\255\311\003"
 230      6B90DB7A 
 230      8608EBF9 
 230      F5ADC903 
 231 03cf 6AAA3A1C 		.ascii	"j\252:\034\230\024w\317\245\263C~\316Uk\272\212H\311"
 231      981477CF 
 231      A5B3437E 
 231      CE556BBA 
 231      8A48C9
 232 03e2 6C50B28B 		.ascii	"lP\262\213\256\222\205\310W\015\212\245,\207J\375\000"
 232      AE9285C8 
 232      570D8AA5 
 232      2C874AFD 
 232      00
 233 03f3 45F99154 		.ascii	"E\371\221T\3522T*D\254\324%\030\374\257\260j\215\303"
 233      EA32542A 
 233      44ACD425 
 233      18FCAFB0 
 233      6A8DC3
 234 0406 777238C9 		.ascii	"wr8\311q[\327&\272\026\303\340x\320\345\330\206\236"
 234      715BD726 
 234      BA16C3E0 
ARM GAS  /tmp/cch3NsP8.s 			page 18


 234      78D0E5D8 
 234      869E
 235 0418 E879C8AB 		.ascii	"\350y\310\253gth4o\030\341#B~9[\356\367\261\270\215"
 235      67746834 
 235      6F18E123 
 235      427E395B 
 235      EEF7B1B8 
 236 042d 2A8AECF6 		.ascii	"*\212\354\366\326\331(4(4\314\002\376\3549\353G\303"
 236      D6D92834 
 236      2834CC02 
 236      FEEC39EB 
 236      47C3
 237 043f 4D267ECB 		.ascii	"M&~\313\034\032\366\012\204\375\031\005\271\274\317"
 237      1C1AF60A 
 237      84FD1905 
 237      B9BCCF
 238 044e 23DBE775 		.ascii	"#\333\347u\370\303\024\320\275h\341\337Mad;\213\200"
 238      F8C314D0 
 238      BD68E1DF 
 238      4D61643B 
 238      8B80
 239 0460 2134BA0E 		.ascii	"!4\272\016,\256\242Pt\015\205R\256\304\267\245\315\244"
 239      2CAEA250 
 239      740D8552 
 239      AEC4B7A5 
 239      CDA4
 240 0472 2A5F40FD 		.ascii	"*_@\375\376\344\325\357\017\304\005\355C[\213\025\251"
 240      FEE4D5EF 
 240      0FC405ED 
 240      435B8B15 
 240      A9
 241 0483 098211B3 		.ascii	"\011\202\021\263v\355\312\376\233=#*<-p\317\375\345"
 241      76EDCAFE 
 241      9B3D232A 
 241      3C2D70CF 
 241      FDE5
 242 0495 D0A00685 		.ascii	"\320\240\006\205\206\316\246\344m\315\326\323\032\276"
 242      86CEA6E4 
 242      6DCDD6D3 
 242      1ABE
 243 04a3 7701EDDE 		.ascii	"w\001\355\336\013\020\3426\232\355jN\027u\013\211p\364"
 243      0B10E236 
 243      9AED6A4E 
 243      17750B89 
 243      70F4
 244 04b5 8AF258BA 		.ascii	"\212\362X\272\300\342\206o\250Y<\316\3365\312\263$`"
 244      C0E2866F 
 244      A8593CCE 
 244      DE35CAB3 
 244      2460
 245 04c7 92E50864 		.ascii	"\222\345\010dy\023\262\274%fI\251\0371\315\202V\007"
 245      7913B2BC 
 245      256649A9 
 245      1F31CD82 
 245      5607
 246 04d9 C8E3DCF7 		.ascii	"\310\343\334\367\344\215\346\004\316\006\237i>}2n\016"
 246      E48DE604 
ARM GAS  /tmp/cch3NsP8.s 			page 19


 246      CE069F69 
 246      3E7D326E 
 246      0E
 247 04ea C166F385 		.ascii	"\301f\363\205=3\034~(,\334\326\211\223=\201\264\203"
 247      3D331C7E 
 247      282CDCD6 
 247      89933D81 
 247      B483
 248 04fc E710B563 		.ascii	"\347\020\265c\272\267U\201\323\3507\001\342gz\037\005"
 248      BAB75581 
 248      D3E83701 
 248      E2677A1F 
 248      05
 249 050d E0F58222 		.ascii	"\340\365\202\"\275u5\302[w\347\245\363\267\003p.\235"
 249      BD7535C2 
 249      5B77E7A5 
 249      F3B70370 
 249      2E9D
 250 051f D354DA7F 		.ascii	"\323T\332\177\254T\222\025\227.(^\206\311V#\026\357"
 250      AC549215 
 250      972E285E 
 250      86C95623 
 250      16EF
 251 0531 0C146F00 		.ascii	"\014\024o\000*2\016\225qV\344<\345X\213\\+\317S\376"
 251      2A320E95 
 251      7156E43C 
 251      E5588B5C 
 251      2BCF53FE 
 252 0545 DF00A09B 		.ascii	"\337\000\240\233\316\215\213+\317\263ah\012Rp\200<\000"
 252      CE8D8B2B 
 252      CFB36168 
 252      0A527080 
 252      3C00
 253 0557 F9056402 		.ascii	"\371\005d\002d\022d\006d\032\344!\310#ggd\230,\265V"
 253      64126406 
 253      641AE421 
 253      C8236767 
 253      64982CB5 
 254 056c 9518F95B 		.ascii	"\225\030\371[\317\310\337!\331\272\001\364\260\023\372"
 254      CFC8DF21 
 254      D9BA01F4 
 254      B013FA
 255 057b BD77A840 		.ascii	"\275w\250@\222b+\235\330\263\236\330y\356^{\235\310"
 255      92622B9D 
 255      D8B39ED8 
 255      79EE5E7B 
 255      9DC8
 256 058d 314FA4DD 		.ascii	"1O\244\335\323k\265\023{\316{\231\\n\373\234\320\273"
 256      D36BB513 
 256      7BCE7B99 
 256      5C6EFB9C 
 256      D0BB
 257 059f 9ED07B1E 		.ascii	"\236\320{\036\320~'\364\276w\250\223A\232\255\335\032"
 257      D07E27F4 
 257      BE77A893 
 257      419AADDD 
 257      1A
ARM GAS  /tmp/cch3NsP8.s 			page 20


 258 05b0 772C03A3 		.ascii	"w,\003\243;\3202\243\336\351:\375\332\252d\313\372\037"
 258      3BD032A3 
 258      DEE93AFD 
 258      DAAA64CB 
 258      FA1F
 259 05c2 AF55A875 		.ascii	"\257U\250um\273\012\253\012zw\334\313\276c\277n\354"
 259      6DBB0AAB 
 259      0A7A77DC 
 259      CBBE63BF 
 259      6EEC
 260 05d4 9880A329 		.ascii	"\230\200\243)\210\342N\304\250Q:\033\204z\\\307\022"
 260      88E24EC4 
 260      A8513A1B 
 260      847A5CC7 
 260      12
 261 05e5 31A297B7 		.ascii	"1\242\227\267\366@i\320\025\377o\207@\377N\365g\256"
 261      F64069D0 
 261      15FF6F87 
 261      40FF4EF5 
 261      67AE
 262 05f7 0FC00542 		.ascii	"\017\300\005Bo\333o}\333\255t{\273\023*\256\235\224"
 262      6FDB6F7D 
 262      DBAD747B 
 262      BB132AAE 
 262      9D94
 263 0609 C16A4452 		.ascii	"\301jDR@\373\254\365\227EH\023\346\013\2152\201\214"
 263      40FBACF5 
 263      97454813 
 263      E60B8D32 
 263      818C
 264 061b CB809EBB 		.ascii	"\313\200\236\273\255\025w\336\203\335\211\326\301\260"
 264      AD1577DE 
 264      83DD89D6 
 264      C1B0
 265 0629 89752608 		.ascii	"\211u&\010(\347F~\220{\246\001\341\001\201\217\371\334"
 265      28E7467E 
 265      907BA601 
 265      E101818F 
 265      F9DC
 266 063b C9467F3C 		.ascii	"\311F\177<H\025\266\346\360\345Q\265x\202\333\262\217"
 266      4815B6E6 
 266      F0E551B5 
 266      7882DBB2 
 266      8F
 267 064c 7350CE6C 		.ascii	"sP\316l\226CY.?\247\320\023\337\347\033X\257\357\320"
 267      9643592E 
 267      3FA7D013 
 267      DFE71B58 
 267      AFEFD0
 268 065f 3D17AF4E 		.ascii	"=\027\257N`\362\362\"\312w7\252*\375\361\010\353\366"
 268      60F2F222 
 268      CA7737AA 
 268      2AFDF108 
 268      EBF6
 269 0671 B20A77FF 		.ascii	"\262\012w\377\370\010w~|\260\025\273v<\341[ \037\002"
 269      F808777E 
 269      7CB015BB 
ARM GAS  /tmp/cch3NsP8.s 			page 21


 269      763CE15B 
 269      201F02
 270 0684 868B0137 		.ascii	"\206\213\0017\262\301h\023+~\013L\347\014\316%\357\237"
 270      B2C16813 
 270      2B7E0B4C 
 270      E70CCE25 
 270      EF9F
 271 0696 3CE09FEB 		.ascii	"<\340\237\353\342\037\356\372\024\250\272\326\370#\306"
 271      E21FEEFA 
 271      14A8BAD6 
 271      F823C6
 272 06a5 C598F050 		.ascii	"\305\230\360Pni)8\300\"8U\302B\345-\340\372\0225\263"
 272      6E692938 
 272      C0223855 
 272      C242E52D 
 272      E0FA1235 
 273 06ba C2FA1742 		.ascii	"\302\372\027B\300\"6\024m\001\331\314\272\336\017\366"
 273      C0223614 
 273      6D01D9CC 
 273      BADE0FF6 
 274 06ca F691E115 		.ascii	"\366\221\341\025\233M|\351\034\032\262\000B\232Y_\233"
 274      9B4D7CE9 
 274      1C1AB200 
 274      429A595F 
 274      9B
 275 06db 0B5E278E 		.ascii	"\013^'\2162\262cHus<\241\236}=RF\372\032 \036}M\337"
 275      32B26348 
 275      75733CA1 
 275      9E7D3D52 
 275      46FA1A20 
 276 06f3 1A5365C2 		.ascii	"\032Se\302\016!\353\275\336\253'\032\223\324\375b\375"
 276      0E21EBBD 
 276      DEAB271A 
 276      93D4FD62 
 276      FD
 277 0704 6525FE86 		.ascii	"e%\376\206\346\313\336\351\234*VK\033\"\367K5\332\012"
 277      E6CBDEE9 
 277      9C2A564B 
 277      1B22F74B 
 277      35DA0A
 278 0717 765FBBEA 		.ascii	"v_\273\352D\242=\266!\244j\240b(\302\223\012B>\276\373"
 278      44A23DB6 
 278      21A46AA0 
 278      6228C293 
 278      0A423EBE 
 279 072c D7F57141 		.ascii	"\327\365qA\242\265\305\2275\343\3154\275\232\337\256"
 279      A2B5C597 
 279      35E3CD34 
 279      BD9ADFAE 
 280 073c 71DB22DB 		.ascii	"q\333\"\333\334\266\310v\241\227\311\035\320\343&S\232"
 280      DCB6C876 
 280      A197C91D 
 280      D0E32653 
 280      9A
 281 074d 3F277647 		.ascii	"?'vG\326\323\273\003\355`90\353\256\232hR(X\301\015"
 281      D6D3BB03 
 281      ED603930 
ARM GAS  /tmp/cch3NsP8.s 			page 22


 281      EBAE9A68 
 281      522858C1 
 282 0762 FA3BFD7F 		.ascii	"\372;\375\177\356\304t\372>\377\027\012\305\267\346"
 282      EEC474FA 
 282      3EFF170A 
 282      C5B7E6
 283 0771 330ABA3C 		.ascii	"3\012\272<\256\270\273\330\027\340\357NV!\320\034\270"
 283      AEB8BBD8 
 283      17E0EF4E 
 283      5621D01C 
 283      B8
 284 0782 97FD7BDC 		.ascii	"\227\375{\334O\313\211.\\\277\361Y\310.\336Rg\257\256"
 284      4FCB892E 
 284      5CBFF159 
 284      C82EDE52 
 284      67AFAE
 285 0795 1D4E2E80 		.ascii	"\035N.\2006\340m\016\307\\j\203v;\313\312\220g\232&"
 285      36E06D0E 
 285      C75C6A83 
 285      763BCBCA 
 285      90679A26 
 286 07a9 B2B02160 		.ascii	"\262\260!`\3273\270\371\272\232\262 \241\004\026\247"
 286      D733B8F9 
 286      BA9AB220 
 286      A10416A7 
 287 07b9 1BA65E77 		.ascii	"\033\246^w\022+a\351\330@\303\304\220F\316,\362y\031"
 287      122B61E9 
 287      D840C3C4 
 287      9046CE2C 
 287      F27919
 288 07cc 312B25B6 		.ascii	"1+%\266"
 289 07d0 4722565A 		.ascii	"G\"VZ\326:\240\302\343\002\263\221]\231\331\201\224"
 289      D63AA0C2 
 289      E302B391 
 289      5D99D981 
 289      94
 290 07e1 9AADB90B 		.ascii	"\232\255\271\013\016^\376!\371\014$&\250T\306\253T\342"
 290      0E5EFE21 
 290      F90C2426 
 290      A854C6AB 
 290      54E2
 291 07f3 554679D5 		.ascii	"UFy\325uv>\207\323\025\264U2K\036V\004H\237u\2557\256"
 291      75763E87 
 291      D315B455 
 291      324B1E56 
 291      04489F75 
 292 080a FC351D8E 		.ascii	"\3745\035\216\227r\240\273\367W\037\013\373\274\037"
 292      9772A0BB 
 292      F7571F0B 
 292      FBBC1F
 293 0819 0B0303D3 		.ascii	"\013\003\003\323]\230\246Z\356\314\376\207\226\232M"
 293      5D98A65A 
 293      EECCFE87 
 293      969A4D
 294 0828 4A67FA15 		.ascii	"Jg\372\025B\372V\376ZK\240\317\364+i\372\373\245\364"
 294      42FA56FE 
 294      5A4BA0CF 
ARM GAS  /tmp/cch3NsP8.s 			page 23


 294      F42B69FA 
 294      FBA5F4
 295 083b 0B8EF555 		.ascii	"\013\216\365U\004\342\034J\036];W4\346/\255\314\364"
 295      04E21C4A 
 295      1E5D3B57 
 295      34E62FAD 
 295      CCF4
 296 084d 82ADBC25 		.ascii	"\202\255\274%\235\237q8\020\265BU\262\012TI\025\250"
 296      9D9F7138 
 296      10B54255 
 296      B20A5449 
 296      15A8
 297 085f A61528CE 		.ascii	"\246\025(\316.\316roB\362O\233+h\215\320\204\200t<\332"
 297      2ECE726F 
 297      42F24F9B 
 297      2B688DD0 
 297      8480743C 
 298 0874 7A0F51C6 		.ascii	"z\017Q\3065\316N\262\347V\336\364\363I\270\216\022\256"
 298      35CE4EB2 
 298      E756DEF4 
 298      F349B88E 
 298      12AE
 299 0886 9508D76E 		.ascii	"\225\010\327n\036\272\253\306[\005\302\373\016^\255"
 299      1EBAABC6 
 299      5B05C2FB 
 299      0E5EAD
 300 0895 4340D8C6 		.ascii	"C@\330\306\333O\324Wi\213\033\370N\272f\010\0213T/c"
 300      DB4FD457 
 300      698B1BF8 
 300      4EBA6608 
 300      1133542F 
 301 08aa 5C2F316E 		.ascii	"\\/1n\240\214\275U3/\357N\333,g\1775\012\325\034\032"
 301      A08CBD55 
 301      332FEF4E 
 301      DB2C677F 
 301      350AD51C 
 302 08bf 1831D231 		.ascii	"\0301\3221rf\034\020\306\262F/\337D>\0117Q\302\007%"
 302      72661C10 
 302      C6B2462F 
 302      DF443E09 
 302      3751C207 
 303 08d4 C2673A5A 		.ascii	"\302g:Z\013\003q\247@\270p\374\350\015L\011\327\265"
 303      0B0371A7 
 303      40B870FC 
 303      E80D4C09 
 303      D7B5
 304 08e6 56DCC55B 		.ascii	"V\334\305[\371\022\251\302`\205\016\311\370\036\222"
 304      F912A9C2 
 304      60850EC9 
 304      F81E92
 305 08f5 F81EA67C 		.ascii	"\370\036\246|\257\232\013\355\030_\020\274\024<\232"
 305      AF9A0BED 
 305      185F10BC 
 305      143C9A
 306 0904 6A55E321 		.ascii	"jU\343!A\271r\377\200\331\177\356\250b'\257&\277[\220"
 306      41B972FF 
 306      80D97FEE 
ARM GAS  /tmp/cch3NsP8.s 			page 24


 306      A86227AF 
 306      26BF5B90 
 307 0918 A1F1F3F7 		.ascii	"\241\361\363\367\271WJ\370\263\026{\365\350\360\234"
 307      B9574AF8 
 307      B3167BF5 
 307      E8F09C
 308 0927 B47C4B7A 		.ascii	"\264|Kz>\357p,A\364w\215#\020\004\366\223\354\347\220"
 308      3EEF702C 
 308      41F4778D 
 308      231004F6 
 308      93ECE790 
 309 093b 66120AB5 		.ascii	"f\022\012\265\260\260\003[\331WH[\255\277\364G\374@"
 309      B0B0035B 
 309      D957485B 
 309      ADBFF447 
 309      FC40
 310 094d 70DF9CD7 		.ascii	"p\337\234\327]\315\315\335\240$\356\233\005\367]w\207"
 310      5DCDCDDD 
 310      A024EE9B 
 310      05F75D77 
 310      87
 311 095e B3FDA87F 		.ascii	"\263\375\250\177K\253\225W\364\362\031d\373\322_\027"
 311      4BAB9557 
 311      F4F21964 
 311      FBD25F17 
 312 096e 8873D814 		.ascii	"\210s\330\024\262WA\033u~\2248o\247\316-\243\326\020"
 312      B257411B 
 312      757E9438 
 312      6FA7CE2D 
 312      A3D610
 313 0981 5CA4A4CE 		.ascii	"\\\244\244\31633\314\327\331\271\245\324y\207\350\274"
 313      3333CCD7 
 313      D9B9A5D4 
 313      7987E8BC 
 314 0991 A4C9A614 		.ascii	"\244\311\246\024\234\337\2229\357\020\235C\277\311\177"
 314      9CDF9239 
 314      EF109D43 
 314      BFC97F
 315 09a0 0CA0CE3B 		.ascii	"\014\240\316;\210\363N\352\374\244\255\276\213ukD\322"
 315      88F34EEA 
 315      FCA4ADBE 
 315      8B756B44 
 315      D2
 316 09b1 07AEB5E9 		.ascii	"\007\256\265\351\022O\303.z\032\016\234\277\375\023"
 316      124FC32E 
 316      7A1A0E9C 
 316      BFFD13
 317 09c0 92D0594F 		.ascii	"\222\320YO\372\274@\337P\203\333\017\322\013\325>\015"
 317      FABC40DF 
 317      5083DB0F 
 317      D20BD53E 
 317      0D
 318 09d1 3CBE3050 		.ascii	"<\2760P7\265\311\275x\253[\353\343\310\365\366\005\200"
 318      37B5C9BD 
 318      78AB5BEB 
 318      E3C8F5F6 
 318      0580
ARM GAS  /tmp/cch3NsP8.s 			page 25


 319 09e3 7AE8913B 		.ascii	"z\350\221;f9\373\205[\"Mn\211\034\027\023!wEL|t\212"
 319      6639FB85 
 319      5B224D6E 
 319      891C1713 
 319      2177454C 
 320 09fa EAC3BF7C 		.ascii	"\352\303\277|\022\262\224\321\030\214k\336^\250\377"
 320      12B294D1 
 320      188C6BDE 
 320      5EA8FF
 321 0a09 32392149 		.ascii	"29!IoT\247&\2545\202f\344\364z\351\361M]\252!E\227\260"
 321      6F54A726 
 321      AC358266 
 321      E4F47AE9 
 321      F14D5DAA 
 322 0a21 36263135 		.ascii	"6&156N\2676\356_\211\011_\350\326D\307\304'\254\215"
 322      364EB736 
 322      EE5F8909 
 322      5FE8D644 
 322      C7C427AC 
 323 0a36 D3E963E3 		.ascii	"\323\351c\343VG\247&\032\365\306\257\222\343\014\363"
 323      5647A726 
 323      1AF5C6AF 
 323      92E30CF3 
 324 0a46 E399506F 		.ascii	"\343\231Poh\303W\006\235\336`\214\005\217\000Q~\024"
 324      68C35706 
 324      9DDE608C 
 324      058F0051 
 324      7E14
 325 0a58 B16C7994 		.ascii	"\261ly\224*\342\343\317\"\227G\315\212X\025\271|\371"
 325      2AE2E3CF 
 325      229747CD 
 325      8A5815B9 
 325      7CF9
 326 0a6a B22865E4 		.ascii	"\262(e\344'\221\313\242\360\012\220\210eQ\350S\312\344"
 326      2791CBA2 
 326      F00A9088 
 326      6551E853 
 326      CAE4
 327 0a7c AD779C4C 		.ascii	"\255w\234L\310#6\304\031\2251\211q\321)\357\314\237"
 327      C82336C4 
 327      19953189 
 327      71D129EF 
 327      CC9F
 328 0a8e AF5B1A9F 		.ascii	"\257[\032\237\360EB\304*]\222A\027\037\235\250KNJ1\032"
 328      F04542C4 
 328      2A5D9241 
 328      171F9DA8 
 328      4B4E4A31 
 329 0aa3 74AB3EFE 		.ascii	"t\253>\376\350\355\205\272\225+\227\351>\214\\\021\361"
 329      E8ED85BA 
 329      952B97E9 
 329      3E8C5C11 
 329      F1
 330 0ab4 CF853A57 		.ascii	"\317\205:Wv\020\031\205+\336_\025\025\245\\\031\261"
 330      76101985 
 330      2BDE5F15 
 330      15A55C19 
ARM GAS  /tmp/cch3NsP8.s 			page 26


 330      B1
 331 0ac5 F4CF518A 		.ascii	"\364\317Q\212\367>\210ZI\376\204s\011I\304:!Vo\\\364"
 331      F73E885A 
 331      49FE8473 
 331      0949C43A 
 331      21566F5C 
 332 0ada AB1DC394 		.ascii	"\253\035\303\224>\031$11\026<\253\004\007\032\301\323"
 332      3E192431 
 332      31163CAB 
 332      04071AC1 
 332      D3
 333 0aeb 9A68C33F 		.ascii	"\232h\303?\364F\005\271i\010y\375\352h\203q\261\336"
 333      F44605B9 
 333      690879FD 
 333      EA688371 
 333      B1DE
 334 0afd F81BAFC5 		.ascii	"\370\033\257\305\221\352\242JZ\275\0322|\365q\012\222"
 334      91EAA24A 
 334      5ABD1A32 
 334      7CF5710A 
 334      92
 335 0b0e 851893D4 		.ascii	"\205\030\223\324pE\304\373\251\006\016\224\250\270\350"
 335      7045C4FB 
 335      A9060E94 
 335      A8B8E8
 336 0b1d 58780C79 		.ascii	"Xx\014y\334\312\220\022\343\264\210a\374\341\366iJ\202"
 336      DCCA9012 
 336      E3B48861 
 336      FCE1F669 
 336      4A82
 337 0b2f 310EC0EA 		.ascii	"1\016\300\352\204\2445I\261qzc\000\014\256\2123\302"
 337      84A43549 
 337      B1717A63 
 337      000CAE8A 
 337      33C2
 338 0b41 D047A0FB 		.ascii	"\320G\240\373\305\304\257\372\312\020\036\235h\374\255"
 338      C5C4AFFA 
 338      CA101E9D 
 338      68FCAD
 339 0b50 BBB714A3 		.ascii	"\273\267\024\243\223BL<D\177N\312\\\017|\277LIJM&\356"
 339      93424C3C 
 339      447F4ECA 
 339      5C0F7CBF 
 339      4C494A4D 
 340 0b66 D47AFDEA 		.ascii	"\324z\375\352\324\2651z}\200\3640\177\321\242\267\026"
 340      D4B5317A 
 340      7D80F430 
 340      7FD1A2B7 
 340      16
 341 0b77 FBBB4832 		.ascii	"\373\273H2\362\231\205okd\224\334\247\026k\335\2101"
 341      F299856F 
 341      6B6494DC 
 341      A7166BDD 
 341      8831
 342 0b89 FF03C71B 		.ascii	"\377\003\307\033\317\015"
 342      CF0D
 343              		.text
ARM GAS  /tmp/cch3NsP8.s 			page 27


 344              		.section	.gnu.lto_.symtab.d46e469de1ea094e,"",%progbits
 345 0000 70616C52 		.ascii	"palReadBus\000\000\000\000\000\000\000\000\000\000\000"
 345      65616442 
 345      75730000 
 345      00000000 
 345      00000000 
 346 0015 00200100 		.ascii	"\000 \001\000\000palWriteBus\000\000\000\000\000\000"
 346      0070616C 
 346      57726974 
 346      65427573 
 346      00000000 
 347 002b 00000000 		.ascii	"\000\000\000\000\000\000%\001\000\000palSetBusMode\000"
 347      00002501 
 347      00007061 
 347      6C536574 
 347      4275734D 
 348 0043 00000000 		.ascii	"\000\000\000\000\000\000\000\000\000\000\000-\001\000"
 348      00000000 
 348      0000002D 
 348      0100
 349 0051 00636853 		.ascii	"\000chSysHalt\000\000\002\000\000\000\000\000\000\000"
 349      79734861 
 349      6C740000 
 349      02000000 
 349      00000000 
 350 0065 00003201 		.ascii	"\000\0002\001\000\000_pal_lld_setgroupmode\000\000\002"
 350      00005F70 
 350      616C5F6C 
 350      6C645F73 
 350      65746772 
 351 0083 00000000 		.ascii	"\000\000\000\000\000\000\000\000\0008\001\000\000"
 351      00000000 
 351      00380100 
 351      00
 352              		.text
 353              		.section	.gnu.lto_.opts,"",%progbits
 354 0000 272D666E 		.ascii	"'-fno-trapv' '-mcpu=cortex-m4' '-mfloat-abi=hard' '"
 354      6F2D7472 
 354      61707627 
 354      20272D6D 
 354      6370753D 
 355 0033 2D6D6670 		.ascii	"-mfpu=fpv4-sp-d16' '-mno-thumb-interwork' '-mthumb'"
 355      753D6670 
 355      76342D73 
 355      702D6431 
 355      36272027 
 356 0066 20272D67 		.ascii	" '-ggdb' '-O2' '-fomit-frame-pointer' '-falign-func"
 356      67646227 
 356      20272D4F 
 356      32272027 
 356      2D666F6D 
 357 0099 74696F6E 		.ascii	"tions=16' '-ffunction-sections' '-fdata-sections' '"
 357      733D3136 
 357      2720272D 
 357      6666756E 
 357      6374696F 
 358 00cc 2D666E6F 		.ascii	"-fno-common' '-flto'\000"
ARM GAS  /tmp/cch3NsP8.s 			page 28


 358      2D636F6D 
 358      6D6F6E27 
 358      20272D66 
 358      6C746F27 
 359              		.text
 360              		.comm	__gnu_lto_v1,1,1
 361              		.comm	__gnu_lto_slim,1,1
 362              		.ident	"GCC: (15:4.9.3+svn231177-1) 4.9.3 20150529 (prerelease)"
ARM GAS  /tmp/cch3NsP8.s 			page 29


DEFINED SYMBOLS
                            *ABS*:0000000000000000 hal_pal.c
                            *COM*:0000000000000001 __gnu_lto_v1
                            *COM*:0000000000000001 __gnu_lto_slim

NO UNDEFINED SYMBOLS
