ARM GAS  /tmp/ccR2zH4Q.s 			page 1


   1              		.syntax unified
   2              		.cpu cortex-m4
   3              		.eabi_attribute 27, 1
   4              		.eabi_attribute 28, 1
   5              		.fpu fpv4-sp-d16
   6              		.eabi_attribute 20, 1
   7              		.eabi_attribute 21, 1
   8              		.eabi_attribute 23, 3
   9              		.eabi_attribute 24, 1
  10              		.eabi_attribute 25, 1
  11              		.eabi_attribute 26, 1
  12              		.eabi_attribute 30, 2
  13              		.eabi_attribute 34, 1
  14              		.eabi_attribute 18, 4
  15              		.thumb
  16              		.file	"hal_pal_lld.c"
  17              		.text
  18              	.Ltext0:
  19              		.section	.gnu.lto_.profile.ecb7077771dfc3ad,"",%progbits
  20 0000 789C6366 		.ascii	"x\234cf```a\200\000F\006\177_\000\001_\000\245"
  20      60606061 
  20      80004606 
  20      7F5F0001 
  20      5F00A5
  21              		.text
  22              		.section	.gnu.lto_.jmpfuncs.ecb7077771dfc3ad,"",%progbits
  23 0000 789C6366 		.ascii	"x\234cf\300\016\370\2404\023\02032322\262\327\327\327"
  23      C00EF8A0 
  23      34131033 
  23      32333232 
  23      B2D7D7D7 
  24 0014 33000006 		.ascii	"3\000\000\006\334\001\237"
  24      DC019F
  25              		.text
  26              		.section	.gnu.lto_.inline.ecb7077771dfc3ad,"",%progbits
  27 0000 789C6366 		.ascii	"x\234cf\300\016L\2414\023\003\0033\023#\210b`[ \017"
  27      C00E4CA1 
  27      34130303 
  27      33132388 
  27      62605B20 
  28 0015 A2181819 		.ascii	"\242\030\030\031\3161\354ebd\004\01230\347\265\234W"
  28      CE31EC65 
  28      6264040A 
  28      3330E7B5 
  28      9C57
  29 0027 60909873 		.ascii	"`\220\230s\221\231\211Al\316.&\026\260&\000\250?\007"
  29      91998941 
  29      6CCE2E26 
  29      16B02600 
  29      A83F07
  30 003a 7D       		.ascii	"}"
  31              		.text
  32              		.section	.gnu.lto_.pureconst.ecb7077771dfc3ad,"",%progbits
  33 0000 789C6366 		.ascii	"x\234cf```e\200\000&\006\006F)\000\000\253\000&"
  33      60606065 
  33      80002606 
  33      06462900 
ARM GAS  /tmp/ccR2zH4Q.s 			page 2


  33      00AB0026 
  34              		.text
  35              		.section	.gnu.lto__pal_lld_init.ecb7077771dfc3ad,"",%progbits
  36 0000 789C6366 		.ascii	"x\234cf\300\004R@\\\012\304\226@\314\310\314\300\310"
  36      C0045240 
  36      5C0AC496 
  36      40CCC8CC 
  36      C0C8
  37 0012 34E11C03 		.ascii	"4\341\034\003C#\007\023##\210\301\300\310P\317\304X"
  37      43230713 
  37      232388C1 
  37      C0C850CF 
  37      C458
  38 0024 CFF892E9 		.ascii	"\317\370\222\351#\023\343\204\003\253gp\253/mhh\370"
  38      2313E384 
  38      03AB6770 
  38      AB2F6D68 
  38      68F8
  39 0036 F0E97C63 		.ascii	"\360\351|c\300\001\306\237L\014\014\237\231 \3460.g"
  39      C001C69F 
  39      4C0C0C9F 
  39      9920E630 
  39      2E67
  40 0048 5467002A 		.ascii	"Tg\000*\372\330\362\367:7[\013P\221\000D\216q\005#\033"
  40      FAD8F2F7 
  40      3A375B0B 
  40      50910044 
  40      8E710523 
  41 005d 23905E2F 		.ascii	"#\220^/t\240\341\377\377\305s{6\263\000\205\237\000"
  41      74A0E1FF 
  41      FFC5737B 
  41      36B30085 
  41      9F00
  42 006f 31C882A7 		.ascii	"1\310\202\247LL \232\371\036##H!\310\244'L\214 !\240"
  42      4C4C209A 
  42      F91E2323 
  42      4821C8A4 
  42      274C8C20 
  43 0085 02733D3D 		.ascii	"\002s==}\347\214\314\244L\377`\375\374b\375\214\304"
  43      7DE78CCC 
  43      A44CFF60 
  43      FDFC62FD 
  43      8CC4
  44 0097 1CFD82FC 		.ascii	"\034\375\202\374\242\222b\375\340\020_c#}\037\037\027"
  44      A29262FD 
  44      E0105F63 
  44      237D1F1F 
  44      17
  45 00a8 7DF7004F 		.ascii	"}\367\000O\3772#\220T|\001\020\347\344\244\350%3\000"
  45      FF322390 
  45      547C0110 
  45      E7E4A4E8 
  45      253300
  46 00bb 0087AD3B 		.ascii	"\000\207\255;\300"
  46      C0
  47              		.text
  48              		.section	.gnu.lto__pal_lld_setgroupmode.ecb7077771dfc3ad,"",%progbits
ARM GAS  /tmp/ccR2zH4Q.s 			page 3


  49 0000 789C9D57 		.ascii	"x\234\235WkPU\327\025>k\237\373\342>\300G\252\210\032"
  49      6B5055D7 
  49      153E6B9F 
  49      FBE23EC0 
  49      47AA881A 
  50 0014 1F48B049 		.ascii	"\037H\260I\360\372\2121Z\265\306$\232D\007\020\332\376"
  50      F0FA8A31 
  50      5AB5C624 
  50      9A440710 
  50      DAFE
  51 0026 E9B4D1E2 		.ascii	"\351\264\321\342\214Na`\220f\232\231N{\005\2741\215"
  51      8C4E6160 
  51      90669A99 
  51      4E7B05BC 
  51      318D
  52 0038 3594B49D 		.ascii	"5\224\264\235Ta4!Q\224T|\033\020\001-\025B0\206j\360"
  52      54613421 
  52      5194547C 
  52      1B10012D 
  52      15423086 
  53 004e 5142B005 		.ascii	"QB\260\005\304\210D\344q\301A\350Zk\237\373\024\034"
  53      C48844E4 
  53      71C141E8 
  53      5A6B9FFB 
  53      141C
  54 0060 0666CEE2 		.ascii	"\006f\316\342\354u\276\365\355\365\255\275\3669\373"
  54      EC75BEF5 
  54      EDF5ADBD 
  54      F639FB
  55 006f AACAA37F 		.ascii	"\252\312\243\177\307\361J\032\247(\277\307\377\020\242"
  55      C7F14A1A 
  55      A728BFC7 
  55      FF10A2
  56 007e 80C8FA52 		.ascii	"\200\310\372RQ\266\231\004\250\362F\025\272\035\221"
  56      51B69904 
  56      A8F24615 
  56      BA1D91
  57 008d 8AC36C25 		.ascii	"\212\303l%k\325\011\375\275\037\340(h\337b\034\351\205"
  57      6BD509FD 
  57      BD1FE028 
  57      68DF621C 
  57      E985
  58 009f 819F19F9 		.ascii	"\201\237\031\371\231\001L2\304\350\2761\201U\336\004"
  58      99014C32 
  58      C4E8BE31 
  58      8155DE04 
  59 00af 0933032D 		.ascii	"\0113\003-\0144\273\335\026\367\215U\004g\032\361\271"
  59      0C34BBDD 
  59      16F78D55 
  59      04671AF1 
  59      B9
  60 00c0 6D67A582 		.ascii	"mg\245\202\000\233\234\374\234)\030\200n\024P\376 T"
  60      009B9CFC 
  60      9C291880 
  60      6E1450FE 
  60      2054
  61 00d2 9DDE6034 		.ascii	"\235\336`4\005\231-V[0\340P\246\177[t\010\310*/\370"
ARM GAS  /tmp/ccR2zH4Q.s 			page 4


  61      05992D56 
  61      5B30E050 
  61      A67F5B74 
  61      08C82A2F 
  62 00e7 C012F989 		.ascii	"\300\022\371\211\303\341\270w\377d\350\366\320>\241"
  62      C3E1B877 
  62      FF64E8F6 
  62      D03EA1
  63 00f6 289D4202 		.ascii	"(\235B\002\340\000D\"\344\033\327\351\2356u\011(x_t"
  63      E0004422 
  63      E41BD7E9 
  63      9D367509 
  63      28785F74 
  64 010a B8EBA2A5 		.ascii	"\270\353\242\245U\364\011\230N\303\342\354\252\017\014"
  64      55F40998 
  64      4EC3E2EC 
  64      AA0F0C
  65 0119 34143A1A 		.ascii	"4\024:\032\326\025\336\270.\"\362\034\216\364\362K\307"
  65      D615DEB8 
  65      2E22F21C 
  65      8EF4F24B 
  65      C7
  66 012a 1C3FD6F5 		.ascii	"\034?\326\365\011\025\362AE>8\010ap\010\302\024t)P\000"
  66      0915F241 
  66      453E3808 
  66      617008C2 
  66      14742950 
  67 013f 1188FEA8 		.ascii	"\021\210\376\250\276\331\245\252+\230\367\320\371\242"
  67      BED9A5AA 
  67      2B98F7D0 
  67      F9A2
  68 014d 1F7260E3 		.ascii	"\037r`\343gyuV\307\232>\241\203O\003#u\012\374\203#"
  68      67797556 
  68      C79A3EA1 
  68      834F0323 
  68      750AFC83 
  69 0162 6FF5DD3E 		.ascii	"o\365\335>`S_\342\310\207\207\376\234c\226\241Ey\227"
  69      60535FE2 
  69      C88787FE 
  69      9C6396A1 
  69      457997
  70 0175 39540F87 		.ascii	"9T\017\207\003C\365\012\024B\004\341\373\253w\027Y\325"
  70      0343F50A 
  70      144204E1 
  70      FBAB7717 
  70      59D5
  71 0187 5739D679 		.ascii	"W9\326y\344A\275>\374C\212=\223QiuT92\033\007\007\247"
  71      E441BD3E 
  71      FC438A3D 
  71      93516975 
  71      5439321B 
  72 019e F509031C 		.ascii	"\365\011\003\034\361g\220\177\030\2627+\247[\257Fs\370"
  72      F167907F 
  72      18B2372B 
  72      A75BAF46 
  72      73F8
  73 01b0 9DEEFCBF 		.ascii	"\235\356\374\277Z8|_I\236\301'\370\3300\301y]_u\230"
ARM GAS  /tmp/ccR2zH4Q.s 			page 5


  73      5A387C5F 
  73      499EC127 
  73      F8D830C1 
  73      795D5F75 
  74 01c5 D49F7270 		.ascii	"\324\237rp\305\201\357sCd\360Y\277\340\023\303\004\177"
  74      C581EF73 
  74      4364F059 
  74      BFE013C3 
  74      047F
  75 01d7 5458F433 		.ascii	"TX\3643\365\027\034[{\242\247!X\306\226\372\305\236"
  75      F5171C5B 
  75      7BA2A721 
  75      58C696FA 
  75      C59E
  76 01e9 1A26B6B6 		.ascii	"\032&\266\266\355Va\220\232\300\301\216\023\331\003"
  76      ED566190 
  76      9AC0C18E 
  76      13D903
  77 01f8 4132B8CC 		.ascii	"A2\270\314/\370\263a\202?\317\271\\jV\267p\360\355\023"
  77      2FF8B361 
  77      823FCFB9 
  77      5C6A56B7 
  77      70F0ED13 
  78 020c E9459AE4 		.ascii	"\351E\232\344*\277\340\342a\202;2\037^\265\0302\261"
  78      2ABFE0E2 
  78      61823B32 
  78      1F5EB518 
  78      32B1
  79 021e BFC6C051 		.ascii	"\277\306\300Q\010\207\343x\235\304\3534^Ex\235\201p"
  79      0887E378 
  79      9DC4EB34 
  79      5E45789D 
  79      8170
  80 0230 D96F5002 		.ascii	"\331oP\002\006P\024\363p(\344r\035\374\364\035\241&"
  80      065014F3 
  80      7028E472 
  80      1DFCF41D 
  80      A126
  81 0242 4915C7DF 		.ascii	"I\025\307\337N\227*\032\277\310\250\366[\272\263C\245"
  81      4E972A1A 
  81      BFC8A8F6 
  81      5BBAB343 
  81      A5
  82 0253 02A54C51 		.ascii	"\002\245LQ\332^P\025\254\276\311\024\255\255\305s\231"
  82      DA5E5015 
  82      ACBEC914 
  82      ADADC573 
  82      99
  83 0264 A1BC189B 		.ascii	"\241\274\030\2335s\237c`p\020\210\240lH\202r&\370\223"
  83      35739F63 
  83      60701088 
  83      A06C4882 
  83      7226F893 
  84 0278 A3E07D50 		.ascii	"\243\340}P\337b\202O:r\317\332$C\251?\303\271!\031\316"
  84      DF62824F 
  84      3A72CFDA 
  84      2443A93F 
ARM GAS  /tmp/ccR2zH4Q.s 			page 6


  84      C3B92119 
  85 028d 3343D3FE 		.ascii	"3C\323\376\366\355\240\376\216\031\376xh{6H\206j\177"
  85      F6EDA0FE 
  85      8E19FE78 
  85      687B3648 
  85      866A7F
  86 02a0 867F0EC9 		.ascii	"\206\177\016\311P\001\341\205\343\312\035\203\203\235"
  86      5001E185 
  86      E3CA1D83 
  86      839D
  87 02ae F547DF0D 		.ascii	"\365G\337\015?(~\002\274%\020\210U\303\215\205u\303"
  87      3F287E02 
  87      BC251088 
  87      55C38D85 
  87      75C3
  88 02c0 4D8295C3 		.ascii	"M\202\225\303~\307\332\031\024\252\234\031\250\367-"
  88      7EC7DA19 
  88      14AA9C19 
  88      A8F72D
  89 02cf 8CB1E25E 		.ascii	"\214\261\342^0\332\030\030L\267!\214\036C\267c9d\034"
  89      30DA1818 
  89      4CB7218C 
  89      1E43B763 
  89      39641C
  90 02e2 DD8E57A8 		.ascii	"\335\216W\250\352O\000qO \307D2\241d&\2411\205q9'\323"
  90      EA4F0071 
  90      4F20C744 
  90      32A16426 
  90      A1318571 
  91 02f9 ED143253 		.ascii	"\355\0242S\271:O\322\363i4\236Nf\006\013\236I\267\341"
  91      B93A4FD2 
  91      F369349E 
  91      4E66060B 
  91      9E49B7E1 
  92 030d 9CF92CA0 		.ascii	"\234\371,\240\215\037A\250\247\310D\222\231M\346i2\317"
  92      8D1F41A8 
  92      A7C84492 
  92      994DE669 
  92      32CF
  93 031f 9079964C 		.ascii	"\220y\226L\024\031;\231\271d\346\221Y@f!\231\347\310"
  93      14193B99 
  93      B964E691 
  93      59406621 
  93      99E7C8
  94 0332 2C22B398 		.ascii	",\"\263\230\314\013d\226\220YJf\031\231\345dV\220YI"
  94      CC0B6496 
  94      90594A66 
  94      1999E564 
  94      56905949 
  95 0346 E64532AB 		.ascii	"\346E2\253\310\274L\346\0252\253\311\254!\363\032\231"
  95      C8BC4CE6 
  95      1532ABC9 
  95      AC21F31A 
  95      99
  96 0357 D7C9AC25 		.ascii	"\327\311\254%\263\216L4\2275\206\353\024\313%Z\317\325"
  96      B38E4C34 
  96      973586EB 
ARM GAS  /tmp/ccR2zH4Q.s 			page 7


  96      14CB255A 
  96      CFD5
  97 0369 89E322C6 		.ascii	"\211\343\"\306sY\025\245\011\373\026\337\275\315B\340"
  97      735915A5 
  97      09FB16DF 
  97      BDCD42E0 
  98 0379 3FF50664 		.ascii	"?\365\006d\364:\033\366,\246Fv\011\213K\230q\201w\035"
  98      F43A1BF6 
  98      2CA64676 
  98      098B4B98 
  98      7181771D 
  99 038d FEB83384 		.ascii	"\376\2703\204^\220F\\\235\177\341B\326\201\340NG\032"
  99      5E90465C 
  99      9D7FE142 
  99      D681E04E 
  99      471A
 100 039f 04291CD4 		.ascii	"\004)\034\324\262\347\2672\310*\203<oU#.\346\005\014"
 100      B2E7B732 
 100      C82A833C 
 100      6F55232E 
 100      E6050C
 101 03b2 425483B3 		.ascii	"BT\203\263\011$\310\2068\004\355\276\332\334\245\022"
 101      0924C886 
 101      3804EDBE 
 101      DADCA512 
 102 03c2 C884AB5F 		.ascii	"\310\204\253_\351\303|\234\230m\222\271\335\315\034"
 102      E9C37C9C 
 102      986D92B9 
 102      DDCD1C
 103 03d1 2C99FFEE 		.ascii	",\231\377\356\252\271 \323\011U\240*\2209\004q\020\341"
 103      AAB920D3 
 103      0955A02A 
 103      90390471 
 103      10E1
 104 03e3 653A494C 		.ascii	"e:IL!\222\251\307\3154F2\035)+x'\210\231\336P\340\363"
 104      2192A9C7 
 104      CD344632 
 104      1D292B78 
 104      278899DE 
 105 03fa 40A6B188 		.ascii	"@\246\261\210CP\333\345=\305V\316\021\373\261\332'\307"
 105      4350DBE5 
 105      3DC556CE 
 105      11FBB1DA 
 105      27C7
 106 040c D3C43C56 		.ascii	"\323\304<V2\017\270\231\307I\346\374\262\354\003:fv"
 106      320FB899 
 106      C749E6FC 
 106      B2EC033A 
 106      6676
 107 041e 60777E11 		.ascii	"`w~\021H=\036\201\364.\310k\274\003LmT\240\306\207\272"
 107      483D1E81 
 107      F42EC86B 
 107      BC034C6D 
 107      54A0C687 
 108 0433 88A8C7E3 		.ascii	"\210\250\307\3430\275<\313\310\036\371\362\370\266\351"
 108      30BD3CCB 
 108      C81EF9F2 
ARM GAS  /tmp/ccR2zH4Q.s 			page 8


 108      F8B6E9
 109 0442 52AD8902 		.ascii	"R\255\211\002\014\270\217.\362\226j\306o\021~#U\304"
 109      0CB88F2E 
 109      F2966AC6 
 109      6F117E23 
 109      55C4
 110 0454 8EE12575 		.ascii	"\216\341%u\341C9\340\004\365\332\200\353\240\323\006"
 110      E14339E0 
 110      04F5DA80 
 110      EBA0D306 
 111 0464 5C5E551B 		.ascii	"\\^U\033\360*\012m\200\035\343\022 E\325\345,\227\351"
 111      F02A0A6D 
 111      801DE312 
 111      2045D5E5 
 111      2C97E9
 112 0477 4E4017CE 		.ascii	"N@\027\316^\231\333zL\212\302\035\373%\316\3765d^\317"
 112      5E99DB7A 
 112      4C8AC21D 
 112      FB25CEFE 
 112      35645ECF 
 113 048b D8A86110 		.ascii	"\330\250a\020\260m\377\231\235F\006`z\227\344\216o\001"
 113      B06DFF99 
 113      9D460660 
 113      7A97E48E 
 113      6F01
 114 049d 70892750 		.ascii	"p\211'P\253\210\266\365\227mn\001\201-#JN\247\270D\234"
 114      AB88B6F5 
 114      976D6E01 
 114      812D234A 
 114      4EA7B844 
 115 04b2 ADBE36B1 		.ascii	"\255\2766\261\005T\\iQC\216\030\333\307\261-\240\303"
 115      05545C69 
 115      51438E18 
 115      DBC7B12D 
 115      A0C3
 116 04c4 F512579E 		.ascii	"\365\022W\236w\211X[ImZ\013\350\261\312\242\215\236"
 116      7789585B 
 116      496D5A0B 
 116      E8B1CAA2 
 116      8D9E
 117 04d6 AFB7D550 		.ascii	"\257\267\325P\200\201\244\213\235E\350\211\267\265\325"
 117      8081A48B 
 117      9D45E889 
 117      B7B5D5
 118 04e5 BE8135D0 		.ascii	"\276\2015\320);\"e\363\266\347dA\300+\033\2679mm\332"
 118      293B2265 
 118      F3B6E764 
 118      41C02B1B 
 118      B7396D6D 
 119 04fa C9B485F9 		.ascii	"\311\264\205\371-\215\011~EiO\304r\371\256\204\021W"
 119      2D8D097E 
 119      45694FC4 
 119      72F9AE84 
 119      1157
 120 050c A2562ED7 		.ascii	"\242V.\327\337\234m:\011\012E\234\326\303\351\015o\367"
 120      DF9C6D3A 
 120      090A459C 
ARM GAS  /tmp/ccR2zH4Q.s 			page 9


 120      D6C3E90D 
 120      6FF7
 121 051e 0BE99D84 		.ascii	"\013\351\235\204\017\010W\357\254\320<a\274\262\223"
 121      0F0857EF 
 121      ACD03C61 
 121      BCB293
 122 052d 7819D141 		.ascii	"x\031\321A\023\243SF\365\344\374H\202&\323\002Q\230"
 122      13A35346 
 122      F5E4FC48 
 122      8226D302 
 122      5198
 123 053f 418EA7C0 		.ascii	"A\216\247\300,\214\233,QW@:\247\242\337CSN4SeJ\0039"
 123      2C8C9B2C 
 123      5157403A 
 123      A7A2DF43 
 123      534E3453 
 124 0557 3F978827 		.ascii	"?\227\210'e\342\236\035d\304\035\364ow\212]\032\315"
 124      65E29E1D 
 124      64C41DF4 
 124      6F778A5D 
 124      1ACD
 125 0569 34C4F9CE 		.ascii	"4\304\371\3165\035w\006z\375\347\232\201~\317\\\347"
 125      351D7706 
 125      7AFDE79A 
 125      817ECF5C 
 125      E7
 126 057a 69AE1952 		.ascii	"i\256\031R\326\205\334\345\0221\023'\272\326\230^\315"
 126      D685DCE5 
 126      12311327 
 126      BAD6985E 
 126      CD
 127 058b 87261336 		.ascii	"\207&\0236\364e\010#\235~4\0307\323CSA4\341\0108\177"
 127      F4650823 
 127      9D7E3418 
 127      37D34353 
 127      4134E108 
 128 05a1 AAA3ED9C 		.ascii	"\252\243\355\234Q\"\"|;X\345/\353\311\336\275wm\271"
 128      5122227C 
 128      3B58E52F 
 128      EBC9DEBD 
 128      776DB9
 129 05b4 B0073F17 		.ascii	"\260\007?\027A.1\013\256P\323\320\367\245\346\335S\246"
 129      412E310B 
 129      AE50D3D0 
 129      F7A5E6DD 
 129      53A6
 130 05c6 A8024726 		.ascii	"\250\002G&>0\303\327\220\013\367\371<\007u\020E\323"
 130      3E30C3D7 
 130      900BF7F9 
 130      3C077510 
 130      45D3
 131 05d8 3E70F66B 		.ascii	">p\366kk\363\224V\232^\317jE\342L\350'g\227\263I/\235"
 131      6BF39456 
 131      9A5ECF6A 
 131      45E24CE8 
 131      276797B3 
 132 05ef B3D9AF52 		.ascii	"\263\331\257RF\3317'\220\317g\366m\016G\371\344\307"
ARM GAS  /tmp/ccR2zH4Q.s 			page 10


 132      46D93727 
 132      90CF67F6 
 132      6D0E47F9 
 132      E4C7
 133 0601 6670D59B 		.ascii	"fp\325\233\3015\210B:\226v\364\256[\332\323#\326r\235"
 133      C1358842 
 133      3A9676F4 
 133      AE5BDAD3 
 133      23D6729D 
 134 0615 9980986E 		.ascii	"\231\200\230n\270\265ThI>\243\225\276\327\331\245iy"
 134      B8B55468 
 134      493EA395 
 134      BED7D9A5 
 134      6979
 135 0627 16A9D12F 		.ascii	"\026\251\321/\265\264i\260(\366\353F\253\345?\336\014"
 135      B5B469B0 
 135      28F6EB46 
 135      ABE53FDE 
 135      0C
 136 0638 EA494B94 		.ascii	"\352IK\224\\&\217\026\373\210\265|\303L|\360i`-\230"
 136      5C268F16 
 136      FB88B57C 
 136      C34C7CF0 
 136      69602D98 
 137 064c 799396F9 		.ascii	"y\223\226\371\\\226c\227\231\327k\231\317c\277~\264"
 137      5C966397 
 137      99D76B99 
 137      CF63BF7E 
 137      B4
 138 065d 997FEB9D 		.ascii	"\231\177\353\235\257\2212\237Go\240k\031\235\273\302"
 138      AF91329F 
 138      476FA06B 
 138      199DBBC2 
 139 066d 24BD8577 		.ascii	"$\275\205w\200\302oE\275\322kV\361\361\305\214\301]"
 139      80C26F45 
 139      BDD26B56 
 139      F1F1C58C 
 139      C15D
 140 067f 53E463DE 		.ascii	"S\344c\336\350\375\225\333\371\343a\300\215~\323\203"
 140      E8FD95DB 
 140      F9E361C0 
 140      8D7ED383 
 141 068f 3628257A 		.ascii	"6(%z\225\227\264\253V+\303\202\021\227\341\277\234\026"
 141      9597B4AB 
 141      562BC382 
 141      1197E1BF 
 141      9C16
 142 06a1 FD2081FF 		.ascii	"\375 \201\377\271\227\324\275\200\013\3456\360)\314"
 142      B997D4BD 
 142      800BE536 
 142      F029CC
 143 06b0 73488D7E 		.ascii	"sH\215~\377\302,b\177\030\027\346\303\211C\024f\332"
 143      FFC22C62 
 143      7F1817E6 
 143      C3894314 
 143      66DA
 144 06c2 633368F2 		.ascii	"c3h\362f\320L\205Y\304\242\214\036Q\335nQ\213G,\252"
ARM GAS  /tmp/ccR2zH4Q.s 			page 11


 144      66D04C85 
 144      59C4A28C 
 144      1E51DD6E 
 144      518B472C 
 145 06d7 85297544 		.ascii	"\205)uDy+P\324\013\217\210Z\202\324\350\367\027\265"
 145      792B50D4 
 145      0B8F885A 
 145      82D4E8F7 
 145      17B5
 146 06e9 94FDA316 		.ascii	"\224\375\243\026\325\352\315\3406\211Z\312\242L\264"
 146      D5EACDE0 
 146      36895ACA 
 146      A24CB4
 147 06f8 AEDCB0DD 		.ascii	"\256\334\260\33575Q\313F,\352;\246\324\023\345\035w"
 147      373551CB 
 147      462CEA3B 
 147      A6D413E5 
 147      1D77
 148 070a C3BA452D 		.ascii	"\303\272E-\347\206]\346\277\325V\260_\310\206\035J\302"
 148      E7865DE6 
 148      BFD556B0 
 148      5FC8861D 
 148      4AC2
 149 071c D4C7CED7 		.ascii	"\324\307\316\327\346\235\357.IX\301\022\202\224\254"
 149      E69DEF2E 
 149      4958C112 
 149      8294AC
 150 072b 29725DFA 		.ascii	")r]\372\335\022V\216XB\273\227\362\373@\011/\262\204"
 150      DD12568E 
 150      5842BB97 
 150      F2FB4009 
 150      2FB284
 151 073e 95FE1256 		.ascii	"\225\376\022V\261\177\324\022\356y\347\353 \011\253"
 151      B17FD412 
 151      EE79E7EB 
 151      2009AB
 152 074d 14DE54B7 		.ascii	"\024\336T\267\336so*\237]dVv\004Ka\017\335\015\367\362"
 152      DE736F2A 
 152      9F5D6456 
 152      76044B61 
 152      0FDD0DF7 
 153 0762 8885DDF7 		.ascii	"\210\205\335\367\366pg`\303\275\362H\303\255Fj\364\373"
 153      F6706760 
 153      C3BDF248 
 153      C3AD466A 
 153      F4FB
 154 0774 37DC1AF6 		.ascii	"7\334\032\366\217\272\341\272\274\031t\223\3245,\312"
 154      8FBAE1BA 
 154      BC197493 
 154      D4352CCA 
 155 0784 E21135E0 		.ascii	"\342\0215\340\026\365\332\210E\365x{\330\025(\352\365"
 155      16F5DA88 
 155      45F5787B 
 155      D81528EA 
 155      F5
 156 0795 4744AD45 		.ascii	"GD\255Ej\364\373\213Z\307\376Q\213\352\365f\320G\242"
 156      6AF4FB8B 
ARM GAS  /tmp/ccR2zH4Q.s 			page 12


 156      5AC7FE51 
 156      8BEAF566 
 156      D047A2
 157 07a8 D6B1282B 		.ascii	"\326\261(+\237\031\371L:\260w\241<\301E\343)\017\317"
 157      9F19F94C 
 157      3AB077A1 
 157      3CC145E3 
 157      290FCF
 158 07bb 229E4328 		.ascii	"\"\236C(\037\005\243\345+6\357/\241\032\310}\256C\022"
 158      1F05A3E5 
 158      2B36EF2F 
 158      A11AC87D 
 158      AE4312
 159 07ce 9BB2     		.ascii	"\233\262"
 160 07d0 B39249EA 		.ascii	"\263\222I\352\235u\371\332O\206\030\374\310\372\222"
 160      9D75F9DA 
 160      4F8618FC 
 160      C8FA92
 161 07df F0493346 		.ascii	"\360I3F\236'\032\362\227HP,~\275\374\216\373|8\215\225"
 161      9E271AF2 
 161      9748502C 
 161      7EBDFC8E 
 161      FB7C388D 
 162 07f4 A896FC45 		.ascii	"\250\226\374E\022\265\036\277\024~(>\317\256\227\250"
 162      12B51EBF 
 162      147E283E 
 162      CFAE97A8 
 163 0804 EF664B50 		.ascii	"\357fKP\034\266\266\037\210O\263q\004\312v\366\344\317"
 163      1CB6B61F 
 163      884FB371 
 163      04CA76F6 
 163      E4CF
 164 0816 95A878F9 		.ascii	"\225\250x\371\362\257\335\275?C\276\374\361\000\373"
 164      F2AFDDBD 
 164      3F43BEFC 
 164      F100FB
 165 0825 C027888F 		.ascii	"\300'\210\217\315\361,*\230~\0065\300\266\362\367\253"
 165      CDF12C2A 
 165      987E0635 
 165      C0B6F2F7 
 165      AB
 166 0836 557950A4 		.ascii	"UyP\244\337H\200^\374\356<?g\216}\325\346-\033\267D"
 166      DF48805E 
 166      FCEE3C3F 
 166      678E7DD5 
 166      E62D1BB7 
 167 084b C7D993B7 		.ascii	"\307\331\223\267\3327oH\264\247$\247\246m\265\307\305"
 167      DA376F48 
 167      B4A724A7 
 167      A66DB5C7 
 167      C5
 168 085c AF5B30DF 		.ascii	"\257[0\337\276v\355K\366\3251\257F\2779\237\036\375"
 168      BE76ED4B 
 168      F6D531AF 
 168      46BF399F 
 168      1EFD
 169 086e 3205AFC4 		.ascii	"2\005\257\304\304\2049\277Rt\204\322%m\330\372k]Rr\302"
ARM GAS  /tmp/ccR2zH4Q.s 			page 13


 169      C48439BF 
 169      527484D2 
 169      256DD8FA 
 169      6B5D5272 
 170 0883 263D9954 		.ascii	"&=\231TCr\332[)\233R\215\311[S6mJH\325\247\374&%!U\267"
 170      4372DA5B 
 170      299B528D 
 170      C95B5336 
 170      6D4A48D5 
 171 089e 21312D55 		.ascii	"!1-U\335\270%\315D7\024!\222\346\211\244\371\"i\341"
 171      DDB825CD 
 171      44371421 
 171      92E689A4 
 171      F92269E1 
 172 08b2 FF01F997 		.ascii	"\377\001\371\227\200\346"
 172      80E6
 173              		.text
 174              		.section	.gnu.lto_.symbol_nodes.ecb7077771dfc3ad,"",%progbits
 175 0000 789C6366 		.ascii	"x\234cf``\320a\200\002\246]L\365\014\014\023\31610\324"
 175      6060D061 
 175      8002A65D 
 175      4CF50C0C 
 175      13CE3130 
 176 0015 D733CC5B 		.ascii	"\3273\314[\300\301\300\264\233\251\236\021Y\200u'\023"
 176      C0C1C0B4 
 176      9BA99E11 
 176      59807527 
 176      13
 177 0026 C3429022 		.ascii	"\303B\220\"\000\027\012\013\322"
 177      00170A0B 
 177      D2
 178              		.text
 179              		.section	.gnu.lto_.refs.ecb7077771dfc3ad,"",%progbits
 180 0000 789C6366 		.ascii	"x\234cf```d\200\002\000\000=\000\005"
 180      60606064 
 180      80020000 
 180      3D0005
 181              		.text
 182              		.section	.gnu.lto_.decls.ecb7077771dfc3ad,"",%progbits
 183 0000 789C9D56 		.ascii	"x\234\235VkP\023W\024\336\223\233\204\270\004p\252U"
 183      6B501357 
 183      14DE939B 
 183      84B80470 
 183      AA55
 184 0012 A7D31F48 		.ascii	"\247\323\037H;\214\323i\215\325\031\373\263\266b\325"
 184      3B8CD369 
 184      8DD519FB 
 184      B3B662D5 
 185 0022 560B13ED 		.ascii	"V\013\023\355t:\355L\006!\225LyIB[\377-\004)\276\012"
 185      743AED4C 
 185      0621954C 
 185      7949425B 
 185      FF2D0429 
 186 0038 A5E2B38F 		.ascii	"\245\342\263\217`\260\200P\240\245\365\305\033+\006"
 186      60B08050 
 186      A0A5F5C5 
 186      1B2B06
ARM GAS  /tmp/ccR2zH4Q.s 			page 14


 187 0047 54B48A8F 		.ascii	"T\264\212\217j\225\020\037\245>H\264Z\021\225\364\334"
 187      6A95101F 
 187      A53E48B4 
 187      5A1195F4 
 187      DC
 188 0058 BB9B5DA0 		.ascii	"\273\233]\240\253\343\2703gg\317\275\347|\347\334\357"
 188      ABE3B833 
 188      6767CFBD 
 188      E77CE7DC 
 188      EF
 189 0069 9C7BF712 		.ascii	"\234{\367\022\216\343ZQ\202\370l\016\347\270\007\300"
 189      8EE35A51 
 189      82F86C0E 
 189      E7B807C0 
 190 0079 7104F504 		.ascii	"q\004\365\004Ny4(\325(\367Qp\232\323\0017\352\251\226"
 190      4E793428 
 190      D528F751 
 190      709AD301 
 190      37EAA996 
 191 008d C6433E20 		.ascii	"\306C> \215\215}\250\177\270d\027\211bD\031@\271\205"
 191      8D8D7DA8 
 191      7FB86417 
 191      89624419 
 191      40B985
 192 00a0 72076517 		.ascii	"r\007e\027\312T\224\267Q\256\241\354A\321\243\364\243"
 192      CA5494B7 
 192      51AEA1EC 
 192      41D1A3F4 
 192      A3
 193 00b1 5C42B980 		.ascii	"\\B\271\200r\031\345\012\212O\212s_%\316M\015\354\255"
 193      7219E50A 
 193      8A4F8A73 
 193      5F25CE4D 
 193      0DECAD
 194 00c4 B97D24BC 		.ascii	"\271}$\274_\003\221|4U\367\025{6\353Q5\362Z\2526\334"
 194      5F03917C 
 194      3455F715 
 194      7B36EB51 
 194      35F25AAA 
 195 00da F7F56827 		.ascii	"\367\365h'\227\010\370\0249\205\361ZH\230\004\345\360"
 195      9708F814 
 195      3985F15A 
 195      489804E5 
 195      F0
 196 00eb 1C54C073 		.ascii	"\034T\300s\210Z\011\223\361\375\241VD\362U\234n\010"
 196      885A0993 
 196      F1FDA156 
 196      44F2559C 
 196      6E08
 197 00fd 231AA0DF 		.ascii	"#\032\240\337\356\315}=\374\313;\321\255@hm\325(\341"
 197      EECD7D3D 
 197      FCCB3BD1 
 197      AD40686D 
 197      D528E1
 198 0110 DADD250D 		.ascii	"\332\335%\015\332\350\357\204\272\272@\355\360\037F"
 198      DAE8EF84 
 198      BABA40ED 
ARM GAS  /tmp/ccR2zH4Q.s 			page 15


 198      F01F46
 199 011f C123B406 		.ascii	"\301#\264\006\203\2573(\330\011\004\252\340eF\014~\213"
 199      83AF3328 
 199      D80904AA 
 199      E065460C 
 199      7E8B
 200 0131 0C554334 		.ascii	"\014UC4\272\015\255:\221\257aY\"\030\352\025\276\356"
 200      BA0DAD3A 
 200      91AF6159 
 200      2218EA15 
 200      BEEE
 201 0143 E20896E6 		.ascii	"\342\010\226\3464\252n\334\331\237L\342Y\344\234\037"
 201      34AA6EDC 
 201      D99F4CE2 
 201      59E49C1F 
 202 0153 1AD685E1 		.ascii	"\032\326\205\341\314T\236\305\353\335v\257l\034Si\335"
 202      CC549EC5 
 202      EBDD76AF 
 202      6C1C5369 
 202      DD
 203 0164 A2E8504B 		.ascii	"\242\350PK\363`\007O>b\326\353\012\274\235<\261\322"
 203      F360074F 
 203      3E62D6EB 
 203      0ABC9D3C 
 203      B1D2
 204 0176 6F8DE78A 		.ascii	"o\215\347\212\340\216\204X\276\014\263\016\364\273}"
 204      E08E8458 
 204      BE0CB30E 
 204      F4BB7D
 205 0185 0B9CC21C 		.ascii	"\013\234\302\034\370\025x\250\227\363b\250\364)\020"
 205      F81578A8 
 205      97F362A8 
 205      F42910
 206 0194 845CCAC8 		.ascii	"\204\\\312\3108O$'\023\002\277@,Z0[\250\303\301\237"
 206      384F2427 
 206      1302BF40 
 206      2C5A305B 
 206      A8C3C19F 
 207 01a8 7010810F 		.ascii	"p\020\201\017<h\316\323\001\037\253\356\264[\305\211"
 207      3C68CED3 
 207      011FABEE 
 207      B45BC589 
 208 01b8 A5D0BCAA 		.ascii	"\245\320\274\252x\222 ha\027\246\360\263\222\002f$\263"
 208      78922068 
 208      6117A6F0 
 208      B3920266 
 208      24B3
 209 01ca 79A3BDEC 		.ascii	"y\243\275\354s\036a\235O\006\213\036\303\347\362\363"
 209      731E619D 
 209      4F068B1E 
 209      C3E7F2F3 
 210 01da 8CA40DD8 		.ascii	"\214\244\015\330\352\327\327o\335j \007Ee\260h\307\016"
 210      EAD7D76F 
 210      DD6A2007 
 210      4565B068 
 210      C70E
 211 01ec 2DE91695 		.ascii	"-\351\026\225\262\222\215\325:\306\257\201\265Ai\245"
ARM GAS  /tmp/ccR2zH4Q.s 			page 16


 211      B2928DD5 
 211      3AC6AF81 
 211      B54169A5 
 212 01fc DF404E89 		.ascii	"\337@N\211s-\2359Gx\362\247\250\034\362\015\376cd\206"
 212      732D9D39 
 212      4778F2A7 
 212      A81CF20D 
 212      FE636486 
 213 0210 E3A97AAE 		.ascii	"\343\251z\256\270\264<\222x\305\271\356\341\242[a\344"
 213      B8B43C92 
 213      78C5B9EE 
 213      E1A25B61 
 213      E4
 214 0221 D268C348 		.ascii	"\322h\303H\321p\353\351\313\267\011\363c\365,\351\332"
 214      D170EBE9 
 214      CBB709F3 
 214      63F52CE9 
 214      DA
 215 0232 56A82357 		.ascii	"V\250#WD\323\242\276\342\023Z\342\207Q\365\214\026\353"
 215      44D3A2BE 
 215      E2135AE2 
 215      8751F58C 
 215      16EB
 216 0244 B9E9DAE0 		.ascii	"\271\351\332\340/\006\246\006\203\204\222\273\375\374"
 216      2F06A606 
 216      838492BB 
 216      FDFC
 217 0252 B1BE7172 		.ascii	"\261\276qr\325.\236z\236R\326\211\224\035P(\213\036"
 217      D52E9E7A 
 217      9E52D689 
 217      941D5028 
 217      8B1E
 218 0264 5935244B 		.ascii	"Y5$KW\201L\265#)\373)S\036d*Zb\252\003\007\017\212U"
 218      57814CB5 
 218      2329FB29 
 218      531E642A 
 218      5A62AA03 
 219 027c ABF70DAC 		.ascii	"\253\367\015\254\345C\300\315\007\276d\2658\204\300"
 219      E543C0CD 
 219      07BE64B5 
 219      3884C0
 220 028b BF29C09D 		.ascii	"\277)\300\235\360X\344.Ud\330\355/\364\001\031\022\327"
 220      F058E42E 
 220      5564D8ED 
 220      2FF40119 
 220      12D7
 221 029d B776C3ED 		.ascii	"\267v\303\355N\015\031f\212vMK\343D\210\231\020\023"
 221      4E0D1966 
 221      8A764D4B 
 221      E3448899 
 221      1013
 222 02af EB42BCC0 		.ascii	"\353B\274\300\272\325\376\005N\247\260a\012\013{\030"
 222      BAD5FE05 
 222      4EA7B061 
 222      0A0B7B18 
 223 02bf C31E8509 		.ascii	"\303\036\205\011\012\3724\272\005_\302\027\367\025\333"
 223      0AFA34BA 
ARM GAS  /tmp/ccR2zH4Q.s 			page 17


 223      055FC217 
 223      F715DB
 224 02ce 9F2E614E 		.ascii	"\237.aN\0267bwRc\014\015\277c\026\335\020\003\307 \206"
 224      16376277 
 224      52630C0D 
 224      BF6316DD 
 224      1003C720 
 225 02e3 E54AB15D 		.ascii	"\345J\261]MN}\305\014\206{D\025\267\235B\260>\3646\270"
 225      4D4E7DC5 
 225      0C867B44 
 225      15B79D42 
 225      B03EF436 
 226 02f8 C1402DB8 		.ascii	"\301@-\270\320\346\224\333\257\353j\307\015=i`[^\273"
 226      D0E694DB 
 226      AFEB6AC7 
 226      0D3D6960 
 226      5B5EBB
 227 030b EECEEE73 		.ascii	"\356\316\356sF\210\211\231\310\222\367\356sw\343\356"
 227      46888999 
 227      C892F7EE 
 227      7377E3EE 
 228 031b 9EC1BAB7 		.ascii	"\236\301\272\267\015C\234\204\211Js*\251\273h\204\346"
 228      0D439C84 
 228      894A732A 
 228      A9BB6884 
 228      E6
 229 032c 8BBAD65C 		.ascii	"\213\272\326\\1\213\343\2176-\226N\2419\216\221\253"
 229      318BE38F 
 229      362D964E 
 229      A1398E91 
 229      AB
 230 033d A4C67495 		.ascii	"\244\306t\225\247p\225'p\225=\322*Y\352{\235a\002P\223"
 230      A7709527 
 230      70953DD2 
 230      2A59EA7B 
 230      9D610250 
 231 0352 FFE7BEBD 		.ascii	"\377\347\276\275\320\2776j\"b\346<\022\223\033\005\210"
 231      D0BF366A 
 231      2262E63C 
 231      12931B05 
 231      88
 232 0363 3E5F9FD9 		.ascii	">_\237\331>\314\223&\361\210\333r\367pG\024\353\340"
 232      3ECC9326 
 232      F188DB72 
 232      F7704714 
 232      EBE0
 233 0375 29546D1B 		.ascii	")Tm\033\3624jI\2738'\014{\036F\020\217\250\204NX\243"
 233      F2346A49 
 233      BB38270C 
 233      7B1E4610 
 233      8FA8844E 
 234 038b 78C27E7B 		.ascii	"x\302~{\376\304\365\010r\204\315\031\253\002g\253t\264"
 234      FEC4F508 
 234      7284CD19 
 234      AB0267AB 
 234      74B4
 235 039d E2A107C9 		.ascii	"\342\241\007\311\313szk$\362\366 yM\310H/2#3\322\310"
ARM GAS  /tmp/ccR2zH4Q.s 			page 18


 235      CB737A6B 
 235      24F2F620 
 235      794DC848 
 235      2F322333 
 236 03b3 722C07A5 		.ascii	"r,\007\245\362\002\313\377G4\250as\275R\345\377FN|\270"
 236      F202CBFF 
 236      4734A861 
 236      73BD52E5 
 236      FF464E7C 
 237 03c8 847E944B 		.ascii	"\204~\224K(\027P\274(}(\177\241\\D\271\214rE\356\214"
 237      281750BC 
 237      287D287F 
 237      A15C44B9 
 237      8C7245EE 
 238 03dd 3CA7ABD6 		.ascii	"<\247\253\326\255\227\"7\217\215\334\002#\352\206\246"
 238      AD972237 
 238      8F8DDC02 
 238      23EA86A6 
 239 03ed 7B64D356 		.ascii	"{d\323VuS1If[%\333\356\035k;m4\252G\266<;\326\362\217"
 239      75533149 
 239      665B25DB 
 239      EE1D6B3B 
 239      6D34AA47 
 240 0407 B1A83FCA 		.ascii	"\261\250?\312\266\015\3524)\260\235\262\351\271\261"
 240      B60DEA34 
 240      29B09DB2 
 240      E9B9B1
 241 0416 A67F8E31 		.ascii	"\246\177\2161\355\222M\317\253\233\312\031\344x[\334"
 241      ED924DCF 
 241      AB9BCA19 
 241      E4785BDC 
 242 0426 D6D63C02 		.ascii	"\326\326<\002\247\261e\316\250\247+\343z\253G\224u\237"
 242      A7B165CE 
 242      A8A72BE3 
 242      7AAB4794 
 242      759F
 243 0438 2A0BE5CA 		.ascii	"*\013\345\312\266\253t\353\261w{U\366\235fS}\333]<\232"
 243      B6AB74EB 
 243      B1777B55 
 243      F69D6653 
 243      7DDB5D3C 
 244 044d 2630BB43 		.ascii	"&0\273CI\006\270\206@\265\312\261D\235\330\243\326\036"
 244      4906B886 
 244      40B5CAB1 
 244      449DD8A3 
 244      D61E
 245 045f 7015BBE2 		.ascii	"p\025\273\342i;\004\373\367^W\376\027\021\344\270\330"
 245      693B04FB 
 245      F75E57FE 
 245      1711E4B8 
 245      D8
 246 0470 DB816B27 		.ascii	"\333\201k'\017\350\214k\224\037\033KE\331I7\300(%\205"
 246      0FE88C6B 
 246      941F1B4B 
 246      45D94937 
 246      C0282585 
 247 0484 691F73DF 		.ascii	"i\037s\337y\015\214\261\217\262\006?&\2438\260s\267"
ARM GAS  /tmp/ccR2zH4Q.s 			page 19


 247      790D8CB1 
 247      8FB2063F 
 247      26A338B0 
 247      73B7
 248 0496 A96AE00D 		.ascii	"\251j\340\015\372\033\036\300\341\353\312\002\321J\336"
 248      FA1B1EC0 
 248      E1EBCA02 
 248      D14ADE
 249 04a5 C8C5C70F 		.ascii	"\310\305\307\017\327\207\223\022\302\376\3415{z\375"
 249      D7879312 
 249      C2FEE135 
 249      7B7AFD
 250 04b4 06E9D0F6 		.ascii	"\006\351\320\366\2569\310#\203\267\220\354\200\342\272"
 250      AE39C823 
 250      83B790EC 
 250      80E2BA
 251 04c3 0B1EFB0B 		.ascii	"\013\036\373\013\277\251\376\333\254ko\177\226l\027"
 251      BFA9FEDB 
 251      AC6B6F7F 
 251      966C17
 252 04d2 63E4973E 		.ascii	"c\344\227>\250\214\220b\270\012\303\000\356`\204\177"
 252      A88C9062 
 252      B80AC300 
 252      EE60847F 
 253 04e2 9E38C26D 		.ascii	"\2368\302m\365\010==C\373\211\026oJ\014\356Cv\373*,"
 253      F5083D3D 
 253      43FB8916 
 253      6F4A0CEE 
 253      4376FB2A 
 254 04f7 1C680A63 		.ascii	"\034h\012cct\021\377\002\033\354\353\271\341`c\224\223"
 254      637411FF 
 254      021BECEB 
 254      B9E16063 
 254      9493
 255 0509 BBE25881 		.ascii	"\273\342X\201\277\367*<\362\232v\217]\323\006A\272\247"
 255      BFF72A3C 
 255      F29A768F 
 255      5DD30641 
 255      BAA7
 256 051b 1D6D6B2C 		.ascii	"\035mk,\211\"UD\374G_(\375:\012\357c.\274\217]\310'"
 256      89225544 
 256      FC475F28 
 256      FD3A0AEF 
 256      632EBC8F 
 257 0532 5B0457AE 		.ascii	"[\004W\2560\034\014\002\363\202\241\0217\262\241\320"
 257      301C0C02 
 257      F382A111 
 257      37B2A1D0 
 258 0542 8DEC3EBB 		.ascii	"\215\354>\273\2215\035\356[\255#m\"%\205\316`c\030L"
 258      91351DEE 
 258      5BAD236D 
 258      222585CE 
 258      6063184C 
 259 0556 8895FB6D 		.ascii	"\210\225\373m\005m{\261\245\037J\2556\014\261\362\301"
 259      056D7BB1 
 259      A51F4AAD 
 259      360CB1F2 
ARM GAS  /tmp/ccR2zH4Q.s 			page 20


 259      C1
 260 0567 1CF8A6B6 		.ascii	"\034\370\246\266fa\016\326\365\241Z{\257o+\310\323\252"
 260      66610ED6 
 260      F5A15A7B 
 260      AF6F2BC8 
 260      D3AA
 261 0579 A281A089 		.ascii	"\242\201\240\211U\005\364\236\265\032 \210\023\017\224"
 261      5505F49E 
 261      B51A2088 
 261      130F94
 262 0588 3A3C0CED 		.ascii	":<\014\355\002\314\366\2147\267K<\203\331\025\360\374"
 262      02CCF68C 
 262      37B74B3C 
 262      83D915F0 
 262      FC
 263 0599 99DCEFF5 		.ascii	"\231\334\357\365\364\342$\204\032\321\310\217 ,W\203"
 263      F4E22484 
 263      1AD1C88F 
 263      202C5783 
 264 05a9 15C47890 		.ascii	"\025\304x\220\243\021/M.\3776\3153ER:\321+X\244\320"
 264      A3112F4D 
 264      2EFF36CD 
 264      3345523A 
 264      D12B58A4 
 265 05be FA9C9A67 		.ascii	"\372\234\232gB.\254\216w\253\372\015\344\246\310\356"
 265      422EAC8E 
 265      77ABFA0D 
 265      E4A6C8EE 
 266 05ce EAF2D301 		.ascii	"\352\362\323\001\375\013\245\202\313\025\250\255[\221"
 266      FD0BA582 
 266      CB15A8AD 
 266      5B91
 267 05dc 43C915F0 		.ascii	"C\311\025\360\272\013\324\011\3624,U\031\010u\306\357"
 267      BA0BD409 
 267      F2342C55 
 267      190875C6 
 267      EF
 268 05ed 2ACD0B5C 		.ascii	"*\315\013\\\204%31\325\222\232\232l\261\245\333\034"
 268      84253331 
 268      D5929A9A 
 268      6CB1A5DB 
 268      1C
 269 05fe FAF9EFBE 		.ascii	"\372\371\357\276\027=\227{m\372t\323\334\024\3332[\374"
 269      173D977B 
 269      6DFA74D3 
 269      DC14DB32 
 269      5BFC
 270 0610 125386DD 		.ascii	"\022S\206\335\224\222\230j\312\314\310r\330MK\226.\236"
 270      9492986A 
 270      CACCC872 
 270      D84D4B96 
 270      2E9E
 271 0622 35D3B468 		.ascii	"5\323\264hQ\234i~\302\302\370Og\322\251\020\300\364"
 271      519C697E 
 271      C2C2F84F 
 271      67D2A910 
 271      C0F4
ARM GAS  /tmp/ccR2zH4Q.s 			page 21


 272 0634 24CE6877 		.ascii	"$\316hw\244\315\232iY\236i\313\2608\014\331\266t\007"
 272      A4CD9A69 
 272      599E69CB 
 272      B0380CD9 
 272      B67407
 273 0647 6A0EDE62 		.ascii	"j\016\336b\011}\276b\312\266g\231l\351I\251\331\311"
 273      097DBE62 
 273      CAB66799 
 273      6CE949A9 
 273      D9C9
 274 0659 5653BAF5 		.ascii	"VS\272\365\263T\3332SZbR\212-\335j\262$[?N\314NuX\034"
 274      B354DB32 
 274      535A6252 
 274      8A2DDD6A 
 274      B2245B3F 
 275 0673 2B33ADF6 		.ascii	"+3\255\366\351)\\\214\232\265}\245\335d\261;\222\021"
 275      E9295C8C 
 275      9AB57DA5 
 275      DD64B13B 
 275      9211
 276 0685 114D748B 		.ascii	"\021Mt\213\343\343\346\231\365\361K?H\230g\016\213_"
 276      E3E3E699 
 276      F5F14B3F 
 276      4898670E 
 276      8B5F
 277 0697 92306F5E 		.ascii	"\2220o^\234Y\227\360^B\234\231,D\211\2173\303\373,\223"
 277      9C5997F0 
 277      5E429C99 
 277      2C44898F 
 277      33C3FB2C 
 278 06ac 5767CB99 		.ascii	"Wg\313\231\320Ob\267:tI\251\326\304\254\331O\274Xeu"
 278      D04F62B7 
 278      3A7449A9 
 278      D6C4ACD9 
 278      4FBC5865 
 279 06c1 18191668 		.ascii	"\030\031\026h\337\\b6\353\026\305\317}\307\254}\343"
 279      DF5C6236 
 279      EB16C5CF 
 279      7DC7AC7D 
 279      E3
 280 06d2 2DF322FA 		.ascii	"-\363\"\372Z\300\3332\250\267-\331\342x:\026S8\243\010"
 280      5AC0DB32 
 280      A8B72DD9 
 280      E2783A16 
 280      5338A308 
 281 06e6 919668FF 		.ascii	"\221\226h\377\004Y\264e\244e$[-\216g\345Ba\346\313\263"
 281      0459B465 
 281      A465245B 
 281      2D8E67E5 
 281      4261E6CB 
 282 06fb 32B233E9 		.ascii	"2\2623\3518\217\203\326O\255\351H\332\213\377\017\027"
 282      388F83D6 
 282      4FADE948 
 282      DA8BFF0F 
 282      17
 283 070c A24EC247 		.ascii	"\242N\302G\354p\206\302<\354\377\001\246|\013;"
 283      EC7086C2 
ARM GAS  /tmp/ccR2zH4Q.s 			page 22


 283      3CECFF01 
 283      A67C0B3B 
 284              		.text
 285              		.section	.gnu.lto_.symtab.ecb7077771dfc3ad,"",%progbits
 286 0000 5F70616C 		.ascii	"_pal_lld_init\000\000\000\000\000\000\000\000\000\000"
 286      5F6C6C64 
 286      5F696E69 
 286      74000000 
 286      00000000 
 287 0017 0000AC00 		.ascii	"\000\000\254\000\000\000_pal_lld_setgroupmode\000\000"
 287      00005F70 
 287      616C5F6C 
 287      6C645F73 
 287      65746772 
 288 0034 00000000 		.ascii	"\000\000\000\000\000\000\000\000\000\000\373\000\000"
 288      00000000 
 288      0000FB00 
 288      00
 289 0041 005F7061 		.ascii	"\000_pal_events\000\000\000\000\000\000\000\000\000"
 289      6C5F6576 
 289      656E7473 
 289      00000000 
 289      00000000 
 290 0056 00000005 		.ascii	"\000\000\000\005\001\000\000"
 290      010000
 291              		.text
 292              		.section	.gnu.lto_.opts,"",%progbits
 293 0000 272D666E 		.ascii	"'-fno-trapv' '-mcpu=cortex-m4' '-mfloat-abi=hard' '"
 293      6F2D7472 
 293      61707627 
 293      20272D6D 
 293      6370753D 
 294 0033 2D6D6670 		.ascii	"-mfpu=fpv4-sp-d16' '-mno-thumb-interwork' '-mthumb'"
 294      753D6670 
 294      76342D73 
 294      702D6431 
 294      36272027 
 295 0066 20272D67 		.ascii	" '-ggdb' '-O2' '-fomit-frame-pointer' '-falign-func"
 295      67646227 
 295      20272D4F 
 295      32272027 
 295      2D666F6D 
 296 0099 74696F6E 		.ascii	"tions=16' '-ffunction-sections' '-fdata-sections' '"
 296      733D3136 
 296      2720272D 
 296      6666756E 
 296      6374696F 
 297 00cc 2D666E6F 		.ascii	"-fno-common' '-flto'\000"
 297      2D636F6D 
 297      6D6F6E27 
 297      20272D66 
 297      6C746F27 
 298              		.text
 299              		.comm	__gnu_lto_v1,1,1
 300              		.comm	__gnu_lto_slim,1,1
 301              		.ident	"GCC: (15:4.9.3+svn231177-1) 4.9.3 20150529 (prerelease)"
ARM GAS  /tmp/ccR2zH4Q.s 			page 23


DEFINED SYMBOLS
                            *ABS*:0000000000000000 hal_pal_lld.c
                            *COM*:0000000000000001 __gnu_lto_v1
                            *COM*:0000000000000001 __gnu_lto_slim

NO UNDEFINED SYMBOLS
