ARM GAS  /tmp/ccP9oz7l.s 			page 1


   1              		.syntax unified
   2              		.cpu cortex-m4
   3              		.eabi_attribute 27, 1
   4              		.eabi_attribute 28, 1
   5              		.fpu fpv4-sp-d16
   6              		.eabi_attribute 20, 1
   7              		.eabi_attribute 21, 1
   8              		.eabi_attribute 23, 3
   9              		.eabi_attribute 24, 1
  10              		.eabi_attribute 25, 1
  11              		.eabi_attribute 26, 1
  12              		.eabi_attribute 30, 2
  13              		.eabi_attribute 34, 1
  14              		.eabi_attribute 18, 4
  15              		.thumb
  16              		.file	"memstreams.c"
  17              		.text
  18              	.Ltext0:
  19              		.section	.gnu.lto_.profile.3464f76aec08e3ec,"",%progbits
  20 0000 789C6366 		.ascii	"x\234cf```a\200\000F\206\000K\000\001M\000\222"
  20      60606061 
  20      80004686 
  20      004B0001 
  20      4D0092
  21              		.text
  22              		.section	.gnu.lto_.jmpfuncs.3464f76aec08e3ec,"",%progbits
  23 0000 789C6366 		.ascii	"x\234cf\300\016\354\2414+\003\023##s}=#\020\32431\003"
  23      C00EECA1 
  23      342B0313 
  23      2323737D 
  23      3D2310D4 
  24 0017 49F67AC6 		.ascii	"I\366z\306zf\346rFF\260<3\\\010\310\206\010\262\260"
  24      7A66E672 
  24      4646B03C 
  24      335C08C8 
  24      8608B2B0 
  25 002b 8014F3D7 		.ascii	"\200\024\363\327\003\001\003\000\323a\007\002"
  25      03010300 
  25      D3610702 
  26              		.text
  27              		.section	.gnu.lto_.inline.3464f76aec08e3ec,"",%progbits
  28 0000 789C6366 		.ascii	"x\234cf\300\016\212\031!4+\003\003/\017#3\003#\003\263"
  28      C00E8A19 
  28      21342B03 
  28      032F0F23 
  28      33032303 
  29 0015 03884800 		.ascii	"\003\210H\000\021\012\\l\023\364\0308.\350110\276`g"
  29      110A5C6C 
  29      13F41838 
  29      2EE83131 
  29      30BE6067 
  30 0029 81902082 		.ascii	"\201\220 \202\003\314\344``Y \317\303\300x\203]\200"
  30      03CCE460 
  30      605920CF 
  30      C3C07883 
  30      5D80
  31 003b 094C3230 		.ascii	"\011L20m\340\227\000\231\306\310\300\303\0151\014lN"
ARM GAS  /tmp/ccP9oz7l.s 			page 2


  31      6DE09700 
  31      99C6C8C0 
  31      C30D310C 
  31      6C4E
  32 004d 0323C434 		.ascii	"\003#\3044\346\016q\006\366\037jXLc\236!\216\3334&\006"
  32      E60E7106 
  32      F61F6A58 
  32      4C639E21 
  32      8EDB3426 
  33 0062 41494616 		.ascii	"AIF\026$\323\230\030\301v0+p\003\2650p|\300\351>\246"
  33      24D39818 
  33      C176302B 
  33      7003B530 
  33      707CC0E9 
  34 0078 0BFC3C20 		.ascii	"\013\374< ce@\\\005\260\240\002HP\003d,\013/\003\003"
  34      6365405C 
  34      05B0A002 
  34      48500364 
  34      2C0B2F03 
  35 008d F3043F10 		.ascii	"\363\004?\020d\206\333\000\361<\325-`a\340`gd`b\355"
  35      6486DB00 
  35      F13CD52D 
  35      6061E060 
  35      67646062 
  36 00a2 5067E05E 		.ascii	"Pg\340^\341\306\004\016r\000\014\0123\273"
  36      E1C6040E 
  36      72000C0A 
  36      33BB
  37              		.text
  38              		.section	.gnu.lto_.pureconst.3464f76aec08e3ec,"",%progbits
  39 0000 789C6366 		.ascii	"x\234cf``\340f\200\000V\006)F)&)f)\026)\000\004\026"
  39      6060E066 
  39      80005606 
  39      29462926 
  39      29662916 
  40 0018 00A0     		.ascii	"\000\240"
  41              		.text
  42              		.section	.gnu.lto__put.3464f76aec08e3ec,"",%progbits
  43 0000 789C8D53 		.ascii	"x\234\215S\335KSa\030\177\177\357{v\316\326\346\007"
  43      DD4B5361 
  43      187F7FEF 
  43      7B76CED6 
  43      E607
  44 0012 2104BBA8 		.ascii	"!\004\273\250@D\302\334\210\242k\241?\240\213\376\002"
  44      4044C2DC 
  44      88A26BA1 
  44      3FA08BFE 
  44      02
  45 0023 0DC18123 		.ascii	"\015\301\201#i]t\347\231\016#\274\221i\245\251\231I"
  45      695D74E7 
  45      990E23BC 
  45      9169A5A9 
  45      9949
  46 0035 6699DA5C 		.ascii	"f\231\332\\\232\332\327\2022\011M\275(\355\20320\263"
  46      9ADAD782 
  46      32094DBD 
  46      28ED8332 
ARM GAS  /tmp/ccP9oz7l.s 			page 3


  46      30B3
  47 0047 286A26AC 		.ascii	"(j&\254]\324z\236s\006*]\344\201\275\037\317y\177_\317"
  47      5DD47A9E 
  47      73062A5D 
  47      E481BD1F 
  47      CF797F5F 
  48 005c 79A7C4BF 		.ascii	"y\247\304\277\317!\372\315*!\016\323\014\207\200lz."
  48      CF21FACD 
  48      2A210ED3 
  48      0C87806C 
  48      7A2E
  49 006e 44D829A5 		.ascii	"D\330)\245\326\005a\356P\311i!L\217\202f\3275\200\027"
  49      D60561EE 
  49      50C96921 
  49      4C8F8266 
  49      D7358017 
  50 0082 02A2562A 		.ascii	"\002\242V*\015\265\370,\223\022\343\203\3533\356U\231"
  50      0DB5F82C 
  50      9312E383 
  50      EB33EE55 
  50      99
  51 0093 9662AFA0 		.ascii	"\226b\257\240\355Dt\252U\347-4\336\276i\312|\311-\276"
  51      ED4474AA 
  51      55E72D34 
  51      DEBE69CA 
  51      7CC92DBE 
  52 00a7 6A9AE68F 		.ascii	"j\232\346\217+\261\323m-\227\351\215\024?\245\3005x"
  52      2BB1D36D 
  52      2D97E98D 
  52      143FA5C0 
  52      3578
  53 00b9 D1072FF3 		.ascii	"\321\007/\363]G1\035\215.\266\033\312\007F}_\233\213"
  53      5D47311D 
  53      8D2EB61B 
  53      CA07467D 
  53      5F9B8B
  54 00cc CBA21ED3 		.ascii	"\313\242\036\323\254K\214\017\233eZZ*\334\200\332\014"
  54      AC4B8C0F 
  54      9B655A5A 
  54      2ADC80DA 
  54      0C
  55 00dd A392403F 		.ascii	"\243\222@?\212\350\364\245\325\267cP\007,\344\334\334"
  55      8AE8F4A5 
  55      D5B76350 
  55      072CE4DC 
  55      DC
  56 00ee D916D8C8 		.ascii	"\331\026\330\310\231A\263\014i\251\341\246\215\334\357"
  56      9941B30C 
  56      69A9E1A6 
  56      8DDCEF
  57 00fd C53EC669 		.ascii	"\305>\306i\002\003(\342\303\351\307\237\316x\324A\013"
  57      020328E2 
  57      C3E9C79F 
  57      CE78D441 
  57      0B
  58 010e D870AEB7 		.ascii	"\330p\256\267\331Q\330M\300\245\306\236g\036s\312\214"
  58      D951D84D 
ARM GAS  /tmp/ccP9oz7l.s 			page 4


  58      C0A5C69E 
  58      671E73CA 
  58      8C
  59 011f 2C65327B 		.ascii	",e2{\322\322\201\301\255\312\366C\220d\344\367\202["
  59      D2D281C1 
  59      ADCAF643 
  59      9064E4F7 
  59      825B
  60 0131 8F50B67C 		.ascii	"\217P\266|\014\241\220SQ\230[\320A\363\320\316\204\231"
  60      0CA19053 
  60      51985BD0 
  60      41F3D0CE 
  60      8499
  61 0143 C9C49F84 		.ascii	"\311\304\237\204\033K\332d.H\2272\260a\007-u\235\007"
  61      1B4BDA64 
  61      2E489732 
  61      B061072D 
  61      759D07
  62 0156 8306C3C9 		.ascii	"\203\006\303\311\203\013l\311\315E\017\017B,\023\027"
  62      830B6CC9 
  62      CD450F0F 
  62      422C1317 
  63 0166 37FB2375 		.ascii	"7\373#u\213f\365\022u\211\013\223\005\026;i\245(\375"
  63      8B66F512 
  63      75890B93 
  63      05163B69 
  63      A528FD
  64 0179 6BD48D26 		.ascii	"k\324\215&'\273\025\327R\322A\206\336/\317\316;\271"
  64      27BB15D7 
  64      52D24186 
  64      DE2FCFCE 
  64      3BB9
  65 018b F70ECBDF 		.ascii	"\367\016\313\337\310\257\256o9\235h\247&8\011\200\030"
  65      C8AFAE6F 
  65      399D68A7 
  65      26380980 
  65      18
  66 019c 9BA77AC7 		.ascii	"\233\247z\307z\363\253\274\322\222\264ta\030\235Xc\333"
  66      7AF3ABBC 
  66      D292B474 
  66      61189D58 
  66      63DB
  67 01ae 0271945A 		.ascii	"\002q\224Z\224\335\273lB}{\014\267-\006N\214\021bx\201"
  67      94DDBB6C 
  67      427D7B0C 
  67      B72D064E 
  67      8C116278 
  68 01c3 C862BD37 		.ascii	"\310b\2757k)\305I\004\207P\202\356\222\262\034?\015"
  68      6B29C549 
  68      04875082 
  68      EE92B21C 
  68      3F0D
  69 01d5 671D1BDB 		.ascii	"g\035\033\333\02100j\011X\255\275cY\254om\230\2266\005"
  69      1130306A 
  69      0958ADBD 
  69      6359AC6F 
  69      6D989636 
ARM GAS  /tmp/ccP9oz7l.s 			page 5


  70 01ea 610C1621 		.ascii	"a\014\026!\342\363\037vsms\027\214-]\010\233fB\321\327"
  70      E2F31F76 
  70      736D7317 
  70      8C2D5D08 
  70      9B6642D1 
  71 01ff 2714C658 		.ascii	"'\024\306X\006\343\304\234\222.+ul\372Q\326\226\373"
  71      06E3C49C 
  71      922E2B75 
  71      6CFA51D6 
  71      96FB
  72 0211 BFB6FAE9 		.ascii	"\277\266\372\351\213;9\373\304F\366\273\266\265\250"
  72      8B3B39FB 
  72      C446F6BB 
  72      B6B5A8
  73 0220 6E93786C 		.ascii	"n\223xl\236\371\213\275\365yl\305\005\201{DBRQd}nS\344"
  73      9EF98BBD 
  73      F5796CC5 
  73      05817B44 
  73      42525164 
  74 0238 FE86C803 		.ascii	"\376\206\310\003\224\022\265\325P\315\272\025\357\020"
  74      9412B5D5 
  74      50CDBA15 
  74      EF10
  75 0246 CE17297E 		.ascii	"\316\027)~\271\002\020t\245o\2407\207\365\344\237L\366"
  75      B9021074 
  75      A56FA037 
  75      87F5E49F 
  75      4CF6
  76 0258 A1BFE943 		.ascii	"\241\277\351Cx\345\327X\301\346\326P;\221\200Wu\304"
  76      78E5D758 
  76      C1E6D650 
  76      3B918057 
  76      75C4
  77 026a 3D74D5C0 		.ascii	"=t\325\300dT*\361\371\374G\252\002\025\201\243\307\374"
  77      64542AF1 
  77      F9FC47AA 
  77      021581A3 
  77      C7FC
  78 027c 2742FEAA 		.ascii	"'B\376\252\362j\177u\240\302\037:u\262\262<\030\362"
  78      F26A7F75 
  78      A0C21F3A 
  78      75B2B23C 
  78      18F2
  79 028e 072B83D9 		.ascii	"\007+\203\331\245\357\270\220\201\032T\250`\250\346"
  79      A5EFB890 
  79      811A54A8 
  79      60A8E6
  80 029d 2F6A0E64 		.ascii	"/j\016d4"
  80      34
  81              		.text
  82              		.section	.gnu.lto__get.3464f76aec08e3ec,"",%progbits
  83 0000 789C8D53 		.ascii	"x\234\215S\335K\223Q\030?\277s\336\355\335\334L\011"
  83      DD4B9351 
  83      183FBF73 
  83      DEEDDDDC 
  83      4C09
  84 0012 E9623705 		.ascii	"\351b7\005\"\022\352F\024u\027A\177@\027\375\005\032"
ARM GAS  /tmp/ccP9oz7l.s 			page 6


  84      2212EA46 
  84      14751741 
  84      7F4017FD 
  84      051A
  85 0024 820347D2 		.ascii	"\202\003G\322\272\350\316\343\007\012]\204\314\004\233"
  85      BAE8CEE3 
  85      070A5D84 
  85      CC049B
  86 0033 5F896596 		.ascii	"_\211e\226\251\351\234\251%\254\010\2210K\310\262\017"
  86      A9E99CA9 
  86      25AC0891 
  86      304BC8B2 
  86      0F
  87 0044 CC28CDA2 		.ascii	"\314(\315\242(M\262]\324z\236\367]\245t\221/\274\347"
  87      284DB25D 
  87      D47A9EF7 
  87      5DA57491 
  87      2FBCE7
  88 0057 E3D9F97D 		.ascii	"\343\331\371}<\277\367L\211\177\237\003\364\366*!\016"
  88      3CBFF74C 
  88      897F9F03 
  88      F4F62A21 
  88      0E
  89 0068 D20C8780 		.ascii	"\322\014\207\200l\230\021\242\312%\245\321\001\2413"
  89      6C9811A2 
  89      CA25A5D1 
  89      01A133
  90 0077 D4EAB410 		.ascii	"\324\352\264\020\332\253`\330u\003\340\205\200\250\224"
  90      DAAB60D8 
  90      7503E085 
  90      80A894
  91 0086 CA4025DE 		.ascii	"\312@%\336\313U\211\261\376\365\007\236\025\231\224"
  91      CB5589B1 
  91      FEF5079E 
  91      159994
  92 0095 628FA0ED 		.ascii	"b\217\240\355xd\252\331\311[\030\274}\321\220\372\260"
  92      7864AAD9 
  92      C95B18BC 
  92      7DD190FA 
  92      B0
  93 00a6 23FFB2D6 		.ascii	"#\377\262\326\372\313\335\330\231\013\347/\322/R|\225"
  93      FACBDDD8 
  93      990BE72F 
  93      D22F527C 
  93      95
  94 00b7 0257E043 		.ascii	"\002W\340C\017|\314w\025\371t42\337b*?\030\365y\355"
  94      0F7CCC77 
  94      15F97434 
  94      32DF622A 
  94      3F18F579 
  95 00cc 514CE675 		.ascii	"QL\346ui]\235\030\033\322G\214\244T\270\006\265\031"
  95      695D9D18 
  95      1BD2478C 
  95      A454B806 
  95      B519
  96 00de 4625815E 		.ascii	"F%\201^\344\361\361\366\225\227\243P\373,\350\245s\303"
  96      E4F1F1F6 
ARM GAS  /tmp/ccP9oz7l.s 			page 7


  96      9597A350 
  96      FB2CE8A5 
  96      73C3
  97 00f0 4D32B793 		.ascii	"M2\267\223\240\213mo&=\272Y\327.\246R\273\223\322\300"
  97      A08B6D6F 
  97      263DBA59 
  97      D72EA652 
  97      BB93D2C0 
  98 0104 759BA1D0 		.ascii	"u\233\241\320\207\275\276t\002\004H\336{W\357U\373-"
  98      87BDBE74 
  98      020448DE 
  98      7B57EF55 
  98      FB2D
  99 0116 705D5377 		.ascii	"p]Sw\243\303\006\267w\335\367\352\251\337`\007\372\267"
  99      A3C306B7 
  99      77DDF7EA 
  99      A9DF6007 
  99      FAB7
 100 0128 CAFF81AF 		.ascii	"\312\377\201\257\326\376x\352q\326R\203\331\350C.\006"
 100      D6FE78EA 
 100      71D65283 
 100      D9E8432E 
 100      06
 101 0139 90CBED51 		.ascii	"\220\313\355QW7\340\004M\\\035\330\231\320\251Tlf\266"
 101      5737E004 
 101      4D5C1DD8 
 101      99D0A954 
 101      6C66B6
 102 014c FE505466 		.ascii	"\376PTf\202\314SC\354\336AK\247\223\007\223\006\323"
 102      82CC5343 
 102      ECDE414B 
 102      A7930793 
 102      06D3
 103 015e C5835B30 		.ascii	"\305\203[0$\203\213^>)\304[z9\371%\332\320\254\236\240"
 103      24838B5E 
 103      3E29C45B 
 103      7A39F925 
 103      DAD0AC9E 
 104 0173 3A313199 		.ascii	":11\231c)\220\336\006E\361\034\325#\203\217;\025\327"
 104      632990DE 
 104      0645F11C 
 104      D523838F 
 104      3B15D7
 105 0186 36A4838C 		.ascii	"6\244\203\214\275z\373p\326\305\037\302a\371\214\177"
 105      BD7AFB70 
 105      D6C51FC2 
 105      61F98C7F 
 106 0196 EFF894D9 		.ascii	"\357\370\224\331\206\026$\245\213\000\030\344&\250\336"
 106      861624A5 
 106      8B0018E4 
 106      26A8DE
 107 01a5 BADEF82C 		.ascii	"\272\336\370,\253\250 )\335\030B\033\326\330\272@\014"
 107      ABA82029 
 107      DD18421B 
 107      D6D8BA40 
 107      0C
 108 01b6 4516E5EB 		.ascii	"E\026\345\353]6\241s{\014\303\026\003\230!N\014s\250"
ARM GAS  /tmp/ccP9oz7l.s 			page 8


 108      5D36A173 
 108      7B0CC316 
 108      0398214E 
 108      0C73A8
 109 01c9 9DAFF1A5 		.ascii	"\235\257\361\245-\021\211\225\331\022\271\245\213\245"
 109      2D118995 
 109      D912B9A5 
 109      8BA5
 110 01d7 2CC77377 		.ascii	",\307sw\322\216\315\355\010\230\030\261\004\254xoZ\026"
 110      D28ECDED 
 110      089818B1 
 110      04AC786F 
 110      5A16
 111 01e9 6B9AEB3E 		.ascii	"k\232\353>J\233\2020&\213\020\361\267\263\205v\315\275"
 111      4A9B8230 
 111      268B10F1 
 111      B7B38576 
 111      CDBD
 112 01fb 3908734B 		.ascii	"9\010sK\020UZ'L\272\026\004\304(+a\214\310\005e\253"
 112      10555A27 
 112      4CBA1604 
 112      C4282B61 
 112      8CC80565 
 113 0210 3D56B27D 		.ascii	"=V\262}\234\254\2335\"u\013\321\3036a\206\235\305l\264"
 113      9CAC9B35 
 113      22750BD1 
 113      C3366186 
 113      9DC56CB4 
 114 0224 BB268B39 		.ascii	"\273&\2139\335\020\030'4\211F\300G\376\333G/]\025\027"
 114      DD101827 
 114      348946C0 
 114      47FEDB47 
 114      2F5D1517 
 115 0238 036FFD0D 		.ascii	"\003o\375\015\3536\212\210\232I\026\352\227\243N[\312"
 115      EB368A88 
 115      9A4916EA 
 115      97A34E5B 
 115      CA
 116 0249 CBEA9C97 		.ascii	"\313\352\234\227a}\364\005Te\213\015>\277\014\020\333"
 116      617DF405 
 116      54658B0D 
 116      3EBF0C10 
 116      DB
 117 025a 724F5F77 		.ascii	"rO_w&[\220?S\351\207\376\222\023\360\311\326x\016\241"
 117      265B903F 
 117      53E987FE 
 117      9213F0C9 
 117      D6780EA1 
 118 026e D574DC4B 		.ascii	"\325t\334K7\007\014\246\300\012\374\376\300\321\262"
 118      37070CA6 
 118      C00AFCFE 
 118      C0D1B2
 119 027d 6049F0D8 		.ascii	"`I\360\330\361\300\311p\240\254\270<P\036,\011\204O"
 119      F1C0C970 
 119      A0ACB83C 
 119      501E2C09 
 119      844F
ARM GAS  /tmp/ccP9oz7l.s 			page 9


 120 028f 9F2A2D0E 		.ascii	"\237*-\016\205\003\241\322Pz\351?!d\260\002%*\024\256"
 120      8503A1D2 
 120      507AE93F 
 120      2164B002 
 120      252A14AE 
 121 02a3 F8055388 		.ascii	"\370\005S\210Xn"
 121      586E
 122              		.text
 123              		.section	.gnu.lto__reads.3464f76aec08e3ec,"",%progbits
 124 0000 789C8D52 		.ascii	"x\234\215RKOSA\024\2363s\357\355mi\003\272p\321\370"
 124      4B4F5341 
 124      149E3373 
 124      EFED6D69 
 124      03BA70D1 
 125 0015 8A841043 		.ascii	"\212\204\020C\350\215\321\230\2703q\343\316\205\277"
 125      E88DD198 
 125      B83371E3 
 125      CE85BF
 126 0024 802A094D 		.ascii	"\200*\011M\250\022\353\226p)\265\2622\246h\322\004\361"
 126      A812EB96 
 126      7029B5B2 
 126      32A668D2 
 126      04F1
 127 0036 11832FB4 		.ascii	"\021\203/\264\010\025\024,\330\005Q\027\370F^1*\021"
 127      0815142C 
 127      D8055117 
 127      F8465E31 
 127      2A11
 128 0048 7C249AF2 		.ascii	"|$\232\362J\352\215\321z\316\014\212\342Bnr\347q\346"
 128      4AEA8DD1 
 128      7ACE0C8A 
 128      E2426E72 
 128      E771E6
 129 005b 7CDFF9BE 		.ascii	"|\337\371\2763#\330\277\337v\374\013\202\261]8\203\316"
 129      3323D8BF 
 129      DF76FC0B 
 129      82B15D38 
 129      83CE
 130 006d 809F7CCC 		.ascii	"\200\237|\314X\243\311\271\030\261\230\355\3212\033"
 130      58A3C9B9 
 130      18B198ED 
 130      D1321B
 131 007c 99ED15A0 		.ascii	"\231\355\025\240\251\260\006@\013\006\254\201\013\015"
 131      A9B00640 
 131      0B06AC81 
 131      0B0D
 132 008a 1AE0139F 		.ascii	"\032\340\023\237\343\320\227Z|T\364\221;\234mf\270\355"
 132      E3D0975A 
 132      7C54F491 
 132      3B9C6D66 
 132      B8ED
 133 009c 4F3C4C1A 		.ascii	"O<L\032\264\005\215\266c\243\3111wy\273mGg\243\271\007"
 133      B4058DB6 
 133      63A3C931 
 133      7779BB6D 
 133      4767A3B9 
 134 00b1 DE637B1D 		.ascii	"\336c{\035\316\331\002gp\031\374p\005\374Dw\025\312"
ARM GAS  /tmp/ccP9oz7l.s 			page 10


 134      CED90267 
 134      7019FC70 
 134      05FC4477 
 134      15CA
 135 00c3 313331DE 		.ascii	"131\336\352\022\001 Pn\376i\232\227]DP6\323m\357\326"
 135      EA120120 
 135      506EFE69 
 135      9A975D44 
 135      5036D36D 
 136 00d9 1C2EE01A 		.ascii	"\034.\340\032\210?a\030b\320\001e\230\235\312\304f\015"
 136      883F6118 
 136      62D00165 
 136      989DCAC4 
 136      660D
 137 00eb B14D22A7 		.ascii	"\261M\"\247b\315\343^\205\234PH\015\256\257Dj\014nH"
 137      62CDE35E 
 137      859C5048 
 137      0DAEAF44 
 137      6A0C6E48 
 138 00ff E4C8F8BB 		.ascii	"\344\310\370\273\270&vHd\317@\352~\261B~VHd^\211\304"
 138      B8267648 
 138      64CF40EA 
 138      7EB1427E 
 138      5648645E 
 139 0115 4D279451 		.ascii	"M'\224Q\2723\364\341\270W\354\224\320\370\351K-z\351"
 139      BA33F4E1 
 139      B857EC94 
 139      D0F8E94B 
 139      2D7AE9
 140 0128 0584BE75 		.ascii	"\005\204\276u\236\037\314\306\316\333?\012\005p\270"
 140      9E1FCCC6 
 140      CEDB3F0A 
 140      0570B8
 141 0137 0E37FF26 		.ascii	"\0167\377&P\037\"\346b\337\307\212\214\230m\333%\320"
 141      501F22E6 
 141      62DFC78A 
 141      8C986DDB 
 141      25D0
 142 0149 05A5D410 		.ascii	"\005\245\324\020\354C7\030\200s\347\332\254](\2443\271"
 142      EC433718 
 142      8073E7DA 
 142      AC5D28A4 
 142      33B9
 143 015b E49635C5 		.ascii	"\344\2265\305 +r \257\032*0t\032\014\032\\@G&\031r\343"
 143      202B7220 
 143      AF1A2A30 
 143      741A0C1A 
 143      5C404726 
 144 0172 E0F200D9 		.ascii	"\340\362\000\331\362\322\221\217\006\306\246\221\226"
 144      F2D2918F 
 144      06C6A691 
 144      96
 145 017f 6E6C0685 		.ascii	"nl\006\205\343,F!\232]h\007Y\010\313\3461<\011\321\336"
 145      E32C4621 
 145      9A5D6807 
 145      5908CBE6 
 145      313C09D1 
ARM GAS  /tmp/ccP9oz7l.s 			page 11


 146 0194 B9013F85 		.ascii	"\271\001?\205\362\\Cio\246\237<3\351\376t\251\264\347"
 146      F25C4369 
 146      6FA69F3C 
 146      33E9FE74 
 146      A9B4E7
 147 01a7 EBB92FBE 		.ascii	"\353\271/\2766hE;&\346C\232l`\374\314b\313Dqe\005u\351"
 147      3668453B 
 147      26E6439A 
 147      6C60FCCC 
 147      62CB4471 
 148 01bf 16B4C13C 		.ascii	"\026\264\301<\031`\320\003\225\222qj\235\"\324W\307"
 148      1960D003 
 148      9592716A 
 148      9D22D457 
 148      C7
 149 01d0 D02B19C8 		.ascii	"\320+\031\310;\334\226\014M\247\342C\\Q\220,$b/!6\334"
 149      3BDC960C 
 149      4DA7E243 
 149      5C51902C 
 149      24622F21 
 150 01e6 E4FF1D73 		.ascii	"\344\377\035s\311V\316\340+\030\261\244/g\203\264\205"
 150      C956CEE0 
 150      2B18B1A4 
 150      2F6783B4 
 150      85
 151 01f7 1DC99375 		.ascii	"\035\311\223u<\322~y.a*\014\312\355\340V\305b\256F\234"
 151      3CD27E79 
 151      2E612A0C 
 151      CAEDE056 
 151      C562AE46 
 152 020c 0677A438 		.ascii	"\006w\2448yA}J\\2\276^1\270\363\204\322\331+,\214\001"
 152      79417D4A 
 152      5C32BE5E 
 152      31B8F384 
 152      D2D92B2C 
 153 0222 029E7D71 		.ascii	"\002\236}q\"\305\353\277\331\315\266\351p\367\002\231"
 153      22C5EBBF 
 153      D9CDB6E9 
 153      70F70299 
 154 0232 827EA867 		.ascii	"\202~\250gy\356\221\371X\310#et\335\333\244H\274\377"
 154      79EE91F9 
 154      58C82365 
 154      74DDDBA4 
 154      48BCFF
 155 0245 95D181EF 		.ascii	"\225\321\201\357\304\244>\335]\356SFII\030\212\304\207"
 155      C4A43EDD 
 155      5DEE5346 
 155      4949188A 
 155      C487
 156 0257 3C4B0613 		.ascii	"<K\006\023\362~WO:\260L:\010\225H\305^Cc\266\340S\304"
 156      F27E574F 
 156      3AB04C3A 
 156      089548C5 
 156      5E4363B6 
 157 026e 187F0F80 		.ascii	"\030\177\017\200\375\3468\030b8\007\370\252\200:\213"
 157      FDE63818 
 157      623807F8 
ARM GAS  /tmp/ccP9oz7l.s 			page 12


 157      AA803A8B 
 158 027e 1DA90804 		.ascii	"\035\251\010\004\254=5\241`h\337~\353p\304\252\251\252"
 158      AC3D35A1 
 158      6068DF7E 
 158      EB70C4AA 
 158      A9AA
 159 0290 B56A4341 		.ascii	"\265jCA+r\364HuU8b\205\253\303K\313\300\001\306Cu<X"
 159      2B72F448 
 159      75553862 
 159      85ABC34B 
 159      CBC001C6 
 160 02a8 07874438 		.ascii	"\007\207D8R\367\023\340\235f\330"
 160      52F713E0 
 160      9D66D8
 161              		.text
 162              		.section	.gnu.lto__writes.3464f76aec08e3ec,"",%progbits
 163 0000 789C8D52 		.ascii	"x\234\215RKOSA\030\235o\346\336\333\333\322\006\342"
 163      4B4F5341 
 163      189D6FE6 
 163      DEDBDBD2 
 163      06E2
 164 0012 C6A48A31 		.ascii	"\306\244\2121!\204\005\2417Fc\342\316\304\215;\027\376"
 164      218405A1 
 164      374663E2 
 164      CEC48D3B 
 164      17FE
 165 0024 0250129A 		.ascii	"\002P\022\232P%\326-\341\002\265\2622\246hB\202\250"
 165      5025D62D 
 165      E102B5B2 
 165      32A66842 
 165      82A8
 166 0036 C4E00B6C 		.ascii	"\304\340\013l\205R\024\004\355\302\250\013|\363(j\304"
 166      85521404 
 166      EDC2A80B 
 166      7CF3286A 
 166      C4
 167 0047 0728C610 		.ascii	"\007(\306\020y%\365\206H\375\276\031\024\305\205\334"
 167      7925F586 
 167      48FDBE19 
 167      14C585DC 
 168 0057 E4CEE39B 		.ascii	"\344\316\343\2339g\31693\202\375\373\355\304?'\030\333"
 168      3967CE39 
 168      3382FDFB 
 168      EDC43F27 
 168      18DB
 169 0069 833DE80C 		.ascii	"\203=\350\014\370\351'\214\325\233\234\213\021\213\331"
 169      F8E9278C 
 169      D59B9C8B 
 169      118BD9
 170 0078 1E6D701B 		.ascii	"\036mp\033\263\275\0024U\326\000h\300\200\325q\241A"
 170      B3BD0234 
 170      55D60068 
 170      C080D571 
 170      A141
 171 008a 1D7CE1F3 		.ascii	"\035|\341\363\034\372\343K\217\363f\270\303\331v\206"
 171      1CFAE34B 
 171      8FF366B8 
ARM GAS  /tmp/ccP9oz7l.s 			page 13


 171      C3D97686 
 172 009a D381D8A3 		.ascii	"\323\201\330\243\026\203\246\240\321t|\254e\334]\322"
 172      1683A6A0 
 172      D1747CAC 
 172      65DC5DD2 
 173 00aa 61DB0D73 		.ascii	"a\333\015s\037\276>\364\236\330\357p\316\0269\203+\340"
 173      1FBE3EF4 
 173      9ED8EF70 
 173      CE163983 
 173      2BE0
 174 00bc 87ABE027 		.ascii	"\207\253\340'\272kP\202;c\231V\227\010\000\201\276-"
 174      BA6B5082 
 174      3B639956 
 174      97080081 
 174      BE2D
 175 00ce 3C4BF2E2 		.ascii	"<K\362\342K\010J\017\365\330{5\207\013\270\016\342O"
 175      4B084A0F 
 175      F5D87B35 
 175      870BB80E 
 175      E24F
 176 00e0 18961874 		.ascii	"\030\226\030tB1\356\216\017F\346\014\261C\"\337G\232"
 176      4231EE8E 
 176      0F46E60C 
 176      B14322DF 
 176      479A
 177 00f2 325E859C 		.ascii	"2^\205\234QH\015\272\326#5\0067$r$\3631\252\211]\022"
 177      51480DBA 
 177      D6233506 
 177      37247224 
 177      F331AA89 
 178 0108 991A8A3F 		.ascii	"\231\032\212?\310W\310e\205D\346\365H\234$\240\230\266"
 178      C857C865 
 178      8544E6F5 
 178      489C24A0 
 178      98B6
 179 011a 3BF73F9F 		.ascii	";\367?\237\364\212\335\022\032={\271Y/jG\350\273\311"
 179      F48ADD12 
 179      1A3D7BB9 
 179      592F6A47 
 179      E8BBC9
 180 012d 1787D391 		.ascii	"\027\207\323\221\213\366J.\007\016\327\341\346\337\004"
 180      8BF64A2E 
 180      070ED7E1 
 180      E6DF04
 181 013c EA43C47C 		.ascii	"\352C\304|\344\307x\236\021\261m\273\000\272\241\210"
 181      E4C7789E 
 181      11B16DBB 
 181      00BAA188 
 182 014c 02C11C7A 		.ascii	"\002\301\034z\300\000\354\023\233\322v.\227L\254d\266"
 182      C000EC13 
 182      9BD2762E 
 182      974CAC64 
 182      B6
 183 015d 403EC813 		.ascii	"@>\310\0239\220W\015\025\030:5\0065.\240%\023\207.7"
 183      3990570D 
 183      15183A35 
 183      06352EA0 
ARM GAS  /tmp/ccP9oz7l.s 			page 14


 183      2513872E 
 184 0172 E5E101B2 		.ascii	"\345\341\001\262\345\245%\0375\214M!-\335\3304\012\307"
 184      E5A5251F 
 184      358C4D21 
 184      2DDDD834 
 184      0AC7
 185 0184 5E8C4143 		.ascii	"^\214AC\372^\007\310\203\360\330,\226_AC\337|\257\237"
 185      FA5E07C8 
 185      83F0D82C 
 185      965F4143 
 185      DF7CAF9F 
 186 0198 4A59AEA1 		.ascii	"JY\256\241\264\311\251\247\317M\272?]*M}\2770\353k\203"
 186      B4C9A9A7 
 186      CF4DBA3F 
 186      5D2A4D7D 
 186      BF30EB6B 
 187 01ad 56B463E2 		.ascii	"V\264c\342~H\222\015\254\237[j\236\310/+\245\224z\241"
 187      7E48920D 
 187      AC9F5B6A 
 187      9EC82F2B 
 187      A5947AA1 
 188 01c1 0D16C800 		.ascii	"\015\026\310\000\203\024\224I\306\366\315\212P\337\030"
 188      83149449 
 188      C6F6CD8A 
 188      50DF18
 189 01d0 439F6420 		.ascii	"C\237d \357pK24\236\211\016sEA\262\220\210\215Bd\270"
 189      EF704B32 
 189      349E890E 
 189      734541B2 
 189      90888D42 
 190 01e6 D1FFBBE6 		.ascii	"\321\377\273\346\222QN\343+\030\261\244\257\321Bi\013"
 190      92514EE3 
 190      2B18B1A4 
 190      AFD14269 
 190      0B
 191 01f7 13C99275 		.ascii	"\023\311\222u\\\322~y.`\252\014\312m\252P\261\230\033"
 191      5CD27E79 
 191      2E60AA0C 
 191      CA6DAA50 
 191      B1981B
 192 020a 11E782DB 		.ascii	"\021\347\202\333R\234\274\240~%\256%\272U1\270\263\204"
 192      529CBCA0 
 192      7E25AE25 
 192      BA5531B8 
 192      B384
 193 021c D2D91B3C 		.ascii	"\322\331\033<\030\013\004<\377\362T\234\327.\333M\266"
 193      180B043C 
 193      FFF2549C 
 193      D72EDB4D 
 193      B6
 194 022d E970F722 		.ascii	"\351p\367\"\231\202\001\250er\263\00758\334#et\367\255"
 194      998201A8 
 194      6572B307 
 194      3538DC23 
 194      6574F7AD 
 195 0241 9278FF2B 		.ascii	"\222x\377+\243\023\337\211I9\335Y\313iPI\211\031\212"
 195      A313DF89 
ARM GAS  /tmp/ccP9oz7l.s 			page 15


 195      4939DD59 
 195      CB695049 
 195      89198A
 196 0254 C4873CAB 		.ascii	"\304\207<\253\006c\362~7N:\264Fz\027\312\220\212\275"
 196      0663F27E 
 196      374E3AB4 
 196      467A17CA 
 196      908ABD
 197 0267 85FAF46B 		.ascii	"\205\372\364k\237\"\306\372'\000\314\233cc\210\256Y"
 197      9F22C6FA 
 197      2700CC9B 
 197      636388AE 
 197      59
 198 0278 C0570594 		.ascii	"\300W\005\224,&R\032\010X\373\252\202\025\301\003\007"
 198      2C26521A 
 198      0858FBAA 
 198      8215C103 
 198      07
 199 0289 ADA361AB 		.ascii	"\255\243a\253\252\274\332\252\016VX\341\343\307*\313"
 199      AABCDAAA 
 199      0E5658E1 
 199      E3C72ACB 
 200 0299 43612B54 		.ascii	"Ca+T\031Z\035\006\0161\036\254\341\0255pD\204\3025?"
 200      195A1D06 
 200      0E311EAC 
 200      E1153570 
 200      4484C235 
 201 02ae 015D8566 		.ascii	"\001]\205fg"
 201      67
 202              		.text
 203              		.section	.gnu.lto_msObjectInit.3464f76aec08e3ec,"",%progbits
 204 0000 789C9591 		.ascii	"x\234\225\221\317KTQ\024\307\357\367\3367\317\0073a"
 204      CF4B5451 
 204      14C7EFF7 
 204      DE37CF07 
 204      3361
 205 0012 B412576D 		.ascii	"\264\022WmDB\234\201vm\244hQ\273\026\375\005N\2148\340"
 205      44429C81 
 205      766DA468 
 205      51BB16FD 
 205      054E8C38 
 206 0027 60380511 		.ascii	"`8\005\021\014\336\021C\202@\351\207\015\324\340B\""
 206      0CDE1143 
 206      8240E987 
 206      0DD4E042 
 206      22
 207 0038 CDD251B3 		.ascii	"\315\322Q\263\374Q\371\312\026\271H\023\"\255 \205F"
 207      FC51F9CA 
 207      16B94813 
 207      22AD2085 
 207      46
 208 0049 B285E9A8 		.ascii	"\262\205\351\250d\257\022;\347\316\020a-\362\301\343"
 208      64AF123B 
 208      E7CE1061 
 208      2DF2C1E3 
 209 0059 DE73EFF9 		.ascii	"\336s\357\371~\316\271\337\243\304\337_)\375\347\224"
 209      7ECEB9DF 
ARM GAS  /tmp/ccP9oz7l.s 			page 16


 209      A3C4DF5F 
 209      29FDE794 
 210 0069 10476885 		.ascii	"\020Gh\205\022\220mSB$\035\011\360F@4J4\342\263\314"
 210      12906D53 
 210      42241D09 
 210      F0464034 
 210      4A34E2B3 
 211 007e 49B4B93D 		.ascii	"I\264\271=)\177\371-\255\365\352\332H\311\205\022O\012"
 211      297FF92D 
 211      ADF5EADA 
 211      48C98512 
 211      4F0A
 212 0090 B12EF318 		.ascii	"\261.\363\030\334F9\245x\317?\265\004T\020\202\366#"
 212      DC4639A5 
 212      78CF3FB5 
 212      04541082 
 212      F623
 213 00a2 BD1B2FFD 		.ascii	"\275\033/\375K\322\223\330\317\341\350\345\027)\233"
 213      4BD293D8 
 213      CFE1E8E5 
 213      17299B
 214 00b1 43697138 		.ascii	"Ciq8\263\270\260ZT\326\251u\223;9\240\017[\236T\350"
 214      B3B8B05A 
 214      54D6A975 
 214      933B39A0 
 214      0F5B9E54 
 215 00c6 82221EBA 		.ascii	"\202\"\036\272Q\212;(\025t$\320\2032\312\3768\236\371"
 215      518A3B28 
 215      157424D0 
 215      8332CAFE 
 215      389EF9
 216 00d9 EE57070D 		.ascii	"\356W\007\015w\366\342\245\245\202r>\257\264pw\247\322"
 216      77F6E2A5 
 216      A582723E 
 216      AFB47077 
 216      A7D2
 217 00eb 12B86794 		.ascii	"\022\270g\224\257&\223\357\213\325!\243\334X\231\230"
 217      AF2693EF 
 217      8BD521A3 
 217      DC589998 
 218 00fb 0B18E5C2 		.ascii	"\013\030\345\302\334\304T@\037\367\244\017\275;\245"
 218      DCC45440 
 218      1FF7A40F 
 218      BD3BA5
 219 010a 3E813E23 		.ascii	">\201>#\235X\036\274\006Ue\244\372\372z\332\311\027"
 219      9D581EBC 
 219      065565A4 
 219      FAFA7ADA 
 219      C917
 220 011c 9DCE17F5 		.ascii	"\235\316\027\365!\363\017e?\3128=\327\2745\353\267\233"
 220      21F30F65 
 220      3FCA383D 
 220      D7BC35EB 
 220      B79B
 221 012e C9AABD79 		.ascii	"\311\252\275y\2130\000\033\264\366\355s\365\366vg\357"
 221      8B30001B 
 221      B4F6ED73 
ARM GAS  /tmp/ccP9oz7l.s 			page 17


 221      F5F67667 
 221      EF
 222 013f CF31CB4F 		.ascii	"\3171\313O\036\323\353,p\2476\270\250\003\003\020Y\222"
 222      1ED3EB2C 
 222      70A736B8 
 222      A8030310 
 222      5992
 223 0151 B0FD8B52 		.ascii	"\260\375\213R\362\252\336\241\351k\313\233t\025S\210"
 223      F2AADEA1 
 223      E96BCB9B 
 223      74155388 
 224 0161 3E9F9D9E 		.ascii	">\237\235\236q\330J\232\033\205C\337:\226\367\244q#"
 224      71D84A9A 
 224      1B8543DF 
 224      3A96F7A4 
 224      7123
 225 0173 A9B56B7B 		.ascii	"\251\265k{\322\336\224\022\203\324\020\337\335\334\270"
 225      D2DE9412 
 225      83D410DF 
 225      DDDCB8
 226 0182 F2B6B8B2 		.ascii	"\362\266\270\262\302\223E\270\2174\326\314\2700\204"
 226      C29345B8 
 226      8F34D6CC 
 226      B83084
 227 0191 4ABA6B6F 		.ascii	"J\272ko}=\254\022?tJ;t\277\305W\177\302\213L\330\335"
 227      7D3DAC12 
 227      3F744A3B 
 227      74BFC557 
 227      7FC28B4C 
 228 01a7 7A75180C 		.ascii	"zu\030\014o\343,\007\017\220\300\303\002\274#\333\225"
 228      6FE32C07 
 228      0F90C0C3 
 228      02BC23DB 
 228      95
 229 01b8 F21B807B 		.ascii	"\362\033\200{\200+p\"\321G\220\020\324q{n9\247\012\035"
 229      802B7022 
 229      D1479010 
 229      D4717B6E 
 229      39A70A1D 
 230 01cc FF578B16 		.ascii	"\377W\213\026FM\213\354\023\306P\271ISdN\377\227\335"
 230      464D8BEC 
 230      13C650B9 
 230      4953644E 
 230      FF97DD
 231 01df 717C7864 		.ascii	"q|xd8\306\367\307\314\261\363\375\354\232\363\304p\024"
 231      38C6F7C7 
 231      CCB1F3FD 
 231      EC9AF3C4 
 231      7014
 232 01f1 73C699E3 		.ascii	"s\306\231\3430g5\263\262[\216k8\026s\236\032\353\177"
 232      306735B3 
 232      B25B8E6B 
 232      3816739E 
 232      1AEB7F
 233 0204 9BECA3A3 		.ascii	"\233\354\243\243g$\370\200\244;~\214\251<\240,y@s\247"
 233      6724F880 
 233      A43B7E8C 
ARM GAS  /tmp/ccP9oz7l.s 			page 18


 233      A93CA02C 
 233      794073A7 
 234 0218 07540483 		.ascii	"\007T\004\203\241\243\265\321p\364\304\311P}<T[]\027"
 234      A1A3B5D1 
 234      70F4C4C9 
 234      507D3C54 
 234      5B5D17
 235 022b AA8B8643 		.ascii	"\252\213\206C\3613\015\221\352X<\024\213\304\012\333"
 235      F1330D91 
 235      EA583C14 
 235      8BC40ADB 
 236 023b E029A162 		.ascii	"\340)\241b\361\323v\370lMM\244\301\212G\317GT\244>\376"
 236      F1D376F8 
 236      6C4D4DA4 
 236      C18A47CF 
 236      4754A43E 
 237 0250 0B1A1850 		.ascii	"\013\032\030P\016"
 237      0E
 238              		.text
 239              		.section	.gnu.lto_.symbol_nodes.3464f76aec08e3ec,"",%progbits
 240 0000 789C55CA 		.ascii	"x\234U\312\275\011\200@\024\003\340\\\236\212\205;8"
 240      BD098040 
 240      1403E05C 
 240      9E8A853B 
 240      38
 241 0011 6A0E04B1 		.ascii	"j\016\004\261t\000\221+]\301\377\015\234\302\322!\024"
 241      7400912B 
 241      5DC1FF0D 
 241      9CC2D221 
 241      14
 242 0022 D4E2D204 		.ascii	"\324\342\322\004\276\304\000T\370\302\231\002\332\003"
 242      BEC40054 
 242      F8C29902 
 242      DA03
 243 0030 90D00D4D 		.ascii	"\220\320\015M\001.\224\213e\242\030\313HY,\033\225\374"
 243      012E948B 
 243      65A218CB 
 243      48592C1B 
 243      95FC
 244 0042 D2871CE9 		.ascii	"\322\207\034\351J\204\347\345v*}\007x\237\303\230\341"
 244      4A84E7E5 
 244      762A7D07 
 244      789FC398 
 244      E1
 245 0053 ACAFD2EC 		.ascii	"\254\257\322\354m\334\"2&N"
 245      6DDC2232 
 245      264E
 246              		.text
 247              		.section	.gnu.lto_.refs.3464f76aec08e3ec,"",%progbits
 248 0000 789C6366 		.ascii	"x\234cf``\020`\200\000F\026&VF\026V&f&&&\006&F\006\000"
 248      60601060 
 248      80004616 
 248      26564616 
 248      56266626 
 249 001b 03590038 		.ascii	"\003Y\0008"
 250              		.text
 251              		.section	.gnu.lto_.decls.3464f76aec08e3ec,"",%progbits
ARM GAS  /tmp/ccP9oz7l.s 			page 19


 252 0000 789C9D57 		.ascii	"x\234\235WkPT\331\021\276}\317<`\030\301\304DRVm\264"
 252      6B5054D9 
 252      11BE7DCF 
 252      3C6018C1 
 252      C4445256 
 253 0016 D82A6B37 		.ascii	"\330*k7Q\306\335Mme\363'\246\254\3325?\214\233\335$"
 253      51C6DD4D 
 253      6D65F327 
 253      A6ACDA35 
 253      3F8C9BDD 
 254 002b 7FF26316 		.ascii	"\177\362c\026\307\213L\212\031(f\210!UV.\310\256,\""
 254      C78B4C8A 
 254      19286688 
 254      2155562E 
 254      C8AE2C22 
 255 003f 0A8A8ACF 		.ascii	"\012\212\212\317\341\341\033_\010*\242\002\"\012\216"
 255      E1E11B5F 
 255      082AA202 
 255      220A8E
 256 004e 0A880F5E 		.ascii	"\012\210\017^\312\313\025WEF\324\005D\230\3649\347\316"
 256      CACB1557 
 256      4546D405 
 256      4498F439 
 256      E7CE
 257 0060 0B07B395 		.ascii	"\013\007\263\225[\364\314=}\272\277\356\363u\337\276"
 257      5BF4CC3D 
 257      7DBABFEE 
 257      F375DFBE 
 258 0070 03110461 		.ascii	"\003\021\004a\272(\010n\274>\011\027\204\237\342\275"
 258      BA28086E 
 258      BC3E0917 
 258      849FE2BD 
 259 0080 06759F0B 		.ascii	"\006u\237\013\276\213\256kP\352P\232Q\332P\264 \010"
 259      BE8BAE6B 
 259      50EA509A 
 259      51DA50B4 
 259      2008
 260 0092 9128F827 		.ascii	"\221(\370'\274\003B\300Emu(\010'\350Q\312P\226\242T"
 260      BC0342C0 
 260      456D7528 
 260      0827E851 
 260      CA5096A2 
 261 00a7 D24DB45D 		.ascii	"\322M\264]\214_N\0247J\003\012A\031E\031C\031\341&\014"
 261      8C5F4E14 
 261      374A030A 
 261      41194519 
 261      4319E126 
 262 00bc 63F255F7 		.ascii	"c\362U\367\177\340R\314q?\334\272 \270\364La~\270\015"
 262      7FE052CC 
 262      713FDCBA 
 262      20B8F44C 
 262      617EB80D 
 263 00d0 0AAED30F 		.ascii	"\012\256\323\017\367S\005\367\227\270\376\011\274\211"
 263      F75305F7 
 263      97B8FE09 
 263      BC89
 264 00de 2D2A3891 		.ascii	"-*8\221\360\006<\343+\030~K\220\274\375\361\3759\021"
ARM GAS  /tmp/ccP9oz7l.s 			page 20


 264      F0063CE3 
 264      2B187E4B 
 264      90BCFDF1 
 264      FD3911
 265 00f1 159C60F8 		.ascii	"\025\234`\370\264\026\241\002\257\231'\006\305u*\261"
 265      B416A102 
 265      AF992706 
 265      C5752AB1 
 266 0101 28EE3314 		.ascii	"(\3563\024\027\212\032\345\225\202\351\301\037W\270"
 266      178A1AE5 
 266      9582E9C1 
 266      1F57B8
 267 0110 D14E51CF 		.ascii	"\321NQ\317g\"T\034yq-\354\241\010\341\2729ty&\267~\253"
 267      6722541C 
 267      79712DEC 
 267      A108E1BA 
 267      39747926 
 268 0127 06977A9D 		.ascii	"\006\227z\235\212.\313.u]\233FD\240\367E[{n\352\346"
 268      8A2ECB2E 
 268      755D9B46 
 268      44A0F745 
 268      5B7B6EEA 
 269 013c 1D946539 		.ascii	"\035\224e9C\256\256\006\037De\177Z\233\226D0\243\221"
 269      43AEAE06 
 269      1F44657F 
 269      5A9B9644 
 269      30A391
 270 014f 47FD4F80 		.ascii	"G\375O\200D\262\373#wkW\"\224F\207.\362\010\355C\370"
 270      44B2FB23 
 270      776B5722 
 270      9446872E 
 270      F208ED43 
 271 0164 0FAA1B5A 		.ascii	"\017\252\033Z\032\233\324LOUZ\264\024G/\236>\252\001"
 271      1A9BD44C 
 271      4F555AB4 
 271      14472F9E 
 271      3EAA01
 272 0177 DDDC0C6A 		.ascii	"\335\334\014j\271a\265\034Z\037.\300>\230\005\373a\226"
 272      B961B51C 
 272      5A1F2EC0 
 272      3E9805FB 
 272      6196
 273 0189 00C7602E 		.ascii	"\000\307`.\032\303A\230'\300aT\036Ae1\032\272\032&z"
 273      1AC34198 
 273      27C06154 
 273      1E416531 
 273      1ABA1A26 
 274 019e 40965570 		.ascii	"@\226Up\024tP\002\204Y\340A5:Ojb[y\301\231p\230\253"
 274      14745002 
 274      8459E041 
 274      353A4F6A 
 274      625B79C1 
 275 01b6 63E6BBFB 		.ascii	"c\346\273\373\032\177N\315K\321\374\220\317\034\275"
 275      1A7F4ECD 
 275      4BD1FC90 
 275      CF1CBD
 276 01c5 B97DF0E8 		.ascii	"\271}\360\350\307\203DG\344\302\033}\231\340A~T\324"
ARM GAS  /tmp/ccP9oz7l.s 			page 21


 276      C7834447 
 276      E4C21B7D 
 276      99E0417E 
 276      54D4
 277 01d7 1BB75A5E 		.ascii	"\033\267Z^\010e\210|\300\207\\\372v\344\023A\221aKs"
 277      0865887C 
 277      C0875CFA 
 277      76E41341 
 277      91614B73 
 278 01eb EB291539 		.ascii	"\353)\0259\014\214\303\314\216\003W\265\244\234/R\367"
 278      0C8CC3CC 
 278      8E0357B5 
 278      A49C2F52 
 278      F7
 279 01fc 56666991 		.ascii	"Vfi\221\271\231:\306{\266s[\015aK7\335\026s\373^\354"
 279      B9993AC6 
 279      7BB6735B 
 279      0D614B37 
 279      DD1673FB 
 280 0212 01CE629A 		.ascii	"\001\316b\232\354\312\225\311/\004\2307\013\336\307"
 280      ECCA95C9 
 280      2F049837 
 280      0BDEC7
 281 0221 506730D4 		.ascii	"Pg0\324L%\324)\014u\332K\341\253nFa\005f~\322\227\371"
 281      4C25D429 
 281      0C75DA4B 
 281      E1AB6E46 
 281      6105667E 
 282 0238 4C1F85DD 		.ascii	"L\037\205\335w\366\37498\350\331\251@w\257v2\242+\021"
 282      77F6FC39 
 282      38E8D9A9 
 282      4077AF76 
 282      32A22B11 
 283 024c B4DC075A 		.ascii	"\264\334\007Z\001^T\3305\264-;D\205\275\317\214\376"
 283      015E54D8 
 283      35B42D3B 
 283      4485BDCF 
 283      8CFE
 284 025e CE9AED9B 		.ascii	"\316\232\355\233\223\327\037\000\323-\325\3039`:\307"
 284      93D71F00 
 284      D32DD5C3 
 284      39603AC7 
 285 026e A692DB62 		.ascii	"\246\222\333bd\236\302\337t\025\243\330\303\240\000"
 285      649EC2DF 
 285      7415A3D8 
 285      C3A000
 286 027d 5510899F 		.ascii	"U\020\211\237\347\321\226\243\256\355j\322\223*\316"
 286      E7D196A3 
 286      AEED6AD2 
 286      932ACE
 287 028c 56EF91F1 		.ascii	"V\357\221\361\2630g\227\\}\314\225u\27171g\265\\,w\273"
 287      B3306797 
 287      5C7DCC95 
 287      75B93731 
 287      67B55C2C 
 288 02a2 DDB39917 		.ascii	"\335\263\231\027T{\363\022\350=\313\013j`\016:^h<\275"
 288      547BF312 
ARM GAS  /tmp/ccP9oz7l.s 			page 22


 288      E83DCB0B 
 288      6A600E3A 
 288      5E683CBD 
 289 02b6 D99B074F 		.ascii	"\331\233\007O\255\274*\277'd\3524jY\032\027<id\265\237"
 289      ADBC2ABF 
 289      2764EA34 
 289      6A591A17 
 289      3C6964B5 
 290 02cb DD19465C 		.ascii	"\335\031F\\<\215\274\373mM!,\015\307\216\"M\275\\\355"
 290      3C8DBCFB 
 290      6D4D212C 
 290      0DC78E22 
 290      4DBD5CED 
 291 02df 76FF9E3A 		.ascii	"v\377\236:\300E\277\014.z2\250c\031\234\335{\\M^\006"
 291      C045BF0C 
 291      2E7A32A8 
 291      63199CDD 
 291      7B5C4D5E 
 292 02f4 167D312F 		.ascii	"\026}1/z\327\366\321\342P\266\244OO\004\255P\343\241"
 292      7AD7F6D1 
 292      E250B6A4 
 292      4F4F04AD 
 292      50E3A1
 293 0307 133D7A4F 		.ascii	"\023=zO\211\336\350\262+X\245\305J\225.\243\262\336"
 293      89DEE8B2 
 293      2B58A5C5 
 293      4A952EA3 
 293      B2DE
 294 0319 53A5D76B 		.ascii	"S\245\327k\036\247\244a\3236\340Q.\371\252\264\330W"
 294      1EA7A461 
 294      D336E051 
 294      2EF9AAB4 
 294      D857
 295 032b A48ECEAC 		.ascii	"\244\216\316\254M\240\317\364\301\262b\371\216\355\004"
 295      4DA0CFF4 
 295      C1B262F9 
 295      8EED04
 296 033a BD62F964 		.ascii	"\275b\371d\264`P\317(k\360\2263-ch\224\227\030\355\340"
 296      B46050CF 
 296      286BF096 
 296      332D6368 
 296      949718ED 
 297 034f 2AAF67DB 		.ascii	"*\257g\333\306\301\021\255\207\333k\\w\277\270\305\251"
 297      C6C111AD 
 297      87DB6B5C 
 297      77BFB8C5 
 297      A9
 298 0360 F727B721 		.ascii	"\367'\267! J##\367\272\207\334\242\361\027[\0109\312"
 298      204A2323 
 298      F7BA87DC 
 298      A2F1175B 
 298      0839CA
 299 0373 67D24D57 		.ascii	"g\322MW\346\366p\245\306k\356E\344\313\2164y\002\347"
 299      E6F670A5 
 299      C66BEE45 
 299      E4CB8E34 
 299      7902E7
ARM GAS  /tmp/ccP9oz7l.s 			page 23


 300 0386 0CF38226 		.ascii	"\014\363\202&?\206\233<\01473\206\327\267\324W\250u"
 300      3F869B3C 
 300      0C373386 
 300      D7B7D457 
 300      A875
 301 0398 4A5367FC 		.ascii	"JSg\374\217\246F\373\276\362\242\003\341\001T\334\010"
 301      8FA646FB 
 301      BEF2A203 
 301      E10154DC 
 301      08
 302 03a9 48B2E5AD 		.ascii	"H\262\345\255T\034Y\367}*?5\332\301M~\354\263W\013\326"
 302      541C59F7 
 302      7D2A3F35 
 302      DAC14D7E 
 302      ECB3570B 
 303 03be 7BA9B8C5 		.ascii	"{\251\270\305u\033k\332\323\302\247\246\342\016\243"
 303      751B6BDA 
 303      D3C2A7A6 
 303      E20EA3
 304 03cd E2B6878A 		.ascii	"\342\266\207\212\342\302\372\313jr\222S\321^3vT\313"
 304      E2C2FACB 
 304      6A729253 
 304      D15E3376 
 304      54CB
 305 03df FBEC5EA9 		.ascii	"\373\354^\251\2740]~\355v\023\352\001\255~4\264zhhc"
 305      BC305D7E 
 305      ED7613EA 
 305      01AD7E34 
 305      B47A6868 
 306 03f4 345C6CEE 		.ascii	"4\\l\3568\244a\323\337\301\233\325y\372\256\216\215"
 306      38A461D3 
 306      DFC19BD5 
 306      79FAAE8E 
 306      8D
 307 0405 FF9FD165 		.ascii	"\377\237\321eg\343\271Mjr\236\0078\236\236\3331\215"
 307      67E3B94D 
 307      6A729E07 
 307      389E9EDB 
 307      318D
 308 0417 38F922BB 		.ascii	"8\371\"\273\257{LGZ\371\242\242v|wh\00094\254/\355."
 308      AF7B4C47 
 308      5AF9A2A2 
 308      767C7768 
 308      003934AC 
 309 042e 2F39376F 		.ascii	"/97o\014\312\204\316,\306J\355\316\\}\200[c\200[\217"
 309      0CCA84CE 
 309      2CC64AED 
 309      CE5C7D80 
 309      5B63805B 
 310 0443 D72DAB78 		.ascii	"\327-\253x\307\3430\362\224\273\025\347m.Q\263\034C"
 310      C7E330F2 
 310      94BB15E7 
 310      6D2E51B3 
 310      1C43
 311 0455 589BF54C 		.ascii	"X\233\365L\264\250\003P\252\002P\356{Q\266\325\344\034"
 311      B4A80350 
 311      AA0250EE 
ARM GAS  /tmp/ccP9oz7l.s 			page 24


 311      7B51B6D5 
 311      E41C
 312 0467 8B20CF39 		.ascii	"\213 \3179Jk]\307\356\210\000\267\332\000\267\007^\267"
 312      4A6B5DC7 
 312      EE8800B7 
 312      DA00B707 
 312      5EB7
 313 0479 9CB2FE35 		.ascii	"\234\262\3765:2\314\335\234\275#\317\365,\370t\\j/U"
 313      3A32CCDD 
 313      9CBD23CF 
 313      F52CF874 
 313      5C6A2F55 
 314 048d 36DD5241 		.ascii	"6\335RATT\324\214\250\271Q\016\004s\2159\273\000\333"
 314      5454D48C 
 314      A8B9510E 
 314      04738D39 
 314      BB00DB
 315 04a0 F002B0D2 		.ascii	"\360\002\260\322\335C\352\237\300\014\337\323\370\036"
 315      DD43EA9F 
 315      C00CDFD3 
 315      F81E
 316 04ae C5FE157E 		.ascii	"\305\376\025~\010\324ZFKQCcA\377d\313\207\020\314\024"
 316      08D45A46 
 316      4B514363 
 316      41FF64CB 
 316      8710CC14 
 317 04c2 A984EEA0 		.ascii	"\251\204\356\240\240\373\250\275\220\303ZG\226\027\332"
 317      A0FBA8BD 
 317      90C35A47 
 317      9617DA
 318 04d1 0568C7FD 		.ascii	"\005h\307\375\016\272\177Wq\300&\200\247\330\337\337"
 318      0EBA7F57 
 318      71C02680 
 318      A7D8DFDF 
 319 04e1 43143C46 		.ascii	"C\024<F\031@\031Dy\004Q\254)\374\342 \367\320;9N\237"
 319      19401944 
 319      790451AC 
 319      29FCE220 
 319      F7D03B39 
 320 04f7 2F253A41 		.ascii	"/%:A\272\307\027\204P\003\301\323]\202\027\245{b\257"
 320      BAC71784 
 320      5003C1D3 
 320      5D8217A5 
 320      7B62AF
 321 050a A67E01E5 		.ascii	"\246~\001\345\036\276\013\216\302\323EFK6n\251\015\235"
 321      1EBE0B8E 
 321      C2D34546 
 321      4B366EA9 
 321      0D9D
 322 051c A1E4ED98 		.ascii	"\241\344\355\230*oa\312\244\021\342\366p\231\254\015"
 322      2A6F61CA 
 322      A411E2F6 
 322      7099AC0D 
 323 052c A8A5CB2F 		.ascii	"\250\245\313/\240\000\317\274\265<T\260\256k\032\331"
 323      A000CFBC 
 323      B53C54B0 
 323      AE6B1AD9 
ARM GAS  /tmp/ccP9oz7l.s 			page 25


 324 053c 47582DFB 		.ascii	"GX-\373\252\216\275\012#\207\370\242\251!\265#\202\224"
 324      AA8EBD0A 
 324      2387F8A2 
 324      A921B523 
 324      8294
 325 054e F245EDC0 		.ascii	"\362E\355\300\211< \247\370\242\244\377D;!\225l\241"
 325      893C20A7 
 325      F8A2A4FF 
 325      443B2195 
 325      6CA1
 326 0560 7D51E82A 		.ascii	"}Q\350*&0\003+\216\005\017F\266\000\303\012\323\257"
 326      2630032B 
 326      8E050F46 
 326      B600C30A 
 326      D3AF
 327 0572 91E95798 		.ascii	"\221\351W\230\350\010\312(\312\030\312\270\037\323\216"
 327      E808CA28 
 327      CA18CAB8 
 327      1FD38E
 328 0581 FC22CA11 		.ascii	"\374\"\312\021\035\216\317\361\240\303ST\324\257(\264"
 328      1D8ECFF1 
 328      A0C35354 
 328      D4AF28B4 
 329 0591 A35E4C36 		.ascii	"\243^L6\355\013\354\223\356\255\265\215z\031q\361\320"
 329      ED0BEC93 
 329      EEADB58D 
 329      7A1971F1 
 329      D0
 330 05a2 301414D7 		.ascii	"0\024\024\327g\233\337\267\274:\2350\334\227\301qy\016"
 330      679BDFB7 
 330      BC3A9D30 
 330      DC97C171 
 330      790E
 331 05b4 ACDAD945 		.ascii	"\254\332\331E\032\031\250M\260z\373!\3750\031\311\257"
 331      1A19A84D 
 331      B07AFB21 
 331      FD3019C9 
 331      AF
 332 05c5 93F16D75 		.ascii	"\223\361mu\242q\350k\374\3414\203b:\266\021\0007\332"
 332      A271E86B 
 332      FCE13483 
 332      623AB611 
 332      0037DA
 333 05d8 76FADE3F 		.ascii	"v\372\336?4\000\273\202\266\362\004\222\372c\010\246"
 333      3400BB82 
 333      B6F20492 
 333      FA6308A6 
 334 05e8 C32BFDFE 		.ascii	"\303+\375\376\365\300\221\355\016\350\012Y|\333\310"
 334      F5C091ED 
 334      0EE80A59 
 334      7CDBC8
 335 05f7 7E505872 		.ascii	"~PXr[\353\325\245\212LYz\362\3332\337+-\215+\257\214"
 335      5BEBD5A5 
 335      8A4C597A 
 335      F2DB32DF 
 335      2B2D8D2B 
 336 060d E60C736F 		.ascii	"\346\014soD\204\325\\y\276c\355@\204\377 \377|\246_"
ARM GAS  /tmp/ccP9oz7l.s 			page 26


 336      4484D55C 
 336      79BE63ED 
 336      4084FF20 
 336      FF7CA65F 
 337 0621 E8AF453A 		.ascii	"\350\257E:\307\323Ee\216\017\325]u\206\223\013\274\335"
 337      C7D34565 
 337      8E0FD55D 
 337      7586930B 
 337      BCDD
 338 0633 8A7B0FFC 		.ascii	"\212{\017\374 \342\034w\340+\255\377\371\002\277W\032"
 338      20E21C77 
 338      E02BADFF 
 338      F902BF57 
 338      1A
 339 0644 7AC137A2 		.ascii	"z\3017\242o\226\343=\237\345kD:\313\317\025\327\272"
 339      6F96E33D 
 339      9FE56B44 
 339      3ACBCF15 
 339      D7BA
 340 0656 42492347 		.ascii	"BI#G9\363\264s8\234\334\341\213\201\302\212\001\375"
 340      39F3B473 
 340      389CDCE1 
 340      8B81C28A 
 340      01FD
 341 0668 EC2EB253 		.ascii	"\354.\262S\016a\361\306\012\366\024\021\226q\2468\233"
 341      0E61F1C6 
 341      0AF61411 
 341      9671A638 
 341      9B
 342 0679 6936ED5B 		.ascii	"i6\355[_:\0155\360-\342\257\245y\321G\342\345\2014\035"
 342      5F3A0D35 
 342      F02DE2AF 
 342      A579D147 
 342      E2E58134 
 343 068e 55666020 		.ascii	"Uf` \310\342\007\013\306\325\341\302\346\203\\\367\251"
 343      C8E2070B 
 343      C6D5E1C2 
 343      E6835CF7 
 343      A9
 344 069f 1EB2B9DD 		.ascii	"\036\262\271\335\360\345\235\207\325\236\267\333z\256"
 344      F0E59D87 
 344      D59EB7DB 
 344      7AAE
 345 06ad 73768DC7 		.ascii	"sv\215\307\370s\202;\012'\260\016- \207\321\262\301"
 345      F873823B 
 345      0A27B00E 
 345      2D2087D1 
 345      B2C1
 346 06bf 434BA723 		.ascii	"CK\247#\273R$=\374\014\033\016v\226k\310C\276\270\224"
 346      BB52243D 
 346      FC0C1B0E 
 346      76966BC8 
 346      43BEB894 
 347 06d3 56D6A923 		.ascii	"V\326\251#.\276\330\221\336}\207\245\271\211\361A\337"
 347      2EBED891 
 347      DE7D87A5 
 347      B989F141 
ARM GAS  /tmp/ccP9oz7l.s 			page 27


 347      DF
 348 06e4 32831599 		.ascii	"2\203\025\231\241T\263\221&\236\307\203\217\255\337"
 348      A154B391 
 348      269EC783 
 348      8FADDF
 349 06f3 F19D1E79 		.ascii	"\361\235\036y\355\336\340\032\030\\\253\317\227\013"
 349      EDDEE01A 
 349      185CABCF 
 349      970B
 350 0701 18AF1FC8 		.ascii	"\030\257\037\310r\273H#C\256\207Z\330L\223\311\365\260"
 350      72BB4823 
 350      43AE875A 
 350      D84C93C9 
 350      F5B0
 351 0713 BB85B13B 		.ascii	"\273\205\261;X3:\001\253\306\360\177\037,\313\343\257"
 351      58333A01 
 351      ABC6F07F 
 351      1F2CCBE3 
 351      AF
 352 0724 F824C697 		.ascii	"\370$\306\227(\013\270%\265>/\214mV\257b\243\263Y\331"
 352      280BB825 
 352      B53E2F8C 
 352      6D56AF62 
 352      A3B359D9 
 353 0738 D8B33777 		.ascii	"\330\2637w\203\206o\254#l\034\326(;\367\366\217\036"
 353      83866FAC 
 353      236C1CD6 
 353      283BF7F6 
 353      8F1E
 354 074a D6F19DED 		.ascii	"\326\361\235\355\204\275\001\352\224\235\201\324\327"
 354      84BD01EA 
 354      949D81D4 
 354      D7
 355 0757 0FC48FCB 		.ascii	"\017\304\217\313\344\014\307{l\216\321\301G\177\270"
 355      E40CC77B 
 355      6C8ED1C1 
 355      477FB8
 356 0766 D1E1B755 		.ascii	"\321\341\267U\\\305\006`>~\323!\270\015\277q\020\302"
 356      5CC50660 
 356      3E7ED321 
 356      B80DBF71 
 356      10C2
 357 0778 767115CB 		.ascii	"vq\025\313\343I\325-\361\335\002\271\311Q}%\215\376"
 357      E349D52D 
 357      F1DD02B9 
 357      C9517D25 
 357      8DFE
 358 078a 06609DC3 		.ascii	"\006`\235\303P\206\370\023\3467\247\206\350O\001\330"
 358      5086F813 
 358      E637A786 
 358      E84F01D8 
 359 079a 217E2CC0 		.ascii	"!~,\300N\361]\364\336_62\030\370\300PZ|]\273\213?0\354"
 359      4EF15DF4 
 359      DE5F3632 
 359      18F8C050 
 359      5A7C5DBB 
 360 07b2 5B6DB1AD 		.ascii	"[m\261\2550\3325\237\375\351\257s\026\011Z\263\325\376"
ARM GAS  /tmp/ccP9oz7l.s 			page 28


 360      30DA359F 
 360      FDE9AF73 
 360      16095AB3 
 360      D5FE
 361 07c4 D187467B 		.ascii	"\321\207F{\250\321\250\334\3157$\333"
 361      A8D1A8DC 
 361      CD3724DB 
 362 07d0 920C66AB 		.ascii	"\222\014f\253)>y\271d\260J+\343\315\313\014\226\030"
 362      293E79B9 
 362      64B04A2B 
 362      E3CDCB0C 
 362      9618
 363 07e2 539CD92A 		.ascii	"S\234\331*\031\214\313\245\330\230\344x\273\321\236"
 363      198CCBA5 
 363      D898E478 
 363      BBD19E
 364 07f1 9228D9A2 		.ascii	"\222(\331\242\343\204\250`\326\266\024\233\301h\263"
 364      E384A860 
 364      D6B6149B 
 364      C168B3
 365 0800 2F474434 		.ascii	"/GD4\371]t\264aQ\234y\231y\351\227\206\004\233\301\224"
 365      F95D74B4 
 365      61519C79 
 365      9979E997 
 365      86049BC1 
 366 0815 60B12458 		.ascii	"`\261$X\015\211\011Iv\233\341\017_,Y\264\344_T\227h"
 366      0D890949 
 366      769BE10F 
 366      5F2C59B4 
 366      E45F5497 
 367 082a 8E97926C 		.ascii	"\216\227\222l\206\317\026-2\230\342<\350\332d\204\370"
 367      86CF162D 
 367      3298E23C 
 367      E8DA6484 
 367      F8
 368 083b 2DCB4EB9 		.ascii	"-\313N\271S\031\023\223\355\277\016D\214\213\2117\260"
 368      53191393 
 368      EDBF0E44 
 368      8C8B8937 
 368      B0
 369 084c B0F62429 		.ascii	"\260\366$)\306b3X$\213r\033m\022T\306\025\222]c3\377"
 369      C6623358 
 369      248B721B 
 369      6D1254C6 
 369      15925D63 
 370 0862 5B32DA3F 		.ascii	"[2\332?d\311R\323\025&\223!&\3112\337\232`\225\346K"
 370      64C952D3 
 370      15269321 
 370      26C932DF 
 370      9A6095E6 
 371 0877 31CBCC86 		.ascii	"1\313\314\206\337D\177\022\375\221\367 \230<\236\024"
 371      DF447F12 
 371      FD91F720 
 371      983C9E14 
 372 0887 33D01811 		.ascii	"3\320\030\021h\271Mk\\\231d\266K6\375\022\311\222\220"
 372      68B94D6B 
 372      5C9964B6 
ARM GAS  /tmp/ccP9oz7l.s 			page 29


 372      4B36FD12 
 372      C99290
 373 089a 94F22583 		.ascii	"\224\362%\203\247\013~\367\267%\177\2110[m\366\030\253"
 373      A70B7EF7 
 373      B7257F89 
 373      305B6DF6 
 373      18AB
 374 08ac 493226C4 		.ascii	"I2&\304\306\332$\273\2329\250\2507\301\224\011f\361"
 374      C6DA24BB 
 374      9A39A8A8 
 374      37C19409 
 374      66F1
 375 08be E3D38E13 		.ascii	"\343\323\216\023\310?-v\315\262\344\330X)IE\223'R\202"
 375      C83F2D76 
 375      CDB2E4D8 
 375      58294945 
 375      93275282 
 376 08d2 4DC391F5 		.ascii	"M\303\221\365\026\333\322e\377\220L\366?Z\315v-\236"
 376      16DBD265 
 376      FF904CF6 
 376      3F5ACD76 
 376      2D9E
 377 08e4 C09A1C1F 		.ascii	"\300\232\034\037\257\215\265\316\261%J&\370@\2038\246"
 377      AF8DB5CE 
 377      B1254A26 
 377      F8408338 
 377      A6
 378 08f5 C414DCB0 		.ascii	"\304\024\334\260\307%%\254T\305K1\261\357\004\255\222"
 378      C72525AC 
 378      54C54B31 
 378      B1EF04AD 
 378      92
 379 0906 3DC96C5D 		.ascii	"=\311l]\201\261\376\013\015-$\364"
 379      81B1FE0B 
 379      0D2D24F4 
 380              		.text
 381              		.section	.gnu.lto_.symtab.3464f76aec08e3ec,"",%progbits
 382 0000 6D734F62 		.ascii	"msObjectInit\000\000\000\000\000\000\000\000\000\000"
 382      6A656374 
 382      496E6974 
 382      00000000 
 382      00000000 
 383 0016 00000701 		.ascii	"\000\000\007\001\000\000"
 383      0000
 384              		.text
 385              		.section	.gnu.lto_.opts,"",%progbits
 386 0000 272D666E 		.ascii	"'-fno-trapv' '-mcpu=cortex-m4' '-mfloat-abi=hard' '"
 386      6F2D7472 
 386      61707627 
 386      20272D6D 
 386      6370753D 
 387 0033 2D6D6670 		.ascii	"-mfpu=fpv4-sp-d16' '-mno-thumb-interwork' '-mthumb'"
 387      753D6670 
 387      76342D73 
 387      702D6431 
 387      36272027 
 388 0066 20272D67 		.ascii	" '-ggdb' '-O2' '-fomit-frame-pointer' '-falign-func"
ARM GAS  /tmp/ccP9oz7l.s 			page 30


 388      67646227 
 388      20272D4F 
 388      32272027 
 388      2D666F6D 
 389 0099 74696F6E 		.ascii	"tions=16' '-ffunction-sections' '-fdata-sections' '"
 389      733D3136 
 389      2720272D 
 389      6666756E 
 389      6374696F 
 390 00cc 2D666E6F 		.ascii	"-fno-common' '-flto'\000"
 390      2D636F6D 
 390      6D6F6E27 
 390      20272D66 
 390      6C746F27 
 391              		.text
 392              		.comm	__gnu_lto_v1,1,1
 393              		.comm	__gnu_lto_slim,1,1
 394              		.ident	"GCC: (15:4.9.3+svn231177-1) 4.9.3 20150529 (prerelease)"
ARM GAS  /tmp/ccP9oz7l.s 			page 31


DEFINED SYMBOLS
                            *ABS*:0000000000000000 memstreams.c
                            *COM*:0000000000000001 __gnu_lto_v1
                            *COM*:0000000000000001 __gnu_lto_slim

NO UNDEFINED SYMBOLS
