ARM GAS  /tmp/ccHojICv.s 			page 1


   1              		.syntax unified
   2              		.cpu cortex-m4
   3              		.eabi_attribute 27, 1
   4              		.eabi_attribute 28, 1
   5              		.fpu fpv4-sp-d16
   6              		.eabi_attribute 20, 1
   7              		.eabi_attribute 21, 1
   8              		.eabi_attribute 23, 3
   9              		.eabi_attribute 24, 1
  10              		.eabi_attribute 25, 1
  11              		.eabi_attribute 26, 1
  12              		.eabi_attribute 30, 2
  13              		.eabi_attribute 34, 1
  14              		.eabi_attribute 18, 4
  15              		.thumb
  16              		.file	"nvic.c"
  17              		.text
  18              	.Ltext0:
  19              		.section	.gnu.lto_.profile.4c16ea7c34173e50,"",%progbits
  20 0000 789C6366 		.ascii	"x\234cf```a\200\000F\006u)\000\000\334\000J"
  20      60606061 
  20      80004606 
  20      75290000 
  20      DC004A
  21              		.text
  22              		.section	.gnu.lto_.jmpfuncs.4c16ea7c34173e50,"",%progbits
  23 0000 789C6366 		.ascii	"x\234cf\300\016\314\2414\013\003\023##s}=#\020\3243"
  23      C00ECCA1 
  23      340B0313 
  23      2323737D 
  23      3D2310D4 
  24 0015 41D94C1F 		.ascii	"A\331L\037\231\030\247\365_\331\301\\\373\273aF\003"
  24      9918A7F5 
  24      5FD9C15C 
  24      FBBB6146 
  24      03
  25 0026 C74F2686 		.ascii	"\307O&\206\277L@\265\214\313\031k\031X@\012\031\000"
  25      BF4C40B5 
  25      8CCB196B 
  25      1958400A 
  25      1900
  26 0038 5F210D37 		.ascii	"_!\0157"
  27              		.text
  28              		.section	.gnu.lto_.inline.4c16ea7c34173e50,"",%progbits
  29 0000 789C6D4E 		.ascii	"x\234mN\273\015\203@\014}\317X\307q\024\244N\003\023"
  29      BB0D8340 
  29      0C7DCF58 
  29      C77114A4 
  29      4E0313
  30 0013 64ABB04D 		.ascii	"d\253\260M\244\214@G\301\010,\221\021R\246L\312t\274"
  30      A48C4047 
  30      C1082C91 
  30      1152A64C 
  30      CA74BC
  31 0026 CB21AA58 		.ascii	"\313!\252X\262l\353\375\\\341\177-\373t 54R\273\332"
  31      B26CEBFD 
  31      5CE17F2D 
ARM GAS  /tmp/ccHojICv.s 			page 2


  31      FB742035 
  31      3452BBDA 
  32 003a C3FB8230 		.ascii	"\303\373\2020\365\006{t\016]Q@\024\024kq\304\250|\352"
  32      F5067B74 
  32      0E5D5140 
  32      14146B71 
  32      C4A87CEA 
  33 004e 0B43A0FF 		.ascii	"\013C\240\377\034\014M\242c\374\030\237\353\355\236"
  33      1C0C4DA2 
  33      63FC189F 
  33      EBED9E
  34 005d 5EF635B6 		.ascii	"^\3665\266\340\3143p-C\312\234\341\262-j\331\234r\310"
  34      E0CC3370 
  34      2D43CA9C 
  34      E1B22D6A 
  34      D99C72C8 
  35 0071 90BFB056 		.ascii	"\220\277\260V6T\327aO9xG\0126\270\016\0262"
  35      3654D761 
  35      4F397847 
  35      0A36B80E 
  35      1632
  36              		.text
  37              		.section	.gnu.lto_.pureconst.4c16ea7c34173e50,"",%progbits
  38 0000 789C6366 		.ascii	"x\234cf``\340d\200\000\026\006)F)&)\026)\000\002\307"
  38      6060E064 
  38      80001606 
  38      29462926 
  38      29162900 
  39 0016 0080     		.ascii	"\000\200"
  40              		.text
  41              		.section	.gnu.lto_nvicEnableVector.4c16ea7c34173e50,"",%progbits
  42 0000 789C9552 		.ascii	"x\234\225R\337K\223Q\030>\317\371\276\355\233\233Zt"
  42      DF4B9351 
  42      183ECFF9 
  42      BEED9B9B 
  42      5A74
  43 0012 132CA26E 		.ascii	"\023,\242n\304+\367E\027\335V\010\335IR\177A\355\306"
  43      C42BF745 
  43      17DD5608 
  43      DD49527F 
  43      41EDC6
  44 0025 413AD188 		.ascii	"A:\321\210\356<sc^\024(\3368\222\335\244\321\217\345"
  44      EE3C7363 
  44      5E1428DE 
  44      3892DDA4 
  44      D18FE5
  45 0038 6C2B2B4D 		.ascii	"l++M\341C\260\274(m\264H\206L\242\005\366\343\"M\230"
  45      E143B0BC 
  45      286DB448 
  45      864CA205 
  45      F6E3224D 
  46 004d 83CADEF7 		.ascii	"\203\312\336\367l\321\205^\324`\347\234\367\307\363"
  46      6CD1855E 
  46      D460E79C 
  46      F7C7F3
  47 005c 3ECF73CE 		.ascii	">\317s\316g\210\335??\375O\032B\234\240\035\206\200"
  47      6788DD3F 
ARM GAS  /tmp/ccHojICv.s 			page 3


  47      3FFD4F1A 
  47      429CA01D 
  47      8680
  48 006e 1C5A1222 		.ascii	"\034Z\022\"\342\221\000\037\004D\237D\037>\311\015\211"
  48      E291001F 
  48      04449F44 
  48      1F3EC90D 
  48      89
  49 007f 212795F0 		.ascii	"!'\225\3605\337RJ}\033^\216\264;\250H!\276\313\352\034"
  49      35DF524A 
  49      7D1B5E8E 
  49      B43BA848 
  49      21BECBEA 
  50 0094 DC4633F5 		.ascii	"\334F3\365\344W>\304M\343\030\004\235\247\323[\257|"
  50      E4573EC4 
  50      4DE31804 
  50      9DA7D35B 
  50      AF7C
  51 00a6 EBB22271 		.ascii	"\353\262\"q\224\303\231\341\305\204\233Cir85\227~\276"
  51      94C399E1 
  51      C5849B43 
  51      69723835 
  51      977EBE
  52 00b9 AF694CA9 		.ascii	"\257iL\251~g1\253N\231\025i\340\016\014\232\207\273"
  52      7E6731AB 
  52      4E991569 
  52      E00E0C9A 
  52      87BB
  53 00cb F0E31EFC 		.ascii	"\360\343\036\374\202R\002)4Q\367\353\033[y\3238\256"
  53      82520229 
  53      3451F7EB 
  53      1B5B79D3 
  53      38AE
  54 00dd E7E6D22F 		.ascii	"\347\346\322/\3635\344\352\037\344\375=\220\023h\342"
  54      F335E4EA 
  54      1FE4FD3D 
  54      901368E2 
  55 00ed F68DD8CF 		.ascii	"\366\215\330\317w>w\214d\357\257\252E\032n\320>y\300"
  55      773E778C 
  55      64EFAFAA 
  55      451A6ED0 
  55      3E79C0
  56 0100 513B3B63 		.ascii	"Q;;cS\263\031\263\001\340vI@\323\340\305\005&\266\350"
  56      53B319B3 
  56      01E07649 
  56      40D3E0C5 
  56      0526B6E8 
  57 0114 E8F2D0E2 		.ascii	"\350\362\320\342\256\343\305K\213%D\211\206\360\345"
  57      AEE3C54B 
  57      8B254489 
  57      86F0E5
  58 0123 7C949277 		.ascii	"|\224\222w\243\200\376\225\201_e\203\347\226\245,K\210"
  58      A380FE95 
  58      815F6583 
  58      E796A52C 
  58      4B88
  59 0135 02A2ABEE 		.ascii	"\002\242\253\356jlP\212T\214\347\326r\006\273\367\230"
ARM GAS  /tmp/ccHojICv.s 			page 4


  59      6A6C508A 
  59      548CE7D6 
  59      7206BBF7 
  59      98
  60 0146 029324B1 		.ascii	"\002\223$\261\200\371ap\013\0257\277\250\244\311\305"
  60      80F96170 
  60      0B1537BF 
  60      A8A4C9C5 
  61 0156 3A351F55 		.ascii	":5\037U\215\254z\255\264\234\363\350\224\340\360\346"
  61      8DAC7AAD 
  61      B49CF3E8 
  61      94E0F0E6 
  62 0166 DBEDCF8D 		.ascii	"\333\355\317\215I\214F\224r\254\212\364\342\0019\315"
  62      498C4694 
  62      72AC8AF4 
  62      E20139CD 
  63 0176 D0182E56 		.ascii	"\320\030.V\306\257\373ZR*F\017\342C\026Il\352G\241\312"
  63      C6AFFB5A 
  63      522A460F 
  63      E2431649 
  63      6CEA47A1 
  64 018b B591DCB6 		.ascii	"\265\221\334\266\307\236P\261\210s\210\250\361\020-"
  64      C79E50B1 
  64      887388A8 
  64      F1102D
  65 019a 65E9D2EF 		.ascii	"e\351\322\357\365\0106\211c\245\305\370R\242\275*\326"
  65      F5083689 
  65      63A5C5F8 
  65      52A2BD2A 
  65      D6
  66 01ab A22AC1BE 		.ascii	"\242*\301\276\276\031\235\251gr\267K`J\213\355/\016"
  66      BE199DA9 
  66      6772B74B 
  66      604A8BED 
  66      2F0E
  67 01bd FC90D526 		.ascii	"\374\220\325&\017\217 \334v\315a\035\245\0104;8\270"
  67      0F8F20DC 
  67      76CD611D 
  67      A508343B 
  67      38B8
  68 01cf 6069D011 		.ascii	"`i\320\021\201\307\032\024]\215\227j\327\342\245\216"
  68      81C71A14 
  68      5D8D976A 
  68      D7E2A58E 
  69 01df 17C9F5AC 		.ascii	"\027\311\365\254\266iA\340\011\374\004\325\327\360\376"
  69      B66941E0 
  69      09FC04D5 
  69      D7F0FE
  70 01ee 60ED1EFE 		.ascii	"`\355\036\376\325e=\236j\227\330\345\362pE6`\232]Z\332"
  70      D5653D9E 
  70      6A97D8E5 
  70      F2704536 
  70      609A5D5A 
  71 0203 E50CBBF4 		.ascii	"\345\014\273\364j\226\314\302\206\353\277y\236i\036"
  71      6A96CCC2 
  71      86EBBF79 
  71      9E691E
ARM GAS  /tmp/ccHojICv.s 			page 5


  72 0212 B937CFEC 		.ascii	"\2717\317\354_\236\271*O\021\021g\344\014\263p\266D"
  72      5F9EB92A 
  72      4F111167 
  72      E40CB370 
  72      B644
  73 0224 02E90321 		.ascii	"\002\351\003!tK `\267v\204.\206\316\236\267\303\275"
  73      744B2060 
  73      B776842E 
  73      86CE9EB7 
  73      C3BD
  74 0236 76C7854B 		.ascii	"v\307\205Kvw\270\347r\257\035\014wv\206\273\354\323"
  74      7677B8E7 
  74      72AF1D0C 
  74      777686BB 
  74      ECD3
  75 0248 E7DA5ADB 		.ascii	"\347\332Z\333\256\332]WB\301@P\240\313\354\356\011\205"
  75      AEDA5D57 
  75      42C14050 
  75      A0CBECEE 
  75      0985
  76 025a 7F035FA8 		.ascii	"\177\003_\250/j"
  76      2F6A
  77              		.text
  78              		.section	.gnu.lto_nvicDisableVector.4c16ea7c34173e50,"",%progbits
  79 0000 789C8D91 		.ascii	"x\234\215\221\313k\023Q\024\306\357wf2IM\250\342\306"
  79      CB6B1351 
  79      14C6EF77 
  79      6632494D 
  79      A8E2C6
  80 0013 1211DD94 		.ascii	"\022\021\335\224\256\222\253\377\201RpW\024\375\013"
  80      AE92ABFF 
  80      81527057 
  80      14FD0B
  81 0022 349B066C 		.ascii	"4\233\006l\"V\304]o\232\030\027\012-\335X)\331\264\276"
  81      2256C45D 
  81      6F9A1817 
  81      0A2DDD58 
  81      29D9B4BE 
  82 0036 D3A63535 		.ascii	"\323\24655>\212\302P\360\265P)\266(E\"b\224\372X4Uh"
  82      3E8AC250 
  82      F0B55029 
  82      B6284522 
  82      6294FA58 
  83 004d 06947ACE 		.ascii	"\006\224z\316\214\013\241\033\007\346\3369\347\376\276"
  83      8C0BA11B 
  83      07E6DE39 
  83      E7FEBE
  84 005c F39D33D7 		.ascii	"\363\2353\327R\233\2378\277iRj\037\357\260\024h\370"
  84      529B9F38 
  84      BF69526A 
  84      1FEFB014 
  84      68F8
  85 006e A552B908 		.ascii	"\245R\271\010\001\362\241\240\006\010\003\370BM\302"
  85      01F2A1A0 
  85      060803F8 
  85      424DC2
  86 007d B05B1E8D 		.ascii	"\260[\036\215v]5\306\254\216\317v\234\353\360X\366\203"
ARM GAS  /tmp/ccHojICv.s 			page 6


  86      765D35C6 
  86      AC8ECF76 
  86      9CEBF058 
  86      F683
  87 008f 8232B88E 		.ascii	"\2022\270\216.F\026\337~,\332\326^(\376~P\371\371\""
  87      2E4616DF 
  87      7E2CDAD6 
  87      5E28FE7E 
  87      50F9F922 
  88 00a3 BA421E61 		.ascii	"\272B\036a\217\204s#\317F\035\011\311\226\260\366\250"
  88      8F847323 
  88      CF461D09 
  88      C996B0F6 
  88      A8
  89 00b4 F2646BE7 		.ascii	"\362dk\347\2041\203\356\363\252\331o{d\341\006,\256"
  89      843183EE 
  89      F3AAD96F 
  89      7B64E106 
  89      2CAE
  90 00c6 879B88E3 		.ascii	"\207\233\210\343\026\342\212S\012et\012\336,\374~\023"
  90      16E28A53 
  90      0A65740A 
  90      DE2CFC7E 
  90      13
  91 00d7 750AECBD 		.ascii	"u\012\354\275-\360\304$\034\360>\275\3355\033\033\023"
  91      2DF0C424 
  91      1CF03EBD 
  91      DD351B1B 
  91      13
  92 00e8 D7266B76 		.ascii	"\327&kv\033 8\261\320\266x\011\331\262\204xq\224j\260"
  92      1B2038B1 
  92      D0B67809 
  92      D9B28478 
  92      71946AB0 
  93 00fc 4826FA44 		.ascii	"H&\372D$\273\265\214|\275\370\371\362a\251\263N\264"
  93      24BBB58C 
  93      7CBDF8F9 
  93      F261A9B3 
  93      4EB4
  94 010e CE1684EF 		.ascii	"\316\026\204\357\257\307\346b\322#\2530\305-,c\260~"
  94      AFC7E662 
  94      D223AB30 
  94      C52D2C63 
  94      B07E
  95 0120 FE170590 		.ascii	"\376\027\005\220\305\020g\362-'\210mN\261\350\341\320"
  95      C51067F2 
  95      2D27886D 
  95      4EB1E8E1 
  95      D0
  96 0131 D0E3B02F 		.ascii	"\320\343\260/\332\255P\361E\371w\305\206\025@!&\236"
  96      DAAD50F1 
  96      45F977C5 
  96      86154021 
  96      269E
  97 0143 9656AAB6 		.ascii	"\226V\252\266\020\3341\246\021g)C\363#\037v\010\303"
  97      10DC31A6 
  97      11672943 
ARM GAS  /tmp/ccHojICv.s 			page 7


  97      F3231F76 
  97      08C3
  98 0155 C0DA3753 		.ascii	"\300\3327S\362\201\260\231\317\233v\031\370}\343\325"
  98      F281B099 
  98      CF9B7619 
  98      F87DE3D5 
  99 0165 42C44F29 		.ascii	"B\304O)\011\307\227Z_\333K\030\313\031\343\206=\212"
  99      09C7975A 
  99      5FDB4B18 
  99      CB19E386 
  99      3D8A
 100 0177 60867FD2 		.ascii	"`\206\177\322m6\223C\357\312\305h\242l\012\360\250\015"
 100      6D369343 
 100      EFCAC568 
 100      A26C0AF0 
 100      A80D
 101 0189 5594B0E6 		.ascii	"U\224\260\346\337\012\237\\\270\264\320\212\350)S\310"
 101      DF0A9F5C 
 101      B8B4D08A 
 101      E82953C8 
 102 0199 B9BB3CDA 		.ascii	"\271\273<\332\202Y$xX\377\302\356@sw\322\307\352\314"
 102      82592478 
 102      58FFC2EE 
 102      407377D2 
 102      C7EACC
 103 01ac 62D3FADB 		.ascii	"b\323\372\333\311\377\372DQ\363}\260\311g\247G1\334"
 103      C9FFFA44 
 103      51F37DB0 
 103      C967A747 
 103      31DC
 104 01be 151FF83E 		.ascii	"\025\037\370>\367\240\377\035'\306\251\373\\\257\216"
 104      F7A0FF1D 
 104      27C6A9FB 
 104      5CAF8E
 105 01cd 9CBB7450 		.ascii	"\234\273tP\\\205j0\314\267\302\235%\222I\335\335\233"
 105      5C856A30 
 105      CCB7C29D 
 105      259249DD 
 105      DD9B
 106 01df 3E9E3E74 		.ascii	">\236>tTg\373u\357\261\023\372d\366\324\351~\235\312"
 106      5467FB75 
 106      EFB113FA 
 106      64F6D4E9 
 106      7E9DCA
 107 01f2 F6F56533 		.ascii	"\366\365e3\372\300\221\236\356\236\263:s&\235J\246\024"
 107      FAC0919E 
 107      EE9EB33A 
 107      73269D4A 
 107      A614
 108 0204 327F0097 		.ascii	"2\177\000\227?\347s"
 108      3FE773
 109              		.text
 110              		.section	.gnu.lto_nvicSetSystemHandlerPriority.4c16ea7c34173e50,"",%progbits
 111 0000 789C6D52 		.ascii	"x\234mRML\023Q\020~\337{\333miQ\214'\202\011\361B8\301"
 111      4D4C1351 
 111      107EDF7B 
 111      DB6D6951 
ARM GAS  /tmp/ccHojICv.s 			page 8


 111      8C278209 
 112 0018 9A78F1E0 		.ascii	"\232x\361\340A\303\301\0231\321\2337D\023\232@K\300"
 112      41C3C113 
 112      31D19B37 
 112      44139A40 
 112      4BC0
 113 002a 182F0DAF 		.ascii	"\030/\015\257\264F\017\002\0151\246Q\253\321j\004\201"
 113      B4460F02 
 113      0D31A651 
 113      ABD16A04 
 113      81
 114 003b 62F107A8 		.ascii	"b\361\007\250\227\352\301\020\242\325\306*\246i@\023"
 114      97EAC110 
 114      A2D5C62A 
 114      A6694013 
 115 004b 301A2F42 		.ascii	"0\032/BI\314F\020g\266r0\272\331\335\367f\346\233o\276"
 115      49CC4610 
 115      67B67230 
 115      BAD9DDF7 
 115      66E69B6F 
 116 0060 99F794F8 		.ascii	"\231\367\224\370\367\331O\337-)\304AZ\341\022\220\261"
 116      F7D94FDF 
 116      2D29C441 
 116      5AE11290 
 116      B1
 117 0071 9C10618F 		.ascii	"\234\020a\217\224*S/\264\327xo\011]\255`T\334\006\300"
 117      942A532F 
 117      B4D7786F 
 117      095DAD60 
 117      54DC06C0 
 118 0085 1B01D127 		.ascii	"\033\001\321'\225\201>|\225\253\022\261\354X\334\327"
 118      95813E7C 
 118      95AB12B1 
 118      EC58DCD7 
 119 0095 78576BFD 		.ascii	"xWk\375\375\366t\355\371Z\233\370\312\262\302\217{h"
 119      FDF674ED 
 119      F95A9BF8 
 119      CAB2C28F 
 119      7B68
 120 00a7 24C8CD91 		.ascii	"$\310\315\221\205\361\032\265\017\202\366\263\251\365"
 120      85F11AB5 
 120      0F82F6B3 
 120      A9F5
 121 00b5 57BE2FD2 		.ascii	"W\276/\322\226\330\313ffx.n\262)\0156\323\033\321\015"
 121      96D8CB66 
 121      66782E6E 
 121      B2290D36 
 121      D31BD10D 
 122 00c9 3424B5EE 		.ascii	"4$\265\356\317\226\246\364!\303\226\012#P\304\207Q\324"
 122      CF96A6F4 
 122      21C3960A 
 122      2350C487 
 122      51D4
 123 00db E13EEA04 		.ascii	"\341>\352\004\271\004\306\320@\3507W\327\013\206:\340"
 123      B904C6D0 
 123      40E83757 
 123      D70B863A 
ARM GAS  /tmp/ccHojICv.s 			page 9


 123      E0
 124 00ec F0E6532F 		.ascii	"\360\346S/\0135\225\314_\333\231\343\377\311\234@\003"
 124      0B3595CC 
 124      5FDB99E3 
 124      FFC99C40 
 124      03
 125 00fd C357A39B 		.ascii	"\303W\243\233\013>3J\252wmn\013F\012&h!\307\344\356"
 125      0B3E334A 
 125      AA776D6E 
 125      0B460A26 
 125      6821C7E4 
 126 0112 ACDEDA4A 		.ascii	"\254\336\332J\276x\226p\243J\202\353\271\300\271&\261"
 126      BE789670 
 126      A34A82EB 
 126      B9C0B926 
 126      B1
 127 0123 186EFE09 		.ascii	"\030n\376\011\261LI<\220\025)yU\357\020\315E\312\003"
 127      B14C493C 
 127      90152979 
 127      55EF10CD 
 127      45CA03
 128 0136 8A797E48 		.ascii	"\212y~H\236\315\307\247\0031/w\247|\002\223$\201\237"
 128      9ECDC7A7 
 128      03312F77 
 128      A77C0293 
 128      24819F
 129 0149 159291A9 		.ascii	"\025\222\221\251W%\030\014d17\336\016\246d\350\247\276"
 129      5725180C 
 129      643137DE 
 129      0EA664E8 
 129      A7BE
 130 015b A83DB674 		.ascii	"\250=\266t\225%\213x\200\020\207\256\014\025f\024\205"
 130      95258B78 
 130      801087AE 
 130      0C156614 
 130      85
 131 016c E21C3259 		.ascii	"\342\0342Y*{\227\226_\347=\314k:\346\350\320\345\031"
 131      2A7B9796 
 131      5FE73DCC 
 131      6B3AE6E8 
 131      D0E519
 132 017f 24702D1C 		.ascii	"$p-\034c\224\033i\2040\305\325x\366\313#q\037\021\320"
 132      63941B69 
 132      8430C5D5 
 132      78F6CB23 
 132      711F11D0 
 133 0193 B9987848 		.ascii	"\271\230xH(\247(\036!dK\217\243\306p\304\027\321\377"
 133      28A7281E 
 133      21644B8F 
 133      A3C670C4 
 133      17D1FF
 134 01a6 E1C2E7EB 		.ascii	"\341\302\347\353'*\342\351u\211\"\"%\263b\273\311Ed"
 134      272AE2E9 
 134      75892222 
 134      25B362BB 
 134      C94564
 135 01b9 77F24B79 		.ascii	"w\362Ky\305u\253\014\201\307T\241\210\347\303\016#\005"
ARM GAS  /tmp/ccHojICv.s 			page 10


 135      C575AB0C 
 135      81C754A1 
 135      88E7C30E 
 135      2305
 136 01cb BFAD0D2E 		.ascii	"\277\255\015.9\315zu1\242w\376\245\323\353hI\317o\315"
 136      39CD7A75 
 136      31A277FE 
 136      A5D3EB68 
 136      49CF6FCD 
 137 01df 57B34EAD 		.ascii	"W\263N\255\263\246-}xB'3\375G\350`y\356SU\323\230\216"
 137      B3A62D7D 
 137      78422733 
 137      FD47E860 
 137      79EE5355 
 138 01f6 C296D5E0 		.ascii	"\302\226\325\340~\326\234[D\241T.yi\2075\241\243\341"
 138      7ED69C5B 
 138      44A1542E 
 138      79698735 
 138      A1A3E1
 139 0209 EC1EAA8D 		.ascii	"\354\036\252\215Y4\321|\235\013\226\201E\352\304\"\302"
 139      5934D17C 
 139      9D0B9681 
 139      45EAC422 
 139      C2
 140 021a D9C411A7 		.ascii	"\331\304\021\2475\301\007\003\356\211\020M\315\315V"
 140      35C10703 
 140      EE89104D 
 140      CDCD56
 141 0229 4B87FFA4 		.ascii	"K\207\377\244\377\350q+\330ku\264uZ\335\301\2363\275"
 141      FFE8712B 
 141      D86B75B4 
 141      755ADDC1 
 141      9E33BD
 142 023c 567BB0AB 		.ascii	"V{\260\253+\030\260\016\037kmi=g\005\316\372\333\233"
 142      2B18B00E 
 142      1F6B6D69 
 142      3D6705CE 
 142      FADB9B
 143 024f DB85BBA3 		.ascii	"\333\205\273\243-p\252\363t\217\321\335\343\017\376"
 143      2D70AAF3 
 143      748FD1DD 
 143      E30FFE
 144 025e 06DFC201 		.ascii	"\006\337\302\001\001"
 144      01
 145              		.text
 146              		.section	.gnu.lto_nvicClearPending.4c16ea7c34173e50,"",%progbits
 147 0000 789C6551 		.ascii	"x\234eQMkSQ\020\2353\367\345%%R\305U\011\210.,]%W\377"
 147      4D6B5351 
 147      109D33F7 
 147      E5252552 
 147      C5550988 
 148 001a 81D285AB 		.ascii	"\201\322\205\253\242\350/\320l\032\260\211X\021w\275"
 148      A2E82FD0 
 148      6C1AB089 
 148      581177BD 
 149 002a 69625D58 		.ascii	"ib]Xh\351\306B\311F-~\304\246Zqa\265\360((\335\250D"
 149      68E9C642 
ARM GAS  /tmp/ccHojICv.s 			page 11


 149      C9462D7E 
 149      C4A65A71 
 149      61B5F028 
 150 0042 2B4A91B8 		.ascii	"+J\221\270h\004\277\026\266V\232\267\320:\363\236;\037"
 150      6804BF16 
 150      B6569AB7 
 150      D03AF39E 
 150      3B1F
 151 0054 BCB977CE 		.ascii	"\274\271w\316=\347\314\314\275\206\376\3772\362\377"
 151      3DE7CCCC 
 151      BD86FEFF 
 151      32F2FF
 152 0063 02D16159 		.ascii	"\002\321aYa\010<\371\222\250\234b@7\004\032a\214\340"
 152      61083CF9 
 152      92A89C62 
 152      4037041A 
 152      618CE0
 153 0076 0B6F3026 		.ascii	"\013o0&\203\372t\272o\3269\367\343\365\223\236\313="
 153      83FA74BA 
 153      6FD639F7 
 153      E3F5939E 
 153      CB3D
 154 0088 2113FDE4 		.ascii	"!\023\375\344\330\006\267\320'\224\325\367\353c\236"
 154      D806B7D0 
 154      2794D5F7 
 154      EB639E
 155 0097 390492FD 		.ascii	"9\004\222\375\343\306\326\213\364g\016\031\0074]\234"
 155      E3C6D68B 
 155      F4670E19 
 155      07345D9C 
 156 00a7 5A99F635 		.ascii	"Z\231\3665eO\323GK\215\347\273{o87\032\254,\270#^\310"
 156      654FD347 
 156      4B8DE7BB 
 156      7B6F3837 
 156      1AAC2CB8 
 157 00be 06B761C4 		.ascii	"\006\267a\304\017w\220\301]dH B\035\275J\337\250\376"
 157      0F7790C1 
 157      5D644820 
 157      421DBD4A 
 157      DFA8FE
 158 00d1 7E97F6AB 		.ascii	"~\227\366\253R{O\\\023\367\340K\3334\2777p;;\353\263"
 158      527B4F5C 
 158      13F7E04B 
 158      DB34BF37 
 158      703B3BEB 
 159 00e6 E34B5E17 		.ascii	"\343K^\027\240t\026\241g$$<\015\011\015\276bDmQ\352"
 159      A07416A1 
 159      6724243C 
 159      0D090DBE 
 159      62446D51 
 160 00fb 589F9875 		.ascii	"X\237\230u5k\250\264\306\376\324N\250\3316\363\266\324"
 160      356BA8B4 
 160      C6FED44E 
 160      A8D936F3 
 160      B6D4
 161 010d 617C7F33 		.ascii	"a|\1773\263\270K\033\025)\346\244\2175\214\266\256\254"
 161      B3B84B1B 
ARM GAS  /tmp/ccHojICv.s 			page 12


 161      1529E6A4 
 161      8F358CB6 
 161      AEAC
 162 011f 9A986484 		.ascii	"\232\230d\204$H\245\343\307\271'\220\210\236NL<KF\242"
 162      2448A5E3 
 162      C7B92790 
 162      889E4E4C 
 162      3C4B46A2 
 163 0133 FD844624 		.ascii	"\375\204F$\252|\370GI\340`F\210\261\317\026\307\240"
 163      AA7CF847 
 163      49E06046 
 163      88B1CF16 
 163      C7A0
 164 0145 E2822C4F 		.ascii	"\342\202,OAsq\330\374\346j\236:\370n\271\342\272u\350"
 164      417371D8 
 164      FCE66A9E 
 164      3AF86EB9 
 164      E2BA75E8 
 165 0159 8FED57CD 		.ascii	"\217\355W\315T\004\221\246\327\337v\276v\3270Sv.H\206"
 165      540491A6 
 165      D7DF76BE 
 165      76D73053 
 165      762E4886 
 166 016d 9CC4BC5C 		.ascii	"\234\304\274\\\324}\251\245\207\341\315\361t\266\356"
 166      D47DA9A5 
 166      87E1CDF1 
 166      74B6EE
 167 017c AA083985 		.ascii	"\252\0109\205\007\250a3z\0319\271z\255\331I\3319W-\007"
 167      07A86133 
 167      7A1939B9 
 167      7AADD949 
 167      D939572D 
 168 0191 FB42EEC2 		.ascii	"\373B\356\302\002\2622k\364h\017a\245\023j\241\0344"
 168      02B2326B 
 168      F4680F61 
 168      A5136AA1 
 168      1C34
 169 01a3 8F691F8A 		.ascii	"\217i\037\212\266e@\271\034ads9\333?X8S8~\312\226\206"
 169      B66540B9 
 169      1C616473 
 169      39DB3F58 
 169      3853387E 
 170 01ba EDE0E9B3 		.ascii	"\355\340\351\263\366\\\351\374\205a\233/\015\015\225"
 170      F65CE9FC 
 170      85619B2F 
 170      0D0D95
 171 01c9 8AF6E8C9 		.ascii	"\212\366\350\311\201\376\201K\266x\261\220\317\345\011"
 171      81FE814B 
 171      B678B190 
 171      CFE509
 172 01d8 C5BF674D 		.ascii	"\305\277gM\274K"
 172      BC4B
 173              		.text
 174              		.section	.gnu.lto_.symbol_nodes.4c16ea7c34173e50,"",%progbits
 175 0000 789C55C9 		.ascii	"x\234U\311\273\015\2000\000\003\321\213C$\006b%\346"
 175      BB0D8030 
 175      0003D18B 
ARM GAS  /tmp/ccHojICv.s 			page 13


 175      43240662 
 175      25E6
 176 0012 70466002 		.ascii	"pF`\002\224!h\370V\324\314\004\022\024\301\305\025\317"
 176      942168F8 
 176      56D4CC04 
 176      1214C1C5 
 176      15CF
 177 0024 11E8F9A6 		.ascii	"\021\350\371\246Y\206\341\002\233\261\264h\221\303\017"
 177      5986E102 
 177      9BB1B468 
 177      91C30F
 178 0033 565935A4 		.ascii	"VY5\244C\0249j{R\037a\227\233\027\310\271%*qN\0357\273"
 178      4314396A 
 178      7B521F61 
 178      979B17C8 
 178      B9252A71 
 179 004b 1E1BB4   		.ascii	"\036\033\264"
 180              		.text
 181              		.section	.gnu.lto_.refs.4c16ea7c34173e50,"",%progbits
 182 0000 789C6366 		.ascii	"x\234cf```c\200\000F&&f&\006\000\000\301\000\024"
 182      60606063 
 182      80004626 
 182      26662606 
 182      0000C100 
 183              		.text
 184              		.section	.gnu.lto_.decls.4c16ea7c34173e50,"",%progbits
 185 0000 789CBD57 		.ascii	"x\234\275WkPTG\026\236\276=\274\206\001\262\272\253"
 185      6B505447 
 185      169EBE3D 
 185      BC8601B2 
 185      BAAB
 186 0012 16956C8C 		.ascii	"\026\225l\214\331b\223\255\350\270Iv\223\255\375\021"
 186      D96293AD 
 186      E8B84976 
 186      93ADFD11 
 187 0022 099A95AD 		.ascii	"\011\232\225\2552a\207\304?\373\203\020$+U\010)\030"
 187      326187C4 
 187      3FFB8310 
 187      242B5508 
 187      2918
 188 0034 37FAEFE2 		.ascii	"7\372\357\342\020\035\024\020A\024Dp\024\020\344\375"
 188      101D1410 
 188      41144470 
 188      1410E4FD 
 189 0044 12057909 		.ascii	"\022\005y\011\212<\005\025\005Dp|\242\2102\002\012\010"
 189      8A3C0515 
 189      0544707C 
 189      A2883202 
 189      0A08
 190 0056 61F674F7 		.ascii	"a\366t\367\275\363\270\016l~l\355T\235;s\356\371\372"
 190      BDF3B80E 
 190      6C7E6CED 
 190      549D3B73 
 190      EEF9FA
 191 0069 F4774E77 		.ascii	"\364wNw\237>\203e2Y\003\222\311L\360)]!\223\205s2\231"
 191      9F3E8365 
 191      32590392 
ARM GAS  /tmp/ccHojICv.s 			page 14


 191      C94CF029 
 191      5D219385 
 192 0080 03BCF303 		.ascii	"\003\274\363\003\201\237\262\323 \2652\366!\357\233"
 192      819FB2D3 
 192      20B532F6 
 192      21EF9B
 193 008f 402E81B4 		.ascii	"@.\201\264\202\264\203t\203\300pY\217\314\366Cp\356"
 193      82B48374 
 193      83C07059 
 193      8FCCF643 
 193      70EE
 194 00a1 821FF2AD 		.ascii	"\202\037\362\255\024\374,\003y\007\344\357 \033A\006"
 194      14FC2C03 
 194      7907E4EF 
 194      201B4106 
 195 00b1 41BCC0C1 		.ascii	"A\274\300\301\357@\\@\206A\277\003\202\011\016\364\025"
 195      EF405C40 
 195      8641BF03 
 195      82090EF4 
 195      15
 196 00c2 20CB109B 		.ascii	" \313\020\233\243I\366\372\207pq\2633\217\365\034\242"
 196      A349F6FA 
 196      877071B3 
 196      338FF51C 
 196      A2
 197 00d3 7FD13799 		.ascii	"\177\3217\231gP\210o\025b\363 \301\227\364\323\272\200"
 197      6750886F 
 197      1562F320 
 197      C197F4D3 
 197      BA80
 198 00e5 7F12C7EF 		.ascii	"\177\022\307\357\021\313O\005\310e!\226\035\360\356"
 198      11CB4F05 
 198      C8652196 
 198      1DF0EE
 199 00f4 4790BF08 		.ascii	"G\220\277\010>\277Gl\236\326ErE\362\250X$\006)\177\342"
 199      3EBF476C 
 199      9ED64572 
 199      45F2A858 
 199      2406297F 
 200 0109 6385E0BF 		.ascii	"c\205\340\277\335\016\347\347\034j\311O\377\026s\010"
 200      DD0EE7E7 
 200      1C6AC94F 
 200      FF167308 
 201 0119 7ECAEF1D 		.ascii	"~\312\357\035-\251\364@^\236\236\212,\236\347u\374:"
 201      2DA9F440 
 201      5E9E9E8A 
 201      2C9EE775 
 201      FC3A
 202 012b 948F1428 		.ascii	"\224\217\024(\007a\253\021)\360~\3723b\200\237\316\364"
 202      0761AB11 
 202      29F07EFA 
 202      3362809F 
 202      CEF4
 203 013d 5BC7F3BB 		.ascii	"[\307\363\273xc\"\217W\310\320\007\236\350}O\031\312"
 203      7863228F 
 203      57C8D007 
 203      9EE87D4F 
ARM GAS  /tmp/ccHojICv.s 			page 15


 203      19CA
 204 014f 455ED424 		.ascii	"E^\324$Cy\310\023\235B\236d\246\273I\317c\034\024\002"
 204      4379C813 
 204      9D429E64 
 204      A6BB49CF 
 204      631C1402 
 205 0163 5AF7DFD0 		.ascii	"Z\367\337\320\273{w\367\342G\034rW<\"\344P\332\261\336"
 205      BB7B77F7 
 205      E2471C72 
 205      573C22E4 
 205      50DAB1DE 
 206 0177 676EA02B 		.ascii	"gn\240+\025o\021\265\252h\262\323\225\232W\022\265:"
 206      156F11B5 
 206      AA68B2D3 
 206      959A5712 
 206      B53A
 207 0189 B125C591 		.ascii	"\261%\305\221Z\345D-\253y\364\302\203\252o\022U\333"
 207      5AE5442D 
 207      AB79F4C2 
 207      83AA6F12 
 207      55DB
 208 019b 1FB5CB83 		.ascii	"\037\265\313\203\314\314\363\011Z\336\245\305\035\014"
 208      CCCCF309 
 208      5ADEA5C5 
 208      1D0C
 209 01a9 A818E62A 		.ascii	"\250\030\346*\201\271d\250\214\316\375\236'*eSw>\252"
 209      81B964A8 
 209      8CCEFD9E 
 209      272A6553 
 209      773EAA
 210 01bc 8F735C92 		.ascii	"\217s\\\222@\341<\277\022\3214\024\002\274\210\302\313"
 210      40E13CBF 
 210      12D13414 
 210      02BC88C2 
 210      CB
 211 01cd D1127110 		.ascii	"\321\022q\020A\027\344M\034\361\260F\027,\206\256\233"
 211      4117E44D 
 211      1CF1B046 
 211      172C86AE 
 211      9B
 212 01de 884A7150 		.ascii	"\210JqP\356%I\020\250T\240%V\\N#\262\246\364\033\320"
 212      EE254910 
 212      A854A025 
 212      565C4E23 
 212      B2A6F41B 
 213 01f3 F575D3CD 		.ascii	"\365u\323\315\012\354D\023\220\231r\247G\361A\036]\231"
 213      0AEC4413 
 213      909972A7 
 213      47F1411E 
 213      5D99
 214 0205 8606CEB2 		.ascii	"\206\006\316\262\202\261:C\253\002/\247\240\250\223"
 214      82B13A43 
 214      AB022FA7 
 214      A0A893
 215 0214 E7629D20 		.ascii	"\347b\235 \360w\024\324t;m&\313\205\252\344\324z\300"
 215      F07714D4 
 215      743B6D26 
ARM GAS  /tmp/ccHojICv.s 			page 16


 215      CB85AAE4 
 215      D47AC0
 216 0227 2BAEE521 		.ascii	"+\256\345!\237\351\216\274\350\022\033\333\022\233\337"
 216      9FE98EBC 
 216      E8121BDB 
 216      129BDF
 217 0236 E47939AA 		.ascii	"\344y9\252\001\312g\021Fg\320\007dr2\232|t\026\2322"
 217      01CA6711 
 217      4667D007 
 217      6472329A 
 217      7C74169A 
 218 024b 3347740E 		.ascii	"3Gt\016\226\353\035\005\305\242*xYM\263\306]\234\253"
 218      96EB1D05 
 218      C5A22A78 
 218      594DB3C6 
 218      5D9CAB
 219 025e 8B76400A 		.ascii	"\213v@\012/\373\203\352\354\014\242\024r\265\211\313"
 219      2FFB83EA 
 219      EC0CA214 
 219      72B589CB 
 220 026e 08855AA0 		.ascii	"\010\205Z\240Pi\241P\203\004\016\304\000\221\350\012"
 220      5069A150 
 220      83040EC4 
 220      0091E80A 
 221 027e 4B6A5CE4 		.ascii	"Kj\\\344\034\323\321?\351*\037\351.HS\232\337\325#\372"
 221      1CD3D13F 
 221      E92A1FE9 
 221      2E48539A 
 221      DFD523FA 
 222 0292 B270FF8B 		.ascii	"\262p\377\213\013\312\345\311\302Z\277!G~\313\254\322"
 222      0BCAE5C9 
 222      C25ABF21 
 222      477ECBAC 
 222      D2
 223 02a3 7B1E2D87 		.ascii	"{\036-\207g\003@i~\312z\3623\0248\222\246\256\244\247"
 223      67034069 
 223      7ECA7AF2 
 223      33143892 
 223      A6AEA4A7 
 224 02b7 3F0FAFCC 		.ascii	"?\017\257\314\340\365%\306\330\354\014\234\312\353w"
 224      E0F525C6 
 224      D8EC0C9C 
 224      CAEB77
 225 02c6 F1F32613 		.ascii	"\361\363&\023\242\203P\243\231\232\214\374f\324\232"
 225      A28350A3 
 225      999A8CFC 
 225      66D49A
 226 02d5 D0CA05A8 		.ascii	"\320\312\005\250\015\224\317?\363X\220\305E\312\342"
 226      0D94CF3F 
 226      F35890C5 
 226      45CAE2
 227 02e4 82C8A223 		.ascii	"\202\310\242#v\317E%.C\224Fm\373\371\227\016\224\206"
 227      76CF4525 
 227      2E439446 
 227      6DFBF997 
 227      0E9486
 228 02f7 FE48A663 		.ascii	"\376H\246c\013\337`2}F\006\240f+\006\315\"\203K\224"
ARM GAS  /tmp/ccHojICv.s 			page 17


 228      0BDF6032 
 228      7D4606A0 
 228      662B06CD 
 228      22834B94 
 229 030b C1C1B355 		.ascii	"\301\301\263UZ7|\2019(y\232\242ub\016\252\315\016H\010"
 229      5A377C81 
 229      3928799A 
 229      A275620E 
 229      AACD0E48 
 230 0320 2D560E5A 		.ascii	"-V\016ZD\007\255\324A\177,?-\307w\230\203\231\206\251"
 230      4407ADD4 
 230      417F2C3F 
 230      2DC77798 
 230      839986A9 
 231 0334 27828341 		.ascii	"'\202\203A\033\006mV\016\332D\007\355\324A\312\336\024"
 231      1B066D56 
 231      0EDA4407 
 231      EDD441CA 
 231      DE14
 232 0346 9DD2665B 		.ascii	"\235\322f[\223S`\211\270\203mk@\232~N\235@4[\360N\310"
 232      93536089 
 232      B8836D6B 
 232      409A7E4E 
 232      9D40345B 
 233 035d 9631367F 		.ascii	"\22616\177\304e\301l]\246\331\352\024\263U\234tg\334"
 233      C465C16C 
 233      5DA6D9EA 
 233      14B3559C 
 233      7467DC
 234 0370 198F33AE 		.ascii	"\031\2173\2569\247\037\224 \340j\340\215s\303\343\353"
 234      39A71F94 
 234      20E06AE0 
 234      8D73C3E3 
 234      EB
 235 0381 0E6813B2 		.ascii	"\016h\023\262x\203\311\3646\035\205\272\254\010w\211"
 235      7883C9F4 
 235      361D85BA 
 235      AC087789 
 236 0391 84BB29E1 		.ascii	"\204\273)\341\007\211\311F\214\323h\341C\332\321\374"
 236      0789C946 
 236      8CD368E1 
 236      43DAD1FC 
 237 03a1 57729CC5 		.ascii	"Wr\234\305\224\370\276\027\311\036o\227q\351P\336\340"
 237      94F8BE17 
 237      C91E6F97 
 237      71E950DE 
 237      E0
 238 03b2 6C9257D3 		.ascii	"l\222W\323\015\303\006\371\273\307\371n\2751\366\247"
 238      0DC306F9 
 238      BBC7F96E 
 238      BD31F6A7 
 239 03c2 B1155109 		.ascii	"\261\025Q\011\372]\011<\311\012=\274W`\026H\243\325"
 239      FA5D093C 
 239      C90A3DBC 
 239      57601648 
 239      A3D5
 240 03d4 99BF4AE6 		.ascii	"\231\277J\346B\327\020\320\350A\357Z\035\313e\354X\306"
ARM GAS  /tmp/ccHojICv.s 			page 18


 240      42D710D0 
 240      E841EF5A 
 240      1DCB65EC 
 240      58C6
 241 03e6 B71F398F 		.ascii	"\267\0379\217\251j\242S\036\276\322wF\216\273\331\374"
 241      A96AA253 
 241      1EBED277 
 241      468EBBD9 
 241      FC
 242 03f7 7B074E75 		.ascii	"{\007Nu8\341>\252p\211\367&\263\221x\250lk\354M8Q\313"
 242      38E13EAA 
 242      7089F726 
 242      B39178A8 
 242      6C6BEC4D 
 243 040e 8413751D 		.ascii	"\204\023u\035\246\276!\236\250\266W\006DNT?\254@\237"
 243      A6BE219E 
 243      A8B65706 
 243      444E543F 
 243      AC409F
 244 0421 E5442D53 		.ascii	"\345D-S\210\025\2033\364f\377\303\276\323[\0139\315"
 244      88158333 
 244      F466FFC3 
 244      BED35B0B 
 244      39CD
 245 0433 D5B6FF86 		.ascii	"\325\266\377\2068\035\000\247\275\026\247\375\310\354"
 245      381D00A7 
 245      BD16A7FD 
 245      C8EC
 246 0441 15DD888D 		.ascii	"\025\335\210\215:\214I\225\325\376\002\247h\220\036"
 246      3A8C4995 
 246      D5FE02A7 
 246      68901E
 247 0450 EBE17DFC 		.ascii	"\353\341}\374\244\234\226q\275\201F\337\325f\322\271"
 247      A49C9671 
 247      BD8146DF 
 247      D566D2B9 
 248 0460 D3CA1D4D 		.ascii	"\323\312\035MK\367\236\266\336~G|\227\245\346ic\326"
 248      4BF79EB6 
 248      DE7E477C 
 248      97A5E669 
 248      63D6
 249 0472 0E36C12F 		.ascii	"\0166\301/\252/0\342\\\307\251b\216\372\3479\353kC\311"
 249      AA2F30E2 
 249      5CC7A962 
 249      8EFAE739 
 249      EB6B43C9 
 250 0486 AE8DA94C 		.ascii	"\256\215\251L\303\023DU'\242\032\346\023\370E\356\211"
 250      C3134455 
 250      27A21AE6 
 250      13F845EE 
 250      89
 251 0497 07E23D71 		.ascii	"\007\342=q\2379//\233\352r\267T~\015=\377w\001~\217"
 251      9F392F2F 
 251      9BEA72B7 
 251      547E0D3D 
 251      FF77017E 
 252 04ac C21FD2CA 		.ascii	"\302\037\322\312\377@\254\374\261#\223s\016\326\350"
ARM GAS  /tmp/ccHojICv.s 			page 19


 252      FF40ACFC 
 252      B1239373 
 252      0ED6E8
 253 04bb 3B8BA187 		.ascii	";\213\241\207\362\252/\270\342Q\026w\363\343\272x%\213"
 253      F2AA2FB8 
 253      E2511677 
 253      F3E3BA78 
 253      258B
 254 04cd C2911EF1 		.ascii	"\302\221\036\361\372\374\030\027J\373[\242\336\352\276"
 254      FAFC1817 
 254      4AFB5BA2 
 254      DEEABE
 255 04dc 9ECF72B6 		.ascii	"\236\317r\266\234\250\363\367t\023\016\013G1*F\361\204"
 255      9CA8F3F7 
 255      74130E0B 
 255      47312A46 
 255      F184
 256 04ee 45515732 		.ascii	"EQW2\232\352(\215\3421\300G(\374)\3455*\362\312\352"
 256      9AEA288D 
 256      E231C047 
 256      28FC29E5 
 256      352AF2CA 
 257 0503 DB7F14E3 		.ascii	"\333\177\024\343\347\214\327\236\243\246\023nx\226)"
 257      E78CD79E 
 257      A3A6136E 
 257      789629
 258 0512 C9354713 		.ascii	"\3115G\023\031)\236\352\235\031\351g0\3461U.\\\031\310"
 258      19299EEA 
 258      9D19E967 
 258      30E63155 
 258      2E5C19C8 
 259 0526 67F7B39E 		.ascii	"g\367\263\236\352\272\213\323\335r\034\303\214\342\""
 259      EABA8BD3 
 259      DD721CC3 
 259      8CE222
 260 0535 2985457A 		.ascii	")\205EzX\330\234\351\216\343\231\261\271\363\312}\266"
 260      58D89CE9 
 260      8EE399B1 
 260      B9F3CA7D 
 260      B6
 261 0546 447A6A7C 		.ascii	"Dzj|\371\370\374I'\234\302\2143I1\311\314-\217iq\251"
 261      F9F8FC49 
 261      279CC28C 
 261      334931C9 
 261      CC2D8F69 
 262 055c 4C6975C3 		.ascii	"Liu\303\351\314\330\221\232\225\245d#\251q\240#aV\211"
 262      E9CCD891 
 262      9A95A564 
 262      23A971A0 
 262      23615689 
 263 0570 739871BF 		.ascii	"s\230q\277\361J\234\300\226\226\240\247\331s#l#\362"
 263      F14A9CC0 
 263      9696A0A7 
 263      D973236C 
 263      23F2
 264 0582 EE94D374 		.ascii	"\356\224\323te\016\313)\333\227\374\253CB\312?\241W"
 264      650ECB29 
ARM GAS  /tmp/ccHojICv.s 			page 20


 264      DB97FCAB 
 264      4342CA3F 
 264      A157
 265 0594 4FC3A16E 		.ascii	"O\303\241n\227\205s\314sB\216M,\307=\2273\016\276\266"
 265      978573CC 
 265      73428E4D 
 265      2CC73D97 
 265      330EBEB6 
 266 05a8 537E06F8 		.ascii	"S~\006\370<\205GqK\304A\004=;\177j\314\015\0270\242"
 266      3C854771 
 266      4BC44104 
 266      3D3B7F6A 
 266      CC0D1730 
 267 05bd D90D53FB 		.ascii	"\331\015S\373Xr\364\224hn}b\216@\324\203\2469\325P\301"
 267      5872F494 
 267      686E7D62 
 267      8E40D483 
 267      A639D550 
 268 05d2 881A293E 		.ascii	"\210\032)>\272W\327\345D\3651V!\237]+q^\230\351\036"
 268      BA57D7E5 
 268      44F53156 
 268      219F5D2B 
 268      715E98E9 
 269 05e7 91E96E8E 		.ascii	"\221\351n\2162\235\036:Sk\323\315\220\003\037\315y\242"
 269      329D1E3A 
 269      536BD3CD 
 269      90031FCD 
 269      79A2
 270 05f9 9F3802D7 		.ascii	"\2378\002\327Q\246{D\246\363u3\355Jk\364\340b\350c="
 270      51A67B44 
 270      A6F37533 
 270      ED4A6BF4 
 270      E062E863 
 271 060e CFD394B8 		.ascii	"\317\323\224\270\022\333\354i\245\260\247\215\372\263"
 271      12DBEC69 
 271      A5B0A78D 
 271      FAB3
 272 061c 775C585C 		.ascii	"w\\X\\\307)\300\224=\232\344L\001\011\277&\372\211]"
 272      C729C094 
 272      3D9AE44C 
 272      0109BF26 
 272      FA895D
 273 062f D5C3AC01 		.ascii	"\325\303\254\001\324:\020=\177\366\332\223E\266\371"
 273      D43A103D 
 273      7FF6DA93 
 273      45B6F9
 274 063e 7E31B078 		.ascii	"~1\260x\026X\334\315r\271t\005b\201i\034e\232@\231\356"
 274      1658DCCD 
 274      72B97405 
 274      6281691C 
 274      659A4099 
 275 0653 1799DEB8 		.ascii	"\027\231\336\270x\363\226\033\256bLs+\256\033\330\016"
 275      78F3961B 
 275      AE624C73 
 275      2BAE1BD8 
 275      0E
 276 0664 34D22A61 		.ascii	"4\322*a\234\236\273\352\202\233\230Q[04\243`a\220z\345"
ARM GAS  /tmp/ccHojICv.s 			page 21


 276      9C9EBBEA 
 276      829B9851 
 276      5B3034A3 
 276      6061907A 
 277 0679 3193BBEF 		.ascii	"1\223\273\357m\264J\374,%\017/=)\240)ce\376\211<\237"
 277      6DB44AFC 
 277      2C250F2F 
 277      3D29A029 
 277      6365FE89 
 278 068f B582CC85 		.ascii	"\265\202\314\205\016p\030epK\315\014P\"\245\361\007"
 278      0E701865 
 278      704BCD0C 
 278      5022A5F1 
 278      07
 279 06a0 78C8F47C 		.ascii	"x\310\364|t\224\376\354\352\226\265h\030n\227G\210!"
 279      7494FEEC 
 279      EA96B568 
 279      186E9747 
 279      8821
 280 06b2 C54A0121 		.ascii	"\305J\001!Y\001\265\372\216BG@\222Z\222$\3704\327\304"
 280      5901B5FA 
 280      8E424740 
 280      925A9224 
 280      F834D7C4 
 281 06c6 83129F75 		.ascii	"\203\022\237u\242\317)\251\317id\205\344y}\025A\302"
 281      A2CF29A9 
 281      CF696485 
 281      E4797D15 
 281      41C2
 282 06d8 C947CF04 		.ascii	"\311G\317\004\244X\017\204beA\326\212\310\027R\344K"
 282      A4580F84 
 282      626541D6 
 282      8AC81752 
 282      E44B
 283 06ea 09B25E44 		.ascii	"\011\262^D\316H\221\257$\310s\"\362\271\0249\216l#j"
 283      CE4891AF 
 283      24C87322 
 283      F2B91439 
 283      8E6C236A 
 284 06fe 11239A95 		.ascii	"\021#\232\225F4gA\036\020\026}\235F\206\206\300~\233"
 284      46346741 
 284      1E10167D 
 284      9D468686 
 284      C07E9B
 285 0711 9A081A6E 		.ascii	"\232\010\032n\013\224\311y\241C\334*\224\012r\002\344"
 285      0B94C979 
 285      A143DC2A 
 285      940A7202 
 285      E4
 286 0722 28881EE4 		.ascii	"(\210\036\344\010H\012H\032H:\3101\220\343 \311 \207"
 286      08480A48 
 286      1A483AC8 
 286      3190E320 
 286      C92087
 287 0735 B955F4D2 		.ascii	"\271U\364\322\243l[\011\0078\301h\227\220\177\361\\"
 287      A36C5B09 
 287      0738C168 
ARM GAS  /tmp/ccHojICv.s 			page 22


 287      97907FF1 
 287      5C
 288 0746 23AD24FF 		.ascii	"#\255$\3775\"\333\011)\333II\\m\253S\326\242\030\360"
 288      3522DB09 
 288      29DB4949 
 288      5C6DAB53 
 288      D6A218F0 
 289 075a B957F029 		.ascii	"\271W\360)\236)\264O\342\263Z\3649&\365i\264\370$7\270"
 289      9E29B44F 
 289      E2B35AF4 
 289      3926F569 
 289      B4F82437 
 290 076f A1A8D091 		.ascii	"\241\250\320\221G\004\"\023{\"s?0\372bn\326\035-\365"
 290      47042213 
 290      7B22733F 
 290      30FA626E 
 290      D61D2DF5 
 291 0783 B2972994 		.ascii	"\262\227)\224\015\011\372_$\213\222\350\214C\316(\013"
 291      0D09FA5F 
 291      248B92E8 
 291      8C43CE28 
 291      0B
 292 0794 BC192C3D 		.ascii	"\274\031,=\004\241$\366\020'\017\344\352\035m\372\310"
 292      04A124F6 
 292      10270FE4 
 292      EA1D6DFA 
 292      C8
 293 07a5 2CAB1D2D 		.ascii	",\253\035-C'9\366\367\010\276I\2057\2246q6h\322\365"
 293      432739F6 
 293      F708BE49 
 293      85379436 
 293      713668D2 
 294 07ba 59D03902 		.ascii	"Y\3209\002:\207\242k\206bFX\20518\223\271\332LIQ\016"
 294      3A87A26B 
 294      86624658 
 294      85313893 
 294      B9DA4C49 
 295 07d0 F4E8C6D2 		.ascii	"\364\350\306\322\243\\6\034\267\333\003G\313Y\027\246"
 295      A35C361C 
 295      B7DB0347 
 295      CB5917A6 
 296 07e0 6DCD5388 		.ascii	"m\315S\210\275\206\356\027\365\032\265]E\215\0368\216"
 296      BD86EE17 
 296      F51AB55D 
 296      458D1E38 
 296      8E
 297 07f1 8D6F9F6C 		.ascii	"\215o\237l(q\301ILy1\3268\350\214S\230\222\225|\250"
 297      2871C149 
 297      4C7931D6 
 297      38E88C53 
 297      9892957C 
 298 0806 804D4B59 		.ascii	"\200MKYTth\353\034q:\263U\304\234\356t\304\231\202\213"
 298      547468EB 
 298      1C713AB3 
 298      55C49CEE 
 298      74C49982 
 299 081b BBD313AC 		.ascii	"\273\323\023\254B\276A\031\035:\010m\177\016\263\211"
ARM GAS  /tmp/ccHojICv.s 			page 23


 299      42BE4119 
 299      1D3A086D 
 299      7F0EB389 
 300 082b 1D803BEB 		.ascii	"\035\200;\353\000\246~2\306\260*\244$\352pBn1\033\351"
 300      00A67E32 
 300      C6B02AA4 
 300      24EA7042 
 300      6E311BE9 
 301 083f 4AFF1C3F 		.ascii	"J\377\034?\3178\344\266p\245<#V\312JV)\323\273{\323"
 301      CF38E4B6 
 301      70A53C23 
 301      56CA4A56 
 301      29D3BB7B 
 302 0854 DCA45740 		.ascii	"\334\244W@\005l\300\323t\357\235\245\245\362\214X*\353"
 302      056CC0D3 
 302      74EF9DA5 
 302      A5F28C58 
 302      2AEB
 303 0866 6687AEBA 		.ascii	"f\207\256\272J\257\200\005\321\365\223\343&W\234\317"
 303      4AAF8005 
 303      D1F593E3 
 303      26579CCF 
 304 0876 82489DEA 		.ascii	"\202H\235\352hf\377\322W\020\265\273\271i\300\025\027"
 304      6866FFD2 
 304      5710B5BB 
 304      B969C015 
 304      17
 305 0887 339B8ED7 		.ascii	"3\233\216\327\026*\360i\246\344\336\275\234\310J\377"
 305      162AF069 
 305      A6E4DEBD 
 305      9CC84AFF 
 306 0897 7BB400DF 		.ascii	"{\264\000\337\177\222\346\206\253\231m\344Dn\237\022"
 306      7F92E686 
 306      AB996DE4 
 306      446E9F12 
 307 08a7 D733E5F6 		.ascii	"\3273\345\366\324\355Fv\371\255%\352\371]\351\225\256"
 307      D4ED4676 
 307      F9AD25EA 
 307      F95DE995 
 307      AE
 308 08b8 F802B30D 		.ascii	"\370\002\263\015\217&\216\311q\033S\242\032\012\257"
 308      8F268EC9 
 308      711B53A2 
 308      1A0AAF
 309 08c7 31E0A7F4 		.ascii	"1\340\247\364f\032?\261\333\031w1[Yfv%\313\355:\232"
 309      661A3FB1 
 309      DB197731 
 309      5B596676 
 309      25CBED3A 
 310 08dc F77DA526 		.ascii	"\367}\245&\247\205\263wI\314\336\3734yQ\351\331\006"
 310      A785B377 
 310      49CCDEFB 
 310      347951E9 
 310      D906
 311 08ee 2CA4432F 		.ascii	",\244C/\3363\315\220\216b\232\216\026\232\216Kb:Z\223"
 311      DE33CD90 
 311      8E629A8E 
ARM GAS  /tmp/ccHojICv.s 			page 24


 311      169A8E4B 
 311      623A5A93 
 312 0902 D2871DAD 		.ascii	"\322\207\035\255\321\371\334\"\350\252\306\336yW\334"
 312      D1F9DC22 
 312      E8AAC6DE 
 312      7957DC
 313 0911 63CB52C9 		.ascii	"c\313R\311X\316i\371r\027\334\307lU\245\0113\254'\330"
 313      58CE69F9 
 313      7217DCC7 
 313      6C55A509 
 313      33AC27D8 
 314 0925 48D4461D 		.ascii	"H\324F\035\177\\\211o\311m\3324w\241M\213/\312\232`"
 314      7F5C896F 
 314      C96DDA34 
 314      77A14D8B 
 314      2FCA9A60 
 315 0939 8B409BA4 		.ascii	"\213@\233\244\334\343\267:\360\302\321^\021\243\355"
 315      DCE3B73A 
 315      F0C2D15E 
 315      11A3ED
 316 0948 16F6CA93 		.ascii	"\026\366\312\223\356<\017\351\265\332\005\001\224\321"
 316      EE3C0FE9 
 316      B5DA0501 
 316      94D1
 317 0956 00AED200 		.ascii	"\000\256\322\000\256\210\001\354\235)\255\307\326h\022"
 317      AE8801EC 
 317      9D29ADC7 
 317      D66812
 318 0965 EE82E8B1 		.ascii	"\356\202\350\261\262\\h\027\014\302\352\325\215\362"
 318      B25C6817 
 318      0CC2EAD5 
 318      8DF2
 319 0973 AC0DF2B3 		.ascii	"\254\015\362\263\356'\335\205~2\271\375\354 ;\000\264"
 319      EE27DD85 
 319      7E32B9FD 
 319      EC203B00 
 319      B4
 320 0984 57C8BB5F 		.ascii	"W\310\273_\372h\221\246\247O\214\242\204\235\334\352"
 320      FA6891A6 
 320      A74F8CA2 
 320      849DDCEA 
 321 0994 13155BA4 		.ascii	"\023\025[\244A\334\000Z\275\224V?\245\325'\322z9\233"
 321      41DC005A 
 321      BD94563F 
 321      A5D527D2 
 321      7A399B
 322 09a7 3FFC5A10 		.ascii	"?\374Z\020\013\242Go4\355S\342\007,\210c\361e3\254]"
 322      0BA2476F 
 322      34ED53E2 
 322      072C8863 
 322      F16533AC 
 323 09bc FD81A8BB 		.ascii	"\375\201\250\273\017Gw\312\361\210p\364\353\313\307"
 323      0F4777CA 
 323      F18870F4 
 323      EBCBC7
 324 09cb D999D511 		.ascii	"\331\231\325\021}y\321\355\207\025\316\226Nb\225uO\341"
 324      7D79D1ED 
ARM GAS  /tmp/ccHojICv.s 			page 25


 324      8715CE96 
 324      4E629575 
 324      4FE1
 325 09dd 456E7E83 		.ascii	"En~\203\251\263M\311\013w\1779\334\023\343\326w?\313"
 325      A9B34DC9 
 325      0B777F39 
 325      DC13E3D6 
 325      773FCB
 326 09f0 683132F7 		.ascii	"h12\367\011\363\346>\241\324>\326\322Rd\024\213\320"
 326      09F3E63E 
 326      A1D43ED6 
 326      D2526414 
 326      8BD0
 327 0a02 41297448 		.ascii	"A)tH\002\2353{-\222B\213\255\241\007\243\364)*@\266"
 327      029D337B 
 327      2D92428B 
 327      ADA107A3 
 327      F4292A40 
 328 0a17 C29DD626 		.ascii	"\302\235\326& \305}\216\332%N\367\233\347\277(uz\301"
 328      20C57D8E 
 328      DA254EF7 
 328      9BE7BF28 
 328      757AC1
 329 0a2a 26AC835A 		.ascii	"&\254\203Z\375\021\212%KpY\212\355\264MA\224^\247\202"
 329      FD118A25 
 329      4B70598A 
 329      EDB44D41 
 329      945EA782 
 330 0a3e 5BB50A18 		.ascii	"[\265\012\030T\013P\261L\241s6\\\265\372W\205\242\327"
 330      540B50B1 
 330      4CA17336 
 330      5CB5FA57 
 330      85A2D7
 331 0a51 02A9D7F7 		.ascii	"\002\251\327\367l\221\251\346\371;\354\317o\011+\336"
 331      6C91A9E6 
 331      F93BECCF 
 331      6F092BDE 
 332 0a61 1C5693FD 		.ascii	"\034V\223\375\260,\320YsZ\013\355\316o\265\256{\315"
 332      B02CD059 
 332      735A0BED 
 332      CE6FB5AE 
 332      7BCD
 333 0a73 5E6BA5D0 		.ascii	"^k\245\320:k\257\320\251\244\223\025\200\375I\273:\202"
 333      3A6BAFD0 
 333      A9A49315 
 333      80FD49BB 
 333      3A82
 334 0a85 14772DBA 		.ascii	"\024w-\272e\233\326(\375Q\002\275\011\320\001N\002\035"
 334      659BD628 
 334      FD5102BD 
 334      09D0014E 
 334      021D
 335 0a97 41B6547F 		.ascii	"A\266T\1776S-\261\277\003\254\270\3563s\255\267\317"
 335      36532DB1 
 335      BF03ACB8 
 335      EE3373AD 
 335      B7CF
ARM GAS  /tmp/ccHojICv.s 			page 26


 336 0aa9 D50A1B67 		.ascii	"\325\012\033g\3066J\261\347\245\330X3\266\301>\366\265"
 336      C6364AB1 
 336      E7A5D858 
 336      33B6C13E 
 336      F6B5
 337 0abb 3E3017C2 		.ascii	">0\027\3029EM\343Bk\363\002Z\233ahWF@\356\202<\0031"
 337      39454DE3 
 337      426BF302 
 337      5A9B6168 
 337      574640EE 
 338 0ad3 80DC0679 		.ascii	"\200\334\006y\0102\011\362\004d\014\3449\210\021\344"
 338      083209F2 
 338      04640CE4 
 338      398811E4 
 339 0ae3 31C87D90 		.ascii	"1\310}\220{ \217@\036\200L\200<\005\031\005\271c\356"
 339      7B208F40 
 339      1E804C80 
 339      3C051905 
 339      B963EE
 340 0af6 1321A569 		.ascii	"\023!\245i$\245\327 \245=\002G\261\360\241\353\222\325"
 340      24A5D720 
 340      A53D0247 
 340      B1F0A1EB 
 340      92D5
 341 0b08 8F318753 		.ascii	"\2171\207S#\015\207\265\337,t\332PM\323\256n\334^W\027"
 341      230D87B5 
 341      DF2C74DA 
 341      504DD3AE 
 341      6EDC5E57 
 342 0b1d DD9FAE77 		.ascii	"\335\237\256wD^K)\356X\2703\232\002Oy\234\271\357\032"
 342      445E4B29 
 342      EE58B833 
 342      9A024F79 
 342      9CB9EF1A 
 343 0b31 17FB2E7B 		.ascii	"\027\373.{\211A/!\037\377\217\334@\351\2139x\275\302"
 343      89412F21 
 343      1FFF8FDC 
 343      40E98B39 
 343      78BDC2
 344 0b44 D5A68D9B 		.ascii	"\325\246\215\233\262i\372\246\2056\216|\313\203\266"
 344      B269FAA6 
 344      85368E7C 
 344      CB83B6
 345 0b53 0646386F 		.ascii	"\006F8o\017\011\323|\364a\200\306\361o_~\263\322G\246"
 345      0F09D37C 
 345      F46180C6 
 345      F16F5F7E 
 345      B3D247A6 
 346 0b67 080810DF 		.ascii	"\010\010\020\337\254Vm\217\214P\205\204\005\205n\337"
 346      AC566D8F 
 346      8C508584 
 346      05856EDF 
 347 0b77 12AC0A0B 		.ascii	"\022\254\012\013\37614\344;\325\266\300\240\255!a\301"
 347      FE3134E4 
 347      3BD5B6C0 
 347      A0AD2161 
 347      C1
ARM GAS  /tmp/ccHojICv.s 			page 27


 348 0b88 AA802DC1 		.ascii	"\252\200-\301\337\007n\017\325\004hv\376\020\034\271"
 348      DF076E0F 
 348      D5046876 
 348      FE101CB9 
 349 0b98 66AB6C95 		.ascii	"f\253l\225=t\344\316HU@\244f\013x\004\310\033a\377\016"
 349      3D74E4CE 
 349      485540A4 
 349      660B7804 
 349      C81B61FF 
 350 0bad 09DA1016 		.ascii	"\011\332\020\026\370]h\360\346\340 Mx\304\3525kT>[C"
 350      F85D68F0 
 350      E6E0204D 
 350      78C4EA35 
 350      6B543E5B 
 351 0bc2 BE0BF9CA 		.ascii	"\276\013\371\312_\025\036\251\332\032\030\252\372!<"
 351      5F151EA9 
 351      DA1A18AA 
 351      FA213C
 352 0bd1 4213A90A 		.ascii	"B\023\251\012\012\337\266-<L\345\255\336\344\263i\207"
 352      0ADFB62D 
 352      3C4CE5AD 
 352      DEE4B369 
 352      87
 353 0be2 8A0C5B13 		.ascii	"\212\014[\023$\373\025\371^\037\022i\031\377&y\343\037"
 353      24FB15F9 
 353      5E1F1269 
 353      19FF2679 
 353      E31F
 354 0bf4 ACF1DF19 		.ascii	"\254\361\337\031\251\011\336\26610lKhp\204_DHxD\210"
 354      A909DEB6 
 354      31306C4B 
 354      6870845F 
 354      44487844 
 355 0c09 66279DCD 		.ascii	"f'\235\315'480\302/8\014\030\374\313%h+\0007\006\206"
 355      27343830 
 355      C22F380C 
 355      18FCCB25 
 355      682B0037 
 356 0c1f 6A7E6B3B 		.ascii	"j~k;o\204\306\314;h+\360t\016\010\370~{XP@\200\233\370"
 356      6F84C6CC 
 356      3B682BF0 
 356      740E08F8 
 356      7E7B5850 
 357 0c37 63CD279F 		.ascii	"c\315'\237|\370\347\267\026\233M\346D\322\366i\200\306"
 357      7CF8E7B7 
 357      169B4DE6 
 357      44D2F669 
 357      80C6
 358 0c49 852590FC 		.ascii	"\205%\220\374\372r\263\257O\300\327\220\037\271\257"
 358      FA72B3AF 
 358      4FC0D790 
 358      1FB9AF
 359 0c58 FF06B58B 		.ascii	"\377\006\265\213z\003<7oX\277V\356\353\263A\355\254"
 359      7A033C37 
 359      6F58BF56 
 359      EEEBB341 
 359      EDAC
ARM GAS  /tmp/ccHojICv.s 			page 28


 360 0c6a 66DA1FC1 		.ascii	"f\332\037\301\350g1~\010F+\365#\271\257\367\347\026"
 360      E867317E 
 360      08462BF5 
 360      23B9AFF7 
 360      E716
 361 0c7c F563CED7 		.ascii	"\365c\316\327\317\254\374I\356\377\265\257\372\257\266"
 361      CFACFC49 
 361      EEFFB5AF 
 361      FAAFB6
 362 0c8b B108990B 		.ascii	"\261\010\231\013\336\241!\331S\371l\362\367\365W\371"
 362      DEA121D9 
 362      53F96CF2 
 362      F7F557F9 
 363 0c9b 844704AB 		.ascii	"\204G\004\253|\305\020A\011\010\332\3661\011\324\337"
 363      7CC51041 
 363      0908DAF6 
 363      3109D4DF 
 364 0cab E7734AD0 		.ascii	"\347sJ\320\301\307\357\033\337\3650\265\277Z\276\371"
 364      C1C7EF1B 
 364      DFF530B5 
 364      BF5ABEF9 
 365 0cbb EBAFD40E 		.ascii	"\353\257\324\016\336\276j\0375\366\007\361!\337\033"
 365      DEBE6A1F 
 365      35F607F1 
 365      21DF1B
 366 0cca FD1CFC37 		.ascii	"\375\034\3747\022\243\317\027\360\330H\036\353\341\341"
 366      12A3CF17 
 366      F0D8481E 
 366      EBE1E1
 367 0cd9 B069D317 		.ascii	"\260i\323\027\336j\371\347\344\341\015:\366\373B\215"
 367      DE6AF9E7 
 367      E4E10D3A 
 367      F6FB428D 
 368 0ce9 D78378AF 		.ascii	"\327\203x\257W\313\301\246\206\330\274\325\340\334\333"
 368      57CBC1A6 
 368      86D8BCD5 
 368      E0DCDB
 369 0cf8 47FD1F9B 		.ascii	"G\375\037\233_\377\203"
 369      5FFF83
 370              		.text
 371              		.section	.gnu.lto_.symtab.4c16ea7c34173e50,"",%progbits
 372 0000 6E766963 		.ascii	"nvicEnableVector\000\000\000\000\000\000\000\000\000"
 372      456E6162 
 372      6C655665 
 372      63746F72 
 372      00000000 
 373 0019 000000C3 		.ascii	"\000\000\000\303\000\000\000nvicDisableVector\000\000"
 373      0000006E 
 373      76696344 
 373      69736162 
 373      6C655665 
 374 0033 00000000 		.ascii	"\000\000\000\000\000\000\000\000\000\000\307\000\000"
 374      00000000 
 374      0000C700 
 374      00
 375 0040 006E7669 		.ascii	"\000nvicSetSystemHandlerPriority\000\000\000\000\000"
 375      63536574 
ARM GAS  /tmp/ccHojICv.s 			page 29


 375      53797374 
 375      656D4861 
 375      6E646C65 
 376 0062 00000000 		.ascii	"\000\000\000\000\000\000\000\311\000\000\000nvicCle"
 376      000000C9 
 376      0000006E 
 376      76696343 
 376      6C65
 377 0074 61725065 		.ascii	"arPending\000\000\000\000\000\000\000\000\000\000\000"
 377      6E64696E 
 377      67000000 
 377      00000000 
 377      00000000 
 378 0088 00CB0000 		.ascii	"\000\313\000\000\000chSysHalt\000\000\002\000\000\000"
 378      00636853 
 378      79734861 
 378      6C740000 
 378      02000000 
 379 009c 00000000 		.ascii	"\000\000\000\000\000\000\320\000\000\000"
 379      0000D000 
 379      0000
 380              		.text
 381              		.section	.gnu.lto_.opts,"",%progbits
 382 0000 272D666E 		.ascii	"'-fno-trapv' '-mcpu=cortex-m4' '-mfloat-abi=hard' '"
 382      6F2D7472 
 382      61707627 
 382      20272D6D 
 382      6370753D 
 383 0033 2D6D6670 		.ascii	"-mfpu=fpv4-sp-d16' '-mno-thumb-interwork' '-mthumb'"
 383      753D6670 
 383      76342D73 
 383      702D6431 
 383      36272027 
 384 0066 20272D67 		.ascii	" '-ggdb' '-O2' '-fomit-frame-pointer' '-falign-func"
 384      67646227 
 384      20272D4F 
 384      32272027 
 384      2D666F6D 
 385 0099 74696F6E 		.ascii	"tions=16' '-ffunction-sections' '-fdata-sections' '"
 385      733D3136 
 385      2720272D 
 385      6666756E 
 385      6374696F 
 386 00cc 2D666E6F 		.ascii	"-fno-common' '-flto'\000"
 386      2D636F6D 
 386      6D6F6E27 
 386      20272D66 
 386      6C746F27 
 387              		.text
 388              		.comm	__gnu_lto_v1,1,1
 389              		.comm	__gnu_lto_slim,1,1
 390              		.ident	"GCC: (15:4.9.3+svn231177-1) 4.9.3 20150529 (prerelease)"
ARM GAS  /tmp/ccHojICv.s 			page 30


DEFINED SYMBOLS
                            *ABS*:0000000000000000 nvic.c
                            *COM*:0000000000000001 __gnu_lto_v1
                            *COM*:0000000000000001 __gnu_lto_slim

NO UNDEFINED SYMBOLS
