ARM GAS  /tmp/ccmBcoBw.s 			page 1


   1              		.syntax unified
   2              		.cpu cortex-m4
   3              		.eabi_attribute 27, 1
   4              		.eabi_attribute 28, 1
   5              		.fpu fpv4-sp-d16
   6              		.eabi_attribute 20, 1
   7              		.eabi_attribute 21, 1
   8              		.eabi_attribute 23, 3
   9              		.eabi_attribute 24, 1
  10              		.eabi_attribute 25, 1
  11              		.eabi_attribute 26, 1
  12              		.eabi_attribute 30, 2
  13              		.eabi_attribute 34, 1
  14              		.eabi_attribute 18, 4
  15              		.thumb
  16              		.file	"stm32_isr.c"
  17              		.text
  18              	.Ltext0:
  19              		.section	.gnu.lto_.profile.290f1cb12e26e0f8,"",%progbits
  20 0000 789C6366 		.ascii	"x\234cf```e\200\000F\206\245\214\252\000\002\240\000"
  20      60606065 
  20      80004686 
  20      A58CAA00 
  20      02A000
  21 0013 D5       		.ascii	"\325"
  22              		.text
  23              		.section	.gnu.lto_.jmpfuncs.290f1cb12e26e0f8,"",%progbits
  24 0000 789C6366 		.ascii	"x\234cf\300\016\376Bi&\020f\372\310\304\270\367\376"
  24      C00EFE42 
  24      69261066 
  24      FAC8C4B8 
  24      F7FE
  25 0012 ED87CC2F 		.ascii	"\355\207\314/\230~21h00.g\224b\000\011~\376\367y/\023"
  25      987E3231 
  25      6830302E 
  25      67946200 
  25      097EFEF7 
  26 0029 58908D81 		.ascii	"X\220\215\201q\005H\020$:\347\374\227\007\034`Qq\006"
  26      71054810 
  26      243AE7FC 
  26      97071C60 
  26      517106
  27 003c C6952051 		.ascii	"\306\225 Q\204\\\323\351#\227!:\270\030\030W\241\312"
  27      845CD3E9 
  27      2397213A 
  27      B8181857 
  27      A1CA
  28 004e 7D59F3EB 		.ascii	"}Y\363\35327X\216\223\201q5\252\334\215\205o\246\361"
  28      3237588E 
  28      93817135 
  28      AADC8D85 
  28      6FA6F1
  29 0061 82E53818 		.ascii	"\202\3458\030\030\327\240\312}\377s\274\225\037,\307"
  29      18D7A0CA 
  29      7DFF73BC 
  29      951F2CC7 
  30 0071 CEC0B816 		.ascii	"\316\300\270\026I\016B\201IF\006\006F&\260\273\201\324"
ARM GAS  /tmp/ccmBcoBw.s 			page 2


  30      490E4281 
  30      49460606 
  30      4626B0BB 
  30      81D4
  31 0083 4A08B50A 		.ascii	"J\010\265\012B\255\206Pk \324Z\010\005\322\303\000\000"
  31      42AD8650 
  31      6B20D45A 
  31      0805D2C3 
  31      0000
  32 0095 D03D3CC2 		.ascii	"\320=<\302"
  33              		.text
  34              		.section	.gnu.lto_.inline.290f1cb12e26e0f8,"",%progbits
  35 0000 789C6366 		.ascii	"x\234cf\300\016\232\2414\023\003\203\3045\006F\020\315"
  35      C00E9AA1 
  35      34130383 
  35      C4350646 
  35      10CD
  36 0012 C0B6401E 		.ascii	"\300\266@\036D10\363\200\305\211\247\030\031\004\317"
  36      443130F3 
  36      80C589A7 
  36      181904CF 
  37 0022 A399C1C4 		.ascii	"\243\231\301\304\015\022&\206d\000\000\253\306\004\305"
  37      0D122686 
  37      640000AB 
  37      C604C5
  38              		.text
  39              		.section	.gnu.lto_.pureconst.290f1cb12e26e0f8,"",%progbits
  40 0000 789C6366 		.ascii	"x\234cf```e\200\000&\006\011F\011\000\000\361\000<"
  40      60606065 
  40      80002606 
  40      09460900 
  40      00F1003C 
  41              		.text
  42              		.section	.gnu.lto_irqInit.290f1cb12e26e0f8,"",%progbits
  43 0000 789C7DD1 		.ascii	"x\234}\321\275KBQ\024\000\360s\316\013{%a\264$\375\003"
  43      BD4B4251 
  43      1400F073 
  43      CE0B7B25 
  43      61B424FD 
  44 0015 35F940A3 		.ascii	"5\371@\243\265!h\213\006\333\243Z\022\012C\035\\\304"
  44      B521688B 
  44      06DBA35A 
  44      120A431D 
  44      5CC4
  45 0027 A7283485 		.ascii	"\247(4\205\223ID\020\021}h\332wK\302\033\202\206 \007"
  45      93494410 
  45      117D68DA 
  45      774BC21B 
  45      82862007 
  46 003b 8782A20F 		.ascii	"\207\202\242\017((hH\236\020/+\273\367\335!\036\301"
  46      28286848 
  46      9E102F2B 
  46      BBF7DD21 
  46      1EC1
  47 004d BB70EEB9 		.ascii	"\273p\356\271p\316\371\015\367H\360\377\364\260\030"
  47      70CEF90D 
  47      F748F0FF 
ARM GAS  /tmp/ccmBcoBw.s 			page 3


  47      F4B018
  48 005c 24800196 		.ascii	"$\200\001\226Q\002\244\314%@B&D\376\000\2048a\034_\251"
  48      5102A4CC 
  48      25404226 
  48      44FE0084 
  48      38611C5F 
  49 0071 4698D1F2 		.ascii	"F\230\321\3629g\357\272\252\252\357I\303\235v\033lL"
  49      3967EFBA 
  49      AAAAEF49 
  49      C39D761B 
  49      6C4C
  50 0083 27C1E006 		.ascii	"'\301\340\006\366\002\353\251\245\276\257\234\216\024"
  50      F602EBA9 
  50      A5BEAF9C 
  50      8E14
  51 0091 EBE91435 		.ascii	"\353\351\0245\334D\007\262\\\352\322\324fs-{\332hi\003"
  51      DC4407B2 
  51      5CEAD2D4 
  51      66732D7B 
  51      DA686903 
  52 00a5 786225EE 		.ascii	"xb%\356?\023\361,\335bZ[\254 o\346\312Ju\241H\261\206"
  52      3F13F12C 
  52      DD625A5B 
  52      AC206FE6 
  52      CA4A75A1 
  53 00bc 3AAFCA06 		.ascii	":\257\312\006\241N\014\300-\214\361\222\376\243\227"
  53      A14E0CC0 
  53      2D8CF192 
  53      FEA397
  54 00cb E9850C22 		.ascii	"\351\205\014\"\007\3406\366\3600H\002.\344\\v@^\000"
  54      07E036F6 
  54      F0304802 
  54      2EE45C76 
  54      405E00
  55 00de 1F5FE769 		.ascii	"\037_\347i\227\011\264\002\026\254\300\222-\260#\200"
  55      9709B402 
  55      16ACC092 
  55      2DB02380 
  56 00ee EBD5B76C 		.ascii	"\353\325\267l\207\011\310\200E+\260l\013\224\004P/|"
  56      8709C880 
  56      452BB06C 
  56      0B940450 
  56      2F7C
  57 0100 569D26D0 		.ascii	"V\235&\320\006\270k\005Vl\201=\001$/\316\252\342\017"
  57      06B86B05 
  57      566C813D 
  57      01242FCE 
  57      AAE20F
  58 0113 DA01F7AD 		.ascii	"\332\001\367\255\300\256-p \200\345J\375A6\201n\300"
  58      C0AE2D70 
  58      2080E54A 
  58      FD413681 
  58      6EC0
  59 0125 432BB06F 		.ascii	"C+\260o\013\034\011\240|\177\363(\231@\037\340\361\037"
  59      0B1C09A0 
  59      7C7FF328 
  59      99401FE0 
ARM GAS  /tmp/ccmBcoBw.s 			page 4


  59      F11F
  60 0137 708709ED 		.ascii	"p\207\011\355d\324\004\200o\031\371v\331\256\373=\036"
  60      64D40480 
  60      6F19F976 
  60      D9AEFB3D 
  60      1E
  61 0148 65683A30 		.ascii	"eh:0\031\030\365+\301\2602=1\243\314\005C\221\260\342"
  61      1918F52B 
  61      C1B0323D 
  61      31A3CC05 
  61      4391B0E2 
  62 015c 1F1BF179 		.ascii	"\037\033\361y\305=\354\213F\225pd\326\347\035\017\204"
  62      C53DEC8B 
  62      46957064 
  62      D6E71D0F 
  62      84
  63 016d 439E29F8 		.ascii	"C\236)\370\005\267\017\327\""
  63      05B70FD7 
  63      22
  64              		.text
  65              		.section	.gnu.lto_irqDeinit.290f1cb12e26e0f8,"",%progbits
  66 0000 789C7DD1 		.ascii	"x\234}\321\277KBQ\024\007\360s\316\013{&a\264$\256\015"
  66      BF4B4251 
  66      1407F073 
  66      CE0B7B26 
  66      61B424AE 
  67 0015 36F940A3 		.ascii	"6\371@\243\177 h\013\007\333\243Z\024\012C\035\\\304"
  67      7F20680B 
  67      07DBA35A 
  67      140A431D 
  67      5CC4
  68 0027 67283485 		.ascii	"g(4\205S5DP\021\375\320\264\337\233\340\0204\00498\024"
  68      53354450 
  68      11FDD0B4 
  68      DF9BE010 
  68      34043938 
  69 003c 28565050 		.ascii	"(VPP\320\240)\205\231\331\275\357\016o\010\336\205w"
  69      D0A02985 
  69      99D9BDEF 
  69      0E6F08DE 
  69      8577
  70 004e CF83733E 		.ascii	"\317\203s>_\270\034\011\376\037;\373\206\011`\214U\224"
  70      5FB81C09 
  70      FE1F3BFB 
  70      8609608C 
  70      5594
  71 0060 0029750B 		.ascii	"\000)u\013\020\227\011\221\377\000B\2140\206oT'L\025"
  71      10970991 
  71      FF00428C 
  71      30866F54 
  71      274C15
  72 0073 D2EB16C7 		.ascii	"\322\353\026\307\256\252\252\265\355\216-ik1\326 \021"
  72      AEAAAAB5 
  72      ED8E2D69 
  72      6B31D620 
  72      11
  73 0084 837BE800 		.ascii	"\203{\350\0006SOt\356,\246\004\233\031\020=\334G\023"
ARM GAS  /tmp/ccmBcoBw.s 			page 5


  73      36534F74 
  73      EE2CA604 
  73      9B19103D 
  73      DC4713
  74 0097 B29A1B2C 		.ascii	"\262\232\033,\250\335\356\316Z\245\333c\006xf-\236\377"
  74      A8DDEECE 
  74      5AA5DB63 
  74      0678662D 
  74      9EFF
  75 00a9 42C4AB54 		.ascii	"B\304\253T\301D\241\\D>\314S6K+Y\212\266\325eUn\021"
  75      C144A15C 
  75      443ECC53 
  75      364B2B59 
  75      8AB6D565 
  76 00c0 368805E0 		.ascii	"6\210\005\340\001Fy\253\361\333\310\323+\265\210L\200"
  76      014679AB 
  76      F1DBC8D3 
  76      2BB5884C 
  76      80
  77 00d1 87686F91 		.ascii	"\207ho\221\004\\W\254F8-\360\327\317u\322\252\341^\300"
  77      045C57AC 
  77      46382DF0 
  77      D7CF75D2 
  77      AAE15EC0 
  78 00e5 8C8EAB86 		.ascii	"\214\216\253\206\370H\340\373\255\367\325~\015\313\200"
  78      F848E0FB 
  78      ADF7D57E 
  78      0DCB80
  79 00f4 591DD70C 		.ascii	"Y\035\327\014qN\340f\346\273d\321\260\031\360X\307\037"
  79      714EE066 
  79      E6BB64D1 
  79      B019F058 
  79      C71F
  80 0106 86F844E0 		.ascii	"\206\370D\340\245\233\253\222xs\037\340\251\216\233"
  80      A59BAB92 
  80      78731FE0 
  80      A98E9B
  81 0115 86F84CE0 		.ascii	"\206\370L\340\215b\363Q\326\360\020\340\271\216?\015"
  81      8D62F351 
  81      D6F010E0 
  81      B98E3F0D 
  82 0125 F185C0F9 		.ascii	"\361\205\300\371\207\362\223\244\341\021\300K\201\253"
  82      87F293A4 
  82      E111C04B 
  82      81AB
  83 0133 182FB43D 		.ascii	"\030/\264=\032\006\276I\344\033d\373\034u:\225q\237"
  83      1A06BE49 
  83      E41B64FB 
  83      1C753A95 
  83      719F
  84 0145 7FD6EFF1 		.ascii	"\177\326\357\361*\201\220\342\233\231W\026\003\301p"
  84      2A8190E2 
  84      9B995716 
  84      03C170
  85 0154 48F14E4D 		.ascii	"H\361NM\272]\342\236pG\"J(\274\340vM\373CA\347\034\374"
  85      BA5DE29E 
  85      7047224A 
ARM GAS  /tmp/ccmBcoBw.s 			page 6


  85      28BCE076 
  85      4DFB4341 
  86 016b 014F0FD4 		.ascii	"\001O\017\324\036"
  86      1E
  87              		.text
  88              		.section	.gnu.lto_.symbol_nodes.290f1cb12e26e0f8,"",%progbits
  89 0000 789C4DCB 		.ascii	"x\234M\313\273\015\2000\014\004\320\213\323\260\265"
  89      BB0D8030 
  89      0C04D08B 
  89      D3B0B5
  90 000f 53640026 		.ascii	"Sd\000&@\024\031\201\206O\351\232\031@\312\034\210\204"
  90      40141981 
  90      864FE99A 
  90      1940CA1C 
  90      8884
  91 0021 1C52DC3C 		.ascii	"\034R\334<\337Y\366\000\026pd\025\005\306\023P\3054"
  91      DF59F600 
  91      16706415 
  91      05C61350 
  91      C534
  92 0033 0F904DD4 		.ascii	"\017\220M\324\365\205\333E\245\025\010\241\344C\324"
  92      F585DB45 
  92      A51508A1 
  92      E443D4
  93 0042 77D94390 		.ascii	"w\331C\220\256\307U\215f\032\357f\242Fs\265l\337_\321"
  93      AEC7558D 
  93      661AEF66 
  93      A24673B5 
  93      6CDF5FD1 
  94 0056 68A6F1BF 		.ascii	"h\246\361\277S\243\365\017/\353\2157\206"
  94      53A3F50F 
  94      2FEB8D37 
  94      86
  95              		.text
  96              		.section	.gnu.lto_.refs.290f1cb12e26e0f8,"",%progbits
  97 0000 789C6366 		.ascii	"x\234cf```d\200\002\000\000=\000\005"
  97      60606064 
  97      80020000 
  97      3D0005
  98              		.text
  99              		.section	.gnu.lto_.decls.290f1cb12e26e0f8,"",%progbits
 100 0000 789C7592 		.ascii	"x\234u\222]H\024Q\024\307\357\335Y\265\235\006\265\036"
 100      5D481451 
 100      14C7EFDD 
 100      59B59D06 
 100      B51E
 101 0012 142468EB 		.ascii	"\024$h\353\301'\335!\355\275B+z\260$\263\227\036\026"
 101      C127DD21 
 101      EDBD422B 
 101      7AB024B3 
 101      971E16
 102 0025 5D271C58 		.ascii	"]'\034Xgmg,}\273\272Q\022V*\010~\224\011J~\233\371\261"
 102      676D672C 
 102      7DBBBA51 
 102      12562A08 
 102      7E94094A 
 103 003d A6EBEA0A 		.ascii	"\246\353\352\012i\033\024\004)\026=\244=TD\210\205}"
ARM GAS  /tmp/ccmBcoBw.s 			page 7


 103      691B1404 
 103      29163DA4 
 103      3D544488 
 103      857D
 104 004f 51399D7B 		.ascii	"Q9\235{w\326]\311\275p\346\336{\356\371\377\357\357"
 104      77D65DC9 
 104      BD70E6DE 
 104      7BEEF9FF 
 104      EFEF
 105 0061 1E864308 		.ascii	"\036\206C\010\365@\3500\0129\204\3420B0\241|\010X\242"
 105      F540E830 
 105      0A3984E2 
 105      304230A1 
 105      7C0858A2 
 106 0075 61141A66 		.ascii	"a\024\032f\2101\010/\204\017b\026\375?\306\214:\252"
 106      8831082F 
 106      840F6216 
 106      FD3FC68C 
 106      3AAA
 107 0087 0D18DA49 		.ascii	"\015\030\332I\343\314d\234\373v\320y\243ts\206\316\037"
 107      E3CC649C 
 107      FB76D079 
 107      A3747386 
 107      CE1F
 108 0099 A5F3C6B8 		.ascii	"\245\363\306\270\357\213\011O\016m<\337\375\321\204"
 108      EF8B094F 
 108      0E6D3CDF 
 108      FDD184
 109 00a8 13792BDD 		.ascii	"\023y+\335N5\006\233\343a+\360f\272\235\235\371\271"
 109      4E35069B 
 109      E3612BF0 
 109      66BA9D9D 
 109      F9B9
 110 00ba C073264C 		.ascii	"\300s&L\327\235\315\253\213|F\037!\244\226\004^\341"
 110      D79DCDAB 
 110      8B7C461F 
 110      21A49604 
 110      5EE1
 111 00cc 88455DED 		.ascii	"\210E]\355\312S\236\333\313\212\252\357\373\352\022"
 111      CA539EDB 
 111      CB8AAAEF 
 111      FBEA12
 112 00db 407F8067 		.ascii	"@\177\200gGo\333~uY\330\226\266'\011R\246\340{\322\231"
 112      476FDB7E 
 112      7559D896 
 112      B6270952 
 112      A6E07BD2 
 113 00f0 88D3F92E 		.ascii	"\210\323\371.0Z\3677.\354#\304\214\037`\036\367c\016"
 113      305AF737 
 113      2EEC23C4 
 113      8C1F601E 
 113      F7630E
 114 0103 F7E10CDA 		.ascii	"\367\341\014\3326\252\246\243\226\220\032R\357!\226"
 114      36AAA6A3 
 114      96901A52 
 114      EF2196
 115 0112 6022C2DD 		.ascii	"`\"\302\3358\015\367\3404\204\207p:T\260Z<\000\311A"
ARM GAS  /tmp/ccmBcoBw.s 			page 8


 115      380DF7E0 
 115      34848770 
 115      3A54B05A 
 115      3C00C941 
 116 0126 4882F1FC 		.ascii	"H\202\361\374\237\231\253q\230O\337Y\364p\007\021Ch"
 116      9F99AB71 
 116      984FDF59 
 116      F4700711 
 116      4368
 117 0138 F334A650 		.ascii	"\3634\246P\204a@\350\215 \000Q\210\201\036\300K|\277"
 117      846140E8 
 117      8D200051 
 117      88811EC0 
 117      4B7CBF
 118 014b DF2D9A53 		.ascii	"\337-\232S\233@A\275\223\3158?e\313\034\341\021\234"
 118      9B4041BD 
 118      93CD383F 
 118      65CB1CE1 
 118      119C
 119 015d 0ADF0BE6 		.ascii	"\012\337\013\346PCz\373<\272\211SXC\226\226\273&\022"
 119      50437AFB 
 119      3CBA8953 
 119      58439696 
 119      BB2612
 120 0170 ACEDA463 		.ascii	"\254\355\244cx}\315\363\365P\013\351\250!\233\272\216"
 120      787DCDF3 
 120      F5500BE9 
 120      A8219BBA 
 120      8E
 121 0181 99068F6E 		.ascii	"\231\006\217n]\210\350:t\341\030\266\202p\263\365\365"
 121      5D88E83A 
 121      74E118B6 
 121      8270B3F5 
 121      F5
 122 0192 AA99EBC7 		.ascii	"\252\231\353\307\314\245\361{\313\017\201\271t|\352"
 122      CCA5F17B 
 122      CB0F81B9 
 122      747CEA
 123 01a1 8E0F9280 		.ascii	"\216\017\222\200\256\037a\006\343Q\006\343a\003/3\250"
 123      AE1F6106 
 123      E35106E3 
 123      61032F33 
 123      A8
 124 01b2 1D1C9EB6 		.ascii	"\035\034\236\266\230M\241\027P6\310\265\276\030h\023"
 124      984DA117 
 124      5036C8B5 
 124      BE186813 
 125 01c2 B6721398 		.ascii	"\266r\023\230%\007o\177{,\304|\332${\332#l\274md\261"
 125      25076F7F 
 125      7B2CC47C 
 125      DA247BDA 
 125      236CBC6D 
 126 01d8 BF9DE7C6 		.ascii	"\277\235\347\306CX\213\263\325=\361\200\265B\326o=\371"
 126      43588BB3 
 126      D53DF180 
 126      B542D66F 
 126      3DF9
ARM GAS  /tmp/ccmBcoBw.s 			page 9


 127 01ea 70B4C153 		.ascii	"p\264\301S\337EVt}?S\341\251(\266\2510\233/&\333\233"
 127      DF455674 
 127      7D3F53E1 
 127      A928B6A9 
 127      309B2F26 
 128 0200 D1CDB5A4 		.ascii	"\321\315\265\244\230\030~\2061\035\306xVw}^\3406B\030"
 128      98187E86 
 128      311DC678 
 128      56777D5E 
 128      E0364218 
 129 0214 F50D9FFF 		.ascii	"\365\015\237\377&1\214\216{\235\327\254F{@\201g\242"
 129      26318C8E 
 129      7B9DD7AC 
 129      467B4081 
 129      67A2
 130 0226 1066C208 		.ascii	"\020f\302\010\263\014\241\356\316\362]A\270\021\371"
 130      B30CA1EE 
 130      CEF25D41 
 130      B811F9
 131 0235 591873E4 		.ascii	"Y\030s\344\302\000\026X5\314P\375\262\351\346\222e["
 131      C2001658 
 131      35CC50FD 
 131      B2E9E692 
 131      655B
 132 0247 B57F5BF5 		.ascii	"\265\177[\365\234QM\347]\025\262\242eg\331\265\370\223"
 132      9C514DE7 
 132      5D15B2A2 
 132      6567D9B5 
 132      F893
 133 0259 A70BAD39 		.ascii	"\247\013\2559\210\267\333\303\231L\261Bu\213\262\342"
 133      88B7DBC3 
 133      994CB142 
 133      758BB2E2 
 134 0269 70569448 		.ascii	"pV\224H\242\"]q\312\305bY\221\243TV$\321^\"],\252pj"
 134      A2225D71 
 134      CAC56259 
 134      91A35456 
 134      24D15E22 
 135 0282 76ADAA5C 		.ascii	"v\255\252\\Rm\245\350\340N\325j\225*\332U\255\004\034"
 135      526DA5E8 
 135      E04ED56A 
 135      952ADA55 
 135      AD041C
 136 0295 A1244176 		.ascii	"\241$Av_:\245\310\332a\233M\314)\225\213\3453\005\242"
 136      5F3AA5C8 
 136      DA619B4D 
 136      CC29958B 
 136      E53305A2 
 137 02a9 4B154B8B 		.ascii	"K\025K\213\234b\271\313\255\251b\301\271\274\354\254"
 137      9C62B9CB 
 137      ADA962C1 
 137      B9BCECAC 
 138 02b9 D0F74476 		.ascii	"\320\367Dve\245\250je\000\"\253n\233\003Y@\234+\311"
 138      65A5A86A 
 138      650022AB 
 138      6E9B0359 
 138      409C2BC9 
ARM GAS  /tmp/ccmBcoBw.s 			page 10


 139 02cd 204F562E 		.ascii	" OV.\313\216\343JQ\261S:/94\227;3\226\237\303UV\346"
 139      CB8EE34A 
 139      51B1533A 
 139      2F393497 
 139      3B33969F 
 140 02e5 52C46367 		.ascii	"R\304cg\363r\362*E*\003\212=t\316\225\325\210\376\037"
 140      F372F22A 
 140      452A038A 
 140      3D74CE95 
 140      D588FE1F 
 141 02f9 7DE36B7E 		.ascii	"}\343k~"
 142              		.text
 143              		.section	.gnu.lto_.symtab.290f1cb12e26e0f8,"",%progbits
 144 0000 69727149 		.ascii	"irqInit\000\000\000\000\000\000\000\000\000\000\000"
 144      6E697400 
 144      00000000 
 144      00000000 
 144      0000
 145 0012 00B40000 		.ascii	"\000\264\000\000\000irqDeinit\000\000\000\000\000\000"
 145      00697271 
 145      4465696E 
 145      69740000 
 145      00000000 
 146 0026 00000000 		.ascii	"\000\000\000\000\000\000\266\000\000\000nvicEnableV"
 146      0000B600 
 146      00006E76 
 146      6963456E 
 146      61626C65 
 147 003b 6563746F 		.ascii	"ector\000\000\002\000\000\000\000\000\000\000\000\000"
 147      72000002 
 147      00000000 
 147      00000000 
 147      00
 148 004c BB000000 		.ascii	"\273\000\000\000nvicDisableVector\000\000\002\000\000"
 148      6E766963 
 148      44697361 
 148      626C6556 
 148      6563746F 
 149 0066 00000000 		.ascii	"\000\000\000\000\000\000\000\277\000\000\000"
 149      000000BF 
 149      000000
 150              		.text
 151              		.section	.gnu.lto_.opts,"",%progbits
 152 0000 272D666E 		.ascii	"'-fno-trapv' '-mcpu=cortex-m4' '-mfloat-abi=hard' '"
 152      6F2D7472 
 152      61707627 
 152      20272D6D 
 152      6370753D 
 153 0033 2D6D6670 		.ascii	"-mfpu=fpv4-sp-d16' '-mno-thumb-interwork' '-mthumb'"
 153      753D6670 
 153      76342D73 
 153      702D6431 
 153      36272027 
 154 0066 20272D67 		.ascii	" '-ggdb' '-O2' '-fomit-frame-pointer' '-falign-func"
 154      67646227 
 154      20272D4F 
 154      32272027 
ARM GAS  /tmp/ccmBcoBw.s 			page 11


 154      2D666F6D 
 155 0099 74696F6E 		.ascii	"tions=16' '-ffunction-sections' '-fdata-sections' '"
 155      733D3136 
 155      2720272D 
 155      6666756E 
 155      6374696F 
 156 00cc 2D666E6F 		.ascii	"-fno-common' '-flto'\000"
 156      2D636F6D 
 156      6D6F6E27 
 156      20272D66 
 156      6C746F27 
 157              		.text
 158              		.comm	__gnu_lto_v1,1,1
 159              		.comm	__gnu_lto_slim,1,1
 160              		.ident	"GCC: (15:4.9.3+svn231177-1) 4.9.3 20150529 (prerelease)"
ARM GAS  /tmp/ccmBcoBw.s 			page 12


DEFINED SYMBOLS
                            *ABS*:0000000000000000 stm32_isr.c
                            *COM*:0000000000000001 __gnu_lto_v1
                            *COM*:0000000000000001 __gnu_lto_slim

NO UNDEFINED SYMBOLS
