ARM GAS  /tmp/ccctuZgt.s 			page 1


   1              		.cpu cortex-m4
   2              		.eabi_attribute 27, 1
   3              		.eabi_attribute 28, 1
   4              		.eabi_attribute 20, 1
   5              		.eabi_attribute 21, 1
   6              		.eabi_attribute 23, 3
   7              		.eabi_attribute 24, 1
   8              		.eabi_attribute 25, 1
   9              		.eabi_attribute 26, 1
  10              		.eabi_attribute 30, 2
  11              		.eabi_attribute 34, 1
  12              		.eabi_attribute 18, 4
  13              		.file	"board.c"
  14              		.section	.gnu.lto_.profile.8c3943712e9bfae9,"",%progbits
  15 0000 789C6363 		.ascii	"x\234cc```\001bF\006o3\000\001D\000\215"
  15      60606001 
  15      6246066F 
  15      33000144 
  15      008D
  16              		.text
  17              		.section	.gnu.lto_.icf.8c3943712e9bfae9,"",%progbits
  18 0000 789C6363 		.ascii	"x\234cc``\020a@\000f\206\203\363>\234\343`\334\326\360"
  18      60601061 
  18      40006686 
  18      83F33E9C 
  18      E360DCD6 
  19 0015 EF1C1FD3 		.ascii	"\357\034\037\323\234\003\247\227\3621\000\000c\246\011"
  19      9C03A797 
  19      F2310000 
  19      63A609
  20 0024 30       		.ascii	"0"
  21              		.text
  22              		.section	.gnu.lto_.jmpfuncs.8c3943712e9bfae9,"",%progbits
  23 0000 789C6363 		.ascii	"x\234cc``\340e@\000f f\0041\230\200\030\000\002H\000"
  23      6060E065 
  23      40006620 
  23      66043198 
  23      80180002 
  24 0016 1A       		.ascii	"\032"
  25              		.text
  26              		.section	.gnu.lto_.inline.8c3943712e9bfae9,"",%progbits
  27 0000 789C6363 		.ascii	"x\234cc``pa@\000f\006\006\023cF\006\246\244\013\177"
  27      60607061 
  27      40006606 
  27      06136346 
  27      06A6A40B 
  28 0015 5919D816 		.ascii	"Y\031\330\026\3103\201\004\031\031X\305\200b@\026\\"
  28      C8338104 
  28      191958C5 
  28      80624016 
  28      5C
  29 0026 840B4630 		.ascii	"\204\013F0103\241\3121\000\000\010l\005\200"
  29      313033A1 
  29      CA310000 
  29      086C0580 
  30              		.text
  31              		.section	.gnu.lto_.pureconst.8c3943712e9bfae9,"",%progbits
ARM GAS  /tmp/ccctuZgt.s 			page 2


  32 0000 789C6363 		.ascii	"x\234cc```\007bf\006)F\011&\006\000\001\235\000F"
  32      60606007 
  32      62660629 
  32      46092606 
  32      00019D00 
  33              		.text
  34              		.section	.gnu.lto_stm32_gpio_init.8c3943712e9bfae9,"",%progbits
  35 0000 789CA598 		.ascii	"x\234\245\230\333SSW\024\306\317\332'\011\021\020\372"
  35      DB535357 
  35      14C6CFDA 
  35      27091110 
  35      FA
  36 0011 D007DBFA 		.ascii	"\320\007\333\372\340\213\017\366\301\314\324\231\316"
  36      E08B0FF6 
  36      C1CCD499 
  36      CE
  37 001e 74FAD007 		.ascii	"t\372\320\007kg\372\320:-N\247}\3508j[u\246Sm\375\003"
  37      6B67FAD0 
  37      3A2D4EA7 
  37      7DE8386A 
  37      5B75A653 
  38 0035 3CDC3482 		.ascii	"<\3344\202VD\001\213A\342\005\005\024\242\025\271)\020"
  38      5644018B 
  38      41E20505 
  38      14A215B9 
  38      2910
  39 0047 501151AE 		.ascii	"P\021Q\256\206(\027\025\021\201\250\200\012*\210\222"
  39      86281715 
  39      1181A880 
  39      0A2A8892 
  40 0057 EEBDCEDE 		.ascii	"\356\275\316\336\230c\210e\0033\011\311\271|\337\332"
  40      98638865 
  40      033309C9 
  40      B97CDFDA 
  41 0067 6BADDFDA 		.ascii	"k\255\337\332I,\212\242\330?P\224\025\364\377G\364\001"
  41      492C8AA2 
  41      D83F5094 
  41      15F4FF47 
  41      F401
  42 0079 AA0224A5 		.ascii	"\252\002$\245QQb\255\004\200\275\320\254\240l%\260\025"
  42      515162AD 
  42      0480BDD0 
  42      ACA06C25 
  42      B015
  43 008b 76AAFB54 		.ascii	"v\252\373T\250\331\336WF\226\034\327\350\237;c4<Kk\326"
  43      A8D9DE57 
  43      46961CD7 
  43      E89F3B63 
  43      343C4B6B 
  44 00a0 5487AA28 		.ascii	"T\207\252(\351\364\301\376\340\014,Q\350u=\247'\323"
  44      E9F4C1FE 
  44      E00C2C51 
  44      E8753DA7 
  44      27D3
  45 00b2 E65B4CFA 		.ascii	"\346[L\372q(\002\213\002\364\205\253\325\354\326&\375"
  45      7128028B 
  45      02F485AB 
ARM GAS  /tmp/ccctuZgt.s 			page 3


  45      D5ECD626 
  45      FD
  46 00c3 DB3577D7 		.ascii	"\3335w\327Q\310\370v\031(\016\025\010{R\331\223\211"
  46      51C8F876 
  46      19280E15 
  46      087B52D9 
  46      9389
  47 00d5 3DD178E8 		.ascii	"=\321x\350=\324Ys+;T\302^\305\273\225\007PS\356\253"
  47      3DD45973 
  47      2B3B54C2 
  47      5EC5BB95 
  47      075053EE 
  48 00ea FC952965 		.ascii	"\374\225)e\252@\015\322\023k\232\302\222\2517\001\346"
  48      AA400DD2 
  48      136B9AC2 
  48      92A93701 
  48      E6
  49 00fb D7E96A78 		.ascii	"\327\351jxh\325\337jN\273f\242\207\216\272N\037\000"
  49      68D5DF6A 
  49      4EBB66A2 
  49      878EBA4E 
  49      1F00
  50 010d 271C8CA5 		.ascii	"'\034\214\245\261.r\250*\024\303B8\013\013\025v}\352"
  50      B12E72A8 
  50      2A14C342 
  50      380B0B15 
  50      767DEA
  51 0120 19CFCFB6 		.ascii	"\031\317\317\266\002-\001\034\252\011J\350ei\270\000"
  51      022D011C 
  51      AA094AE8 
  51      6569B800 
  52 0130 28051BF5 		.ascii	"(\005\033\365\212\037\333\006\272\025\321\335:}\371"
  52      8A1FDB06 
  52      BA15D1DD 
  52      3A7DF9
  53 013f 45514C1E 		.ascii	"EQL\036@\323\306T(\24324$O\022^&eV\376\306\354\034\330"
  53      40D3C654 
  53      28A33234 
  53      244F125E 
  53      266556FE 
  54 0157 A803131A 		.ascii	"\250\003\023\032\265\312\350\304\262S&8\377F\251\002"
  54      B5CAE8C4 
  54      B2532638 
  54      FF46A902 
  55 0167 6C813931 		.ascii	"l\20191\201\002\225z\210\345yUf})\252T\230U(\316\212"
  55      8102957A 
  55      88E57955 
  55      667D29AA 
  55      54985528 
  56 017d 06EEB772 		.ascii	"\006\356\267rb\242Zs\311@\365\033\351\032\226\001\223"
  56      62A25A73 
  56      C940F51B 
  56      E91A9601 
  56      93
  57 018e D207718B 		.ascii	"\322\007q\213\270LK\302)\207\312\326`\006V\304'\015"
  57      B84C4BC2 
  57      2987CAD6 
ARM GAS  /tmp/ccctuZgt.s 			page 4


  57      600656C4 
  57      270D
  58 01a0 99F730F1 		.ascii	"\231\3670\361\026XD\337&\337\317\215%\352gX\362\342"
  58      165844DF 
  58      26DFCF8D 
  58      25EA6758 
  58      F2E2
  59 01b2 271905B0 		.ascii	"'\031\005\260\370\210\246\305in\357\211\017\017\305"
  59      F888A6C5 
  59      696EEF89 
  59      0F0FC5
  60 01c1 6B759AC9 		.ascii	"ku\232\311\241\206\301%Pi\333\301E\352\177\201\3713"
  60      A186C125 
  60      5069DBC1 
  60      45EA7F81 
  60      F933
  61 01d3 A35A58CC 		.ascii	"\243ZX\314\2722.MOP\030\260\0066\301ez\236\232;\375"
  61      BA322E4D 
  61      4F5018B0 
  61      0636C165 
  61      7A9E9A3B 
  62 01e8 341EDDDF 		.ascii	"4\036\335\3377\351\3527\251_\240\203\2772\373\231)\330"
  62      37E9EA37 
  62      A95FA083 
  62      BF32FB99 
  62      29D8
  63 01fa C10A75D3 		.ascii	"\301\012u\3238\\A\207\251\022\314C\205\370\227U#Q[_"
  63      385C4187 
  63      A912CC43 
  63      85F89755 
  63      23515B5F 
  64 020e 6B0BE801 		.ascii	"k\013\350\001'+\025=6\3362h\217`\211z\317\241\206\303"
  64      272B153D 
  64      36DE3268 
  64      8F60897A 
  64      CFA186C3 
  65 0222 554A563D 		.ascii	"UJV=\317\322\205L\377\343H\232\246\024Ms\272\322\177"
  65      CFD2854C 
  65      FFE3489A 
  65      A6144D73 
  65      BAD27F
  66 0235 74A81170 		.ascii	"t\250\021p\015sE\364;'rR\213\255Tm?=\037\305\342h\000"
  66      0D7345F4 
  66      3B277252 
  66      8BAD546D 
  66      3F3D1FC5 
  67 024c 9BCE5623 		.ascii	"\233\316V#l\325\253\221\325\226\013S\370% \246\267O"
  67      6CD5AB91 
  67      D5960B53 
  67      F82520A6 
  67      B74F
  68 025e 5A58702C 		.ascii	"ZXp,\005Hb\272\012\201\204B\023X\240\231\2114c\002\246"
  68      054862BA 
  68      0A818442 
  68      1358A099 
  68      89346302 
  69 0273 56108697 		.ascii	"V\020\206\227\025z\033\372\243h\264\264r\221,]\320\302"
ARM GAS  /tmp/ccctuZgt.s 			page 5


  69      157A1BFA 
  69      A368B4B4 
  69      72912C5D 
  69      D0C2
  70 0285 83ED6D3C 		.ascii	"\203\355m<P\033\245w\243\363x\332\002V\330V\014VEI\005"
  70      501BA577 
  70      A3F378DA 
  70      0256D856 
  70      0C564549 
  71 029a AE634FBA 		.ascii	"\256cO\272\036\225\215\317\327\311Q\300#\232\246\200"
  71      1E958DCF 
  71      D7C951C0 
  71      239AA680 
  72 02aa 86C9FD66 		.ascii	"\206\311\375fd\260\226\311\267\241\274\211\313{Q>\251"
  72      64B096C9 
  72      B7A1BC89 
  72      CB7B513E 
  72      A9
  73 02bb 775B6D18 		.ascii	"w[m\030\007s,\276O\205\033\302\242b6\0267\321\302\314"
  73      07732CBE 
  73      4F851BC2 
  73      A2623616 
  73      37D1C2CC 
  74 02cf 2DDAD162 		.ascii	"-\332\321b\177V{\276Y\267\360\034\3668-\320!,\032fc"
  74      7F567BBE 
  74      59B7F01C 
  74      F6382DD0 
  74      212C1A66 
  75 02e4 D1891616 		.ascii	"\321\211\026\026n\321\205\0269/'\036\253\272\205\337"
  75      6ED18516 
  75      392F271E 
  75      ABBA85DF 
  76 02f4 AFC22D61 		.ascii	"\257\302-apk6\006\267\321 \214\033\334A\203\261\341"
  76      706B3606 
  76      B7D1208C 
  76      1BDC4183 
  76      B1E1
  77 0306 23074C62 		.ascii	"#\007Lb~\271\363\315\320-,\006gcq\027-\254\334\242\007"
  77      7EB9F3CD 
  77      D02D2C06 
  77      67637117 
  77      2DACDCA2 
  78 031b 2DF66D6F 		.ascii	"-\366mo\367Ds\013\367\347pO\030\274\236\215A/\032\314"
  78      F744730B 
  78      F7E7704F 
  78      18BC9E8D 
  78      412F1ACC 
  79 032f E306F7D1 		.ascii	"\343\006\367\321`(\273t8\222\0334\307y\010\364qx]\351"
  79      6028BB74 
  79      38921B34 
  79      C77908F4 
  79      71785DE9 
  80 0343 082F36F8 		.ascii	"\010/6\370\324(a-\257\004\016\026\251q\321\2170;KJ\372"
  80      D428612D 
  80      AF040E16 
  80      A971D18F 
  80      303B4B4A 
ARM GAS  /tmp/ccctuZgt.s 			page 6


  81 0358 AD7C5CD8 		.ascii	"\255|\\\330\331\270\0300:\312\216\010\037\252\376\377"
  81      D9B81830 
  81      3ACA8E08 
  81      1FAAFEFF 
  82 0368 4C781062 		.ascii	"Lx\020b&\234\323g\302CLNx\210\231\360H\314\204\301w"
  82      269CD367 
  82      C2434C4E 
  82      788899F0 
  82      48CC84C1 
  83 037d CC84E774 		.ascii	"\314\204\347t&\320h\330:\247\235\011C4\201\303Ld\030"
  83      26D068D8 
  83      3AA79D09 
  83      433481C3 
  83      4C6418
  84 0390 5759B137 		.ascii	"WY\2617\345:\210\302\015\004\024.=\323{\315l\034\002"
  84      E53A88C2 
  84      0D04142E 
  84      3DD37BCD 
  84      6C1C02
  85 03a3 8FC51018 		.ascii	"\217\305\020\030b\367?\301\322\235:\2370\310\267O7\300"
  85      62F73FC1 
  85      D29D3A9F 
  85      30C8B74F 
  85      37C0
  86 03b5 53C31490 		.ascii	"S\303\024\220p\300\326\030\021S\000\365GQ\277(\263\354"
  86      70C0D618 
  86      115300F5 
  86      4751BF28 
  86      B3EC
  87 03c7 22EF3DF7 		.ascii	"\"\357=\367]\025\236\031f\200\254\301s1\003\320\340"
  87      5D159E19 
  87      6680ACC1 
  87      733103D0 
  87      E0
  88 03d8 051AE4A5 		.ascii	"\005\032\344\245\357H\3453 -\311C\371\0313\314\000Y"
  88      EF48E533 
  88      202DC943 
  88      F91933CC 
  88      0059
  89 03ea 8B713103 		.ascii	"\213q1\003\320\342%\255\230\021yY\275\011\201<\352\275"
  89      D0E225AD 
  89      98117959 
  89      BD09813C 
  89      EABD
  90 03fc C290ABF7 		.ascii	"\302\220\253\367\337rE\010\3445\247\011^\033\220\227"
  90      DF724508 
  90      E435A709 
  90      5E1B9097 
  91 040c B59814C8 		.ascii	"\265\230\024\310\243\205\237\206\3541\020.\253\247\021"
  91      A3859F86 
  91      EC31102E 
  91      ABA711
  92 041b 4E38EAC5 		.ascii	"N8\352\305\022\026\362\325\241\272\024\276Wh\325\004"
  92      1216F2D5 
  92      A1BA14BE 
  92      5768D504 
  93 042b E2884EDB 		.ascii	"\342\210N\3339\316w\277\201o\337\\\370\216'\214\304"
ARM GAS  /tmp/ccctuZgt.s 			page 7


  93      39CE77BF 
  93      816FDF5C 
  93      F88E278C 
  93      C4
  94 043c CA01A737 		.ascii	"\312\001\2477\232\363\235\302\370N0:\312\362\235Hf\306"
  94      9AF39DC2 
  94      F84E303A 
  94      CAF29D48 
  94      66C6
  95 044e F736323D 		.ascii	"\36762=\337\375:\337\33315\021!\370\266\023\316\367"
  95      DFFD3ADF 
  95      DB313511 
  95      21F8B613 
  95      CEF7
  96 0460 0E129AEF 		.ascii	"\016\022\232\357\306\002\013\213\206\255sZ\276\223\210"
  96      C6020B8B 
  96      86AD735A 
  96      BE9388
  97 046f 05920915 		.ascii	"\005\222\011\025\241O\364x\312\363\027Ua\242l4\011S"
  97      A14FF478 
  97      CAF31755 
  97      61A26C34 
  97      0953
  98 0481 656BDAE6 		.ascii	"ek\332\346\377\316\210\367N\302\361Nb\267\357\"\266"
  98      FFCE88F7 
  98      4EC2F14E 
  98      62B7EF22 
  98      B6
  99 0492 B736F599 		.ascii	"\2676\365\231\013b\033\374M8\315(\267\033\333\340\342"
  99      0B621BFC 
  99      4D38CD28 
  99      B71BDBE0 
  99      E2
 100 04a3 9EF13FA7 		.ascii	"\236\361?\247\032W\213\206\024\022\210\263\244\301\036"
 100      1A578B86 
 100      141288B3 
 100      A4C11E
 101 04b2 C2694683 		.ascii	"\302iF\203T4\310\266g\225\201\356\320\226\337\3661\354"
 101      5434C8B6 
 101      679581EE 
 101      D096DFF6 
 101      31EC
 102 04c4 2581304B 		.ascii	"%\2010K\032\354#\234e4H#o\263,)\227N8\312(\227\201\361"
 102      1AEC239C 
 102      65344823 
 102      6FB32C29 
 102      974E38CA 
 103 04dc 3E7D31F0 		.ascii	">}1\360Tl\255Z\027\375DB\002I\2264\370\207p\220\321"
 103      546CAD5A 
 103      17FD4442 
 103      02499634 
 103      F8877090 
 104 04f1 2093BC0D 		.ascii	" \223\274\015\262\244\334\001\3011\31290\336\264\232"
 104      B2A4DC01 
 104      C131CA39 
 104      30DEB49A 
 105 0501 D85C11EF 		.ascii	"\330\\\021\357\373\220\305\241\352\347\030\263\236|"
ARM GAS  /tmp/ccctuZgt.s 			page 8


 105      FB90C5A1 
 105      EAE718B3 
 105      9E7C
 106 050f 83712299 		.ascii	"\203q\"\231\003\306\007\021\270\356\252\356\0163\307"
 106      03C60711 
 106      B8EEAAEE 
 106      0E33C7
 107 051e 783FC338 		.ascii	"x?\3038\333\350(\213\261s\206\030\037\012\201\361\210"
 107      DBE8288B 
 107      B1738618 
 107      1F0A81F1 
 107      88
 108 052f 8EF161CC 		.ascii	"\216\361a\314Ld\010\214\217\010\214\217\276\003\343"
 108      4C64088C 
 108      8F088C8F 
 108      BE03E3
 109 053e 3E8A318D 		.ascii	">\2121\215\206\255sZ\214s(\306\307X\336\217a\321\222"
 109      86AD735A 
 109      8C7328C6 
 109      C758DE8F 
 109      61D192
 110 0551 9BE26F4F 		.ascii	"\233\342oOM\337\354\200\242\245&\234\356\264\0329>."
 110      4DDFEC80 
 110      A2A5269C 
 110      EEB41A39 
 110      3E2E
 111 0563 38CE61F7 		.ascii	"8\316a\367\347\006q,\241\210}\220'@F\275\374@\275\212"
 111      E706712C 
 111      A1887D90 
 111      274046BD 
 111      FC40BD8A 
 112 0577 D9E89D10 		.ascii	"\331\350\235\020\334\242\336I\354\253\326\302\034\273"
 112      DCA2DE49 
 112      ECABD6C2 
 112      1CBB
 113 0585 698A5BBA 		.ascii	"i\212[\272\013\027\030\300\225\265(\024\344\242\205"
 113      0B1718C0 
 113      95B52814 
 113      E4A285
 114 0594 2B885C59 		.ascii	"+\210\\Y\275S\002]\324;\035\230\202\301\331\350\375"
 114      BD53025D 
 114      D43B1D98 
 114      82C1D9E8 
 114      FD
 115 05a5 2B4845BD 		.ascii	"+HE\2753A\244\312\352\025\011TQ\357,\327c\240\214p4"
 115      3341A4CA 
 115      EA150954 
 115      51EF2CD7 
 115      63A08C70 
 116 05ba 0F1AD074 		.ascii	"\017\032\320t\316\005\315b\204\3107Q4\036\301\321t2"
 116      CE05CD62 
 116      84C83751 
 116      341EC1D1 
 116      7432
 117 05cc 344B88C1 		.ascii	"4K\210\301Q\026\315\322\031\242Y\026\002M\277\216f9"
 117      5116CDD2 
 117      19A25916 
ARM GAS  /tmp/ccctuZgt.s 			page 9


 117      024DBF8E 
 117      6639
 118 05de 66627E08 		.ascii	"fb~\0104\317\0114\317\277\003\315I\212&\215\206\255"
 118      34CF0934 
 118      CFBF03CD 
 118      498A268D 
 118      86AD
 119 05f0 735A342B 		.ascii	"sZ4+(\232\225,\317\225X\245\303\307w\225\022Q\245\222"
 119      289A952C 
 119      CF9558A5 
 119      C3C77795 
 119      1251A592 
 120 0604 802A8DD5 		.ascii	"\200*\215\325\227TG\033\321\254\022hV\260\373\335Ah"
 120      9754471B 
 120      D1AC1268 
 120      56B0FBDD 
 120      4168
 121 0616 4A2862DD 		.ascii	"J(b\335\253\005\232\250W\203(\355x~\3522\341\237\230"
 121      AB059AA8 
 121      578328ED 
 121      787EEA32 
 121      E19F98
 122 0629 635FF9A3 		.ascii	"c_\371\243\341\202a\223\225\265\270(hE\213Kh\261\273"
 122      E1826193 
 122      95B5B828 
 122      68458B4B 
 122      68B1BB
 123 063c DECB3FCC 		.ascii	"\336\313?\314\245\345\267Y\241\326\300\252\254\301e"
 123      A5E5B759 
 123      A1D6C0AA 
 123      ACC165
 124 064b C12A1AD4 		.ascii	"\301*\032\324\241\201+\2617\317\312\2775\003\\!\201"
 124      A1812BB1 
 124      37CFCABF 
 124      35035C21 
 124      81
 125 065c ECCAEAD7 		.ascii	"\354\312\352\327\013vQ\377j\020\273\262z\327\004\273"
 125      0B7651FF 
 125      6A10BBB2 
 125      7AD704BB 
 126 066c A8D710C4 		.ascii	"\250\327\020\304\256\254^\243`\027\365\232p\375\336"
 126      AEAC5EA3 
 126      6017F59A 
 126      70FDDE
 127 067b 1A5707CF 		.ascii	"\032W\007\317\260[c_J\2329\\~\216s\261\001\347\322\271"
 127      B05B635F 
 127      4A9A395C 
 127      7E8E73B1 
 127      01E7D2B9 
 128 068f E0DC82E0 		.ascii	"\340\334\202\340\345\373z\\\341\034\347\\\206s\253\321"
 128      E5FB7A5C 
 128      E11CE75C 
 128      8673ABD1 
 129 069f 5116E7EB 		.ascii	"Q\026\347\3533\304\331\023\002\347\023\031\210s\033"
 129      33C4D913 
 129      02E71319 
 129      88731B
ARM GAS  /tmp/ccctuZgt.s 			page 10


 130 06ae 26272A04 		.ascii	"&'*\004\316^\201\363\215w\340\354-\264\260h\330:\247"
 130      CE5E81F3 
 130      8D77E0EC 
 130      2DB4B068 
 130      D83AA7
 131 06c1 C5F926C5 		.ascii	"\305\371&\305\271\235\245\276\035\013\227\372\342\374"
 131      B99DA5BE 
 131      1D0B97FA 
 131      E2FC
 132 06cf 857051B8 		.ascii	"\205pQ\270\326\200\302e\027\272\317F\032q\356\0208\337"
 132      D680C265 
 132      17BACF46 
 132      1A71EE10 
 132      38DF
 133 06e1 64F77706 		.ascii	"d\367w\006\341,\241\210\255\320%pF\275[\330\012\205"
 133      E12CA188 
 133      ADD02570 
 133      46BD5BD8 
 133      0A85
 134 06f3 4F470B2D 		.ascii	"OG\013-z+D\303m\003\312\262\362w\004\312(\337\215\362"
 134      7A2B44C3 
 134      6D03CAB2 
 134      F27704CA 
 134      28DF8DF2 
 135 0707 BB5A87DB 		.ascii	"\273Z\207\333\370\327\337f\334x\357\032`\226\265\350"
 135      F8D7DF66 
 135      DC78EF1A 
 135      6096B5E8 
 136 0717 1130A3C5 		.ascii	"\0210\243\305\275\240\215WV\257W\300\213z\367\203\340"
 136      BDA08D57 
 136      56AF57C0 
 136      8B7AF783 
 136      E0
 137 0728 95D5EB13 		.ascii	"\225\325\353\023\360\242^\177\020\274\262z\003\002^"
 137      F0A25E7F 
 137      10BCB27A 
 137      03025E
 138 0737 D4F3056C 		.ascii	"\324\363\005l\274'2tR[\014\244^g\357\206\330\357L\016"
 138      BC273274 
 138      525B0CA4 
 138      5E67EF86 
 138      D8EF4C0E 
 139 074b FC751D61 		.ascii	"\374u\035a\261\323\216LiT\210\242|\272t\251m\371\206"
 139      B1D38E4C 
 139      695488A2 
 139      7CBA74A9 
 139      6DF986
 140 075e 8D6B37AE 		.ascii	"\215k7\256\214\261m\332b\333\260\346w\333\332Mk\376"
 140      8CB16DDA 
 140      62DBB0E6 
 140      77DBDA4D 
 140      6BFE
 141 0770 FA658B2D 		.ascii	"\372e\213-f\325\352\230U\337,\373\344\253e\253\277\374"
 141      66D5EA98 
 141      55DF2CFB 
 141      E4AB65AB 
 141      BFFC
ARM GAS  /tmp/ccctuZgt.s 			page 11


 142 0782 3A66F9CA 		.ascii	":f\371\312\037V|\377\223~n\351:\305\274~\363\306M\233"
 142      1F567CFF 
 142      937E6EE9 
 142      3AC5BC7E 
 142      F3C64D9B 
 143 0796 2DEB36FD 		.ascii	"-\3536\375\361\333\306\365\377\001\216J{\222"
 143      F1DBC6F5 
 143      FF018E4A 
 143      7B92
 144              		.text
 145              		.section	.gnu.lto___early_init.8c3943712e9bfae9,"",%progbits
 146 0000 789C6363 		.ascii	"x\234cc``\270\004\304\026@,\015\304\214\314\014\214"
 146      6060B804 
 146      C416402C 
 146      0DC48CCC 
 146      0C8C
 147 0012 4C13CE31 		.ascii	"L\023\316104r012\202\030\015\034\214\014\365L\214\365"
 147      30347230 
 147      31328218 
 147      0D1C8C0C 
 147      F54C8CF5 
 148 0026 8C3DCC53 		.ascii	"\214=\314S\230\031\017\265?\333\311\244\271\274\001"
 148      98190FB5 
 148      3FDBC9A4 
 148      B9BC01
 149 0035 080E4CBF 		.ascii	"\010\016L\277\302\327\326\320*1\207\231\201a\032\020"
 149      C2D7D6D0 
 149      2A318799 
 149      81611A10 
 150 0045 8300E366 		.ascii	"\203\000\343fFM\006\240\262G\033\377M\345ec\201\210"
 150      464D06A0 
 150      B2471BFF 
 150      4DE56563 
 150      8188
 151 0057 336E6164 		.ascii	"3nadc`\0042\326_b=\320\360\357\177{\303\2013\213\031"
 151      63600432 
 151      D65F623D 
 151      D0F0EF7F 
 151      7BC38133 
 152 006d EFFAB130 		.ascii	"\357\372\26100t\000\345\201\2264\034`\350df\002\261"
 152      307400E5 
 152      8196341C 
 152      60E86466 
 152      02B1
 153 007f 9A0F30BC 		.ascii	"\232\0170\274al^\260y.3X\027\320\250\235;\337\334f\257"
 153      616C5EB0 
 153      792E3358 
 153      17D0A89D 
 153      3BDFDC66 
 154 0094 FFDBC031 		.ascii	"\377\333\3001\207\231q\0323\320\030\306\255\214\365"
 154      8799711A 
 154      33D018C6 
 154      AD8CF5
 155 00a3 0C7380CA 		.ascii	"\014s\200\312A\012\267\312bW\307\004T\267\015\252\356"
 155      410AB7CA 
 155      6257C704 
 155      54B70DAA 
ARM GAS  /tmp/ccctuZgt.s 			page 12


 155      EE
 156 00b4 1D63D382 		.ascii	"\035c\323\202\335s\031\301\012A\240\003h\012\320*\240"
 156      DD7319C1 
 156      0A41A003 
 156      680AD02A 
 156      A0
 157 00c5 12333D3D 		.ascii	"\0223==}\347\214\314\244L\377`\375\374b\375\214\304"
 157      7DE78CCC 
 157      A44CFF60 
 157      FDFC62FD 
 157      8CC4
 158 00d7 1CFDA4FC 		.ascii	"\034\375\244\374\304\242\224b\375\340\220\370\340\020"
 158      C4A29462 
 158      FDE090F8 
 158      E010
 159 00e5 5F632337 		.ascii	"_c#7\343x\027\317`g\3770\327\240H\210\234^2\003\000"
 159      E37817CF 
 159      6067FF30 
 159      D7A04888 
 159      9C5E3203 
 160 00fa 0C1A5878 		.ascii	"\014\032Xx"
 161              		.text
 162              		.section	.gnu.lto_boardInit.8c3943712e9bfae9,"",%progbits
 163 0000 789C6363 		.ascii	"x\234cc``\250\003b\013 \226\006bFf\006F\246\011\347"
 163      6060A803 
 163      620B2096 
 163      06624666 
 163      0646A609 
 164 0015 18181A39 		.ascii	"\030\030\0329\230\030\031A\214\006\016F\206z&\306z\306"
 164      98181941 
 164      8C060E46 
 164      867A26C6 
 164      7AC6
 165 0027 1EE629CC 		.ascii	"\036\346)\314\214\207\332\237\355d\322\\\336\000\004"
 165      8C87DA9F 
 165      ED64D25C 
 165      DE0004
 166 0036 07A66F10 		.ascii	"\007\246o\020jkh\225\230\303\314\3000\015\210A\200q"
 166      6A6B6895 
 166      98C3CCC0 
 166      300D8841 
 166      8071
 167 0048 33A32603 		.ascii	"3\243&\003P\331\243\215\377\246\362\262\261@\304\031"
 167      50D9A38D 
 167      FFA6F2B2 
 167      B140C419 
 168 0058 B730B231 		.ascii	"\2670\26210\002\031\353/\261\036h\370\367\277\275\341"
 168      300219EB 
 168      2FB11E68 
 168      F8F7BFBD 
 168      E1
 169 0069 C097458C 		.ascii	"\300\227E\214[\203\230\030\030:\200\362@K\032\0160t"
 169      5B839818 
 169      183A80F2 
 169      404B1A0E 
 169      3074
 170 007b 32338158 		.ascii	"23\201X\315\007\030\33616)\200\265\200@\0073#H\030\250"
ARM GAS  /tmp/ccctuZgt.s 			page 13


 170      CD0718DE 
 170      31362980 
 170      B5804007 
 170      33234818 
 171 0090 D44C4F4F 		.ascii	"\324LOO\3379#3)\323?X?\277X?#1G?)?\261(\245X?8$>8\304"
 171      DF392333 
 171      29D33F58 
 171      3FBF583F 
 171      2331473F 
 172 00b0 D7D8C8CD 		.ascii	"\327\330\310\3158\336\3053\330\331?\3145(\022\"\247"
 172      38DEC533 
 172      D8D93FCC 
 172      35281222 
 172      A7
 173 00c1 97CC0000 		.ascii	"\227\314\000\000\222\371<\223"
 173      92F93C93 
 174              		.text
 175              		.section	.gnu.lto_.symbol_nodes.8c3943712e9bfae9,"",%progbits
 176 0000 789C55C8 		.ascii	"x\234U\310\313\011\200@\014\000\321I\002[\227\326a1"
 176      CB098040 
 176      0C00D149 
 176      025B97D6 
 176      6131
 177 0012 4909D6B0 		.ascii	"I\011\326\260]\370\005\301\2635X\211l\020<x\030\006"
 177      5DF805C1 
 177      B3355889 
 177      6C103C78 
 177      1806
 178 0024 5E01860C 		.ascii	"^\001\206\014]\324a\274 7\305\021%mU\227\317\346\350"
 178      5DD461BC 
 178      2037C511 
 178      256D5597 
 178      CFE6E8
 179 0037 533675FD 		.ascii	"S6u\375\211\354\352\366\012Dt`\002\365~\304\3048\363"
 179      89ECEAF6 
 179      0A447460 
 179      02F57EC4 
 179      C438F3
 180 004a 3461D318 		.ascii	"4a\323\030?"
 180      3F
 181              		.text
 182              		.section	.gnu.lto_.refs.8c3943712e9bfae9,"",%progbits
 183 0000 789C6363 		.ascii	"x\234cc```\004b\006\000\000D\000\010"
 183      60606004 
 183      62060000 
 183      440008
 184              		.text
 185              		.section	.gnu.lto_.decls.8c3943712e9bfae9,"",%progbits
 186 0000 789CAD58 		.ascii	"x\234\255X}PT\327\025\177\367\335\335\005\226/\007\254"
 186      7D5054D7 
 186      157FF7DD 
 186      DD05962F 
 186      07AC
 187 0012 6512DB3A 		.ascii	"e\022\333:\226\030\372G\\E\233\351L3\235Q\300Hc\002"
 187      9618FA47 
 187      5C459BE9 
 187      4C339D51 
ARM GAS  /tmp/ccctuZgt.s 			page 14


 187      C0486302 
 188 0026 B39876D2 		.ascii	"\263\230v\322i\273!\200\221)\002\003kk&\177\364\011"
 188      69BB2180 
 188      91290203 
 188      6B6B267F 
 188      F409
 189 0038 281F8A7C 		.ascii	"(\037\212|(* \012\342\027\221 &`\344\323e\021P\020X"
 189      282A200A 
 189      E2179120 
 189      2660E4D3 
 189      65115010 
 190 004d D1807C29 		.ascii	"\321\200|)\201\010j\374DQ\004\205\236{\357[\366\355"
 190      81086AFC 
 190      44510485 
 190      9E7BEF5B 
 190      F6ED
 191 005f 6349D24C 		.ascii	"cI\322L\336px\357\334\373\273\277s\356\271\367\334\363"
 191      DE7078EF 
 191      DCFBBBBF 
 191      73EEB9F7 
 191      DCF3
 192 0071 F6A9388E 		.ascii	"\366\2518\216kX\300qn\230\343\226!\216\233\206K\001"
 192      6B58C071 
 192      6E98E396 
 192      218E9B86 
 192      4B01
 193 0083 6D759CE5 		.ascii	"mu\234\345\"z\025H\015\3109Y\237\371\372\017\214u\206"
 193      227A1548 
 193      0DC83959 
 193      9FF9FA0F 
 193      8C7586
 194 0096 FB8720AF 		.ascii	"\373\207 \257\203<\001\031\005i\007q\003\231\017\342"
 194      833C0119 
 194      05690771 
 194      03990FE2 
 195 00a6 09983F82 		.ascii	"\011\230?\202\254\007\011\002y\037\344\267 \256\320"
 195      AC070902 
 195      791FE4B7 
 195      20AED0
 196 00b5 F7006408 		.ascii	"\367\000d\010\344]\320\177\001\362\033\020\017\220\005"
 196      E45DD07F 
 196      01F21B10 
 196      0F9005
 197 00c4 20AF82FC 		.ascii	" \257\202\374\032\344W \376 \357\200\004\200\254\005"
 197      1AE45720 
 197      FE20EF80 
 197      0480AC05 
 198 00d4 5907C28B 		.ascii	"Y\007\302\213\376\375\015\236\341\217\373;\262\366\355"
 198      FEFD0D9E 
 198      E18FFB3B 
 198      B2F6ED
 199 00e3 53D0B1E8 		.ascii	"S\320\261\350\333?\340\271Rl\307\342\234\252\346\230"
 199      DB3FE0B9 
 199      526CC7E2 
 199      9CAAE698 
 200 00f3 D37F45BE 		.ascii	"\323\177E\276\017E\035\211\363\227_{0\032)4\245\241"
 200      0F451D89 
ARM GAS  /tmp/ccctuZgt.s 			page 15


 200      F3975F7B 
 200      301A2934 
 200      A5A1
 201 0105 1BA81F01 		.ascii	"\033\250\037\001'\232\307\320\210\375\207;\021\252O"
 201      279AC7D0 
 201      88FD873B 
 201      11AA4F
 202 0114 9B2FC4DA 		.ascii	"\233/\304\332\241\225'\335\224\032\231\261\346\313\334"
 202      A19527DD 
 202      941A99B1 
 202      E6CBDC
 203 0123 C2F12207 		.ascii	"\302\361\"\007o\346\245\177H\374C\022V\326\317\314\315"
 203      6FE6A57F 
 203      48FC4312 
 203      56D6CFCC 
 203      CD
 204 0134 D0303CF3 		.ascii	"\3200<\363\2073\233\023\373x\263\035\316\3124\350r_"
 204      87339B13 
 204      FB78B31D 
 204      CECA34E8 
 204      725F
 205 0146 AD7BD10C 		.ascii	"\255{\321\014\027\213?\011\302\225\347}\035\256\003"
 205      178B3F09 
 205      C295E77D 
 205      1DAE03
 206 0155 E83A347F 		.ascii	"\350:4\177\340\302\245\333G\"\322\372\340E\327Y\214"
 206      E0C2A5DB 
 206      4722D2FA 
 206      E045D759 
 206      8C
 207 0166 79FAFC5D 		.ascii	"y\372\374]b\336i\027\354F\237OMM'\332--\026\330e\277"
 207      62DE6917 
 207      EC469F4F 
 207      4D4D27DA 
 207      2D2D16D8 
 208 017c 1F73E80C 		.ascii	"\037s\350\014\011\037\343j\230~fp\335\201\221\233\032"
 208      091FE36A 
 208      987E6670 
 208      DD81919B 
 208      1A
 209 018d F1A0763C 		.ascii	"\361\240v<\274\224\347\010\352|5\232\007j\361\316\351"
 209      BC94E708 
 209      EA7C359A 
 209      076AF1CE 
 209      E9
 210 019e 3D4A8FBD 		.ascii	"=J\217\275d`z\2740\217G\037.@\025h!:\213\026\202W\225"
 210      64607ABC 
 210      308F471F 
 210      2E401568 
 210      213A8B16 
 211 01b5 C803FE47 		.ascii	"\310\003\376G*\030\323\320\230\361\024^\234/\030\006"
 211      2A18D3D0 
 211      98F1145E 
 211      9C2F1806 
 212 01c5 04437B8E 		.ascii	"\004C{\216\327\311\312[\202\240V\020\020*G\030}\205"
 212      D7C9CA5B 
 212      82A05610 
ARM GAS  /tmp/ccctuZgt.s 			page 16


 212      102A4718 
 212      7D85
 213 01d7 96929994 		.ascii	"\226\222\231\224\323\225+C\003\010}\011\013\311\241"
 213      D3952B43 
 213      03087D09 
 213      0BC9A1
 214 01e6 2AB41806 		.ascii	"*\264\030\006?\272\227\326\346\212\223\020\365\270\270"
 214      3FBA97D6 
 214      E68A9310 
 214      F5B8B8
 215 01f5 AEFDA51D 		.ascii	"\256\375\245\0350\345\003Sg\245S\216`\210\003\007xJ"
 215      30E50353 
 215      67A5538E 
 215      60880307 
 215      784A
 216 0207 556DA1AA 		.ascii	"Um\241\252\226S\325P\252K\303\375\237\342,\306\324\320"
 216      9653D550 
 216      AA4BC3FD 
 216      9FE22CC6 
 216      D4D0
 217 0219 3C760301 		.ascii	"<v\003\001S)0\031\375\255\210j-D\265r\242s\224H\270"
 217      53293019 
 217      FDAD886A 
 217      2D44B572 
 217      A2739448 
 218 022e 55D5E78A 		.ascii	"U\325\347\212\0171\246\264\317Rj\035\200i@\020\014M"
 218      0F31A6B4 
 218      CF526A1D 
 218      80694010 
 218      0C4D
 219 0240 252B8BB7 		.ascii	"%+\213\267mO\025\012\020\215\0012X\250\014bdQ\035\245"
 219      6D4F150A 
 219      108D0132 
 219      58A80C62 
 219      64511DA5 
 220 0254 B89C507A 		.ascii	"\270\234Pz\000\263\350*\310,[s\206\\Xt\027\201Z\365"
 220      00B3E82A 
 220      C82C5B73 
 220      865C5874 
 220      17815AF5 
 221 0268 5575A392 		.ascii	"Uu\243\222\365.\0035\367q\377m\007\246z\201\332\322"
 221      F52E0335 
 221      F771FF6D 
 221      07A67A81 
 221      DAD2
 222 027a 5950A2C4 		.ascii	"YP\242\304C\314|\377\205\242\223\204\350u5\335\205\256"
 222      43CC7CFF 
 222      85A29384 
 222      E87535DD 
 222      85AE
 223 028c 645DEF56 		.ascii	"d]\357V<wfM\004\321\2216z\304\016\337\246p\376F\367"
 223      3C77664D 
 223      04D19136 
 223      7AC40EDF 
 223      A670FE46 
 224 02a1 649F0B52 		.ascii	"d\237\013R{%\011B\234\220\037/8\254\345P=\254\233\021"
 224      7B250942 
ARM GAS  /tmp/ccctuZgt.s 			page 17


 224      9C901F2F 
 224      38ACE550 
 224      3DAC9B11 
 225 02b5 D60DB520 		.ascii	"\326\015\265 /2\210x\214.@c\0234\036#Kl\030\251\375"
 225      2F328878 
 225      8C2E4063 
 225      13341E23 
 225      4B6C18A9 
 226 02ca 53F6A820 		.ascii	"S\366\250 ,B\315H\215.Zf\365\272\232-q\321\221\214\303"
 226      2C42CD48 
 226      8D2E5A66 
 226      F5BA9A2D 
 226      71D1918C 
 227 02df 2A5C44F7 		.ascii	"*\\D\367\030_\225{\263\201\237\313F\333\2346\272\332"
 227      185F957B 
 227      B3819FCB 
 227      46DB9C36 
 227      BADA
 228 02f1 16376E23 		.ascii	"\0267n#\213\320\0126.Yl\200Ifd\177\307i?5\220\306\377"
 228      8BD00A36 
 228      2E596C80 
 228      4966647F 
 228      C7693F35 
 229 0308 285218D0 		.ascii	"(R\030\320:r\272\303\016\367\261\235o\016\261\033\013"
 229      3A72BAC3 
 229      0EF7B19D 
 229      6F0EB11B 
 229      0B
 230 0319 F1BE8AC1 		.ascii	"\361\276\212\301\207.\370[\326\227Q?\366\330\021\337"
 230      872EF85B 
 230      D697513F 
 230      F6D811DF 
 231 0329 62CAFD84 		.ascii	"b\312\375\204\233\003\216\014\350AH\2223\263x|O$1\325"
 231      9B038E0C 
 231      E8414892 
 231      33B3787C 
 231      4F2431D5 
 232 033d A738E031 		.ascii	"\2478\3401\246\230S\302\215\245DJ]\367v\007\374\222"
 232      A69853C2 
 232      8DA5444A 
 232      5DF77607 
 232      FC92
 233 034f F515DCAA 		.ascii	"\365\025\334\252\330\355\212\0230Ur\252\2364\213\313"
 233      D8ED8A13 
 233      305572AA 
 233      9E348BCB 
 234 035f 690F6A75 		.ascii	"i\017juo\271\006\247\262\256\242\212\324o\224x/S\206"
 234      6FB906A7 
 234      B2AEA28A 
 234      D46F9478 
 234      2F5386
 235 0372 BE4A78AA 		.ascii	"\276Jx\252\3009L1U\016\334t\301\207\230\322e\032\\\313"
 235      C0394C31 
 235      550EDC74 
 235      C18798D2 
 235      651A5CCB 
 236 0386 085682F6 		.ascii	"\010V\202\366\354\314d\257\270[\3621\350\343\373\267"
ARM GAS  /tmp/ccctuZgt.s 			page 18


 236      ECCC64AF 
 236      B85BF231 
 236      E8E3FBB7 
 237 0396 1D47F830 		.ascii	"\035G\3700\205\272\012\246]\005\010yZ.w/O\317\303BB"
 237      85BA0AA6 
 237      5D050879 
 237      5A2E772F 
 237      4FCFC342 
 238 03ab 3C6CCF7B 		.ascii	"<l\317{o%\025\246\244\012\371F\204\332!\310_C\220\357"
 238      6F2515A6 
 238      A40AF946 
 238      84DA21C8 
 238      5F4390EF 
 239 03bf 21774B1C 		.ascii	"!wK\034\257\322\354\255'\37796\344N\022\206\344\200"
 239      AFD2ECAD 
 239      27FF3936 
 239      E44E1286 
 239      E480
 240 03d1 7910FC35 		.ascii	"y\020\37459\276k\026~0Y\202\377F\216?O\361\313-\360"
 240      39BE6B16 
 240      7E305982 
 240      FF468E3F 
 240      4FF1CB2D 
 241 03e6 1E29BC51 		.ascii	"\036)\274Q\016o\230E\337,u\247_\216\327\310\341F)\374"
 241      0E6F9845 
 241      DF2C75A7 
 241      5F8ED7C8 
 241      E14629FC 
 242 03fa BA4DB8D4 		.ascii	"\272M\270\324\031)\272W\216\356\231\345\314\250\024"
 242      1929BA57 
 242      8EEE99E5 
 242      CCA814
 243 0409 DF693B96 		.ascii	"\337i;\226\022z\243t\256W\344\360\313r\370\240\224\275"
 243      127AA374 
 243      AE57E4F0 
 243      CB72F8A0 
 243      94BD
 244 041b DB76E425 		.ascii	"\333v\344%\360f){\207mv\346|\006=\264A\220\202\203\223"
 244      F066297B 
 244      876D76E6 
 244      7C063DB4 
 244      41908283 
 245 0430 6D211C6C 		.ascii	"m!\034l\244\223\340!\201\320}\310\245\021\344\211\206"
 245      A493E021 
 245      81D07DC8 
 245      A511E489 
 245      86
 246 0441 411E82DC 		.ascii	"A\036\202\334\002\371\016d\010\3446\310 \310\035\220"
 246      02F90E64 
 246      08E436C8 
 246      20C81D90 
 247 0451 BB200F40 		.ascii	"\273 \017@n\202|\213<\351\341\306\022\371\351\264\333"
 247      6E827C8B 
 247      3CE9E1C6 
 247      12F9E9B4 
 247      DB
 248 0462 5660278C 		.ascii	"V`'\214\234\230\304\334\214\237\235\311\270\250L\020"
ARM GAS  /tmp/ccctuZgt.s 			page 19


 248      9C98C4DC 
 248      8C9F9DC9 
 248      B8A84C10 
 249 0472 9255D451 		.ascii	"\222U\324Q\223\355%\227\314\253C\032\206>\333\213B\341"
 249      93ED2597 
 249      CCAB431A 
 249      863EDB8B 
 249      42E1
 250 0484 900763C5 		.ascii	"\220\007c\305\305\375\216\270\237\346\001_TU\371\215"
 250      C5FD8EB8 
 250      9FE6015F 
 250      5455F98D 
 251 0494 3D72F7B2 		.ascii	"=r\367\2629]\364\030f\371\363\315\370~2\216'3\036\005"
 251      395DF418 
 251      66F9F3CD 
 251      F87E328E 
 251      27331E05 
 252 04a8 C6479693 		.ascii	"\306G\226\223\213\004\200:f\032>>\351\340\2242s\036"
 252      8B04803A 
 252      661A3E3E 
 252      E9E09432 
 252      731E
 253 04ba 52A07912 		.ascii	"R\240y\022\034z\202\234hi\200;\200K\247\367\0148\343"
 253      1C7A829C 
 253      6869803B 
 253      804BA7F7 
 253      0C38E3
 254 04cd DB2CF107 		.ascii	"\333,\361\007\343\312.8\343\373LI\335c4*\360\023\246"
 254      E3CA2E38 
 254      E3FB4C49 
 254      DD63342A 
 254      F013A6
 255 04e0 14666724 		.ascii	"\024fg$*\361s\361\030\311L/U\343I\246\354\377\254k\002"
 255      2AF173F1 
 255      18C94C2F 
 255      55E349A6 
 255      ECFFAC6B 
 256 04f5 0E22A61C 		.ascii	"\016\"\246\034\235\230|H\352\303\022R\037\260\244:,"
 256      9D987C48 
 256      EAC31252 
 256      1FB0A43A 
 256      2C
 257 0506 61D5E15C 		.ascii	"a\325\341\\\313\305cN8^AcV\222\363\342\205\253\371\344"
 257      CBC5634E 
 257      385E4163 
 257      5692F3E2 
 257      85ABF9E4 
 258 051a 86BAAEF4 		.ascii	"\206\272\256\364\342f\252:\232\2060-\021\017\331\027"
 258      E266AA3A 
 258      9A86302D 
 258      110FD917 
 259 052a D03829A9 		.ascii	"\3208)\251\016K\366%\222\223{\012\326\350\245e\376K"
 259      0E4BF625 
 259      92937B0A 
 259      D6E8A565 
 259      FE4B
 260 053c C483BB36 		.ascii	"\304\203\2736\243wX\215w1\033q\246\254\307s\332\210"
ARM GAS  /tmp/ccctuZgt.s 			page 20


 260      A377588D 
 260      77311B71 
 260      A6ACC773 
 260      DA88
 261 054e E3E7B2D1 		.ascii	"\343\347\262\321\325\346}\236V\207\255\274\032\011\374"
 261      D5E67D9E 
 261      5687ADBC 
 261      1A09FC
 262 055d 8C8D2973 		.ascii	"\214\215)su\210\033?\\m\217\367Q#\212\247'\312;]\220"
 262      75881B3F 
 262      5C6D8FF7 
 262      51238AA7 
 262      27CA3B5D 
 263 0572 BBA7A764 		.ascii	"\273\247\247d\371yN\022\362\004\236\255}\"\030\334\306"
 263      F9794E12 
 263      F2049EAD 
 263      7D2218DC 
 263      C6
 264 0583 7BA2EDBC 		.ascii	"{\242\355\274\247\270I\301+\303\215\035\270\272\260"
 264      A7B849C1 
 264      2BC38D1D 
 264      B8BAB0
 265 0592 6DA7905F 		.ascii	"m\247\220_\207\250\275x\260GF\314\370)=:\310\200;\257"
 265      87A8BD78 
 265      B04746CC 
 265      F8293D3A 
 265      C8803BAF 
 266 05a6 66C32B04 		.ascii	"f\303+\004\246\340\011d\013\\As\217\315\345z\256\032"
 266      A6E00964 
 266      0B5C4173 
 266      8FCDE57A 
 266      AE1A
 267 05b8 DEB70848 		.ascii	"\336\267\010H\232\037\340v\223\361\27325\234\335\363"
 267      9A1FE076 
 267      93F1BB32 
 267      359CDDF3 
 268 05c8 BD186D67 		.ascii	"\275\030mg\256[a\274pa\031-\211\343\300\233\302\317"
 268      AE5B61BC 
 268      7061192D 
 268      89E3C09B 
 268      C2CF
 269 05da B77D7ED1 		.ascii	"\267}~\321\274\313u\331J\275 \326\237\317\215\316$\350"
 269      BCCB75D9 
 269      4ABD20D6 
 269      9FCF8DCE 
 269      24E8
 270 05ec FC789611 		.ascii	"\374x\226\021\226\220\0204\011\311\016\010I\022\204"
 270      96901034 
 270      09C90E08 
 270      491284
 271 05fb 2499976E 		.ascii	"$\231\227n\361\266\\\017\232\324\200\262v\032\265Vf"
 271      F1B65C0F 
 271      9AD480B2 
 271      761AB556 
 271      66
 272 060c 9639CC07 		.ascii	"\2269\314\007\322\255s\223rV\2140(\241\376\353r'\334"
 272      D2AD7393 
ARM GAS  /tmp/ccctuZgt.s 			page 21


 272      72568C30 
 272      28A1FEEB 
 272      7227DC
 273 061f 41570BDD 		.ascii	"AW\013\335l9\025g\217;\231r\260\265\244E\211{\230Ru"
 273      6C391567 
 273      8F3B9972 
 273      B0B5A445 
 273      897B9852 
 274 0634 B2A483C7 		.ascii	"\262\244\203\307\003L)\256x\270\003\341[Ly\224xJ\217"
 274      034C29AE 
 274      78B803E1 
 274      5B4C7994 
 274      784A8F
 275 0647 1FB0E734 		.ascii	"\037\260\3474\323\241^{V\017\015\344]u\274\340\333L"
 275      D3A15E7B 
 275      560F0DE4 
 275      5D75BCE0 
 275      DB4C
 276 0659 1E8FD14E 		.ascii	"\036\217\321N\247\235\246\370v%\253\207\356\236^\344"
 276      A79DA6F8 
 276      7625AB87 
 276      EE9E5EE4 
 277 0669 C60E96E1 		.ascii	"\306\016\226\341\0341\266\344`\311\200\005\316\341\277"
 277      1C31B6E4 
 277      60C98005 
 277      CEE1BF
 278 0678 B794BC6A 		.ascii	"\267\224\274j9\206R\345\350\331up\342\025\013|\227m"
 278      398652E5 
 278      E8D97570 
 278      E2150B7C 
 278      976D
 279 068a B8E4901B 		.ascii	"\270\344\220\033\225\240\323\344\350\331\205\307\270"
 279      95A0D3E4 
 279      E8D985C7 
 279      B8
 280 0697 D0027F8A 		.ascii	"\320\002\177\212d\360\253s\035\365\273\371\205\342\361"
 280      64F0AB73 
 280      1DF5BBF9 
 280      85E2F1
 281 06a6 9A236EFE 		.ascii	"\232#n\376\003\260\322y\260.Y \207@\366\203\354\003"
 281      03B0D279 
 281      B02E5920 
 281      8740F683 
 281      EC03
 282 06b8 D90B920F 		.ascii	"\331\013\222\017\222\015\222\013rp&9h\245\221X\037\223"
 282      920D920B 
 282      72702639 
 282      68A59158 
 282      1F93
 283 06ca 5B979431 		.ascii	"[\227\2241q\337\344\260b\220\303\333(\006\327\245k\220"
 283      71DFE4B0 
 283      6290C3DB 
 283      2806D7A5 
 283      6B90
 284 06dc 69730DA4 		.ascii	"is\015\244\245@bx\217\034|yV\224\356H\202\232n;\250"
 284      A5406278 
 284      8F1C7C79 
ARM GAS  /tmp/ccctuZgt.s 			page 22


 284      5694EE48 
 284      829A6E3B 
 285 06f1 6672489B 		.ascii	"frH\233\251\\5\203\357\204\035\373\314vP\315u\306\320"
 285      A95C3583 
 285      EF841DFB 
 285      CC7650CD 
 285      75C6D0
 286 0704 3A5EA6C4 		.ascii	":^\246\304\023\354<\253=s\264\306\016y\271\213\251}"
 286      13EC3CAB 
 286      3D73B4C6 
 286      0E79B98B 
 286      A97D
 287 0716 404552BB 		.ascii	"@ER\273\020\006\027X\016)2\3719V\003\035\206E\370\251"
 287      10061758 
 287      0E2932F9 
 287      3956031D 
 287      8645F8A9 
 288 072a 0B02BEE4 		.ascii	"\013\002\276\344\225\224<\302\322\322R\310KK\313\021"
 288      95943CC2 
 288      D2D252C8 
 288      4B4BCB11 
 289 073a DEC9EC04 		.ascii	"\336\311\354\004<\002\276/y\373A\025NT\262\352R\331"
 289      3C02BE2F 
 289      79FB4115 
 289      4E54B2EA 
 289      52D9
 290 074c B795C73B 		.ascii	"\267\225\307;\231\362`wC+\217\323\2312|->[\205\3672"
 290      99F26077 
 290      432B8FD3 
 290      99327C2D 
 290      3E5B85F7 
 291 0761 25FD65B7 		.ascii	"%\375e\267\240\302\007\231\222\372`\274@\201\2172\345"
 291      A0C20799 
 291      92FA60BC 
 291      40818F32 
 291      E5
 292 0772 6CCD3D6F 		.ascii	"l\315=o\366^\272\020\264\312\376G\006\3617\342\000\002"
 292      F65EBA10 
 292      B4CAFE47 
 292      06F137E2 
 292      0002
 293 0784 BD3BFE59 		.ascii	"\275;\376Y\2473>I\241\016q\327\236\326\223<\204C\331"
 293      A7333E49 
 293      A10E71D7 
 293      9ED6933C 
 293      8443D9
 294 0797 93BE9192 		.ascii	"\223\276\221\222\003\256=\347\255\254\246\355Bz0=\341"
 294      03AE3DE7 
 294      ADACA6ED 
 294      427A303D 
 294      E1
 295 07a8 3E878895 		.ascii	">\207\210\225\316\021v\361\234=\212\205#\036\024|L\016"
 295      CE1176F1 
 295      9C3D8A85 
 295      231E147C 
 295      4C0E
 296 07ba 96649555 		.ascii	"\226d\225U\244\213!\322'y\322W*\206\271\014\302\374"
ARM GAS  /tmp/ccctuZgt.s 			page 23


 296      A48B21D2 
 296      2779D257 
 296      2A86B90C 
 296      C2FC
 297 07cc 0584F10C 		.ascii	"\005\204\361\014"
 298 07d0 C869902F 		.ascii	"\310i\220/AN\201\224\203\224X\025\202\036\213\275\023"
 298      414E8194 
 298      83945815 
 298      821E8BBD 
 298      13
 299 07e1 727B3D72 		.ascii	"r{=r\347\232-\340\317\344`y\301\030\264`\217\333&\256"
 299      E79A2DE0 
 299      CFE46079 
 299      C118B460 
 299      8FDB26AE 
 300 07f5 97148CC6 		.ascii	"\227\024\214\306,LvU\251<\207\010\323\323,;\266q\011"
 300      2C4C7655 
 300      A93C8708 
 300      D3D32C3B 
 300      B67109
 301 0808 D751DB41 		.ascii	"\327Q\333A1\247\005\301wX,\027\331\364\222\201a\371"
 301      31A705C1 
 301      77582C17 
 301      D9F49281 
 301      61F9
 302 081a EA8DD953 		.ascii	"\352\215\331Sv\270\224.\037_\234W3\256\226\277N\231"
 302      76B8942E 
 302      1F5F9C57 
 302      33AE96BF 
 302      4E99
 303 082c 438B2A20 		.ascii	"C\213* \242\377Ot\305i\275Ifu\226\214\263\344J)/\276"
 303      A2FF4F74 
 303      C569BD49 
 303      6675968C 
 303      B3E44A29 
 304 0842 34F5679E 		.ascii	"4\365g\236\274\353\342.\332K\232\323\036\367\203\306"
 304      BCEBE22E 
 304      DA4B9AD3 
 304      1EF783C6 
 305 0852 C84ECC68 		.ascii	"\310N\314h,\261z\001\253\264\312\222*\236\275\200U\321"
 305      2CB17A01 
 305      ABB4CA92 
 305      2A9EBD80 
 305      55D1
 306 0864 14296E6D 		.ascii	"\024)nm\352\023\177\233'\221m<}\273\273P\374\371\375"
 306      EA137F9B 
 306      27916D3C 
 306      7DBBBB50 
 306      FCF9FD
 307 0877 9090A594 		.ascii	"\220\220\245\224\357.t\3055,\003\256\014\027$8\261N"
 307      EF2E74C5 
 307      352C03AE 
 307      0C172438 
 307      B14E
 308 0889 13D177A5 		.ascii	"\023\321w\245}yZ\215\317\263\316\023\303\007v\211\235"
 308      7D795A8D 
 308      CFB3CE13 
ARM GAS  /tmp/ccctuZgt.s 			page 24


 308      C3077689 
 308      9D
 309 089a 7F00B5BC 		.ascii	"\177\000\265\274\365\354u%na}}\243\235\211\216\270\203"
 309      F5EC7525 
 309      6E617D7D 
 309      A39D898E 
 309      B883
 310 08ac 29A75EEC 		.ascii	")\247^\3549\256\302\335Ly|\342\213\203\366l\324\011"
 310      39AEC2DD 
 310      4C797CE2 
 310      8B83F66C 
 310      D409
 311 08be 623F2FD1 		.ascii	"b?/\321P&\246\225AML>3%\252\361\000\005\333\367\307"
 311      5026A695 
 311      414D4C3E 
 311      3325AAF1 
 311      0005DBF7 
 312 08d3 DD3FEE3C 		.ascii	"\335?\356<\223V\354E\340\372~\267\335\0029VIhk!\264"
 312      9356EC45 
 312      E0FA7EB7 
 312      DD023956 
 312      49686B21 
 313 08e8 CD709F89 		.ascii	"\315p\237\211]\015/{o\350\370%\331\020\004[/\307\316"
 313      5D0D2F7B 
 313      6FE8F825 
 313      D910045B 
 313      2FC7CE
 314 08fb 594C1AC9 		.ascii	"YL\032\311\361E\211\232\305eo\203%i\205\250_\004i\001"
 314      F145899A 
 314      C5656F83 
 314      256985A8 
 314      5F046901 
 315 090f 6907B900 		.ascii	"i\007\271\000r\311\222P`\353\316\214-\243\334V\235\334"
 315      72C99250 
 315      60EBCE8C 
 315      2DA3DC56 
 315      9DDC
 316 0921 AF5178E3 		.ascii	"\257Qx\343 \033\233\240\233\344\350j\336jc\003|b\201"
 316      201B9BA0 
 316      9BE4E86A 
 316      DE6A6303 
 316      7C6281
 317 0934 99FABC1C 		.ascii	"\231\372\274\034l\311>\361}}/\315\247\346Y\371D6\245"
 317      6CC93EF1 
 317      7D7D2FCD 
 317      A7E659F9 
 317      4436A5
 318 0947 34780639 		.ascii	"4x\0069\3239\336*E\032\257t\275T\340\021\226\"#u\237"
 318      D339DE2A 
 318      451AAF74 
 318      BD54E011 
 318      96222375 
 319 095c 1B1C672A 		.ascii	"\033\034g*\301T\016\255\004\0350\332d\331\335\315\263"
 319      C1540EAD 
 319      041D30DA 
 319      64D9DDCD 
 319      B3
ARM GAS  /tmp/ccctuZgt.s 			page 25


 320 096d 2B813994 		.ascii	"+\2019\224\3502D\360\307F\023lO\334,z\342l\235\037\266"
 320      E83244F0 
 320      C746136C 
 320      4FDC2C7A 
 320      E26C9D1F 
 321 0982 A8B81FE2 		.ascii	"\250\270\037\342i\332{n\310I\232\033W\254r\343\252\230"
 321      69DA7B6E 
 321      C8499A1B 
 321      57AC72E3 
 321      AA98
 322 0994 1B57696E 		.ascii	"\033Win\\\035\211\273\350`;)\271\037\237\221\350k\336"
 322      5C1D89BB 
 322      E8603B29 
 322      B91F9F91 
 322      E86BDE
 323 09a7 1DC89E1B 		.ascii	"\035\310\236\033\006\032\340=\215\355\372\272\336&\243"
 323      061AE03D 
 323      8DEDFABA 
 323      DE26A3
 324 09b6 93826759 		.ascii	"\223\202gYH\276\035B[g\342\266\036\007\332F\352X\027"
 324      48BE1D42 
 324      5B67E2B6 
 324      1E07DA46 
 324      EA5817
 325 09c9 4F1B4732 		.ascii	"O\033G2\356\352\346\374\362\330\315\223/\217\327x\361"
 325      EEEAE6FC 
 325      F2D8CD93 
 325      2F8FD778 
 325      F1
 326 09da D3E3B1DD 		.ascii	"\323\343\261\335\023\307U\342\247\307\251\242W\012\342"
 326      13C755E2 
 326      A7C7A9A2 
 326      570AE2
 327 09e9 8513306C 		.ascii	"\205\0230l\021\201\241N\313\252\300\243\365w\276\036"
 327      1181A14E 
 327      CBAAC0A3 
 327      F577BE1E 
 328 09f9 9E7CA46B 		.ascii	"\236|\244k\310\333Z\343\210\247\231\177]\306s\177~\255"
 328      C8DB5AE3 
 328      88A7997F 
 328      5DC6737F 
 328      7EAD
 329 0a0b 503019E0 		.ascii	"P0\031\340\3251\327\003\266\010\013T/c\221$\004i\371"
 329      D531D703 
 329      B6080B54 
 329      2F639124 
 329      0469F9
 330 0a1e 27FCD8E8 		.ascii	"'\374\330\350\343_\203a\207^Lf\273X\235<\310C\022\335"
 330      E35F8361 
 330      875E4C66 
 330      BB589D3C 
 330      C84312DD 
 331 0a32 7E31BAE4 		.ascii	"~1\272\344\356\032\253\337\264\302[\367qtx\224.<2\\"
 331      EE1AABDF 
 331      B4C25BF7 
 331      71747894 
 331      2E3C325C 
ARM GAS  /tmp/ccctuZgt.s 			page 26


 332 0a46 FFFBA54B 		.ascii	"\377\373\245K5>\033\303?\012\017\010\322D\305j6\006"
 332      353E1BC3 
 332      3F0A0F08 
 332      D244C56A 
 332      3606
 333 0a58 47683E8A 		.ascii	"Gh>\212\012\216\011\215\325\004\255\327\005\255\177"
 333      0A8E098D 
 333      D504ADD7 
 333      05AD7F
 334 0a67 7785F79A 		.ascii	"w\205\367\232\025:_\377 \237\200\277\370i?`}KC\354\337"
 334      153A5FFF 
 334      209F80BF 
 334      F8693F60 
 334      7D4B43EC 
 335 0a7c 7EEFFD45 		.ascii	"~\357\375E>\313\227so\376\244\341\234\223N\027\026\034"
 335      3ECB9773 
 335      6FFEA4E1 
 335      9C934E17 
 335      161C
 336 0a8e 13F10975 		.ascii	"\023\361\011u\301\201\266\372\303\323<\346\\HDT\310"
 336      C181B6FA 
 336      C3D33CE6 
 336      5C484454 
 336      C8
 337 0a9f BF6897F7 		.ascii	"\277h\227\367l\372\350\250\030=a\007j\215h`\313\026"
 337      6CFAE8A8 
 337      183D6107 
 337      6A8D6860 
 337      CB16
 338 0ab1 D2A38B88 		.ascii	"\322\243\213\210\010]\272\221S\372\254y[\353\255\326"
 338      085DBA91 
 338      53FAAC79 
 338      5BEBADD6 
 339 0ac1 E9368747 		.ascii	"\3516\207G\352\201L\277R\26396F\023\034\263\351\215"
 339      EA814CBF 
 339      52B33936 
 339      46131CB3 
 339      E98D
 340 0ad3 C8A8C8B0 		.ascii	"\310\250\310\2607\302\202?\012\327\204G\206Dl\016\015"
 340      37C2823F 
 340      0AD78447 
 340      86446C0E 
 340      0D
 341 0ae4 D36C0A0E 		.ascii	"\323l\012\016\331\030\036\031\246\321\205\206m\010\336"
 341      D9181E19 
 341      A6D18586 
 341      6D08DE
 342 0af3 1CA1D7E9 		.ascii	"\034\241\327\351?\211\016\213\005\026{\363\350\337}"
 342      3F890E8B 
 342      05167BF3 
 342      E8DF7D
 343 0b02 CFE8D84F 		.ascii	"\317\350\330Ob5\272X}(@a\210\335\252\265\253\265A\353"
 343      6235BA58 
 343      7D284061 
 343      88DDAAB5 
 343      ABB541EB 
 344 0b16 B5D82748 		.ascii	"\265\330'H\253X\355\353\243\265[\025\270z\271\337{\364"
ARM GAS  /tmp/ccctuZgt.s 			page 27


 344      AB58EDEB 
 344      A3B55B15 
 344      B87AB9DF 
 344      7BF4
 345 0b28 EE0D7715 		.ascii	"\356\015w\025\000\340fO\232\011\220<x\263\021\376Z\005"
 345      00E0664F 
 345      9A09903C 
 345      78B311FE 
 345      5A05
 346 0b3a 719BF7D1 		.ascii	"q\233\367\321R\367W\254\264\236wH\324\246MQ\221\232"
 346      52F757AC 
 346      B49E7748 
 346      D4A64D51 
 346      919A
 347 0b4c B02D7A98 		.ascii	"\260-z\230\262d\3264\\\033V,[\261%\004\034p\324\372"
 347      B264D634 
 347      5C1B562C 
 347      5BB12504 
 347      1C70D4FA 
 348 0b60 F8E8D6C3 		.ascii	"\370\350\326\303\004|\3036(V\255\321\256S\256\013\360"
 348      047CC336 
 348      2856ADD1 
 348      AE53AE0B 
 348      F0
 349 0b71 79077C09 		.ascii	"y\007|\011\322j\321_\321ZeH\004\004]\214\314\3627uz"
 349      D26AD15F 
 349      D15A6548 
 349      04045D8C 
 349      CCF23775 
 350 0b86 7BF3038E 		.ascii	"{\363\003\216\015\323\333XIi\250\327\255\363\325\274"
 350      0DD3DB58 
 350      4969A8D7 
 350      ADF3D5BC 
 351 0b96 1DE81FF0 		.ascii	"\035\350\037\360oo\215e\007\201Q\034\340\253\305\376"
 351      6F6F8D65 
 351      0781511C 
 351      E0ABC5FE 
 352 0ba6 BE5A65E0 		.ascii	"\276Ze\340\373\201\276Z\273\200\240@??_\255*`\375\007"
 352      FB81BE5A 
 352      BB80A040 
 352      3F3F5FAD 
 352      2A60FD07 
 353 0bba 817E5AE5 		.ascii	"\201~Z\345\273\001\276~Z\342\313Z'\311\276\323+\202"
 353      BB01BE7E 
 353      5AE2CB5A 
 353      27C9BED3 
 353      2B82
 354 0bcc 37C444E0 		.ascii	"7\304D\340\250\320\030e\364\346\350\320\030\273\250"
 354      A8D01865 
 354      F4E6E8D0 
 354      18BBA8
 355 0bdb D8E8B0B0 		.ascii	"\330\350\260\260\320\030U\024\011\177\214rSThX\014\301"
 355      D0185514 
 355      097F8C72 
 355      53546858 
 355      0CC1
 356 0bed 6C74A278 		.ascii	"lt\242x\360ns\264N\257\012\364\363\015\326\007\253\002"
ARM GAS  /tmp/ccctuZgt.s 			page 28


 356      F06E73B4 
 356      4EAF0AF4 
 356      F30DD607 
 356      AB02
 357 0bff 7DD9CD87 		.ascii	"}\331\315\207\335V\263\333*v[Cn\316tXHT\344\206\360"
 357      DD56B3DB 
 357      2A765B43 
 357      6ECE7458 
 357      4854E486 
 358 0c14 8F757A87 		.ascii	"\217uz\207\231\315\356N\237\314k\315\372\377\007B\031"
 358      99CDEE4E 
 358      9FCC6BCD 
 358      FAFF0742 
 358      19
 359 0c25 5146     		.ascii	"QF"
 360              		.text
 361              		.section	.gnu.lto_.symtab.8c3943712e9bfae9,"",%progbits
 362 0000 5F5F6561 		.ascii	"__early_init\000"
 362      726C795F 
 362      696E6974 
 362      00
 363 000d 00       		.ascii	"\000"
 364 000e 00       		.ascii	"\000"
 365 000f 00       		.ascii	"\000"
 366 0010 00000000 		.ascii	"\000\000\000\000\000\000\000\000"
 366      00000000 
 367 0018 BD000000 		.ascii	"\275\000\000\000"
 368 001c 626F6172 		.ascii	"boardInit\000"
 368      64496E69 
 368      7400
 369 0026 00       		.ascii	"\000"
 370 0027 00       		.ascii	"\000"
 371 0028 00       		.ascii	"\000"
 372 0029 00000000 		.ascii	"\000\000\000\000\000\000\000\000"
 372      00000000 
 373 0031 BF000000 		.ascii	"\277\000\000\000"
 374 0035 73746D33 		.ascii	"stm32_clock_init\000"
 374      325F636C 
 374      6F636B5F 
 374      696E6974 
 374      00
 375 0046 00       		.ascii	"\000"
 376 0047 02       		.ascii	"\002"
 377 0048 00       		.ascii	"\000"
 378 0049 00000000 		.ascii	"\000\000\000\000\000\000\000\000"
 378      00000000 
 379 0051 C1000000 		.ascii	"\301\000\000\000"
 380              		.text
 381              		.section	.gnu.lto_.opts,"",%progbits
 382 0000 272D666D 		.ascii	"'-fmath-errno' '-fsigned-zeros' '-ftrapping-math' '"
 382      6174682D 
 382      6572726E 
 382      6F272027 
 382      2D667369 
 383 0033 2D666E6F 		.ascii	"-fno-trapv' '-fno-openmp' '-fno-openacc' '-mcpu=cor"
 383      2D747261 
 383      70762720 
ARM GAS  /tmp/ccctuZgt.s 			page 29


 383      272D666E 
 383      6F2D6F70 
 384 0066 7465782D 		.ascii	"tex-m4' '-mfloat-abi=hard' '-mfpu=fpv4-sp-d16' '-mn"
 384      6D342720 
 384      272D6D66 
 384      6C6F6174 
 384      2D616269 
 385 0099 6F2D7468 		.ascii	"o-thumb-interwork' '-mthumb' '-O3' '-fomit-frame-po"
 385      756D622D 
 385      696E7465 
 385      72776F72 
 385      6B272027 
 386 00cc 696E7465 		.ascii	"inter' '-falign-functions=16' '-ffunction-sections'"
 386      72272027 
 386      2D66616C 
 386      69676E2D 
 386      66756E63 
 387 00ff 20272D66 		.ascii	" '-fdata-sections' '-fno-common' '-flto'\000"
 387      64617461 
 387      2D736563 
 387      74696F6E 
 387      73272027 
 388              		.text
 389              		.comm	__gnu_lto_v1,1,1
 390              		.comm	__gnu_lto_slim,1,1
 391              		.ident	"GCC: (GNU Tools for Arm Embedded Processors 7-2018-q3-update) 7.3.1 20180622 (release) [AR
ARM GAS  /tmp/ccctuZgt.s 			page 30


DEFINED SYMBOLS
                            *ABS*:0000000000000000 board.c
                            *COM*:0000000000000001 __gnu_lto_v1
                            *COM*:0000000000000001 __gnu_lto_slim

NO UNDEFINED SYMBOLS
