ARM GAS  /tmp/ccg6N3Uf.s 			page 1


   1              		.cpu cortex-m4
   2              		.eabi_attribute 27, 1
   3              		.eabi_attribute 28, 1
   4              		.eabi_attribute 20, 1
   5              		.eabi_attribute 21, 1
   6              		.eabi_attribute 23, 3
   7              		.eabi_attribute 24, 1
   8              		.eabi_attribute 25, 1
   9              		.eabi_attribute 26, 1
  10              		.eabi_attribute 30, 2
  11              		.eabi_attribute 34, 1
  12              		.eabi_attribute 18, 4
  13              		.file	"chcore_v7m.c"
  14              		.section	.gnu.lto_.profile.2f03b5aa37022241,"",%progbits
  15 0000 789C6363 		.ascii	"x\234cc```\001bF\006c9\000\000\374\000]"
  15      60606001 
  15      62460663 
  15      390000FC 
  15      005D
  16              		.text
  17              		.section	.gnu.lto_.icf.2f03b5aa37022241,"",%progbits
  18 0000 789C6363 		.ascii	"x\234cc``\020a@\000f\206O\0353\32721_\370\277h\"\027"
  18      60601061 
  18      40006686 
  18      4F1D33D7 
  18      32315FF8 
  19 0018 CBB467B3 		.ascii	"\313\264g\263\276\3631\000\000_\263\011\016"
  19      BEF33100 
  19      005FB309 
  19      0E
  20              		.text
  21              		.section	.gnu.lto_.jmpfuncs.2f03b5aa37022241,"",%progbits
  22 0000 789C6363 		.ascii	"x\234cc``\340c@\000f\030\311\002\242\001\002\224\000"
  22      6060E063 
  22      40006618 
  22      C902A201 
  22      029400
  23 0013 1F       		.ascii	"\037"
  24              		.text
  25              		.section	.gnu.lto_.inline.2f03b5aa37022241,"",%progbits
  26 0000 789C6363 		.ascii	"x\234cc``\360f@\000f\006\006\001qF\006&\221\013=\214"
  26      6060F066 
  26      40006606 
  26      06017146 
  26      0626910B 
  27 0016 0C6C0BE4 		.ascii	"\014l\013\344\231@\202\214\214@\202\211\033,\315\305"
  27      9940828C 
  27      8C408289 
  27      1B2CCDC5 
  28 0026 0994E5DB 		.ascii	"\011\224\345\333\220\013\227da\340\342\006\012\361\234"
  28      900B9764 
  28      61E0E206 
  28      0AF19C
  29 0035 8940A8E7 		.ascii	"\211@\250\347\002\221\000 z\006\357"
  29      02910020 
  29      7A06EF
  30              		.text
ARM GAS  /tmp/ccg6N3Uf.s 			page 2


  31              		.section	.gnu.lto_.pureconst.2f03b5aa37022241,"",%progbits
  32 0000 789C6363 		.ascii	"x\234cc``\340\002bf\206]\214\314\273\030Yv1\002\000"
  32      6060E002 
  32      6266865D 
  32      8CCCBB18 
  32      59763102 
  33 0015 0C38024C 		.ascii	"\0148\002L"
  34              		.text
  35              		.section	.gnu.lto__port_irq_epilogue.part.0.2f03b5aa37022241,"",%progbits
  36 0000 789C9D55 		.ascii	"x\234\235U\333O\034e\024\377\316|3\263\313\272\013u"
  36      DB4F1C65 
  36      14FFCE7C 
  36      33B3CBBA 
  36      0B75
  37 0012 F541933E 		.ascii	"\365A\223>\300\003i\2324\214\321\207>\250\017\206\304"
  37      C003699A 
  37      348CD187 
  37      3EA80F86 
  37      C4
  38 0023 A426A486 		.ascii	"\244&\244\206\375\003\032\235R!\026\226\354n\015\321"
  38      FD031A9D 
  38      52211696 
  38      EC6E0DD1 
  39 0033 07069685 		.ascii	"\007\006\226\205-\220\332\030\330\326\355\340\022jZ"
  39      2D90DA18 
  39      D8D6EDE0 
  39      126A5A
  40 0042 D4508B55 		.ascii	"\324P\213U\013T\356\245\024\265\245-\224ji\221\260-"
  40      0B54EEA5 
  40      14B5A52D 
  40      946A6991 
  40      B02D
  41 0054 B1F49294 		.ascii	"\261\364\222\224\340\205\222v=\347\233)\227\212\211"
  41      E0859276 
  41      3DE79B29 
  41      978A89
  42 0063 BAC97C97 		.ascii	"\272\311|\2273\347\234\337\271\374\316\254\312\030{"
  42      33E79CDF 
  42      B9FCCEAC 
  42      CA187B
  43 0072 5F65EC73 		.ascii	"_e\354s\334_\307\007\034\014\324\375\347\361\240\202"
  43      DC5FC707 
  43      1C0CD4FD 
  43      E7F1A082 
  44 0082 247649E2 		.ascii	"$vI\342\321M\314p\311\264\2729($\255p\312\217\017\012"
  44      D14DCC70 
  44      C9B4BA39 
  44      2824AD70 
  44      CA8F0F0A 
  45 0096 001D0C27 		.ascii	"\000\035\014'\260rU\342\262\002\345P\317\0338\014\324"
  45      B07255E2 
  45      B202E550 
  45      CF1B380C 
  45      D4
  46 00a7 CC764A9B 		.ascii	"\314vJ\233\217\032\370\353;\260\340\2506\"\317\231\234"
  46      8F1AF8EB 
  46      3BB0E0A8 
ARM GAS  /tmp/ccg6N3Uf.s 			page 3


  46      3622CF99 
  46      9C
  47 00b8 B1183EF4 		.ascii	"\261\030>\364\203\023\260\231\241\332L\373\243F\217"
  47      8313B099 
  47      A1DA4CFB 
  47      A3468F
  48 00c7 2A931CBE 		.ascii	"*\223\034\276\006U,\200\362\213U\307M^\307M\016 \343"
  48      06552C80 
  48      F28B55C7 
  48      4D5EC74D 
  48      0E20E3
  49 00da F5FEB978 		.ascii	"\365\376\271x2\235\256\022d\342\265v\344FK\006\177\021"
  49      329DAE12 
  49      64E2B576 
  49      E4464B06 
  49      7F11
  50 00ec C8C35CEF 		.ascii	"\310\303\\\357\255Ew\366a\303\2504\372~Ox\017\207\215"
  50      AD4577F6 
  50      61C3A834 
  50      FA7E4F78 
  50      0F878D
  51 00ff B3866C72 		.ascii	"\263\206lr\016'\201\223\327oa#|\003\033\005\352\012"
  51      0E278193 
  51      D76F6123 
  51      7C031B05 
  51      EA0A
  52 0111 207440B6 		.ascii	" t@\266\005\326\211\250\313\362*\021\357Dk:#y\214\303"
  52      05D689A8 
  52      CBF22A11 
  52      EF446B3A 
  52      23798CC3 
  53 0125 EA18A10B 		.ascii	"\352\030\241\013\325OQ\220\270\000c\024X\373\335\305"
  53      D54F5190 
  53      B8006314 
  53      58FBDDC5 
  54 0135 7E95D03F 		.ascii	"~\225\320?B\263\204;\336\332W\225ir+\237\325\310\360"
  54      42B3843B 
  54      DEDA5795 
  54      69722B9F 
  54      D5C8F0
  55 0148 1D64A3FA 		.ascii	"\035d\243\372l\335P\217\203o\025n\177[h?\242\332\201"
  55      6CDD508F 
  55      836F156E 
  55      7F5B683F 
  55      A2DA81
  56 015b FF31FCF2 		.ascii	"\3771\374\362\330P\265\261\277\337\211\306\320\375\367"
  56      D850B5B1 
  56      BFDF89C6 
  56      D0FDF7
  57 016a C8A147D8 		.ascii	"\310\241G\330\257\206\303\252\036\011GD\262\353\340"
  57      AF86C3AA 
  57      1E094744 
  57      B2EBE0
  58 0179 F54236E5 		.ascii	"\365B6\345\370\345%\3050\036\245j\014\343\352K\336\015"
  58      F8E525C5 
  58      301EA56A 
  58      0CE3EA4B 
ARM GAS  /tmp/ccg6N3Uf.s 			page 4


  58      DE0D
  59 018b 20FC488C 		.ascii	" \374H\214\336p\261\312\314\344\212\202\213\252\322"
  59      DE70B1CA 
  59      CCE48A82 
  59      8BAAD2
  60 019a C9818B83 		.ascii	"\311\201\213\203\261(v\211\332\032\345*\355|/\227\304"
  60      B1287689 
  60      DA1AE52A 
  60      ED7C2F97 
  60      C4
  61 01ab 7E07C2D3 		.ascii	"~\007\302\323K\311\373\325\036Q\006\214\247\263\363"
  61      4BC9FBD5 
  61      1E51068C 
  61      A7B3F3
  62 01ba CEA4A3FC 		.ascii	"\316\244\243\374\241\201a;c\330\234.\252N\037\224\243"
  62      A181613B 
  62      63D89C2E 
  62      AA4E1F94 
  62      A3
  63 01cb 9B34761B 		.ascii	"\2334v\033*Z\222\011\376Dq\017\230\2567\354\352\362"
  63      2A5A9209 
  63      FE44710F 
  63      98AE37EC 
  63      EAF2
  64 01dd D50DE9A1 		.ascii	"\325\015\351\241\206\364ca\007\310\207X\030\373\000"
  64      86F46361 
  64      07C88758 
  64      18FB00
  65 01ec 1562FB62 		.ascii	"\025b\373b\0119+\012\011\343 \226\326E6\017g\"\3114"
  65      09392B0A 
  65      09E32096 
  65      D645360F 
  65      6722C934 
  66 0200 59C23407 		.ascii	"Y\3024\007!K\264\365\314\314\211.\025%p\032\3448\266"
  66      214BB4F5 
  66      CCCC892E 
  66      1525701A 
  66      E438B6
  67 0213 8DC110C8 		.ascii	"\215\301\020\310l\026*\247\227\302)7\271#\000zC\262"
  67      6C162AA7 
  67      97C22937 
  67      B923007A 
  67      43B2
  68 0225 BA7D435E 		.ascii	"\272}C^\012A\200\2629\250\234\257\371\214\223 \316%"
  68      0A4180B2 
  68      39A89CAF 
  68      F98C9320 
  68      CE25
  69 0237 5B2753BC 		.ascii	"['S\274\357 \033\0115\302fu\333\330NK\205\243\010!\027"
  69      EF201B09 
  69      35C26675 
  69      DBD84E4B 
  69      85A30821 
  70 024c 3B8E762B 		.ascii	";\216v+\026E\017\246R\251\0148\203\265_k\311\311\367"
  70      16450FA6 
  70      52A90C38 
  70      83B55F6B 
ARM GAS  /tmp/ccg6N3Uf.s 			page 5


  70      C9C9F7
  71 025f C2AF4D11 		.ascii	"\302\257M\021\027\311\320\246/y\310T\311\206[6D\203"
  71      17C9D0A6 
  71      2F79C854 
  71      C9865B36 
  71      4483
  72 0271 930D23CE 		.ascii	"\223\015#\316f\370\004L\376\024:\206a\352 \312\347\357"
  72      66F8044C 
  72      FE143A86 
  72      61EA20CA 
  72      E7EF
  73 0283 8D7DCAB5 		.ascii	"\215}\312\2656\252Y\363.\223\273\341,4C\243\030\037"
  73      36AA59F3 
  73      2E93BBE1 
  73      2C3443A3 
  73      181F
  74 0295 18018D66 		.ascii	"\030\001\215f\344\346\203\3214r\246\002*9\341{\264\234"
  74      E4E683D1 
  74      3472A602 
  74      2A39E17B 
  74      B49C
  75 02a7 8381AE5B 		.ascii	"\203\201\256[\211\210\327\212\224\030\032\213\014\214"
  75      8988D78A 
  75      94181A8B 
  75      0C8C
  76 02b5 3A48CB23 		.ascii	":H\313#XW{\375\303cN\353z|*l\244\243h\252\345\302\230"
  76      58577BFD 
  76      C3634EEB 
  76      7A7C2A6C 
  76      A4A368AA 
  77 02cc C78A201D 		.ascii	"\307\212 \035~D\022\375`\207P\231\350\237vb\010U\025"
  77      7E4412FD 
  77      60875099 
  77      E89F7662 
  77      085515
  78 02df 06563E03 		.ascii	"\006V>\003\316\211\010\200\"8\017\232U\267N\305\202"
  78      CE890880 
  78      22380F9A 
  78      55B74EC5 
  78      82
  79 02f0 52108D24 		.ascii	"R\020\215$\343\265\037+v\262\377:\263Q\341W\"\277\027"
  79      E3B51F2B 
  79      76B2FF3A 
  79      B351E157 
  79      22BF17
  80 0303 40435F96 		.ascii	"@C_\226\353\356\313\317Z\276\251\346\313\225E\007\303"
  80      EBEECBCF 
  80      5ABEA9E6 
  80      CB954507 
  80      C3
  81 0314 B76F3439 		.ascii	"\267o49y=\210\204\352\277\230?\306\3551\242\0114\254"
  81      793D8884 
  81      EABF983F 
  81      C6ED31A2 
  81      0934AC
  82 0327 09848BEB 		.ascii	"\011\204\213\353\014\321%j\212J\304\234Y\032l\364<\311"
  82      0CD1256A 
ARM GAS  /tmp/ccg6N3Uf.s 			page 6


  82      8A4AC49C 
  82      591A6CF4 
  82      3CC9
  83 0339 CC099742 		.ascii	"\314\011\227B*6;\3455\263?\206=\035'R\216\213\331g\207"
  83      2A363BE5 
  83      35B33F86 
  83      3D1D2752 
  83      8E8BD967 
  84 034e E82BD592 		.ascii	"\350+\325\222\370\352OWV\253M\315\015d\320\226<e8\005"
  84      F8EA4F57 
  84      56AB4DCD 
  84      0D64D096 
  84      3C653805 
  85 0362 352FDBD4 		.ascii	"5/\333\324\274\026\357jp\0215'\210\232\370\265\205+"
  85      BC16EF6A 
  85      70113527 
  85      889AF8B5 
  85      852B
  86 0374 16352DA2 		.ascii	"\0265-\242\020 \303\301j\356m|\336J\327\261v\260\236"
  86      1020C3C1 
  86      6AEE6D7C 
  86      DE4AD7B1 
  86      76B09E
  87 0387 8E614118 		.ascii	"\216aA\030\374$\246\312\313nB\325\344\340iXQ]n\260\003"
  87      FC24A6CA 
  87      CB6E42D5 
  87      E4E06958 
  87      515D6EB0 
  88 039c C7FB673B 		.ascii	"\307\373g;\325\275X\261\350&\216u|P\323t\245\031\376"
  88      D5BD58B1 
  88      E8268E75 
  88      7C50D374 
  88      A519FE
  89 03af 434B4AA8 		.ascii	"CKJ\250%WEK\210m0)\310\3668\240(j\314\243\37131\221"
  89      2557454B 
  89      886D3029 
  89      C8F638A0 
  89      286ACCA3 
  90 03c7 CA358C8A 		.ascii	"\3125\214\212\320\344e\264\273\377\003\355\372\012\332"
  90      D0E465B4 
  90      BBFF03ED 
  90      FA0ADA
  91 03d6 D43FA1E1 		.ascii	"\324?\241\341g\011~\261\321\024\3615\272\007\222\365"
  91      67097EB1 
  91      D114F135 
  91      BA0792F5 
  92 03e6 6712454E 		.ascii	"g\022EN\242\000oZN\216\226[X\364v\321v\237\346\017j"
  92      A2006F5A 
  92      4E8E965B 
  92      58F476D1 
  92      769FE60F 
  93 03fb BABFB8D8 		.ascii	"\272\277\270\330_\242\225\372\003\241\240\366Z~^n^\231"
  93      5FA295FA 
  93      03A1A0F6 
  93      5A7E5E6E 
  93      5E99
  94 040d A617EAFE 		.ascii	"\246\027\352\376@\301\216\367\266\026\347\350L\326C"
ARM GAS  /tmp/ccg6N3Uf.s 			page 7


  94      40C18EF7 
  94      B616E7E8 
  94      4CD643
  95 041c 65A56AA0 		.ascii	"e\245j\240 \270gw\350\225um\013\312Bd\251\345\346\371"
  95      20B86777 
  95      E895756D 
  95      0BCA4264 
  95      A9E5E6F9 
  96 0430 B6F9B45C 		.ascii	"\266\371\264\\4\325\266\225\350\273\367\354,\320\364"
  96      34D5B695 
  96      E8BBF7EC 
  96      2CD0F4
  97 043f E2605170 		.ascii	"\342`Qp\307;\272\236S\310\334y\371\276\314\354\027\266"
  97      C73BBA9E 
  97      53C8DC79 
  97      F9BECCEC 
  97      17B6
  98 0451 6496064B 		.ascii	"d\226\006K\031\1775\300\322C\376\322\355\273\336\014"
  98      197F35C0 
  98      D243FED2 
  98      EDBBDE0C 
  99 0461 F8755FE8 		.ascii	"\370u_\350-\375]w\236/\237\336mA%&\005\330_\352}K\350"
  99      2DFD5D77 
  99      9E2F9FDE 
  99      6D412526 
  99      05D85FEA 
 100              		.text
 101              		.section	.gnu.lto_SVC_Handler.2f03b5aa37022241,"",%progbits
 102 0000 789C9594 		.ascii	"x\234\225\224\375O[U\030\307\237\347\236\313m\007\205"
 102      FD4F5B55 
 102      18C79FE7 
 102      9ECB6D07 
 102      85
 103 0011 2DFE6624 		.ascii	"-\376f$\246\304\220\270d\341\032\177\231\211\372\203"
 103      A6C490B8 
 103      64E11A7F 
 103      9989FA83 
 104 0021 E117F703 		.ascii	"\341\027\367\003\331B\377\000\262]\353h\\\327\246\355"
 104      D942FF00 
 104      B25DEB68 
 104      5CD7A6ED 
 105 0031 0C8B3FEC 		.ascii	"\014\213?\354\3222`Pu\211\200\244\026\213]\246\030\262"
 105      D2326050 
 105      758980A4 
 105      168B5DA6 
 105      18B2
 106 0043 CA863AC7 		.ascii	"\312\206:\307\\)T`o\354\205\027_'\3162\211\203\304D"
 106      5C295460 
 106      6FEC8517 
 106      5F27CE32 
 106      8983C444 
 107 0057 32DFD20D 		.ascii	"2\337\322\015|\236s\273\2711\022\263\233\334\323\236"
 107      7C9E73BB 
 107      B93112B3 
 107      9BDCD39E 
 108 0067 F3BC7C9F 		.ascii	"\363\274|\237\347s\316\271\032\000\324\025\001\344\351"
 108      E773CEB9 
ARM GAS  /tmp/ccg6N3Uf.s 			page 8


 108      1A00D415 
 108      01E4E9
 109 0076 F7097A51 		.ascii	"\367\011zQ\000*\207/\0014\332\025D\376c\332\021\016"
 109      002A872F 
 109      0134DA15 
 109      44FE63DA 
 109      110E
 110 0088 287800A3 		.ascii	"(x\000\243\242C\340h\313\302)e\363G&=\231wo?n\366e0"
 110      A243E068 
 110      CBC22965 
 110      F347263D 
 110      99776F3F 
 111 00a0 2E00BAE8 		.ascii	".\000\272\350\345\007\007q3\220\333\325\246\201\270"
 111      E5070771 
 111      3390DBD5 
 111      A681B8
 112 00af 68177181 		.ascii	"h\027q\201\250\322\364\367\311\330|\031O\025t\322\264"
 112      A8D2F4F7 
 112      C9D87C19 
 112      4F1574D2 
 112      B4
 113 00c0 EDDC8DE4 		.ascii	"\355\334\215\344F\361,\262\347\342\360\315\177\034\225"
 113      46F12CB2 
 113      E7E2F0CD 
 113      7F1C95
 114 00cf 474C336C 		.ascii	"GL3lf\306\273\237LF\314\263\246\032\027\002?GAY\361"
 114      66C6BB9F 
 114      4C46CCB3 
 114      A61A1702 
 114      3F474159 
 115 00e4 332CC74F 		.ascii	"3,\307O\261\\f'\367\334\361\225\316RM\305\223Xi\211"
 115      B15C6627 
 115      F7DCF195 
 115      CE524DC5 
 115      93586989 
 116 00f8 E217A801 		.ascii	"\342\027\250\001\002(\274D\016\013\355ci\233\330*s\377"
 116      0228BC44 
 116      0E0BED63 
 116      699BD82A 
 116      73FF
 117 010a 71EBF887 		.ascii	"q\353\370\207Z!\367_\023\317O\2175\233\207G\354q\241"
 117      5A21F75F 
 117      13CF4F8F 
 117      359B8747 
 117      EC71A1
 118 011d E2A98793 		.ascii	"\342\251\207\223\343\020V~2U\2241WV[\250\267\362\226"
 118      E310567E 
 118      32559431 
 118      57565BA8 
 118      B7F296
 119 0130 89B99852 		.ascii	"\211\271\230R\214\020\027E\012\017\202\007\222\"\031"
 119      8C101745 
 119      0A0F8207 
 119      922219
 120 013f 9B1CED32 		.ascii	"\233\034\3552\004\240\225\312 Pf\006\016\011\205\377"
 120      04A095CA 
 120      20506606 
ARM GAS  /tmp/ccg6N3Uf.s 			page 9


 120      0E0985FF 
 121 014f 4532B088 		.ascii	"E2\260\210\243C7\243Y\033W\027\023H\265t\035\034\275"
 121      A34337A3 
 121      591B5717 
 121      1348B574 
 121      1D1CBD
 122 0162 6C63049A 		.ascii	"lc\004\232,\255\355\307\267Svk:0\0271\313hi.ye\272\264"
 122      2CADEDC7 
 122      B753766B 
 122      3A301731 
 122      CB68692E 
 123 017a 17DF6F24 		.ascii	"\027\337o$\266\316\270\260\341\227T\335i\256\216\214"
 123      B6CEB8B0 
 123      E19754DD 
 123      69AE8E8C 
 124 018a E1C4C875 		.ascii	"\341\304\310u\273~\314l\"\334v<\203\275\330)\221c\032"
 124      BB7ECC6C 
 124      22DC763C 
 124      83BDD829 
 124      91631A
 125 019d 75528BDC 		.ascii	"uR\213\334nFKK\261\344\346.D\363\222x\021\256\254\256"
 125      6E464B4B 
 125      B1E4E62E 
 125      44F39278 
 125      11AEACAE 
 126 01b1 AE6EC461 		.ascii	"\256n\304aJDU\315\264I\277G\223\313\374'7\202:i\300"
 126      4A4455CD 
 126      B449BF47 
 126      93CBFC27 
 126      37823A69 
 127 01c6 1236E6F2 		.ascii	"\0226\346\362\221U\307\275\035i\262N\304\200\366\262"
 127      9155C7BD 
 127      1D69B24E 
 127      C480F6B2 
 128 01d6 DC912E81 		.ascii	"\334\221.\201\367\357\026s\302Q\3240\313\233\225\265"
 128      F7EF1673 
 128      C251D430 
 128      CB9B95B5 
 129 01e6 76EC0DA6 		.ascii	"v\354\015\246\362VWB\255h\305\204\331M5l\340\230;\271"
 129      F2565742 
 129      AD68C584 
 129      D94D356C 
 129      E0983BB9 
 130 01fa 83F31B54 		.ascii	"\203\363\033T\205\264\276\302\012Y\314xnpH\243\025\034"
 130      85B4BEC2 
 130      0A59CC78 
 130      6E7048A3 
 130      151C
 131 020c 433526EC 		.ascii	"C5&\354d\031G\025\0260|\235K\340t,\300\026^k\357\216"
 131      64194715 
 131      16307C9D 
 131      4BE0742C 
 131      C0165E6B 
 132 0222 3CC62558 		.ascii	"<\306%X\233\263\210\341\345\226C\302b\243\025|\234\322"
 132      9BB388E1 
 132      E59643C2 
 132      62A3157C 
ARM GAS  /tmp/ccg6N3Uf.s 			page 10


 132      9CD2
 133 0234 7E926334 		.ascii	"~\222c4\206\027o\236\034,\267\\l\264D\222\327\222\035"
 133      86176F9E 
 133      1C2CB75C 
 133      6CB44492 
 133      D7921D
 134 0247 4755EBFC 		.ascii	"GU\353\374\376\0128AT\036\014\263Y\211\357\014:\254"
 134      FE0A3841 
 134      541E0CB3 
 134      5989EF0C 
 134      3AAC
 135 0259 30C14B77 		.ascii	"0\301Kw](~b\351F\217]DQR\210\366/\247D\341\030\376\271"
 135      5D287E62 
 135      E9468F5D 
 135      44515288 
 135      F62FA744 
 136 0271 3B66669A 		.ascii	";ff\232\234|\006\317\256s\006\317qra\341\315v\226\256"
 136      9C7C06CF 
 136      AE7306CF 
 136      717261E1 
 136      CD7696AE 
 137 0285 C1FB4E5A 		.ascii	"\301\373NZc\217\002a\345>\302\200\347\251\264\013\014"
 137      638F0261 
 137      E53EC280 
 137      E7A9B40B 
 137      0C
 138 0296 9606820B 		.ascii	"\226\006\202\013\357\361)H&N\374]\\\321W\300[\314\001"
 138      EFF12948 
 138      264EFC5D 
 138      5CD157C0 
 138      5BCC01
 139 02a9 C7E64F9B 		.ascii	"\307\346O\233v\211\367b\001\357\265\330PG1\343\235d"
 139      7689F762 
 139      01EFB5D8 
 139      504731E3 
 139      9D64
 140 02bb BCB4CD78 		.ascii	"\274\264\315x\311\302k\365\313\2024\223jG\317O\015\227"
 140      C9C26BF5 
 140      CB823493 
 140      6A47CF4F 
 140      0D97
 141 02cd 887EABAD 		.ascii	"\210~\253\255\217S\037t\337\275\271?\245\236\356\211"
 141      8F531F74 
 141      DFBDB93F 
 141      A59EEE89 
 142 02dd B4BF69F6 		.ascii	"\264\277i\366\2067qk\227\327i\355\212\274\236\367\256"
 142      8637716B 
 142      97D769ED 
 142      8ABC9EF7 
 142      AE
 143 02ee 818A8057 		.ascii	"\201\212\200W\311\266\204\341\\\376H\376\241Vg\264B"
 143      C9B684E1 
 143      5CFE48FE 
 143      A15667B4 
 143      42
 144 02ff 9B02D698 		.ascii	"\233\002\326\230~H=\327G\311\247\330\250\2565.\366\010"
 144      7E483DD7 
ARM GAS  /tmp/ccg6N3Uf.s 			page 11


 144      47C9A7D8 
 144      A8AE352E 
 144      F608
 145 0311 56029C66 		.ascii	"V\002\234fs\321\003\210f\250\233YF4\313\210\020\346"
 145      73D10388 
 145      66A89B59 
 145      4634CB88 
 145      10E6
 146 0323 FF17D1D7 		.ascii	"\377\027\321\327\005D+\211\237\323%\214\350\033Te\325"
 146      05442B89 
 146      9FD3258C 
 146      E81B5465 
 146      D5
 147 0334 80DFCA0F 		.ascii	"\200\337\312\017[_:\373\213\243\342V!\272\204}\227S"
 147      5B5F3AFB 
 147      8BA3E256 
 147      21BA847D 
 147      9753
 148 0346 27664B64 		.ascii	"'fKd\364w\034\215\337\027`J\002\000\277\361\021\355"
 148      F4771C8D 
 148      DF17604A 
 148      0200BFF1 
 148      11ED
 149 0358 7F4A7EB6 		.ascii	"\177J~\266\370i\245\233B\337\014\362\327\253\252\364"
 149      F869A59B 
 149      42DF0CF2 
 149      D7ABAAF4 
 150 0368 EA7ACF2E 		.ascii	"\352z\317.\317v\227\356\013\352\206\317\353\365\355"
 150      CF7697EE 
 150      0BEA86CF 
 150      EBF5ED
 151 0377 D5FDBE40 		.ascii	"\325\375\276@(\250\277T[S]\323\240\033\365\206/\340"
 151      28A8BF54 
 151      5B535DD3 
 151      A01BF586 
 151      2FE0
 152 0389 AE7B7DAB 		.ascii	"\256{}\253\267\312\000\325\0105\370\265\200;\270oO\350"
 152      B7CA00D5 
 152      0835F8B5 
 152      803BB86F 
 152      4FE8
 153 039b 857563DD 		.ascii	"\205uc\335\015!\216\324\253k\\\333\\z5\205\352\333\366"
 153      0D218ED4 
 153      AB6B5CDB 
 153      5C7A3585 
 153      EADBF6
 154 03ae 1A7BF6BD 		.ascii	"\032{\366\275\342\326\015o\320\023\254\333m\030U\365"
 154      E2D60D6F 
 154      D013ACDB 
 154      6D1855F5 
 155 03be E0A8A975 		.ascii	"\340\250\251u9+\237\331\342\364\007\375 ^\014@Y\310"
 155      392B9FD9 
 155      E2F407FD 
 155      205E0C40 
 155      59C8
 156 03d0 E7DFFEEA 		.ascii	"\347\337\376\352\216\200\317p\205v\032\2579j\\\265l"
 156      8E80CF70 
ARM GAS  /tmp/ccg6N3Uf.s 			page 12


 156      85761AAF 
 156      396A5CB5 
 156      6C
 157 03e1 DB424EA0 		.ascii	"\333BN\240\004\300\266kg\320\275#\340y\264\202\353a"
 157      04C0B66B 
 157      67D0BD23 
 157      E079B482 
 157      EB61
 158 03f3 13E7E158 		.ascii	"\023\347\341X\177\300#s\331\274n\257/\260\037\376\005"
 158      7FC02373 
 158      D9BC6EAF 
 158      2FB01FFE 
 158      05
 159 0404 7BE8013B 		.ascii	"{\350\001;"
 160              		.text
 161              		.section	.gnu.lto__port_irq_epilogue.2f03b5aa37022241,"",%progbits
 162 0000 789C9553 		.ascii	"x\234\225S[O\023A\024>gg\267\255\024\010\217bx(1<h\014"
 162      5B4F1341 
 162      143E6767 
 162      B7AD1408 
 162      8F627828 
 163 0018 6B0CD117 		.ascii	"k\014\321\02751}\"\206h\340\007\020\251\2154\261\226"
 163      35317D22 
 163      8668E007 
 163      10A98D34 
 163      B196
 164 002a B468F0A9 		.ascii	"\264h\360\251S@\0205\306 T\304\"\0101H\302E\361F\271"
 164      53401035 
 164      C62054C4 
 164      22083148 
 164      C245F146 
 165 003f D6A2A272 		.ascii	"\326\242\242rG\215D\036\214(\250\200F\014\017\220 x"
 165      478D441E 
 165      8C28A880 
 165      460C0F90 
 165      2078
 166 0051 665B11C1 		.ascii	"f[\021\301h\234dwg\316\371\316|g\276\371V\007\000\263"
 166      689C6477 
 166      67CEF9CE 
 166      7C67BEF9 
 166      560700B3 
 167 0065 0C2048DF 		.ascii	"\014 H\337=\364\240\016P\2720\000\3401H\022{\037\013"
 167      3DF4A00E 
 167      50BA3000 
 167      E0314812 
 167      7B1F0B
 168 0078 3C42AE4F 		.ascii	"<B\256O\002\036\311P\021a\224C_\217AA\024\023n@pKLV"
 168      021EC950 
 168      11619443 
 168      5F8F4141 
 168      14136E40 
 169 0090 D08DE758 		.ascii	"\320\215\347X\011\303`\341\244_\332R\313i\004.\315\351"
 169      09C360E1 
 169      A45FDA52 
 169      CB69042E 
 169      CDE9
 170 00a2 0BF8A98D 		.ascii	"\013\370\251\215>\"\360\322#\006\336\306-@\260\361["
ARM GAS  /tmp/ccg6N3Uf.s 			page 13


 170      3E22F0D2 
 170      2306DEC6 
 170      2D40B0F1 
 170      5B
 171 00b3 4BA5513A 		.ascii	"K\245Q:9\024\307;\202\227&M#J\200/-\027\362\300b\015"
 171      3914C73B 
 171      8297264D 
 171      234A802F 
 171      2D17F2C0 
 172 00c9 56EC3748 		.ascii	"V\3547H\340c\310\304\013\3404!\211\221\007\240\210I"
 172      E063C8C4 
 172      0BE03421 
 172      899107A0 
 172      8849
 173 00db 62961780 		.ascii	"b\226\027\200I\224\304f\303\3717}\354,\3631\011eZ\316"
 173      4994C466 
 173      C3F9377D 
 173      EC2CF331 
 173      09655ACE 
 174 00ef F697BF8B 		.ascii	"\366\227\277\213\026K\206&Z^\1776\322ed;P \353\032\257"
 174      164B8626 
 174      5A5E7F36 
 174      D265643B 
 174      5020EB1A 
 175 0104 954526D4 		.ascii	"\225E&\324p\236\313\003\257z\266^\036\375\310y1G\037"
 175      709ECB03 
 175      AF7AB65E 
 175      1EFDC879 
 175      31471F
 176 0117 93F13E32 		.ascii	"\223\361>2j\006\357a\034\336\305\270P\263-\230@E\205"
 176      6A06EF61 
 176      1CDEC5B8 
 176      50B32D98 
 176      404585
 177 012a 9F78872C 		.ascii	"\237x\207,\366\223\321\204~\312Mc\356\370\364\371;o"
 177      F693D184 
 177      7ECA4D63 
 177      EEF8F4F9 
 177      3B6F
 178 013c 70E520F9 		.ascii	"p\345 \371\332y/\316\353\265\263x\031\302\232\324\363"
 178      DA792FCE 
 178      EBB5B378 
 178      19C29AD4 
 178      F3
 179 014d 0F7B6301 		.ascii	"\017{c\001[ENZ\233\033\271\302\004\023`\233H\263\325"
 179      5B454E5A 
 179      9B1BB9C2 
 179      0413609B 
 179      48B3D5
 180 0160 F2603BEA 		.ascii	"\362`;\352\260C\250C/$\215j\005gue\363|D|\013V\3622"
 180      B043A843 
 180      2F248D6A 
 180      05677565 
 180      F37C447C 
 181 0178 938F29A2 		.ascii	"\223\217)\242\240\341]\0337\310\022\365\334\211\361"
 181      A0E15D1B 
 181      37C812F5 
ARM GAS  /tmp/ccg6N3Uf.s 			page 14


 181      DC89F1
 182 0187 20225F67 		.ascii	" \"_g^\214I\024\301.\2724\3215`@\223\347Fg\367Dd|[\270"
 182      5E8C4914 
 182      C12EBA34 
 182      D1356040 
 182      93E74667 
 183 01a1 5A27B0DF 		.ascii	"Z'\260\337\032\233_\032\265\352\007\242\032\203(\223"
 183      1A9B5F1A 
 183      B5EA07A2 
 183      1A832893 
 184 01b1 B6B9264D 		.ascii	"\266\271&M\001\200)\014\266.T/\217\2428\\9\223\250\302"
 184      0180290C 
 184      B62E542F 
 184      8FA2385C 
 184      3993A8C2 
 185 01c5 7B2A38A8 		.ascii	"{*8\250\027\232\350\265\243z\374\355%Jh\311_\347\361"
 185      179AE8B5 
 185      A37AFCED 
 185      254A68C9 
 185      5FE7F1
 186 01d8 680A4D0D 		.ascii	"h\012M\015\317\015)Ux\325CG$\036\003>$e\273E\037\224"
 186      CF0D2955 
 186      78D54347 
 186      241E033E 
 186      2465BB45 
 187 01ee 2C3E5357 		.ascii	",>SW\027\2416\360|\217\310m\300GX\205\245\232E\3601"
 187      17A136F0 
 187      7C8FC86D 
 187      C0475885 
 187      A59A45F0 
 188 0203 AA4498B7 		.ascii	"\252D\230\267XP\247\204\350X\210\361s\337D\265v\013"
 188      5850A784 
 188      E85888F1 
 188      73DF44B5 
 188      760B
 189 0215 883C067B 		.ascii	"\210<\006{h\243\011\314\037\353N\012\203\010\3214\343"
 189      68A309CC 
 189      1FEB4E0A 
 189      8308D134 
 189      E3
 190 0226 5F880A21 		.ascii	"_\210\012!\000\237\204\357\260\210\004}\037K^\231A\246"
 190      009F84EF 
 190      B088047D 
 190      1F4B5E99 
 190      41A6
 191 0238 F98C807E 		.ascii	"\371\214\200~\377\314\230\336\375\235\033|,\302\313"
 191      FFCC98DE 
 191      FD9D1B7C 
 191      2CC2CB
 192 0247 64227D8A 		.ascii	"d\"}\212nr\231Q\303\313P\237\364\313[\277;f\347\277"
 192      6E729951 
 192      C3CB509F 
 192      F4CB5BBF 
 192      3B66E7BF 
 193 025b 1CF34C73 		.ascii	"\034\363Ls\314\212:2u\322\3737\307\224\033\303\216Q"
 193      CC8A3A32 
 193      75D2FB37 
ARM GAS  /tmp/ccg6N3Uf.s 			page 15


 193      C7941BC3 
 193      8E51
 194 026d D639A667 		.ascii	"\3269\246g\363&\300>\221\323\255\315MU0\301\004\330"
 194      F326C03E 
 194      91D3ADCD 
 194      4D5530C1 
 194      04D8
 195 027f BFDE3103 		.ascii	"\277\3361\003d\224A\341\230\301U\216Y\252|\333i\374"
 195      649441E1 
 195      98C1558E 
 195      59AA7CDB 
 195      69FC
 196 0291 69865ECD 		.ascii	"i\206^\315\014C\232\031\326\336\374\360\312\315\213"
 196      0C439A19 
 196      D6DEFCF0 
 196      CACD8B
 197 02a0 FD353D94 		.ascii	"\3755=\224\360\317\366\205\004\321\306i\2627\205h\245"
 197      F0CFF685 
 197      04D1C669 
 197      B2378568 
 197      A5
 198 02b1 2626AAE6 		.ascii	"&&\252\346L[\206\355@\232\352p\251\026\207\335\3568"
 198      4C5B86ED 
 198      409AEA70 
 198      A91687DD 
 198      EE38
 199 02c3 A666399C 		.ascii	"\246f9\234\331.u_j\2129%G\265dZ\034Nk\372\211]\366D"
 199      D92E755F 
 199      6A8A3925 
 199      47B5645A 
 199      1C4E6BFA 
 200 02db 0BE8330E 		.ascii	"\013\3503\016\271\254\007\235\266\377\253\313\204\335"
 200      B9AC079D 
 200      B6FFABCB 
 200      84DD
 201 02e9 7FC45B73 		.ascii	"\177\304[s\262\005Z5\247\244%\247\251f\202\253\311\307"
 201      B2055A35 
 201      A7A425A7 
 201      A96682AB 
 201      C9C7
 202 02fb 2C478F1F 		.ascii	",G\217\037\266\252\026\273\313\346J?b\261PqLJZ\252I"
 202      B6AA16BB 
 202      CBE64A3F 
 202      62B15071 
 202      4C4A5AAA 
 203 0310 1067396D 		.ascii	"\020g9m\333L\011\333Ar\202\336n\265;\234'\341\007\273"
 203      DB4C09DB 
 203      417282DE 
 203      6EB53B9C 
 203      27E107BB 
 204 0324 2885A3   		.ascii	"(\205\243"
 205              		.text
 206              		.section	.gnu.lto_.symbol_nodes.2f03b5aa37022241,"",%progbits
 207 0000 789C6363 		.ascii	"x\234cc``\230\012\304\014L\213\230\352\031\030&\234"
 207      6060980A 
 207      C40C4C8B 
 207      98EA1918 
ARM GAS  /tmp/ccg6N3Uf.s 			page 16


 207      269C
 208 0012 6360A867 		.ascii	"c`\250g`\334\331r\260\301\201\201\201q6S=#X\214\201"
 208      60DCD972 
 208      B0C18181 
 208      81713653 
 208      3D23588C 
 209 0027 A1610148 		.ascii	"\241a\001H`\016S=\023\262\000\323\014\246zf\250.\206"
 209      600E533D 
 209      13B200D3 
 209      0CA67A66 
 209      A82E86
 210 003a 5D0D8E40 		.ascii	"]\015\216@\221\231L\365,(\"\214s\231\352Ya\232\300\306"
 210      91994CF5 
 210      2C28228C 
 210      7399EA59 
 210      619AC0C6 
 211 004e CE62AA67 		.ascii	"\316b\252gC\026`f`cX\322\365F\236\231\201\225a\311\203"
 211      43166066 
 211      606358D2 
 211      F5469E99 
 211      819561C9 
 212 0063 7F8CCC2C 		.ascii	"\177\214\314,\014\014\217^\3520\000\000\023\200%R"
 212      0C0C8F5E 
 212      EA300000 
 212      13802552 
 213              		.text
 214              		.section	.gnu.lto_.refs.2f03b5aa37022241,"",%progbits
 215 0000 789C6363 		.ascii	"x\234cc``\340\004b&\006&Fa&&\021\006\000\001\247\000"
 215      6060E004 
 215      62260626 
 215      46612626 
 215      11060001 
 216 0016 40       		.ascii	"@"
 217              		.text
 218              		.section	.gnu.lto_.decls.2f03b5aa37022241,"",%progbits
 219 0000 789CBD58 		.ascii	"x\234\275X{P\024I\232\357\254l\232n\236\006\2627\356"
 219      7B501449 
 219      9AEFAC6C 
 219      9A6E9E06 
 219      B237EE
 220 0013 0611370F 		.ascii	"\006\0217\017#\206\215\333\025\034\335\335\331\275\215"
 220      23868DDB 
 220      151CDDDD 
 220      D9BD8D
 221 0022 8B5194D5 		.ascii	"\213Q\224\325\210\363\206\200\231\211\233\335\270\350"
 221      88F38680 
 221      99899BDD 
 221      B8E8
 222 0030 71B07760 		.ascii	"q\260w`\027\301\355\306\035\375\343\342\012AE\361\201"
 222      17C1EDC6 
 222      1DFDE3E2 
 222      0A4145F1 
 222      81
 223 0041 8A0A0882 		.ascii	"\212\012\010\202\002\212\002\212\017\004\001\2257\212"
 223      028A028A 
 223      0F040195 
 223      378A
ARM GAS  /tmp/ccg6N3Uf.s 			page 17


 224 004f 88D88CBC 		.ascii	"\210\330\214\274\006\020\221\227\210\200\340\023P\356"
 224      06109197 
 224      8880E013 
 224      50EE
 225 005d CBCCAAEE 		.ascii	"\313\314\252\356\354\242qg\376\331\216\376\252\352\253"
 225      ECA27167 
 225      FED98EFE 
 225      AAEAAB
 226 006c FAE5F7CA 		.ascii	"\372\345\367\312/3\277L\215J\245B\357\251T\357\250U"
 226      2F33BF4C 
 226      8D4AA542 
 226      EFA954EF 
 226      A855
 227 007e AA52A452 		.ascii	"\252R\244R\315\300\017\036U\345*\353\317\021\250\004"
 227      CDC00F1E 
 227      55E52AEB 
 227      CF11A804 
 228 008e E82A5019 		.ascii	"\350*P\031P\005P\025P-\320m\325\354\337\267 \307\023"
 228      50055015 
 228      502DD06D 
 228      D5ECDFB7 
 228      20C713
 229 00a1 EE5F0179 		.ascii	"\356_\001y\250\330\363\317\340\335{@\037\302\263\036"
 229      A8D8F3CF 
 229      E0DD7B40 
 229      1FC2B31E 
 230 00b1 A80EE803 		.ascii	"\250\016\350\003\340k\340\376\013\202\007\272\013\317"
 230      E06BE0FE 
 230      0B8207BA 
 230      0BCF
 231 00bf 7E705F06 		.ascii	"~p_\006\344\013\264\022\310\037\250\001\336\377\001"
 231      E40BB412 
 231      C81FA801 
 231      DEFF01
 232 00ce EEC4AE9F 		.ascii	"\356\304\256\237\300\375w@\363\2000\220V\262\355?\021"
 232      C0FD7740 
 232      F3803090 
 232      56B2ED3F 
 232      11
 233 00df B3E753B8 		.ascii	"\263\347S\270\177\206\230]\262\275\312\337V\370\356"
 233      7F86985D 
 233      B2BDCADF 
 233      56F8EE
 234 00ee F216FB78 		.ascii	"\362\026\373x\033~!\331\361%\020\374U\277\205\213F\212"
 234      1B7E21D9 
 234      F12510FC 
 234      55BF858B 
 234      468A
 235 0100 81ACEB4F 		.ascii	"\201\254\353O@\377\003\364\025\232\255k\007\247\353"
 235      40FF03F4 
 235      159AAD6B 
 235      07A7EB
 236 010f 434EDF7B 		.ascii	"CN\337{\234\3343@\271\222\276\263@\305*\246+\031\261"
 236      9CDC3340 
 236      B992BEB3 
 236      40C52AA6 
 236      2B19B1
ARM GAS  /tmp/ccg6N3Uf.s 			page 18


 237 0122 D893589F 		.ascii	"\330\223X\237\203\347\013\222\016\342\257\254S\371K"
 237      83E70B92 
 237      0EE2AFAC 
 237      53F94B
 238 0131 C06820A3 		.ascii	"\300h \243q/\272\207:\021\0061\363\350[\204\330\025"
 238      712FBA87 
 238      3A110631 
 238      F3E85B84 
 238      D815
 239 0143 EE84283F 		.ascii	"\356\204(?#\377\020{\017o\005\362\231\252F2V\376\311"
 239      23FF107B 
 239      0F6F05F2 
 239      99AA4632 
 239      56FEC9
 240 0156 6F548224 		.ascii	"oT\202$C\220\345\322?\222\376\210\223\312\2763u\026"
 240      4390E5D2 
 240      3F92FE88 
 240      93CABE33 
 240      7516
 241 0168 310CCFEC 		.ascii	"1\014\317\354Q\311\352\244o\202\254Ge\243\032x\245\255"
 241      51C9EAA4 
 241      6F82AC47 
 241      65A31A78 
 241      A5AD
 242 017a B65F9145 		.ascii	"\266_\221E\226\212\231\005Ahz\325av\357F]\360\372K7"
 242      968A9905 
 242      41687AD5 
 242      6176EF46 
 242      5DF0FA4B 
 243 018f 55BC361C 		.ascii	"U\2746\034\221\267\323\273\257^r\301\002}\276[TU\344"
 243      91B7D3BB 
 243      AF5E72C1 
 243      027DBE5B 
 243      5455E4
 244 01a2 88BDE873 		.ascii	"\210\275\350sl\343\216\022\335\242\\\221\375\264G\260"
 244      6CE38E12 
 244      DDA25C91 
 244      FDB447B0 
 245 01b2 0A5D22E1 		.ascii	"\012]\"\341c\262\252g^\224\271\307a\344\341\204\004"
 245      63B2AA67 
 245      5E94B9C7 
 245      61E4E184 
 245      04
 246 01c3 60CD63F5 		.ascii	"`\315c\365\251\316\300z:\241y\300\346\356\232IpXp\210"
 246      A9CEC07A 
 246      3AA179C0 
 246      E6EE9A49 
 246      70587088 
 247 01d7 348C8F16 		.ascii	"4\214\217\026\347\011\350\253\177A\227\221\027*B^`U"
 247      E709E8AB 
 247      7F419791 
 247      172A425E 
 247      6055
 248 01e9 315A00D7 		.ascii	"1Z\000\327p5\223\224W4\275\341\375t\261\254[,\033H\366"
 248      70359394 
 248      5734BDE1 
 248      FD74B1AC 
ARM GAS  /tmp/ccg6N3Uf.s 			page 19


 248      5B2C1B48 
 249 01fe 4EABDF16 		.ascii	"N\253\337\026\333\010\315\276\2420T\2000*D\213\210/"
 249      DB08CDBE 
 249      A2305480 
 249      302A448B 
 249      882F
 250 0210 05B4EF2E 		.ascii	"\005\264\357.\242n\204.@W\252P\011z\037\232?\276u\376"
 250      A26E842E 
 250      4057AA50 
 250      097A1F9A 
 250      3FBE75FE 
 251 0224 BC3B8E41 		.ascii	"\274;\216A\324\346\267\353\275b\243\367nl\341%-(\356"
 251      D4E6B7EB 
 251      BD62A3F7 
 251      6E6CE125 
 251      2D28EE
 252 0237 16C5B296 		.ascii	"\026\305\262\226\234\245\257\363\007\305X'\012B\245"
 252      9CA5AFF3 
 252      07C55827 
 252      0A42A5
 253 0246 56ADA592 		.ascii	"V\255\245\222\313\350*\325v\277;k\334\031\3271m\235"
 253      CBE82AD5 
 253      76BF3B6B 
 253      DC19D731 
 253      6D9D
 254 0258 5BF74FBB 		.ascii	"[\367O\273K\022\306\3777Y\254\020h\353k\326\326\327"
 254      4B12C6FF 
 254      3759AC10 
 254      68EB6BD6 
 254      D6D7
 255 026a E4D665B4 		.ascii	"\344\326e\264uv\365\323,\214\273X\353\214\003;\232\034"
 255      7576F5D3 
 255      2C8CBB58 
 255      EB8C033B 
 255      9A1C
 256 027c A1753A75 		.ascii	"\241u:u\374\343\201\213\242\270\025\354VS\031\345V\031"
 256      FCE3818B 
 256      A2B815EC 
 256      565319E5 
 256      5619
 257 028e E54ABF2B 		.ascii	"\345J\277+\250\254{c\023\265\316x\210\311:\333\335z"
 257      A8AC7B63 
 257      13B5CE78 
 257      88C93ADB 
 257      DD7A
 258 02a0 D1559265 		.ascii	"\321U\222e\376\327d\261l\213(F1k*\255\222*\225\222\252"
 258      FED764B1 
 258      6C8B2846 
 258      316B2AAD 
 258      922A9592 
 259 02b5 A8A4FCB2 		.ascii	"\250\244\374\262\363\305\256\370\365\034\021\374\322"
 259      F3C5AEF8 
 259      F51C11FC 
 259      D2
 260 02c2 898B608D 		.ascii	"\211\213`\215M\004\373\342v\34590\377\323\223\305\345"
 260      4D04FBE2 
 260      76E53930 
ARM GAS  /tmp/ccg6N3Uf.s 			page 20


 260      FFD393C5 
 260      E5
 261 02d3 5BC45851 		.ascii	"[\304XQ4\020\014\252\266*\255\226CPK\225\245'>\177\250"
 261      34100CAA 
 261      B62AAD96 
 261      43504B95 
 261      A5273E7F 
 262 02e8 C10759BA 		.ascii	"\301\007Y\272\335\252nJt\304g)\243>Rui\304\031\351\274"
 262      DDAA6E4A 
 262      74C46729 
 262      A33E5275 
 262      69C419E9 
 263 02fd 106843DE 		.ascii	"\020hC\336\333E\021|\210\216\2079\015-\361B\276^*t\013"
 263      DB45117C 
 263      888E8739 
 263      0D2DF142 
 263      BE5E2A74 
 264 0312 79A33AA4 		.ascii	"y\243:\244\003Q7\001R\017\006%\213Z\372&\231h\236G\037"
 264      03513701 
 264      520F0625 
 264      8B5AFA26 
 264      99689E47 
 265 0327 4FC8F9AA 		.ascii	"O\310\371\252\",\272!ig\006\317\324\214\345jy\347\010"
 265      222CBA21 
 265      696706CF 
 265      D48CE56A 
 265      79E708
 266 033a C4EA5D83 		.ascii	"\304\352]\203\215w\217\007R\263tR\357\2166\374~R\312"
 266      8D778F07 
 266      52B37452 
 266      EF8E36FC 
 266      7E52CA
 267 034d 0F00A1EB 		.ascii	"\017\000\241\353V\367\256\313\356\335\246\356\335\211"
 267      56F7AECB 
 267      EEDDA6EE 
 267      DD89
 268 035b C94FC16C 		.ascii	"\311O\301lX\250\201}r+\371\201\033\033\026\357\002\273"
 268      58A8817D 
 268      722BF981 
 268      1B1B16EF 
 268      02BB
 269 036d A5A46D9F 		.ascii	"\245\244m\2374h\272\211\212\370\344m\307\\p+\013FZ\307"
 269      3468BA89 
 269      8AF8E46D 
 269      C75C702B 
 269      0B465AC7 
 270 0381 933C477C 		.ascii	"\223<G|\2372B\363\314\340\240\023r\361\336I\302\220"
 270      9F3242F3 
 270      CCE0A013 
 270      72F1DE49 
 270      C290
 271 0393 1E2DEA56 		.ascii	"\036-\352V\221T\276\003\2466\202\251\250\031B\241w\221"
 271      9154BE03 
 271      A63682A9 
 271      A81942A1 
 271      7791
 272 03a5 6CA02E97 		.ascii	"l\240.\227\265t.M\271*\212\357\242\273\310\005}g5P\357"
ARM GAS  /tmp/ccg6N3Uf.s 			page 21


 272      B5742E4D 
 272      B92A8AEF 
 272      A2BBC805 
 272      7D673550 
 273 03ba C2DCC93D 		.ascii	"\302\334\311=U5\351\216\017a\252\253\360\376\301k:f"
 273      5535E98E 
 273      0F61AAAB 
 273      F0FEC16B 
 273      3A66
 274 03cc 482BE153 		.ascii	"H+\341S\257\325\037\321\342\024\366\361iv\371#7\234"
 274      AFD51FD1 
 274      E214F6F1 
 274      6976F923 
 274      379C
 275 03de CE98A6FE 		.ascii	"\316\230\246\376c1.\014\331H\370\244\353\025\303:\234"
 275      63312E0C 
 275      D948F8A4 
 275      EB15C33A 
 275      9C
 276 03ef C93E3E79 		.ascii	"\311>>y\264\347\221\200\263\031\023W]P#\271~\235\360"
 276      B4E79180 
 276      B3191357 
 276      5D5023B9 
 276      7E9DF0
 277 0402 5D15CDA9 		.ascii	"]\025\315\251j\234\313>\246Wm\037u\307\371\222\366\221"
 277      6A9CCB3E 
 277      A6576D1F 
 277      75C7F992 
 277      F691
 278 0414 9C425786 		.ascii	"\234BW\206,#|bc)$\340E\366\261\352\300d\214\016\027"
 278      2C237C62 
 278      632924E0 
 278      45F6B1EA 
 278      C0648C0E 
 279 0429 3226BB3F 		.ascii	"2&\273?e\217\244\375c`\333F\206\336\270\343b\366-y\373"
 279      658FA4FD 
 279      6360DB46 
 279      86DEB8E3 
 279      62F62D79 
 280 043e F030C657 		.ascii	"\3600\306W\030SRXZ\343\300\200\276\300>h\353\352v\303"
 280      18535258 
 280      5AE3C080 
 280      BEC03E68 
 280      EBEA76C3 
 281 0452 65EC5BAB 		.ascii	"e\354[\253\370\262\335\011W2\346\310D\347C\311so`\257"
 281      F8B2DD09 
 281      5732E6C8 
 281      44E743C9 
 281      736F60AF 
 282 0466 7599271C 		.ascii	"u\231'\034p\015\373\226\231\225\320\256\3017$\337\244"
 282      700DFB96 
 282      9995D0AE 
 282      C13724DF 
 282      A4
 283 0477 AEF3605D 		.ascii	"\256\363`]w\271\345\344\0255\256g\337\236\357n\177\346"
 283      77B9E5E4 
 283      1535AE67 
ARM GAS  /tmp/ccg6N3Uf.s 			page 22


 283      DF9EEF6E 
 283      7FE6
 284 0489 846F3366 		.ascii	"\204o3f$\246\257\333\231\001\027\000\033U\220\261\327"
 284      24A6AFDB 
 284      99011700 
 284      1B5590B1 
 284      D7
 285 049a 059BD9B7 		.ascii	"\005\233\331\267C\207O\267\352p\013c\3449\322\203\315"
 285      43874FB7 
 285      EA700B63 
 285      E439D283 
 285      CD
 286 04ab 918F52DA 		.ascii	"\221\217R\332\333]p;\373v\241\366I\255\016\337\227<"
 286      DB5D703B 
 286      FB76A1F6 
 286      49AD0EDF 
 286      973C
 287 04bd 2B795A27 		.ascii	"+yZ'9\243%^7\346\307\271\341>\366m[F\345+W<(\205g\350"
 287      39A3255E 
 287      37E6C7B9 
 287      E13EF66D 
 287      5B46E52B 
 288 04d7 DE34C68F 		.ascii	"\3364\306\217\0303u\271Z\324\342\021\306\234\254m\253"
 288      183375B9 
 288      5AD4E211 
 288      C69CAC6D 
 288      AB
 289 04e8 75C74F18 		.ascii	"u\307O\030\323q<!K\315\344\015\022~\342\325\343]\002"
 289      D3713C21 
 289      4BCDE40D 
 289      127EE2D5 
 289      E35D02
 290 04fb CBCA324D 		.ascii	"\313\3122M\002\366\352\353\034\177\354\206\026\332\373"
 290      02F6EAEB 
 290      1C7FEC86 
 290      16DAFB
 291 050a 79CFA7B7 		.ascii	"y\317\247\267\343$\015a\226\364n7\017\212\342~\027\232"
 291      E3240D61 
 291      96F46E37 
 291      0F8AE27E 
 291      179A
 292 051c 64ED9064 		.ascii	"d\355\220d\011\302|kV\266\322Q\264\030.*\326`\350S\230"
 292      09C27C6B 
 292      56B6D251 
 292      B4182E2A 
 292      D660E853 
 293 0531 8A623045 		.ascii	"\212b0E\277T\242\237+\321\025_Z\321\017\225\350\001"
 293      BF54A29F 
 293      2BD1155F 
 293      5AD10F95 
 293      E801
 294 0543 25DACCA1 		.ascii	"%\332\314\241\373\225\350\336Y\226\374\267\025=\242"
 294      FB95E8DE 
 294      5996FCB7 
 294      153DA2
 295 0552 443FA6E8 		.ascii	"D?\246\350;\310\012\257\343\340\343J\370\230R\370$\207"
 295      3BC80AAF 
ARM GAS  /tmp/ccg6N3Uf.s 			page 23


 295      E3E0E34A 
 295      F89852F8 
 295      2487
 296 0564 7EA4440F 		.ascii	"~\244D\017\315\022\336\303\301G\355\333\302\011\037"
 296      CD12DEC3 
 296      C147EDDB 
 296      C2091F
 297 0573 E7FCEC56 		.ascii	"\347\374\354V\242\273\224\350\036\016\375@\211\276?"
 297      A2BB94E8 
 297      1E0EFD40 
 297      89BE3F
 298 0582 2BE27FB4 		.ascii	"+\342\177\264\242;\225\350\357\225\350v\016\335f\277"
 298      A23B95E8 
 298      EF95E876 
 298      0EDD66BF 
 299 0592 EF793787 		.ascii	"\357y7\2078Sz\354\233\302\303'9\370=\373~\362\360q."
 299      38537AEC 
 299      9BC2C327 
 299      39F83DFB 
 299      7EF2F071 
 300 05a7 B55ED84F 		.ascii	"\265^\330O-\233\016\345\244\017\332\317-\233.\342\244"
 300      2D9B0EE5 
 300      A40FDACF 
 300      2D9B2EE2 
 300      A4
 301 05b8 BF52C27D 		.ascii	"\277R\302}fy\312\005\246I\2116\317\026\316\301[\354"
 301      6679CA05 
 301      A6498936 
 301      CF16CEC1 
 301      5BEC
 302 05ca C3F9A873 		.ascii	"\303\371\250s\246L\3325\205O\026.\265\206\355g\"E\263"
 302      A64CDA35 
 302      854F162E 
 302      B586ED67 
 302      2245B3
 303 05dd 25A3F9F6 		.ascii	"%\243\371\366\274(QD\004\245\222\226\013\362\333G\327"
 303      BC285144 
 303      04A59296 
 303      0BF2DB47 
 303      D7
 304 05ee 4720A456 		.ascii	"G \244V\241\327\320z\232\264\236\222\304\001\016\035"
 304      A1D7D07A 
 304      9AB49E92 
 304      C4010E1D 
 305 05fe 10BCD13E 		.ascii	"\020\274\321>a!\332\0034\203\026\242]pO\002:\014\024"
 305      6121DA03 
 305      348316A2 
 305      5D704F02 
 305      3A0C14
 306 0611 0D741068 		.ascii	"\015t\020h+\320\026\240\375@1@\"\320n\240(\240C@\333"
 306      2BD016A0 
 306      FD403140 
 306      22D06EA0 
 306      28A04340 
 307 0626 8176026D 		.ascii	"\201v\002m\003\212\003\212\005J\004z\003\362v\300=\036"
 307      038A038A 
 307      054A047A 
ARM GAS  /tmp/ccg6N3Uf.s 			page 24


 307      03F276C0 
 307      3D1E
 308 0638 68AFB090 		.ascii	"h\257\260\220Z\304\234kn\3658\036-^\367\245\336=\261"
 308      5AC49C6B 
 308      6EF5381E 
 308      2D5EF7A5 
 308      DE3DB1
 309 064b 3F2AF938 		.ascii	"?*\3718\267s}\336g\177\206\340\341\025\\\354\236*\341"
 309      B7737DDE 
 309      677F86E0 
 309      E1155CEC 
 309      9E2AE1
 310 065e 13B3338A 		.ascii	"\023\2633\212\353\305\016\373c\307&\275\271n|f_:\355"
 310      EBC50EFB 
 310      63C726BD 
 310      B96E7C66 
 310      5F3AED
 311 0671 19B22615 		.ascii	"\031\262&\025\234\357\327\271p+?\217U\241d\301\205\026"
 311      9CEFD7B9 
 311      702B3F8F 
 311      55A164C1 
 311      8516
 312 0683 1C702735 		.ascii	"\034p'5\350\365S9d\325\375\320\211n3\334I18|\371\225"
 312      E8F55339 
 312      64D5FDD0 
 312      896E33DC 
 312      4931387C 
 313 0699 2B7B4597 		.ascii	"+{E\227\235\275\343\231\216\3705]\012\204{mS\035n\310"
 313      9DBDE399 
 313      8EF8355D 
 313      0A847B6D 
 313      531D6EC8 
 314 06ad C93BD622 		.ascii	"\311;\326\"]e5#\015\272\025\032\221L@)\202\027:\"xI"
 314      5D653523 
 314      0DBA151A 
 314      914C4029 
 314      82173A22 
 315 06c3 9952BBE3 		.ascii	"\231R\273\343\203\264\214=\2448=*8\241T\301R]|\350\304"
 315      83B48C3D 
 315      A4383D2A 
 315      38A154C1 
 315      525D7CE8 
 316 06d8 6C3E95B9 		.ascii	"l>\225\271\357\270\006_QS%%G\372\252\205\271\224\034"
 316      EFB8065F 
 316      51532525 
 316      47FAAA85 
 316      B9941C
 317 06eb 9F53C98B 		.ascii	"\237S\311\213\304\017\006[I\005s\014t\244[u\200Jr\203"
 317      C40F065B 
 317      4905730C 
 317      74A45B75 
 317      804A7283 
 318 06ff B7A44A9A 		.ascii	"\267\244J\232\236Jr\343\203C\312Mkp2\244\340d\320\340"
 318      9E4A72E3 
 318      8343CA4D 
 318      6B7032A4 
 318      E064D0E0 
ARM GAS  /tmp/ccg6N3Uf.s 			page 25


 319 0713 246EEB38 		.ascii	"$n\3538\257v\212%\322\031\030V@+6\223\310\205!D\253"
 319      AF768A25 
 319      D2191856 
 319      402B3693 
 319      C8852144 
 320 0728 3F40578C 		.ascii	"?@W\214\347\237\224\212\015\314\255\353\236l]\277\373"
 320      E79F948A 
 320      0DCCADEB 
 320      9E6C5DBF 
 320      FB
 321 0739 F2CAA40B 		.ascii	"\362\312\244\013\036\243\036\252s\243O\303\2237\253"
 321      1EA31EAA 
 321      73A34FC3 
 321      9337AB
 322 0748 559DB89A 		.ascii	"U\235\270\2323\007L?)XjNZ\230\216\375\037yM\213Ur\247"
 322      33074C3F 
 322      29586A4E 
 322      5A988EFD 
 322      1F794D8B 
 323 075f 51113344 		.ascii	"Q\0213D\274\300R\331fCLr\2505\247!\"\247\004jN\362@"
 323      BCC052D9 
 323      66434C72 
 323      A835A721 
 323      22A7046A 
 324 0776 4E3EF288 		.ascii	"N>\362\210\227\006\343'\210\312>\001\337\263\004b}\256"
 324      9706E327 
 324      88CA3E01 
 324      DFB30462 
 324      7DAE
 325 0788 E021FB40 		.ascii	"\340!\373@\031R\233m\253\330\256\301\317\250\211\250"
 325      19529B6D 
 325      ABD8AEC1 
 325      CFA889A8 
 326 0798 EDD0CE61 		.ascii	"\355\320\316a\007\342{4\370\036\373\017\273\200$\312"
 326      07E27B34 
 326      F81EFB0F 
 326      BB8024CA 
 327 07a8 9384332E 		.ascii	"\223\2043.x\2125O4\237[)\267\376\307\035H\312\345]Q"
 327      788A354F 
 327      349F5B29 
 327      B7FEC71D 
 327      48CAE55D 
 328 07bd 59AE788B 		.ascii	"Y\256x\213\003m\335\334\222\262C\203c\031s\277s`\247"
 328      036DDDDC 
 328      92B24383 
 328      631973BF 
 328      7360A7
 329 07d0 1BDEC398 		.ascii	"\033\336\303\230}c\343\0074sv\311E\271K|\250\314g\231"
 329      7D63E307 
 329      347376C9 
 329      45B94B7C 
 329      A8CC6799 
 330 07e4 B9412C02 		.ascii	"\271A,\002\200\375DM\023\303\012.\240\021\240M\0108"
 330      80FD444D 
 330      13C30A2E 
 330      A011A04D 
 330      0838
ARM GAS  /tmp/ccg6N3Uf.s 			page 26


 331 07f6 BF34E6B1 		.ascii	"\2774\346\261Tk\227!R\244\225\226Ekp\"U\253\255m\350"
 331      546B9721 
 331      52A49596 
 331      456B7022 
 331      55ABAD6D 
 332 080b 8D722725 		.ascii	"\215r'%\016\3243\336P\316$DC\276\345\340\206\266\354"
 332      0ED433DE 
 332      50CE2444 
 332      43BEE5E0 
 332      86B6EC
 333 081e 3B5162E6 		.ascii	";Qb\346\002t\006$\027B\312\225\314=\350c\240\211\271"
 333      02740624 
 333      1742CA95 
 333      CC3DE863 
 333      A089B9
 334 0831 DE810DE3 		.ascii	"\336\201\015\343|\300\237W\342}\224\360\036\036~V\011"
 334      7CC09F57 
 334      E27D94F0 
 334      1E1E7E56 
 334      09
 335 0842 E757299B 		.ascii	"\347W)\2339\367\022D\225Mg%\322\204{\025b~\005&\304"
 335      39F71244 
 335      954D6725 
 335      D2847B15 
 335      627E0526 
 336 0857 CB40A540 		.ascii	"\313@\245@\305@\327\200\212,\023$Q\327\316\253;g_\235"
 336      C540D780 
 336      8A2C1324 
 336      51D7CEAB 
 336      3B675F9D 
 337 086b BC58C078 		.ascii	"\274X\300x\253\223\341\020Ht\301\2563\334b\361\346\246"
 337      AB93E110 
 337      4874C1AE 
 337      33DC62F1 
 337      E6A6
 338 087d 4312D964 		.ascii	"C\022\331d\225\330.\026,\224#\365\016\247a\377\272C"
 338      95D82E16 
 338      2C9423F5 
 338      0EA761FF 
 338      BA43
 339 088f 43039967 		.ascii	"C\003\231g?\220\362\374v\367i\32115n\247\035#\364N\027"
 339      3F90F2FC 
 339      76F769D1 
 339      31356EA7 
 339      1D23F44E 
 340 08a4 40E13FDF 		.ascii	"@\341?\337\333n\000P\005\370\375Cc \231Y\357\020M\326"
 340      DB6E0050 
 340      05F8FD43 
 340      63209959 
 340      EF104DD6 
 341 08b8 B4726855 		.ascii	"\264rhUf\235C\210\325L\371\265\2323\032~\376(\267\231"
 341      669D4388 
 341      D54CF9B5 
 341      9A331A7E 
 341      FE28B799 
 342 08cc 5C2BA5F9 		.ascii	"\\+\245\371\243\222\316\037oO\326*9Y}i\262n)\031\231"
 342      A392CE1F 
ARM GAS  /tmp/ccg6N3Uf.s 			page 27


 342      6F4FD62A 
 342      39597D69 
 342      B26E2919 
 343 08e1 522BC7AB 		.ascii	"R+\307\253usYM\263\265\212\215\327j:^\233n=L\303\274"
 343      7573594D 
 343      B3B58A8D 
 343      D76A3A5E 
 343      9B6E3D4C 
 344 08f7 2D0D3673 		.ascii	"-\0156sY\215dK\015\265e\326\304w\305\006\\+\201k)8\346"
 344      598D644B 
 344      0DB565D6 
 344      C477C506 
 344      5C2B816B 
 345 090e 59F35157 		.ascii	"Y\363QW\374\200\015\271\323yG\363\335\360(c\342**S4"
 345      FC800DB9 
 345      D37947F3 
 345      DDF02863 
 345      E22A2A53 
 346 0923 6A41856E 		.ascii	"jA\205n\320Y\012\336\364\357\035,W\363\233\342c6v\337"
 346      D0590ADE 
 346      F4EF1D2C 
 346      57F39BE2 
 346      633676DF 
 347 0937 14F84D71 		.ascii	"\024\370Mqb\363\233\323X:\255\031\275\206c\013{\233"
 347      62F39BD3 
 347      583AAD19 
 347      BD86630B 
 347      7B9B
 348 0949 A244CF98 		.ascii	"\242D\317\230\237\023\030\272.\307\033\325\011j\302"
 348      9F1318BA 
 348      2EC71BD5 
 348      096AC2
 349 0958 D99E36D4 		.ascii	"\331\2366\324\013d\207\334\334aN\324\341b\315\034\326"
 349      0B6487DC 
 349      DC614ED4 
 349      E162CD1C 
 349      D6
 350 0969 ECEC6A2A 		.ascii	"\354\354j*\227\025\364\374\007;\3118\346D\305\337\262"
 350      9715F4FC 
 350      073BC938 
 350      E644C5DF 
 350      B2
 351 097a 886F00F1 		.ascii	"\210o\000\361\267\224\342oS\361\303'Z\346\341\252\271"
 351      B794E26F 
 351      53F1C327 
 351      5AE6E1AA 
 351      B9
 352 098b A4D76617 		.ascii	"\244\327f\027\224#xCW\023\342\024\274;\334t\274\330"
 352      94237843 
 352      5713E214 
 352      BC3BDC74 
 352      BCD8
 353 099d 75CE33A3 		.ascii	"u\3163\243&\352\276Y\220\374o-~|\002I\3465\327\375\354"
 353      26EABE59 
 353      90FC6F2D 
 353      7E7C0249 
 353      E635D7FD 
ARM GAS  /tmp/ccg6N3Uf.s 			page 28


 354 09b2 44B4980D 		.ascii	"D\264\230\015\3152\021\301\241F\213\201w\300\300F\245"
 354      CD3211C1 
 354      A1468B81 
 354      77C0C046 
 354      A5
 355 09c3 81DF5103 		.ascii	"\201\337Q\003{\247\362\212\245}\245\206,\366\3651\245"
 355      7BA7F28A 
 355      A57DA586 
 355      2CF6F531 
 355      A5
 356 09d4 CE73A658 		.ascii	"\316s\246X\263\234bw\331$\373t\347\326\027\322\036\333"
 356      B39C6277 
 356      D924FB74 
 356      E7D617D2 
 356      1EDB
 357 09e6 91DB1E7B 		.ascii	"\221\333\036{\262\355qNO\302\315Y+F+\214\245\026\272"
 357      B2ED714E 
 357      4FC2CD59 
 357      2B462B8C 
 357      A516BA
 358 09f9 62B4D10C 		.ascii	"b\264\321\014lf\031\330F3\360Fo^\205\033n`\341\272\235"
 358      6C6619D8 
 358      4633F046 
 358      6F5E851B 
 358      6E60E1BA 
 359 0a0e 79EC825A 		.ascii	"y\354\202Z\362\255%\3077;:n\267\230\036%~\302R\255\335"
 359      F2AD25C7 
 359      373B3A6E 
 359      B7981E25 
 359      7EC252AD 
 360 0a23 3A98DA95 		.ascii	":\230\332\225\236}O=\353N\0338\000I\307\204\235\230"
 360      9E7D4F3D 
 360      EB4E1B38 
 360      0049C784 
 360      9D98
 361 0a35 18FCDE45 		.ascii	"\030\374\336E\022fN\305RG\262#\251\016\253\250\016\245"
 361      12664EC5 
 361      5247B223 
 361      A90EABA8 
 361      0EA5
 362 0a47 A84E2AAA 		.ascii	"\250N*\252\245\277b\035\036\235\253\027\233\007\237"
 362      A5BF621D 
 362      1E9DAB17 
 362      9B079F
 363 0a56 76BA5993 		.ascii	"v\272Y\223\260\365\354\021f\350u\201vC\227\245\033\356"
 363      B0F5EC11 
 363      66E87581 
 363      764397A5 
 363      1BEE
 364 0a68 41377429 		.ascii	"A7t)5tS\015\271\267j;\244H\306\222\325b\346a[\206t."
 364      3574530D 
 364      B9B76A3B 
 364      A448C692 
 364      D562E661 
 365 0a80 3046B7FF 		.ascii	"0F\267\377\323\251\205\022\357\011\354\353{\361\361"
 365      D3A98512 
 365      EF09ECEB 
ARM GAS  /tmp/ccg6N3Uf.s 			page 29


 365      7BF1F1
 366 0a8f 8E2CD2E9 		.ascii	"\216,\322\351\004>\234\030\027\355>g\267\365\311\335"
 366      043E9C18 
 366      17ED3E67 
 366      B7F5C9DD 
 367 0a9f D6C82A8B 		.ascii	"\326\310*\213\357:\373\016\271X;\206-d\275\3201\017"
 367      EF3AFB0E 
 367      B9583B86 
 367      2D64BDD0 
 367      310F
 368 0ab1 68C7F4D3 		.ascii	"h\307\364\323\216\351\223\027\262\002s\313s\035~\315"
 368      8EE99317 
 368      B20273CB 
 368      731D7ECD 
 369 0ac1 BCCFEC3F 		.ascii	"\274\317\354?7\252\343\233\236y[\323K\3757j\234\230"
 369      37AAE39B 
 369      9E795BD3 
 369      4BFD376A 
 369      9C98
 370 0ad3 992231B3 		.ascii	"\231\"1\263\244\306|\003\341-\216TTw|\345\314\3346?"
 370      A4C67C03 
 370      E12D8E54 
 370      54777CE5 
 370      CCDC363F 
 371 0ae7 926DCE62 		.ascii	"\222m\316b\251\366,>\337_i\362C\320\313\346\362a\252"
 371      A9F62C3E 
 371      DF5F69F2 
 371      43D0CBE6 
 371      F261AA
 372 0afa F791AC37 		.ascii	"\367\221\2547)u\350\214\240\264rNt\377\233\013u\216"
 372      2975E88C 
 372      A0B4724E 
 372      74FF9B0B 
 372      758E
 373 0b0c 783BB3EA 		.ascii	"x;\263\352\300\376\227uZ\034\347hs2\344)\235\014M\344"
 373      C0FE9775 
 373      5A1CE768 
 373      7332E429 
 373      9D0C4DE4 
 374 0b20 8C6569F0 		.ascii	"\214ei\360^\351cA\306\250Vi\322\030(a+\33387\301\022"
 374      5EE96341 
 374      C6A85669 
 374      D2182861 
 374      2BDB3837 
 375 0b36 D7A332EF 		.ascii	"\327\2432\357b\245Is\242\023_\035\033r\305\007\230\242"
 375      62A54973 
 375      A2135F1D 
 375      1B72C507 
 375      98A2
 376 0b48 C723D367 		.ascii	"\307#\323g\335p\"crr\313\033\234q*c\246\343\323.\350"
 376      DD702263 
 376      7272CB1B 
 376      9C712A63 
 376      A6E3D32E 
 377 0b5d 7006632A 		.ascii	"p\006c*2\216\356\327\341l\306\314\304\307&9\342<\306"
 377      328EEED7 
 377      E16CC6CC 
ARM GAS  /tmp/ccg6N3Uf.s 			page 30


 377      C4C72639 
 377      E23CC6
 378 0b70 24342464 		.ascii	"$4$d8\343\363\214\231\032LhC,\223\\\2703@O\351\014\360"
 378      38E3F38C 
 378      991A4C68 
 378      432C935C 
 378      B833404F 
 379 0b87 CCF33D87 		.ascii	"\314\363=\207\235q\021\303\266\264\305\\\226\260\316"
 379      9D7111C3 
 379      B6B4C55C 
 379      96B0CE
 380 0b96 C046E75E 		.ascii	"\300F\347^\275\3440g\217\315\310=\366\206\365\330\331"
 380      BDE43067 
 380      8FCDC83D 
 380      F686F5D8 
 380      D9
 381 0ba7 ADBDA7B4 		.ascii	"\255\275\247\264\320\330\013\266\002\210\333\007x\261"
 381      D0D80BB6 
 381      0288DB07 
 381      78B1
 382 0bb5 7DC0C5B2 		.ascii	"}\300\305\262\211<5.\245\212\204sy\275\177A\336N\226"
 382      893C352E 
 382      A58A8473 
 382      79BD7F41 
 382      DE4E96
 383 0bc8 EAFEFB31 		.ascii	"\352\376\3731Rx\307`'\264\005[\006\247\027\011\216\235"
 383      5278C760 
 383      27B4055B 
 383      06A71709 
 383      8E9D
 384 0bda 72351A7B 		.ascii	"r5\032{\023\241\264\002\214\302^H\304T\377\251\264\354"
 384      13A1B402 
 384      8CC25E48 
 384      C454FFA9 
 384      B4EC
 385 0bec 2A575CC3 		.ascii	"*W\\\303\024t\345\2156`\213\006(\355\213\232\211\206"
 385      1474E58D 
 385      36608B06 
 385      28ED8B9A 
 385      8986
 386 0bfe EDA061AB 		.ascii	"\355\240a\253U\003(\264\257b\233}\025\273\317d^\323"
 386      550328B4 
 386      AF629B7D 
 386      15BBCF64 
 386      5ED3
 387 0c10 F0331C91 		.ascii	"\3603\034\2217\015\235:EGC,\366\220\343BW\344\252\035"
 387      370D9D3A 
 387      4547432C 
 387      F690E342 
 387      57E4AA1D 
 388 0c24 8F102B62 		.ascii	"\217\020+b\177\220\364\206\376\270\333\316\274\364\035"
 388      7F90F486 
 388      FEB8DBCE 
 388      BCF41D
 389 0c33 6F937EC5 		.ascii	"o\223~\305\334\361\011n`\375\366\254\241\343>\302f\306"
 389      DCF1096E 
 389      60FDF6AC 
ARM GAS  /tmp/ccg6N3Uf.s 			page 31


 389      A1E33EC2 
 389      66C6
 390 0c45 C4DCBC71 		.ascii	"\304\334\274q\322\02173f\370\324\255\353\032\334\301"
 390      D2113733 
 390      66F8D4AD 
 390      EB1ADCC1 
 391 0c55 98DEFEC9 		.ascii	"\230\336\376\311\"\214\3573\346\304\360\361\335:\334"
 391      228CEF33 
 391      E6C4F0F1 
 391      DD3ADC
 392 0c64 2FB5E91D 		.ascii	"/\265\351\035i\220\316\006w\221\276\233\032\273\364"
 392      6990CE06 
 392      7791BE9B 
 392      1ABBF4
 393 0c73 9D9C25E4 		.ascii	"\235\234%\344\014p\350Y\337\214\026\017S\360;\347\314"
 393      0C70E859 
 393      DF8C160F 
 393      53F03BE7 
 393      CC
 394 0c84 F5E93AA9 		.ascii	"\365\351:\251\230\265\236\324Iw(\310\242hm{\344v\035"
 394      98B59ED4 
 394      497728C8 
 394      A2686D7B 
 394      E4761D
 395 0c97 A44D0542 		.ascii	"\244M\005B\217\241\274\033\2029\3610\236o\031\223\266"
 395      8FA1BC1B 
 395      8239F130 
 395      9E6F1993 
 395      B6
 396 0ca8 A73B31D0 		.ascii	"\247;1\320\242b\023\\\242`\001\306\036\350\265\204\226"
 396      A262135C 
 396      A26001C6 
 396      1EE8B584 
 396      96
 397 0cb9 7DB73DF2 		.ascii	"}\267=\362\"\005\237y3+\035\311\240\032\221\320vOkl"
 397      22059F79 
 397      332B1DC9 
 397      A01A91D0 
 397      764F6B6C 
 398 0ccd EABAFD10 		.ascii	"\352\272\375\020\353}\230|$xR\324e@O\234\300\013Q2P"
 398      EB7D987C 
 398      247852D4 
 398      65404F9C 
 398      C00B5132 
 399 0ce2 26D029A0 		.ascii	"&\320)\240\024\240T\240\203@Y@'\201\322\201\216\003"
 399      14A054A0 
 399      83405940 
 399      2781D281 
 399      8E03
 400 0cf4 1D034A04 		.ascii	"\035\003J\004\312\006:\015t\004\350\020P\002P\022P\032"
 400      CA063A0D 
 400      7404E810 
 400      50025012 
 400      501A
 401 0d06 D051CC17 		.ascii	"\320Q\314\027\305\343\233\2545\3613\245\2456\347\204"
 401      C5E39BAC 
 401      35F133A5 
ARM GAS  /tmp/ccg6N3Uf.s 			page 32


 401      A536E784 
 402 0d16 246E3D9B 		.ascii	"$n=\233\243(z\020b6 \241\345\331\326\366l\206\026\334"
 402      A3287A10 
 402      623620A1 
 402      E5D9D6F6 
 402      6C8616DC 
 403 0d2a 1156D97B 		.ascii	"\021V\331{\261B\266\315n\200\304\254\216\213\331\250"
 403      B142B6CD 
 403      6E80C4AC 
 403      8E8BD9A8 
 404 0d3a FD9871B2 		.ascii	"\375\230q\262\3079\331\273\224\262'\224\350I\016\035"
 404      C739D9BB 
 404      94B22794 
 404      E8490E1D 
 405 0d4a 671FCD6F 		.ascii	"g\037\315oL\3067[\341\007\224\360\373\202b\2430$\005"
 405      4CC6375B 
 405      E10794F0 
 405      FB8262A3 
 405      302405
 406 0d5d A55FDA27 		.ascii	"\245_\332'\330\004\245GP\012o\347\"\376R\351\347\320"
 406      D804A547 
 406      500A6FE7 
 406      22FE52E9 
 406      E7D0
 407 0d6f 2C5B8638 		.ascii	",[\2068\370s%|`\026\274\207\203\277\260\017\347v-5\243"
 407      F873257C 
 407      6016BC87 
 407      83BFB00F 
 407      E7762D35 
 408 0d84 1EF4880B 		.ascii	"\036\364\210\013P\266\273\026\"\252\177\324\223\035"
 408      50B6BB16 
 408      22AA7FD4 
 408      931D
 409 0d92 2811597B 		.ascii	"(\021Y{\224ax\256\214q\035\247yR\251\331\366\014\231"
 409      946178AE 
 409      8C711DA7 
 409      7952A9D9 
 409      F60C99
 410 0da5 0E91086B 		.ascii	"\016\221\010kw\307\333M\016N\266\231\223\375\312~\314"
 410      77C7DB4D 
 410      0E4EB699 
 410      93FDCA7E 
 410      CC
 411 0db6 F8DEE6D0 		.ascii	"\370\336\346\320O\355\347\264M\204\271\344\330m\337"
 411      4FEDE7B4 
 411      4D84B9E4 
 411      D86DDF
 412 0dc5 4D8BE164 		.ascii	"M\213\341d&\220\272{\002\272\373\211$]^8\3713d2c\336"
 412      2690BA7B 
 412      02BAFB89 
 412      245D5E38 
 412      F9336432 
 413 0ddb 3BD8A0C6 		.ascii	";\330\240\306\343l\312\357|x1\316Y\271\225\223\207<"
 413      E36CCAEF 
 413      7C7831CE 
 413      59B99593 
 413      873C
ARM GAS  /tmp/ccg6N3Uf.s 			page 33


 414 0ded CA8391FE 		.ascii	"\312\203\221\376\317\030\365\3226\360\225F\024\265("
 414      CF18F5D2 
 414      36F09546 
 414      14B528
 415 0dfc 1714E658 		.ascii	"\027\024\346X\227\033\222\005\324\356\214\376\236J5"
 415      971B9205 
 415      D4EE8CFE 
 415      9E4A35
 416 0e0b BF99CAC5 		.ascii	"\277\231\312\305\374.\360\014f\233)\270\333\333y\025"
 416      FC2EF00C 
 416      669B29B8 
 416      DBDB7915 
 417 0e1b DBECBCCE 		.ascii	"\333\354\274\316J\340\263\024\\\371\2749\317\021O\261"
 417      4AE0B314 
 417      5CF9BC39 
 417      CF114FB1 
 418 0e2b 593D2923 		.ascii	"Y=)#\345\262\233\245\242^\230f[Q\347[\015\203G\333\""
 418      E5B29BA5 
 418      A25E9866 
 418      5B51E75B 
 418      0D8347DB 
 419 0e40 F51C2645 		.ascii	"\365\034&E\352\211\027/\343\334\360\036-;9yX\237d\251"
 419      EA89172F 
 419      E3DCF01E 
 419      2D3B3979 
 419      589F64A9 
 420 0e54 A8936D2B 		.ascii	"\250\223m+\352\363VQ\347\225\242.\340\367U?\325o\210"
 420      EAF35651 
 420      E795A22E 
 420      E0F7553F 
 420      D56F88
 421 0e67 3046EA43 		.ascii	"0F\352C\215\177\323\0336\204\206E|\263\321\260h\303"
 421      8D7FD31B 
 421      36848645 
 421      7CB3D1B0 
 421      68C3
 422 0e79 5A63E422 		.ascii	"Zc\344\"\337E\213\026\371\370\205\204~\035\372i\220"
 422      DF458B16 
 422      F9F88584 
 422      7E1DFA69 
 422      90
 423 0e8a 4F84C927 		.ascii	"O\204\311'8b\375\372\210p\037\2026\371,\013\\\343\267"
 423      3862FDFA 
 423      88701F82 
 423      36F92C0B 
 423      5CE3B7
 424 0e9d 66934F70 		.ascii	"f\223OpHp\204\321\240\377\373o\326/\012\326\376\341"
 424      487084D1 
 424      A0FFFB6F 
 424      D62F0AD6 
 424      FEE1
 425 0eaf BF3E7FD7 		.ascii	"\277>\177\327o\361b\225\317\217k\247\372\011\263\300"
 425      6FF16295 
 425      CF8F6BA7 
 425      FA09B3C0 
 426 0ebf F46D6864 		.ascii	"\364mhdp\210\376\317\306\210\365\372P\223\361\307I\011"
 426      7088FECF 
ARM GAS  /tmp/ccg6N3Uf.s 			page 34


 426      C688F5FA 
 426      5093F1C7 
 426      4909
 427 0ed1 51CD6752 		.ascii	"Q\315gR\014\233B#-2\234\203\276\360\323\257Z\033\276"
 427      0C9B4223 
 427      2D329C83 
 427      BEF0D3AF 
 427      5A1BBE
 428 0ee4 2ECC60F4 		.ascii	".\314`\364\230\355\347;z\375\327\033C\303\"C\303\365"
 428      98EDE73B 
 428      7AFDD71B 
 428      43C32243 
 428      C3F5
 429 0ef6 6B8DEBF5 		.ascii	"k\215\353\365\337\030\240\345\006S\260\361\247\301!"
 429      DF18A0E5 
 429      0653B0F1 
 429      A7C121
 430 0f05 41C121AB 		.ascii	"A\301!\253M\001F\203a\375\206\310\320\210\360@\303\337"
 430      4D014683 
 430      61FD86C8 
 430      D088F040 
 430      C3DF
 431 0f17 36861A0D 		.ascii	"6\206\032\015\353\034\364\313#\"\302\336\2675\315\030"
 431      EB1CF4CB 
 431      2322C2DE 
 431      B735CD18 
 432 0f27 E9131A1E 		.ascii	"\351\023\032\036\034\266q\235\001,2\005\207\254\003"
 432      1CB6719D 
 432      012C3205 
 432      87AC03
 433 0f36 6BB44683 		.ascii	"k\264F\203\311`\374\273a\035<|C\204G\376\333\017\365"
 433      C960FCBB 
 433      611D3C7C 
 433      438447FE 
 433      DB0FF5
 434 0f49 075A3B50 		.ascii	"\007Z;P3\260i\361\257\200\226\002-\001\372\010h1\220"
 434      33B069F1 
 434      AF809602 
 434      2D01FA08 
 434      683190
 435 0f5c AF60FAAD 		.ascii	"\257`\372\255`\372X0\375F0\375Z0\375J0-\025LK\004\323"
 435      60FA5830 
 435      FD4630FD 
 435      5A30FD4A 
 435      302D154C 
 436 0f73 478269B1 		.ascii	"G\202i\261`\362Uo\332`2\012\033\2025aF}d\310:l\\\374"
 436      60F2556F 
 436      DA60320A 
 436      1B823561 
 436      467D64C8 
 437 0f8b 91605C22 		.ascii	"\221`\\\"\030\341\272X0\372:KQ\212\014\216\334\344\244"
 437      18E1BA58 
 437      30FA3A4B 
 437      518A0C8E 
 437      DCE4A4
 438 0f9e D76F     		.ascii	"\327o"
 439 0fa0 0C0D8F5C 		.ascii	"\014\015\217\\\362\221>r\251\317F\0109\030\372\313\360"
ARM GAS  /tmp/ccg6N3Uf.s 			page 35


 439      F2913E72 
 439      A9CF4608 
 439      3918FACB 
 439      F0
 440 0fb1 8870C32F 		.ascii	"\210p\303/\015k\277\016\2658\265~mpHh\270\301G\277\316"
 440      0D6BBF0E 
 440      B538B57E 
 440      6D704868 
 440      B8C147BF 
 441 0fc6 F0E7B51B 		.ascii	"\360\347\265\033\303\"\365\221\2337\030L\304I\271\365"
 441      C322F591 
 441      9B37184C 
 441      C449B9F5 
 442 0fd6 CFDFD2DA 		.ascii	"\317\337\322\332\264\331\344\2437E\256\003(4Q\007\207"
 442      B4D9E4A3 
 442      3745AE03 
 442      28345107 
 442      87
 443 0fe7 AC353AAC 		.ascii	"\2545:\254\371\302?\320W\343\037\260\"\310/\320\301"
 443      F9C23FD0 
 443      57E31FB0 
 443      22C82FD0 
 443      C1
 444 0ff8 3FC06F19 		.ascii	"?\300o\031\275\372\005\352"
 444      BDFA05EA 
 445 1000 025706AD 		.ascii	"\002W\006\255\014\374b\345\012_\012Y\374\357vc\006\306"
 445      0CFC62E5 
 445      0A5F0A59 
 445      FCEF7663 
 445      06C6
 446 1012 9388F9F8 		.ascii	"\223\210\371\370\255\011Z\035\344\343\007!\363Y-\307"
 446      AD095A1D 
 446      E4E30721 
 446      F3592DC7 
 447 1022 9FE443F0 		.ascii	"\237\344C\360\372\245\3048\377\200\317\365\237\201\245"
 447      FAA5C438 
 447      FF80CFF5 
 447      9F81A5
 448 1031 CE7ADAB3 		.ascii	"\316z\332\263\376\001\240\314um\330\267k7\233\364\241"
 448      FE01A0CC 
 448      756DD8B7 
 448      6B379BF4 
 448      A1
 449 1042 E161E0D1 		.ascii	"\341a\340\321\357\177\264\370\365\246P\223\376\233\340"
 449      EF7FB4F8 
 449      F5A65093 
 449      FE9BE0
 450 1051 6090AF63 		.ascii	"`\220\257cb\003\202\002\340\311\304\236<ip7\206\207"
 450      62038202 
 450      E0C9C49E 
 450      3C697037 
 450      8687
 451 1063 4504FFD5 		.ascii	"E\004\377\325\232\204\334KW\006]\276,he@\340j\365\352"
 451      9A84DC4B 
 451      57065DBE 
 451      2C686540 
 451      E06AF5EA 
ARM GAS  /tmp/ccg6N3Uf.s 			page 36


 452 1077 A06581EA 		.ascii	"\240e\201\3525k\374\003\361\262\025\201x\005\334\003"
 452      356BFC03 
 452      F1B21581 
 452      7805DC03 
 453 1087 FC03D5CB 		.ascii	"\374\003\325\313\374\203\002\325\313\375!(\360\011\000"
 453      FC8302D5 
 453      CBFD2128 
 453      F00900
 454 1096 2B08BF8A 		.ascii	"+\010\277\212\\\374\340\342\020\264\312/(\020\007\255"
 454      5CFCE0E2 
 454      10B4CA2F 
 454      281007AD 
 455 10a6 227A4907 		.ascii	"\"zI\007|\254\217t\224\356\030b\210IL\227\255\016\364"
 455      7CAC8F74 
 455      94EE1862 
 455      88494C97 
 455      AD0EF4
 456 10b9 0B547FF1 		.ascii	"\013T\177\361\331\247\201\352\325\200v\360\013\370|"
 456      D9A781EA 
 456      D58076F0 
 456      0BF87C
 457 10c8 F50AB82E 		.ascii	"\365\012\270.\363\013\324\006\371-\247q\361\240v\331"
 457      F30BD406 
 457      F92DA771 
 457      F1A076D9 
 458 10d8 98AAB3BC 		.ascii	"\230\252\263\274\372\177\260\350\3154"
 458      FA7FB0E8 
 458      CD34
 459              		.text
 460              		.section	.gnu.lto_.symtab.2f03b5aa37022241,"",%progbits
 461 0000 5356435F 		.ascii	"SVC_Handler\000"
 461      48616E64 
 461      6C657200 
 462 000c 00       		.ascii	"\000"
 463 000d 00       		.ascii	"\000"
 464 000e 00       		.ascii	"\000"
 465 000f 00000000 		.ascii	"\000\000\000\000\000\000\000\000"
 465      00000000 
 466 0017 C2000000 		.ascii	"\302\000\000\000"
 467 001b 5F706F72 		.ascii	"_port_irq_epilogue\000"
 467      745F6972 
 467      715F6570 
 467      696C6F67 
 467      756500
 468 002e 00       		.ascii	"\000"
 469 002f 00       		.ascii	"\000"
 470 0030 00       		.ascii	"\000"
 471 0031 00000000 		.ascii	"\000\000\000\000\000\000\000\000"
 471      00000000 
 472 0039 C4000000 		.ascii	"\304\000\000\000"
 473 003d 5F706F72 		.ascii	"_port_switch_from_isr\000"
 473      745F7377 
 473      69746368 
 473      5F66726F 
 473      6D5F6973 
 474 0053 00       		.ascii	"\000"
 475 0054 02       		.ascii	"\002"
ARM GAS  /tmp/ccg6N3Uf.s 			page 37


 476 0055 00       		.ascii	"\000"
 477 0056 00000000 		.ascii	"\000\000\000\000\000\000\000\000"
 477      00000000 
 478 005e BE000000 		.ascii	"\276\000\000\000"
 479 0062 5F706F72 		.ascii	"_port_exit_from_isr\000"
 479      745F6578 
 479      69745F66 
 479      726F6D5F 
 479      69737200 
 480 0076 00       		.ascii	"\000"
 481 0077 02       		.ascii	"\002"
 482 0078 00       		.ascii	"\000"
 483 0079 00000000 		.ascii	"\000\000\000\000\000\000\000\000"
 483      00000000 
 484 0081 C0000000 		.ascii	"\300\000\000\000"
 485 0085 63685363 		.ascii	"chSchIsPreemptionRequired\000"
 485      68497350 
 485      7265656D 
 485      7074696F 
 485      6E526571 
 486 009f 00       		.ascii	"\000"
 487 00a0 02       		.ascii	"\002"
 488 00a1 00       		.ascii	"\000"
 489 00a2 00000000 		.ascii	"\000\000\000\000\000\000\000\000"
 489      00000000 
 490 00aa CF000000 		.ascii	"\317\000\000\000"
 491              		.text
 492              		.section	.gnu.lto_.opts,"",%progbits
 493 0000 272D666D 		.ascii	"'-fmath-errno' '-fsigned-zeros' '-ftrapping-math' '"
 493      6174682D 
 493      6572726E 
 493      6F272027 
 493      2D667369 
 494 0033 2D666E6F 		.ascii	"-fno-trapv' '-fno-openmp' '-fno-openacc' '-mcpu=cor"
 494      2D747261 
 494      70762720 
 494      272D666E 
 494      6F2D6F70 
 495 0066 7465782D 		.ascii	"tex-m4' '-mfloat-abi=hard' '-mfpu=fpv4-sp-d16' '-mn"
 495      6D342720 
 495      272D6D66 
 495      6C6F6174 
 495      2D616269 
 496 0099 6F2D7468 		.ascii	"o-thumb-interwork' '-mthumb' '-O3' '-fomit-frame-po"
 496      756D622D 
 496      696E7465 
 496      72776F72 
 496      6B272027 
 497 00cc 696E7465 		.ascii	"inter' '-falign-functions=16' '-ffunction-sections'"
 497      72272027 
 497      2D66616C 
 497      69676E2D 
 497      66756E63 
 498 00ff 20272D66 		.ascii	" '-fdata-sections' '-fno-common' '-flto'\000"
 498      64617461 
 498      2D736563 
 498      74696F6E 
ARM GAS  /tmp/ccg6N3Uf.s 			page 38


 498      73272027 
 499              		.text
 500              		.comm	__gnu_lto_v1,1,1
 501              		.comm	__gnu_lto_slim,1,1
 502              		.ident	"GCC: (GNU Tools for Arm Embedded Processors 7-2018-q3-update) 7.3.1 20180622 (release) [AR
ARM GAS  /tmp/ccg6N3Uf.s 			page 39


DEFINED SYMBOLS
                            *ABS*:0000000000000000 chcore_v7m.c
                            *COM*:0000000000000001 __gnu_lto_v1
                            *COM*:0000000000000001 __gnu_lto_slim

NO UNDEFINED SYMBOLS
