ARM GAS  /tmp/ccQQZ9YR.s 			page 1


   1              		.cpu cortex-m4
   2              		.eabi_attribute 27, 1
   3              		.eabi_attribute 28, 1
   4              		.eabi_attribute 20, 1
   5              		.eabi_attribute 21, 1
   6              		.eabi_attribute 23, 3
   7              		.eabi_attribute 24, 1
   8              		.eabi_attribute 25, 1
   9              		.eabi_attribute 26, 1
  10              		.eabi_attribute 30, 2
  11              		.eabi_attribute 34, 1
  12              		.eabi_attribute 18, 4
  13              		.file	"crt1.c"
  14              		.section	.gnu.lto_.profile.94f2c4269314162b,"",%progbits
  15 0000 789C6363 		.ascii	"x\234cc```\001bF\006IQ\000\000\277\000:"
  15      60606001 
  15      62460649 
  15      510000BF 
  15      003A
  16              		.text
  17              		.section	.gnu.lto_.icf.94f2c4269314162b,"",%progbits
  18 0000 789C6363 		.ascii	"x\234cc``Pc@\0006\2069\007N/\345c\004\223L`\222y\331"
  18      60605063 
  18      40003686 
  18      39074E2F 
  18      E5630493 
  19 0019 EA0D27D8 		.ascii	"\352\015'\330Xz\366?\371\317\317z\361\333\306\036>\006"
  19      587AF63F 
  19      F9CFCF7A 
  19      F1DBC61E 
  19      3E06
  20 002b 005B4E11 		.ascii	"\000[N\021\356"
  20      EE
  21              		.text
  22              		.section	.gnu.lto_.jmpfuncs.94f2c4269314162b,"",%progbits
  23 0000 789C6363 		.ascii	"x\234cc``\020d@\000V fd``b``f``\001r\000\003o\000'"
  23      60601064 
  23      40005620 
  23      66646060 
  23      62606066 
  24              		.text
  25              		.section	.gnu.lto_.inline.94f2c4269314162b,"",%progbits
  26 0000 789C6363 		.ascii	"x\234cc``\210c@\000V\006\006f&F\006& \223m\201<\210"
  26      60608863 
  26      40005606 
  26      06662646 
  26      06262093 
  27 0018 6260C410 		.ascii	"b`\304\020a\302\020a\006\362 \",`\022H\211\374`\001"
  27      61C21061 
  27      06F22022 
  27      2C601248 
  27      89FC6001 
  28 002c 8A289DF8 		.ascii	"\212(\235\370\341\303\300\326\001Q\305\000\000\376\366"
  28      E1C3C0D6 
  28      0151C500 
  28      00FEF6
  29 003b 06DC     		.ascii	"\006\334"
ARM GAS  /tmp/ccQQZ9YR.s 			page 2


  30              		.text
  31              		.section	.gnu.lto_.pureconst.94f2c4269314162b,"",%progbits
  32 0000 789C6363 		.ascii	"x\234cc``\340\006bV\006\011F\011&\011f\023\026)\000"
  32      6060E006 
  32      62560609 
  32      46092609 
  32      66131629 
  33 0015 043700B7 		.ascii	"\0047\000\267"
  34              		.text
  35              		.section	.gnu.lto___core_init.94f2c4269314162b,"",%progbits
  36 0000 789C6363 		.ascii	"x\234cc``\250\003bk \226\006bFf\006F\246\011\347\030"
  36      6060A803 
  36      626B2096 
  36      06624666 
  36      0646A609 
  37 0016 181A3998 		.ascii	"\030\0329\230\030\031A\214\006\016F\206z&\306z\306\036"
  37      1819418C 
  37      060E4686 
  37      7A26C67A 
  37      C61E
  38 0028 E629CC8C 		.ascii	"\346)\314\214\207\332\237\355d\322\\\336\000\004\007"
  38      87DA9FED 
  38      64D25CDE 
  38      000407
  39 0037 A66FE26A 		.ascii	"\246o\342jkh\225\230\303\314\3000\015\210A\200q3\243"
  39      6B689598 
  39      C3CCC030 
  39      0D884180 
  39      7133A3
  40 004a 260350D9 		.ascii	"&\003P\331\243\215\377\246\362\262\261@\304\031\267"
  40      A38DFFA6 
  40      F2B2B140 
  40      C419B7
  41 0059 30B23130 		.ascii	"0\26210\002\031\353/\261\036h\370\367\277\275\341\300"
  41      0219EB2F 
  41      B11E68F8 
  41      F7BFBDE1 
  41      C0
  42 006a 91C58CFB 		.ascii	"\221\305\214\373\275\230\030\030:\200\362@K\032\016"
  42      BD981818 
  42      3A80F240 
  42      4B1A0E
  43 0079 30743233 		.ascii	"0t23\201X\315\007\030\33616)\200\265\200@\0073#H\030"
  43      8158CD07 
  43      18DE3136 
  43      2980B580 
  43      40073323 
  44 008f A8D4524F 		.ascii	"\250\324ROO\3379#3)\323?X?\277X?9?77?O\277\270$\261"
  44      4FDF3923 
  44      3329D33F 
  44      583FBF58 
  44      3F393F37 
  45 00aa A8A4B440 		.ascii	"\250\244\264@\3371\310\327\331\267\002$Z\220\231\223"
  45      DF31C8D7 
  45      D9B70224 
  45      5A909993 
  46 00ba 5A54ACEF 		.ascii	"ZT\254\357\356\354\254\237\\Tb\250\227\314\000\000_"
ARM GAS  /tmp/ccQQZ9YR.s 			page 3


  46      EEECAC9F 
  46      5C5462A8 
  46      97CC0000 
  46      5F
  47 00cb 933EB6   		.ascii	"\223>\266"
  48              		.text
  49              		.section	.gnu.lto___early_init.94f2c4269314162b,"",%progbits
  50 0000 789C6363 		.ascii	"x\234cc``\250\001bk \226\006bFf\006F\246\011\347\030"
  50      6060A801 
  50      626B2096 
  50      06624666 
  50      0646A609 
  51 0016 181A3998 		.ascii	"\030\0329\230\030\031A\214\006\016F\206z&\306z\306\036"
  51      1819418C 
  51      060E4686 
  51      7A26C67A 
  51      C61E
  52 0028 E629CC8C 		.ascii	"\346)\314\214\207\332\237\355d\322\\\336\000\004\007"
  52      87DA9FED 
  52      64D25CDE 
  52      000407
  53 0037 A6FFE06A 		.ascii	"\246\377\340jkh\225\230\303\314\3000\015\210A\200q3"
  53      6B689598 
  53      C3CCC030 
  53      0D884180 
  53      7133
  54 0049 A3260350 		.ascii	"\243&\003P\331\243\215\377\246\362\262\261@\304\031"
  54      D9A38DFF 
  54      A6F2B2B1 
  54      40C419
  55 0058 B730B231 		.ascii	"\2670\26210\002\031\353/\261\036h\370\367\277\275\341"
  55      300219EB 
  55      2FB11E68 
  55      F8F7BFBD 
  55      E1
  56 0069 C0196566 		.ascii	"\300\031ef&\006\206\016\240,\320\212\206\003\014\235"
  56      2606860E 
  56      A02CD08A 
  56      86030C9D 
  57 0079 402E90D5 		.ascii	"@.\220\325|\200\341\035c\223\002X\003\010t03\202\204"
  57      7C80E11D 
  57      63930258 
  57      03087430 
  57      338284
  58 008c 814A2DF5 		.ascii	"\201J-\365\364\364\23532\2232\375\203\365\363\213\365"
  58      F4F49D33 
  58      329332FD 
  58      83F5F38B 
  58      F5
  59 009d 93F37373 		.ascii	"\223\363ss\363\363\364\213K\022\213JJ\013\364\035\203"
  59      F3F3F48B 
  59      4B128B4A 
  59      4A0BF41D 
  59      83
  60 00ae 7C9D7D2B 		.ascii	"|\235}+@\242\005\2319\251E\305\372\356\316\316\372\311"
  60      40A20599 
  60      39A945C5 
ARM GAS  /tmp/ccQQZ9YR.s 			page 4


  60      FAEECECE 
  60      FAC9
  61 00c0 4525867A 		.ascii	"E%\206z\311\014\000\255\240={"
  61      C90C00AD 
  61      A03D7B
  62              		.text
  63              		.section	.gnu.lto___late_init.94f2c4269314162b,"",%progbits
  64 0000 789C6363 		.ascii	"x\234cc``\250\001bk \226\006bFf\006F\246\011\347\030"
  64      6060A801 
  64      626B2096 
  64      06624666 
  64      0646A609 
  65 0016 181A3998 		.ascii	"\030\0329\230\030\031A\214\006\016F\206z&\306z\306\036"
  65      1819418C 
  65      060E4686 
  65      7A26C67A 
  65      C61E
  66 0028 E629CC8C 		.ascii	"\346)\314\214\207\332\237\355d\322\\\336\000\004\007"
  66      87DA9FED 
  66      64D25CDE 
  66      000407
  67 0037 A66FE16E 		.ascii	"\246o\341nkh\225\230\303\314\3000\015\210A\200q3\243"
  67      6B689598 
  67      C3CCC030 
  67      0D884180 
  67      7133A3
  68 004a 260350D9 		.ascii	"&\003P\331\243\215\377\246\362\262\261@\304\031\267"
  68      A38DFFA6 
  68      F2B2B140 
  68      C419B7
  69 0059 30B23130 		.ascii	"0\26210\002\031\353/\261\036h\370\367\277\275\341\300"
  69      0219EB2F 
  69      B11E68F8 
  69      F7BFBDE1 
  69      C0
  70 006a 11656626 		.ascii	"\021ef&\006\206\016\240,\320\212\206\003\014\235@.\220"
  70      06860EA0 
  70      2CD08A86 
  70      030C9D40 
  70      2E90
  71 007c D57C80E1 		.ascii	"\325|\200\341\035c\223\002X\003\010t03\202\204\201J"
  71      1D639302 
  71      58030874 
  71      30338284 
  71      814A
  72 008e 2DF5F4F4 		.ascii	"-\365\364\364\23532\2232\375\203\365\363\213\365\223"
  72      9D333293 
  72      32FD83F5 
  72      F38BF593 
  73 009e F37373F3 		.ascii	"\363ss\363\363\364\213K\022\213JJ\013\364\035\203|\235"
  73      F3F48B4B 
  73      128B4A4A 
  73      0BF41D83 
  73      7C9D
  74 00b0 7D2B40A2 		.ascii	"}+@\242\005\2319\251E\305\372\356\316\316\372\311E%"
  74      059939A9 
  74      45C5FAEE 
ARM GAS  /tmp/ccQQZ9YR.s 			page 5


  74      CECEFAC9 
  74      4525
  75 00c2 867AC90C 		.ascii	"\206z\311\014\000\177\030=0"
  75      007F183D 
  75      30
  76              		.text
  77              		.section	.gnu.lto___default_exit.94f2c4269314162b,"",%progbits
  78 0000 789C6363 		.ascii	"x\234cc``\250\005bk 6\007bFV\006F\246\011\347\030\030"
  78      6060A805 
  78      626B2036 
  78      07624656 
  78      0646A609 
  79 0017 1A399818 		.ascii	"\0329\230\030\231!\014fF\026\010\203\005\"\342\310\310"
  79      99210C66 
  79      46160883 
  79      0522E2C8 
  79      C8
  80 0028 50CFC4CC 		.ascii	"P\317\304\314\302\010$\030\240\240\207y\0123\343\241"
  80      C2082418 
  80      A0A08779 
  80      0A33E3A1 
  81 0038 F6673B99 		.ascii	"\366g;\2314\2277\000\301\201\351\367\270\333\032Z%\346"
  81      34973700 
  81      C181E9F7 
  81      B8DB1A5A 
  81      25E6
  82 004a 00554C83 		.ascii	"\000UL\203\252b\334\314\250\311\000T\366h\343\277\251"
  82      AA62DCCC 
  82      A8C90054 
  82      F668E3BF 
  82      A9
  83 005b BC6C2C10 		.ascii	"\274l,\020q\306-\214l\014\214@\306\372K\254\007\032"
  83      71C62D8C 
  83      6C0C8C40 
  83      C6FA4BAC 
  83      071A
  84 006d FEFD6F6F 		.ascii	"\376\375oo8pg1\343Oo\240P\007P\236\261\341\000\220f"
  84      38706731 
  84      E34F6FA0 
  84      5007509E 
  84      B1E10090 
  85 0082 62606C04 		.ascii	"b`l\004\321\314\014@\353\233A,\026\020\213\261\203\231"
  85      D1CC0C40 
  85      EB9B412C 
  85      16108BB1 
  85      8399
  86 0094 116CB2A5 		.ascii	"\021l\262\245\236\236\276sFfR\246\177\260~~\261~r~n"
  86      9E9EBE73 
  86      466652A6 
  86      7FB07E7E 
  86      B17E727E 
  87 00a9 6E7E9E7E 		.ascii	"n~\236~qIbQIi\201\276c\220\257\263o\005H\264 3'\265"
  87      71496251 
  87      496981BE 
  87      6390AFB3 
  87      6F0548B4 
  88 00c1 A858DFDD 		.ascii	"\250X\337\335\331Y?\271\250\304P/\231\001\000\246\304"
ARM GAS  /tmp/ccQQZ9YR.s 			page 6


  88      D9593FB9 
  88      A8C4502F 
  88      990100A6 
  88      C4
  89 00d2 41A9     		.ascii	"A\251"
  90              		.text
  91              		.section	.gnu.lto___init_ram_areas.94f2c4269314162b,"",%progbits
  92 0000 789C9555 		.ascii	"x\234\225U\335oTU\020\237\271\347~\355\275\273\233M"
  92      DD6F5455 
  92      109FB9E7 
  92      7EEDBDBB 
  92      9B4D
  93 0012 97071F08 		.ascii	"\227\007\037\010\351K\037x\351\246oh|\020k\242/\304"
  93      E94B1F78 
  93      E9A66F68 
  93      7C106BA2 
  93      2FC4
  94 0024 44FF01B1 		.ascii	"D\377\001\261\232\330D\354\246-\211O\356\245\037\260"
  94      9AD844EC 
  94      A62D894F 
  94      EEA51FB0 
  95 0034 05A384C8 		.ascii	"\005\243\204\310G6[\\\305\004k\324\325\200\332n\277"
  95      47365B5C 
  95      C5046BD4 
  95      D580DA6E 
  95      BF
  96 0045 6EB7150A 		.ascii	"n\267\025\012t\213]\201\020R}\000\313j\361\013[I\250"
  96      748B5D81 
  96      10527D00 
  96      CB6AF10B 
  96      5B49A8
  97 0058 589D39E7 		.ascii	"X\2359\347\256,\255\242n\322s\317\271\3477\277\231\371"
  97      AE2CADA2 
  97      6ED273CF 
  97      B9E737BF 
  97      99F9
  98 006a CDDCA909 		.ascii	"\315\334\251\011\000GM\200\307\350\371>\375a\004P\333"
  98      00474D80 
  98      C7E8F93E 
  98      FD610450 
  98      DB
  99 007b 3F0BB0CB 		.ascii	"?\013\260\313\326P\250\215@Cmt\265\231\260\015M?Y\004"
  99      D650A88D 
  99      40436D74 
  99      B599B00D 
  99      4D3F5904 
 100 008f F01C77DE 		.ascii	"\360\034w\336\005/\354\242\315\357\321R\317\011\333"
 100      052FECA2 
 100      CDEFD152 
 100      CF09DB
 101 009e D62C751F 		.ascii	"\326,u\037\222\367!-\374\341\024\037\235\253!:\206\025"
 101      92F7212D 
 101      FCE1141F 
 101      9DAB213A 
 101      8615
 102 00b0 F1560791 		.ascii	"\361V\007\221\237\236\215\220\322\204n\270\226\035\012"
 102      9F9E8D90 
ARM GAS  /tmp/ccQQZ9YR.s 			page 7


 102      D2846EB8 
 102      961D0A
 103 00bf 3B98D205 		.ascii	";\230\322\005\240\257\023\333_\013\005\006\006\004?"
 103      A0AF13DB 
 103      5F0B0506 
 103      06043F
 104 00ce BBBA7955 		.ascii	"\273\272yU\274!\260\270\347\372\220\266\371\270G?\377"
 104      BC21B0B8 
 104      E7FA90B6 
 104      F9B8473F 
 104      FF
 105 00df F081E86E 		.ascii	"\360\201\350n\257\367\201\254\0008$\024\006O\340f \330"
 105      AFF781AC 
 105      00382414 
 105      064FE066 
 105      20D8
 106 00f1 5CCF4759 		.ascii	"\\\317GY\261Od\005\242N\307\233\245\314\265(\0375\254"
 106      B14F6405 
 106      A24EC79B 
 106      A5CCB528 
 106      1F35AC
 107 0104 A763CF9B 		.ascii	"\247c\317\233\357\346u\36102\362\247\364\3027\321\206"
 107      EFE675F1 
 107      3032F2A7 
 107      F4C237D1 
 107      86
 108 0115 639ED7E5 		.ascii	"c\236\327\345\371_\017n8\326\355M{zV\010\374\024\005"
 108      F95F0F6E 
 108      38D6ED4D 
 108      7B7A5608 
 108      FC1405
 109 0128 B1E227B8 		.ascii	"\261\342'\270\021O\342F\311N\360\253\037\257\036\214"
 109      114FE246 
 109      C94EF0AB 
 109      1FAF1E8C 
 110 0138 983A7E86 		.ascii	"\230:~\206\015\312)\016\242\211t1\343\367\345\035\361"
 110      0DCA290E 
 110      A2897431 
 110      E3F7E51D 
 110      F1
 111 0149 88E4FCED 		.ascii	"\210\344\374\355\360\320\202\036p\256\016nz+\340\324"
 111      F0D0821E 
 111      70AE0E6E 
 111      7A2BE0D4 
 112 0159 71E86F39 		.ascii	"q\350o9\247\026\356\224]\361\2504\275\221\236>n\007"
 112      A716EE94 
 112      5DF1A834 
 112      BD919E3E 
 112      6E07
 113 016b A6BF6CC9 		.ascii	"\246\277l\311x~O=\033\016\3377\230\021l\300\002\005"
 113      787E4F3D 
 113      1B0EDF37 
 113      98116CC0 
 113      0205
 114 017d C4B15044 		.ascii	"\304\261PD\243\024\021\200\340\030\253W\371\262\341"
 114      A3141180 
 114      E018AB57 
ARM GAS  /tmp/ccQQZ9YR.s 			page 8


 114      F9B2E1
 115 018c 7BAB7FEC 		.ascii	"{\253\177\354\361\374\331-\243\313\363\361\015\010Y"
 115      F1FCD92D 
 115      A3CBF3F1 
 115      0D0859
 116 019b 6168B490 		.ascii	"ah\264\220\372\264\350\300h\003\030o\002[Xr\015\313"
 116      FAB4E8C0 
 116      6803186F 
 116      025B5872 
 116      0DCB
 117 01ad 3711B98F 		.ascii	"7\021\271\217JLL\356\353\344\032\227\267\000i\022b\004"
 117      4A4C4CEE 
 117      EBE41A97 
 117      B7006912 
 117      6204
 118 01bf 3D1FFA84 		.ascii	"=\037\372\204F\233n\037\256cW.\237}H\212CF\024\353\241"
 118      469B6E1F 
 118      AE63572E 
 118      9F7D488A 
 118      434614EB 
 119 01d4 DEE2798B 		.ascii	"\336\342y\213K`\312<\273W\306\227\242\251\337=\252\236"
 119      4B60CA3C 
 119      BB57C697 
 119      A2A9DF3D 
 119      AA9E
 120 01e6 99132A9D 		.ascii	"\231\023*\235\333s?\244\335\034\036\335\025\313\012"
 120      DB733FA4 
 120      DD1C1EDD 
 120      15CB0A
 121 01f5 0BC73185 		.ascii	"\013\3071\205c\234+\243\3379\321\213\204>\342y\271\267"
 121      639C2BA3 
 121      DF39D18B 
 121      843EE279 
 121      B9B7
 122 0207 35E6F031 		.ascii	"5\346\3601G9\342\004\246\310\266O\010\230w\245[M\006"
 122      4739E204 
 122      A6C8B64F 
 122      089877A5 
 122      5B4D06
 123 021a 99113A2C 		.ascii	"\231\021:,bW\341\273\327*\026\313\221\021\341\332\020"
 123      6257E1BB 
 123      D72A16CB 
 123      9111E1DA 
 123      10
 124 022b 840C61A4 		.ascii	"\204\014a\244X:e\262;\352\245\334\030\013b\223\035\026"
 124      583A65B2 
 124      3BEAA5DC 
 124      180B6293 
 124      1D16
 125 023d 039F37F7 		.ascii	"\003\2377\367\035\270\214\211\017\274\375\236G%\010"
 125      1DB88C89 
 125      0FBCFD9E 
 125      472508
 126 024c E124793C 		.ascii	"\341$y<(\333\014\2470!3|EJ=\302\376\302\322\337\300"
 126      28DB0CA7 
 126      3021337C 
 126      454A3DC2 
ARM GAS  /tmp/ccQQZ9YR.s 			page 9


 126      FEC2D2DF 
 127 0261 EB81BBC8 		.ascii	"\353\201\273\310Z\376\302\277\362\177.\371\221\371O"
 127      5AFEC2BF 
 127      F27F2EF9 
 127      91F94F
 128 0270 DDC35F60 		.ascii	"\335\303_`\376\010\300-\331\312U\341X\212|\366\211\252"
 128      FE08C02D 
 128      D9CA55E1 
 128      588A7CF6 
 128      89AA
 129 0282 7C781A53 		.ascii	"|x\032SZ9\232\021\321p\341\306\004\222$:\3207I\232P"
 129      5A399A11 
 129      D170E1C6 
 129      0492243A 
 129      D037499A 
 130 0297 5C77F68E 		.ascii	"\\w\366\216.%U`X\253\203\276N\007\212\304\311\010\003"
 130      2E255560 
 130      58AB83BE 
 130      4E078AC4 
 130      C90803
 131 02aa A739483C 		.ascii	"\2479H<\303\"\223\375\205\275\003\202\315\327&\265I"
 131      C32293FD 
 131      85BD0382 
 131      CDD726B5 
 131      49
 132 02bb A2CD007D 		.ascii	"\242\315\000}\226\320\344\200\014\272\263\273KK\317"
 132      96D0E480 
 132      0CBAB3BB 
 132      4B4BCF
 133 02ca 2887750C 		.ascii	"(\207u\014\340\236\245\204\352\357\346S\247`_-=\247"
 133      E09EA584 
 133      EAEFE653 
 133      A7605F2D 
 133      3DA7
 134 02dc 6071F67A 		.ascii	"`q\366z\017L\312\032\227\3255\200\006G\265\274\322\334"
 134      0F4CCA1A 
 134      97D53580 
 134      0647B5BC 
 134      D2DC
 135 02ee 547B8931 		.ascii	"T{\2111T\2513\025GQi\353s\272\257\360\347\244\360\032"
 135      54A93315 
 135      475169EB 
 135      73BAAFF0 
 135      E7A4F01A 
 136 0302 8B3843C2 		.ascii	"\2138C\302/`\317\345\311y\014\270\330\025\260\366\006"
 136      2F60CFE5 
 136      C9790CB8 
 136      D815B0F6 
 136      06
 137 0313 D5585CB9 		.ascii	"\325X\\\271v\233R\214\353\205\312\031\274%\353,V\344"
 137      769B528C 
 137      EB85CA19 
 137      BC25EB2C 
 137      56E4
 138 0325 AB3A3D53 		.ascii	"\253:=S!\325\323\302\245F\304>a\335\025\177\371\333"
 138      21D5D3C2 
 138      A546C43E 
ARM GAS  /tmp/ccQQZ9YR.s 			page 10


 138      61DD157F 
 138      F9DB
 139 0337 F74E9BFF 		.ascii	"\367N\233\377\254\236\025\250W\242(jk\343 \340,\335"
 139      AC9E15A8 
 139      57A2286A 
 139      6BE320E0 
 139      2CDD
 140 0349 4899467F 		.ascii	"H\231F\177\015\324\214\261\301z5cR&{\235L\226\222f\240"
 140      0DD48CB1 
 140      C17A3563 
 140      52267B9D 
 140      4C969266 
 141 035e 2A8DF89F 		.ascii	"*\215\370\237\322\234\227\322\310\376\372b\2554\202"
 141      D29C97D2 
 141      C8FEFA62 
 141      AD3482
 142 036d E9A53416 		.ascii	"\351\2454\026\211\344\002Ea\255,\312\326\013\251\257"
 142      89E40245 
 142      61AD2CCA 
 142      D60BA9AF 
 143 037d 51867E71 		.ascii	"Q\206~q\247\202Skr\373\226\177\236\351w\325`\216\341"
 143      A782536B 
 143      72FB967F 
 143      9EE977D5 
 143      608EE1
 144 0390 5C6D22F2 		.ascii	"\\m\"\362\263\215\262\217\331\311\325\202\311\243\203"
 144      B38DB28F 
 144      D9C9D582 
 144      C9A383
 145 039f CE649219 		.ascii	"\316d\222\031^>k\260\011\375\337\371O\223\343\313\232"
 145      5E3E6BB0 
 145      09FDDFF9 
 145      4F93E3CB 
 145      9A
 146 03b0 C9317E65 		.ascii	"\3111~e\354\210\336\224\347\214r\213H\351\342\005\312"
 146      EC88DE94 
 146      E78C728B 
 146      48E9E205 
 146      CA
 147 03c1 09CB6A88 		.ascii	"\011\313j\210\022\240\324\377\375%\263:Z\220g\303El"
 147      12A0D4FF 
 147      FD25B33A 
 147      5A9067C3 
 147      456C
 148 03d3 A27C2FC9 		.ascii	"\242|/\311\311\302\263-\0149\207J\352\3000O\266\037"
 148      C9C2B32D 
 148      0C39874A 
 148      EAC0304F 
 148      B61F
 149 03e5 E9BBACF4 		.ascii	"\351\273\254\364\243\032\265\362\036\351\202\272\347"
 149      A31AB5F2 
 149      1EE982BA 
 149      E7
 150 03f2 C1C6C644 		.ascii	"\301\306\306D\363\013\255\317\266>\371t\242\255#\321"
 150      F30BADCF 
 150      B63EF974 
 150      A2AD23D1 
ARM GAS  /tmp/ccQQZ9YR.s 			page 11


 151 0402 D2B66347 		.ascii	"\322\266cG\333K\211\216\316\355\355\235;\223\211\255"
 151      DB4B898E 
 151      CEEDED9D 
 151      3B9389AD 
 152 0412 4F6D6BDE 		.ascii	"Omk\336\3662\277M\266\276\370|{G\342\361\346\346DK{"
 152      F632BF4D 
 152      B6BEF87C 
 152      7B47E2F1 
 152      E6E6444B 
 153 0427 6753630B 		.ascii	"gSc\013\210\366\355ILj\235\311?\001zM@\242"
 153      88F6ED49 
 153      4C6A9DC9 
 153      3F017A4D 
 153      40A2
 154              		.text
 155              		.section	.gnu.lto_ram_areas.94f2c4269314162b,"",%progbits
 156 0000 789C75D1 		.ascii	"x\234u\321KK[Q\024\005\340\263s\314\243>k\254\332\326"
 156      4B4B5B51 
 156      1405E0B3 
 156      73CCA33E 
 156      6BACDAD6 
 157 0014 B4FE835C 		.ascii	"\264\376\203\\\354(\342\244\222\2018\020\301\376\202"
 157      EC28E2A4 
 157      92813810 
 157      C1FE82
 158 0023 1A8406AA 		.ascii	"\032\204\006\252\221$\005q\222;P\020\245\035\325\221"
 158      91240571 
 158      923B5010 
 158      A51DD591 
 159 0033 19042C74 		.ascii	"\031\004,tT*\324\252\211Z\237\321\332\267o\253\326\007"
 159      542AD4AA 
 159      895A9FD1 
 159      DAB76FAB 
 159      D607
 160 0045 884271A4 		.ascii	"\210Bq\244\025A[\354I\326\035\310\015\373\016\356\202"
 160      15415BEC 
 160      49D61DC8 
 160      0DFB0EEE 
 160      82
 161 0056 BD0F8B8F 		.ascii	"\275\017\213\217slB\210Z\253\020U\002\337KI\361\370"
 161      736C4288 
 161      5AAB1055 
 161      02DF4B49 
 161      F1F8
 162 0068 F1963DF2 		.ascii	"\361\226=\362O\357\322\365\275\236\337\262=*ELf\254"
 162      4FEFD2F5 
 162      BD9EDFB2 
 162      3D2A454C 
 162      66AC
 163 007a 628796F4 		.ascii	"b\207\226\364\2022\027\224^X2\026\316\364\\\246\347"
 163      82321794 
 163      5E583216 
 163      CEF45CA6 
 163      E7
 164 008b 67870713 		.ascii	"g\207\007\023\016\317\220\336\025\323\037F%\365JAC\024"
 164      0ECF90DE 
 164      15D31F46 
ARM GAS  /tmp/ccQQZ9YR.s 			page 12


 164      25F54A41 
 164      4314
 165 009d E99544EF 		.ascii	"\351\225D\357Sa\241\301THzG\221\324\361?\335\235\347"
 165      5361A1C1 
 165      54487A47 
 165      91D4F13F 
 165      DD9DE7
 166 00b0 B24746D5 		.ascii	"\262GF\325\302nj\275z\001a\026'\264rB\033#\264s\302"
 166      C26E6ABD 
 166      7A016116 
 166      27B47242 
 166      1B23B473 
 167 00c5 31084721 		.ascii	"1\010G!L@\030\207\360\340\362M\"\037B\233\251\365\324"
 167      4C401887 
 167      F0E0F24D 
 167      221F429B 
 167      A9F5D4
 168 00d8 103A38E1 		.ascii	"\020:8\341\015N\230\315\010s8\3414\204S\020NB8\001\341"
 168      0D4E98CD 
 168      087338E1 
 168      34845310 
 168      4E423801 
 169 00ed C2ABC4DF 		.ascii	"\302\253\304\337\\\010\255\246\326#C\230\313\011\363"
 169      5C08ADA6 
 169      D6234398 
 169      CB09F3
 170 00fc 38613E23 		.ascii	"8a>#,\340\204\037!\234\207p\016\302$\204\213\035\003"
 170      2CE0841F 
 170      219C8770 
 170      0EC22484 
 170      8B1D03
 171 010f 51E395B3 		.ascii	"Q\343\225\263L\255\243\206\360&',\344\204NFX\304\011"
 171      4CADA386 
 171      F026272C 
 171      E4844E46 
 171      58C409
 172 0122 BF41F815 		.ascii	"\277A\370\025\302/\020~\206p\372d\340\265q\207\322\324"
 172      C22F107E 
 172      8670FA64 
 172      E0B57187 
 172      D2D4
 173 0134 FAD610DE 		.ascii	"\372\326\020\336\342\204\305\234\260\204\021\226r\302"
 173      E284C59C 
 173      B0841196 
 173      72C2
 174 0142 15089721 		.ascii	"\025\010\227!\\\202p\021\302\344\325\371d\001\204\026"
 174      5C827011 
 174      C2E4D5F9 
 174      64018416 
 175 0152 536BBF21 		.ascii	"Sk\277!\274\315\011\357p\302\273\214\260\214\023nB\370"
 175      BCCD09EF 
 175      70C2BB8C 
 175      B08C136E 
 175      42F8
 176 0164 13C20D08 		.ascii	"\023\302\015\010\327!\274^s\371\034$\027G\272\307\221"
 176      D721BC5E 
 176      73F91C24 
ARM GAS  /tmp/ccQQZ9YR.s 			page 13


 176      1747BAC7 
 176      91
 177 0175 EE33A472 		.ascii	"\3563\244r\216\264\013\322\016H\277@\332\006\251\243"
 177      8EB40BD2 
 177      0E48BF40 
 177      DA06A9A3 
 178 0185 2F7961C7 		.ascii	"/ya\307q]]\235\244\012\027\355\221\207\036\270hK\305"
 178      715D5D9D 
 178      A40A17ED 
 178      91871EB8 
 178      684BC5
 179 0198 1AB96855 		.ascii	"\032\271hU\345\017\225\337U~R\271\240rV\345\214\312"
 179      E50F95DF 
 179      557E52B9 
 179      A07256E5 
 179      8CCA
 180 01aa 0F2AC755 		.ascii	"\017*\307U\216\250\034&\217\240}\365\253t\2735\357\023"
 180      8EA81C26 
 180      8FA07DF5 
 180      AB74BB35 
 180      EF13
 181 01bc 7FA3BFFE 		.ascii	"\177\243\277\376\221\026\010i\276@ss\240E\013\205\037"
 181      91160869 
 181      BE407373 
 181      A0450B85 
 181      1F
 182 01cd 07C3CF5A 		.ascii	"\007\303\317Z\265\352\206:o][j\332\352\177\332\024\014"
 182      B5EA863A 
 182      6F5D5B6A 
 182      DAEA7FDA 
 182      140C
 183 01df 69355EAF 		.ascii	"i5^\257\346\013\206+\334>\361\037u\203\015\363"
 183      E60B862B 
 183      DC3EF11F 
 183      75830DF3 
 184              		.text
 185              		.section	.gnu.lto_.symbol_nodes.94f2c4269314162b,"",%progbits
 186 0000 789C55CD 		.ascii	"x\234U\315YN\002Q\024E\321\273\253(P\001\305\006\245"
 186      594E0251 
 186      1445D1BB 
 186      AB285001 
 186      C506A5
 187 0013 53D09930 		.ascii	"S\320\2310\030\306\361\210\0356\2404\012\2664\0128\007"
 187      18C6F188 
 187      1D36A034 
 187      0AB6340A 
 187      3807
 188 0025 07E19878 		.ascii	"\007\341\230x\234\037S?w%;'\271I3k\340Op\2013\353\376"
 188      9C1F533F 
 188      77253B27 
 188      B949336B 
 188      E04F7081 
 189 003c 99797E9B 		.ascii	"\231y~\233u_.q\304\313\025.\210\227k\\\370_N}i\341\022"
 189      755F2E71 
 189      C4CB152E 
 189      88976B5C 
 189      F85F4E7D 
ARM GAS  /tmp/ccQQZ9YR.s 			page 14


 190 0053 B14D748E 		.ascii	"\261Mt\2165\317\314\302\350\006j\376UtK \357\010\345"
 190      35CFCCC2 
 190      E8066AFE 
 190      55744B20 
 190      EF08E5
 191 0066 3D09D926 		.ascii	"=\011\331&\222\035\222\362\201\224|dCv\331\224=\266"
 191      921D92F2 
 191      81947C64 
 191      4376D994 
 191      3DB6
 192 0078 649FB41C 		.ascii	"d\237\264\034\220\221Od\3453\333r\310\216\034\221\223"
 192      90914F64 
 192      E533DB72 
 192      C88E1C91 
 192      93
 193 0089 2FECCA57 		.ascii	"/\354\312W\366\344\033\373\362\235\003\371A^~r(\307"
 193      F6E41BFB 
 193      F29D03F9 
 193      415E7E72 
 193      28C7
 194 009b 1CC90905 		.ascii	"\034\311\011\0059\245(g\224\344\027e\371ME\3169\226"
 194      39A52867 
 194      94E41765 
 194      F94D45CE 
 194      3996
 195 00ad 0B4EE492 		.ascii	"\013N\344\222\252\374\241\266\326V\342#1\037"
 195      AAFCA1B6 
 195      D656E223 
 195      311F
 196              		.text
 197              		.section	.gnu.lto_.refs.94f2c4269314162b,"",%progbits
 198 0000 789C0DC3 		.ascii	"x\234\015\303\007\016\202@\000\000\260K\3031\004\007"
 198      070E8240 
 198      0000B04B 
 198      C3310407 
 199 0010 20C301A2 		.ascii	" \303\001\242\340k\374\377\177\244I\323\020\302o/\021"
 199      E06BFCFF 
 199      7FA449D3 
 199      10C26F2F 
 199      11
 200 0021 89D312A5 		.ascii	"\211\323\022\2452\271\302A\251rtrvQk\264\256:\275\301"
 200      32B9C241 
 200      A9727472 
 200      76516BB4 
 200      AE3ABDC1 
 201 0035 E8E6EEE1 		.ascii	"\350\346\356\341i2{Y\274}\2546\337\360\007|\323\003"
 201      69327B59 
 201      BC7DAC36 
 201      DFF0077C 
 201      D303
 202 0047 9A       		.ascii	"\232"
 203              		.text
 204              		.section	.gnu.lto_.decls.94f2c4269314162b,"",%progbits
 205 0000 789C9D96 		.ascii	"x\234\235\226kP\024\331\025\307\373\316\035`\030\236"
 205      6B5014D9 
 205      15C7FBCE 
 205      1D60189E 
ARM GAS  /tmp/ccQQZ9YR.s 			page 15


 206 0010 85D61695 		.ascii	"\205\326\026\225b\023b\261\221$+\263\370\334|Im\312"
 206      621362B1 
 206      91242BB3 
 206      F8DC7C49 
 206      6DCA
 207 0022 0FBB5F36 		.ascii	"\017\273_6\251Jj?$\0372\313\342\244\244\202\203\005"
 207      A94A6A3F 
 207      241F32CB 
 207      E2A4A482 
 207      8305
 208 0034 43A2952F 		.ascii	"C\242\225/\255\370\026\004DE\020EAQ\020\005\\\001\005"
 208      ADF81604 
 208      44451045 
 208      41511005 
 208      5C0105
 209 0047 8541E429 		.ascii	"\205A\344)o\\\020\005D\036\242. \">\020er\356\271=\317"
 209      6F5C1005 
 209      441EA22E 
 209      20223E10 
 209      6572EEB9 
 210 005d 0B9BAA74 		.ascii	"\013\233\252t\315\277\273\357\355s~\347\364\271\247"
 210      CDBFBBEF 
 210      ED737EE7 
 210      F4B9A7
 211 006c 6F8DBB24 		.ascii	"o\215\273$IY\376\222t\210J\322.\225$Y\340\360\200\271"
 211      4959FE92 
 211      74884AD2 
 211      2E952459 
 211      E0F080B9 
 212 0080 1AC97EB8 		.ascii	"\032\311~\270\201n\202\314\240ZP#\250\031\364K\320\024"
 212      816E82CC 
 212      A05A5023 
 212      A819F44B 
 212      D014
 213 0092 681A3403 		.ascii	"h\0324\003\232\005\275\006\275\005\275\003\275\007-"
 213      9A05BD06 
 213      BD05BD03 
 213      BD072D
 214 00a1 30009124 		.ascii	"0\000\221$\025H\015r\007i@Z\2207\310\027\344\017\012"
 214      15480D72 
 214      0769405A 
 214      9037C817 
 214      E40F0A
 215 00b4 002D077D 		.ascii	"\000-\007}\004\012\004\375\014\024\004\3729(\030\264"
 215      040A04FD 
 215      0C1404FA 
 215      392818B4 
 216 00c4 021402FA 		.ascii	"\002\024\002\372\025(\024\364\033\320\247\2400\"9\035"
 216      152814F4 
 216      1BD0A7A0 
 216      3022391D 
 217 00d4 FF21184E 		.ascii	"\377!\030N\372V\031\023%w\327c\307\"v\346E\354\366."
 217      FA561913 
 217      2577D763 
 217      C72276E6 
 217      45ECF62E 
 218 00e8 6257BB88 		.ascii	"bW\273\210]\352\"v\215\213\330\035e\357\255\330\005"
ARM GAS  /tmp/ccQQZ9YR.s 			page 16


 218      5DEA2276 
 218      8D8BD81D 
 218      65EFADD8 
 218      05
 219 00f9 80968374 		.ascii	"\200\226\203t0\327\017\327\225\240\317\340~\022\256"
 219      30D70FD7 
 219      95A0CFE0 
 219      7E12AE
 220 0108 13A070B8 		.ascii	"\023\240p\270\277\017\327\277\201\324\2401\320\010h"
 220      BF0FD7BF 
 220      81D4A031 
 220      D00868
 221 0117 1834AAC4 		.ascii	"\0304\252\304hV\256S.q\006\010\367\351WX,\316\344\022"
 221      6856AE53 
 221      2E710608 
 221      F7E95758 
 221      2CCEE412 
 222 012b 1C76044B 		.ascii	"\034v\004K\274\226\237*\265\015Uj\035\242\324>XY\213"
 222      BC969F2A 
 222      B50D556A 
 222      1DA2D43E 
 222      58598B
 223 013e 20656D02 		.ascii	" em\002\225\265Z\256\254\235\277\262\226\336\312\332"
 223      95B55AAE 
 223      AC9DBFB2 
 223      96DECADA 
 224 014e 6A94B556 		.ascii	"j\224\265V+k\317\222d\275\300z\202\365\006\353\021\326"
 224      2B6BCF92 
 224      64BDC07A 
 224      82F506EB 
 224      11D6
 225 0160 2BAC6758 		.ascii	"+\254gX\357L\273\344\177\204\222\361\334\216d\362\220"
 225      EF4CBBE4 
 225      7F8492F1 
 225      DC8E64F2 
 225      90
 226 0171 0C10684D 		.ascii	"\014\020hM\342\317\253J\370\031\256L8\266X\017\302\347"
 226      E2CFAB4A 
 226      F819AE4C 
 226      38B6580F 
 226      C2E7
 227 0183 6156C51E 		.ascii	"aV\305\036cY\210\325\326zXg )\316PY\271\370#\312\217"
 227      635988D5 
 227      D67A5867 
 227      2029CE50 
 227      59B9F823 
 228 0199 3850F973 		.ascii	"8P\371s\036\316\206\341\366<\037\311\032Ny\246\262\306"
 228      1ECE86E1 
 228      F63C1FC9 
 228      1A4E79A6 
 228      B2C6
 229 01ab 919C42C3 		.ascii	"\221\234B\303\3305W\347\247\304\306\222xZP\204\356\271"
 229      D83557E7 
 229      A7C4C692 
 229      785A5084 
 229      EEB9
 230 01bd FE2EBF21 		.ascii	"\376.\277!2\010\323\177\365\225R4F\302f\313\357'7\270"
ARM GAS  /tmp/ccQQZ9YR.s 			page 17


 230      3208D37F 
 230      F5955234 
 230      46C266CB 
 230      EF2737B8 
 231 01d1 5315DEB7 		.ascii	"S\025\336\267\366O\026\272Q_\274/\316z\337\251Q\253"
 231      F64F16BA 
 231      515FBC2F 
 231      CE7ADFA9 
 231      51AB
 232 01e3 2452C68A 		.ascii	"$R\306\212\306f2\016\\~\356C\227\341\323\234w\346.\267"
 232      C666320E 
 232      5C7EEE43 
 232      97E1D39C 
 232      77E62EB7 
 233 01f7 B042991F 		.ascii	"\260B\231\037\232,*\221kh\207\226u\2267f\277\203\224"
 233      9A2C2A91 
 233      6B688796 
 233      75963766 
 233      BF8394
 234 020a 0468890A 		.ascii	"\004h\211\012\206]\323-'\275`\270\\K\374aX\230h9\342"
 234      865DD32D 
 234      27BD60B8 
 234      5C4BFC61 
 234      58986839 
 235 021f 16788C39 		.ascii	"\026x\2149\246$\310\376*\362\355G\244\222\004\221\012"
 235      A624C8FE 
 235      2AF2ED47 
 235      A4920491 
 235      0A
 236 0230 120439DF 		.ascii	"\022\0049\337 \201p6\2529\351|sr\221\317\212\323\362"
 236      20817036 
 236      AA39E97C 
 236      737291CF 
 236      8AD3F2
 237 0243 69B36C7E 		.ascii	"i\263l~\236\031\222\337\262G\3568-\313_\240\035)%\224"
 237      9E1992DF 
 237      B247EE38 
 237      2DCB5FA0 
 237      1D292594 
 238 0257 5C276160 		.ascii	"\\'a`_N\324l\004wW\311\020!\337\303bK\344&Y\001\210"
 238      5F4ED46C 
 238      047757C9 
 238      1021DFC3 
 238      624BE426 
 239 026e 1793C96D 		.ascii	"\027\223\311m~4\231,\361V\027\357?}\345\251D\030\376"
 239      7E34992C 
 239      F15617EF 
 239      3F7DE5A9 
 239      4418FE
 240 0281 6DA66CDE 		.ascii	"m\246l\336\271C\226U\210\257\262\341\253\001_\345\212"
 240      B9439655 
 240      88AFB2E1 
 240      AB015FE5 
 240      8A
 241 0292 3723FEF9 		.ascii	"7#\376\371\335\351AJ\263\226\302\027\216\025\206*\364"
 241      DDE9414A 
 241      B396C217 
ARM GAS  /tmp/ccQQZ9YR.s 			page 18


 241      8E15862A 
 241      F4
 242 02a3 AE554EF4 		.ascii	"\256UN\364\032\033\375\026\320k\\\351\265H\317\357{"
 242      1A1BFD16 
 242      D06B5CE9 
 242      B548CFEF 
 242      7B
 243 02b4 75CB8B5E 		.ascii	"u\313\213^\340\364\354\246\3413\336\264\234\017\236"
 243      E0F4ECA6 
 243      E133DEB4 
 243      9C0F9E
 244 02c3 3EB9FBC0 		.ascii	">\271\373\300\217\205\252\263\206\032\331\337y\303\323"
 244      8F85AAB3 
 244      861AD9DF 
 244      79C3D3
 245 02d2 1A9CD413 		.ascii	"\032\234\324\0235\233|3\230 \023\226@\215l~\027\346"
 245      359B7C33 
 245      98201396 
 245      408D6C7E 
 245      17E6
 246 02e4 94C06D5B 		.ascii	"\224\300m[\002\015\220\300m\327\004\0321\201\216\343"
 246      020D90C0 
 246      6DD7041A 
 246      31818EE3 
 247 02f4 07F7106A 		.ascii	"\007\367\020j\3461\253\306O\015P\006\033\222\315\315"
 247      E631ABC6 
 247      4F0D5006 
 247      1B92CDCD 
 248 0304 9F33986C 		.ascii	"\2373\230l\2055Ya\022\273u&5#\351z[Z\255/\355\344\244"
 248      85355961 
 248      12BB7526 
 248      3523E97A 
 248      5B5AAD2F 
 249 031b B2C74DF5 		.ascii	"\262\307M\365Z\336!2\201\361\207\236\037o\023\336\""
 249      5ADE2132 
 249      81F1879E 
 249      1F6F13DE 
 249      22
 250 032c B206C6B3 		.ascii	"\262\006\306\263\007v\277\241\374\271\007\014;w\025"
 250      0776BFA1 
 250      FCB9070C 
 250      3B7715
 251 033b 67294335 		.ascii	"g)C5[\322\326\314\021_n\035\014\303\321\346\231+\276"
 251      5BD2D6CC 
 251      115F6E1D 
 251      0CC3D1E6 
 251      992BBE
 252 034e DA7DACA1 		.ascii	"\332}\254\241N'\310\236_1\263\016h\250vl\250N\242\205"
 252      4E27C89E 
 252      5F31B30E 
 252      68A8766C 
 252      A84EA285 
 253 0362 B32E88B4 		.ascii	"\263.\210\264\301\020\2543+g\233\3358\213E\332\373\362"
 253      C110AC33 
 253      2B679BDD 
 253      388B45DA 
 253      FBF2
ARM GAS  /tmp/ccQQZ9YR.s 			page 19


 254 0374 F64E357D 		.ascii	"\366N5}\300\323\032h\314\277\310\342\254\324\342W\353"
 254      C0D31A68 
 254      CCBFC8E2 
 254      ACD4E257 
 254      EB
 255 0385 07534513 		.ascii	"\007SE\023\327\347|\370\024\263\350J\2369\353A\037\243"
 255      D7E77CF8 
 255      14B3E84A 
 255      9E39EB41 
 255      1FA3
 256 0397 B9EA61DF 		.ascii	"\271\352a\337|\277/\321\206B\350\235<\264d\013L\356"
 256      7CBF2FD1 
 256      8642E89D 
 256      3CB4640B 
 256      4CEE
 257 03a9 9150E6C4 		.ascii	"\221P\346\304\212B~\200\311\2730\231\307r4\267W\375"
 257      8A427E80 
 257      C9BB3099 
 257      C77234B7 
 257      57FD
 258 03bb 3E634696 		.ascii	">cF\226\203I/\321\222\036{\341Vj\371B\346\237M\315q"
 258      83492FD1 
 258      921E7BE1 
 258      566AF942 
 258      E69F4DCD 
 259 03d0 A779F84D 		.ascii	"\247y\370M\252*O\214\325\251\226\212\361`\311\030\226"
 259      AA2A4F8C 
 259      D5A9968A 
 259      F160C918 
 259      96
 260 03e1 D615F5BB 		.ascii	"\326\025\365\273\331\342\334\207\030}\366\030\275D\011"
 260      D9E2DC87 
 260      187DF618 
 260      BD4409
 261 03f0 6219E86E 		.ascii	"b\031\350nr\367>`\243\242\241\275j\375\304[\371\230"
 261      72F73E60 
 261      A3A2A1BD 
 261      6AFDC45B 
 261      F998
 262 0402 EFB42455 		.ascii	"\357\264$Uy\320>\276C\244Le\335\364\242#|`\375\256\003"
 262      79D03EBE 
 262      43A44C65 
 262      DDF4A223 
 262      7C60FDAE 
 263 0417 F8776D5D 		.ascii	"\370wm]\323\345\312\232\266O\274\271\246\2453h\353~"
 263      D3E5CA9A 
 263      B64FBCB9 
 263      A6A53368 
 263      EB7E
 264 0429 A721EB90 		.ascii	"\247!\353\220\017\011\201#tY\016\013\012\237s\360\371"
 264      0F098123 
 264      74590E0B 
 264      0A9F73F0 
 264      F9
 265 043a 863D724A 		.ascii	"\206=rJ\004\213E\272!\305q\262\314\376j]\230F8\234$"
 265      048B45BA 
 265      21C571B2 
ARM GAS  /tmp/ccQQZ9YR.s 			page 20


 265      CCFE6A5D 
 265      9846389C 
 266 044f 6EFF2E8F 		.ascii	"n\377.\217\312g\003\321x\300\325X\307l;\210\335\270"
 266      CA6703D1 
 266      78C0D558 
 266      C76C3B88 
 266      DDB8
 267 0461 F9BCCDF8 		.ascii	"\371\274\315\370\321\342dG\353\031;zpQ4\246\301\013"
 267      D1E26447 
 267      EB193B7A 
 267      705134A6 
 267      C10B
 268 0473 3B758CC2 		.ascii	";u\214\302\206\307l$\245\246\354H\305\335\014\004_\035"
 268      86C76C24 
 268      A5A6EC48 
 268      C5DD0C04 
 268      5F1D
 269 0485 347E10F4 		.ascii	"4~\020\364=\363c$0\"\217a\235\306H\010\031\001\015\203"
 269      3DF36324 
 269      30228F61 
 269      9DC64808 
 269      19010D83 
 270 0499 46498875 		.ascii	"FI\210u\257\354\271\327Y\357I-|\261/\334\273R\253%\313"
 270      AFECB9D7 
 270      59EF492D 
 270      7CB12FDC 
 270      BB52AB25 
 271 04ae 4217C591 		.ascii	"B\027\305\221g@\371_D\236d\317\006\226\343S\260}b_z"
 271      6740F95F 
 271      449E64CF 
 271      0696E353 
 271      B07D625F 
 272 04c3 9632866C 		.ascii	"\2262\206lM\034*P\005\244(1\276P\243a+Di\301\244\177"
 272      4D1C2A50 
 272      05A42831 
 272      BE50A361 
 272      2B4469C1 
 273 04d9 2401D6CF 		.ascii	"$\001\326\317\006\267\225\241k\307|\227)\031\355[2#"
 273      06B795A1 
 273      6BC77C97 
 273      2919ED5B 
 273      3223
 274 04eb 69A917FC 		.ascii	"i\251\027\374\276~|\310\3331\332\304OE\273\260PRH>\311"
 274      BE7E7CC8 
 274      DB31DAC4 
 274      4F45BBB0 
 274      5052483E 
 275 0500 953B60C3 		.ascii	"\225;`\303\234:\021\224&\313_\221I\022@\356\360\367"
 275      9C3A1194 
 275      26CB5F91 
 275      491240EE 
 275      F0F7
 276 0512 70706433 		.ascii	"ppd3\177\207\335n\212|\002~3\263IWa\227\247\330\230"
 276      7F87DD6E 
 276      8A7C027E 
 276      33B34957 
 276      6197A7D8 
ARM GAS  /tmp/ccQQZ9YR.s 			page 21


 277 0527 6DC369F5 		.ascii	"m\303i\365~\000\031\202\265m;\036\220\223p\232\267\367"
 277      7E001982 
 277      B56D3B1E 
 277      9093709A 
 277      B7F7
 278 0539 7305626F 		.ascii	"s\005bo\363\347\270WM#\342Y\322\017\026?\232\303\021"
 278      F3E7B857 
 278      4D23E259 
 278      D20F163F 
 278      9AC311
 279 054c 277BE7EB 		.ascii	"'{\347\3534\012b\342,M\011A\300\013\001\360\002\001"
 279      340A62E2 
 279      2C4D0941 
 279      C00B01F0 
 279      0201
 280 055e 3308C85B 		.ascii	"3\010\310[\270[\346N\2139\340\301\216\362y\255\002\030"
 280      B85BE64E 
 280      8B39E0C1 
 280      8EF279AD 
 280      0218
 281 0570 CDB3025E 		.ascii	"\315\263\002^\012\200\227\010\230E@F\301d\206\226Vs"
 281      0A809708 
 281      98454046 
 281      C1648696 
 281      5673
 282 0582 407B6F6E 		.ascii	"@{on\205\217\025\020\230)\337R#\341\225@x\205\204\327"
 282      858F1510 
 282      9829DF52 
 282      23E19540 
 282      788584D7 
 283 0596 4818AB6D 		.ascii	"H\030\253m|\244\241\355\234\360p\250\245\300K!<v(\303"
 283      7CA4A1ED 
 283      9CF070A8 
 283      A5C04B21 
 283      3C7628C3 
 284 05aa 1B01F106 		.ascii	"\033\001\361\006\021o\021\261s:\275\304\213\016s\304"
 284      116F11B1 
 284      733ABDC4 
 284      8B0E73C4 
 285 05ba A9EAC446 		.ascii	"\251\352\304F*\224aN\000\314!\340\035\002:\315\245\005"
 285      2A94614E 
 285      00CC21E0 
 285      1D023ACD 
 285      A505
 286 05cc 1E749A03 		.ascii	"\036t\232\003\356$5\274w\023\3120/\000\346\021\360\036"
 286      EE2435BC 
 286      7713CA30 
 286      2F00E611 
 286      F01E
 287 05de 018F4712 		.ascii	"\001\217G\022K\334\251\205\003\016W&\036[\244\014\037"
 287      4BDCA985 
 287      030E5726 
 287      1E5BA40C 
 287      1F
 288 05ef 04C20724 		.ascii	"\004\302\007$, \241?\373\374\2347MV\363\2258^\236k]"
 288      2C20A13F 
 288      FBFC9C37 
ARM GAS  /tmp/ccQQZ9YR.s 			page 22


 288      4D56F395 
 288      385E9E6B 
 289 0604 89058732 		.ascii	"\211\005\2072X\004\204\005\021\262\212!\322+Z\312=h"
 289      58048405 
 289      11B28A21 
 289      D22B5ACA 
 289      3D68
 290 0616 0E47CC5F 		.ascii	"\016G\314_*Q\013U\330\241r\365\207\0318\357D\177K[v"
 290      2A510B55 
 290      D8A172F5 
 290      871938EF 
 290      447F4B5B 
 291 062b AB8A1673 		.ascii	"\253\212\026s\377\351\232\3011o\241\012\011\002 \001"
 291      FFE99AC1 
 291      316FA10A 
 291      09022001 
 292 063b 01BB10D0 		.ascii	"\001\273\020\320|\343p%4\003\007\024\235\333\261\313"
 292      7CE37025 
 292      34030714 
 292      9DDBB1CB 
 293 064b 5BACC26E 		.ascii	"[\254\302n\201\260\033\011{\220p<q\377\307\264\235\003"
 293      81B01B09 
 293      7B90703C 
 293      71FFC7B4 
 293      9D03
 294 065d 7A9BD2A7 		.ascii	"z\233\322\247\255E\350\311\260\027a\257@\330\213\204"
 294      AD45E8C9 
 294      B01761AF 
 294      40D88B84 
 295 066d 7D487876 		.ascii	"}Hxv\371z\251'\035\346\210\232\324\222vw\241\012\373"
 295      F97AA927 
 295      1DE6889A 
 295      D4927677 
 295      A10AFB
 296 0680 05C07E04 		.ascii	"\005\300~\004\034@\300\374\231\271\0025\235\346\200"
 296      1C40C0FC 
 296      99B90235 
 296      9DE680
 297 068f 8BA37D07 		.ascii	"\213\243}\007\304O\342\240\0008\210\200D\004\234\310"
 297      C44FE2A0 
 297      00388880 
 297      44049CC8 
 298 069f 3A55E94D 		.ascii	":U\351M-\034\220{\370\372)\215X\205$\201\220\204\204"
 298      2D1C907B 
 298      F8FA298D 
 298      58852481 
 298      908484
 299 06b2 4348B85C 		.ascii	"CH\270\\5P\341I\223\335\370\316p\345U\217ug\230r(C\262"
 299      3550E149 
 299      93DDF8CE 
 299      70E5558F 
 299      75679872 
 300 06c9 80484644 		.ascii	"\200HFD\012\"v\277\335sBCs8\342\350\370\223\024\017"
 300      0A2276BF 
 300      DD734243 
 300      7338E2E8 
 300      F893140F 
ARM GAS  /tmp/ccQQZ9YR.s 			page 23


 301 06dd A10CA902 		.ascii	"\241\014\251\002 \025\001\207\021P\237\236t\325\213"
 301      20150187 
 301      11509F9E 
 301      74D58B
 302 06ec 16734041 		.ascii	"\026s@A]\337/\204*\244\011\376i\350\177\004\375\317"
 302      5DDF2F84 
 302      2AA409FE 
 302      69E87F04 
 302      FDCF
 303 06fe CDA634A9 		.ascii	"\315\2464\251i5\367\337\237=RB\304*\034\025\010G\221"
 303      6935F7DF 
 303      9F3D5242 
 303      C42A1C15 
 303      084791
 304 0711 700C09FB 		.ascii	"p\014\011\373k\362\362\265\264\235\023\272\013\3473"
 304      6BF2F2B5 
 304      B49D13BA 
 304      0BE733
 305 0720 ADAF509F 		.ascii	"\255\257P\237i\257B\272\200HG\304qDT\\(\232\201\215"
 305      69AF42BA 
 305      804847C4 
 305      7144545C 
 305      289A818D 
 306 0734 81236EDD 		.ascii	"\201#n\335\034\317\365\023\252\220!\0002\020\220\211"
 306      1CCFF513 
 306      AA902100 
 306      32109089 
 307 0744 806B93F7 		.ascii	"\200k\223\367\337\272\323i\016\230\233\231\314\360\020"
 307      DFBAD369 
 307      0E989B99 
 307      CCF010
 308 0753 CA704200 		.ascii	"\312pB\000\234@@\026\002^\336I\201O\302\302\001\311"
 308      9C404016 
 308      025EDE49 
 308      814FC2C2 
 308      01C9
 309 0765 D579732A 		.ascii	"\325ys*\261\014'\005\302I$\234BB\345\215\371\217i\262"
 309      B10C2705 
 309      C249249C 
 309      4242E58D 
 309      F98F69B2 
 310 0779 3B029A6E 		.ascii	";\002\232n\325\331\276\251A\207*d\013\204l$\234FBJ\321"
 310      D5D9BEA9 
 310      41872A64 
 310      0B846C24 
 310      9C46424A 
 311 078e 99F7D00B 		.ascii	"\231\367\320\013\034\321^YVF\204*\234\021\000g\020\220"
 311      1CD15E59 
 311      5646842A 
 311      9C110067 
 311      1090
 312 07a0 C35FA2BB 		.ascii	"\303_\242\273\260\327\207\026s@u\351\345\327\342\366"
 312      B0D78716 
 312      734075E9 
 312      E5D7E2F6 
 313 07b0 982B0072 		.ascii	"\230+\000r\021p\026\001C\245eE\276\264\232\003\346\247"
 313      11701601 
ARM GAS  /tmp/ccQQZ9YR.s 			page 24


 313      43A56545 
 313      BEB49A03 
 313      E6A7
 314 07c2 0FEF5EA4 		.ascii	"\017\357^\244\012\347\004\3029$\344!\341R"
 314      0AE704C2 
 314      3924E421 
 314      E152
 315 07d0 CA48BA07 		.ascii	"\312H\272\007m\347\204\343\025i\017\255\233\333k\207"
 315      6DE784E3 
 315      15690FAD 
 315      9BDB6B87 
 316 07e0 329C1710 		.ascii	"2\234\027\020\347\021q\001\021\231\335G*\011\035\346"
 316      E7117101 
 316      1199DD47 
 316      2A091DE6 
 317 07f0 8827F9AD 		.ascii	"\210'\371\255y>B\031\362\005@>\002\012\0200\261\367"
 317      793E4219 
 317      F205403E 
 317      020A1030 
 317      B1F7
 318 0802 E1203403 		.ascii	"\341 4\003\007\324?\255\277\345)\224\341\242\000\270"
 318      07D43FAD 
 318      BFE52994 
 318      E1A200B8 
 319 0812 888042BE 		.ascii	"\210\200B\276A\277|\227\000\315\300\001\245\331\251"
 319      41BF7C97 
 319      00CDC001 
 319      A5D9A9
 320 0821 FF12AB70 		.ascii	"\377\022\253pI\000\\B\300e\004\234\235\030mP9\376\003"
 320      49005C42 
 320      C065049C 
 320      9D186D50 
 320      39FE03
 321 0834 9E70F8DF 		.ascii	"\236p\370\337'\221\"\025\376\003fW0.y\\\372\310\323"
 321      27912215 
 321      FE036657 
 321      302E795C 
 321      FAC8D3
 322 0847 D198FD29 		.ascii	"\321\230\375)\261\033\027+\306\305h\334\262\3203\353"
 322      B11B172B 
 322      C6C568DC 
 322      B2D033EB 
 323 0857 6135DEB7 		.ascii	"a5\336\267\324\177kR\002N^z}dL\254A\037e\2142\251\377"
 323      D47F6B52 
 323      024E5E7A 
 323      7D644CAC 
 323      411F658C 
 324 086e 6D88F8E7 		.ascii	"m\210\370\347\347aa\272\215\233\243\276\213\372\323"
 324      E76161BA 
 324      8D9BA3BE 
 324      8BFAD3
 325 087d 5F743171 		.ascii	"_t1q\272\310\230-[b\214\2728SD\254)~\253\356\017\177"
 325      BAC8982D 
 325      5B628CBA 
 325      385344AC 
 325      297EABEE 
 326 0893 FE7AE3D7 		.ascii	"\376z\343\327\333\330\354\326\250hCl\234\356\313\215"
ARM GAS  /tmp/ccQQZ9YR.s 			page 25


 326      DBD8ECD6 
 326      A868436C 
 326      9CEECB8D 
 327 08a3 1B7591B1 		.ascii	"\033u\221\261\246\360\260H\315\227\177\374&xcx\270\364"
 327      A6F0B048 
 327      CD977FFC 
 327      26786378 
 327      B8F4
 328 08b5 BBFF9720 		.ascii	"\273\377\227 y\353\365\206\210\330\350\355\230\015d"
 328      79EBF586 
 328      88D8E8ED 
 328      980D64
 329 08c4 161D61E2 		.ascii	"\026\035a\342\231\371\352\365\233\014\377\210\210\217"
 329      99F9EAF5 
 329      9B0CFF88 
 329      888F
 330 08d2 36E90DDB 		.ascii	"6\351\015\333\242L\032#\244l\212\2175\372\353\361\261"
 330      A24C1A23 
 330      A46C8A8F 
 330      35FAEBF1 
 330      B1
 331 08e3 3E36628B 		.ascii	">6b\213>\"\326\020\021\347i\273\323FF\003\013\357\265"
 331      3E22D610 
 331      11E769BB 
 331      D3464603 
 331      0BEFB5
 332 08f6 7A7D7C94 		.ascii	"z}|\224\321\264f\265\336\264V\027\037\027\253\213\210"
 332      D1B466B5 
 332      DEB45617 
 332      1F17AB8B 
 332      88
 333 0907 DDB2CA18 		.ascii	"\335\262\312\030c4\2542D|\027\245\2132FF\307o2\350\266"
 333      6334AC32 
 333      447C17A5 
 333      8B324646 
 333      C76F32E8 
 334 091c 44446E8E 		.ascii	"DDn\2162\032t\266P\246\355[\015qa\233%\215\325\373\327"
 334      321A74B6 
 334      50A6ED5B 
 334      0D71619B 
 334      258DD5FB 
 335 0931 3FE11DB7 		.ascii	"?\341\035\267=N\247\2173m\002Sp\361\304\264Xp_\2743"
 335      3D4EA78F 
 335      336D0253 
 335      70F1C4B4 
 335      58705FBC 
 336 0946 19B6F1A1 		.ascii	"\031\266\361\241\2671Fo{\346\307\262\265\215\364\246"
 336      B731466F 
 336      7BE6C7B2 
 336      B58DF4A6 
 337 0956 003D7B93 		.ascii	"\000={\223\317\364v\027\275\217\343\224\336W\031\361"
 337      CFF47617 
 337      BD8FE394 
 337      DE5719F1 
 338 0966 77D3FB29 		.ascii	"w\323\373)Cc\014\177\314\375\303E\377p'\377pg\377p\027"
 338      43630C7F 
 338      CCFDC345 
ARM GAS  /tmp/ccQQZ9YR.s 			page 26


 338      FF7027FF 
 338      7067FF70 
 339 097b FFD5A2FF 		.ascii	"\377\325\242\377j'\377\325\316\376\253]\374\327\210"
 339      6A27FFD5 
 339      CEFEAB5D 
 339      FCD788
 340 098a FE6B9CFC 		.ascii	"\376k\234\374\3278\373\257q\361_+\372\257u\362_\353"
 340      D738FBAF 
 340      71F15F2B 
 340      FAAF75F2 
 340      5FEB
 341 099c ECBFD6C5 		.ascii	"\354\277\326\305\177\235\350\277\316\311\177\235\263"
 341      7F9DE8BF 
 341      CEC97F9D 
 341      B3
 342 09a9 FF3A17FF 		.ascii	"\377:\027\377\365\242\377z'\377\365\316\376\353]\374"
 342      F5A2FF7A 
 342      27FFF5CE 
 342      FEEB5DFC 
 343 09b9 3788FE1B 		.ascii	"7\210\376\033\234\37478\373o\260\371\377\027\217\247"
 343      9CFC3738 
 343      FB6FB0F9 
 343      FF178FA7 
 344 09c9 67AF     		.ascii	"g\257"
 345              		.text
 346              		.section	.gnu.lto_.symtab.94f2c4269314162b,"",%progbits
 347 0000 5F5F636F 		.ascii	"__core_init\000"
 347      72655F69 
 347      6E697400 
 348 000c 00       		.ascii	"\000"
 349 000d 01       		.ascii	"\001"
 350 000e 00       		.ascii	"\000"
 351 000f 00000000 		.ascii	"\000\000\000\000\000\000\000\000"
 351      00000000 
 352 0017 BD000000 		.ascii	"\275\000\000\000"
 353 001b 5F5F6561 		.ascii	"__early_init\000"
 353      726C795F 
 353      696E6974 
 353      00
 354 0028 00       		.ascii	"\000"
 355 0029 01       		.ascii	"\001"
 356 002a 00       		.ascii	"\000"
 357 002b 00000000 		.ascii	"\000\000\000\000\000\000\000\000"
 357      00000000 
 358 0033 C0000000 		.ascii	"\300\000\000\000"
 359 0037 5F5F6C61 		.ascii	"__late_init\000"
 359      74655F69 
 359      6E697400 
 360 0043 00       		.ascii	"\000"
 361 0044 01       		.ascii	"\001"
 362 0045 00       		.ascii	"\000"
 363 0046 00000000 		.ascii	"\000\000\000\000\000\000\000\000"
 363      00000000 
 364 004e C3000000 		.ascii	"\303\000\000\000"
 365 0052 5F5F6465 		.ascii	"__default_exit\000"
 365      6661756C 
 365      745F6578 
ARM GAS  /tmp/ccQQZ9YR.s 			page 27


 365      697400
 366 0061 00       		.ascii	"\000"
 367 0062 01       		.ascii	"\001"
 368 0063 00       		.ascii	"\000"
 369 0064 00000000 		.ascii	"\000\000\000\000\000\000\000\000"
 369      00000000 
 370 006c C8000000 		.ascii	"\310\000\000\000"
 371 0070 5F5F696E 		.ascii	"__init_ram_areas\000"
 371      69745F72 
 371      616D5F61 
 371      72656173 
 371      00
 372 0081 00       		.ascii	"\000"
 373 0082 00       		.ascii	"\000"
 374 0083 00       		.ascii	"\000"
 375 0084 00000000 		.ascii	"\000\000\000\000\000\000\000\000"
 375      00000000 
 376 008c CA000000 		.ascii	"\312\000\000\000"
 377 0090 5F5F7261 		.ascii	"__ram0_init_text__\000"
 377      6D305F69 
 377      6E69745F 
 377      74657874 
 377      5F5F00
 378 00a3 00       		.ascii	"\000"
 379 00a4 02       		.ascii	"\002"
 380 00a5 00       		.ascii	"\000"
 381 00a6 00000000 		.ascii	"\000\000\000\000\000\000\000\000"
 381      00000000 
 382 00ae F0000000 		.ascii	"\360\000\000\000"
 383 00b2 5F5F7261 		.ascii	"__ram0_init__\000"
 383      6D305F69 
 383      6E69745F 
 383      5F00
 384 00c0 00       		.ascii	"\000"
 385 00c1 02       		.ascii	"\002"
 386 00c2 00       		.ascii	"\000"
 387 00c3 00000000 		.ascii	"\000\000\000\000\000\000\000\000"
 387      00000000 
 388 00cb F2000000 		.ascii	"\362\000\000\000"
 389 00cf 5F5F7261 		.ascii	"__ram0_clear__\000"
 389      6D305F63 
 389      6C656172 
 389      5F5F00
 390 00de 00       		.ascii	"\000"
 391 00df 02       		.ascii	"\002"
 392 00e0 00       		.ascii	"\000"
 393 00e1 00000000 		.ascii	"\000\000\000\000\000\000\000\000"
 393      00000000 
 394 00e9 F4000000 		.ascii	"\364\000\000\000"
 395 00ed 5F5F7261 		.ascii	"__ram0_noinit__\000"
 395      6D305F6E 
 395      6F696E69 
 395      745F5F00 
 396 00fd 00       		.ascii	"\000"
 397 00fe 02       		.ascii	"\002"
 398 00ff 00       		.ascii	"\000"
 399 0100 00000000 		.ascii	"\000\000\000\000\000\000\000\000"
ARM GAS  /tmp/ccQQZ9YR.s 			page 28


 399      00000000 
 400 0108 F6000000 		.ascii	"\366\000\000\000"
 401 010c 5F5F7261 		.ascii	"__ram1_init_text__\000"
 401      6D315F69 
 401      6E69745F 
 401      74657874 
 401      5F5F00
 402 011f 00       		.ascii	"\000"
 403 0120 02       		.ascii	"\002"
 404 0121 00       		.ascii	"\000"
 405 0122 00000000 		.ascii	"\000\000\000\000\000\000\000\000"
 405      00000000 
 406 012a F8000000 		.ascii	"\370\000\000\000"
 407 012e 5F5F7261 		.ascii	"__ram1_init__\000"
 407      6D315F69 
 407      6E69745F 
 407      5F00
 408 013c 00       		.ascii	"\000"
 409 013d 02       		.ascii	"\002"
 410 013e 00       		.ascii	"\000"
 411 013f 00000000 		.ascii	"\000\000\000\000\000\000\000\000"
 411      00000000 
 412 0147 FA000000 		.ascii	"\372\000\000\000"
 413 014b 5F5F7261 		.ascii	"__ram1_clear__\000"
 413      6D315F63 
 413      6C656172 
 413      5F5F00
 414 015a 00       		.ascii	"\000"
 415 015b 02       		.ascii	"\002"
 416 015c 00       		.ascii	"\000"
 417 015d 00000000 		.ascii	"\000\000\000\000\000\000\000\000"
 417      00000000 
 418 0165 FC000000 		.ascii	"\374\000\000\000"
 419 0169 5F5F7261 		.ascii	"__ram1_noinit__\000"
 419      6D315F6E 
 419      6F696E69 
 419      745F5F00 
 420 0179 00       		.ascii	"\000"
 421 017a 02       		.ascii	"\002"
 422 017b 00       		.ascii	"\000"
 423 017c 00000000 		.ascii	"\000\000\000\000\000\000\000\000"
 423      00000000 
 424 0184 FE000000 		.ascii	"\376\000\000\000"
 425 0188 5F5F7261 		.ascii	"__ram2_init_text__\000"
 425      6D325F69 
 425      6E69745F 
 425      74657874 
 425      5F5F00
 426 019b 00       		.ascii	"\000"
 427 019c 02       		.ascii	"\002"
 428 019d 00       		.ascii	"\000"
 429 019e 00000000 		.ascii	"\000\000\000\000\000\000\000\000"
 429      00000000 
 430 01a6 00010000 		.ascii	"\000\001\000\000"
 431 01aa 5F5F7261 		.ascii	"__ram2_init__\000"
 431      6D325F69 
 431      6E69745F 
ARM GAS  /tmp/ccQQZ9YR.s 			page 29


 431      5F00
 432 01b8 00       		.ascii	"\000"
 433 01b9 02       		.ascii	"\002"
 434 01ba 00       		.ascii	"\000"
 435 01bb 00000000 		.ascii	"\000\000\000\000\000\000\000\000"
 435      00000000 
 436 01c3 02010000 		.ascii	"\002\001\000\000"
 437 01c7 5F5F7261 		.ascii	"__ram2_clear__\000"
 437      6D325F63 
 437      6C656172 
 437      5F5F00
 438 01d6 00       		.ascii	"\000"
 439 01d7 02       		.ascii	"\002"
 440 01d8 00       		.ascii	"\000"
 441 01d9 00000000 		.ascii	"\000\000\000\000\000\000\000\000"
 441      00000000 
 442 01e1 04010000 		.ascii	"\004\001\000\000"
 443 01e5 5F5F7261 		.ascii	"__ram2_noinit__\000"
 443      6D325F6E 
 443      6F696E69 
 443      745F5F00 
 444 01f5 00       		.ascii	"\000"
 445 01f6 02       		.ascii	"\002"
 446 01f7 00       		.ascii	"\000"
 447 01f8 00000000 		.ascii	"\000\000\000\000\000\000\000\000"
 447      00000000 
 448 0200 06010000 		.ascii	"\006\001\000\000"
 449 0204 5F5F7261 		.ascii	"__ram3_init_text__\000"
 449      6D335F69 
 449      6E69745F 
 449      74657874 
 449      5F5F00
 450 0217 00       		.ascii	"\000"
 451 0218 02       		.ascii	"\002"
 452 0219 00       		.ascii	"\000"
 453 021a 00000000 		.ascii	"\000\000\000\000\000\000\000\000"
 453      00000000 
 454 0222 08010000 		.ascii	"\010\001\000\000"
 455 0226 5F5F7261 		.ascii	"__ram3_init__\000"
 455      6D335F69 
 455      6E69745F 
 455      5F00
 456 0234 00       		.ascii	"\000"
 457 0235 02       		.ascii	"\002"
 458 0236 00       		.ascii	"\000"
 459 0237 00000000 		.ascii	"\000\000\000\000\000\000\000\000"
 459      00000000 
 460 023f 0A010000 		.ascii	"\012\001\000\000"
 461 0243 5F5F7261 		.ascii	"__ram3_clear__\000"
 461      6D335F63 
 461      6C656172 
 461      5F5F00
 462 0252 00       		.ascii	"\000"
 463 0253 02       		.ascii	"\002"
 464 0254 00       		.ascii	"\000"
 465 0255 00000000 		.ascii	"\000\000\000\000\000\000\000\000"
 465      00000000 
ARM GAS  /tmp/ccQQZ9YR.s 			page 30


 466 025d 0C010000 		.ascii	"\014\001\000\000"
 467 0261 5F5F7261 		.ascii	"__ram3_noinit__\000"
 467      6D335F6E 
 467      6F696E69 
 467      745F5F00 
 468 0271 00       		.ascii	"\000"
 469 0272 02       		.ascii	"\002"
 470 0273 00       		.ascii	"\000"
 471 0274 00000000 		.ascii	"\000\000\000\000\000\000\000\000"
 471      00000000 
 472 027c 0E010000 		.ascii	"\016\001\000\000"
 473 0280 5F5F7261 		.ascii	"__ram4_init_text__\000"
 473      6D345F69 
 473      6E69745F 
 473      74657874 
 473      5F5F00
 474 0293 00       		.ascii	"\000"
 475 0294 02       		.ascii	"\002"
 476 0295 00       		.ascii	"\000"
 477 0296 00000000 		.ascii	"\000\000\000\000\000\000\000\000"
 477      00000000 
 478 029e 10010000 		.ascii	"\020\001\000\000"
 479 02a2 5F5F7261 		.ascii	"__ram4_init__\000"
 479      6D345F69 
 479      6E69745F 
 479      5F00
 480 02b0 00       		.ascii	"\000"
 481 02b1 02       		.ascii	"\002"
 482 02b2 00       		.ascii	"\000"
 483 02b3 00000000 		.ascii	"\000\000\000\000\000\000\000\000"
 483      00000000 
 484 02bb 12010000 		.ascii	"\022\001\000\000"
 485 02bf 5F5F7261 		.ascii	"__ram4_clear__\000"
 485      6D345F63 
 485      6C656172 
 485      5F5F00
 486 02ce 00       		.ascii	"\000"
 487 02cf 02       		.ascii	"\002"
 488 02d0 00       		.ascii	"\000"
 489 02d1 00000000 		.ascii	"\000\000\000\000\000\000\000\000"
 489      00000000 
 490 02d9 14010000 		.ascii	"\024\001\000\000"
 491 02dd 5F5F7261 		.ascii	"__ram4_noinit__\000"
 491      6D345F6E 
 491      6F696E69 
 491      745F5F00 
 492 02ed 00       		.ascii	"\000"
 493 02ee 02       		.ascii	"\002"
 494 02ef 00       		.ascii	"\000"
 495 02f0 00000000 		.ascii	"\000\000\000\000\000\000\000\000"
 495      00000000 
 496 02f8 16010000 		.ascii	"\026\001\000\000"
 497 02fc 5F5F7261 		.ascii	"__ram5_init_text__\000"
 497      6D355F69 
 497      6E69745F 
 497      74657874 
 497      5F5F00
ARM GAS  /tmp/ccQQZ9YR.s 			page 31


 498 030f 00       		.ascii	"\000"
 499 0310 02       		.ascii	"\002"
 500 0311 00       		.ascii	"\000"
 501 0312 00000000 		.ascii	"\000\000\000\000\000\000\000\000"
 501      00000000 
 502 031a 18010000 		.ascii	"\030\001\000\000"
 503 031e 5F5F7261 		.ascii	"__ram5_init__\000"
 503      6D355F69 
 503      6E69745F 
 503      5F00
 504 032c 00       		.ascii	"\000"
 505 032d 02       		.ascii	"\002"
 506 032e 00       		.ascii	"\000"
 507 032f 00000000 		.ascii	"\000\000\000\000\000\000\000\000"
 507      00000000 
 508 0337 1A010000 		.ascii	"\032\001\000\000"
 509 033b 5F5F7261 		.ascii	"__ram5_clear__\000"
 509      6D355F63 
 509      6C656172 
 509      5F5F00
 510 034a 00       		.ascii	"\000"
 511 034b 02       		.ascii	"\002"
 512 034c 00       		.ascii	"\000"
 513 034d 00000000 		.ascii	"\000\000\000\000\000\000\000\000"
 513      00000000 
 514 0355 1C010000 		.ascii	"\034\001\000\000"
 515 0359 5F5F7261 		.ascii	"__ram5_noinit__\000"
 515      6D355F6E 
 515      6F696E69 
 515      745F5F00 
 516 0369 00       		.ascii	"\000"
 517 036a 02       		.ascii	"\002"
 518 036b 00       		.ascii	"\000"
 519 036c 00000000 		.ascii	"\000\000\000\000\000\000\000\000"
 519      00000000 
 520 0374 1E010000 		.ascii	"\036\001\000\000"
 521 0378 5F5F7261 		.ascii	"__ram6_init_text__\000"
 521      6D365F69 
 521      6E69745F 
 521      74657874 
 521      5F5F00
 522 038b 00       		.ascii	"\000"
 523 038c 02       		.ascii	"\002"
 524 038d 00       		.ascii	"\000"
 525 038e 00000000 		.ascii	"\000\000\000\000\000\000\000\000"
 525      00000000 
 526 0396 20010000 		.ascii	" \001\000\000"
 527 039a 5F5F7261 		.ascii	"__ram6_init__\000"
 527      6D365F69 
 527      6E69745F 
 527      5F00
 528 03a8 00       		.ascii	"\000"
 529 03a9 02       		.ascii	"\002"
 530 03aa 00       		.ascii	"\000"
 531 03ab 00000000 		.ascii	"\000\000\000\000\000\000\000\000"
 531      00000000 
 532 03b3 22010000 		.ascii	"\"\001\000\000"
ARM GAS  /tmp/ccQQZ9YR.s 			page 32


 533 03b7 5F5F7261 		.ascii	"__ram6_clear__\000"
 533      6D365F63 
 533      6C656172 
 533      5F5F00
 534 03c6 00       		.ascii	"\000"
 535 03c7 02       		.ascii	"\002"
 536 03c8 00       		.ascii	"\000"
 537 03c9 00000000 		.ascii	"\000\000\000\000\000\000\000\000"
 537      00000000 
 538 03d1 24010000 		.ascii	"$\001\000\000"
 539 03d5 5F5F7261 		.ascii	"__ram6_noinit__\000"
 539      6D365F6E 
 539      6F696E69 
 539      745F5F00 
 540 03e5 00       		.ascii	"\000"
 541 03e6 02       		.ascii	"\002"
 542 03e7 00       		.ascii	"\000"
 543 03e8 00000000 		.ascii	"\000\000\000\000\000\000\000\000"
 543      00000000 
 544 03f0 26010000 		.ascii	"&\001\000\000"
 545 03f4 5F5F7261 		.ascii	"__ram7_init_text__\000"
 545      6D375F69 
 545      6E69745F 
 545      74657874 
 545      5F5F00
 546 0407 00       		.ascii	"\000"
 547 0408 02       		.ascii	"\002"
 548 0409 00       		.ascii	"\000"
 549 040a 00000000 		.ascii	"\000\000\000\000\000\000\000\000"
 549      00000000 
 550 0412 28010000 		.ascii	"(\001\000\000"
 551 0416 5F5F7261 		.ascii	"__ram7_init__\000"
 551      6D375F69 
 551      6E69745F 
 551      5F00
 552 0424 00       		.ascii	"\000"
 553 0425 02       		.ascii	"\002"
 554 0426 00       		.ascii	"\000"
 555 0427 00000000 		.ascii	"\000\000\000\000\000\000\000\000"
 555      00000000 
 556 042f 2A010000 		.ascii	"*\001\000\000"
 557 0433 5F5F7261 		.ascii	"__ram7_clear__\000"
 557      6D375F63 
 557      6C656172 
 557      5F5F00
 558 0442 00       		.ascii	"\000"
 559 0443 02       		.ascii	"\002"
 560 0444 00       		.ascii	"\000"
 561 0445 00000000 		.ascii	"\000\000\000\000\000\000\000\000"
 561      00000000 
 562 044d 2C010000 		.ascii	",\001\000\000"
 563 0451 5F5F7261 		.ascii	"__ram7_noinit__\000"
 563      6D375F6E 
 563      6F696E69 
 563      745F5F00 
 564 0461 00       		.ascii	"\000"
 565 0462 02       		.ascii	"\002"
ARM GAS  /tmp/ccQQZ9YR.s 			page 33


 566 0463 00       		.ascii	"\000"
 567 0464 00000000 		.ascii	"\000\000\000\000\000\000\000\000"
 567      00000000 
 568 046c 2E010000 		.ascii	".\001\000\000"
 569              		.text
 570              		.section	.gnu.lto_.opts,"",%progbits
 571 0000 272D666D 		.ascii	"'-fmath-errno' '-fsigned-zeros' '-ftrapping-math' '"
 571      6174682D 
 571      6572726E 
 571      6F272027 
 571      2D667369 
 572 0033 2D666E6F 		.ascii	"-fno-trapv' '-fno-openmp' '-fno-openacc' '-mcpu=cor"
 572      2D747261 
 572      70762720 
 572      272D666E 
 572      6F2D6F70 
 573 0066 7465782D 		.ascii	"tex-m4' '-mfloat-abi=hard' '-mfpu=fpv4-sp-d16' '-mn"
 573      6D342720 
 573      272D6D66 
 573      6C6F6174 
 573      2D616269 
 574 0099 6F2D7468 		.ascii	"o-thumb-interwork' '-mthumb' '-O3' '-fomit-frame-po"
 574      756D622D 
 574      696E7465 
 574      72776F72 
 574      6B272027 
 575 00cc 696E7465 		.ascii	"inter' '-falign-functions=16' '-ffunction-sections'"
 575      72272027 
 575      2D66616C 
 575      69676E2D 
 575      66756E63 
 576 00ff 20272D66 		.ascii	" '-fdata-sections' '-fno-common' '-flto'\000"
 576      64617461 
 576      2D736563 
 576      74696F6E 
 576      73272027 
 577              		.text
 578              		.comm	__gnu_lto_v1,1,1
 579              		.comm	__gnu_lto_slim,1,1
 580              		.ident	"GCC: (GNU Tools for Arm Embedded Processors 7-2018-q3-update) 7.3.1 20180622 (release) [AR
ARM GAS  /tmp/ccQQZ9YR.s 			page 34


DEFINED SYMBOLS
                            *ABS*:0000000000000000 crt1.c
                            *COM*:0000000000000001 __gnu_lto_v1
                            *COM*:0000000000000001 __gnu_lto_slim

NO UNDEFINED SYMBOLS
