ARM GAS  /tmp/ccSJeNMl.s 			page 1


   1              		.cpu cortex-m4
   2              		.eabi_attribute 27, 1
   3              		.eabi_attribute 28, 1
   4              		.eabi_attribute 20, 1
   5              		.eabi_attribute 21, 1
   6              		.eabi_attribute 23, 3
   7              		.eabi_attribute 24, 1
   8              		.eabi_attribute 25, 1
   9              		.eabi_attribute 26, 1
  10              		.eabi_attribute 30, 2
  11              		.eabi_attribute 34, 1
  12              		.eabi_attribute 18, 4
  13              		.file	"hal.c"
  14              		.section	.gnu.lto_.profile.1cdff5927c1d70c7,"",%progbits
  15 0000 789C6363 		.ascii	"x\234cc```\001bF\206 N\000\001%\000g"
  15      60606001 
  15      62468620 
  15      4E000125 
  15      0067
  16              		.text
  17              		.section	.gnu.lto_.icf.1cdff5927c1d70c7,"",%progbits
  18 0000 789C6363 		.ascii	"x\234cc``\340`@\000F\206w\357N\337ag\000\000\021X\003"
  18      6060E060 
  18      40004686 
  18      77EF4EDF 
  18      61670000 
  19 0017 9A       		.ascii	"\232"
  20              		.text
  21              		.section	.gnu.lto_.jmpfuncs.1cdff5927c1d70c7,"",%progbits
  22 0000 789C6363 		.ascii	"x\234cc``\340e@\000F$6\003\000\002\035\000\025"
  22      6060E065 
  22      40004624 
  22      36030002 
  22      1D0015
  23              		.text
  24              		.section	.gnu.lto_.inline.1cdff5927c1d70c7,"",%progbits
  25 0000 789C6363 		.ascii	"x\234cc``\260e@\000F\006\006\356K@\222\011\310f[ \317"
  25      6060B065 
  25      40004606 
  25      06EE4B40 
  25      9209C866 
  26 0017 0416E322 		.ascii	"\004\026\343\"\216`\000\000r\225\002D"
  26      8E600000 
  26      72950244 
  27              		.text
  28              		.section	.gnu.lto_.pureconst.1cdff5927c1d70c7,"",%progbits
  29 0000 789C6363 		.ascii	"x\234cc```\006bF\006\011\000\000}\000#"
  29      60606006 
  29      62460609 
  29      00007D00 
  29      23
  30              		.text
  31              		.section	.gnu.lto_halInit.1cdff5927c1d70c7,"",%progbits
  32 0000 789C75D0 		.ascii	"x\234u\320\275N\002A\020\007\360\371\357\302q1~4Z\030"
  32      BD4E0241 
  32      1007F0F9 
  32      EFC27131 
ARM GAS  /tmp/ccSJeNMl.s 			page 2


  32      7E345A18 
  33 0014 8C3DCDDD 		.ascii	"\214=\315\335C\330\331X\370\004J\003\211\211\211<\300"
  33      43D8D958 
  33      F8044A03 
  33      8989893C 
  33      C0
  34 0025 AD528089 		.ascii	"\255R\200\211\205\205`s\005\261Q+C\374b\325b\365\001"
  34      85856073 
  34      05B1512B 
  34      43FC62D5 
  34      62F501
  35 0038 2C6CA950 		.ascii	",l\251PcE\214\324\006t\026-\266X&\231\354d\367\2673"
  35      63458CD4 
  35      0674162D 
  35      B6582699 
  35      EC64F7B7 
  36 004d C90444F4 		.ascii	"\311\004D\364\010\242e>\363\234\220\004q\370L\264\033"
  36      08A2653E 
  36      F39C9004 
  36      71F84CB4 
  36      1B
  37 005e 0AC0162A 		.ascii	"\012\300\026*\004%\002\011\016\344\221\304S\355C\213"
  37      04250209 
  37      0EE491C4 
  37      53ED438B 
  38 006e C2A9E230 		.ascii	"\302\251\3420\307_\213\352\314 \225DMN\033\270D\201"
  38      C75F8BEA 
  38      CC209544 
  38      4D4E1BB8 
  38      4481
  39 0080 98BDB647 		.ascii	"\230\275\266G\215\231 \363w\217+\004\3043\350\342%k"
  39      8D9920F3 
  39      778F2B04 
  39      C433E8E2 
  39      256B
  40 0092 D4E8A7A6 		.ascii	"\324\350\247\246\314\373\011\006\253SDu~\347!\312\320"
  40      CCFB0906 
  40      AB534475 
  40      7EE721CA 
  40      D0
  41 00a3 BE14B6AA 		.ascii	"\276\024\266\252\032\352\243\332\372\316\217?q'\255"
  41      1AEAA3DA 
  41      FACE8F3F 
  41      7127AD
  42 00b2 FBDD5C32 		.ascii	"\373\335\\2Ta*\321\224\334\005\327H(em\335\371\264\337"
  42      54612AD1 
  42      94DC05D7 
  42      4828656D 
  42      DDF9B4DF 
  43 00c6 0976378E 		.ascii	"\011v7\216\353Mp<\036\267\216\033\314\372]\206]\307"
  43      EB4D703C 
  43      1EB78E1B 
  43      CCFA5D86 
  43      5DC7
  44 00d8 9D3BE777 		.ascii	"\235;\347wYv\332q\355y\277\013\330\3359n8\301\345\330"
  44      5976DA71 
  44      ED79BF0B 
ARM GAS  /tmp/ccSJeNMl.s 			page 3


  44      D8DD396E 
  44      38C1E5D8 
  45 00ec DD3B4E2F 		.ascii	"\335;N/\370]\310\356\341\337}b\257\365\326\300\030\332"
  45      F85DC8EE 
  45      E1DF7D62 
  45      AFF5D6C0 
  45      18DA
  46 00fe A8F3D678 		.ascii	"\250\363\326x\263\274\222\245(\212WJ\345\315\362\332"
  46      B3BC92A5 
  46      288A574A 
  46      E5CDF2DA 
  47 010e 7ABC5D89 		.ascii	"z\274]\211K\033[qe\247h\317\250H\277\227\021\234D"
  47      4B1B5B71 
  47      65A768CF 
  47      A848BF97 
  47      119C44
  48              		.text
  49              		.section	.gnu.lto_.symbol_nodes.1cdff5927c1d70c7,"",%progbits
  50 0000 789C55C8 		.ascii	"x\234U\310\273\015\3020\024F\341\343\337\211\223-X\005"
  50      BB0DC230 
  50      1446E1E3 
  50      DF89932D 
  50      5805
  51 0012 26BB2E22 		.ascii	"&\273.\"j\206\310\022\204\267\224\232\011(@J\311\014"
  51      6A86C812 
  51      84B7949A 
  51      0928404A 
  51      C90C
  52 0024 08E38A5B 		.ascii	"\010\343\212[\034\035\351K\300\243\204\3662\330\335"
  52      1C1DE94B 
  52      C0A384F6 
  52      32D8DD
  53 0033 A16CCA1B 		.ascii	"\241l\312\033\0107Y\250\0029\257\013\\erp\221E\007g"
  53      083759A8 
  53      0239AF0B 
  53      5C657270 
  53      91450767 
  54 0047 59E3E024 		.ascii	"Y\343\340$k\035\034e\311\301A\3269\230d\375?Dz\306\347"
  54      6B1D1C65 
  54      C9C141D6 
  54      399864FD 
  54      3F447AC6 
  55 005c 27443AE6 		.ascii	"'D:\346\372\304R\3372\274~o\030\353#s\275X\352\003\303"
  55      FAC452DF 
  55      32BC7E6F 
  55      18EB2373 
  55      BD58EA03 
  56 0071 F6BDE20B 		.ascii	"\366\275\342\013zT9\021"
  56      7A543911 
  57              		.text
  58              		.section	.gnu.lto_.refs.1cdff5927c1d70c7,"",%progbits
  59 0000 789C6363 		.ascii	"x\234cc```\004b\006\000\000D\000\010"
  59      60606004 
  59      62060000 
  59      440008
  60              		.text
  61              		.section	.gnu.lto_.decls.1cdff5927c1d70c7,"",%progbits
ARM GAS  /tmp/ccSJeNMl.s 			page 4


  62 0000 789C8D92 		.ascii	"x\234\215\222kHSQ\034\300\317\377\236m\316\345\213\250"
  62      6B485351 
  62      1CC0CFFF 
  62      9E6DCEE5 
  62      8BA8
  63 0012 08921816 		.ascii	"\010\222\030\026\324\207\330\312\242\372\256e\202\245"
  63      D487D8CA 
  63      A2FAAE65 
  63      82A5
  64 0020 64057D9A 		.ascii	"d\005}\232\346\242\015\306\224\3152\350\313-{+*!\326"
  64      E6A20DC6 
  64      94CD32E8 
  64      CB2D7B2B 
  64      2A21D6
  65 0033 CC4A88A2 		.ascii	"\314J\210\242\207\220\224\246\351l\263\271,7\355\375"
  65      879094A6 
  65      E96CB3B9 
  65      2C37EDFD 
  66 0043 21CA5C0F 		.ascii	"!\312\\\017\313\036\210\261\017\025\011\353\177\317"
  66      CB1E88B1 
  66      0F1509EB 
  66      7FCF
  67 0051 B9773715 		.ascii	"\271w7\025\254\303\375\337\363\372\377~\347q\257\216"
  67      ACC3FDDF 
  67      F3FAFF7E 
  67      E771AF8E 
  68 0061 1092A121 		.ascii	"\020\222\241!$\012\204\234\301v\014\213\200u/QK\"F7"
  68      240A849C 
  68      C1760C8B 
  68      80752F51 
  68      4B224637 
  69 0075 460F864F 		.ascii	"F\017\206O\236\013`\0041\3721\036b\204\310\314R\201"
  69      9E0B6004 
  69      31FA311E 
  69      6284C8CC 
  69      5281
  70 0087 4E8A7511 		.ascii	"N\212u\021\306\020F\3274_Hf\373eW@v\373\344\265\246"
  70      C61046D7 
  70      345F4866 
  70      FB655740 
  70      76FBE4B5 
  71 009c 977A0A9F 		.ascii	"\227z\012\237.>\256\205\021\030\006\364B\032\033\005"
  71      2E3EAE85 
  71      111806F4 
  71      421A1B05 
  72 00ac E06FACA5 		.ascii	"\340o\254\245`\375\230R\200\217\343\250 MK-\002J\256"
  72      60FD9852 
  72      808FE3A8 
  72      204D4B2D 
  72      024AAE
  73 00bf 52941122 		.ascii	"R\224\021\"\310\016A\361\262\007\344\007\376\262\362"
  73      C80E41F1 
  73      B207E407 
  73      FEB2F2
  74 00ce 79BE5C5C 		.ascii	"y\276\\\\\303\363\371~\210\262\234<'(\353\220)Kc\177"
  74      C3F3F97E 
  74      88B29C3C 
ARM GAS  /tmp/ccSJeNMl.s 			page 5


  74      2728EB90 
  74      294B637F 
  75 00e2 FA5EA7CE 		.ascii	"\372^\247\316B\334E\370\266\360\022\236\375z\37545\002"
  75      42DC45F8 
  75      B6F0129E 
  75      FD7AFD34 
  75      3502
  76 00f4 6F707867 		.ascii	"opxg\012\251\323;A\032\235\270%\2763P\201\265\253Fo"
  76      0AA9D33B 
  76      411A9DB8 
  76      25BE3350 
  76      81B5AB46 
  77 0109 B4E9A881 		.ascii	"\264\351\250\201\265\277\205\274'RL-\"/\372-\004nK\267"
  77      B5BF85BC 
  77      27524C2D 
  77      222FFA2D 
  77      046E4BB7 
  78 011d C755C1D8 		.ascii	"\307U\301\330\017\177j\025\205\271\006\020\260\373t"
  78      0F7F6A15 
  78      85B90610 
  78      B0FB74
  79 012c 227C6E0E 		.ascii	"\"|n\016v\347\031 \015\273-\325\261z\355\302\006\211"
  79      76E71920 
  79      0DBB2DD5 
  79      B17AEDC2 
  79      0689
  80 013e ABAB14D3 		.ascii	"\253\253\024\323\004(Z\000w \035:!\0357\325\005\013"
  80      04285A00 
  80      77201D3A 
  80      211D37D5 
  80      050B
  81 0150 F1EDD470 		.ascii	"\361\355\324pS\264\343\322\230\220\321,6GD\177\354\310"
  81      53B4E3D2 
  81      9890D12C 
  81      3647447F 
  81      ECC8
  82 0162 E2CB95E2 		.ascii	"\342\313\225\342\025\304\214R\026\264\003\205\0160I"
  82      15C48C52 
  82      16B40385 
  82      0E3049
  83 0171 2769675F 		.ascii	"'ig_\256\015\"\000\267\360C\022\350\206\014\244\217"
  83      AE0D2200 
  83      B7F04312 
  83      E8860CA4 
  83      8F
  84 0182 DD1C1FD1 		.ascii	"\335\034\037\321\322<\266\341\352\017\335\355\251h\212"
  84      D23CB6E1 
  84      EA0FDDED 
  84      A9688A
  85 0191 88A27FA4 		.ascii	"\210\242\177\244q}c\353\230x\334\300\226\003\257*\362"
  85      717D63EB 
  85      9878DCC0 
  85      9603AF2A 
  85      F2
  86 01a2 CA87801E 		.ascii	"\312\207\200\036&\010\177\034>@+\030\177=x\362\240F"
  86      26087F1C 
  86      3E402B18 
ARM GAS  /tmp/ccSJeNMl.s 			page 6


  86      7F3D78F2 
  86      A046
  87 01b4 E6435756 		.ascii	"\346CWV\336\011\036\365\027p\374\256\212\337Up\037\303"
  87      DE091EF5 
  87      1770FCAE 
  87      8ADF5570 
  87      1FC3
  88 01c6 CF788745 		.ascii	"\317x\207E=\355\004.8\024\015SY\020\350\\\343i\023\017"
  88      3DED042E 
  88      38140D53 
  88      5910E85C 
  88      E369130F 
  89 01da 6B19EF57 		.ascii	"k\031\357Wy\277\302\3672\276\357\305\227\343Z:\312\371"
  89      79BFC2F7 
  89      32BEEFC5 
  89      97E35A3A 
  89      CAF9
  90 01ec AE68835B 		.ascii	"\256h\203[\306\277\366\254\030\213\343\367T\374\236"
  90      C6BFF6AC 
  90      188BE3F7 
  90      54FC9E
  91 01fb 820718FE 		.ascii	"\202\007\030\376h\340\342d2=\305?\336\263\372\253\277"
  91      68E0E264 
  91      323DC53F 
  91      DEB3FAAB 
  91      BF
  92 020c 9295FD87 		.ascii	"\222\225\375\207\226\207\343|\237\312\367)|\220\361"
  92      9687E37C 
  92      9FCAF729 
  92      7C90F1
  93 021b 35A7FDAF 		.ascii	"5\247\375\257t\264\227\363Mo\317\306\022\024\376\345"
  93      74B497F3 
  93      4D6FCFC6 
  93      1214FEE5 
  94 022b 725F9CBF 		.ascii	"r_\234\277\257\362\367\025\276\237\361\327Z<\243\211"
  94      AFF2F715 
  94      BE9FF1D7 
  94      5A3CA389 
  95 023b 749CF3CF 		.ascii	"t\234\363\317\017\326\314\227\361\367#\306\3118\376"
  95      0FD6CC97 
  95      F1F723C6 
  95      C938FE
  96 024a 40C51F28 		.ascii	"@\305\037(\370C\206{\316\327\266R\332F\031>\356\213"
  96      F843867B 
  96      CED7B652 
  96      DA46193E 
  96      EE8B
  97 025c 7E8E5FFF 		.ascii	"~\216_\377\317\225-\352\365\017\250\202\001E\020b\202"
  97      CF952DEA 
  97      F50FA882 
  97      01451062 
  97      82
  98 026d 27875B9B 		.ascii	"'\207[\233(\377\0155\330\375>\330\370>\205\377\206F"
  98      28FF0D35 
  98      D8FD3ED8 
  98      F83E85FF 
  98      8646
ARM GAS  /tmp/ccSJeNMl.s 			page 7


  99 027f EC5E98FC 		.ascii	"\354^\230\374\355II:)\212\207\304\346J1q\023\223\015"
  99      ED49493A 
  99      298A87C4 
  99      E64A3171 
  99      13930D
 100 0292 E27F1866 		.ascii	"\342\177\030f\377\341\020$1\225T'\330\212\035\271N{"
 100      FFE11024 
 100      31955427 
 100      D88A1DB9 
 100      4E7B
 101 02a4 F92293C9 		.ascii	"\371\"\223\311\234e\263\357\262\347\027\232K\335f\034"
 101      9C65B3EF 
 101      B2E7179A 
 101      4BDD661C 
 102 02b4 35BB5D25 		.ascii	"5\273]%Rm*\321\347l\331n\314Z\265\212\244\317\222Dt"
 102      526D2AD1 
 102      E76CD96E 
 102      CC5AB58A 
 102      A4CF9244 
 103 02c9 EE7249B4 		.ascii	"\356rI\264df\216\335Y\342\330k\335-\265-\356r\223\215"
 103      64668EDD 
 103      59E2D86B 
 103      DD2DB52D 
 103      EE72938D 
 104 02dd 24EE2A2D 		.ascii	"$\356*-vY\245\354\2653\263\331\234\333\\\270\315R\270"
 104      7659A5EC 
 104      B533B3D9 
 104      9CDB5CB8 
 104      CD52B8
 105 02f0 6DF3EACC 		.ascii	"m\363\352\314\215\253-\331\271\205Y\371;6l\335\311\347"
 105      8DAB2DD9 
 105      B98559F9 
 105      3B366CDD 
 105      C9E7
 106 0302 50905061 		.ascii	"P\220Pa\335#\341Kg_\014\263\244dw\231\375?\2221\013"
 106      DD23E14B 
 106      675F0CB3 
 106      A4647799 
 106      FD3F9231 
 107 0317 93756EB6 		.ascii	"\223un\266\257e\377\310\335\355\262\343\241\321]l-\371"
 107      AF65FFC8 
 107      DDEDB2E3 
 107      A1D15D6C 
 107      2DF9
 108 0329 0F376661 		.ascii	"\0177far\262\245\014\333\016\207\325bGd\335L\244\254"
 108      72B2A50C 
 108      DB0E87D5 
 108      624764DD 
 108      4CA4AC
 109 033c D4552E9D 		.ascii	"\324U.\235\034\217m\316\313\3136\347\024\344\346\357"
 109      1C8F6DCE 
 109      CBCB36E7 
 109      14E4E6EF 
 110 034c CB640699 		.ascii	"\313d\006\231DK\222\355/I\346\354\022\371\006\367\357"
 110      444B92ED 
 110      2F49E6EC 
 110      12F906F7 
ARM GAS  /tmp/ccSJeNMl.s 			page 8


 110      EF
 111 035d 37DBE2FC 		.ascii	"7\333\342\374\037\257\364\323Q"
 111      1FAFF4D3 
 111      51
 112              		.text
 113              		.section	.gnu.lto_.symtab.1cdff5927c1d70c7,"",%progbits
 114 0000 68616C49 		.ascii	"halInit\000"
 114      6E697400 
 115 0008 00       		.ascii	"\000"
 116 0009 00       		.ascii	"\000"
 117 000a 00       		.ascii	"\000"
 118 000b 00000000 		.ascii	"\000\000\000\000\000\000\000\000"
 118      00000000 
 119 0013 BB000000 		.ascii	"\273\000\000\000"
 120 0017 7374496E 		.ascii	"stInit\000"
 120      697400
 121 001e 00       		.ascii	"\000"
 122 001f 02       		.ascii	"\002"
 123 0020 00       		.ascii	"\000"
 124 0021 00000000 		.ascii	"\000\000\000\000\000\000\000\000"
 124      00000000 
 125 0029 BD000000 		.ascii	"\275\000\000\000"
 126 002d 626F6172 		.ascii	"boardInit\000"
 126      64496E69 
 126      7400
 127 0037 00       		.ascii	"\000"
 128 0038 02       		.ascii	"\002"
 129 0039 00       		.ascii	"\000"
 130 003a 00000000 		.ascii	"\000\000\000\000\000\000\000\000"
 130      00000000 
 131 0042 BF000000 		.ascii	"\277\000\000\000"
 132 0046 77646749 		.ascii	"wdgInit\000"
 132      6E697400 
 133 004e 00       		.ascii	"\000"
 134 004f 02       		.ascii	"\002"
 135 0050 00       		.ascii	"\000"
 136 0051 00000000 		.ascii	"\000\000\000\000\000\000\000\000"
 136      00000000 
 137 0059 C1000000 		.ascii	"\301\000\000\000"
 138 005d 73706949 		.ascii	"spiInit\000"
 138      6E697400 
 139 0065 00       		.ascii	"\000"
 140 0066 02       		.ascii	"\002"
 141 0067 00       		.ascii	"\000"
 142 0068 00000000 		.ascii	"\000\000\000\000\000\000\000\000"
 142      00000000 
 143 0070 C3000000 		.ascii	"\303\000\000\000"
 144 0074 7364496E 		.ascii	"sdInit\000"
 144      697400
 145 007b 00       		.ascii	"\000"
 146 007c 02       		.ascii	"\002"
 147 007d 00       		.ascii	"\000"
 148 007e 00000000 		.ascii	"\000\000\000\000\000\000\000\000"
 148      00000000 
 149 0086 C5000000 		.ascii	"\305\000\000\000"
 150 008a 61646349 		.ascii	"adcInit\000"
 150      6E697400 
ARM GAS  /tmp/ccSJeNMl.s 			page 9


 151 0092 00       		.ascii	"\000"
 152 0093 02       		.ascii	"\002"
 153 0094 00       		.ascii	"\000"
 154 0095 00000000 		.ascii	"\000\000\000\000\000\000\000\000"
 154      00000000 
 155 009d C7000000 		.ascii	"\307\000\000\000"
 156 00a1 5F70616C 		.ascii	"_pal_lld_init\000"
 156      5F6C6C64 
 156      5F696E69 
 156      7400
 157 00af 00       		.ascii	"\000"
 158 00b0 02       		.ascii	"\002"
 159 00b1 00       		.ascii	"\000"
 160 00b2 00000000 		.ascii	"\000\000\000\000\000\000\000\000"
 160      00000000 
 161 00ba C9000000 		.ascii	"\311\000\000\000"
 162 00be 68616C5F 		.ascii	"hal_lld_init\000"
 162      6C6C645F 
 162      696E6974 
 162      00
 163 00cb 00       		.ascii	"\000"
 164 00cc 02       		.ascii	"\002"
 165 00cd 00       		.ascii	"\000"
 166 00ce 00000000 		.ascii	"\000\000\000\000\000\000\000\000"
 166      00000000 
 167 00d6 CB000000 		.ascii	"\313\000\000\000"
 168              		.text
 169              		.section	.gnu.lto_.opts,"",%progbits
 170 0000 272D666D 		.ascii	"'-fmath-errno' '-fsigned-zeros' '-ftrapping-math' '"
 170      6174682D 
 170      6572726E 
 170      6F272027 
 170      2D667369 
 171 0033 2D666E6F 		.ascii	"-fno-trapv' '-fno-openmp' '-fno-openacc' '-mcpu=cor"
 171      2D747261 
 171      70762720 
 171      272D666E 
 171      6F2D6F70 
 172 0066 7465782D 		.ascii	"tex-m4' '-mfloat-abi=hard' '-mfpu=fpv4-sp-d16' '-mn"
 172      6D342720 
 172      272D6D66 
 172      6C6F6174 
 172      2D616269 
 173 0099 6F2D7468 		.ascii	"o-thumb-interwork' '-mthumb' '-O3' '-fomit-frame-po"
 173      756D622D 
 173      696E7465 
 173      72776F72 
 173      6B272027 
 174 00cc 696E7465 		.ascii	"inter' '-falign-functions=16' '-ffunction-sections'"
 174      72272027 
 174      2D66616C 
 174      69676E2D 
 174      66756E63 
 175 00ff 20272D66 		.ascii	" '-fdata-sections' '-fno-common' '-flto'\000"
 175      64617461 
 175      2D736563 
 175      74696F6E 
ARM GAS  /tmp/ccSJeNMl.s 			page 10


 175      73272027 
 176              		.text
 177              		.comm	__gnu_lto_v1,1,1
 178              		.comm	__gnu_lto_slim,1,1
 179              		.ident	"GCC: (GNU Tools for Arm Embedded Processors 7-2018-q3-update) 7.3.1 20180622 (release) [AR
ARM GAS  /tmp/ccSJeNMl.s 			page 11


DEFINED SYMBOLS
                            *ABS*:0000000000000000 hal.c
                            *COM*:0000000000000001 __gnu_lto_v1
                            *COM*:0000000000000001 __gnu_lto_slim

NO UNDEFINED SYMBOLS
