ARM GAS  /tmp/ccUjO0yo.s 			page 1


   1              		.cpu cortex-m4
   2              		.eabi_attribute 27, 1
   3              		.eabi_attribute 28, 1
   4              		.eabi_attribute 20, 1
   5              		.eabi_attribute 21, 1
   6              		.eabi_attribute 23, 3
   7              		.eabi_attribute 24, 1
   8              		.eabi_attribute 25, 1
   9              		.eabi_attribute 26, 1
  10              		.eabi_attribute 30, 2
  11              		.eabi_attribute 34, 1
  12              		.eabi_attribute 18, 4
  13              		.file	"hal_wdg_lld.c"
  14              		.section	.gnu.lto_.profile.48749da7b85635b5,"",%progbits
  15 0000 789C6363 		.ascii	"x\234cc```\001bF\006u)\000\000\340\000M"
  15      60606001 
  15      62460675 
  15      290000E0 
  15      004D
  16              		.text
  17              		.section	.gnu.lto_.icf.48749da7b85635b5,"",%progbits
  18 0000 789C6363 		.ascii	"x\234cc``Pc@\0006\206Y\037\257O\344`\334\326t\362\011"
  18      60605063 
  18      40003686 
  18      591FAF4F 
  18      E460DCD6 
  19 0017 1353DF9A 		.ascii	"\023S\337\232)\227\270\231\373\177\2769\317\3032\355"
  19      2997B899 
  19      FB7FBE39 
  19      CFC332ED 
  20 0027 CC974E7E 		.ascii	"\314\227N~\326\316I\255\357\370\031\000_9\021\251"
  20      D6CE49AD 
  20      EFF81900 
  20      5F3911A9 
  21              		.text
  22              		.section	.gnu.lto_.jmpfuncs.48749da7b85635b5,"",%progbits
  23 0000 789C6363 		.ascii	"x\234cc``\210c@\000\026 fbdd\254\237\303\314\300\014"
  23      60608863 
  23      40001620 
  23      66626464 
  23      AC9FC3CC 
  24 0016 A59918A7 		.ascii	"\245\231\030\247036\377\332\377\231\257\376o\203\304"
  24      303336FF 
  24      DAFF99AF 
  24      FE6F83C4 
  25 0026 1C66C605 		.ascii	"\034f\306\005\314@U\214\233\031\353\031\030\017\260"
  25      CC40558C 
  25      9B19EB19 
  25      180FB0
  26 0035 303200F1 		.ascii	"02\000\361\237\377\377\377\36332\001\325Mk=t\236\275"
  26      9FFFFFFF 
  26      F3333201 
  26      D54D6B3D 
  26      749EBD
  27 0048 9B19A88A 		.ascii	"\233\031\250\212\221\201q\013\243\014\010\263B\015b"
  27      9181710B 
  27      A30C08B3 
ARM GAS  /tmp/ccUjO0yo.s 			page 2


  27      420D62
  28 0057 0000625E 		.ascii	"\000\000b^\027\355"
  28      17ED
  29              		.text
  30              		.section	.gnu.lto_.inline.48749da7b85635b5,"",%progbits
  31 0000 789C654E 		.ascii	"x\234eN\261\015\0021\020\263\357\222|\304\027\244\242"
  31      B10D0231 
  31      10B3EF92 
  31      7CC417A4 
  31      A2
  32 0011 42FA74AC 		.ascii	"B\372t\254\301<0\010H\264\224\024\277\002B\337 F\240"
  32      C13C3008 
  32      48B49414 
  32      BF0242DF 
  32      2046A0
  33 0024 600CC6F8 		.ascii	"`\014\306\370\\\"\240\300\205e\235u\266\003\200;~p\200"
  33      5C22A0C0 
  33      85659D75 
  33      B603803B 
  33      7E7080
  34 0037 7784B871 		.ascii	"w\204\270q@\030\007\261\233 e\0122\241\333\3129\254"
  34      401807B1 
  34      9B20650A 
  34      32A1DBCA 
  34      39AC
  35 0049 1E93369F 		.ascii	"\036\2236\237\357\31656\212UF\373R\304\236\205\366g"
  35      EFCE3536 
  35      8A5546FB 
  35      52C49E85 
  35      F667
  36 005b E574785E 		.ascii	"\345tx^\027'\275\250\220\274q\255@\334}D\011\264\332"
  36      1727BDA8 
  36      90BC71AD 
  36      40DC7D44 
  36      09B4DA
  37 006e 6F5C12F8 		.ascii	"o\\\022\370\343&\325\346\2768\204\267Ml\003\234\274"
  37      E326D5E6 
  37      BE3884B7 
  37      4D6C039C 
  37      BC
  38 007f 967FCD86 		.ascii	"\226\177\315\206\031\360\372\027W"
  38      19F0FA17 
  38      57
  39              		.text
  40              		.section	.gnu.lto_.pureconst.48749da7b85635b5,"",%progbits
  41 0000 789C6363 		.ascii	"x\234cc``\340\004b\026\006\011&)fIV)\000\002\301\000"
  41      6060E004 
  41      62160609 
  41      26296649 
  41      56290002 
  42 0016 83       		.ascii	"\203"
  43              		.text
  44              		.section	.gnu.lto_wdg_lld_init.48749da7b85635b5,"",%progbits
  45 0000 789C8590 		.ascii	"x\234\205\220\317+DQ\024\307\317\367\335gfR\254\025"
  45      CF2B4451 
  45      14C7CFF7 
  45      DD676652 
ARM GAS  /tmp/ccUjO0yo.s 			page 3


  45      AC15
  46 0012 FFC06CE6 		.ascii	"\377\300l\346\206\205\254MlF\026\224\345\344G\0315E"
  46      8685AC4D 
  46      6C461694 
  46      E5E44719 
  46      3545
  47 0024 33C26E2E 		.ascii	"3\302n.\032C,\244\231Q\274\364\312\302J\222\231\341"
  47      1A432CA4 
  47      9951BCF4 
  47      CAC24A92 
  47      99E1
  48 0036 19EA351B 		.ascii	"\031\3525\033\233\211\262e!J\222\224R\0262\234\373\224"
  48      9B89B265 
  48      214A9294 
  48      5216329C 
  48      FB94
  49 0048 9D9C3ADD 		.ascii	"\235\234:\335\323\371\361\375\234{|D\224\000Q'\277\315"
  49      D3F9F1FD 
  49      9C7B7C44 
  49      94005127 
  49      BFCD
  50 005a EC100463 		.ascii	"\354\020\004c\355\202h.`\000:P\001P\312@\012\253\"+"
  50      ED82682E 
  50      60003A50 
  50      0150CA40 
  50      0AAB222B 
  51 006e 50C93C38 		.ascii	"P\311<8FpW\261\271\033\333\276E\225n\262\004Q\236]\033"
  51      467057B1 
  51      B91BDBBE 
  51      45956EB2 
  51      04519E5D 
  52 0083 0E11246E 		.ascii	"\016\021$n\273;\250\345\032|\346O\036\005\370\210\031"
  52      BB3BA8E5 
  52      1A7CE64F 
  52      1E05F888 
  52      19
  53 0094 B47F55E7 		.ascii	"\264\177U\347\252\332WF\271\325\035\224\273M\242%\256"
  53      AADA5746 
  53      B9D51D94 
  53      BB4DA225 
  53      AE
  54 00a5 3344B9B4 		.ascii	"3D\271\264,\014\035-\270\364\204\371\267\307\315{\277"
  54      2C0C1D2D 
  54      B8F484F9 
  54      B7C7CD7B 
  54      BF
  55 00b6 1E63A97C 		.ascii	"\036c\251|\272r\351_\021\226\000\264\262\343<_\373S"
  55      BA72E95F 
  55      119600B4 
  55      B2E33C5F 
  55      FB53
  56 00c8 9F2AC009 		.ascii	"\237*\300\011[\253s\256\260\360\272\336hc\033\2260P"
  56      5BAB73AE 
  56      B0F0BADE 
  56      68631B96 
  56      3050
  57 00da E2558B68 		.ascii	"\342U\213h\361\012\245\363\233\217\200\334\323\333\332"
ARM GAS  /tmp/ccUjO0yo.s 			page 4


  57      F10AA5F3 
  57      9B8F80DC 
  57      D3DBDA
  58 00e9 C3961038 		.ascii	"\303\226\0208\202\215\234\267+\216!\271\243\230\251"
  58      828D9CB7 
  58      2B8E21B9 
  58      A398A9
  59 00f8 1ED46B75 		.ascii	"\036\324ku\226\207\303c\036}\353\227\376/\356\344o\234"
  59      9687C363 
  59      1E7DEB97 
  59      FE2FEEE4 
  59      6F9C
  60 010a 89B287D3 		.ascii	"\211\262\207\323_\307\351\017\256\226\375l\3248\023"
  60      5FC7E90F 
  60      AE96FD6C 
  60      D43813
  61 0119 EA562913 		.ascii	"\352V)\023g<\372\202y\373}\025\336\231\264-\361\004"
  61      673CFA82 
  61      79FB7D15 
  61      DE99B42D 
  61      F104
  62 012b 9FC220EA 		.ascii	"\237\302 \352\010\205dWl|x\274\257_N$el(.''\022SI\331"
  62      08856457 
  62      6C7C78BC 
  62      AF5F4E24 
  62      656C282E 
  63 0145 3FD0DBDE 		.ascii	"?\320\333\336&#\221\260\234\035\014\367L\267\352Rtf"
  63      262391B0 
  63      9C1D0CF7 
  63      4CB7EA52 
  63      7466
  64 0157 742C1A8F 		.ascii	"t,\032\217\217\206F\350\033lE\217\334"
  64      8F8646E8 
  64      1B6C458F 
  64      DC
  65              		.text
  66              		.section	.gnu.lto_wdg_lld_start.48749da7b85635b5,"",%progbits
  67 0000 789CA594 		.ascii	"x\234\245\224_H\024A\034\307\347\273\263\273\336y\352"
  67      5F481441 
  67      1CC7E7BB 
  67      B3BBDE79 
  67      EA
  68 0011 434F3DF8 		.ascii	"CO=\370\340C \022\270TP\320C\020\011\022(=\030\364("
  68      E0432012 
  68      B85450D0 
  68      43100912 
  68      283D18F4 
  69 0026 959082A0 		.ascii	"\225\220\202\240hTo\215\227f\246\220D\032\035\207\\"
  69      68546F8D 
  69      9766A690 
  69      441A1D87 
  69      5C
  70 0037 68044158 		.ascii	"h\004AXd\231\247\351\266\226i\335i\376\251\204\244 "
  70      6499A7E9 
  70      B69669DD 
  70      69FEA984 
  70      A420
ARM GAS  /tmp/ccUjO0yo.s 			page 5


  71 0049 2B322A10 		.ascii	"+2*\020z\014\353\367\233\275R2\012s\341fgvf?\337\357"
  71      7A0CEBF7 
  71      9BBD5232 
  71      0A73E166 
  71      6776663F 
  72 005f EFBB3367 		.ascii	"\357\2733g\013!^\233B\354\242{!\375`\013\030\255\343"
  72      0B215E9B 
  72      42ECA27B 
  72      21FD600B 
  72      18ADE3
  73 0072 42D4050C 		.ascii	"B\324\005\014H\277#\015\253\307\023B\245\233s!\2412"
  73      48BF230D 
  73      ABC71342 
  73      A59B7321 
  73      A132
  74 0084 2CFFF96E 		.ascii	",\377\371n\023\340\273\012@\2344\244e\202Z\221\272Z"
  74      13E0BB0A 
  74      409C34A4 
  74      65825A91 
  74      BA5A
  75 0096 E40509AF 		.ascii	"\344\005\011\257\361}\237\221wU\321\345^\234\263O\253"
  75      F17D9F91 
  75      7755D1E5 
  75      5E9CB34F 
  75      AB
  76 00a7 868D515A 		.ascii	"\206\215QZ\321\236Z\205[\310\243U\223\3657\242\262Y"
  76      D19E5A85 
  76      5BC8A355 
  76      93F537A2 
  76      B259
  77 00b9 462560D2 		.ascii	"F%`\322p1\031\231\317\342\241\201\034\032v\264'\267"
  77      70311999 
  77      CFE2A181 
  77      1C1A76B4 
  77      27B7
  78 00cb CB9D10D4 		.ascii	"\313\235\020\324\275\334\332V\234{E\251\260r\277uJ\265"
  78      BDDCDA56 
  78      9C7B45A9 
  78      B072BF75 
  78      4AB5
  79 00dd 292A25EE 		.ascii	")*%\356@\022\016\267\221\215\036d\013z$\320\213\\^\376"
  79      40120EB7 
  79      918D1E64 
  79      0B7A24D0 
  79      8B5C5EFE 
  80 00f1 E6E6525B 		.ascii	"\346\346R[\246m\372r\270\313\205Q\247{\312r\325\322"
  80      A66DFA72 
  80      B8CB8551 
  80      A77BCA72 
  80      D5D2
  81 0103 F746E57E 		.ascii	"\367F\345~\352\302\213\302,\320;\246A\215%\251\241\345"
  81      EAC28BC2 
  81      2CD03BA6 
  81      418D25A9 
  81      A1E5
  82 0115 D458DCD8 		.ascii	"\324X\334\330\334\004\240i\342\0141\346B\312\025M\322"
  82      DC04A069 
ARM GAS  /tmp/ccUjO0yo.s 			page 6


  82      E20C31E6 
  82      42CA154D 
  82      D2
  83 0126 A0CE2957 		.ascii	"\240\316)W|D8\276\020\237\007\203#\022\244\327\336\340"
  83      7C4438BE 
  83      109F0783 
  83      2312A4D7 
  83      DEE0
  84 0138 4DA4B171 		.ascii	"M\244\261q\251\335\016x\311\021;\206\216:\252>'*\323"
  84      A9DD0E78 
  84      C9113B86 
  84      8E3AAA3E 
  84      272AD3
  85 014b 2232803E 		.ascii	"\"2\200>\262\310s3\215\263\257B\316u\345O\231\210#\206"
  85      B2C87333 
  85      8DB3AF42 
  85      CE75E54F 
  85      99882386 
  86 015f 369D0AFA 		.ascii	"6\235\012\372\341\020\333\373:\272\231\311+\261\346"
  86      E110DBFB 
  86      3ABA99C9 
  86      2BB1E6
  87 016e 2A6CAC86 		.ascii	"*l\254\206<\006H\035\003)\360\363\336xo&\201\353\353"
  87      3C06481D 
  87      0329F0F3 
  87      DE786F26 
  87      81EBEB
  88 0181 181CC43D 		.ascii	"\030\034\304=\015\346\2721\010\207\026|\036\034\236"
  88      0DE6BA31 
  88      0887167C 
  88      1E1C9E
  89 0190 0E322D88 		.ascii	"\0162-\210\304%\211!z\217\325>\364\317\247\247\364\326"
  89      C4258921 
  89      7A8FD53E 
  89      F4CFA7A7 
  89      F4D6
  90 01a2 26E02E0B 		.ascii	"&\340.\013\334\327\002K]-o3|\201g\327\000O\013PT\203"
  90      DCD7024B 
  90      5D2D6F33 
  90      7C8167D7 
  90      004F0B50 
  91 01b8 9D597E54 		.ascii	"\235Y~T\306\232\262\2610\254\025\014Vx\240\263\011\307"
  91      C69AB2B1 
  91      30AC150C 
  91      5678A0B3 
  91      09C7
  92 01ca C7F6FA28 		.ascii	"\307\366\372(\2712\036\353O\251\247\223\036\036\246"
  92      B9321EEB 
  92      4FA9A793 
  92      1E1EA6
  93 01d9 C88BCDE7 		.ascii	"\310\213\315\347gA\344V=\025\302\210&\353\335\361\310"
  93      6741E456 
  93      3D15C288 
  93      26EBDDF1 
  93      C8
  94 01ea 4F7DE66C 		.ascii	"O}\346l\237\365_1\214j\224\311\25018\344\314/z\250s"
  94      9FF55F31 
ARM GAS  /tmp/ccUjO0yo.s 			page 7


  94      8C6A94C9 
  94      A83138E4 
  94      CC2F7AA8 
  95 01ff 83EFD45C 		.ascii	"\203\357\324\\\243\265\307\232g1\357\311:\255%4\312"
  95      A3B5C79A 
  95      6731EFC9 
  95      3AAD2534 
  95      CA
  96 0210 665492AD 		.ascii	"fT\222\255\261\311&2HGWoc/\2760\352\177\374\210\264"
  96      B1C92632 
  96      4847576F 
  96      632FBE30 
  96      EA7FFC88 
  97 0225 56DBFC2B 		.ascii	"V\333\374+{\\\263\323\230=A6\337\241\376\345p\002\313"
  97      7B5CB3D3 
  97      983D4136 
  97      DFA1FEE5 
  97      7002CB
  98 0238 AC5F1F27 		.ascii	"\254_\037'\010\201\247\014\021|\226,A\177'h\"+\313G"
  98      0881A70C 
  98      117C962C 
  98      417F2768 
  98      222BCB47 
  99 024c 29F133AA 		.ascii	")\3613\252\337+\374WT\223\332C\200=L\2553\252i\215\012"
  99      DF2BFC57 
  99      5493DA43 
  99      803D4CAD 
  99      33AA698D 
 100 0261 326A86A3 		.ascii	"2j\206\243\262\305\027\204c\335\347tE)\357 \317\264"
 100      B2C51784 
 100      63DDE774 
 100      4529EF20 
 100      CFB4
 101 0273 1977E4E7 		.ascii	"\031w\344\347;{\312+\016U\354+q\252j\235\362\203\225"
 101      3B7BCA2B 
 101      0E55EC2B 
 101      71AA6A9D 
 101      F28395
 102 0286 4E7555CD 		.ascii	"NuU\315\321Z\247d\177\361\266\255NQQ\201s\342@A\341"
 102      D15AA764 
 102      7FF1B6AD 
 102      4E515181 
 102      73E24041 
 103 029b B12D3C55 		.ascii	"\261-<Uz\274\354HieeY\376aaR\267\372\007\371\211\254"
 103      7ABCEC48 
 103      69656559 
 103      FE616152 
 103      B7FA07F9 
 104 02b1 D1       		.ascii	"\321"
 105              		.text
 106              		.section	.gnu.lto_wdg_lld_stop.48749da7b85635b5,"",%progbits
 107 0000 789C4D52 		.ascii	"x\234MRMH\024a\030~\237ygg\247\265\244c\007\017{\020"
 107      4D481461 
 107      187E9F79 
 107      6767A7B5 
 107      A463070F 
 108 0016 642FFBD1 		.ascii	"d/\373\321\017\005\036\272(\004\241t0\350(\245\220\302"
ARM GAS  /tmp/ccUjO0yo.s 			page 8


 108      0F051EBA 
 108      2804A174 
 108      30E828A5 
 108      90C2
 109 0028 829251DD 		.ascii	"\202\222Q\335\346s\177\332\225:\030\270[,\203lh\344"
 109      E6737FDA 
 109      953A18B8 
 109      5B2C836C 
 109      68E4
 110 003a 254ACC6A 		.ascii	"%J\314j\315r\332C\247\2660:\004B\207~D\303\202\250C"
 110      CD72DA43 
 110      A7B6303A 
 110      0442877E 
 110      44C382A8 
 111 004f 056DBDDF 		.ascii	"\005m\275\337\254Q/\014\337\373\363|\357<\3173\343\220"
 111      AC512F0C 
 111      DFFBF37C 
 111      EF3CCF33 
 111      E390
 112 0061 84457458 		.ascii	"\204EtX\216\003\362 B\260&\237\023\215\273\226\305s"
 112      8E03F220 
 112      42B0269F 
 112      138DBB96 
 112      C573
 113 0073 09D2317B 		.ascii	"\011\3221{\243\235\364N\206\335l\333\200I\264\013\362"
 113      A39DF44E 
 113      86DD6CDB 
 113      8049B40B 
 113      F2
 114 0084 2CB6E1E1 		.ascii	",\266\341\3412O1j\371\365\252\225\270\251%\202\253\337"
 114      324F316A 
 114      F9F5AA95 
 114      B8A92582 
 114      ABDF
 115 0096 A317756E 		.ascii	"\243\027un\217\317D%\2460\260\200\204\240V\263w|\276"
 115      8FCF4425 
 115      A630B080 
 115      84A056B3 
 115      777CBE
 116 00a9 C43E03B6 		.ascii	"\304>\003\266\224_\352\345w\255\246\264\020\227r\272"
 116      945FEAE5 
 116      77ADA6B4 
 116      109772BA 
 117 00b9 543FC89D 		.ascii	"T?\310\235 I\257O\026{;nh\235\326\301\267\031\326\355"
 117      2049AF4F 
 117      167B3B6E 
 117      689DD6C1 
 117      B719D6ED 
 118 00cd 3E33EE81 		.ascii	">3\356\201e\035\026\321\206\273h#i\021\356\243\303\300"
 118      651D16D1 
 118      86BB6823 
 118      6911EEA3 
 118      C3C0
 119 00df DFCE378A 		.ascii	"\337\3167\212\273\034\273\362\367\215x\000\207 \247"
 119      BB1CBBF2 
 119      F78D7800 
 119      8720A7
ARM GAS  /tmp/ccUjO0yo.s 			page 9


 120 00ee 746EBF8C 		.ascii	"tn\277\214\004\272\361;\257\203\367\263\270r\324\201"
 120      04BAF13B 
 120      AF83F7B3 
 120      B872D481 
 121 00fe DCB44585 		.ascii	"\334\264E\205\271J\005A\213\034\035\320\004[&\313\004"
 121      B94A0541 
 121      8B1C1DD0 
 121      045B26CB 
 121      04
 122 010f F411E9A5 		.ascii	"\364\021\351\245\315\306\200\331Qf\310\366R\256\366"
 122      CDC680D9 
 122      5166C8F6 
 122      52AEF6
 123 011e 226A6872 		.ascii	"\"jhr\310m\271V\177\352T0=.Z\343>G\312\342BU\010\231"
 123      C86DB956 
 123      7FEA5430 
 123      3D2E5AE3 
 123      3E47CAE2 
 124 0136 D9ABFCEB 		.ascii	"\331\253\374\3537-\352\226n\216\034,\241\202b\350\001"
 124      372DEA96 
 124      6E8E1C2C 
 124      A18262E8 
 124      01
 125 0147 1E42D107 		.ascii	"\036B\321\007d\327\272\376-^\314?\233\217\231\305\016"
 125      64D7BAFE 
 125      2D5ECC3F 
 125      9B8F99C5 
 125      0E
 126 0158 8065B342 		.ascii	"\200e\263BbBt\315%\204\307\026\262\361P\210 \253\325"
 126      624274CD 
 126      2584C716 
 126      B2F15088 
 126      20ABD5
 127 016b ADB5A8F7 		.ascii	"\255\265\250\367K\273>GKl\224=\202G\377ssCn\231\237"
 127      4BBB3E47 
 127      4B6C943D 
 127      8247FF73 
 127      73436E99 
 128 0180 2B5F5B05 		.ascii	"+_[\005'\346\273\306\015\323\373\261\372\251\320b\370"
 128      27E6BBC6 
 128      0DD3FBB1 
 128      FAA9D062 
 128      F8
 129 0191 EEF67907 		.ascii	"\356\366y\007V\344\213=\336f\233\231]\310A\320\327B"
 129      56E48B3D 
 129      DE669B99 
 129      5DC841D0 
 129      D742
 130 01a3 B62E0261 		.ascii	"\266.\002a\333\264\356\011<\237c!\033{\333\226\317H"
 130      DBB4EE09 
 130      3C9F6321 
 130      1B7BDB96 
 130      CF48
 131 01b5 5766A69A 		.ascii	"Wf\246\232s\023\005\241!\023\371y\016%\223\252kh\370"
 131      731305A1 
 131      2113F979 
 131      0E2593AA 
ARM GAS  /tmp/ccUjO0yo.s 			page 10


 131      6B68F8
 132 01c8 D4F0B13E 		.ascii	"\324\360\261>52\246\206N\246\324\350\310\231\263c\252"
 132      3532A686 
 132      4EA6D4E8 
 132      C899B363 
 132      AA
 133 01d9 EF78EFFE 		.ascii	"\357x\357\376}\252\247\247[]8\321}\344\334^3\352??x"
 133      7DAAA7A7 
 133      5B5D38D1 
 133      7DE4DC5E 
 133      33EA3F3F 
 134 01ee BA3F951A 		.ascii	"\272?\225\032L\016\220-\351\350\037\360\360\271\216"
 134      4C0E902D 
 134      E9E81FF0 
 134      F0B98E
 135              		.text
 136              		.section	.gnu.lto_wdg_lld_reset.48749da7b85635b5,"",%progbits
 137 0000 789C6590 		.ascii	"x\234e\220OH\033Q\020\306\347\333\267\371CKz\026\364"
 137      4F481B51 
 137      10C6E7DB 
 137      B7F9434B 
 137      7A16F4
 138 0013 90434172 		.ascii	"\220CAr\311\303\012-\364\340EA(\011=\244\340Q\332\012"
 138      C9C30A2D 
 138      F4E04541 
 138      28093DA4 
 138      E051DA0A 
 139 0027 2A04142D 		.ascii	"*\004\024-mo\276\304h\014\355!\207$\205t\011+\244\024"
 139      6D6FBEC4 
 139      680CED21 
 139      87248574 
 139      092BA414 
 140 003b 0AD27FB6 		.ascii	"\012\322\177\2661\251m\227E\304K*\226\266\224\036<("
 140      31A96D97 
 140      45C44B2A 
 140      96B6941E 
 140      3C28
 141 004d 8A7A10A4 		.ascii	"\212z\020\2449\253\3636\036\012}\360\330\2317\337\374"
 141      39ABF336 
 141      1E0A7DF0 
 141      D89937DF 
 141      FC
 142 005e 66BEF513 		.ascii	"f\276\365\023\321\022\210\372\370\333\311\027\202`\344"
 142      D11288FA 
 142      F8DBC917 
 142      8260E4
 143 006d BF11A582 		.ascii	"\277\021\245\202\006\240\003\025\004\315\030\230\301"
 143      06A00315 
 143      04CD1898 
 143      C1
 144 007a 53511070 		.ascii	"SQ\020p\263\373u#\362R\361q\236\275\2734\257\346:,A"
 144      B3FB7523 
 144      F252F171 
 144      9EBDBB34 
 144      AFE63A2C 
 145 008f 54E2AB0F 		.ascii	"T\342\253\017\336#\302\252\255\314\033K<\021\226\000"
 145      DE23C2AA 
ARM GAS  /tmp/ccUjO0yo.s 			page 11


 145      ADCC1B4B 
 145      3C119600 
 146 009f 4C4E4F9A 		.ascii	"LNO\232\345\335+:5\020\346\264Rj^\0277A\034.\346\213"
 146      E5DD2B3A 
 146      3510E6B4 
 146      526A5E17 
 146      37411C2E 
 147 00b5 F1EE174A 		.ascii	"\361\356\027J\245\225\263V\025\352\252%\004>B0\016\037"
 147      A595B356 
 147      15EAAA25 
 147      043E4230 
 147      0E1F
 148 00c7 D0856574 		.ascii	"\320\205et\021?\021j\350\326\362\235\267\247\305\220"
 148      113F116A 
 148      E8D6F29D 
 148      B7A7C590 
 149 00d7 DF6C8FC3 		.ascii	"\337l\217\303\012\374\304\253\323\353\357>G\235\236"
 149      0AFCC4AB 
 149      D3EBEF3E 
 149      479D9E
 150 00e6 6595D3AA 		.ascii	"e\225\323\252\242~\313\007\3561y\264n\242\005\226\262"
 150      A27ECB07 
 150      EE3179B4 
 150      6EA20596 
 150      B2
 151 00f7 0DE5504E 		.ascii	"\015\345PN\030:\232u\350\010\351\306\341\363=hBY\200"
 151      183A9A75 
 151      E808E9C6 
 151      E1F33D68 
 151      425980
 152 010a C1A53977 		.ascii	"\301\2459w3\2407\024\336Z\253ns\335o\243\222b\233aK"
 152      33A03714 
 152      DE5AAB6E 
 152      73DD6FA3 
 152      92629B61 
 153 011f F8CAFC5E 		.ascii	"\370\312\374^\347]t\355G\366\367\366e\271\244\332%\023"
 153      E75D74ED 
 153      47F6F7F6 
 153      65B9A4DA 
 153      2513
 154 0131 0DD8287A 		.ascii	"\015\330(z\366\361\011\222\331nk#\242\311\377b\315\377"
 154      F6F10992 
 154      D96E6B23 
 154      A2C9FF62 
 154      CDFF
 155 0143 B0F6146F 		.ascii	"\260\366\024o\251\247c\365\002\374\253\326\250\205\030"
 155      A9A763F5 
 155      02FCABD6 
 155      A88518
 156 0152 9C496970 		.ascii	"\234Iip\000\237=\2606\210/\220,\370S\315\035\2044-\200"
 156      009F3DB0 
 156      36882F90 
 156      2CF853CD 
 156      1D84342D 
 157 0167 573F0D7C 		.ascii	"W?\015|\345\276c\244\355\277\005\317\210\367\377\027"
 157      E5BE63A4 
 157      EDBF05CF 
ARM GAS  /tmp/ccUjO0yo.s 			page 12


 157      88F7FF17 
 158 0177 58CF1E0D 		.ascii	"X\317\036\015\242\033\321\250\354\037\033\2777~;!'\246"
 158      A21BD1A8 
 158      EC1F1BBF 
 158      377E3B21 
 158      27A6
 159 0189 E5D8DDA4 		.ascii	"\345\330\335\244\234\234\230z0-\023w\342\275\327d,6"
 159      9C9C987A 
 159      302D1377 
 159      E2BDD764 
 159      2C36
 160 019b 201F0F0D 		.ascii	" \037\017\015\014>\354\321\245\341G#\243\303\311\344"
 160      0C3EECD1 
 160      A5E14723 
 160      A3C3C9E4 
 161 01ab 48F43E99 		.ascii	"H\364>\231\034N\236\003\251\276\236\377"
 161      1C4E9E03 
 161      A9BE9EFF 
 162              		.text
 163              		.section	.gnu.lto_.symbol_nodes.48749da7b85635b5,"",%progbits
 164 0000 789C558A 		.ascii	"x\234U\212;\021\2000\024\004\367]\000!(\001Q\324/8@"
 164      3B118030 
 164      1404F75D 
 164      00212801 
 164      51D42F38 
 165 0015 023608BF 		.ascii	"\0026\010\277\212\026\025\010!\320\245\270\331\231\333"
 165      8A161508 
 165      21D0A5B8 
 165      D999DB
 166 0024 6D80210F 		.ascii	"m\200!\017%9L7d\244\330C\275\310\306\366S\253\334\012"
 166      25394C37 
 166      64A4D843 
 166      BDC8C6F6 
 166      53ABDC0A 
 167 0038 A54DAE32 		.ascii	"\245M\2562>E\314q\320.\017\205\262C^\375\017\304\330"
 167      3E45CC71 
 167      D02E0F85 
 167      B2435EFD 
 167      0FC4D8
 168 004b E526343C 		.ascii	"\345&4<\363e\274\205\373\033\343"
 168      F365BC85 
 168      FB1BE3
 169              		.text
 170              		.section	.gnu.lto_.refs.48749da7b85635b5,"",%progbits
 171 0000 789C6363 		.ascii	"x\234cc``\340\003b&\006F\020`bdfbaf\000\000\002!\000"
 171      6060E003 
 171      62260646 
 171      10606264 
 171      66626166 
 172 0019 2B       		.ascii	"+"
 173              		.text
 174              		.section	.gnu.lto_.decls.48749da7b85635b5,"",%progbits
 175 0000 789C9D57 		.ascii	"x\234\235W}PSW\026\177\347\335\004\3023\001\007\354"
 175      7D505357 
 175      167FE7DD 
 175      04C23301 
 175      07EC
ARM GAS  /tmp/ccUjO0yo.s 			page 13


 176 0012 D6D9CDAE 		.ascii	"\326\331\315\256\326MG\272\235\022\021\267\273;\263"
 176      D64D47BA 
 176      9D1211B7 
 176      BB3BB3
 177 0021 B3D31DED 		.ascii	"\263\323\035\355\266N\255\355\240\235N\367\237\224\306"
 177      B64EADED 
 177      A09D4EF7 
 177      9F94C6
 178 0030 28CC6070 		.ascii	"(\314`p\222\330\352\037;\3730HQ\264\240RD>\012\212Z"
 178      92D8EA1F 
 178      3BFB3048 
 178      51B4A052 
 178      443E0A8A 
 179 0045 41A6AE0B 		.ascii	"A\246\256\013\255\"k7~!\305/\212_\253\202 *RD@P>T\314"
 179      AD226B37 
 179      7E21C52F 
 179      8A5FAB82 
 179      202A5244 
 180 005e 9E7BEF0B 		.ascii	"\236{\357\013y\211@;}\303\311\313\275\367w~\347\343"
 180      7989403B 
 180      7DC3C9CB 
 180      BDF7777E 
 180      E7E3
 181 0070 DE737209 		.ascii	"\336sr\011\021\004\341Z\270 \244\213\202P\005\202\340"
 181      1104E15A 
 181      B820A48B 
 181      82500582 
 181      E0
 182 0081 C5478B73 		.ascii	"\305G\213sGP\010\312\023\024\035\316_\027\370C\327\""
 182      475008CA 
 182      13141DCE 
 182      5F17F843 
 182      D722
 183 0093 701C85F2 		.ascii	"p\034\205\362\034\312\363(F\024T\027\246\343{\006\010"
 183      1CCAF328 
 183      46145417 
 183      A6E37B06 
 183      08
 184 00a4 01CF3491 		.ascii	"\001\3174\221\353|\250p=\0268\327\003\201\353<D\031"
 184      EB7CA870 
 184      3D1638D7 
 184      0381EB3C 
 184      4419
 185 00b6 46018597 		.ascii	"F\001\205\227\276\2039f\"P\257pD\242LQ\270(\3079\272"
 185      BE833966 
 185      2250AF70 
 185      44A24C51 
 185      B828C739 
 186 00cb AEF0F6A3 		.ascii	"\256\360\366\243\334D9\213\362[\344\220\024\356.\224"
 186      DC44398B 
 186      F25BE490 
 186      14EE2E94 
 187 00db 41949328 		.ascii	"A\224\223(wQ\352P:Q\356\241\324\242\364(\366\243\202"
 187      7751EA50 
 187      3A51EEA1 
 187      D4A2F428 
 187      F6A382
ARM GAS  /tmp/ccUjO0yo.s 			page 14


 188 00ee ECD2E765 		.ascii	"\354\322\347e\264=i\014\333\327T\261\230\200\347(\024"
 188      B43D690C 
 188      DBD754B1 
 188      9880E728 
 188      14
 189 00ff E5574A0C 		.ascii	"\345WJ\014\017\225\370\236S\362\003J~\324\217\031\001"
 189      0F95F89E 
 189      53F2034A 
 189      7ED48F19 
 189      01
 190 0110 BA71E252 		.ascii	"\272q\342R\307#\252\342\240\024\317\217\341g\016\201"
 190      C723AAE2 
 190      A014CF8F 
 190      E1670E81 
 191 0120 EFD3FE55 		.ascii	"\357\323\376UH2\011DJ\240\301\341\3753\3717\303q8E\202"
 191      48320944 
 191      4AA0C1E1 
 191      FD33F937 
 191      C3713845 
 192 0135 E938CCAF 		.ascii	"\3518\314\257yP\257\345\253:\034\376\360t\337\035\015"
 192      7950AFE5 
 192      AB3A1CFE 
 192      F074DF1D 
 192      0D
 193 0146 11812A96 		.ascii	"\021\201*\226\325\257\253\017!a\354{s]\331^J2S\002z"
 193      D5AFAB0F 
 193      2161EC7B 
 193      735DD95E 
 193      4A325302 
 194 015b 1422706A 		.ascii	"\024\"pj_W\365\260\201OQ\204\274\273\366D81\260\357"
 194      5F57F5B0 
 194      814F5184 
 194      BCBBF644 
 194      3831B0EF 
 195 016f 3D859D6D 		.ascii	"=\205\235m\020S!\363G\267\201\010p\010\210\317\241\306"
 195      105321F3 
 195      47B78108 
 195      700888CF 
 195      A1C6
 196 0181 ACBE9DA1 		.ascii	"\254\276\235\241\344m\212\024[\256<n\012\007):C\226"
 196      E46D8A14 
 196      5BAE3C6E 
 196      0A07293A 
 196      4396
 197 0193 D7C8256E 		.ascii	"\327\310%n9\354M\001\252\300\010\225`\024\340[\210\246"
 197      39EC4D01 
 197      AAC00895 
 197      6014E05B 
 197      88A6
 198 01a5 EC351023 		.ascii	"\3545\020#@5N\036\304\311\335\224\321s\262\340/\333"
 198      40354E1E 
 198      C4C9DD94 
 198      D173B2E0 
 198      2FDB
 199 01b7 FA64793A 		.ascii	"\372dy:\034\006\011\376\003\204a0\0133%n\242l\347\246"
 199      1C0609FE 
 199      03846130 
ARM GAS  /tmp/ccUjO0yo.s 			page 15


 199      0B33256E 
 199      A26CE7A6 
 200 01cb 1D216423 		.ascii	"\035!d#0\0335\005\267O\210\343\33182\256\215\301\362"
 200      301B3505 
 200      B74F88E3 
 200      D93832AE 
 200      8DC1F2
 201 01de 19B56B65 		.ascii	"\031\265keY\004\017\332\370\257\337\006\232\344Fvo\336"
 201      59040FDA 
 201      F8AFDF06 
 201      9AE44676 
 201      6FDE
 202 01f0 71C4403C 		.ascii	"q\304@<\314\010<\356\310\271\002<\217z\034\256\251\271"
 202      CC083CEE 
 202      C8B9023C 
 202      8F7A1CAE 
 202      A9B9
 203 0202 B2298267 		.ascii	"\262)\202g\271\225.\177V~\341\021\220c\014\253\255\314"
 203      B9952E7F 
 203      567EE111 
 203      90630CAB 
 203      ADCC
 204 0214 3CD32182 		.ascii	"<\323!\202\311d\212\212\336A}\362\234\254\236\263\347"
 204      C9648A8A 
 204      DE417DF2 
 204      9CAC9EB3 
 204      E7
 205 0225 DB0E59DE 		.ascii	"\333\016Y\336\254g\306N\240\261\357 \312\357\344\327"
 205      AC67C64E 
 205      A0B1EF20 
 205      CAEFE4D7 
 206 0235 F821402C 		.ascii	"\370!@,~\010\\\241~Z\276\354I#\014}4\030m\016\002\367"
 206      7E085CA1 
 206      7E5ABEEC 
 206      49230C7D 
 206      34186D0E 
 207 024b A9C007C6 		.ascii	"\251\300\007\306\004WQ~a\023\015;\033\0054\002\034G"
 207      0457517E 
 207      61130D3B 
 207      1B053402 
 207      1C47
 208 025d C0316696 		.ascii	"\3001f\226\3021t\250\307L\235\004\023\324\241\324\202"
 208      C23174A8 
 208      C74C9D04 
 208      13D4A1D4 
 208      82
 209 026e 89ED26CF 		.ascii	"\211\355&\317T\373\027\221\251\250E\221\202\222%e\253"
 209      54FB1791 
 209      A9A84591 
 209      82922565 
 209      AB
 210 027f 6B0F1EAB 		.ascii	"k\017\036\253\016%2;O\342\271\212\314\246\010\210\216"
 210      0E25323B 
 210      4FE2B98A 
 210      CCA60888 
 210      8E
 211 0290 E24A4FF7 		.ascii	"\342JO\367\204\340\321\2003\310~\312\237\\J1\216'p\032"
ARM GAS  /tmp/ccUjO0yo.s 			page 16


 211      84E0D180 
 211      33C87ECA 
 211      9F5C4A31 
 211      8E27701A 
 212 02a4 1D98C819 		.ascii	"\035\230\310\031\264W\220\263\365<D)\352\031\343\252"
 212      B45790B3 
 212      F53C4429 
 212      EA19E3AA 
 213 02b4 0B63E9DE 		.ascii	"\013c\351\336\360\336\273\243\327\257\037=$pV\225'\001"
 213      F0DEBBA3 
 213      D7AF1F3D 
 213      24705695 
 213      2701
 214 02c6 CE815E01 		.ascii	"\316\201^\0016\027\365\364k\310z^$\373\326\336*\323"
 214      3617F5F4 
 214      6BC87A5E 
 214      24FBD6DE 
 214      2AD3
 215 02d8 E1461BB1 		.ascii	"\341F\033\2610@U\025F^\025'\274\203\036z\016\376.\201"
 215      30405515 
 215      465E1527 
 215      BC831E7A 
 215      0EFE2E81 
 216 02ec 484FC9FD 		.ascii	"HO\311\375\232*\003\311\346\252\005MG\312'iD\001.`\374"
 216      9A2A03C9 
 216      E6AA054D 
 216      47CA2769 
 216      44012E60 
 217 0301 E7A9119C 		.ascii	"\347\251\021\234<PTwE\"\371\034\261\255\371V\225\216"
 217      3C505477 
 217      4522F91C 
 217      B1ADF956 
 217      958E
 218 0313 222E21E2 		.ascii	"\".!\342e#\\\304\200pz0s\260BGJ9\346`\301\345\337S\310"
 218      65235CC4 
 218      80707A30 
 218      73B04247 
 218      4A39E660 
 219 032c FF10F23B 		.ascii	"\377\020\362;#\\f\020q\377p\325F\011\242u\312Q>cjw\323"
 219      235C6610 
 219      71FF70D5 
 219      4609A275 
 219      CA513E63 
 220 0343 A37C0D74 		.ascii	"\243|\015t\352\035J\247\301\312\356T2U\2008#\314\242"
 220      EA1D4AA7 
 220      C1CAEE54 
 220      32558038 
 220      23CCA2
 221 0356 71228465 		.ascii	"q\"\204e\370*\246\353\012h\240\0213\360=:\207\246\266"
 221      F82AA6EB 
 221      0A68A011 
 221      33F03D3A 
 221      87A6B6
 222 0369 6C3E56A4 		.ascii	"l>V\244'\347\371n\356=z|m\330\250\205\356W\351f^G\335"
 222      27E7F96E 
 222      EE3D7A7C 
 222      6DD8A885 
ARM GAS  /tmp/ccUjO0yo.s 			page 17


 222      EE57E966 
 223 0380 26FF6652 		.ascii	"&\377fRkc\031\201f\344\236\300\316\277kF2\303\310u\036"
 223      6B631981 
 223      66E49EC0 
 223      CEBF6B46 
 223      32C3C875 
 224 0395 5F535BD7 		.ascii	"_S[\327U\035\351\340\203\306\336\323E\223x\225M\306"
 224      551DE9E0 
 224      83C6DED3 
 224      45937895 
 224      4DC6
 225 03a7 615F7EED 		.ascii	"a_~\355]\211t\361\265\274\306\375\257KX\343\356\237"
 225      5D8974F1 
 225      B5BCC6FD 
 225      AF4B58E3 
 225      EE9F
 226 03b9 54E3A870 		.ascii	"T\343\250pd\177F^8\351Q\366\361\344!\257\206\364\363"
 226      647F465E 
 226      38E951F6 
 226      F1E421AF 
 226      86F4F3
 227 03cc C1C6B4AC 		.ascii	"\301\306\264\2542\211\014\360\301\375'E\007\302\270"
 227      32890CF0 
 227      C1FD2745 
 227      07C2B8
 228 03db CD29381C 		.ascii	"\315)8\034i\311\316\016\345\225]B7\274\362\324\247\327"
 228      69C9CE0E 
 228      E5955D42 
 228      37BCF2D4 
 228      A7D7
 229 03ed 0D649861 		.ascii	"\015d\230aCO{[nK\264\262MQ&\254\35547\346\276e\326H"
 229      434F7B5B 
 229      6E4BB4B2 
 229      4D5126AC 
 229      ED3437E6 
 230 0405 23AFED9B 		.ascii	"#\257\355\233X\200\2670=\335\343\3266U\270\372\017^"
 230      5880B730 
 230      3DDDE3D6 
 230      3655B8FA 
 230      0F5E
 231 0417 AE147D3B 		.ascii	"\256\024};\030\255*W\216nT\241\333\307D\253\250;U\340"
 231      18AD2A57 
 231      8E6E54A1 
 231      DBC744AB 
 231      A83B55E0 
 232 042b B6B11D19 		.ascii	"\266\261\035\031\243\025t \342\016[\354V\252\257\027"
 232      A3157420 
 232      E20E5BEC 
 232      56AAAF17 
 233 043b 13DA85D5 		.ascii	"\023\332\205\325s\027\245\023\345\036J\217RI\334R\237"
 233      7317A513 
 233      E51E4A8F 
 233      5249DC52 
 233      9F
 234 044c CAD20FC1 		.ascii	"\312\322\017\301\226n\370C\346\247\247v\2047\220\356"
 234      966EF843 
 234      E6A7A776 
ARM GAS  /tmp/ccUjO0yo.s 			page 18


 234      843790EE 
 235 045c 671AC8E9 		.ascii	"g\032\310\351\342\202J\003\251$\354\310\355i{\222\033"
 235      E2824A03 
 235      A924ECC8 
 235      ED697B92 
 235      1B
 236 046d E66F2023 		.ascii	"\346o #\254\201\364#\363}\377\231\353~\266\201\370\374"
 236      AC81F423 
 236      F37DFF99 
 236      EB7EB681 
 236      F8FC
 237 047f 873E74FB 		.ascii	"\207>t\373\247\204\200v\323\2769\233#\252\233A\177@"
 237      A7848076 
 237      D3BE399B 
 237      23AA9B41 
 237      7F40
 238 0491 3378E06B 		.ascii	"3x\340k\006\332C\275\036w8\320\3556\371z\371\364\362"
 238      06DA43BD 
 238      1E7738D0 
 238      ED36F97A 
 238      F9F4F2
 239 04a4 47ADB29C 		.ascii	"G\255\262\234\256g\345\320\200\256\015\240\256r\362"
 239      AE67E5D0 
 239      80AE0DA0 
 239      AE72F2
 240 04b3 FD3B3276 		.ascii	"\375;2v\217kQ\340\324\305!t\361!\2725\2102<\232]j\243"
 240      8F6B51E0 
 240      D4C52174 
 240      F121BA35 
 240      88323C9A 
 241 04ca BDDC58EA 		.ascii	"\275\334X\352\226\353f\321\246\004\337(*c\235\021\245"
 241      96EB66D1 
 241      A604DF28 
 241      2A639D11 
 241      A5
 242 04db 3F974D66 		.ascii	"?\227Mf\351\035\010L/\347:\273W\341\302\230\2405\230"
 242      E91D084C 
 242      2FE73ABB 
 242      57E1C298 
 242      A03598
 243 04ee 4B753A71 		.ascii	"Ku:q\003\012s.l%\243\0330P4\305Mi\037\243B\213\177\007"
 243      030A732E 
 243      6C25A31B 
 243      305034C5 
 243      4D691FA3 
 244 0506 062668E1 		.ascii	"\006&h\341\2170\244\211\302\2435\335w\355\327\352\304"
 244      8F30A489 
 244      C2A335DD 
 244      77EDD7EA 
 244      C4
 245 0517 3F0E48FC 		.ascii	"?\016H\374\023\236x\372Fl\373\241\234\343\022\255yY"
 245      139E78FA 
 245      466CFBA1 
 245      9CE312AD 
 245      7959
 246 0529 01638DFA 		.ascii	"\001c\215\372\261#\364\207\032\263\301L#\272\264\263"
 246      B123F487 
ARM GAS  /tmp/ccUjO0yo.s 			page 19


 246      1AB3C14C 
 246      23BAB4B3 
 247 0539 FA9872D5 		.ascii	"\372\230r\3251\320\306\262#g\227\206\027r\007]\2768"
 247      31D0C6B2 
 247      23679786 
 247      1772075D 
 247      BE38
 248 054b 74F8919E 		.ascii	"t\370\221\236x\330Q\323T\270\313{5\020m\004d\003i\267"
 248      78D851D3 
 248      54B8CB7B 
 248      35106D04 
 248      640369B7 
 249 055f EF262340 		.ascii	"\357&#@\232(\201,\022\337\375*\037\177e\344\336\177"
 249      9A28812C 
 249      12DFFD2A 
 249      1F7F65E4 
 249      DE7F
 250 0571 D269FCAE 		.ascii	"\322i\374\256cov\317\220KeU\303K\025\243\331\222\000"
 250      636F76CF 
 250      904B6555 
 250      C34B15A3 
 250      D99200
 251 0584 6ED1086B 		.ascii	"n\321\010kD\346\217,7\364h#\263\225D\275\006\214\333"
 251      44E68F2C 
 251      37F46823 
 251      B39544BD 
 251      068CDB
 252 0597 8B069F32 		.ascii	"\213\006\2372\367\327\212\221\276 (z\177a\335p\230\244"
 252      F7D78A91 
 252      BE20287A 
 252      7F61DD70 
 252      98A4
 253 05a9 7067FC18 		.ascii	"pg\374\030\267wk\341\375P5w\372D\334=w\216~%\251\223"
 253      B7776BE1 
 253      FD503577 
 253      FA44DC3D 
 253      778E7E25 
 254 05bf FEA918A9 		.ascii	"\376\251\030\251Jd\206\310\223\216o\004\337)m\310\302"
 254      4A6486C8 
 254      938E6F04 
 254      DF296DC8 
 254      C2
 255 05d0 FD6EA617 		.ascii	"\375n\246\027:\230\314\262\000\300?\361M\205\215\275"
 255      3A98CCB2 
 255      00C03FF1 
 255      4D858DBD 
 256 05e0 BE07F83C 		.ascii	"\276\007\370<\316\212t\231]U\301\207\365=\276\031AT"
 256      CE8A7499 
 256      5D55C187 
 256      F53DBE19 
 256      4154
 257 05f2 38441F2F 		.ascii	"8D\037/\373\003\345\017T\254|\235\233\033\245\341x\356"
 257      FB03E50F 
 257      54AC7C9D 
 257      9B1BA5E1 
 257      78EE
 258 0604 8FE033A7 		.ascii	"\217\3403\247\254\211>;B\200i\034\007\373\032\270\012"
ARM GAS  /tmp/ccUjO0yo.s 			page 20


 258      AC893E3B 
 258      4280691C 
 258      07FB1AB8 
 258      0A
 259 0615 A35CFCCE 		.ascii	"\243\\\374\316M3v~\270\2511\242\025+\\\200\017\302\205"
 259      4D33767E 
 259      B8A931A2 
 259      152B5C80 
 259      0FC285
 260 0628 6C9D9D5F 		.ascii	"l\235\235_\0023/,#'H\300/\177$\377\345\367\375rM\341"
 260      02332F2C 
 260      232748C0 
 260      2F7F24FF 
 260      E5F7FD72 
 261 063e BF5C151B 		.ascii	"\277\\\025\033\2749\332\251\271l\177\334\362d\021>\374"
 261      BC39DAA9 
 261      B96C7FDC 
 261      F264113E 
 261      FC
 262 064f 056CC4ED 		.ascii	"\005l\304\355\333 \322\204\177&N\305O\273\206\333\372"
 262      DB20D284 
 262      7F264EC5 
 262      4FBB86DB 
 262      FA
 263 0660 B2BDF362 		.ascii	"\262\275\363b\310\214\022\271\244U\366\\~\364\347\274"
 263      C88C12B9 
 263      A455F65C 
 263      7EF4E7BC 
 264 0670 D3E97203 		.ascii	"\323\351r\003\352\275\306p\220)\216V^&=\227\260^l\005"
 264      EABDC670 
 264      90298E56 
 264      5E263D97 
 264      B05E6C05 
 265 0684 5827B6A0 		.ascii	"X'\266\240kY\342\014\324\317\035\332\225\245#\3535\314"
 265      6B59E20C 
 265      D4CF1DDA 
 265      95A523EB 
 265      35CC
 266 0696 AD8E7572 		.ascii	"\255\216ur\277\006\357\013\254\204\250\011\234\273\264"
 266      BF06EF0B 
 266      AC84A809 
 266      9CBBB4
 267 06a5 AFE176D8 		.ascii	"\257\341v\330\270\316lf\316l\022\025o\356~5\264\305"
 267      B8CE6C66 
 267      CE6C1215 
 267      6FEE7E35 
 267      B4C5
 268 06b7 A078D3F7 		.ascii	"\240x\323\367K\354\362x\036\361f\201(\310\366\273\222"
 268      4BECF278 
 268      1EF16681 
 268      28C8F6BB 
 268      92
 269 06c8 1DECCA16 		.ascii	"\035\354\312\026\346\212\273\266\264j\022\311\343\256"
 269      E68ABBB6 
 269      B46A12C9 
 269      E3AE
 270 06d6 F434B6F5 		.ascii	"\3644\266\365\373\342j\233\026\300\224\343g\312\011"
ARM GAS  /tmp/ccUjO0yo.s 			page 21


 270      FBE26A9B 
 270      16C094E3 
 270      67CA09
 271 06e5 66FA9C31 		.ascii	"f\372\2341\355]\177\351\260\226\354\342L\305\235\375"
 271      ED5D7FE9 
 271      B096ECE2 
 271      4CC59DFD 
 272 06f5 C55A85A9 		.ascii	"\305Z\205\251\376\245\000\246\\?Sn0\323V\306\344\351"
 272      FEA500A6 
 272      5C3F536E 
 272      30D356C6 
 272      E4E9
 273 0707 DD994748 		.ascii	"\335\231GH%g\2721\344=\036p\011\244u\343\257\204m\242"
 273      2567BA31 
 273      E43D1E70 
 273      09A475E3 
 273      AF846DA2 
 274 071b EF1278EE 		.ascii	"\357\022x\356\324\347\271\021,\2178\247\344\321\353"
 274      D4E7B911 
 274      2C8F38A7 
 274      E4D1EB
 275 072a DE3630FE 		.ascii	"\33660\376\246\026\260<\346\373\362\230z\376\322w\200"
 275      A616B03C 
 275      E6FBF298 
 275      7AFED277 
 275      80
 276 073b 3EE34F85 		.ascii	">\343O\205\247'\213\234r\247o\224\267\003\203A\236\337"
 276      A7278B9C 
 276      72A76F94 
 276      B7038341 
 276      9EDF
 277 074d E93CA5D7 		.ascii	"\351<\245\327@!s\366\336\316\306.\355\013M\232b\354"
 277      402173F6 
 277      DECEC62E 
 277      ED0B4D9A 
 277      62EC
 278 075f 3558A494 		.ascii	"5X\244\224h]qC%\220N\356\377\3663\375\271\022\031\342"
 278      685D7143 
 278      25904EEE 
 278      FFF633FD 
 278      B91219E2 
 279 0773 83355F76 		.ascii	"\2035_vo\221^,\225\033<\364\340\374\261x\267\234\221"
 279      6F915E2C 
 279      951B3CF4 
 279      E0FCB178 
 279      B79C91
 280 0786 9DCAF4A0 		.ascii	"\235\312\364\240\030-`\"U-\341\013\234)\022_\020\240"
 280      182D6022 
 280      552DE10B 
 280      9C29125F 
 280      10A0
 281 0798 447C1175 		.ascii	"D|\021u;\313\317\316&\251Z\306S\261\245\254@\217<%\310"
 281      3BCBCFCE 
 281      26A95AC6 
 281      53B1A5AC 
 281      408F3C25 
 282 07ad F3F46B92 		.ascii	"\363\364k\222*{4\254-o\347n\252\376W\330\316R\274\203"
ARM GAS  /tmp/ccUjO0yo.s 			page 22


 282      2A7B34AC 
 282      2D6FE76E 
 282      AAFE57D8 
 282      CE52BC83 
 283 07c1 31341FAE 		.ascii	"14\037\256N\017\227\224\177\2722~\364B\006"
 283      4E0F9794 
 283      7FBA327E 
 283      F44206
 284 07d0 A5A2447D 		.ascii	"\245\242D}>\332\220\247So\000\315\207\177\003v*\255"
 284      3EDA90A7 
 284      536F00CD 
 284      877F0376 
 284      2AAD
 285 07e2 88BE43AC 		.ascii	"\210\276C\254)\366\245I\313\210#\331\361jL\214ynb\322"
 285      29F6A549 
 285      CB8823D9 
 285      F16A4C8C 
 285      796E62D2 
 286 07f6 4749EF2C 		.ascii	"GI\357,2\2478\315\211\011\311\346\025)\016\227\323\274"
 286      32A738CD 
 286      8909C9E6 
 286      15290E97 
 286      D3BC
 287 0808 68F1DB71 		.ascii	"h\361\333q\263\315\013\026\3143\257z\177\336\033\037"
 287      B3CD0B16 
 287      CC33AF7A 
 287      7FDE1B1F 
 288 0818 C7D225CB 		.ascii	"\307\322%\313'K\226Y\222\223\227\304Xuo,|o\372\334\330"
 288      274B9659 
 288      929397C4 
 288      58756F2C 
 288      7C6FFADC 
 289 082d 5841B258 		.ascii	"XA\262XV&\331]q\263-\2569\346\225N\2079\301\261\374"
 289      5626D95D 
 289      71B32DAE 
 289      39E6954E 
 289      8739C1B1 
 290 0842 157B8ADD 		.ascii	"\025{\212\335\366\212-\341\243$s\222\335\232\274r\211"
 290      F68A2DE1 
 290      A3247392 
 290      DD9ABC72 
 290      89
 291 0853 CDBC3CC1 		.ascii	"\315\274<\301\232\230d\267\231-KlK\023V&\273,\256\325"
 291      9A9864B7 
 291      992D4B6C 
 291      4B135626 
 291      BB2CAED5 
 292 0867 2B6CCE98 		.ascii	"+l\316\230DA\347\323~i\002m\347j\247\331\342t-A(\252"
 292      4441E7D3 
 292      7E69026D 
 292      E76AA7D9 
 292      E2742D41 
 293 087d 882B1C9A 		.ascii	"\210+\034\232O\222\354\216?\374,\327\023\2050\234\234"
 293      4F92EC8E 
 293      3FFC2CD7 
 293      1385309C 
 293      9C
ARM GAS  /tmp/ccUjO0yo.s 			page 23


 294 088e CB12A075 		.ascii	"\313\022\240u\272\022\\6:\266\304\277\376\327y\037\350"
 294      BA125C36 
 294      3AB6C4BF 
 294      FED7791F 
 294      E8
 295 089f E8B7458B 		.ascii	"\350\267E\213\337yW\242_\336[8\177\341\374\305\246g"
 295      DF7957A2 
 295      5FDE5B38 
 295      7FE1FCC5 
 295      A667
 296 08b1 ADF8DC52 		.ascii	"\255\370\334Rh\221R\302\027\343\262\270(\333<G\322\307"
 296      689152C2 
 296      17E3B2B8 
 296      28DB3C47 
 296      D2C7
 297 08c3 3607C149 		.ascii	"6\007\301IqQ<\211_\020/\276\033/\276\025\257y\177\376"
 297      71513C89 
 297      5F102FBE 
 297      1B2FBE15 
 297      AF797FFE 
 298 08d7 C2F83981 		.ascii	"\302\3709\201|\326\224\345\313S\354f\333*\027\272\315"
 298      7CD694E5 
 298      CB53EC66 
 298      DB2A17BA 
 298      CD
 299 08e8 3DFF5BDC 		.ascii	"=\377[\334\252Uf\247ky\334\354\245q\263\342VY\221_?"
 299      AA5566A7 
 299      6B79DCEC 
 299      A571B3E2 
 299      5659915F 
 300 08fd 9F3AB418 		.ascii	"\237:\264\030s6\317\266TcMLp\350\225x,I\366$\327\317"
 300      7336CFB6 
 300      54634D4C 
 300      70E89578 
 300      2C49F624 
 301 0913 CB845530 		.ascii	"\313\204U0\370H\320w\207K\357\037\245\254\030]r\330"
 301      F848D077 
 301      874BEF1F 
 301      A5AC185D 
 301      72D8
 302 0925 9C365798 		.ascii	"\2346W\2305q\321j\347\233\011\311\256\337\004\232r\270"
 302      3571D16A 
 302      E79B09C9 
 302      AEDF049A 
 302      72B8
 303 0937 46B3614D 		.ascii	"F\263aMDG\015j\016\301`\261,]i\267Z,1\177\232\025\027"
 303      44470D6A 
 303      0EC160B1 
 303      2C5D69B7 
 303      5A2C317F 
 304 094e ABF38DB4 		.ascii	"\253\363\215\2644E\261\377\007\312\370\030x"
 304      3445B1FF 
 304      07CAF818 
 304      78
 305              		.text
 306              		.section	.gnu.lto_.symtab.48749da7b85635b5,"",%progbits
 307 0000 7764675F 		.ascii	"wdg_lld_init\000"
ARM GAS  /tmp/ccUjO0yo.s 			page 24


 307      6C6C645F 
 307      696E6974 
 307      00
 308 000d 00       		.ascii	"\000"
 309 000e 00       		.ascii	"\000"
 310 000f 00       		.ascii	"\000"
 311 0010 00000000 		.ascii	"\000\000\000\000\000\000\000\000"
 311      00000000 
 312 0018 0F010000 		.ascii	"\017\001\000\000"
 313 001c 57444744 		.ascii	"WDGD1\000"
 313      3100
 314 0022 00       		.ascii	"\000"
 315 0023 00       		.ascii	"\000"
 316 0024 00       		.ascii	"\000"
 317 0025 00000000 		.ascii	"\000\000\000\000\000\000\000\000"
 317      00000000 
 318 002d 22010000 		.ascii	"\"\001\000\000"
 319 0031 7764675F 		.ascii	"wdg_lld_start\000"
 319      6C6C645F 
 319      73746172 
 319      7400
 320 003f 00       		.ascii	"\000"
 321 0040 00       		.ascii	"\000"
 322 0041 00       		.ascii	"\000"
 323 0042 00000000 		.ascii	"\000\000\000\000\000\000\000\000"
 323      00000000 
 324 004a 13010000 		.ascii	"\023\001\000\000"
 325 004e 7764675F 		.ascii	"wdg_lld_stop\000"
 325      6C6C645F 
 325      73746F70 
 325      00
 326 005b 00       		.ascii	"\000"
 327 005c 00       		.ascii	"\000"
 328 005d 00       		.ascii	"\000"
 329 005e 00000000 		.ascii	"\000\000\000\000\000\000\000\000"
 329      00000000 
 330 0066 15010000 		.ascii	"\025\001\000\000"
 331 006a 7764675F 		.ascii	"wdg_lld_reset\000"
 331      6C6C645F 
 331      72657365 
 331      7400
 332 0078 00       		.ascii	"\000"
 333 0079 00       		.ascii	"\000"
 334 007a 00       		.ascii	"\000"
 335 007b 00000000 		.ascii	"\000\000\000\000\000\000\000\000"
 335      00000000 
 336 0083 17010000 		.ascii	"\027\001\000\000"
 337 0087 63685379 		.ascii	"chSysHalt\000"
 337      7348616C 
 337      7400
 338 0091 00       		.ascii	"\000"
 339 0092 02       		.ascii	"\002"
 340 0093 00       		.ascii	"\000"
 341 0094 00000000 		.ascii	"\000\000\000\000\000\000\000\000"
 341      00000000 
 342 009c 1C010000 		.ascii	"\034\001\000\000"
 343              		.text
ARM GAS  /tmp/ccUjO0yo.s 			page 25


 344              		.section	.gnu.lto_.opts,"",%progbits
 345 0000 272D666D 		.ascii	"'-fmath-errno' '-fsigned-zeros' '-ftrapping-math' '"
 345      6174682D 
 345      6572726E 
 345      6F272027 
 345      2D667369 
 346 0033 2D666E6F 		.ascii	"-fno-trapv' '-fno-openmp' '-fno-openacc' '-mcpu=cor"
 346      2D747261 
 346      70762720 
 346      272D666E 
 346      6F2D6F70 
 347 0066 7465782D 		.ascii	"tex-m4' '-mfloat-abi=hard' '-mfpu=fpv4-sp-d16' '-mn"
 347      6D342720 
 347      272D6D66 
 347      6C6F6174 
 347      2D616269 
 348 0099 6F2D7468 		.ascii	"o-thumb-interwork' '-mthumb' '-O3' '-fomit-frame-po"
 348      756D622D 
 348      696E7465 
 348      72776F72 
 348      6B272027 
 349 00cc 696E7465 		.ascii	"inter' '-falign-functions=16' '-ffunction-sections'"
 349      72272027 
 349      2D66616C 
 349      69676E2D 
 349      66756E63 
 350 00ff 20272D66 		.ascii	" '-fdata-sections' '-fno-common' '-flto'\000"
 350      64617461 
 350      2D736563 
 350      74696F6E 
 350      73272027 
 351              		.text
 352              		.comm	__gnu_lto_v1,1,1
 353              		.comm	__gnu_lto_slim,1,1
 354              		.ident	"GCC: (GNU Tools for Arm Embedded Processors 7-2018-q3-update) 7.3.1 20180622 (release) [AR
ARM GAS  /tmp/ccUjO0yo.s 			page 26


DEFINED SYMBOLS
                            *ABS*:0000000000000000 hal_wdg_lld.c
                            *COM*:0000000000000001 __gnu_lto_v1
                            *COM*:0000000000000001 __gnu_lto_slim

NO UNDEFINED SYMBOLS
