ARM GAS  /tmp/ccO3U4Ad.s 			page 1


   1              		.cpu cortex-m4
   2              		.eabi_attribute 27, 1
   3              		.eabi_attribute 28, 1
   4              		.eabi_attribute 20, 1
   5              		.eabi_attribute 21, 1
   6              		.eabi_attribute 23, 3
   7              		.eabi_attribute 24, 1
   8              		.eabi_attribute 25, 1
   9              		.eabi_attribute 26, 1
  10              		.eabi_attribute 30, 2
  11              		.eabi_attribute 34, 1
  12              		.eabi_attribute 18, 4
  13              		.file	"hal_pal.c"
  14              		.section	.gnu.lto_.profile.9af19d0bc7de768d,"",%progbits
  15 0000 789C6363 		.ascii	"x\234cc```\001bF\206\010C\000\001Y\000\225"
  15      60606001 
  15      62468608 
  15      43000159 
  15      0095
  16              		.text
  17              		.section	.gnu.lto_.icf.9af19d0bc7de768d,"",%progbits
  18 0000 789C6363 		.ascii	"x\234cc``Pc@\0006\206\315\217\357Mbc\234\375h\3055\036"
  18      60605063 
  18      40003686 
  18      CD8FEF4D 
  18      62639CFD 
  19 0018 A6C3D336 		.ascii	"\246\303\3236\255bg>?\345C;#\313\223\273m3YY\217\036"
  19      AD62673E 
  19      3FE5433B 
  19      23CB93BB 
  19      6D335959 
  20 002e 9C7C959D 		.ascii	"\234|\225\235\001\000c\000\021\306"
  20      01006300 
  20      11C6
  21              		.text
  22              		.section	.gnu.lto_.jmpfuncs.9af19d0bc7de768d,"",%progbits
  23 0000 789C7D8E 		.ascii	"x\234}\216=\012\002A\014\205\363\222\331\265\323\326"
  23      3D0A0241 
  23      0C85F392 
  23      D9B5D3D6 
  24 0010 62CFE39D 		.ascii	"b\317\343\235\254V\020+[\261\332b\216 \370\277\010\212"
  24      AC56102B 
  24      5BB1DA62 
  24      8E20F8BF 
  24      088A
  25 0022 17B0F50E 		.ascii	"\027\260\365\016\226v\242\214oX\\d\212\015\274\"\311"
  25      9676A28C 
  25      6F585C64 
  25      8A0DBC22 
  25      C9
  26 0033 CB97978B 		.ascii	"\313\227\227\213\310\010\322\226\011\200\2622Q,\014"
  26      C808D296 
  26      0980B232 
  26      512C0C
  27 0042 D3D7F9D9 		.ascii	"\323\327\371\331/?\223ae\360\3065\326(\005\027\007\241"
  27      2F3F9361 
  27      65F0C635 
ARM GAS  /tmp/ccO3U4Ad.s 			page 2


  27      D6280517 
  27      07A1
  28 0054 DE218401 		.ascii	"\336!\204\001\224\276\345\354z\353\315\215.\0106(\242"
  28      94BEE5EC 
  28      7AEBCD8D 
  28      2E083628 
  28      A2
  29 0065 54018B24 		.ascii	"T\001\213$JS\232y\343Sl\273i\364`G\032\345~4T\346ri"
  29      4A539A79 
  29      E3536CBB 
  29      69F46047 
  29      1AE57E34 
  30 007d AF42BC92 		.ascii	"\257B\274\222\244\007\376)J\312\036\005G\217\323\352"
  30      A407FE29 
  30      4ACA1E05 
  30      478FD3EA 
  31 008d 9E35A3C6 		.ascii	"\2365\243\306w`\3141RZ\0326\363\246\364\034\273\303"
  31      7760CC31 
  31      525A1A36 
  31      F3A6F41C 
  31      BBC3
  32 009f 667C5333 		.ascii	"f|S3,%_=\004be"
  32      2C255F3D 
  32      046265
  33              		.text
  34              		.section	.gnu.lto_.inline.9af19d0bc7de768d,"",%progbits
  35 0000 789C6363 		.ascii	"x\234cc``\360`d\200\003f\006\006\001aF6\006\205\254"
  35      6060F060 
  35      64800366 
  35      06060161 
  35      46360685 
  36 0015 29CC8CD3 		.ascii	")\314\214\323Z\017\235g\357f\236\303\314\300\310\300"
  36      5A0F9D67 
  36      EF669EC3 
  36      CCC0C8C0 
  37 0025 B8995186 		.ascii	"\270\231Q\206\201A!\033Jg\000\245\327,\373x\200\037"
  37      8141211B 
  37      4A6700A5 
  37      D72CFB78 
  37      801F
  38 0037 24CDC6C8 		.ascii	"$\315\306\310\317\270\205Q\206\331\201A!\035\306\000"
  38      CFB88551 
  38      86D98141 
  38      211DC600 
  39 0047 99092498 		.ascii	"\231\011$\230\035X9W\2701p\3360cb`Y \357\300\300\270"
  39      1D583957 
  39      B83170DE 
  39      30636260 
  39      5920EFC0 
  40 005d 93AD8191 		.ascii	"\223\255\201\221\203\211\201u\256\002\220\006Y\311\304"
  40      83898175 
  40      AE029006 
  40      59C9C4
  41 006c CD2002B4 		.ascii	"\315 \002\264\200\211AT\202\221\035h1\272M\270\215f"
  41      80894154 
  41      82911D68 
  41      31BA4DB8 
ARM GAS  /tmp/ccO3U4Ad.s 			page 3


  41      8D66
  42 007e 0431D904 		.ascii	"\0041\331\004_\2640\342\266\200\351\002\177\003\023"
  42      5FB430E2 
  42      B680E902 
  42      7F0313
  43 008d 92352C0C 		.ascii	"\2225,\014Br`\377\021o\015+k\207:^\037\260\360\002\003"
  43      427260FF 
  43      116F0D2B 
  43      6B873A5E 
  43      1FB0F002 
  44 00a2 6E821F08 		.ascii	"n\202\037\010Bma\000\000\276\2573\234"
  44      426D6100 
  44      00BEAF33 
  44      9C
  45              		.text
  46              		.section	.gnu.lto_.pureconst.9af19d0bc7de768d,"",%progbits
  47 0000 789C6363 		.ascii	"x\234cc```\007bf\006)&)\026I\000\001\304\000d"
  47      60606007 
  47      62660629 
  47      26291649 
  47      0001C400 
  48              		.text
  49              		.section	.gnu.lto_palReadBus.9af19d0bc7de768d,"",%progbits
  50 0000 789C9552 		.ascii	"x\234\225RMO\024A\020\255753;\260\037\340\315\003\207"
  50      4D4F1441 
  50      10AD3735 
  50      333BB01F 
  50      E0CD0387 
  51 0014 4D30123C 		.ascii	"M0\022<\260\376\007\214W\017\376\000\003\\ !\321H<o"
  51      B0FE078C 
  51      570FFE00 
  51      035C2021 
  51      D1483C6F 
  52 0028 2FBB2006 		.ascii	"/\273 \006M\010\341+d$\034@\215\321\250\001]wE\031\026"
  52      4D08E12B 
  52      64241C40 
  52      8DD1A801 
  52      5D774519 
  53 003d C58F0411 		.ascii	"\305\217\004\021\017\006\225x\320x\220 \021\365\240"
  53      0F069578 
  53      D0789020 
  53      11F5A0
  54 004c 46D1EADE 		.ascii	"F\321\352\336\0056\3368LwW\365\253W\257^\217KDW\230"
  54      0536DE38 
  54      4C7757F5 
  54      AB57AF5E 
  54      8F4B4457 
  55 0061 E8A0EC47 		.ascii	"\350\240\354G\344\203K\260\372\236\023\245<\313\262"
  55      E4834BB0 
  55      FA9E13A5 
  55      3CCBB2
  56 0070 97A2A42A 		.ascii	"\227\242\244*y. R\021\266\354\221C\022:?j%\262\341\024"
  56      792E2052 
  56      11B6EC91 
  56      43123A3F 
  56      6A25B2E1 
  57 0085 510EA00F 		.ascii	"Q\016\240\017\312\003%-\266\035$q\236\007\030\313\231"
ARM GAS  /tmp/ccO3U4Ad.s 			page 4


  57      CA03252D 
  57      B61D2471 
  57      9E0718CB 
  57      99
  58 0096 9B3EF7B2 		.ascii	"\233>\367\262\317\004[\302\315\305\321\0171\035\002"
  58      CF045BC2 
  58      CDC5D10F 
  58      311D02
  59 00a5 7109D737 		.ascii	"q\011\3277\026\246#\365\227\225\352T\301p\277;6\375"
  59      16A623F5 
  59      9795EA54 
  59      C170BF3B 
  59      36FD
  60 00b7 4255F86C 		.ascii	"BU\370l\321\220\300\247Q\203)\324h1\267Q/\340\256\345"
  60      D190C0A7 
  60      518329D4 
  60      6831B751 
  60      2FE0AEE5 
  61 00cb E16EE65A 		.ascii	"\341n\346Z\220\234_\177\271\272\032\253\2334\205\337"
  61      909C5F7F 
  61      B9BA1AAB 
  61      9B3485DF 
  62 00db 27581DF0 		.ascii	"'X\035\360\231q\007\\^()B\026u\032\377\376\326\326`"
  62      9971075C 
  62      5E282942 
  62      16751AFF 
  62      FED6D660 
  63 00ef D4B5C765 		.ascii	"\324\265\307eD\201\010\345]=\241\354\222\271\361\322"
  63      448108E5 
  63      5D3DA1EC 
  63      92B9F1D2 
  64 00ff 09D4D6DF 		.ascii	"\011\324\326\337\263*X\235\304\305\243\021H\245m\311"
  64      B32A589D 
  64      C4C5A311 
  64      48A56DC9 
  65 010f E2B02CAE 		.ascii	"\342\260,\256\255CG\237\\\275x\320\234a\3222\251G\270"
  65      AD43479F 
  65      5CBD78D0 
  65      9C61D232 
  65      A947B8
  66 0122 646C15D0 		.ascii	"dl\025\3209\011\345\224\016\350#2o\346\337\215\270\272"
  66      3909E594 
  66      0EE82332 
  66      6FE6DF8D 
  66      B8BA
  67 0134 C5287BD2 		.ascii	"\305({\322|\250\253\260\024\322C3\01093\022I\001\223"
  67      7CA8ABB0 
  67      14D24333 
  67      08393312 
  67      490193
  68 0147 382A056B 		.ascii	"8*\005k\350\314W\024\321\020\364Laq\301\035\307XJ)\025"
  68      E8CC5714 
  68      D110F44C 
  68      6171C11D 
  68      C7584A29 
  69 015c F739241C 		.ascii	"\3679$\034\305\"m_o\377\012\022\327U\237\271\362\220"
  69      C5226D5F 
ARM GAS  /tmp/ccO3U4Ad.s 			page 5


  69      6FFF0A12 
  69      D7559FB9 
  69      F290
  70 016e C73806F5 		.ascii	"\3078\006\365<\204{H\350\326+\215\273L\327.m\006U\272"
  70      3C847B48 
  70      E8D62B8D 
  70      BB4CD72E 
  70      6D0655BA 
  71 0182 AF872ACC 		.ascii	"\257\207*\314\354\364\265)\177X\332\256#\02376\0102"
  71      ECF4B529 
  71      7F58DAAE 
  71      23133736 
  71      0832
  72 0194 975B7F1B 		.ascii	"\227[\177\033J\376Q\236\317\025C\254}\271\217$\225K"
  72      4AFE519E 
  72      CF1543AC 
  72      7DB98F24 
  72      954B
  73 01a6 AF34B6A7 		.ascii	"\2574\266\247\177\315~\213\011n\277$\264\227:\367s\371"
  73      7FCD7E8B 
  73      096EBF24 
  73      B4973AF7 
  73      73F9
  74 01b8 734F58EB 		.ascii	"sOX\353\255\3669\214Yy\370\007%\265\351\211\251.\010"
  74      ADF6398C 
  74      5979F807 
  74      25B5E989 
  74      A92E08
  75 01cb 7AC4A8AD 		.ascii	"z\304\250\255D j\213\306\317!\351s\304\250qJ\266i\027"
  75      44206A8B 
  75      C6CF21E9 
  75      73C4A871 
  75      4AB66917 
  76 01df 3E5D982F 		.ascii	">]\230/\331f\355\311\210(\012\306\010h#\346\305\210"
  76      D966EDC9 
  76      88280AC6 
  76      086823E6 
  76      C588
  77 01f1 3514B62D 		.ascii	"5\024\266-\345\362)bf\212\377\210\253\244\035\036\226"
  77      E5F22962 
  77      668AFF88 
  77      ABA41D1E 
  77      96
  78 0202 885F65F3 		.ascii	"\210_e\363\331\250\020gR\372\252\032\217\014\261\245"
  78      D9A81067 
  78      52FAAA1A 
  78      8F0CB1A5 
  79 0212 89170CF1 		.ascii	"\211\027\014\361\316[\331{|\253\307\273o\365\3040\245"
  79      CE5BD97B 
  79      7CABC7BB 
  79      6FF5C430 
  79      A5
  80 0223 BF76A348 		.ascii	"\277v\243H\345\210L!,gw\367\304\276\017O\015\273\371"
  80      E5884C21 
  80      2C6777F7 
  80      C4BE0F4F 
  80      0DBBF9
ARM GAS  /tmp/ccO3U4Ad.s 			page 6


  81 0236 B59F15D9 		.ascii	"\265\237\025\331\177o\263\207M\003\2276\320\031/e\264"
  81      7F6FB387 
  81      4D039736 
  81      D0192F65 
  81      B4
  82 0247 8A1EB14B 		.ascii	"\212\036\261K\254\227\321\342\015\015\211\306\326\266"
  82      AC97D1E2 
  82      0D0D89C6 
  82      D6B6
  83 0255 E6B663C7 		.ascii	"\346\266c\307\023';\022\255M\355\211\216\323-z?q\252"
  83      13273B12 
  83      AD4DED89 
  83      8ED32D7A 
  83      3F71AA
  84 0268 A9BDA185 		.ascii	"\251\275\241\205\270\371L\307?\234\3603d"
  84      B8F94CC7 
  84      3F9CF033 
  84      64
  85              		.text
  86              		.section	.gnu.lto_palWriteBus.9af19d0bc7de768d,"",%progbits
  87 0000 789C9552 		.ascii	"x\234\225RKO\023Q\024\276\337\334\231\351\213\226\212"
  87      4B4F1351 
  87      14BEDFDC 
  87      99E98B96 
  87      8A
  88 0011 1B172C9A 		.ascii	"\033\027,\232`\322\240\011\343\316\037\200q\353\302"
  88      60D2A009 
  88      E3CE1F80 
  88      71EBC2
  89 0020 1F60800D 		.ascii	"\037`\200\015$$\032\253\353\016}\001\242\0111R\010\016"
  89      24241AAB 
  89      EB0E7D01 
  89      A2093152 
  89      080E
  90 0032 A441ADC6 		.ascii	"\244A\255\306h\324\240b\013B)\012>x\004b\214\257\225"
  90      68D4A062 
  90      0B42290A 
  90      3E780462 
  90      8CAF95
  91 0045 0616040D 		.ascii	"\006\026\004\015D\027h\260x\356\235\026*;n2\347\336"
  91      441768B0 
  91      78EE9D16 
  91      2A3B6E32 
  91      E7DE
  92 0057 7BEE39E7 		.ascii	"{\3569\347\373\346;Gg\214ET\306\216\322~\202>\350\014"
  92      FBE63B47 
  92      678C4554 
  92      C68ED27E 
  92      823EE80C 
  93 006b 4AF73C63 		.ascii	"J\367<cmNEQ\027\274\314t\363\311\034cf\005W\324\276"
  93      6D4E4551 
  93      17BCCC74 
  93      F3C91C63 
  93      660557D4 
  94 0080 2374D536 		.ascii	"#t\3256k\350\246B\263\2434@\034L'XX\341\252\2060.\363"
  94      6BE8A642 
  94      B3A33440 
ARM GAS  /tmp/ccO3U4Ad.s 			page 7


  94      1C4C2758 
  94      58E1AA86 
  95 0097 6B1CF9F6 		.ascii	"k\034\371\366\225\214R{\333\244\225\353\375\245'\314"
  95      958C527B 
  95      DBA495EB 
  95      FDA527CC 
  96 00a7 F8218B33 		.ascii	"\370!\2133\226\244O,\014\243\226\242\026c\017-\336\305"
  96      96A44F2C 
  96      0CA396A2 
  96      16630F2D 
  96      DEC5
  97 00b9 2D0EA874 		.ascii	"-\016\250t\335\230\353\377\346\023W\005\001\272\306"
  97      DD98EBFF 
  97      E6135705 
  97      01BAC6
  98 00c8 177B139C 		.ascii	"\027{\023\234\327\200\321\371\343\372\335/\276\340-"
  98      D780D1F9 
  98      E3FADD2F 
  98      BEE02D
  99 00d7 D38C98B9 		.ascii	"\323\214\230\271\255\033\334<lq\216\247\340T\020OP\215"
  99      AD1BDC3C 
  99      6C718EA7 
  99      E054104F 
  99      508D
 100 00e9 C7A866E4 		.ascii	"\307\250f\344b\030A\220\302\007\012C3\036\036\224\251"
 100      62184190 
 100      C2070A43 
 100      331E1E94 
 100      A9
 101 00fa E971ABA9 		.ascii	"\351q\253\251\2309\233\226\231*\236\355\315T\0312\010"
 101      98399B96 
 101      992A9EED 
 101      CD541932 
 101      08
 102 010b 8AF0AF8F 		.ascii	"\212\360\257\217\012=^]M\225\330\"+D\241\235<\017\226"
 102      0A3D5E5D 
 102      4D95D822 
 102      2B44A19D 
 102      3C0F96
 103 011e B49C59D8 		.ascii	"\264\234Y\330n'\016il\237\254\002ej\012\031\235\013"
 103      6E270E69 
 103      6C9FAC02 
 103      656A0A19 
 103      9D0B
 104 0130 A30AA309 		.ascii	"\243\012\243\011\237.\214C\\\235\302\270\204q\223qx"
 104      9F2E8C43 
 104      5C9DC2B8 
 104      84719371 
 104      78
 105 0141 C4C90B41 		.ascii	"\304\311\013A\323\017\011\311:\010\20544s\254\223+\342"
 105      D30F09C9 
 105      3A088534 
 105      3473AC93 
 105      2BE2
 106 0153 14CDB165 		.ascii	"\024\315\261e\304>M\255\\\327\005x?\367\022\255d<\277"
 106      C43E4DAD 
 106      5CD70578 
ARM GAS  /tmp/ccO3U4Ad.s 			page 8


 106      3FF712AD 
 106      643CBF
 107 0166 E010DA70 		.ascii	"\340\020\332p0\214\022g\261:\351\217\251=\224\260\212"
 107      308C1267 
 107      B13AE98F 
 107      A93D94B0 
 107      8A
 108 0177 48D66547 		.ascii	"H\326eG\203\242\307\362s\323z\012\203m\244\177\300\342"
 108      83A2C7F2 
 108      73D37A0A 
 108      836DA47F 
 108      C0E2
 109 0189 4EAA6127 		.ascii	"N\252a'\011\225\273\256~\200q\337\354\226O.\214!\205"
 109      0995BBAE 
 109      7E8071DF 
 109      EC964F2E 
 109      8C2185
 110 019c 1ED9173C 		.ascii	"\036\331\027<\207!\240?\324\357V\272\227\336\310U\012"
 110      8721A03F 
 110      D4EF56BA 
 110      97DEC855 
 110      0A
 111 01ad 5C172A31 		.ascii	"\\\027*1\276\203\253\262\3541\202]C, \005\242\310Lf"
 111      BE83ABB2 
 111      EC31825D 
 111      432C2005 
 111      A2C84C66 
 112 01c1 EDB323FC 		.ascii	"\355\263#\374\327tZ\334\235\344B\261\011\204Y9u\217"
 112      D7745ADC 
 112      9DE442B1 
 112      09845939 
 112      758F
 113 01d3 EC47F4CF 		.ascii	"\354G\364\317\304O\037\305\321@x\204\312\302\367{\361"
 113      C44F1FC5 
 113      D1407884 
 113      CAC2F77B 
 113      F1
 114 01e4 7B8747F0 		.ascii	"{\207G\360\365[\274\002\2234E\271\"\333\350\315\341"
 114      F55BBC02 
 114      933445B9 
 114      22DBE8CD 
 114      E1
 115 01f5 3828BA4F 		.ascii	"8(\272O\262\365 Ol\355\226L!lq\257d\243\025e#\025\012"
 115      B2F5204F 
 115      6CED964C 
 115      216C71AF 
 115      64A31565 
 116 020c 89E5E336 		.ascii	"\211\345\3436{\245\237\373\313u\341\373\322\305\207"
 116      7BA59FFB 
 116      CB75E1FB 
 116      D2C587
 117 021b 17521708 		.ascii	"\027R\027\010]^\222.\253\210n%`\227Reu^^]\333\247\352"
 117      5D5E922E 
 117      AB886E25 
 117      60975265 
 117      755E5E5D 
 118 0232 D3BBAACF 		.ascii	"\323\273\252\317\330\325\223\245\352\305jK\353\263\003"
ARM GAS  /tmp/ccO3U4Ad.s 			page 9


 118      D8D593A5 
 118      EAC56A4B 
 118      EBB303
 119 0241 1E219B06 		.ascii	"\036!\233\006?^Q\031\212Y/\3058$\011\375?V\204\307\355"
 119      3F5E5119 
 119      8A592FC5 
 119      382409FD 
 119      3F5684C7 
 120 0256 7FDE8D73 		.ascii	"\177\336\215sI\267V\316\324\275/\246\225x-\231*\202"
 120      49B756CE 
 120      D4BD2FA6 
 120      95782D99 
 120      2A82
 121 0268 E91B9BE9 		.ascii	"\351\033\233\351f\251\272G\022q\221/\377\356\222\364"
 121      66A9BA47 
 121      1271912F 
 121      FFEE92F4 
 122 0278 95B7DB2F 		.ascii	"\225\267\333/\333\275\007\352\000\021\300\333\"\324"
 122      DBBD07EA 
 122      0011C0DB 
 122      22D4
 123 0286 FB91EC88 		.ascii	"\373\221\354\210\227\240bm\342\251\012\263\022\2528"
 123      97A0626D 
 123      E2A90AB3 
 123      12AA38
 124 0295 13A38343 		.ascii	"\023\243\203Cw\260\363x\020s0zh\356\210\306<\014\302"
 124      77B0F378 
 124      1073307A 
 124      68EE88C6 
 124      3C0CC2
 125 02a8 663F1049 		.ascii	"f?\020Im_\261\247A\254\016j\026\315\0011\015\324\325"
 125      6D5FB1A7 
 125      41AC0E6A 
 125      16CD0131 
 125      0DD4D5
 126 02bb 19F5CD2D 		.ascii	"\031\365\315-\215-\247N\033gCFsC\253\021:\337$\3663"
 126      8D2DA74E 
 126      1B674346 
 126      7343AB11 
 126      3ADF24F6 
 127 02d0 E71A5AEB 		.ascii	"\347\032Z\353\232\030o\274\030R\033[.\204\376\001>\250"
 127      9A186FBC 
 127      18521B5B 
 127      2E84FE01 
 127      3EA8
 128 02e2 7275     		.ascii	"ru"
 129              		.text
 130              		.section	.gnu.lto_palSetBusMode.9af19d0bc7de768d,"",%progbits
 131 0000 789C9552 		.ascii	"x\234\225R\317KTQ\024\276\337;\357\315\2143:\332\256"
 131      CF4B5451 
 131      14BEDF3B 
 131      EFCD8C33 
 131      3ADAAE
 132 0013 858B0183 		.ascii	"\205\213\001\203\301\002\247\377\301\240e\213\376\200"
 132      C102A7FF 
 132      C1A0658B 
 132      FE80
ARM GAS  /tmp/ccO3U4Ad.s 			page 10


 133 0021 500B140C 		.ascii	"P\013\024\014#i=W\307\031\025\003\245r\024{\310,\324"
 133      23693D57 
 133      C7191503 
 133      A572147B 
 133      C82CD4
 134 0034 288A0AED 		.ascii	"(\212\012\355\307\250\345s,\373A&\272\262_.\212Z\204"
 134      C7A8E573 
 134      2CFB4126 
 134      BAB25F2E 
 134      8A5A84
 135 0047 8AE2A6A2 		.ascii	"\212\342\246\242\254s\356\263\264h\343\205\373\343\334"
 135      AC73EEB3 
 135      B468E385 
 135      FBE3DC
 136 0056 F79DEF7C 		.ascii	"\367\235\357|\367;/\240\224\032 \245\016\361~\204'\002"
 136      F73B2FA0 
 136      941A20A5 
 136      0EF17E84 
 136      2702
 137 0068 0A56CF4B 		.ascii	"\012V\317K\245ZB\226e\317\227(\035\246iO)]L\226\335"
 137      A55A4296 
 137      65CF9728 
 137      1DA6694F 
 137      295D4C96 
 138 007d 7F9043E7 		.ascii	"\177\220C\347K\005G6\034\037\345\000r\320!\250\244E"
 138      4B054736 
 138      1C1FE500 
 138      72D021A8 
 138      A445
 139 008f B68324CE 		.ascii	"\266\203$\316\323%B\241\375S\336\252\274\242yx}\213"
 139      D32542A1 
 139      FD53DEAA 
 139      BCA27978 
 139      7D8B
 140 00a1 C18C4EEF 		.ascii	"\301\214N\357w\271N\226\247\014\214\242\222Q\013m\267"
 140      77B94E96 
 140      A70C8CA2 
 140      92510B6D 
 140      B7
 141 00b2 5CEA2297 		.ascii	"\\\352\"\227\000\233\303\215\271\201\017Q\011-\3048"
 141      009BC38D 
 141      B9810F51 
 141      092DC438 
 142 00c2 4C2FF465 		.ascii	"L/\364e\210*\240\370\374j\375\332\333h|X\353V\355\275"
 142      882AA0F8 
 142      FC6AFDDA 
 142      DB687C58 
 142      EB56EDBD 
 143 00d6 18227DC0 		.ascii	"\030\"}\300%\302]\020\023\342\016\3121\206r\305W\012"
 143      25C25D10 
 143      13E20ECA 
 143      318672C5 
 143      570A
 144 00e8 F71067F8 		.ascii	"\367\020g\370\346\350\360\305\010\305M\352\362\332\330"
 144      E6E8F0C5 
 144      08C54DEA 
 144      F2DAD8
ARM GAS  /tmp/ccO3U4Ad.s 			page 11


 145 00f7 E5F076EA 		.ascii	"\345\360v\352\367a\223j\343\376\277\251\266B\036q\301"
 145      F761936A 
 145      E3FEBFA9 
 145      B6421E71 
 145      C1
 146 0108 BFBFBDD5 		.ascii	"\277\277\275\325[\022\260s\277\345b\\\\\341\235on.:"
 146      5B12B073 
 146      BFE5625C 
 146      5CE19D6F 
 146      6E2E3A
 147 011b 9EDEFAD9 		.ascii	"\236\336\372\331\256\275\225\021\274;Z\014\316t,^\002"
 147      AEBD9511 
 147      BC3B5A0C 
 147      CE742C5E 
 147      02
 148 012c C44BD096 		.ascii	"\304K\320\226\320\221S\020\242$\014C\252:\230\207m\322"
 148      D0915310 
 148      A2240C43 
 148      AA3A9887 
 148      6DD2
 149 013e 9EEA244B 		.ascii	"\236\352$KN)O}D\333\353\231\345\301\200\320\017P\220"
 149      4E294F7D 
 149      44DBEB99 
 149      E5C180D0 
 149      0F5090
 150 0151 0B67D385 		.ascii	"\013g\323\205\371\240<\237\2400\301\252dt\362\243\270"
 150      F9A03C9F 
 150      A030C1AA 
 150      6474F2A3 
 150      B8
 151 0162 039CF019 		.ascii	"\003\234\360\031\255\343E>\032\214\236,\314\315\006"
 151      ADE3453E 
 151      1A8C9E2C 
 151      CCCD06
 152 0171 72186C61 		.ascii	"r\030la\213c.\205\230\303O\022#\273.,!qC\367\230OE\230"
 152      8B632E85 
 152      98C34F12 
 152      23BB2E2C 
 152      217143F7 
 153 0189 440EBDC6 		.ascii	"D\016\275\306z<@BJ/U\3570]\037\331\360J\245n\021J\361"
 153      7A3C4042 
 153      4A2F55EF 
 153      305D1FD9 
 153      F04AA56E 
 154 01a0 F04F5D5B 		.ascii	"\360O][\215\037\346\262+h\213\031\013\030\231\317\257"
 154      8D1FE6B2 
 154      2B688B19 
 154      0B1899CF 
 154      AF
 155 01b1 BC09267F 		.ascii	"\274\011&\177\350\220K\341,\211'SH\252\335\322#\306"
 155      E8904BE1 
 155      2C892753 
 155      48AADDD2 
 155      23C6
 156 01c3 F2D4B7A9 		.ascii	"\362\324\267\251\315(\343\270\347\021\361Q\356\276."
 156      CD28E3B8 
 156      E711F151 
ARM GAS  /tmp/ccO3U4Ad.s 			page 12


 156      EEBE2E
 157 01d2 AC764444 		.ascii	"\254vDDo\231K\305\230\346\037\305\333V\233\032\032M"
 157      6F994BC5 
 157      98E61FC5 
 157      DB569B1A 
 157      1A4D
 158 01e4 83D1FD46 		.ascii	"\203\321\375Fm\004\005V\353\233>\203\244K%F\215\263"
 158      6D040556 
 158      EB9B3E83 
 158      A44B2546 
 158      8DB3
 159 01f6 6D9BB870 		.ascii	"m\233\270pu\225|\365\326\236|\210\342\221\361\001\342"
 159      75957CF5 
 159      D69E7C88 
 159      E291F101 
 159      E2
 160 0207 C363F661 		.ascii	"\303c\366a\227\243\264'\246R\314\032&K\230\236\374\315"
 160      97A3B427 
 160      A652CC1A 
 160      264B989E 
 160      FCCD
 161 0219 64EFB137 		.ascii	"d\357\2617Owz\363\3140\245\3263\360\251\034\326\305"
 161      4F777AF3 
 161      CC30A5D6 
 161      33F0A91C 
 161      D6C5
 162 022b 84DC82CC 		.ascii	"\204\334\202\314\377ZP\226\025\001x\316-`+\014<\354"
 162      FF5A5096 
 162      150178CE 
 162      2D602B0C 
 162      3CEC
 163 023d D23EB586 		.ascii	"\322>\265\206\326\334D\267o\241\214\016~1\233\307\330"
 163      D6DC44B7 
 163      6FA18C0E 
 163      7E319BC7 
 163      D8
 164 024e 585555A2 		.ascii	"XUU\242\272\276\241\266\341\330\361DSs\242\276\2461"
 164      BABEA1B6 
 164      E1D8F144 
 164      5373A2BE 
 164      A631
 165 0260 D17CB64E 		.ascii	"\321|\266N\366\023gj\032\253\352\024\325\236k\266O7"
 165      F613676A 
 165      1AABEA14 
 165      D59E6BB6 
 165      4F37
 166 0272 9D3CF50B 		.ascii	"\235<\365\013\014\0100\333"
 166      0C0830DB 
 167              		.text
 168              		.section	.gnu.lto_.symbol_nodes.9af19d0bc7de768d,"",%progbits
 169 0000 789C55C9 		.ascii	"x\234U\311\315\015\202@\024E\341\363\356\014c\031$V"
 169      CD0D8240 
 169      1445E1F3 
 169      EE0C6319 
 169      2456
 170 0012 8295BD59 		.ascii	"\202\225\275Y\030\326n\350\200&@\374\251`*qc\007\222"
 170      18D66EE8 
ARM GAS  /tmp/ccO3U4Ad.s 			page 13


 170      802640FC 
 170      A9602A71 
 170      630792
 171 0025 111359DC 		.ascii	"\021\023Y\334\234\344~\011\030\326\241I\016\227\002"
 171      9CE47E09 
 171      18D6A149 
 171      0E9702
 172 0034 6BE67C82 		.ascii	"k\346|\202\346&\362\021\202f\271\355\351.\373\322U\256"
 172      E626F211 
 172      8266B9ED 
 172      E92EFBD2 
 172      55AE
 173 0046 3D3DA44A 		.ascii	"==\244J\266\310C%\310\271\003{\312\343\377\021H\234"
 173      B6C84325 
 173      C8B9037B 
 173      CAE3FF11 
 173      489C
 174 0058 DFC582B6 		.ascii	"\337\305\202\266\306_\017\214\375\253\345\003=\356#"
 174      C65F0F8C 
 174      FDABE503 
 174      3DEE23
 175 0067 92       		.ascii	"\222"
 176              		.text
 177              		.section	.gnu.lto_.refs.9af19d0bc7de768d,"",%progbits
 178 0000 789C6363 		.ascii	"x\234cc``\020\000bF\006&F\026F&&f\026F\026&V\026\006"
 178      60601000 
 178      62460626 
 178      46164626 
 178      26661646 
 179 0019 0002EF00 		.ascii	"\000\002\357\000;"
 179      3B
 180              		.text
 181              		.section	.gnu.lto_.decls.9af19d0bc7de768d,"",%progbits
 182 0000 789C9D58 		.ascii	"x\234\235X{P\024G\032\237\236\336\205eY\300\002se]8"
 182      7B501447 
 182      1A9F9EDE 
 182      856559C0 
 182      0273655D 
 183 0015 4F13A27B 		.ascii	"O\023\242{\217\260\202W\311]U\376H\242^L\305\004\017"
 183      8FB08257 
 183      C95D55FE 
 183      48A25E4C 
 183      C5040F
 184 0028 E2A5ACBA 		.ascii	"\342\245\254\272\252\015\001\014\324!X\354rU\376u\003"
 184      AA0D010C 
 184      D42158EC 
 184      7255FE75 
 184      03
 185 0039 BB2ABE82 		.ascii	"\273*\276\202 \032\036\"(J\202\0174\212\010\242\260"
 185      201A1E22 
 185      284A820F 
 185      348A08A2 
 185      B0
 186 004a 2E2A0822 		.ascii	".*\010\"\010\212\242\250\240\021\320(\0014\310K\271"
 186      088AA2A8 
 186      A011D028 
 186      0134C84B 
ARM GAS  /tmp/ccO3U4Ad.s 			page 14


 186      B9
 187 005b AFBB6776 		.ascii	"\257\273gvfWVS\267\345\307Lw\177\375\375~\375=\272{"
 187      66575653 
 187      B7E5C74C 
 187      777FFDFD 
 187      7EFD3DBA 
 188 0070 F4E038CE 		.ascii	"\364\3408\316\362\032\307\335\3479n\004q\334$\374T\320"
 188      F21AC7DD 
 188      E7396E04 
 188      71DC24FC 
 188      54D0
 189 0082 771AC413 		.ascii	"w\032\304\023d\032\364\375\016\304\016\357\263\341\371"
 189      641AF4FD 
 189      0EC40EEF 
 189      B3E1F9
 190 0091 26C89F40 		.ascii	"&\310\237@\376\014B~j\220Px\177\027\344=\220\017@>\002"
 190      FE0C427E 
 190      6A905078 
 190      7F17E43D 
 190      900F403E 
 191 00a6 C1D0FF09 		.ascii	"\301\320\377\011<?\003\371\207\250+\375b\000\313\237"
 191      3C3F03F9 
 191      87A82BFD 
 191      6200CB9F 
 192 00b6 63329D63 		.ascii	"c2\235c\266\011\316rx\216\203\314\005\361\0231\302E"
 192      B609CE72 
 192      788E83CC 
 192      05F11331 
 192      C245
 193 00c8 FC4090F7 		.ascii	"\374@\220\367A\"@>\007\031\003\235:\220e\360N\370j\341"
 193      4122403E 
 193      0719039D 
 193      3A9065F0 
 193      4EF86AE1 
 194 00dc E909D20F 		.ascii	"\351\011\322\017\357\336\360\344E^\204\017\022\271("
 194      EFDEF0E4 
 194      455E840F 
 194      12B928
 195 00eb 7F893CC3 		.ascii	"\177\211<\303\376R\301c\232\270\316\345\"\207q\027\036"
 195      FE52C163 
 195      9AB8CEE5 
 195      22877117 
 195      1E
 196 00fc 64FDB344 		.ascii	"d\375\263D\036\313\\\270t\213|\324\"\027o\221\317Sh"
 196      1ECB5CB8 
 196      748B7CD4 
 196      22176F91 
 196      CF5368
 197 010f DFE4189F 		.ascii	"\337\344\030\237w\025|>s\341\263Z\364\211+\2377_\342"
 197      77157C3E 
 197      73E1B35A 
 197      F4892B9F 
 197      375FE2
 198 0122 1712873F 		.ascii	"\027\022\207?*\374B8\375\023\344\357\242\377%\237x\213"
 198      2AFC4238 
 198      FD13E4EF 
 198      A2FF259F 
ARM GAS  /tmp/ccO3U4Ad.s 			page 15


 198      788B
 199 0134 6D657C08 		.ascii	"me|\010\274k\\\2620\272d=\274\003o\304\310_\213T\320"
 199      BC6B5CB2 
 199      30BA643D 
 199      BC036FC4 
 199      C85F8B54 
 200 0149 1C6CCABD 		.ascii	"\034l\312\275\353\013\315\351Z4\013\232\271UO\032\324"
 200      EB0BCDE9 
 200      5A340B9A 
 200      B9554F1A 
 200      D4
 201 015a 6C5403CD 		.ascii	"lT\003\315\311\342\303\3535\230Gd\342\315\372\222\375"
 201      C9E2C3EB 
 201      35984764 
 201      E2CDFA92 
 201      FD
 202 016b 64E25C2D 		.ascii	"d\342\\-\")\344\007]\207\036V\216\372\260.\242Q\234"
 202      2229E407 
 202      5D871E56 
 202      8EFAB02E 
 202      A2519C
 203 017e 7EFFA106 		.ascii	"~\377\241\006{\322wKs~&\016> \260\237&\214C\225\010"
 203      7BD2774B 
 203      737E260E 
 203      3E20B09F 
 203      268C4395 
 204 0193 4B1C5AD3 		.ascii	"K\034Z\323\207\366x\342yD\221\277\3351\336\351\213\264"
 204      87F678E2 
 204      794491BF 
 204      DD31DEE9 
 204      8BB4
 205 01a5 FA344148 		.ascii	"\3724AH\025\012-\202\327b\016\225\241@t\024\005r\350"
 205      150A2D82 
 205      D7620E95 
 205      A1407414 
 205      0572E8
 206 01b8 14D213E3 		.ascii	"\024\322\023\343'P0\207*\240\3638t\026\023\203\266\333"
 206      27503087 
 206      2AA0F338 
 206      74161383 
 206      B6DB
 207 01ca 4FE766AC 		.ascii	"O\347f\254\023\004\036\235DZT\2050\325\201E\317\325"
 207      13041E9D 
 207      445A5485 
 207      30D58145 
 207      CFD5
 208 01dc 3288923D 		.ascii	"2\210\222=\031\273=\360*\012Q\225w\357,\357\016\302"
 208      19BB3DF0 
 208      2A0A5195 
 208      77EF2CEF 
 208      0EC2
 209 01ee E616A2B9 		.ascii	"\346\026\242\271\340\215sk\010D\015@T\313\020\200\310"
 209      E08D736B 
 209      08440D40 
 209      54CB1080 
 209      C8
 210 01ff 30AC6786 		.ascii	"0\254g\2063|p\021\242 =\243\3262ow \265nA\352J\365\025"
ARM GAS  /tmp/ccO3U4Ad.s 			page 16


 210      337C7011 
 210      A2203DA3 
 210      D6326F77 
 210      20B56E41 
 211 0217 97056116 		.ascii	"\227\005a\026\262\003\310i\031\244F\002\27128\264\335"
 211      B203C869 
 211      19A44602 
 211      B93238B4 
 211      DD
 212 0228 17F75110 		.ascii	"\027\367Q\020G\264\374Y\264\016Ofu\371\340\237\331X"
 212      47B4FC59 
 212      B40E4F66 
 212      75F9E09F 
 212      D958
 213 023a 76EB0F8B 		.ascii	"v\353\017\213\264\200n\371UK\204\011\375\326{]\336\314"
 213      B4806EF9 
 213      554B8409 
 213      FDD67B5D 
 213      DECC
 214 024c D80C68DE 		.ascii	"\330\014h\336I-\253\367\301O\230\261\315Yv\273\012\217"
 214      492DABF7 
 214      C14F98B1 
 214      CD5976BB 
 214      0A8F
 215 025e B146514E 		.ascii	"\261FQN\306:5\236d\215\222\314-\207\2658\205\345D\353"
 215      C63A359E 
 215      648D92CC 
 215      2D87B538 
 215      85E544EB 
 216 0272 C0857C6F 		.ascii	"\300\205|o\226=\323\240yv\362\251\315\217Y\344\011\243"
 216      963DD3A0 
 216      7976F2A9 
 216      CD8F59E4 
 216      09A3
 217 0284 7D57C7BC 		.ascii	"}W\307\274\260\205\251\356\035\033\037 \3513\207\244"
 217      B085A9EE 
 217      1D1B1F20 
 217      E93387A4 
 218 0294 0F5624CF 		.ascii	"\017V$\317\034\226<5\215\347\213ux=U\346Ks'&\374$gn"
 218      1C963C35 
 218      8DE78B75 
 218      783D55E6 
 218      4B732726 
 219 02ac B1086A3D 		.ascii	"\261\010j=\207\232\200\371E\262\234\313\260\2349\342"
 219      879A80F9 
 219      45B29CCB 
 219      B09C39E2 
 220 02bc 722E4167 		.ascii	"r.Ag\213\234\024\307gV\012\3024\324\006\276l\225}9G"
 220      8B9C14C7 
 220      67560AC2 
 220      34D406BE 
 220      6C957D39 
 221 02d1 746575C6 		.ascii	"teu\306\215\036-\316b\020\251-\333\036\273\205\270\352"
 221      8D1E2DCE 
 221      6210A92D 
 221      DB1EBB85 
 221      B8EA
ARM GAS  /tmp/ccO3U4Ad.s 			page 17


 222 02e3 16A2B920 		.ascii	"\026\242\271 \364\014M\212v\300\270\"c\264I\361J\035"
 222      F40C4D8A 
 222      76C0B822 
 222      63B449F1 
 222      4A1D
 223 02f5 D97D5283 		.ascii	"\331}R\203\363)\210j\370\373c\355\276( (H\237Afo\001"
 223      F329886A 
 223      F8FB63ED 
 223      BE282028 
 223      489F4166 
 224 030b 41BC1C19 		.ascii	"A\274\034\031\016u\240\000b\001u\002\340u\024\204n\240"
 224      0E75A000 
 224      62017502 
 224      E0751484 
 224      6EA0
 225 031d 205A24BB 		.ascii	" Z$\273\011+[\363\205yyC?\012\302\006\035\205\273\006"
 225      092B5BF3 
 225      85797943 
 225      3F0AC206 
 225      1D85BB06 
 226 0331 70648283 		.ascii	"pd\202\203\246\201\230\010\011t\350?x=G\260\245b\252"
 226      A6819808 
 226      0974E83F 
 226      783D47B0 
 226      A562AA
 227 0344 DC3CA572 		.ascii	"\334<\245r\023A\025\227r+O\013\225I\2248q\025\254<U"
 227      13411597 
 227      722B4F0B 
 227      95499438 
 227      7115AC3C 
 228 0359 75F69FCA 		.ascii	"u\366\237\312\264((h\272\236\231m\317\363/\262\010\365"
 228      B4282868 
 228      BA9E996D 
 228      CFF32FB2 
 228      08F5
 229 036b F3682134 		.ascii	"\363h!4\202\335\333h\272\234]N$\300\354p\236o\012eA"
 229      82DDDB68 
 229      BA9C5D4E 
 229      24C0EC70 
 229      9E6F0A65 
 230 0380 D02FB8D7 		.ascii	"\320/\270\327\316$\332\220\252\002R)=B\264\211G\272"
 230      CE24DA90 
 230      AA025229 
 230      3D42B489 
 230      47BA
 231 0392 C02337C1 		.ascii	"\300#7\301#\267D\2170\316\027\363f\244\300\014\242\345"
 231      23B7448F 
 231      30CE17F3 
 231      66A4C00C 
 231      A2E5
 232 03a4 4C1A359D 		.ascii	"L\0325\235\310,\363\232\016FS\334\033\345\234,*\362"
 232      C82CF39A 
 232      0E4653DC 
 232      1BE59C2C 
 232      2AF2
 233 03b6 D79FE5AF 		.ascii	"\327\237\345\257\265\366\3121\035\276\306\022\366^\343"
 233      B5F6CA31 
ARM GAS  /tmp/ccO3U4Ad.s 			page 18


 233      1DBEC612 
 233      F65EE3
 234 03c5 A1540DEE 		.ascii	"\241T\015\356d\215\235M\245\215j\334\305\032U\373K["
 234      648D9D4D 
 234      A58D6ADC 
 234      C51A55FB 
 234      4B5B
 235 03d7 79DCC31A 		.ascii	"y\334\303\032\007*\0076\"\334\317\032\203\353\016\231"
 235      072A0736 
 235      22DCCF1A 
 235      83EB0E99 
 236 03e7 F12FEC3D 		.ascii	"\361/\354=\357\361\315\373^\314\266\036\232\351-\005"
 236      EFF1CDFB 
 236      5ECCB61E 
 236      9AE92D05 
 237 03f7 3734AC54 		.ascii	"74\254Tl\2448Fv\375\230\311\343q\252\253\333\324biV"
 237      6CA43846 
 237      76FD98C9 
 237      E371AAAB 
 237      DBD46269 
 238 040c 83C7E117 		.ascii	"\203\307\341\027\020\244'\217\335\202\325\"\330zrE\317"
 238      10A4278F 
 238      DD82D522 
 238      D87A7245 
 238      CF
 239 041d D781E77B 		.ascii	"\327\201\347{\301\227\203\340Sg_\226!\346z\242n\177"
 239      C19783E0 
 239      53675F96 
 239      21E67AA2 
 239      6E7F
 240 042f 3D57B059 		.ascii	"=W\260Y1\325\276\353\252}\007\271\252\217\375VV\377"
 240      31D5BEEB 
 240      AA7D07B9 
 240      AA8FFD56 
 240      56FF
 241 0441 716AF510 		.ascii	"qj\365\020Y{H\241}\317U\373\330\013\306\355\201\262"
 241      597B48A1 
 241      7DCF55FB 
 241      D80BC6ED 
 241      81B2
 242 0453 FA7957F5 		.ascii	"\372yW\365z\205\272\\\031\020\262\007\240q\237\016\016"
 242      7A85BA5C 
 242      1910B207 
 242      A0719F0E 
 242      0E
 243 0464 8A95F118 		.ascii	"\212\225\361\030\362\340\011D\355!\3100\310\317 \375"
 243      F2E00944 
 243      ED21C830 
 243      C8CF20FD 
 244 0474 208F409E 		.ascii	" \217@\236\202\014\200\014\201\374\342\250\034\202\336"
 244      820C800C 
 244      81FCE2A8 
 244      1C82DE
 245 0483 A0403FE7 		.ascii	"\240@?\347\212~V^\232\230U\271\3764\253\006\235K\201"
 245      8A7E565E 
 245      9A9855B9 
 245      FE34AB06 
ARM GAS  /tmp/ccO3U4Ad.s 			page 19


 245      9D4B81
 246 0496 99BAA58C 		.ascii	"\231\272\245\214A\337\2241Px\251U\001\374\323\324\300"
 246      41DF9431 
 246      5078A955 
 246      01FCD3D4 
 246      C0
 247 04a7 4A2F3D50 		.ascii	"J/=P8\265gj\247J\306\241\250\236\347i\231z7\344s\303"
 247      38B5676A 
 247      A74AC6A1 
 247      A89EE769 
 247      997A37E4 
 248 04bd D44EA5EA 		.ascii	"\324N\245\352\220_\266\246\22125\0260\335\354\252\313"
 248      905FB6A6 
 248      91323516 
 248      30DDECAA 
 248      CB
 249 04ce F79EF244 		.ascii	"\367\236\362D\372\000\261\360wx\220\302\037\203\311"
 249      FA00B1F0 
 249      777890C2 
 249      1F83C9
 250 04dd 23F20E46 		.ascii	"#\362\016F\026\357&\032h\024\202\360\377\006\004\270"
 250      16EF261A 
 250      681482F0 
 250      FF0604B8 
 251 04ed E497960E 		.ascii	"\344\227\226\016b\335\006\307\311H\241\345\352\034G"
 251      62DD06C7 
 251      C948A1E5 
 251      EA1C47
 252 04fc 3A9104E8 		.ascii	":\221\004\350\036_\237\335\353\20373\336\327\372\252"
 252      1E5F9FDD 
 252      EB833733 
 252      DED7FAAA 
 253 050c 1F79229D 		.ascii	"\037y\"\235\336\315T\364\034\270\310\263\245\0235\250"
 253      DECD54F4 
 253      1CB8C8B3 
 253      A51335A8 
 254 051c 6A809CA8 		.ascii	"j\200\234\250\317``B^\037\3501\204\361\276\254\016\304"
 254      CF606042 
 254      5E1FE831 
 254      84F1BEAC 
 254      0EC4
 255 052e 0A534736 		.ascii	"\012SG6\354\252\216\014?V\230]d\370\311\326\353\267"
 255      ECAA8E0C 
 255      3F56985D 
 255      64F8C9D6 
 255      EBB7
 256 0540 7D713676 		.ascii	"}q6v\272\364,\177\361\322\263\234\235[\017[\232\333"
 256      BAF42C7F 
 256      F1D2B39C 
 256      9D5B0F5B 
 256      9ADB
 257 0552 102E607C 		.ascii	"\020.`|\257\017]\302\356\356\000ky=\231C\267!\013\037"
 257      AF0F5DC2 
 257      EEEE006B 
 257      793D9943 
 257      B7210B1F 
 258 0566 885279E9 		.ascii	"\210Ry\351L\351}\024:L\3572kx-\262\362\016\306\313\331"
ARM GAS  /tmp/ccO3U4Ad.s 			page 20


 258      4CE97D14 
 258      3A4CEF32 
 258      6B782DB2 
 258      F20EC6CB 
 259 057b 91A23E58 		.ascii	"\221\242>X\320\260\026v\207\000=\331\026\350\2710\026"
 259      D0B01676 
 259      87003DD9 
 259      16E8B930 
 259      16
 260 058c 7468A84F 		.ascii	"th\250O\0202ut\221g`\221i\374\224I\351\024N\001P'\251"
 260      10327574 
 260      91676091 
 260      69FC9449 
 260      E9144E01 
 261 05a3 C7893689 		.ascii	"\307\2116\211\345z\340\264\216\017B\033A6\360\312\215"
 261      E57AE0B4 
 261      8E0F421B 
 261      4136F0CA 
 261      8D
 262 05b4 B6BF9495 		.ascii	"\266\277\224\225\004h:\227\004\301\277U!\226\004!\234"
 262      04683A97 
 262      04C1BF55 
 262      21960421 
 262      9C
 263 05c5 C2BBA03B 		.ascii	"\302\273\240;\245-Q\0373\260\254%W\234\362)\271\262"
 263      A52D511F 
 263      33B0AC25 
 263      579CF229 
 263      B9B2
 264 05d7 92006F8E 		.ascii	"\222\000o\216\226<~\202\3610\363f]\332\304n-\012\320"
 264      963C7E82 
 264      F130F366 
 264      5DDAC46E 
 264      2D0AD0
 265 05ea 4FB908F4 		.ascii	"O\271\010\364\015p\177\365:z*h\256o\006\305M\262g\311"
 265      0D707FF5 
 265      3A7A2A68 
 265      AE6F06C5 
 265      4DB267C9 
 266 05fe AA28DEE4 		.ascii	"\252(\336\344\370\371\012>@\004Hs\013\300\275`\035\346"
 266      F8F90A3E 
 266      40044873 
 266      0BC0BD60 
 266      1DE6
 267 0610 56F4150D 		.ascii	"V\364\025\015h\224Y\235\316+\263z\013O\362\215>A\371"
 267      6894599D 
 267      CE2BB37A 
 267      0B4FF28D 
 267      3E41F9
 268 0623 D940CB33 		.ascii	"\331@\3133\035K:-\311\301\372\265\005\210\334\326\004"
 268      1D4B3A2D 
 268      C9C1FAB5 
 268      0588DCD6 
 268      04
 269 0634 712EF4CB 		.ascii	"q.\364\313S3y\210<x\006e\360\364\246v\265\303Z)f\254"
 269      53337988 
 269      3C780665 
ARM GAS  /tmp/ccO3U4Ad.s 			page 21


 269      F0F4A676 
 269      B5C35A29 
 270 064a 372991EE 		.ascii	"7)\221\356m5^,c\257\321+\342\310\2511\035\236\240NS"
 270      6D355E2C 
 270      63AFD12B 
 270      E2C8A931 
 270      1D9EA04E 
 271 065f 1DB0EC1B 		.ascii	"\035\260\354\033P!} \002kH[,]\3009\224\003\261\332\306"
 271      50217D20 
 271      026B485B 
 271      2C5DC039 
 271      9403B1DA 
 272 0674 63E95320 		.ascii	"c\351S \027\226+\014\374\227t\303\273\206>i\336\012"
 272      17962B0C 
 272      FC9774C3 
 272      BB863E69 
 272      DE0A
 273 0686 45029EC1 		.ascii	"E\002\236\301\241\371\201h\0368a;8!\207\322\311\006"
 273      A1F98168 
 273      1E38613B 
 273      382187D2 
 273      C906
 274 0698 BF7CCBF8 		.ascii	"\277|\313\370T7\266v\370\372o\021\303\362>\242\266\263"
 274      5437B676 
 274      F8FA6F11 
 274      C3F23EA2 
 274      B6B3
 275 06aa 607C2B4F 		.ascii	"`|+O\350\347\362\376\322\"\210\366\017;\352G\275\264"
 275      E8E7F2FE 
 275      D22288F6 
 275      0F3BEA47 
 275      BDB4
 276 06bc A2EDB457 		.ascii	"\242\355\264W\331\276|k\323\002\245\351\274\227\231"
 276      D9BE7C6B 
 276      D302A5E9 
 276      BC9799
 277 06cb CE3FFFFD 		.ascii	"\316?\377\375\277\224\021\330\301\373+\334\230/F \237"
 277      BF9411D8 
 277      C1FB2BDC 
 277      982F4620 
 277      9F
 278 06dc 46C072A0 		.ascii	"F\300r\240\272\\\355\326\345;%\227oe4\372\037\026\357"
 278      BA5CEDD6 
 278      E53B2597 
 278      6F6534FA 
 278      1F16EF
 279 06ef 57BB2E51 		.ascii	"W\273.Q.\240\002\312c\247\304\243\374\\\316/ZW\326\356"
 279      2EA002CA 
 279      63A7C4A3 
 279      FC5CCE2F 
 279      5A57D6EE 
 280 0703 B50BCBBE 		.ascii	"\265\013\313\276AJ\332\205N\264w\211\264wQ\332\373\232"
 280      414ADA85 
 280      4EB47789 
 280      B47751DA 
 280      FB9A
 281 0715 4A265438 		.ascii	"J&T8EE+b\370Lo\221\306\335\006\263\207w\377\221\361"
ARM GAS  /tmp/ccO3U4Ad.s 			page 22


 281      45452B62 
 281      F84C6F91 
 281      C6DD06B3 
 281      8777FF91 
 282 072a 1EFBC828 		.ascii	"\036\373\310(\002Z\273y\227\217\014\322Kn\371\017*k"
 282      025ABB79 
 282      978F0CD2 
 282      4B6EF90F 
 282      2A6B
 283 073c C54F3F1F 		.ascii	"\305O?\037h\036\261\357\351\367r\353\256b\311]{\231"
 283      681EB1EF 
 283      E9F772EB 
 283      AE62C95D 
 283      7B99
 284 074e BB9E75A6 		.ascii	"\273\236u\246<\347\331d_RV\367;\212\304\014\035 \303"
 284      3CE7D964 
 284      5F5256F7 
 284      3B8AC40C 
 284      1D20C3
 285 0761 82E5698F 		.ascii	"\202\345i\217\316\325\233\337\203\177\276\243Q-\241"
 285      CED59BDF 
 285      837FBEA3 
 285      512DA1
 286 0770 FE2996FC 		.ascii	"\376)\226\374\363\235\335Z\365\2027\335j\237i\251\032"
 286      F39DDD5A 
 286      F58237DD 
 286      6A9F69A9 
 286      1A
 287 0781 E795DEDC 		.ascii	"\347\225\336\334\347\344\315\375\2427\367So\256]S\365"
 287      E7E4CDFD 
 287      A237F753 
 287      6FAE5D53 
 287      F5
 288 0792 1C6B45F7 		.ascii	"\034kE\367\245\275r\177F\007\250kz\213Z\322\341\016"
 288      A5BD727F 
 288      4607A86B 
 288      7A8B5AD2 
 288      E10E
 289 07a4 79937CC1 		.ascii	"y\223|\301\242i\264|\020b\177\341I\204\266'\245\037"
 289      A269B47C 
 289      10627FE1 
 289      4984B627 
 289      A51F
 290 07b6 62FDD0CB 		.ascii	"b\375\320\313\223a\372)\216$]\351'\365p\274h\203\227"
 290      9361FA29 
 290      8E245DE9 
 290      27F570BC 
 290      688397
 291 07c9 ECD27F48 		.ascii	"\354\322\177H\374\207\024"
 291      FC8714
 292 07d0 56D93883 		.ascii	"V\3318\203s\230a\372\214\017'\301\211c\274\204\3039"
 292      739861FA 
 292      8C0F27C1 
 292      8963BC84 
 292      C339
 293 07e2 4143DB95 		.ascii	"AC\333\225\253\363(r\330b\377\257A\374\3346\332\331"
 293      ABF32872 
ARM GAS  /tmp/ccO3U4Ad.s 			page 23


 293      D862FFAF 
 293      41FCDC36 
 293      DAD9
 294 07f4 EAD705B7 		.ascii	"\352\327\005\267g8\230|\271-\232\004z\374u\267\236|"
 294      6738987C 
 294      B92D9A04 
 294      7AFC75B7 
 294      9E7C
 295 0806 A6C11B68 		.ascii	"\246\301\033hz\242\213\275\005\355H\305\263M\017%\250"
 295      7AA28BBD 
 295      05ED48C5 
 295      B34D0F25 
 295      A8
 296 0817 68895E2A 		.ascii	"h\211^*i\327\314\330N\203i\021\246\361\364\024\220>"
 296      69D7CCD8 
 296      4E836911 
 296      A6F1F414 
 296      903E
 297 0829 4A38F403 		.ascii	"J8\364\003?\003\376\036\346U\014\244\354\360\304C\325"
 297      3F03FE1E 
 297      E6550CA4 
 297      ECF0C443 
 297      D5
 298 083a 1B854261 		.ascii	"\033\205Ba\227`\373y\003^_\273n\263P\210\336'j\350\220"
 298      9760FB79 
 298      035E5FBB 
 298      6EB35088 
 298      DE276AE8 
 299 084f 9CB887C8 		.ascii	"\234\270\207\310>\206J\371.\204\016\362\267\201\321"
 299      3E864AF9 
 299      2E840EF2 
 299      B781D1
 300 085e 11FE0D92 		.ascii	"\021\376\015\2228\331\226Fo\\\316\310\254\255k\263{"
 300      38D99646 
 300      6F5CCEC8 
 300      ACAD6BB3 
 300      7B
 301 086f 52320491 		.ascii	"R2\004\221\221\351\275\336}\326\303A\260\214\247\235"
 301      91E9BDDE 
 301      7DD6C341 
 301      B08CA79D 
 302 087f 13FB872F 		.ascii	"\023\373\207/\253\224\014\277\374\215\202`9%xL\"x\247"
 302      AB940CBF 
 302      FC8D8260 
 302      3925784C 
 302      2278A7
 303 0892 E4F969AD 		.ascii	"\344\371i\255H\260=O\007\007\033\354jpt\203\032:*\023"
 303      48B03D4F 
 303      07071BEC 
 303      6A707483 
 303      1A3A2A13 
 304 08a6 3CEA4AF0 		.ascii	"<\352J\3608%\370\354\326\335!\036\333\031\301\343\365"
 304      3825F8EC 
 304      D6DD211E 
 304      DB19C1E3 
 304      F5
 305 08b7 35695A4A 		.ascii	"5iZJ\206\224%#\370\355\301\302b\235\203`%#8\264\346"
ARM GAS  /tmp/ccO3U4Ad.s 			page 24


 305      86942523 
 305      F8EDC1C2 
 305      629D8360 
 305      252338B4 
 306 08cc D490CE2D 		.ascii	"\324\220\316-\301*J\360\204D\260;\325j\361\025\0116"
 306      C12A4AF0 
 306      8444B03B 
 306      D56AF115 
 306      0936
 307 08de CC74F003 		.ascii	"\314t\360\003-T!\363\253p\345w\222\362\263\015\354\311"
 307      2D5421F3 
 307      AB70E577 
 307      92F2B30D 
 307      ECC9
 308 08f0 C6B885F1 		.ascii	"\306\270\205\361\353\036\231<\243S\026\026)C\271\260"
 308      EB1E993C 
 308      A3531616 
 308      2943B9B0 
 309 0900 AA596181 		.ascii	"\252Ya\201bs\343\266\355~\224t\265#\354\223\226\234"
 309      6273E3B6 
 309      ED7E9474 
 309      B523EC93 
 309      969C
 310 0912 61B55BCE 		.ascii	"a\265[\3166\312\271F\342\234\322\326~\036\001\347.\330"
 310      36CAB946 
 310      E29CD2D6 
 310      7E1E01E7 
 310      2ED8
 311 0924 ABAEE6E1 		.ascii	"\253\256\346\341F\313\332\315\302.D\325\320)\231\364"
 311      46CBDACD 
 311      C22E44D5 
 311      D02999F4 
 312 0934 29F1F442 		.ascii	")\361\364B\247)\331G{-[\375\360\250{gN\346|S\344\341"
 312      A729D947 
 312      7B2D5BFD 
 312      F0A87B67 
 312      4EE67C53 
 313 094a C8805AE6 		.ascii	"\310\200Z\346\314\013\327\317\035d\212\364\352\304:"
 313      CC0BD7CF 
 313      1D648AF4 
 313      EAC43A
 314 0959 53FAC67E 		.ascii	"S\372\306~\362p\313\366\034e{Vb\373\355\266\321\203"
 314      F270CBF6 
 314      1C657B56 
 314      62FBEDB6 
 314      D183
 315 096b 6A916D6D 		.ascii	"j\221mmi\320D\231`U\023\035d\227\251\332%\252u\224j"
 315      69D04499 
 315      6055131D 
 315      6497A9DA 
 315      25AA7594 
 316 0980 4F41F5A8 		.ascii	"OA\365\250\327\354tu\001\034\264pFQ\357n\232\274\352"
 316      D7EC7475 
 316      011CB470 
 316      4651EF6E 
 316      9ABCEA
 317 0993 87F3D494 		.ascii	"\207\363\324\224\375\256\246\307\333\265\270\2045\006"
ARM GAS  /tmp/ccO3U4Ad.s 			page 25


 317      FDAEA6C7 
 317      DBB5B884 
 317      3506
 318 09a1 6B4E5855 		.ascii	"kNXUo\025\011-6Z\003\033\357Z\205\224L\270\212\221\303"
 318      6F15092D 
 318      365A031B 
 318      EF5A8594 
 318      4CB88A91 
 319 09b6 AD012020 		.ascii	"\255\001  \327\025'\342y\350\251\347gs\250\221\177\213"
 319      D71527E2 
 319      79E8A9E7 
 319      6773A891 
 319      7F8B
 320 09c8 7CA8A6EF 		.ascii	"|\250\246\357<\242\235}\204\"\0252\244\033\307G\332"
 320      3CA29D7D 
 320      84221532 
 320      A41BC747 
 320      DA
 321 09d9 35B88619 		.ascii	"5\270\206\031\357\334e\215\020m\337y=\245\320f\235E"
 321      EFDC658D 
 321      106DDF79 
 321      3DA5D066 
 321      9D45
 322 09eb 4F1F6217 		.ascii	"O\037b\027RTqf5A\317\005b\367\"\265\333\2715\247\301"
 322      52547166 
 322      3541CF05 
 322      62F722B5 
 322      DBB935A7 
 323 0a00 6F7613B5 		.ascii	"ov\023\265\273\217\331]_\320r\024\341Nf7\253m$\323S"
 323      BB8FD95D 
 323      5FD07214 
 323      E14E6637 
 323      AB6D24D3 
 324 0a15 347C7D26 		.ascii	"4|}&3\274O4\014\271\245\330\276[\240\247\231\030\276"
 324      33BC4F34 
 324      0CB9A5D8 
 324      BE5BA0A7 
 324      9918BE
 325 0a28 440DA7DA 		.ascii	"D\015\247\332[\262\235nQ$\350r\226\265\212\333w+\335"
 325      5BB29D6E 
 325      5124E872 
 325      96B58ADB 
 325      772BDD
 326 0a3b BE4F164F 		.ascii	"\276O\026O<\367\223\224\323^\362!\201\332\250\376\261"
 326      3CF79394 
 326      D35EF221 
 326      81DAA8FE 
 326      B1
 327 0a4c 9EB45A95 		.ascii	"\236\264Z\225;}\227\257\007t\231NI\251\334\261]=\365"
 327      3B7D97AF 
 327      0774994E 
 327      49A9DCB1 
 327      5D3DF5
 328 0a5f 0931D5FF 		.ascii	"\0111\325\377\342\241+\354\360\374\256\274\315\351\020"
 328      E2A12BEC 
 328      F0FCAEBC 
 328      CDE910
ARM GAS  /tmp/ccO3U4Ad.s 			page 26


 329 0a6e 3AE7B48A 		.ascii	":\347\264\212vq\025\344\251Z\031i\372\367\357\203\203"
 329      767115E4 
 329      A95A1969 
 329      FAF7EF83 
 329      83
 330 0a7f 0D0B62E3 		.ascii	"\015\013b\343\276\212\013\2130$\232\014\261\221\361"
 330      BE8A0B8B 
 330      30249A0C 
 330      B191F1
 331 0a8e 06535214 		.ascii	"\006SR\024y\032WE\306\007Gi>\372l\331\254\005!!\234"
 331      791A5745 
 331      C6074769 
 331      3EFA6CD9 
 331      AC052121 
 332 0aa3 D6684C8E 		.ascii	"\326hL\216K0\317\0175\232\377bH6%\031\"\223V\276\235"
 332      4B30CF0F 
 332      359AFF62 
 332      48362519 
 332      229356BE 
 333 0ab8 909810F3 		.ascii	"\220\230\020\363vL\344Wq\206\270\204\250\370\344\350"
 333      764CE457 
 333      7186B884 
 333      A8F8E4E8 
 334 0ac8 18C3CAC8 		.ascii	"\030\303\312\310\250\330\270\204\030\2031:fEdr\274\331"
 334      A8D8B884 
 334      1883313A 
 334      66456472 
 334      BCD9
 335 0ada 685EBD2A 		.ascii	"h^\275*\306\024\034\313i\244\331\177x\311l\323j\223"
 335      C6141CCB 
 335      69A4D97F 
 335      78C96CD3 
 335      6A93
 336 0aec C1683247 		.ascii	"\301h2G\203*L\321\305%\256JL2\023\232F\363\273/\022"
 336      832A4CD1 
 336      C525AE4A 
 336      4C32139A 
 336      46F3BB2F 
 337 0b01 25832643 		.ascii	"%\203&C\304\347\237\316\0175,Y\262\320\360\321\322\217"
 337      C4E79FCE 
 337      0F352C59 
 337      B2D0F0D1 
 337      D28F
 338 0b13 C3FE132A 		.ascii	"\303\376\023*q7\306\307G\203\021\017\242\025\027\255"
 338      7137C6C7 
 338      4783110F 
 338      A21517AD 
 339 0b23 FAE0EFE1 		.ascii	"\372\340\357\341K\324K\302\026|\022\256\3720\"<\034"
 339      4BD44BC2 
 339      167C12AE 
 339      FA30223C 
 339      1C
 340 0b34 7D8116AB 		.ascii	"}\201\026\253\243\342c\"\223\304\205\205\274c4k\244"
 340      A3E26322 
 340      93C48585 
 340      BC63346B 
 340      A4
ARM GAS  /tmp/ccO3U4Ad.s 			page 27


 341 0b45 176C8A31 		.ascii	"\027l\2121\277\363\253\001M\346\225\260\260\257W\305"
 341      BFF3AB01 
 341      4DE695B0 
 341      B0AF57C5 
 342 0b55 25021E0E 		.ascii	"%\002\036\016[\030\216?^\030\256^\272l\351\302p\317"
 342      5B188E3F 
 342      5E18AE5E 
 342      BA6CE9C2 
 342      70CF
 343 0b67 B088A58B 		.ascii	"\260\210\245\213\026-\014\367\010\373|\371\322E\341"
 343      162D0CF7 
 343      08FB7CF9 
 343      D245E1
 344 0b76 EA4FC316 		.ascii	"\352O\303\026.\012'\\\026\353\344YF\263\226\2554.\332"
 344      2E0A275C 
 344      16EBE459 
 344      46B396AD 
 344      342EDA
 345 0b89 68F6485C 		.ascii	"h\366H\\\261\002\320u\204\212qE\244\311\374W\2439\350"
 345      B102D075 
 345      848A7145 
 345      A4C9FC57 
 345      A339E8
 346 0b9c 652E93BC 		.ascii	"e.\223\274\025\364\"_IG\212f,\247\3768\354\303d\223"
 346      15F4225F 
 346      49478A66 
 346      2CA7FE38 
 346      ECC36493 
 347 0bb0 2A2A3632 		.ascii	"**62I\023\227\27021:\006\300a(<&2\032\006f\275\"\033"
 347      491397B8 
 347      32313A06 
 347      C061283C 
 347      26321A06 
 348 0bc8 386F787C 		.ascii	"8ox|\221\024g\216\001e\037x\217\2101\303\333\247`\307"
 348      9114678E 
 348      01651F78 
 348      8F8831C3 
 348      DBA760C7 
 349 0bdc 2B2A3662 		.ascii	"+*6b\265iqd\274y\246\263\221$\263\203GT,PxM\012\216"
 349      B5697164 
 349      BC79A6B3 
 349      9124B383 
 349      47542C50 
 350 0bf4 1196F975 		.ascii	"\021\226\371uRb\362*B\303[&\301\371\030\215+\222\023"
 350      5262F22A 
 350      42C35B26 
 350      C1F9188D 
 350      2B9213
 351 0c07 A28CC6E0 		.ascii	"\242\214\306\340\277\315\013\015\321H-\235\002\333Y"
 351      BFCD0B0D 
 351      D1482D9D 
 351      02DB59
 352 0c16 E71D5F27 		.ascii	"\347\035_'*N\203\363C\376\007)J\006\353"
 352      2A4E83F3 
 352      43FE0729 
 352      4A06EB
 353              		.text
ARM GAS  /tmp/ccO3U4Ad.s 			page 28


 354              		.section	.gnu.lto_.symtab.9af19d0bc7de768d,"",%progbits
 355 0000 70616C52 		.ascii	"palReadBus\000"
 355      65616442 
 355      757300
 356 000b 00       		.ascii	"\000"
 357 000c 00       		.ascii	"\000"
 358 000d 00       		.ascii	"\000"
 359 000e 00000000 		.ascii	"\000\000\000\000\000\000\000\000"
 359      00000000 
 360 0016 32010000 		.ascii	"2\001\000\000"
 361 001a 70616C57 		.ascii	"palWriteBus\000"
 361      72697465 
 361      42757300 
 362 0026 00       		.ascii	"\000"
 363 0027 00       		.ascii	"\000"
 364 0028 00       		.ascii	"\000"
 365 0029 00000000 		.ascii	"\000\000\000\000\000\000\000\000"
 365      00000000 
 366 0031 37010000 		.ascii	"7\001\000\000"
 367 0035 70616C53 		.ascii	"palSetBusMode\000"
 367      65744275 
 367      734D6F64 
 367      6500
 368 0043 00       		.ascii	"\000"
 369 0044 00       		.ascii	"\000"
 370 0045 00       		.ascii	"\000"
 371 0046 00000000 		.ascii	"\000\000\000\000\000\000\000\000"
 371      00000000 
 372 004e 3C010000 		.ascii	"<\001\000\000"
 373 0052 63685379 		.ascii	"chSysHalt\000"
 373      7348616C 
 373      7400
 374 005c 00       		.ascii	"\000"
 375 005d 02       		.ascii	"\002"
 376 005e 00       		.ascii	"\000"
 377 005f 00000000 		.ascii	"\000\000\000\000\000\000\000\000"
 377      00000000 
 378 0067 41010000 		.ascii	"A\001\000\000"
 379 006b 5F70616C 		.ascii	"_pal_lld_setgroupmode\000"
 379      5F6C6C64 
 379      5F736574 
 379      67726F75 
 379      706D6F64 
 380 0081 00       		.ascii	"\000"
 381 0082 02       		.ascii	"\002"
 382 0083 00       		.ascii	"\000"
 383 0084 00000000 		.ascii	"\000\000\000\000\000\000\000\000"
 383      00000000 
 384 008c 47010000 		.ascii	"G\001\000\000"
 385              		.text
 386              		.section	.gnu.lto_.opts,"",%progbits
 387 0000 272D666D 		.ascii	"'-fmath-errno' '-fsigned-zeros' '-ftrapping-math' '"
 387      6174682D 
 387      6572726E 
 387      6F272027 
 387      2D667369 
 388 0033 2D666E6F 		.ascii	"-fno-trapv' '-fno-openmp' '-fno-openacc' '-mcpu=cor"
ARM GAS  /tmp/ccO3U4Ad.s 			page 29


 388      2D747261 
 388      70762720 
 388      272D666E 
 388      6F2D6F70 
 389 0066 7465782D 		.ascii	"tex-m4' '-mfloat-abi=hard' '-mfpu=fpv4-sp-d16' '-mn"
 389      6D342720 
 389      272D6D66 
 389      6C6F6174 
 389      2D616269 
 390 0099 6F2D7468 		.ascii	"o-thumb-interwork' '-mthumb' '-O3' '-fomit-frame-po"
 390      756D622D 
 390      696E7465 
 390      72776F72 
 390      6B272027 
 391 00cc 696E7465 		.ascii	"inter' '-falign-functions=16' '-ffunction-sections'"
 391      72272027 
 391      2D66616C 
 391      69676E2D 
 391      66756E63 
 392 00ff 20272D66 		.ascii	" '-fdata-sections' '-fno-common' '-flto'\000"
 392      64617461 
 392      2D736563 
 392      74696F6E 
 392      73272027 
 393              		.text
 394              		.comm	__gnu_lto_v1,1,1
 395              		.comm	__gnu_lto_slim,1,1
 396              		.ident	"GCC: (GNU Tools for Arm Embedded Processors 7-2018-q3-update) 7.3.1 20180622 (release) [AR
ARM GAS  /tmp/ccO3U4Ad.s 			page 30


DEFINED SYMBOLS
                            *ABS*:0000000000000000 hal_pal.c
                            *COM*:0000000000000001 __gnu_lto_v1
                            *COM*:0000000000000001 __gnu_lto_slim

NO UNDEFINED SYMBOLS
