ARM GAS  /tmp/ccYMBrZM.s 			page 1


   1              		.cpu cortex-m4
   2              		.eabi_attribute 27, 1
   3              		.eabi_attribute 28, 1
   4              		.eabi_attribute 20, 1
   5              		.eabi_attribute 21, 1
   6              		.eabi_attribute 23, 3
   7              		.eabi_attribute 24, 1
   8              		.eabi_attribute 25, 1
   9              		.eabi_attribute 26, 1
  10              		.eabi_attribute 30, 2
  11              		.eabi_attribute 34, 1
  12              		.eabi_attribute 18, 4
  13              		.file	"hal_lld.c"
  14              		.section	.gnu.lto_.profile.6aca4b1f982f9a3b,"",%progbits
  15 0000 789C6363 		.ascii	"x\234cc```\001bF\206\362H\000\001\277\000\334"
  15      60606001 
  15      624686F2 
  15      480001BF 
  15      00DC
  16              		.text
  17              		.section	.gnu.lto_.icf.6aca4b1f982f9a3b,"",%progbits
  18 0000 789C6363 		.ascii	"x\234cc``\220b@\000\026\206\275\223\227\317ed|\374\374"
  18      60609062 
  18      40001686 
  18      BD9397CF 
  18      65647CFC 
  19 0015 CF2A2EA6 		.ascii	"\317*.\246\2157\026}\347f\276r}\373a&\006\000\250\272"
  19      8D37167D 
  19      E766BE72 
  19      7DFB6126 
  19      0600A8BA 
  20 0029 0C8E     		.ascii	"\014\216"
  21              		.text
  22              		.section	.gnu.lto_.jmpfuncs.6aca4b1f982f9a3b,"",%progbits
  23 0000 789C6363 		.ascii	"x\234cc``\340c@\000f f\004\263\230\200\030\000\002z"
  23      6060E063 
  23      40006620 
  23      6604B398 
  23      80180002 
  24 0015 001B     		.ascii	"\000\033"
  25              		.text
  26              		.section	.gnu.lto_.inline.6aca4b1f982f9a3b,"",%progbits
  27 0000 789C6363 		.ascii	"x\234cc``\360c@\000f\006\0061!F\006&\265\011\237\031"
  27      6060F063 
  27      40006606 
  27      06312146 
  27      0626B509 
  28 0016 19D816C8 		.ascii	"\031\330\026\3103\201\004\031\031$\215Ab\037V0!\304"
  28      33810419 
  28      19248D41 
  28      621F5630 
  28      21C4
  29 0028 B8500826 		.ascii	"\270P\010&\006\203\005\214@5Q\017V\012\303\3250\000"
  29      0683058C 
  29      4035510F 
  29      560AC3D5 
  29      3000
ARM GAS  /tmp/ccYMBrZM.s 			page 2


  30 003a 008A9309 		.ascii	"\000\212\223\011\177"
  30      7F
  31              		.text
  32              		.section	.gnu.lto_.pureconst.6aca4b1f982f9a3b,"",%progbits
  33 0000 789C6363 		.ascii	"x\234cc```\007bf\006)F)&)\000\001\275\000b"
  33      60606007 
  33      62660629 
  33      46292629 
  33      0001BD00 
  34              		.text
  35              		.section	.gnu.lto_hal_lld_backup_domain_init.6aca4b1f982f9a3b,"",%progbits
  36 0000 789C9D52 		.ascii	"x\234\235RKL\024A\020\255\232\356\231\375DN^\224p0\361"
  36      4B4C1441 
  36      10AD9AEE 
  36      99FD444E 
  36      5E947030 
  37 0015 04879D84 		.ascii	"\004\207\235\204E\217^L\270\021\017x5F\364\000\311&"
  37      458F5E4C 
  37      B8110F78 
  37      3546F400 
  37      C926
  38 0027 18F1C0C1 		.ascii	"\030\361\300\301\204^Y`\361\223\030#\237\350F\307D\242"
  38      845E5960 
  38      F1931823 
  38      9FE846C7 
  38      44A2
  39 0039 106543C0 		.ascii	"\020eC\300\317\242\310\262\370Y?\200\"'\360`\004\015"
  39      CFA2C8B2 
  39      F8593F80 
  39      2227F060 
  39      040D
  40 004b 8A7A1123 		.ascii	"\212z\021#$\002Vw\017\014r\221\245\223\256\351\251\256"
  40      24025677 
  40      0F0C7291 
  40      A593AEE9 
  40      A9AE
  41 005d BCF7EA75 		.ascii	"\274\367\352uY\000\260\323\004(\241o\031m\364\001\032"
  41      5900B0D3 
  41      0428A16F 
  41      196DF401 
  41      1A
  42 006e 174601A2 		.ascii	"\027F\001\242~\303`\3310\210 \317\346\203\330\306\220"
  42      7EC360D9 
  42      308820CF 
  42      E683D8C6 
  42      90
  43 007f EB3437CC 		.ascii	"\35347\314\366\"J[\013\273)m\242\245\323\026\242<\010"
  43      F6224A5B 
  43      0BBB296D 
  43      A2A5D316 
  43      A23C08
  44 0092 3F429DC1 		.ascii	"?B\235\301\270ia\035\236c\227\030f\232>\247\214\302"
  44      B869611D 
  44      9E639718 
  44      669A3EA7 
  44      8CC2
  45 00a4 9B8256BA 		.ascii	"\233\202V\272\355\375\236\250h\330\221`\000\255\264"
ARM GAS  /tmp/ccYMBrZM.s 			page 3


  45      EDFD9EA8 
  45      68D89160 
  45      00ADB4
  46 00b3 E5C25E2C 		.ascii	"\345\302^,\004*\373\330\263\334\222gq\235\307>\264\000"
  46      042AFBD8 
  46      B3DC9267 
  46      719DC73E 
  46      B400
  47 00c5 E9901C37 		.ascii	"\351\220\0347\323by\245I\244\347;\360W\351v\204\004"
  47      D36279A5 
  47      49A4E73B 
  47      F057E976 
  47      8404
  48 00d7 43430626 		.ascii	"CC\006&\003\227\301\224\301\222\301'\203_\206\200\014"
  48      0397C194 
  48      C192C127 
  48      835F8680 
  48      0C
  49 00e8 411900E2 		.ascii	"A\031\000\342\204H\322D\032\232\231!O\365i\370\212\231"
  49      8448D244 
  49      1A9A9921 
  49      4FF569F8 
  49      8A99
  50 00fa FE2F8B7B 		.ascii	"\376/\213{%\317e\206D\337\332\220\031\363\235e\011f"
  50      25CF6586 
  50      44DFDA90 
  50      19F39D65 
  50      0966
  51 010c A054737D 		.ascii	"\240Ts})\326\035\320\277\342CTpJ\335\032\352\027\001"
  51      29D61DD0 
  51      BFE24354 
  51      704ADD1A 
  51      EA1701
  52 011f 07AF46A9 		.ascii	"\007\257F\251\221]\011\306\360\036\026\340],\000Y?\320"
  52      915D09C6 
  52      F01E16E0 
  52      5D2C0059 
  52      3FD0
  53 0131 D6D784F6 		.ascii	"\326\327\204\366\035\021\303\004\343x\037\035lQ\375"
  53      1D11C304 
  53      E3781F1D 
  53      6C51FD
  54 0140 E103B489 		.ascii	"\341\003\264\211\254~\241\0215\227\241\351\272g\007"
  54      AC7EA111 
  54      3597A1E9 
  54      BA6707
  55 014f 1341898F 		.ascii	"\023A\211\217(\014L\021\012)\2328\243\212r\343\352\367"
  55      280C4C11 
  55      0A299A38 
  55      A38A72E3 
  55      EAF7
  56 0161 B81EA24D 		.ascii	"\270\036\242M\004\252\267\316S\232\216\255o\315T\255"
  56      04AAB7CE 
  56      539A8EAD 
  56      6FCD54AD 
  57 0171 4D2547E6 		.ascii	"M%G\346\374\372W8q\325\332\215d\317\025\364\350,\034"
  57      FCFA5738 
ARM GAS  /tmp/ccYMBrZM.s 			page 4


  57      71D5DA8D 
  57      64CF15F4 
  57      E82C1C
  58 0184 20BA472E 		.ascii	" \272G.\335\305\336\211C\222-*\2578>V|\362mpP\367\366"
  58      DDC5DE89 
  58      43922D2A 
  58      AF383E56 
  58      7CF26D70 
  59 019b A7B1D3D4 		.ascii	"\247\261\323\324l\\\023\316t\3148\001\2679\013\323\204"
  59      6C5C13CE 
  59      74CC3801 
  59      B7390BD3 
  59      84
  60 01ac F3096353 		.ascii	"\363\011cS\303%n\021U\264}_\314w\0138\016I\"Z\315\214"
  60      C3256E11 
  60      55B47D5F 
  60      CC770B38 
  60      0E49225A 
  61 01c2 4136AC1F 		.ascii	"A6\254\037g~vy\237\353\305zqN\005\374G^\306\2237\214"
  61      677E7679 
  61      9FEBC57A 
  61      714E05FC 
  61      475EC693 
  62 01d8 36DD77FD 		.ascii	"6\335w\375\276\366\223K.\216\202\310\236h\253\347gW"
  62      BEF6934B 
  62      2E8E82C8 
  62      9E68ABE7 
  62      6757
  63 01ea B686FFD4 		.ascii	"\266\206\377\324\303\177\246\360\327\334\345\010\370"
  63      C37FA6F0 
  63      D7DCE508 
  63      F8
  64 01f7 5CB5D2CC 		.ascii	"\\\265\322\314\370\3721\353\232\266t\347f\216Vg=\256"
  64      F8FA31EB 
  64      9AB674E7 
  64      668E5667 
  64      3DAE
  65 0209 171BAD76 		.ascii	"\027\033\255v\341\226\234\311%\323u\222\006\351\245"
  65      E1969CC9 
  65      25D37592 
  65      06E9A5
  66 0218 F67A72D5 		.ascii	"\366zr\325k\331_\362[j1O\227\000\276Z\363\332\204\366"
  66      6BD95FF2 
  66      5B6A314F 
  66      9700BE5A 
  66      F3DA84F6 
  67 022c A25585B7 		.ascii	"\242U\205\267\247}\272\336\267Y\205j\364^{\372F6\214"
  67      A77DBADE 
  67      B759856A 
  67      F45E7BFA 
  67      46368C
  68 023f B99FB0D4 		.ascii	"\271\237\260\324\303\3763\326\233\207\036\365\240\307"
  68      C3FE33D6 
  68      9B871EF5 
  68      A0C7
  69 024d E454FBF5 		.ascii	"\344T\373\365T'\231\206\017\344\004\366\306\003{\273"
  69      54279986 
ARM GAS  /tmp/ccYMBrZM.s 			page 5


  69      0FE404F6 
  69      C6037BBB 
  70 025d 416790B0 		.ascii	"Ag\220\260\224k[\3249\356A\277\223:\203\312[\313}\376"
  70      946B5BD4 
  70      39EE41BF 
  70      933A83CA 
  70      5BCB7DFE 
  71 0271 1F78DA99 		.ascii	"\037x\332\231;\257P\225\353q\252\244\033\003\2408\024"
  71      3BAF5095 
  71      EB71AAA4 
  71      1B03A038 
  71      14
  72 0282 B2F75756 		.ascii	"\262\367WVUT\035(\267\253k\354\312#\021\373x\365\211"
  72      55541D28 
  72      B7AB6BEC 
  72      CA2311FB 
  72      78F589
  73 0295 933576F9 		.ascii	"\2235v\371\301\262p\261\216\245\341\332Zys8\0229\026"
  73      C1B270B1 
  73      8EA5E1DA 
  73      5A797338 
  73      123916
  74 02a8 3A0A7F01 		.ascii	":\012\177\001\373S\253\365"
  74      FB53ABF5 
  75              		.text
  76              		.section	.gnu.lto_hal_lld_init.6aca4b1f982f9a3b,"",%progbits
  77 0000 789CA555 		.ascii	"x\234\245U\333K\024Q\034>\337\234\231\335!\254}\025"
  77      DB4B1451 
  77      1C3EDF9C 
  77      99DD21AC 
  77      7D15
  78 0012 F2C1575F 		.ascii	"\362\301W_v@\373\017\202\036\202\350\301^#\312\036\024"
  78      7640FB0F 
  78      821E82E8 
  78      C15E23CA 
  78      1E14
  79 0024 04237BF0 		.ascii	"\004#{\360mgSw\355\002E\350\006\272\304\332\025\221"
  79      6D675377 
  79      ED0245E8 
  79      06BAC4DA 
  79      1591
  80 0036 32D3CADD 		.ascii	"2\323\312\335\355\262m\246f\256\226YV\246BAdJ\020\005"
  80      EDB26DA6 
  80      66AE9659 
  80      56A64241 
  80      644A1005 
  81 004a D945B7F3 		.ascii	"\331E\267\363;gk\226\005\037f\033\230o\317\314\374\370"
  81      3B676B96 
  81      051F661B 
  81      986FCFCC 
  81      FCF8
  82 005c 2EBF7359 		.ascii	".\277sY\017c,\340al\233\370\335*np\006\355\364$cAS\003"
  82      0F632CE0 
  82      616C9BF8 
  82      DD2A6E70 
  82      06EDF424 
  83 0074 68609B60 		.ascii	"h`\233`\001\015\001\234\344\355\034\351\360\207\270"
ARM GAS  /tmp/ccYMBrZM.s 			page 6


  83      010D019C 
  83      E4ED1CE9 
  83      F087B8
  84 0083 5671C516 		.ascii	"Vq\305\026W\352\354\015o\310n-\215r\306\"\342\246\013"
  84      57EAEC0D 
  84      6FC86E2D 
  84      8D72C622 
  84      E2A60B
  85 0096 03A860A2 		.ascii	"\003\250`\242\354]\377z\307f\217\256\336c\020\036\006"
  85      EC5DFF7A 
  85      C7668FAE 
  85      DE63101E 
  85      06
  86 00a7 31E89B36 		.ascii	"1\350\2336R\366z6l\247&. \271\263\024,\312\241\021p"
  86      52F67A36 
  86      6CA7262E 
  86      20B9B314 
  86      2CCAA111 
  87 00bc 029DC020 		.ascii	"\002\235\300 \360\020x\011L\202\022\002\037\001cm\202"
  87      F0107809 
  87      4C821202 
  87      1F01636D 
  87      82
  88 00cd 51D8B253 		.ascii	"Q\330\262S\354\030\327h\324\234b\237\220N,-\324\220"
  88      EC18D768 
  88      D49C629F 
  88      904E2C2D 
  88      D490
  89 00df 4E278790 		.ascii	"N'\207\220\217\264\246\247\274'x\224k 7s}\231eS=\332"
  89      8FB4A6A7 
  89      BC277894 
  89      6B203773 
  89      7D996553 
  90 00f5 B1365B17 		.ascii	"\2616[\027\257.\366\365w!\206sA\021\244<\3129n\241\014"
  90      AF2EF6F5 
  90      77218673 
  90      4111A43C 
  90      CA396EA1 
  91 010a 3751C6A8 		.ascii	"7Q\306\250\376\314\300\314^\353\252\335\202(\327q[\224"
  91      FECCC0CC 
  91      5EEBAADD 
  91      8228D771 
  91      5B94
  92 011c 75C87818 		.ascii	"u\310x\030\202%\264\232WCPR\232R\353\276\274\330\"\325"
  92      8225B49A 
  92      57435052 
  92      9A52EBBE 
  92      BCD822D5 
  93 0130 806C36FC 		.ascii	"\200l6\374\333\207\270\340\021\236f\216\313:Wj\011G"
  93      DB87B8E0 
  93      119E668E 
  93      CB3A576A 
  93      0947
  94 0142 2D094B48 		.ascii	"-\011KH\020\3217\323\015O\220>\351\270\3430\335\205"
  94      10D137D3 
  94      0D4F903E 
  94      E9B8E330 
ARM GAS  /tmp/ccYMBrZM.s 			page 7


  94      DD85
  95 0154 95DF141D 		.ascii	"\225\337\024\035\014\367\224\305D\317\"WYJ\\\331\274"
  95      0CF794C5 
  95      44CF2257 
  95      594A5CD9 
  95      BC
  96 0165 2FC9694E 		.ascii	"/\311iN\221\222Mq\351Q\222<pH\322\322\341\374XO/\377"
  96      91924D71 
  96      E951923C 
  96      7048D2D2 
  96      E1FC584F 
  97 017b DBC86CD6 		.ascii	"\333\310l\326\207\207\312eQ\371\207\035\366G\260\234"
  97      8787CA65 
  97      51F9871D 
  97      F647B09C 
  98 018b C01F7381 		.ascii	"\300\037s\201}\256\274\216H6\215\330F\213\016<\346\220"
  98      7DAEBC8E 
  98      48368DD8 
  98      468B0E3C 
  98      E690
  99 019d 3C1696FE 		.ascii	"<\026\226\376'\335\270C\365$?\335r.\035welB\262\311"
  99      27DDB843 
  99      F5243FDD 
  99      722E1D77 
  99      656C42B2 
 100 01b2 BD9A2958 		.ascii	"\275\232)X\343\272\342\032I\374\374Z\242\246\206\366"
 100      E3BAE21A 
 100      49FCFC5A 
 100      A2A686F6 
 101 01c2 3E3059FC 		.ascii	">0Y\374\032\237r\324\236\322\032\327\331\012\232cq\237"
 101      1A9F72D4 
 101      9ED21AD7 
 101      D90A9A63 
 101      719F
 102 01d4 3C274471 		.ascii	"<'Dq<\2762\347\015\254\331f\224\033\021\232A<C@\354"
 102      3CBE32E7 
 102      0DACD966 
 102      941B119A 
 102      413C4340 
 103 01e9 7E8FAC5B 		.ascii	"~\217\254[\332\240N\364\002\323yu?6\250\023\272x\236"
 103      DAA04EF4 
 103      02D37975 
 103      3F36A813 
 103      BA789E
 104 01fc AB932D3B 		.ascii	"\253\223-;e\250\244\206\253\02032\204N!^\024\264,\307"
 104      65A8A486 
 104      AB103332 
 104      844E215E 
 104      14B42CC7 
 105 0210 35383C1A 		.ascii	"58<\0322U\313\200\227\305\267k\326QzE\355R\266\227\272"
 105      3255CB80 
 105      97C5B76B 
 105      D6517A45 
 105      ED52B697 
 106 0225 2E6D5272 		.ascii	".mRr\336\374\275\355\225\007\336\371\356_\263\206z\264"
 106      DEFCBDED 
 106      9507DEF9 
ARM GAS  /tmp/ccYMBrZM.s 			page 8


 106      EE5FB386 
 106      7AB4
 107 0237 ED1679E0 		.ascii	"\355\026y\340]\357\275\266\306\035=\023o\204\336\353"
 107      5DEFBDB6 
 107      C61D3D13 
 107      6F84DEEB 
 108 0247 9CDEEAF8 		.ascii	"\234\336\352\370PR\373'8'\005\015\022|[\020\315Tr_2"
 108      5052FB27 
 108      3827050D 
 108      127C5B10 
 108      CD54725F 
 109 025c 9DEFB7A8 		.ascii	"\235\357\267\250h\345\230/\214\346Bj\301\221Z\244l&"
 109      68E5982F 
 109      8CE6426A 
 109      C1915AA4 
 109      6C26
 110 026e FB8CA3B1 		.ascii	"\373\214\243\261\357\355\222J\376\243\264\211\005 N"
 110      EFED924A 
 110      FEA3B489 
 110      05204E
 111 027d 7931BB95 		.ascii	"y1\273\225~\277\265\275\266\356@\335\356j\253\241\321"
 111      7EBFB5BD 
 111      B6EE40DD 
 111      EE6AABA1 
 111      D1
 112 028e AADD5F6F 		.ascii	"\252\335_o\035j8|\244\321\252\336\263\253\252R\341\216"
 112      1D6A387C 
 112      A4D1AADE 
 112      B3ABAA52 
 112      E18E
 113 02a0 AAA626FA 		.ascii	"\252\246&\372\262\257\276\376\240\277\206\375\001\212"
 113      B2AFBEFE 
 113      A0BF86FD 
 113      018A
 114 02ae D31358   		.ascii	"\323\023X"
 115              		.text
 116              		.section	.gnu.lto_stm32_clock_init.6aca4b1f982f9a3b,"",%progbits
 117 0000 789CA556 		.ascii	"x\234\245V\315oTU\024\277\347}\315\2337\337\245\264"
 117      CD6F5455 
 117      14BFE77D 
 117      CD9B37DF 
 117      A5B4
 118 0012 C6B060E3 		.ascii	"\306\260`\343\202M\207\200\377\300\304\304\235\272\300"
 118      824D8780 
 118      FFC0C4C4 
 118      9DBAC0
 119 0021 AD31A20B 		.ascii	"\2551\242\013H\232`\304\030v\274\0123P\312\302\030\212"
 119      489A60C4 
 119      1876BC0A 
 119      3350CAC2 
 119      188A
 120 0033 5A466D82 		.ascii	"ZFm\202\006\0276#\241~\264\345c\034\030\207\266@\001"
 120      06173623 
 120      A17EB4E5 
 120      631C1887 
 120      B64001
 121 0046 AB505AFC 		.ascii	"\253PZ\374\250\016L?\004\324\221\322\202\214\367\334"
ARM GAS  /tmp/ccYMBrZM.s 			page 9


 121      A80E4C3F 
 121      04D491D2 
 121      828CF7DC 
 122 0056 73DFBC97 		.ascii	"s\337\274\227a\241o|\311\374\346\316=/\277s\316\357"
 122      61A16F7C 
 122      C9FCE6CE 
 122      3D2FBF73 
 122      CEEF
 123 0068 FCEEBC67 		.ascii	"\374\356\274g0\306\326\206\030{\222\177/\361\017\264"
 123      30C6D686 
 123      187B927F 
 123      2FF10FB4 
 124 0078 3050DEBA 		.ascii	"0P\336\272\300X\227\251\200J\013UI\014\026\030\263-"
 124      C05897A9 
 124      804A0B55 
 124      490C1618 
 124      B32D
 125 008a 6D26C4EC 		.ascii	"m&\304\354p\202\366S\032\350\024\327\2258\305\015\021"
 125      7082F653 
 125      1AE814D7 
 125      9538C50D 
 125      11
 126 009b 8FD37ECA 		.ascii	"\217\323~\312\200\000\305\003J\214\342\246\210\307h"
 126      8000C503 
 126      4A8CE2A6 
 126      88C768
 127 00aa 3F654290 		.ascii	"?eB\220\342A%JqK\304\243\264\237\262 D\361\220\022\241"
 127      E241254A 
 127      714BC4A3 
 127      B49FB220 
 127      44F19012 
 128 00bf 7858C423 		.ascii	"xX\304#\264\237\012\003\340\267m\002\333\251\250\011"
 128      B49F0A03 
 128      E0B76D02 
 128      DBA9A809 
 129 00cf 4D8F1B81 		.ascii	"M\217\033\201\230\031\214Z\241H\030v\032*\223\227\356"
 129      98198C5A 
 129      A1481876 
 129      1A2A9397 
 129      EE
 130 00e0 2C02CE22 		.ascii	",\002\316\"\350,B\316b\277z@\205\302\236\033C\312\272"
 130      E82C42CE 
 130      62BF7A40 
 130      85C29E1B 
 130      43CABA
 131 00f3 2336BFF2 		.ascii	"#6\277\362\357\314X\031;\375X\226\263\034\224Lp\014"
 131      EFCC5819 
 131      3BFD5896 
 131      B31C944C 
 131      700C
 132 0105 D6317EDB 		.ascii	"\3261~\333\354\321\207\275\021C\243}\030\004\203\001"
 132      ECD187BD 
 132      1143A37D 
 132      18048301 
 133 0115 5FE42EEB 		.ascii	"_\344.\353y\373am\217\235_<\014\367\237}\002XV\005\005"
 133      79FB616D 
 133      8F9D5F3C 
ARM GAS  /tmp/ccYMBrZM.s 			page 10


 133      0CF79F7D 
 133      02585605 
 134 012a 4145D010 		.ascii	"AE\320\020t\004\003!\200`\"\004\021,\204\020B\030!\202"
 134      74040321 
 134      80602204 
 134      112C8410 
 134      42182182 
 135 013e 10458821 		.ascii	"\020E\210!\304\021\022\010-\010\253\020Z\021V#\264!"
 135      C4111208 
 135      2D08AB10 
 135      5A115623 
 135      B421
 136 0150 B42330B6 		.ascii	"\264#0\266\227\2274\023\262\363\254[U\370bW\236\315"
 136      97973413 
 136      B2F3AC5B 
 136      55F86257 
 136      9ECD
 137 0162 4361786E 		.ascii	"Caxn\244l`\235}*\360\362\017\246\013\023\201\0365\253"
 137      A46C609D 
 137      7D2AF0F2 
 137      0FA60B13 
 137      811E35AB 
 138 0176 2A80DD4C 		.ascii	"*\200\335L\347\316/\230\364\323\356\337kk|\353\243\334"
 138      E7CE2F98 
 138      F4D3EEDF 
 138      6B6B7CEB 
 138      A3DC
 139 0188 D143D00F 		.ascii	"\321C\320\017\037tq!\326fU\025\276\2005\3609\254ax\377"
 139      1F747121 
 139      D6665515 
 139      BE8035F0 
 139      39AC6178 
 140 019d DBC7265F 		.ascii	"\333\307&_H\016\330\273!\253j\360%\277\255W\310\003"
 140      480ED8BB 
 140      21AB6AF0 
 140      25BFAD57 
 140      C803
 141 01af 5F419227 		.ascii	"_A\222'\333u/\003\224J\241l\203gJ\031A\017\374\032\342"
 141      DB752F03 
 141      944AA16C 
 141      83674A19 
 141      410FFC1A 
 142 01c4 1CBCA0C9 		.ascii	"\034\274\240\311}\342\036_\231\206\335L#\220\344\364"
 142      7DE21E5F 
 142      9986DD4C 
 142      2390E4F4 
 143 01d4 7CD5ADAA 		.ascii	"|\325\255\252\214;\300\351\362x9@\251\325\377\312\334"
 143      8C3BC0E9 
 143      F2783940 
 143      A9D5FFCA 
 143      DC
 144 01e5 85210D8E 		.ascii	"\205!\015\216\273\334'\250\213\007\231Q\235\2704\242"
 144      BBDC27A8 
 144      8B079951 
 144      9DB834A2 
 145 01f5 2BD696F2 		.ascii	"+\326\226\3621jC\201\223\234\246\014\273\257\235>'{"
 145      316A4381 
ARM GAS  /tmp/ccYMBrZM.s 			page 11


 145      939CA60C 
 145      BBAF9D3E 
 145      277B
 146 0207 45D1728B 		.ascii	"E\321r\213C\313\021\272\203\301)L\304p\036\011\306\255"
 146      43CB11BA 
 146      83C1294C 
 146      C4701E09 
 146      C6AD
 147 0219 0BDDAAE6 		.ascii	"\013\335\252\346\031\307\330\307\262P\335\227\004yQ"
 147      19C7D8C7 
 147      B250DD97 
 147      047951
 148 0228 267A0DBE 		.ascii	"&z\015\276v\312\224\005H\256\223w\323oP\011\017j\265"
 148      76CA9405 
 148      48AE9377 
 148      D36F5009 
 148      0F6AB5
 149 023b 5A0C0ACD 		.ascii	"Z\014\012\315\353}\332Mv\006\3656\204\336\272W\357\361"
 149      EB7DDA4D 
 149      7606F536 
 149      84DEBA57 
 149      EFF1
 150 024d A26C23E0 		.ascii	"\242l#\340S\357\242\313\375\215\323\310\224\324\333"
 150      53EFA2CB 
 150      FD8DD3C8 
 150      94D4DB
 151 025c 24BAFB95 		.ascii	"$\272\373\225\003S@\255\204\241DzO\327\3656=\002\307"
 151      035340AD 
 151      84A1447A 
 151      4FD7F536 
 151      3D02C7
 152 026f A5C08647 		.ascii	"\245\300\206G\340\011\307\357A_=\237u}0\332 \260E\\"
 152      E009C7EF 
 152      415F3D9F 
 152      757D30DA 
 152      20B0455C 
 153 0283 B9D17449 		.ascii	"\271\321tI\226\265\0140\326\274\274\343n\252s(\257\205"
 153      96B50C30 
 153      D6BCBCE3 
 153      6EAA7328 
 153      AF85
 154 0295 44D5CA55 		.ascii	"D\325\312UrF\003U\377\343\377\"\350yW\320\013\220\364"
 154      72460355 
 154      FFE3FF22 
 154      E87957D0 
 154      0B90F4
 155 02a8 9E718D9B 		.ascii	"\236q\215\233q\202\312\034\236[N\313\201\205|\325zQ"
 155      7182CA1C 
 155      9E5B4ECB 
 155      81857CD5 
 155      7A51
 156 02ba B0E38183 		.ascii	"\260\343\201\203K\015\207<\314\271\376\317\251\276\354"
 156      4B0D873C 
 156      CCB9FECF 
 156      A9BEEC
 157 02c9 527F8B32 		.ascii	"R\177\2132\204\205\313\002^\227\2558.\213\370t\331\244"
 157      8485CB02 
ARM GAS  /tmp/ccYMBrZM.s 			page 12


 157      5E97AD38 
 157      2E8BF874 
 157      D9A4
 158 02db CBFD5DE3 		.ascii	"\313\375]\343\251\216r\272G\217q\324c\253\230\264\225"
 158      A98E72BA 
 158      478F71D4 
 158      63AB98B4 
 158      95
 159 02ec 59B755B5 		.ascii	"Y\267U\265R+65\235\357\335\351\\\021\323)\364\226\347"
 159      522B3635 
 159      9DEFDDE9 
 159      5C11D329 
 159      F496E7
 160 02ff 83341DFB 		.ascii	"\2034\035\373\354\035\006WI\300je_\251\251\004S\"\201"
 160      EC1D0657 
 160      49C06A65 
 160      5FA9A904 
 160      532281
 161 0312 781A5D13 		.ascii	"x\032]\023\011f\337M\337\263d\002\336\305\264\303\337"
 161      0966DF4D 
 161      DFB36402 
 161      DEC5B4C3 
 161      DF
 162 0323 D31CFF8C 		.ascii	"\323\034\377\214\340\327\220\377\272\340?\374\331'\031"
 162      E0D790FF 
 162      BAE03FFC 
 162      D92719
 163 0332 95F8D7C3 		.ascii	"\225\370\327\303\017\216\275\336;\"'\025\363\345\201"
 163      0F8EBDDE 
 163      3B222715 
 163      F3E581
 164 0341 1FDDA3F0 		.ascii	"\037\335\243\360S\203\275\342\304u\251\2742\021\244"
 164      5383BDE2 
 164      C475A9BC 
 164      3211A4
 165 0350 53C7D94C 		.ascii	"S\307\331L\370\271y\303\315\272\311~A\303\305\205\341"
 165      F8B979C3 
 165      CDBAC97E 
 165      41C3C585 
 165      E1
 166 0361 825EC3F5 		.ascii	"\202^\303\365\335\224m$|\032\356W\227\273\334h\270\026"
 166      DD946D24 
 166      7C1AEE57 
 166      97BBDC68 
 166      B816
 167 0373 A21BAFED 		.ascii	"\242\033\257\355\277\255\327;\211\303\215F\013\266x"
 167      BFADD73B 
 167      89C38D46 
 167      0BB678
 168 0382 2C189516 		.ascii	",\030\225\026\264<\026\374\260>\301\372\021\327\305"
 168      B43C16FC 
 168      B03EC1FA 
 168      11D7C5
 169 0391 637CA55C 		.ascii	"c|\245\\\3541\351\247\235\247\307\370\302\241\201\353"
 169      EC31E9A7 
 169      9DA7C7F8 
 169      C2A181EB 
ARM GAS  /tmp/ccYMBrZM.s 			page 13


 170 03a1 4167C69B 		.ascii	"Ag\306\233\371\013\202\001\025^\375MY\375\320\337\305"
 170      F90B8201 
 170      155EFD4D 
 170      59FDD0DF 
 170      C5
 171 03b2 13314FF9 		.ascii	"\0231O\371s\242||Y\202y1\345\341S\245\261\010M9\001"
 171      73A27C7C 
 171      59827931 
 171      E5E153A5 
 171      B1084D39 
 172 03c7 0BCE943F 		.ascii	"\013\316\224?u\246\274\312\227\360\213\356!\370\255"
 172      75A6BCCA 
 172      97F08BEE 
 172      21F8AD
 173 03d6 61CAAD9C 		.ascii	"a\312\255\234K\034\306&gz\313\245\276\2153m\0253\015"
 173      4B1CC626 
 173      677ACBA5 
 173      BE8D336D 
 173      15330D
 174 03e9 79673A50 		.ascii	"yg:P\222E\257\3669\323;.\367\357\215\217\2526N\367\350"
 174      9245AFF6 
 174      39D33B2E 
 174      F7EF8D8F 
 174      AA364EF7 
 175 03fe B3A98D93 		.ascii	"\263\251\215\223\364\215T\307\344\230M\370\243>\320"
 175      F48D54C7 
 175      E4984DF8 
 175      A33ED0
 176 040d 881C68D8 		.ascii	"\210\034h\330\373j\346T\326\356\253\347?\335#Y\025u"
 176      FB6AE654 
 176      D6EEABE7 
 176      3FDD2359 
 176      1575
 177 041f 35A5DC5F 		.ascii	"5\245\334_.\313]T\256\235\335\2027\373\227\336\027L"
 177      2ECB5D54 
 177      AE9DDD82 
 177      37FB97DE 
 177      174C
 178 0431 B268E0C5 		.ascii	"\262h\340\305\362?\321\015\035\035\311\247\266l\335"
 178      F23FD10D 
 178      1D1DC9A7 
 178      B66CDD
 179 0440 BCF5B94D 		.ascii	"\274\365\271M\311m\333\223[^\352L\276\272\355\265\327"
 179      C96DDB93 
 179      5B5EEA4C 
 179      BEBAEDB5 
 179      D7
 180 0451 B727373D 		.ascii	"\267'7=\377\314\306\015\204Oo\334\261\003#/vv\276\322"
 180      FFCCC60D 
 180      844F6FDC 
 180      B103232F 
 180      7676BED2 
 181 0465 F132FB07 		.ascii	"\3612\373\007} \245\363"
 181      7D20A5F3 
 182              		.text
 183              		.section	.gnu.lto_.symbol_nodes.6aca4b1f982f9a3b,"",%progbits
 184 0000 789C55CC 		.ascii	"x\234U\314\313\011\2000\020\004\320\311\346\323\206"
ARM GAS  /tmp/ccYMBrZM.s 			page 14


 184      CB098030 
 184      1004D0C9 
 184      E6D386
 185 000f 60255A98 		.ascii	"`%Z\230\354\012\202\340\311v\022?\240\005X\205\307\024"
 185      EC0A82E0 
 185      C976123F 
 185      A0055885 
 185      C714
 186 0021 E11210F4 		.ascii	"\341\022\020\3640\014\274\201\011\000:\015(\021\003"
 186      300CBC81 
 186      09003A0D 
 186      281103
 187 0030 F3056845 		.ascii	"\363\005hE9$\250-\304\346\265$\255\312JL?\361\221\320"
 187      3924A82D 
 187      C4E6B524 
 187      ADCA4A4C 
 187      3FF191D0 
 188 0044 D77A6076 		.ascii	"\327z`vb[&@\244Q\330\210\335\027\254\001\3161W\326x"
 188      625B2640 
 188      A451D888 
 188      DD17AC01 
 188      CE3157D6 
 189 0059 DCA51D86 		.ascii	"\334\245\035\206)Wx\000\345|\037k"
 189      29577800 
 189      E57C1F6B 
 190              		.text
 191              		.section	.gnu.lto_.refs.6aca4b1f982f9a3b,"",%progbits
 192 0000 789C6363 		.ascii	"x\234cc```\004b\006\000\000D\000\010"
 192      60606004 
 192      62060000 
 192      440008
 193              		.text
 194              		.section	.gnu.lto_.decls.6aca4b1f982f9a3b,"",%progbits
 195 0000 789CAD57 		.ascii	"x\234\255WkPT\311\025\276}{\030`\300\201@\036V\312T"
 195      6B5054C9 
 195      15BE7D7B 
 195      1860C081 
 195      401E56CA 
 196 0015 5966B624 		.ascii	"Yf\266$I-#\340\217\374\330J-\216\270XqWk0\331\370k\026"
 196      492D23E0 
 196      8FFCD84A 
 196      2D8EB858 
 196      71576B30 
 197 002d 612C6797 		.ascii	"a,g\227\207\001L\264\362#\227\207\256\200\362pQ\220"
 197      87014CB4 
 197      F2239787 
 197      AE80F270 
 197      5190
 198 003f 8702A22C 		.ascii	"\207\002\242,J\020wE\027\007u\004EdUp\314\262>\000\001"
 198      4A107745 
 198      17077504 
 198      45645570 
 198      CCB23E00 
 199 0054 E5E58355 		.ascii	"\345\345\203U\224\267\313\344t\367\275\314\235a\326"
 199      94B7CBE4 
 199      74F7BDCC 
 199      9D61D6
ARM GAS  /tmp/ccYMBrZM.s 			page 15


 200 0063 35A9DCE2 		.ascii	"5\251\334\342\334\276\247\373;_\237\356sN\367\240\344"
 200      DCBEA7FB 
 200      3B5F9FEE 
 200      734EF7A0 
 200      E4
 201 0074 386EDC97 		.ascii	"8n\334\227\343\212x\216\013G\034g\203G\001}\0279\373"
 201      E38A788E 
 201      0B471C67 
 201      8347017D 
 201      1739FB
 202 0087 E3066206 		.ascii	"\343\006b\0069\007rA\034k\002\0018\327\3169>\177\207"
 202      39077241 
 202      1C6B0201 
 202      38D7CE39 
 202      3E7F87
 203 009a 4E77683F 		.ascii	"Nwh?\002Y\012\322\005r\017\304\012\302#f\004Sq\035 "
 203      02590AD2 
 203      05720FC4 
 203      0AC22366 
 203      0453711D 
 204 00af 93228799 		.ascii	"\223\"\207\231\233\377\374\003\006<e<\222-\341\301\320"
 204      9BFFFC03 
 204      063C653C 
 204      922DE1C1 
 204      D0
 205 00c0 9E85F617 		.ascii	"\236\205\366\027\320\376\014D\011\337\337\203L\221\265"
 205      D0FE0C44 
 205      09DFDF83 
 205      4C91B5
 206 00cf 803C0399 		.ascii	"\200<\003\231\000Q\303\230B\364\333,\372|q\336L\034"
 206      0051C398 
 206      42F4DB2C 
 206      FA7C71DE 
 206      4C1C
 207 00e1 F74F279F 		.ascii	"\367O'\237\345s-\203V+\3161\006\362\022d\032\344\005"
 207      E5732D83 
 207      562BCE31 
 207      06F21264 
 207      1AE405
 208 00f4 C828C8EF 		.ascii	"\310(\310\357\020[\303\005\027\274y\030\015\036n\317"
 208      105BC305 
 208      17BC7918 
 208      0D1E6ECF 
 209 0104 46F75117 		.ascii	"F\367Q\027\302\000\363\245\275\010\2617\264D\250n\223"
 209      C200F3A5 
 209      BD08B137 
 209      B444A86E 
 209      93
 210 0115 1EC4FAA1 		.ascii	"\036\304\372\241\227'\303\224\032IX\351\221z\300Q\306"
 210      9727C394 
 210      1A4958E9 
 210      917AC051 
 210      C6
 211 0126 C14BBCF4 		.ascii	"\301K\274\364\017\211\177H\306\312\306\331ts4\014\317"
 211      0F897F48 
 211      C6CAC6D9 
 211      7473340C 
ARM GAS  /tmp/ccYMBrZM.s 			page 16


 211      CF
 212 0137 FCE1A4E9 		.ascii	"\374\341\244\351\3041^\232\207s\230\032tg_\035G\321"
 212      C4315E9A 
 212      8773981A 
 212      74675F1D 
 212      47D1
 213 0149 1C178B33 		.ascii	"\034\027\2133\331\204[S\235V\237\036\324\015\335\033"
 213      D9845B53 
 213      9D569F1E 
 213      D40DDD1B 
 214 0159 D45C8E47 		.ascii	"\324\\\216G\034\"\275%\267\313\317\363\230\247\337\266"
 214      1C22BD25 
 214      B7CBCFF3 
 214      98A7DFB6 
 215 0169 C9932730 		.ascii	"\311\223'0\376\025\375\316\273\331T\341\023X-\260\307"
 215      FE15FDCE 
 215      BBD954E1 
 215      13582DB0 
 215      C7
 216 017a E310E6D0 		.ascii	"\343\020\346\320i\262}\214\353\262m\302\342\223\211"
 216      69B27D8C 
 216      EBB26DC2 
 216      E29389
 217 0189 919F0AF1 		.ascii	"\221\237\012\361\240Z\237]+\361\002\365\247*\344\013"
 217      A05A9F5D 
 217      2BF102F5 
 217      A72AE40B 
 218 0199 6AF56E5B 		.ascii	"j\365n[\236\333\302\375\3040'U\360\345\321G?G\365h\021"
 218      9EDBC2FD 
 218      C4302755 
 218      F0E5D147 
 218      3F47F568 
 219 01ae FA0A2D02 		.ascii	"\372\012-\002\257\316\242\205\360\216S0&KG\177\026\277"
 219      AFCEA285 
 219      F08E5330 
 219      264B477F 
 219      16BF
 220 01c0 A454B0F4 		.ascii	"\244T\260\364\010\226+E\277\357h\332)\264\203\335\273"
 220      08962B45 
 220      BFEF68DA 
 220      29B483DD 
 220      BB
 221 01d1 1487EA10 		.ascii	"\024\207\352\020FgP YL\035\015\336)\324\203\320\227"
 221      46675020 
 221      594C1D0D 
 221      DE29D483 
 221      D097
 222 01e3 104B0E99 		.ascii	"\020K\016\231\321\022\260?p0\273\026\343LD\235.\236"
 222      D112B03F 
 222      7030BB16 
 222      E34C449D 
 222      2E9E
 223 01f5 2EB9E406 		.ascii	".\271\344\006d\245@v\243\304\273P\260\244\000\027O\251"
 223      64A54076 
 223      A3C4BB50 
 223      B0A40017 
 223      4FA9
ARM GAS  /tmp/ccYMBrZM.s 			page 17


 224 0207 1AEC540D 		.ascii	"\032\354T\015\316T\347(\2250d\356\364\301\005\214*\347"
 224      CE54E728 
 224      953064EE 
 224      F4C1058C 
 224      2AE7
 225 0219 F6EE2A95 		.ascii	"\366\356*\225H5\372[\007\246\363v\246\363\316L\027("
 225      4835FA5B 
 225      07A6F376 
 225      A6F3CE4C 
 225      1728
 226 022b 53E6E3E9 		.ascii	"S\346\343\351l\204\253\030Sr\203\371\222\022\230z\004"
 226      6C84AB18 
 226      537283F9 
 226      9212987A 
 226      04
 227 023c C1D256B3 		.ascii	"\301\322V\263\274\265vH\330\245b\313\263\330\231,\342"
 227      BCB57648 
 227      D8A562CB 
 227      B3D8992C 
 227      E2
 228 024d E6A28B94 		.ascii	"\346\242\213\224\341\352`c7\306\003\214\341x\312\356"
 228      E1EA6063 
 228      37C6038C 
 228      E178CAEE 
 229 025d 870B4486 		.ascii	"\207\013D\206\027\347\226M\237\022\322\334\250}\243"
 229      17E7964D 
 229      9F12D2DC 
 229      A87DA3
 230 026c DDBE51B2 		.ascii	"\335\276Q\262o\242\366]-U\3071Dd\251\212\346\237\017"
 230      6FA2F65D 
 230      2D55C731 
 230      4464A98A 
 230      E69F0F
 231 027f 749D7852 		.ascii	"t\235xR?\265\200u\021Rk\366h\205;>\314\"\1773\255\266"
 231      3FB58075 
 231      11526BF6 
 231      68853B3E 
 231      CC227F33 
 232 0295 18B3782A 		.ascii	"\030\263x*@}~\275\360\201\232\305sq\036\346\357\337"
 232      407D7EBD 
 232      F0819AC5 
 232      73711EE6 
 232      EFDF
 233 02a7 99E95423 		.ascii	"\231\351T#U\300.AH\021JS\005\317p\016\265@<\257@<Q+"
 233      55C02E41 
 233      48114A53 
 233      05CF700E 
 233      B5403CAF 
 234 02bf 0A2094C4 		.ascii	"\012 \224\304\015t\031:/A\347Q\022z\313\304\365?\034"
 234      0D74193A 
 234      2F41E751 
 234      127ACBC4 
 234      F53F1C
 235 02d2 181584C5 		.ascii	"\030\025\204\305\350*R\241f\273\253KU,\364U\025\271"
 235      E82A52A1 
 235      66BBAB4B 
 235      552CF455 
ARM GAS  /tmp/ccYMBrZM.s 			page 18


 235      15B9
 236 02e4 E54AFC80 		.ascii	"\345J\374\200z\300\233\213\372/\363?4\307\365\037\234"
 236      7AC09B8B 
 236      FA2FF33F 
 236      34C7F51F 
 236      9C
 237 02f5 63B06B49 		.ascii	"c\260kI\363\016\022\230k0\307\327\3669`J6IQS\333\005"
 237      F30E1298 
 237      6B30C7D7 
 237      F639604A 
 237      36495153 
 238 030b B214322E 		.ascii	"\262\0242.\224\357\373\011t\325V\364\377\032\357\307"
 238      94EFFB09 
 238      74D556F4 
 238      FF1AEFC7 
 239 031b 74E1599F 		.ascii	"t\341Y\237\267u*\337:,\2246\222\364{\247\002\322/\007"
 239      B7752ADF 
 239      3A2C9436 
 239      92F47BA7 
 239      02D22F07 
 240 032f 51701B23 		.ascii	"Qp\033#\233s\202\243=7\210;\355\350-0m?\333\323\257"
 240      9B7382A3 
 240      3D37883B 
 240      EDE82D30 
 240      6D3FDBD3 
 241 0344 C647194F 		.ascii	"\306G\031O\201\365d\230\012|O}#\337\301\240\320\374"
 241      81F56498 
 241      0A7C4F7D 
 241      23DFC1A0 
 241      D0FC
 242 0356 B2D58DED 		.ascii	"\262\325\215\355\270\007\250gF\216\237Y\300v\334B\206"
 242      B807A867 
 242      468E9F59 
 242      C076DC42 
 242      86
 243 0367 F3EBFB9E 		.ascii	"\363\353\373\236\251q\025%WtV\177\372X\2114\376\001"
 243      A9711525 
 243      5774567F 
 243      FA588934 
 243      FE01
 244 0379 9A72212D 		.ascii	"\232r!-U\260|\367\364\235Y\353\220 \354\365FV\360\364"
 244      55B07CF7 
 244      F49D59EB 
 244      9020ECF5 
 244      4656F0F4 
 245 038d 26F8F52D 		.ascii	"&\370\365-\362\267O\251%\336\006\301\213\313\2455\010"
 245      F2B74FA9 
 245      25DE06C1 
 245      8BCBA535 
 245      08
 246 039e 82141CFA 		.ascii	"\202\024\034\3727\214\337\242+!h\262\266\333\340[\007"
 246      378CDFA2 
 246      2B2168B2 
 246      B6DBE05B 
 246      07
 247 03af D2A03B48 		.ascii	"\322\240;HC\223\207\355\351\310\254_2X\020\024'\356"
 247      439387ED 
ARM GAS  /tmp/ccYMBrZM.s 			page 19


 247      E9C8AC5F 
 247      32581014 
 247      27EE
 248 03c1 2779D8DC 		.ascii	"'y\330\334\3156\277\362T\241e\031\235\371\033\2273\267"
 248      CD36BFF2 
 248      54A16519 
 248      9DF91B97 
 248      33B7
 249 03d3 9039E81A 		.ascii	"\2209\350\032\277\270t\301\035\367\321E\360{\3143\265"
 249      BFB874C1 
 249      1DF7D145 
 249      F07BCC33 
 249      B5
 250 03e4 08F907B8 		.ascii	"\010\371\007\270t\011u\202'\257\367\352\206M\011\347"
 250      74097582 
 250      27AFF7EA 
 250      864D09E7 
 251 03f4 10BA07A0 		.ascii	"\020\272\007\240\273\3668\023\037\351\\\235\267\255"
 251      BBF63813 
 251      1FE95C9D 
 251      B7AD
 252 0402 ADD83B63 		.ascii	"\255\330;c.{(\320\036\273.\344M\253\003Z\000\233\317"
 252      2E7B28D0 
 252      1EBB2EE4 
 252      4DAB035A 
 252      009BCF
 253 0415 34348B9B 		.ascii	"44\213\233\277\214\344\310\213\256aO\246\006\200\372"
 253      BF8CE4C8 
 253      8BAE614F 
 253      A60680FA 
 254 0425 7547598D 		.ascii	"uGY\215\033\036a\201\275>x\322\352\216_2E\252\013?Z"
 254      1B1E6181 
 254      BD3E78D2 
 254      EA8E5F32 
 254      45AA0B3F 
 255 043a 1728B769 		.ascii	"\027(\267i\354\205\027~\305\306F\322\372{\274\330\330"
 255      EC85177E 
 255      C5C646D2 
 255      FA7BBCD8 
 255      D8
 256 044b 426297BE 		.ascii	"Bb\227\276w\037\217\223\025\314\256\275)\303\023\247"
 256      771F8F93 
 256      15CCAEBD 
 256      29C313A7 
 257 045b 33453A2C 		.ascii	"3E:,\375\330a\231q\361\316NO\234\313\306\312\206\352"
 257      FDD86199 
 257      71F1CE4E 
 257      4F9CCBC6 
 257      CA86EA
 258 046e 3F832388 		.ascii	"?\203#\210)\015\367\352\264\270\214}W\325\357\351u\303"
 258      290DF7EA 
 258      B4B88C7D 
 258      57D5EFE9 
 258      75C3
 259 0480 C798F2E0 		.ascii	"\307\230\362\340L\332\270\002\3270\345\333\366\276p"
 259      4CDAB802 
 259      D730E5DB 
ARM GAS  /tmp/ccYMBrZM.s 			page 20


 259      F6BE70
 260 048f C6B61CB4 		.ascii	"\306\266\034\264\211\3233\367\304\312-\305\240O\026"
 260      89D333F7 
 260      C4CA2DC5 
 260      A04F16
 261 049e ECA844F8 		.ascii	"\354\250D\370K\012\365\021\332\263\312\020\322\330\037"
 261      4B0AF511 
 261      DAB3CA10 
 261      D2D81F
 262 04ad C82831A5 		.ascii	"\310(1\245fw\341\252S\202\220\256\244q\355\207\015\236"
 262      6677E1AA 
 262      538290AE 
 262      A471ED87 
 262      0D9E
 263 04bf 91C7F521 		.ascii	"\221\307\365!\262\007\226\031<\332\205\341PL\303\024"
 263      B2079619 
 263      3CDA85E1 
 263      504CC314 
 264 04cf 3FE48C1F 		.ascii	"?\344\214\037\234\207\357K\227\341\277s\306w\243\271"
 264      9C87EF4B 
 264      97E1BF73 
 264      C677A3B9 
 265 04df 9465F0BB 		.ascii	"\224e\360\273rx\2173\374\376<\372V\271;O\234\361Zgx"
 265      72788F33 
 265      FCFE3CFA 
 265      56B93B4F 
 265      9CF15A67 
 266 04f4 A31C7ED3 		.ascii	"\243\034~\323%\\\356\214\034\375\310\031}k\2363\243"
 266      255CEE8C 
 266      1CFDC819 
 266      7D6B9E33 
 266      A3
 267 0505 72FC80EB 		.ascii	"r\374\200\353\275\224\3217\312\327\372\300\031\336\347"
 267      BD94D137 
 267      CAD7FAC0 
 267      19DEE7
 268 0514 0CEF93B3 		.ascii	"\014\357\223\263\017\273\336y\031\274U\316\376\215k"
 268      0FBBDE79 
 268      19BC55CE 
 268      FE8D6B
 269 0523 76E6BC43 		.ascii	"v\346\274Ce\216\000\342)\035\234\021\313\362\025\224"
 269      658E00E2 
 269      291D9C11 
 269      CBF21594 
 270 0533 E51894E5 		.ascii	"\345\030\224\345K\220Y\220q\220)\220\347 \023 \317@"
 270      4B905990 
 270      71902990 
 270      E7201320 
 270      CF40
 271 0545 2641A641 		.ascii	"&A\246A\276\007y\0012\352P\302\3436v\260\314\270:X:"
 271      BE077901 
 271      32EA50C2 
 271      E33676B0 
 271      CCB83A58 
 272 055a D2E519D8 		.ascii	"\322\345\031\330\353:\344\262uY\345\333\360\330uP\202"
 272      EB3AE4B2 
 272      7559E5DB 
ARM GAS  /tmp/ccYMBrZM.s 			page 21


 272      F0D87550 
 272      82
 273 056b C48368AC 		.ascii	"\304\203h\254\272\272\313\013\327\323*\340\253\314g"
 273      BABACB0B 
 273      D7D32AE0 
 273      ABCC67
 274 057a 7B3D9C0F 		.ascii	"{=\234\017\"i\271(\231\017\370?\256x$\035\247\222\025"
 274      2269B928 
 274      990FF83F 
 274      AE78241D 
 274      A79215
 275 058d 0BBC3FB2 		.ascii	"\013\274?\262\331O\255\031\351\324j\037\250\234\361"
 275      D94FAD19 
 275      E9D46A1F 
 275      A89CF1
 276 059c 949F5A04 		.ascii	"\224\237Z\004h?\265RxvjA\013\340C\257f\016\250\345`"
 276      683FB552 
 276      78766A41 
 276      0BE043AF 
 276      660EA8E5 
 277 05b1 F213C00E 		.ascii	"\362\023\300\016N\025\301\251\024|z\340j\263\212\035"
 277      4E15C1A9 
 277      147C7AE0 
 277      6AB38A1D 
 278 05c1 0402027D 		.ascii	"\004\002\002}8\243\270\333\033_fgF\343hm\2457;4\310"
 278      38A3B8DB 
 278      1B5F6667 
 278      46E3686D 
 278      A5373B34 
 279 05d6 21D193D3 		.ascii	"!\321\223\323d\363!\267\227 \022C\277\235\367S\036\256"
 279      64F321B7 
 279      97201243 
 279      BF9DF753 
 279      1EAE
 280 05e8 52A809B4 		.ascii	"R\250\011\264\223\2477\327XN\355*\277\034q\363\336U"
 280      93A737D7 
 280      584EED2A 
 280      BF1C71F3 
 280      DE55
 281 05fa D0CB328D 		.ascii	"\320\3132\215_$f\336.\336O\262\241?~z\217t\253\345h"
 281      5F2466DE 
 281      2EDE4FB2 
 281      A13F7E7A 
 281      8F74ABE5 
 282 060f EBEBD035 		.ascii	"\353\353\3205\207\217\344\253\3605\321\311\214\364b"
 282      878FE4AB 
 282      F035D1C9 
 282      8CF462
 283 061e 84DB99F2 		.ascii	"\204\333\231\362\325\271\247\301\314\341E\240\235\355"
 283      D5B9A7C1 
 283      CCE145A0 
 283      9DED
 284 062c 7A6E117F 		.ascii	"zn\021\177o\366\300\342\224u\343W\366{\301\005\251\321"
 284      6FF6C0E2 
 284      9475E357 
 284      F67BC105 
 284      A9D1
ARM GAS  /tmp/ccYMBrZM.s 			page 22


 285 063e 485764F7 		.ascii	"HWd\367\224\354\232\312\3441\312\346\177\374\202\334"
 285      94EC9ACA 
 285      E431CAE6 
 285      7FFC82DC 
 286 064e 037EEDE6 		.ascii	"\003~\355\346\311\030A\223\014\330\013\331\220\305k"
 286      C9184193 
 286      0CD80BD9 
 286      90C56B
 287 065d 500E482E 		.ascii	"P\016H.\310g\274F\226\262}\333\355\031\230\341r\216"
 287      C867BC46 
 287      96B27DDB 
 287      ED1998E1 
 287      728E
 288 066f B9532119 		.ascii	"\271S!\031N\314\355\311\024\235\316\373\241\035\"Z\332"
 288      4ECCEDC9 
 288      149DCEFB 
 288      A11D225A 
 288      DA
 289 0680 0979BE8A 		.ascii	"\011y\276\212\327\335\024\253\025@\315\257\225q\371"
 289      D7DD14AB 
 289      1540CDAF 
 289      9571F9
 290 068f EAC8E9E8 		.ascii	"\352\310\351\3500\363C\207\334\257+\274\326\314\343"
 290      30F34387 
 290      DCAF2BBC 
 290      D6CCE3
 291 069e 0E96FB57 		.ascii	"\016\226\373W\012*\341\027\237S\356K\313F\373a\265?"
 291      0A2AE117 
 291      9F53EE4B 
 291      CB46FB61 
 291      B53F
 292 06b0 B672E6DD 		.ascii	"\266r\346\335\354\024\275\214\367\0018\217\237Kk\342"
 292      EC14BD8C 
 292      F701388F 
 292      9F4B6BE2 
 293 06c0 2B9DB3CF 		.ascii	"+\235\263\317z0\335]\236\251\373\034\322:_\314\324|"
 293      7A30DD5D 
 293      9EA9FB1C 
 293      D23A5FCC 
 293      D47C
 294 06d2 9AA90315 		.ascii	"\232\251\003\025\3657x\334\317\342<\322\270\327\204"
 294      F53778DC 
 294      CFE23CD2 
 294      B8D784
 295 06e1 87D9F7DD 		.ascii	"\207\331\367\335/z{\225x\224)\243\205\315\217Ux\214"
 295      2F7A7B95 
 295      789429A3 
 295      85CD8F55 
 295      788C
 296 06f3 294535C7 		.ascii	")E5\307\3220\236dJgC\362%5\026\334\250\322{(\345\241"
 296      D2309E64 
 296      4A6743F2 
 296      253516DC 
 296      A8D27B28 
 297 0709 1BDEC194 		.ascii	"\033\336\301\224\311\206\233\345<\313\032\015\250\307"
 297      C9869BE5 
 297      3CCB1A0D 
ARM GAS  /tmp/ccYMBrZM.s 			page 23


 297      A8C7
 298 0717 2C992D58 		.ascii	",\231-X\274\033\311\177-G\333\246\362\020N\247X\257"
 298      BC1BC97F 
 298      2D47DBA6 
 298      F2104EA7 
 298      58AF
 299 0729 FCDC27D9 		.ascii	"\374\334'\331j\270\033\375\351\3058w/\016<\222\355t"
 299      6AB81BFD 
 299      E9C53877 
 299      2F0E3C92 
 299      ED74
 300 073b 212CB582 		.ascii	"!,\265\202\177\35557\375\261=%\312\234\341\262\243\334"
 300      7FED3537 
 300      FDB13D25 
 300      CA9CE1B2 
 300      A3DC
 301 074d 2100A510 		.ascii	"!\000\245\020\200C4\357*\304\335?\006\273\177\034v\275"
 301      804334EF 
 301      2AC4DD3F 
 301      06BB7F1C 
 301      76BD
 302 075f 0AE428C8 		.ascii	"\012\344(\310\347 G@\312A*A\252A\016;\344\342\335\217"
 302      E7204740 
 302      CA412A41 
 302      AA410E3B 
 302      E4E2DD8F 
 303 0773 1D2F3417 		.ascii	"\035/4\027~\312/\005\031\272\330\331\315[r4\204\320"
 303      7ECA2F05 
 303      19BAD8D9 
 303      CD5B7234 
 303      84D0
 304 0785 F2484493 		.ascii	"\362HD\223J?\340\214\236w\235Ye\334E\256\271\035\256"
 304      4A3FE08C 
 304      9E779D59 
 304      65DC45AE 
 304      B91DAE
 305 0798 6219BCC4 		.ascii	"b\031\274\304\031.+\"\361@\035feQ\341\252,f\207e\301"
 305      192E2B22 
 305      F1401D66 
 305      6551E1AA 
 305      2C668765 
 306 07ad 3AE8924B 		.ascii	":\350\222K\346\347\250l\342\002\327\253\232\373%\273"
 306      E6E7A86C 
 306      E202D7AB 
 306      9AFB25BB 
 307 07bd F38E70DB 		.ascii	"\363\216p\333\013g\321T\341\373&Fr=Q\200\277X\250"
 307      0B67D154 
 307      E1FB2646 
 307      723D5180 
 307      BF58A8
 308 07d0 8F69299C 		.ascii	"\217i)\234\000\353\177\331K\241\202\226\202\313(\243"
 308      00EB7FD9 
 308      4BA18296 
 308      82CB28A3 
 309 07e0 1A08EEFF 		.ascii	"\032\010\356\377\022h\360\243t\362T\323\002ya\235p("
 309      1268F0A3 
 309      74F254D3 
ARM GAS  /tmp/ccYMBrZM.s 			page 24


 309      0279619D 
 309      7028
 310 07f2 AC5AB1B0 		.ascii	"\254Z\261\260H\373\313\315\2211\206\230\230h\303\306"
 310      48FBCBCD 
 310      91318698 
 310      9868C3C6 
 311 0802 C8A84FB6 		.ascii	"\310\250O\266n1D\307\307F\232\342\014\2468SRP`\240V"
 311      6E3144C7 
 311      C7469AE2 
 311      0CA63853 
 311      525060A0 
 312 0817 B7D9B4D1 		.ascii	"\267\331\264\321\2646B\033\237\250\005\240vK|BR\242"
 312      B436421B 
 312      9FA805A0 
 312      764B7C42 
 312      52A2
 313 0829 3662FDFB 		.ascii	"6b\375\373!\301\354\275*d\3336\255H\021\030\345\361"
 313      21C1ECBD 
 313      2A64DB36 
 313      AD481118 
 313      E5F1
 314 083b DE077F5A 		.ascii	"\336\007\177Z\254\013\012\342\202\377kS\316[r\204L\355"
 314      AC0B0AE2 
 314      82FF6B53 
 314      CE5B7284 
 314      4CED
 315 084d 9B98141B 		.ascii	"\233\230\024\033\022l\210\212\211\217\372\204v\270\233"
 315      126C888A 
 315      898FFA84 
 315      76B89B
 316 085c 12FEBA1A 		.ascii	"\022\376\272\032\332\345oJ\314\010L\211\011\201\233"
 316      DAE56F4A 
 316      CC084C89 
 316      09819B
 317 086b 39F7E8D8 		.ascii	"9\367\350\330\31070^\263f\245v\345\373\241\177\013\022"
 317      C837305E 
 317      B366A576 
 317      E5FBA17F 
 317      0B12
 318 087d 8DC10A8C 		.ascii	"\215\301\012\214U\006\303VS\\\022\350I\313\265[\023"
 318      5506C356 
 318      535C12E8 
 318      49CBB55B 
 318      13
 319 088e 13B49109 		.ascii	"\023\264\221\011\261o\307\305\307\031\3376Fn4iMqQ1["
 319      B16FC7C5 
 319      C719DF36 
 319      466E3469 
 319      4D715131 
 320 08a3 A38DDAD8 		.ascii	"\243\215\332\330\310\250\315\2468\243\326\020m\334\024"
 320      C8A8CDA6 
 320      38A3D610 
 320      6DDC14
 321 08b2 B93526C9 		.ascii	"\2715&\311\220\264}\2131\021\354=$\353\337\274\306:"
 321      90B47D8B 
 321      3111EC3D 
 321      24EBDFBC 
ARM GAS  /tmp/ccYMBrZM.s 			page 25


 321      C63A
 322 08c4 717BA2D6 		.ascii	"q{\242\326\220\230\024\015P0\361\211\330\236\230d\214"
 322      9098140D 
 322      5030F189 
 322      D89E9864 
 322      8C
 323 08d5 D5C52718 		.ascii	"\325\305'\030ud\007x\235\036\353\"\364N\356G\305\307"
 323      75640778 
 323      9D1EEB22 
 323      F44EEE47 
 323      C5C7
 324 08e7 C6C6C769 		.ascii	"\306\306\307i\215\333\222\300\177\347\225o\012Y\026"
 324      8DDB92C0 
 324      7FE7956F 
 324      0A5916
 325 08f6 B22D0AB8 		.ascii	"\262-\012\270\274\326}\2507\254\007_V\0327\271\351V"
 325      BCD67DA8 
 325      37AC075F 
 325      561A37B9 
 325      E956
 326 0908 BDA70F76 		.ascii	"\275\247\017v\017\015_\241\217X\257W\254X\251\323\273"
 326      0F0D5FA1 
 326      8F58AF57 
 326      AC58A9D3 
 326      BB
 327 0919 87AE5B11 		.ascii	"\207\256[\021\024\366\001m\203\241U\302 4\036\244\233"
 327      14F6016D 
 327      83A155C2 
 327      20341EA4 
 327      9B
 328 092a 80C84730 		.ascii	"\200\310G0\371\300\272\325z\005\261\247$!^z\235N\242"
 328      F9C0BAD5 
 328      7A05B1A7 
 328      24215E7A 
 328      9D4EA2
 329 093d 5586FD65 		.ascii	"U\206\375e\375jpQ\257c\203A\352\210\015\021\360!\215"
 329      FD6A7051 
 329      AF638341 
 329      EA880D11 
 329      F0218D
 330 0950 E3B52BF4 		.ascii	"\343\265+\364\036\372\260\2100\375\237\303V\362\241"
 330      1EFAB088 
 330      30FD9FC3 
 330      56F2A1
 331 095f 7A3E42EF 		.ascii	"z>B\357\276v\335\372?\206m\320+\310\013\207\352\364"
 331      BE76DDFA 
 331      3F866DD0 
 331      2BC80B87 
 331      EAF4
 332 0971 8A0FF5EB 		.ascii	"\212\017\365\353\364\013V\255\011\215\010\227\314\376"
 332      F40B56AD 
 332      098D0897 
 332      CCFE
 333 097f 03F195A5 		.ascii	"\003\361\225\245r"
 333      72
 334              		.text
 335              		.section	.gnu.lto_.symtab.6aca4b1f982f9a3b,"",%progbits
ARM GAS  /tmp/ccYMBrZM.s 			page 26


 336 0000 68616C5F 		.ascii	"hal_lld_init\000"
 336      6C6C645F 
 336      696E6974 
 336      00
 337 000d 00       		.ascii	"\000"
 338 000e 00       		.ascii	"\000"
 339 000f 00       		.ascii	"\000"
 340 0010 00000000 		.ascii	"\000\000\000\000\000\000\000\000"
 340      00000000 
 341 0018 BD000000 		.ascii	"\275\000\000\000"
 342 001c 73746D33 		.ascii	"stm32_clock_init\000"
 342      325F636C 
 342      6F636B5F 
 342      696E6974 
 342      00
 343 002d 00       		.ascii	"\000"
 344 002e 00       		.ascii	"\000"
 345 002f 00       		.ascii	"\000"
 346 0030 00000000 		.ascii	"\000\000\000\000\000\000\000\000"
 346      00000000 
 347 0038 BF000000 		.ascii	"\277\000\000\000"
 348 003c 53797374 		.ascii	"SystemCoreClock\000"
 348      656D436F 
 348      7265436C 
 348      6F636B00 
 349 004c 00       		.ascii	"\000"
 350 004d 00       		.ascii	"\000"
 351 004e 00       		.ascii	"\000"
 352 004f 00000000 		.ascii	"\000\000\000\000\000\000\000\000"
 352      00000000 
 353 0057 D0000000 		.ascii	"\320\000\000\000"
 354 005b 69727149 		.ascii	"irqInit\000"
 354      6E697400 
 355 0063 00       		.ascii	"\000"
 356 0064 02       		.ascii	"\002"
 357 0065 00       		.ascii	"\000"
 358 0066 00000000 		.ascii	"\000\000\000\000\000\000\000\000"
 358      00000000 
 359 006e C1000000 		.ascii	"\301\000\000\000"
 360 0072 646D6149 		.ascii	"dmaInit\000"
 360      6E697400 
 361 007a 00       		.ascii	"\000"
 362 007b 02       		.ascii	"\002"
 363 007c 00       		.ascii	"\000"
 364 007d 00000000 		.ascii	"\000\000\000\000\000\000\000\000"
 364      00000000 
 365 0085 C3000000 		.ascii	"\303\000\000\000"
 366              		.text
 367              		.section	.gnu.lto_.opts,"",%progbits
 368 0000 272D666D 		.ascii	"'-fmath-errno' '-fsigned-zeros' '-ftrapping-math' '"
 368      6174682D 
 368      6572726E 
 368      6F272027 
 368      2D667369 
 369 0033 2D666E6F 		.ascii	"-fno-trapv' '-fno-openmp' '-fno-openacc' '-mcpu=cor"
 369      2D747261 
 369      70762720 
ARM GAS  /tmp/ccYMBrZM.s 			page 27


 369      272D666E 
 369      6F2D6F70 
 370 0066 7465782D 		.ascii	"tex-m4' '-mfloat-abi=hard' '-mfpu=fpv4-sp-d16' '-mn"
 370      6D342720 
 370      272D6D66 
 370      6C6F6174 
 370      2D616269 
 371 0099 6F2D7468 		.ascii	"o-thumb-interwork' '-mthumb' '-O3' '-fomit-frame-po"
 371      756D622D 
 371      696E7465 
 371      72776F72 
 371      6B272027 
 372 00cc 696E7465 		.ascii	"inter' '-falign-functions=16' '-ffunction-sections'"
 372      72272027 
 372      2D66616C 
 372      69676E2D 
 372      66756E63 
 373 00ff 20272D66 		.ascii	" '-fdata-sections' '-fno-common' '-flto'\000"
 373      64617461 
 373      2D736563 
 373      74696F6E 
 373      73272027 
 374              		.text
 375              		.comm	__gnu_lto_v1,1,1
 376              		.comm	__gnu_lto_slim,1,1
 377              		.ident	"GCC: (GNU Tools for Arm Embedded Processors 7-2018-q3-update) 7.3.1 20180622 (release) [AR
ARM GAS  /tmp/ccYMBrZM.s 			page 28


DEFINED SYMBOLS
                            *ABS*:0000000000000000 hal_lld.c
                            *COM*:0000000000000001 __gnu_lto_v1
                            *COM*:0000000000000001 __gnu_lto_slim

NO UNDEFINED SYMBOLS
