ARM GAS  /tmp/ccSmVR4f.s 			page 1


   1              		.cpu cortex-m4
   2              		.eabi_attribute 27, 1
   3              		.eabi_attribute 28, 1
   4              		.eabi_attribute 20, 1
   5              		.eabi_attribute 21, 1
   6              		.eabi_attribute 23, 3
   7              		.eabi_attribute 24, 1
   8              		.eabi_attribute 25, 1
   9              		.eabi_attribute 26, 1
  10              		.eabi_attribute 30, 2
  11              		.eabi_attribute 34, 1
  12              		.eabi_attribute 18, 4
  13              		.file	"hal_st_lld.c"
  14              		.section	.gnu.lto_.profile.61b36e8755c17b1e,"",%progbits
  15 0000 789C6363 		.ascii	"x\234cc```\001bF\206r\025\000\001\212\000\247"
  15      60606001 
  15      62468672 
  15      1500018A 
  15      00A7
  16              		.text
  17              		.section	.gnu.lto_.icf.61b36e8755c17b1e,"",%progbits
  18 0000 789C6363 		.ascii	"x\234cc``\020a@\000f\206\315\207\337_\343f\234\360\360"
  18      60601061 
  18      40006686 
  18      CD87DF5F 
  18      E3669CF0 
  19 0015 FB6B5EA6 		.ascii	"\373k^\246\313\267'\334\341d\000\000jK\011\352"
  19      CBB727DC 
  19      E1640000 
  19      6A4B09EA 
  20              		.text
  21              		.section	.gnu.lto_.jmpfuncs.61b36e8755c17b1e,"",%progbits
  22 0000 789C6363 		.ascii	"x\234cc``8\300\200\000L`\202q\0123c\363\257\375\237"
  22      606038C0 
  22      80004C60 
  22      82710A33 
  22      63F3AFFD 
  23 0015 F9EAFF36 		.ascii	"\371\352\3776H\314afX\300\014\024e\334\314X\317\300"
  23      48CC6166 
  23      58C00C14 
  23      65DCCC58 
  23      CFC0
  24 0027 78808591 		.ascii	"x\200\205\221\001\210\377\374\377\377\237\237\221\011"
  24      0188FFFC 
  24      FFFF9F9F 
  24      9109
  25 0035 A86E5AEB 		.ascii	"\250nZ\353\241\363\354\335\314@U\214\014\214[\030e@"
  25      A1F3ECDD 
  25      CC40558C 
  25      0C8C5B18 
  25      6540
  26 0047 98018F29 		.ascii	"\230\001\217)[1M\201i\003Z\316\002\322\364\364\344\344"
  26      5B314D81 
  26      69035ACE 
  26      02D2F4F4 
  26      E4E4
  27 0059 361E9091 		.ascii	"6\036\220\221\214@\361m@\343@\352e@z\030@\322]\277\256"
ARM GAS  /tmp/ccSmVR4f.s 			page 2


  27      8C40F16D 
  27      40E340EA 
  27      65407A18 
  27      40D25DBF 
  28 006e F77140A4 		.ascii	"\367q@\2449\030\267C\2459\300\322\014\000\265\3562\335"
  28      3918B743 
  28      A539C0D2 
  28      0C00B5EE 
  28      32DD
  29              		.text
  30              		.section	.gnu.lto_.inline.61b36e8755c17b1e,"",%progbits
  31 0000 789C6363 		.ascii	"x\234cc``\210f@\000&\006\006\221c\014\214\014L|W\374"
  31      60608866 
  31      40002606 
  31      0691630C 
  31      8C0C4C7C 
  32 0016 19D816C8 		.ascii	"\031\330\026\3103\201\004\031\271@2\334@\006\204\211"
  32      33810419 
  32      B94032DC 
  32      40068489 
  33 0026 8D804833 		.ascii	"\215\200H31\210\310\000I\231\007\267\030\341\272\231"
  33      3188C800 
  33      499907B7 
  33      18E1BA99 
  34 0036 79C0C632 		.ascii	"y\300\3062\000\000WW\006{"
  34      00005757 
  34      067B
  35              		.text
  36              		.section	.gnu.lto_.pureconst.61b36e8755c17b1e,"",%progbits
  37 0000 789C6363 		.ascii	"x\234cc```\003b&\206]\214LR\000\003\263\000\346"
  37      60606003 
  37      6226865D 
  37      8C4C5200 
  37      03B300E6 
  38              		.text
  39              		.section	.gnu.lto_VectorB0.61b36e8755c17b1e,"",%progbits
  40 0000 789C9554 		.ascii	"x\234\225T]L[e\030~\337\363\035Z\240\345\307]\231\205"
  40      5D4C5B65 
  40      187EDFF3 
  40      1D5AA0E5 
  40      C75D9985 
  41 0014 C492C805 		.ascii	"\304\222\310\005q\341\2709\243\027^h\360\206d\215f\354"
  41      71E1B839 
  41      A3175E68 
  41      F086648D 
  41      66EC
  42 0026 9E6C1D8E 		.ascii	"\236l\035\216&t]Z\\\266+\016P\004\342\210^\270\202\254"
  42      26745D5A 
  42      5CB62B0E 
  42      5004E288 
  42      5EB882AC 
  43 003a D8AAD3CD 		.ascii	"\330\252\323\315d\354\007\320\011sPAd?\216\001\333P"
  43      64EC07D0 
  43      09735041 
  43      643F8E01 
  43      DB50
  44 004c 87CA9F30 		.ascii	"\207\312\2370\330p\031\272\004\267L\360}\277\036*\375"
ARM GAS  /tmp/ccSmVR4f.s 			page 3


  44      D87019BA 
  44      04B74CF0 
  44      7DBF1E2A 
  44      FD
  45 005d C9164FD2 		.ascii	"\311\026O\322\323s\276\367y\177\236\347\373\236c\002"
  45      D373BEF7 
  45      797F9EE7 
  45      FB9E6302 
  46 006d 80551380 		.ascii	"\200U\023\200\025\001\266\3223\246\000*\357\017\001"
  46      1501B6D2 
  46      33A6002A 
  46      EF0F01
  47 007c 54A52A8A 		.ascii	"T\245*\212\030\316\001=]\015o\006\335*P\215,\253\210"
  47      18CE013D 
  47      5D0D6F06 
  47      DD2A508D 
  47      2CAB88
  48 008f FCA0A722 		.ascii	"\374\240\247\"T*B\305J<$>\020\330W7\327\245\344\037"
  48      542A42C5 
  48      4A3C243E 
  48      10D85737 
  48      D7A5E41F 
  49 00a3 D3E90A37 		.ascii	"\323\351\0127=\314\252\322k\237\016\010\000?\375\370"
  49      3DCCAAD2 
  49      6B9F0E08 
  49      003FFDF8 
  50 00b3 C20ECC07 		.ascii	"\302\016\314\007\202M\237Y9\234aRCk!\354D\223\022]\367"
  50      824D9F59 
  50      399C6152 
  50      436B21EC 
  50      4493125D 
  51 00c8 C9F4950B 		.ascii	"\311\364\225\013\351r\335/\020\342B\203\307\236k6\001"
  51      E972DD2F 
  51      10E24283 
  51      C79E6B36 
  51      01
  52 00d9 7EC94165 		.ascii	"~\311Ae]=\300\257\320\204g\321\024\237p\355\310&'p\300"
  52      5D3DC0AF 
  52      D08467D1 
  52      149F70ED 
  52      C8262770 
  53 00ee 2F447C6C 		.ascii	"/D|l&\270)(\000\277\346\240\312\301\021\337\351\200"
  53      26B82928 
  53      00BFE6A0 
  53      CAC111DF 
  53      E980
  54 0100 78570404 		.ascii	"xW\004\004\242J\257KWZf2\371UA\033\275~vi\264\327\""
  54      A24AAF4B 
  54      575A6632 
  54      F955411B 
  54      BD7E7669 
  55 0117 4EA01CEA 		.ascii	"N\240\034\352\213\223\0377[\363>\325\365j=<\326\"Nt"
  55      8B931F37 
  55      5BF33ED5 
  55      F56A3D3C 
  55      D6224E74 
  56 012b EA7AC3AB 		.ascii	"\352z\303\253\001!\360\033\024D\014\317a\016vc\216\344"
ARM GAS  /tmp/ccSmVR4f.s 			page 4


  56      0121F01B 
  56      14440CCF 
  56      610E7663 
  56      8EE4
  57 013d 1ED776EC 		.ascii	"\036\327v\354\010\301\316c\036`\027wN\211\241\321C4"
  57      08C1CE63 
  57      1E601777 
  57      4E89A1D1 
  57      4334
  58 014f 7A8906DF 		.ascii	"z\211\006\337\342\362\232\3327\244\030\272$\320\034"
  58      E2F29ADA 
  58      37A418BA 
  58      24D01C
  59 015e ACDBC2BA 		.ascii	"\254\333\302\272\2049h\216)\370-\025\354K\246\313\263"
  59      8439688E 
  59      29F82D15 
  59      EC4BA6CB 
  59      B3
  60 016f E5C001BF 		.ascii	"\345\300\001\277HM\324\345\345\343D\241\237\203i\011"
  60      484DD4E5 
  60      E5E344A1 
  60      9F836909 
  61 017f 645BFF17 		.ascii	"d[\377\027\331\273\255\004\033`\262\337%\222\375\236"
  61      D9BBAD04 
  61      1B60B2DF 
  61      2592FD9E 
  62 018f 661B64B2 		.ascii	"f\033d\262t\243\363\207t*N\215\246\204\365\225\325:"
  62      74A3F387 
  62      742A4E8D 
  62      A684F595 
  62      D53A
  63 01a1 A2BBB1F7 		.ascii	"\242\273\261\367\321|k~6B@\250\012\337\000\352\351\310"
  63      D17C6B7E 
  63      364240A8 
  63      0ADF00EA 
  63      E9C8
  64 01b3 D0E1D3C3 		.ascii	"\320\341\323\303\320@\333OO5aXD_h5(X\030.\336\325\265"
  64      D040DB4F 
  64      4F356158 
  64      445F6835 
  64      2858182E 
  65 01ca 386EAEFC 		.ascii	"8n\256\374GO\015\210\024\277H\247\252\027\260\222\003"
  65      474F0D88 
  65      14BF48A7 
  65      AA17B092 
  65      03
  66 01db FEDABEAB 		.ascii	"\376\332\276\253f\336M\223\334\300\232\207\275\177e"
  66      66DE4D93 
  66      DCC09A87 
  66      BD7F65
  67 01ea 128E4EA9 		.ascii	"\022\216N\251\211O#\257=\030\371\243\336\022\302\217"
  67      894F23AF 
  67      3D18F9A3 
  67      DE12C28F 
  68 01fa AAB203C2 		.ascii	"\252\262\003\302\214\227\350h_dV\214>\332Q\213\204n"
  68      8C97E868 
  68      5F64568C 
ARM GAS  /tmp/ccSmVR4f.s 			page 5


  68      3EDA518B 
  68      846E
  69 020c D6751B57 		.ascii	"\326u\033W\270\214!\224\035\361\007\254\014\220\204"
  69      B88C2194 
  69      1DF107AC 
  69      0C9084
  70 021b 8B58634B 		.ascii	"\213XcK2B\232_Xh\204+4B\200\206\271\215}\335\013\207"
  70      32429A5F 
  70      5868842B 
  70      34428086 
  70      B98D7DDD 
  71 0231 1A2C8C6C 		.ascii	"\032,\214l\021\270~*\213\234j\250m\371^z\344\225\345"
  71      11B87E2A 
  71      8B9C6AA8 
  71      6DF95E7A 
  71      E495E5
  72 0244 E353186A 		.ascii	"\343S\030j\275\225\3063\351\262\265\025\257\222\330"
  72      BD95C633 
  72      E9B2B515 
  72      AF92D8
  73 0253 43C65875 		.ascii	"C\306Xus\227\2073\2656\335W\305\261\014\034\246\261"
  73      73978733 
  73      B536DD57 
  73      C5B10C1C 
  73      A6B1
  74 0265 0E4BC7E1 		.ascii	"\016K\307\341\010j\324\256\346\321;\037\232#\335\224"
  74      086AD4AE 
  74      E6D13B1F 
  74      9A23DD94 
  75 0275 48C381D5 		.ascii	"H\303\201\325\345p\026wPQ\301Q\2523\213\276\361\376"
  75      E5701677 
  75      5051C151 
  75      AA338BBE 
  75      F1FE
  76 0287 AD068600 		.ascii	"\255\006\206\000\247\026\273\036dD\000\200\327\214]"
  76      A716BB1E 
  76      64440080 
  76      D78C5D
  77 0296 6D20F70C 		.ascii	"m \367\014\347\220\332\304\340\376|\343E\311 v\270\320"
  77      E790DAC4 
  77      E0FE7CE3 
  77      45C92076 
  77      B8D0
  78 02a8 E7BC538F 		.ascii	"\347\274S\217\237\357\372\177\363\335@m=\375\014j6F"
  78      9FEFFA7F 
  78      F3DD406D 
  78      3DFD0C6A 
  78      3646
  79 02ba 5973A800 		.ascii	"Ys\250\000\233\203\223\027\364\363*\307\004\332\360"
  79      9B839317 
  79      F4F32AC7 
  79      04DAF0
  80 02c9 478ADDC1 		.ascii	"G\212\335\301\352\351\216\246\316\011ds\020\036\226"
  80      EAE98EA6 
  80      CE096473 
  80      101E96
  81 02d8 98D027C1 		.ascii	"\230\320'\301\366\277\323s\253\225\240\336L=2\271m\333"
ARM GAS  /tmp/ccSmVR4f.s 			page 6


  81      F6BFD373 
  81      AB95A0DE 
  81      4C3D32B9 
  81      6DDB
  82 02ea CC393D95 		.ascii	"\3149=\225\316\014\340O\230+\007\271\267x}\\\241\025"
  82      CE0CE04F 
  82      982B07B9 
  82      B7787D5C 
  82      A115
  83 02fc FC195559 		.ascii	"\374\031UY\013\360\246\364\370\361\236\376Ykn\255\221"
  83      0BF0A6F4 
  83      F8F19EFE 
  83      596B6EAD 
  83      91
  84 030d 9DC5D83F 		.ascii	"\235\305\330?O\266\337\260\310\354q\316\306_P\245\261"
  84      4FB6DFB0 
  84      C8EC71CE 
  84      C65F50A5 
  84      B1
  85 031e AA2797DE 		.ascii	"\252'\227\336\273\377\226\234\015x\267'\027\032\273"
  85      BBFF969C 
  85      0D78B727 
  85      171ABB
  86 032d 37AE7D71 		.ascii	"7\256}qbw\334\312\037#\300_\215Mg\360T\307\331\004;"
  86      6277DCCA 
  86      1F23C05F 
  86      8D4D67F0 
  86      54C7D904 
  87 0342 9F8EDA39 		.ascii	"\237\216\3329#\306\025\277\021\271\011.0\221\254x&\307"
  87      23C615BF 
  87      11B9092E 
  87      3091AC78 
  87      26C7
  88 0354 0127D715 		.ascii	"\001'\327\025\277\323\270r\023\327L\036\213\316b\377"
  88      BFD3B872 
  88      13D74C1E 
  88      8BCE62FF 
  89 0364 034E1968 		.ascii	"\003N\031h\251\356\200T7\252<}dq\332P\367LS\3473\021"
  89      A9EE8054 
  89      37AA3C7D 
  89      6471DA50 
  89      F74C53E7 
  90 037a 331AE2AE 		.ascii	"3\032\342\256\004\247z,k\272MK\335f\244n\361\"\375\036"
  90      04A77A2C 
  90      6BBA4D4B 
  90      DD66A46E 
  90      F122FD1E 
  91 038e 15A97B8F 		.ascii	"\025\251{\217l\02195j\324\2445\223\015\201\264\344\016"
  91      6C113935 
  91      6AD4A435 
  91      930D81B4 
  91      E40E
  92 03a0 C9A6FCD9 		.ascii	"\311\246\374\331(\037_2\037\221\225\237\"\324\\\304"
  92      281F5F32 
  92      1F91959F 
  92      22D45CC4 
  93 03b0 CA4FF6EE 		.ascii	"\312O\366\356\255\307xw>\352\335\205'yw\003\365\274"
ARM GAS  /tmp/ccSmVR4f.s 			page 7


  93      ADC77877 
  93      3EEADD85 
  93      27797703 
  93      F5BC
  94 03c2 6D4C7617 		.ascii	"mLv\027\253C\313G#\231|\325\223pD\216$x\261\240@+,s"
  94      AB43CB47 
  94      23997CD5 
  94      9370448E 
  94      2478B1A0 
  95 03da EE72BE51 		.ascii	"\356r\276Q\254\271\275Z\331\316rm\237\333S\341\325\212"
  95      ACB9BD5A 
  95      D9CE726D 
  95      9FDB53E1 
  95      D58A
  96 03ec 77D85FD8 		.ascii	"w\330_\330\242m\333\366\272\266\243\310\276\1773GJ\274"
  96      A26DDBF6 
  96      BAB6A3C8 
  96      BE7F3347 
  96      4ABC
  97 03fe 1525E5E5 		.ascii	"\025%\345\345\273\013\034\220\233\230\345\366\322\315"
  97      BB0B1C90 
  97      9B98E5F6 
  97      D2CD
  98 040c 5321FF0B 		.ascii	"S!\377\013\312\342\021\024p\356u\224\277\275\273Ts\224"
  98      CAE21114 
  98      70EE7594 
  98      BFBDBB54 
  98      7394
  99 041e 790F7A09 		.ascii	"y\017z\011\241\305\"\034n\227\313\275\327h\376\332v"
  99      A1C5221C 
  99      6E97CBBD 
  99      D768FEDA 
  99      76
 100 042f 7BA1FD00 		.ascii	"{\241\375\000A\035nOi\311\376\227\\\2047\357\332\351"
 100      411D6E4F 
 100      69C9FE97 
 100      5C8437EF 
 100      DAE9
 101 0441 2D7DD3E3 		.ascii	"-}\323\343|%i^\351\201\012\316\322\012\355\305E\305"
 101      7C25695E 
 101      E9810ACE 
 101      D20AEDC5 
 101      45C5
 102 0453 5A21A569 		.ascii	"Z!\245iEk\015]^\247\267d\217\303AE\262\355\305\333m"
 102      456B0D5D 
 102      5EA7B764 
 102      8FC34145 
 102      B2EDC5DB 
 103 0468 5C689FC7 		.ascii	"\\h\237\307\271\311\226\367<(\0360\273J]n\317A\370\027"
 103      B9C996F7 
 103      3C281E30 
 103      BB4A5D6E 
 103      CF41F817 
 104 047c 8B20A412 		.ascii	"\213 \244\022"
 105              		.text
 106              		.section	.gnu.lto_st_lld_init.61b36e8755c17b1e,"",%progbits
 107 0000 789C9D94 		.ascii	"x\234\235\224\313KTQ\034\307\317\367\236;3w\324\214"
ARM GAS  /tmp/ccSmVR4f.s 			page 8


 107      CB4B5451 
 107      1CC7CFF7 
 107      9E3B3377 
 107      D48C
 108 0012 5A05CDA2 		.ascii	"Z\005\315\242\255-\274XD\177@m\002\245\205nCz,\024\004"
 108      AD2DBC58 
 108      447F406D 
 108      02A5856E 
 108      437A2C14 
 109 0027 232568D3 		.ascii	"#%h\323\\_3jRRiPS\014\024\212\013\261\361\221i\226\343"
 109      5C5F336A 
 109      52526950 
 109      530C148A 
 109      0BB1F191 
 110 003e 6499AFD1 		.ascii	"d\231\257\321\312\3621\255\202\314\322\"D(\012\265\337"
 110      CAF231AD 
 110      82CCD222 
 110      44280AB5 
 110      DF
 111 004f EFDC7146 		.ascii	"\357\334qFj\345\034\270\367\236\327\375|\316\357\274"
 111      6AE51CB8 
 111      F79ED7FD 
 111      7CCEEFBC 
 112 005f 9C42887A 		.ascii	"\234B\210z\207\020G\351\273\237\036H\001\2551*D\205"
 112      871047E9 
 112      BB9F1E48 
 112      01AD312A 
 112      4485
 113 0071 A1019CB1 		.ascii	"\241\001\234\261\014\010\257\006/\032\344M\211\210\177"
 113      0C08AF06 
 113      2F1AE44D 
 113      89887F
 114 0080 B14FCB6A 		.ascii	"\261O\313j\265(\205o\255\356\365Y5\373\002R\210fz8\241"
 114      B528856F 
 114      ADEEF559 
 114      35FB0252 
 114      88667A38 
 115 0095 0B5982BA 		.ascii	"\013Y\202\272}\014m4\355r\352v=\272\341\024\240L\307"
 115      7D0C6D34 
 115      ED72EA76 
 115      3DBAE114 
 115      A04CC7
 116 00a8 1B47D8DA 		.ascii	"\033G\330\332\330\364[\341\341\373X\317\337\003\021"
 116      D8F45BE1 
 116      E1FB58CF 
 116      DF0311
 117 00b7 90D0F825 		.ascii	"\220\320\370%\371\245\363K\210Z\372\207\304VX\324I\215"
 117      F9A5F34B 
 117      885AFA87 
 117      C45658D4 
 117      498D
 118 00c9 735561F1 		.ascii	"sUa\361\025\221\376/\203\305L\272-A\202\346\232\310"
 118      1591FE2F 
 118      83C54CBA 
 118      2D4182E6 
 118      9AC8
 119 00db 94EB8A0C 		.ascii	"\224\353\212\014H\015\354\213uL.\033v\321\012\326Z:"
ARM GAS  /tmp/ccSmVR4f.s 			page 9


 119      480DEC8B 
 119      754C2E1B 
 119      76D10AD6 
 119      5A3A
 120 00ed 553DE808 		.ascii	"U=\350\010\335A\020\367*h\250\007\002R\342\021<\350"
 120      DD4110F7 
 120      2A68A807 
 120      0252E211 
 120      3CE8
 121 00ff 814770FF 		.ascii	"\201Gp\377\353]3\247\314v\253\032\001\251\243\227\272"
 121      EB5D33A7 
 121      CC76AB1A 
 121      01A9A397 
 121      BA
 122 0110 35A900F0 		.ascii	"5\251\000\360\030&\271\252~\371`\2534\333\326=<\342"
 122      1826B9AA 
 122      7EF960AB 
 122      34DBD63D 
 122      3CE2
 123 0122 537850EA 		.ascii	"SxP\352#\006\215g\246^\365\331\221\251?iz\002\223\360"
 123      23068D67 
 123      A65EF5D9 
 123      91A93F69 
 123      7A0293F0 
 124 0136 2AB0B631 		.ascii	"*\260\2661\267m\223\333\003s\250\300\352\253\206:\015"
 124      B76D93DB 
 124      0373A8C0 
 124      EAAB863A 
 124      0D
 125 0147 BB68851B 		.ascii	"\273h\205\033\255L\252\232\377V\035JO\352\234xJ\272"
 125      AD4CAA9A 
 125      FF561D4A 
 125      4FEA9C78 
 125      4ABA
 126 0159 81B8AE7F 		.ascii	"\201\270\256\177\245\255\327\231\360=S>\236z\014\376"
 126      A5ADD799 
 126      F03D533E 
 126      9E7A0CFE 
 127 0169 13994EBA 		.ascii	"\023\231N\272\377C\331\001;\234d\017q,:\223\326\226"
 127      FF43D901 
 127      3B9C640F 
 127      712C3A93 
 127      D696
 128 017b 26EB32E3 		.ascii	"&\3532\343\254D$.\025I\264\375\347\2174\273\310\273"
 128      AC44242E 
 128      1549B4FD 
 128      E78F34BB 
 128      C8BB
 129 018d 87972878 		.ascii	"\207\227(x\367\263;.\013^\246\3057\360\234t\221\270"
 129      F7B33B2E 
 129      0B5EA6C5 
 129      37F09C74 
 129      91B8
 130 019f CEBF383E 		.ascii	"\316\2778>\235\311\272\012\036\212\216a%\324X\370\002"
 130      9DC9BA0A 
 130      1E8A8E61 
 130      25D458F8 
ARM GAS  /tmp/ccSmVR4f.s 			page 10


 130      02
 131 01b0 2675581D 		.ascii	"&uX\035o\271\304@\035\327<xi\207\262\266\024M\014`g"
 131      6FB9C440 
 131      1DD73C78 
 131      6987B2B6 
 131      144D0C60 
 132 01c5 F8118557 		.ascii	"\370\021\205W\373\365\225\302/\017<\234s\330\374MJ\273"
 132      FBF595C2 
 132      2F0F3C9C 
 132      73D8FC4D 
 132      4ABB
 133 01d7 31BAA598 		.ascii	"1\272\245\230JQ1\246\024:+\306\225\"1E:\004&\266\360"
 133      4A5131A6 
 133      143A2BC6 
 133      95223145 
 133      3A0426B6 
 134 01ec 7329E1DD 		.ascii	"s)\341\335\230Tx:\314\334\030n\250ls\345tpc\260S-X\024"
 134      9854783A 
 134      CCDC186E 
 134      A86C73E5 
 134      747063B0 
 135 0204 260E7AD4 		.ascii	"&\016z\324\346\233BNR7\237b4\323J\347d\336kB'x\013)"
 135      E69B424E 
 135      52379F62 
 135      34D34AE7 
 135      64DE6B42 
 136 021c F2DE289E 		.ascii	"\362\336(\236\213yo\267\363b)\362f\024\317`\336;5\333"
 136      8B796FB7 
 136      F36229F2 
 136      6614CF60 
 136      DE3B35DB 
 137 0230 3DFE8950 		.ascii	"=\376\211P\232=\333\300\373-\374\207\024\361\263\012"
 137      9A3DDBC0 
 137      FB2DFC87 
 137      14F1B30A 
 138 0240 EF66FC1C 		.ascii	"\357f\374\034\015\227y+\250\011n\266Hu\337\321\037}"
 138      0D97792B 
 138      A8096EB6 
 138      4875DFD1 
 138      1F7D
 139 0252 7D2B3197 		.ascii	"}+1\227w\3352\0022\255\231O\012\346\341\345\206O\243"
 139      77DD3202 
 139      32AD994F 
 139      0AE6E1E5 
 139      864FA3
 140 0265 377C193C 		.ascii	"7|\031<\220t\342/\300\303\347\374\367\354U\303\2562"
 140      9074E22F 
 140      C0C3E7FC 
 140      F7EC55C3 
 140      AE32
 141 0277 10832720 		.ascii	"\020\203' 3\304wT\006\377\264\252\243\251.\327Zb\320"
 141      33C47754 
 141      06FFB4AA 
 141      A3A92ED7 
 141      5A62D0
 142 028a 754827E0 		.ascii	"uH'\340Hv\266y\254\250\370L\361\311|\263\264\314,:]"
 142      4876B679 
ARM GAS  /tmp/ccSmVR4f.s 			page 11


 142      ACA8F84C 
 142      F1C97CB3 
 142      B4CC2C3A 
 143 029f 629E2FBD 		.ascii	"b\236/\275P^f\346\027\344\035>d\346\346\0367\013N\344"
 143      505E66E6 
 143      17E41D3E 
 143      64E6E61E 
 143      370B4EE4 
 144 02b3 5DCCE196 		.ascii	"]\314\341\226\302\262\362\302\222\222s\331g\305_\255"
 144      C2B2F2C2 
 144      929273D9 
 144      67C55FAD 
 145 02c3 5DDDD6   		.ascii	"]\335\326"
 146              		.text
 147              		.section	.gnu.lto_.symbol_nodes.61b36e8755c17b1e,"",%progbits
 148 0000 789C55C9 		.ascii	"x\234U\311\273\015\3020\024\205\341\343\3438/\0326\210"
 148      BB0DC230 
 148      1485E1E3 
 148      E3382F1A 
 148      3688
 149 0012 C42430D9 		.ascii	"\304$0\331u\021\021\211\212!\262\004\341\015\256\231"
 149      75111189 
 149      8A21B204 
 149      E10DAE99 
 150 0022 81226524 		.ascii	"\201\"e$6@8\256\270\315\371\245\357\344\000\226&\016"
 150      364038AE 
 150      B8CDF9A5 
 150      EFE40096 
 150      260E
 151 0034 0F1460FF 		.ascii	"\017\024`\377\002b\006\277\001\334\211\360+\300r\240"
 151      026206BF 
 151      01DC89F0 
 151      2BC072A0 
 152 0044 1875991B 		.ascii	"\030u\231\033\205I\000\357\327\021\256\024\253\340B"
 152      854900EF 
 152      D711AE14 
 152      ABE042
 153 0053 C9143C29 		.ascii	"\311\024<)N\301\203\222+\270S\012\005gJ\251\340H\251"
 153      4EC18392 
 153      2BB8530A 
 153      05674AA9 
 153      E048A9
 154 0066 14044AFD 		.ascii	"\024\004J\375\017\0265\372\367\327XT\010\251%\302\366"
 154      0F1635FA 
 154      F7D75854 
 154      08A925C2 
 154      F6
 155 0077 E32C0A8C 		.ascii	"\343,\012\214\2519\332n\256C\273\233\032\213\014}\252"
 155      A939DA6E 
 155      AE43BB9B 
 155      1A8B0C7D 
 155      AA
 156 0088 4598CB05 		.ascii	"E\230\313\005\306nj\360\003\036\035B\375"
 156      C66E6AF0 
 156      031E1D42 
 156      FD
 157              		.text
ARM GAS  /tmp/ccSmVR4f.s 			page 12


 158              		.section	.gnu.lto_.refs.61b36e8755c17b1e,"",%progbits
 159 0000 789C6363 		.ascii	"x\234cc``\340\004b&\006&FF&FA\006\000\001D\000*"
 159      6060E004 
 159      62260626 
 159      46462646 
 159      41060001 
 160              		.text
 161              		.section	.gnu.lto_.decls.61b36e8755c17b1e,"",%progbits
 162 0000 789CB558 		.ascii	"x\234\265X{PTYz\357sO\3234\315\313\002k\313\332\230"
 162      7B505459 
 162      7AEF734F 
 162      D334CDCB 
 162      026BCBDA 
 163 0015 8A4EDC92 		.ascii	"\212N\334\222\255dl@w\223T&\311h\213#\225a\234m\234"
 163      AD646C40 
 163      77935426 
 163      C9688B23 
 163      95619C6D 
 164 002a 54B2FB47 		.ascii	"T\262\373G/\266\355@\205\307\204\307\304Ime/4\270\200"
 164      2FB6ED40 
 164      85C784C7 
 164      C4496D65 
 164      2F34B880 
 165 003e 8ECAE828 		.ascii	"\216\312\350(\342\013\304\027\212#\250\210\200\012\322"
 165      E20BC417 
 165      8A23A888 
 165      800AD2
 166 004d 8AD8A022 		.ascii	"\212\330\240\"\"\010\210\362\366\315S\036\212B\276s"
 166      220888F2 
 166      F6CD531E 
 166      8A42BE73 
 167 005d CEBDDCDB 		.ascii	"\316\275\334\333\227\306}\324\346\026_\337\373\235\373"
 167      97C67DD4 
 167      E6165FDF 
 167      FB9DFB
 168 006c FB7EE73B 		.ascii	"\373~\347;\337w\036\337E\243R\251R\377B\245\362tQ\251"
 168      DF771EDF 
 168      45A352A9 
 168      52FF42A5 
 168      F27451A9 
 169 0080 7622956A 		.ascii	"v\"\225j\012.\014mW@8\341nW\261\313\035\244\036\244"
 169      0A2E0C6D 
 169      574038E1 
 169      6E57B1CB 
 169      1DA41EA4 
 170 0094 01A411A4 		.ascii	"\001\244\021\244\025\244\015\344\021H\007H\027H\017"
 170      15A40DE4 
 170      11480748 
 170      17480F
 171 00a3 C8639017 		.ascii	"\310c\220\027 @\247\032P9^G\240q\016\334\177\015\342"
 171      2040A71A 
 171      50395E47 
 171      A0710EDC 
 171      7F0DE2
 172 00b6 033257E0 		.ascii	"\0032W\340_\0142(\364W\001\322\0022\004r\007\344g`\263"
 172      5F0C3228 
 172      F45701D2 
ARM GAS  /tmp/ccSmVR4f.s 			page 13


 172      02320472 
 172      07E46760 
 173 00cb 0C640C9E 		.ascii	"\014d\014\236\177\016\367\177D\214{!\374\370\012>\375"
 173      7F0EF77F 
 173      448C7B21 
 173      FCF80A3E 
 173      FD
 174 00dc 133CFF0B 		.ascii	"\023<\377\013\310r\020\003H0\310\277\202\204\200\254"
 174      C8721003 
 174      4830C8BF 
 174      828480AC 
 175 00ec 01F90562 		.ascii	"\001\371\005b~\365\010~\206\"\346\363#a\014\255\302"
 175      7EF5087E 
 175      8622E6F3 
 175      23610CAD 
 175      C2
 176 00fd 989CF99C 		.ascii	"\230\234\371\234\007\215\236\202\317\304\317\004\320"
 176      078D9E82 
 176      CFC4CF04 
 176      D0
 177 010a E3047F92 		.ascii	"\343\004\177\222\340\316#\311G\027\020+bcz\016\242\003"
 177      E0CE23C9 
 177      4717102B 
 177      62637A0E 
 177      A203
 178 011c 3183FE1B 		.ascii	"1\203\376\033\220\000\220\371 \177\011\362W \013@\026"
 178      900090F9 
 178      207F09F2 
 178      57200B40 
 178      16
 179 012d 81E84116 		.ascii	"\201\350A\026#\026\357\006!v\312k'Fw\222\013\366\341"
 179      2316EF06 
 179      2176CA6B 
 179      27467792 
 179      0BF6E1
 180 0140 CD18F9E8 		.ascii	"\315\030\371\350\220\032\324\301\233Y]^\240\316\325"
 180      901AD4C1 
 180      9B595D5E 
 180      A0CED5
 181 014f A105A066 		.ascii	"\241\005\240f\225\275\262\273\260\267ZPk\3063>\325\245"
 181      95BDB2BB 
 181      B0B75A50 
 181      6BC6333E 
 181      D5A5
 182 0161 F270655B 		.ascii	"\362pe[y\267\325\244\371\034\232\217\316\242\3710\306"
 182      79B7D5A4 
 182      F91C9A8F 
 182      CEA2F930 
 182      C6
 183 0172 F308DC42 		.ascii	"\363\010\334B\372\371\250\010T\000\237<\177\244\024"
 183      FAF9A808 
 183      54009F3C 
 183      7FA414
 184 0181 315B3750 		.ascii	"1[7P7_+\252\302\214\271\232\274\2767~\351\215\007\346"
 184      375F2BAA 
 184      C28CB99A 
 184      BCBE377E 
ARM GAS  /tmp/ccSmVR4f.s 			page 14


 184      E98D07E6 
 185 0195 103CABF3 		.ascii	"\020<\253\363\255'\006\324\310o>\0022\244;\312\263K"
 185      AD2706D4 
 185      C86F3E02 
 185      32A43BCA 
 185      B34B
 186 01a7 AB429790 		.ascii	"\253B\227\220\016\225 ,\372\233\305C\347\003\277%\315"
 186      0E95202C 
 186      FA9BC543 
 186      E703BF25 
 186      CD
 187 01b8 F0ACA577 		.ascii	"\360\254\245whI\342\371\\\036\317S\241\245\363\221\377"
 187      6849E2F9 
 187      5C1ECF53 
 187      A1A5F391 
 187      FF
 188 01c9 7C152A45 		.ascii	"|\025*E~\364\225\012]\004\3022\346N\321\313S\231\032"
 188      7EF4950A 
 188      5D04C232 
 188      E64ED1CB 
 188      53991A
 189 01dc 9FED8418 		.ascii	"\237\355\204\030~>F\224\373\002\274/\246\336_F>\342"
 189      7E3E4694 
 189      FB02BC2F 
 189      A6DE5F46 
 189      3EE2
 190 01ee 1808BA70 		.ascii	"\030\010\272p_\365k7\235\300\235\372\373\270\371\366"
 190      5FF56B37 
 190      9DC09DFA 
 190      FBB8F9F6 
 191 01fe D27CAD9C 		.ascii	"\322|\255\234\273\374}\334\231;\254\265\236\036\351"
 191      BBFC7DDC 
 191      993BACB5 
 191      9E1EE9
 192 020d 849B85B1 		.ascii	"\204\233\205\261\002\371\310\342x\005y\220\261\222;"
 192      02F9C8E2 
 192      78057990 
 192      B1923B
 193 021c 80DBAAF3 		.ascii	"\200\333\252\363N\222\260-\326!\262\212\274\241\351"
 193      4E92B02D 
 193      D621B28A 
 193      BCA1E9
 194 022b F48B92D7 		.ascii	"\364\213\222\327\236\254\211\320]K?\275\012\273\322"
 194      9EAC89D0 
 194      5D4B3FBD 
 194      0ABBD2
 195 023a C7DC5EEB 		.ascii	"\307\334^\353\011\315\222|1~\277Q\241\253B\360\340e"
 195      09CD927C 
 195      317EBF51 
 195      A1AB42F0 
 195      E065
 196 024c FDB6A1C3 		.ascii	"\375\266\241\303\2568\210\000\271G\315\023\017\274\220"
 196      AE388800 
 196      B947CD13 
 196      0FBC90
 197 025b CE2F75DA 		.ascii	"\316/u\332\011\325\264\007\250\032\206\010\334\327\320"
 197      09D5B407 
ARM GAS  /tmp/ccSmVR4f.s 			page 15


 197      A81A8608 
 197      DCD7D0
 198 026a 1215B241 		.ascii	"\022\025\262Ac%4\322\234T\\\317\372\347=C<\277\000]"
 198      632534D2 
 198      9C545CCF 
 198      FAE73D43 
 198      3CBF005D 
 199 027e 87F15521 		.ascii	"\207\361U!L1\340\352bady\2073\016ip\012\242}\224\355"
 199      4C31E0EA 
 199      62616479 
 199      87330E69 
 199      700AA27D 
 200 0294 EDB9C6CD 		.ascii	"\355\271\306\315\326G\315\254}\214\345}P\225\302\363"
 200      D647CDAC 
 200      7D8CE57D 
 200      5095C2F3 
 201 02a4 1CB2431F 		.ascii	"\034\262C\0377\244>\256\323\360\221V\350\350qn\3356"
 201      37A43EAE 
 201      D3F09156 
 201      E8E8716E 
 201      DD36
 202 02b6 F408B591 		.ascii	"\364\010\265\221\321\2419t\204\010\261_\270\023\241"
 202      D1A13974 
 202      8408B15F 
 202      B813A1
 203 02c5 FA947821 		.ascii	"\372\224x!\326\016\255\034yM\027$\022\261\342%\266\250"
 203      D60EAD1C 
 203      794D1724 
 203      12B1E225 
 203      B6A8
 204 02d7 38818313 		.ascii	"8\201\203\023y\351\037\022\376\220\214\225\275g\335"
 204      79E91F12 
 204      FE908C95 
 204      BD67DD
 205 02e6 4DD3303C 		.ascii	"M\3230<\363G%v'\274\343\304~T\016]\203\256\364\325\361"
 205      F3472576 
 205      27BCE3C4 
 205      7E540E5D 
 205      83AEF4D5 
 206 02fb 2D9AE662 		.ascii	"-\232\346b+\232D\373\356\353\007\365\336\355\350!4\377"
 206      2B9A44FB 
 206      EEEB07F5 
 206      DEEDE821 
 206      34FF
 207 030d 87976ABB 		.ascii	"\207\227j\2736\232\316\201\227\375/\216y\341\013\210"
 207      369ACE81 
 207      97FD2F8E 
 207      79E10B88 
 208 031d CD8DA9B1 		.ascii	"\315\215\251\261\012o\266\00692\005\006j\367\273\263"
 208      0A6FB606 
 208      39320506 
 208      6AF7BBB3 
 209 032d 353807D4 		.ascii	"58\007\324\374-S;]\346\355\242\323\326\312\317\341\320"
 209      FC2D533B 
 209      5DE6EDA2 
 209      D3D6CACF 
 209      E1D0
ARM GAS  /tmp/ccSmVR4f.s 			page 16


 210 033f AF7F84EA 		.ascii	"\257\177\204\352 \031\267\351<\274\203\346\301o\264"
 210      2019B7E9 
 210      3CBC83E6 
 210      C16FB4
 211 034e 9A75666F 		.ascii	"\232ufoh\371\237\017\262\371\354v\276\342\366\205e\345"
 211      68F99F0F 
 211      B2F9EC76 
 211      BEE2F685 
 211      65E5
 212 0360 959BF83A 		.ascii	"\225\233\370:0\373\230\302\320-)M\267hJn\242v\204j!"
 212      30FB98C2 
 212      D02D294D 
 212      B7684A6E 
 212      A276846A 
 213 0375 432A548F 		.ascii	"C*T\217> \373\312\226\376lo<\306\274Jm\270\177\317K"
 213      3E20FBCA 
 213      96FE6C6F 
 213      3CC6BC4A 
 213      6DB87FCF 
 214 038a 20BB55E3 		.ascii	" \273U\343\221\305W\300*\203\214\023\252\273\022\325"
 214      91C557C0 
 214      2A838C13 
 214      AABB12D5 
 215 039a 5D255503 		.ascii	"]%U\003\245z40|\335\035[\351\316\201\352/Vvy\002U;\231"
 215      A57A3430 
 215      7CDD1D5B 
 215      E9CE81EA 
 215      2F567679 
 216 03b2 3976BF77 		.ascii	"9v\277w\005O\370T\035s\352\236\304tOX\005\250\2212\330"
 216      054FF854 
 216      1D73EA9E 
 216      C4744F58 
 216      05A89132 
 217 03c7 0E6DEE46 		.ascii	"\016m\356F\270\2121t\214O]\365\220\257F\262v\245\325"
 217      B88A3174 
 217      8C4F5DF5 
 217      90AF46B2 
 217      76A5D5
 218 03da 789FAD46 		.ascii	"x\237\255F\000\336\256\371~\227\267\232cm$.\3206e\335"
 218      00DEAEF9 
 218      7E97B79A 
 218      636D242E 
 218      D03665DD 
 219 03ee 333A7B04 		.ascii	"3:{\004[h\004\233\221\020\302\336\326\206]\234\340\353"
 219      5B68049B 
 219      9110C2DE 
 219      D6865D9C 
 219      E0EB
 220 0400 44CBB24B 		.ascii	"D\313\262K\347\370d\027\202AM\222\247M\242\247\255\324"
 220      E7F86417 
 220      82414D92 
 220      A74DA2A7 
 220      ADD4
 221 0412 D3C66D2F 		.ascii	"\323\306m/\007]\360\004\363tx\370\306m\027\301\336\366"
 221      075DF004 
 221      F37478F8 
 221      C66D17C1 
ARM GAS  /tmp/ccSmVR4f.s 			page 17


 221      DEF6
 222 0424 EC6F4F52 		.ascii	"\354oOR{2\322\007\222\375\003\321\276\215\332w\214X"
 222      7B32D207 
 222      92FD03D1 
 222      BE8DDA77 
 222      8C58
 223 0436 9B5DF139 		.ascii	"\233]\3619L\355\233\252F\354\242\275\375o\262\370J\026"
 223      4CED9BAA 
 223      46ECA2BD 
 223      FD6FB2F8 
 223      4A16
 224 0448 F18792F5 		.ascii	"\361\207\222\365C\321\372\021\265N+\266}\213\361mfm"
 224      43D1FA11 
 224      B54E2BB6 
 224      7D8BF16D 
 224      666D
 225 045a 2F1AAE45 		.ascii	"/\032\256E\202\365\335\267\037\325L\367\336.\331\267"
 225      82F5DDB7 
 225      1FD54CF7 
 225      DE2ED9B7 
 226 046a 8BF61DD4 		.ascii	"\213\366\035\324\276\355\354\201\327\032\234\254\246"
 226      BEEDEC81 
 226      D71A9CAC 
 226      A6
 227 0477 F637371D 		.ascii	"\36677\035\350\321M{\277@\362\276S\262\357\024\355\273"
 227      E8D14D7B 
 227      BF40F2BE 
 227      53B2EF14 
 227      EDBB
 228 0489 A87DAE6D 		.ascii	"\250}\256mt\304\003\357g\366\247j\012\266\213\375\327"
 228      74C403EF 
 228      67F6A76A 
 228      0AB68BFD 
 228      D7
 229 049a 4BDE774B 		.ascii	"K\336wK\326\335\242u\017\265\356)xp\215\303g\230u\335"
 229      D6DDA275 
 229      0FB5EE29 
 229      78708DC3 
 229      679875DD 
 230 04ae 5E6BB5F7 		.ascii	"^k\265\367t\354\375\245\330\367J\366\275\242\375cj\277"
 230      74ECFDA5 
 230      D8F74AF6 
 230      BDA2FD63 
 230      6ABF
 231 04c0 B7A13397 		.ascii	"\267\2413\227\3036f\177\375x\321\025D\223O\266%\226"
 231      C336667F 
 231      FD78D115 
 231      44934FB6 
 231      2596
 232 04d2 FC9AB163 		.ascii	"\374\232\261c\345\352\351\266\247\2106\016^~\270\213"
 232      E5EAE9B6 
 232      A788360E 
 232      5E7EB88B 
 233 04e2 9B75463C 		.ascii	"\233uF<\2473\342\2318#\016\237\331w\322C\360\252+\013"
 233      A733E299 
 233      38230E9F 
 233      D977D243 
ARM GAS  /tmp/ccSmVR4f.s 			page 18


 233      F0AA2B0B 
 234 04f6 1FB06DAA 		.ascii	"\037\260m\252\370\234\202\320\023\311\255'\242[/\250"
 234      F89C82D0 
 234      13C9AD27 
 234      A25B2FA8 
 235 0506 5B577775 		.ascii	"[Wwutp\013\223\\\016\302\371\007\007\007\235\302[\246"
 235      74700B93 
 235      5C0EC2F9 
 235      0707079D 
 235      C25BA6
 236 0519 9ABCF116 		.ascii	"\232\274\361\026\027\352i\316\315\341]:\234\305\224"
 236      17EA69CE 
 236      CDE15D3A 
 236      9CC594
 237 0528 238FB30E 		.ascii	"#\217\263\016\272\376$\227\257\253 \313\366\243\362"
 237      BAFE2497 
 237      AFAB20CB 
 237      F6A3F2
 238 0537 A37CEAF6 		.ascii	"\243|\352\366Dj\207\372\241\007X\233\262c\252\017Z^"
 238      446A87FA 
 238      A107589B 
 238      B263AA0F 
 238      5A5E
 239 0549 A2852A34 		.ascii	"\242\205*4\200~\002\266I\225u\231Z\371\302 \341\222"
 239      807E02B6 
 239      49957599 
 239      5AF9C220 
 239      E192
 240 055b 16C6A070 		.ascii	"\026\306\240pL\015\322c\352\340\333\211=^r\360\035\007"
 240      4C0DD263 
 240      EAE0DB89 
 240      3D5E72F0 
 240      1D07
 241 056d F090001E 		.ascii	"\360\220\000\036\242\340\342\216\357\313\335\330\256"
 241      A2E0E28E 
 241      EFCBDDD8 
 241      AE
 242 057a 749F7859 		.ascii	"t\237xY\334w\262\330\223mK\025tc\353\315I\366`\357\353"
 242      DC77B2D8 
 242      936D4B15 
 242      7463EBCD 
 242      49F660EF 
 243 058f 886E6BBC 		.ascii	"\210nk\274>\240\306\271lH\231\365\205A\344`\266\376"
 243      3EA0C6B9 
 243      6C4899F5 
 243      8541E460 
 243      B6FE
 244 05a1 41670A18 		.ascii	"Ag\012\030\324\326N\334t\301y\314Z\254B|\204*dg\251"
 244      D4D64EDC 
 244      74C179CC 
 244      5AAC427C 
 244      842A6467 
 245 05b6 ADCC1DE7 		.ascii	"\255\314\035\347\263\227]\351\2356\015.d\212\350\224"
 245      B3975DE9 
 245      9D360D2E 
 245      648AE894 
 246 05c6 8FE0D4C1 		.ascii	"\217\340\324\301\326\021;\302E\354eY\361\305*\241.\362"
ARM GAS  /tmp/ccSmVR4f.s 			page 19


 246      D6113BC2 
 246      45EC6559 
 246      F1C52AA1 
 246      2EF2
 247 05d8 97EDAB3E 		.ascii	"\227\355\253>l_=\337{\243J\307\306\303#\320/\325?\370"
 247      6C5F3DDF 
 247      7BA34AC7 
 247      C6C323D0 
 247      2FD53FF8 
 248 05ec 189732CB 		.ascii	"\030\2272\313\312\241\202c\302\3300\250\355\333mS\336"
 248      CAA18263 
 248      C2D830A8 
 248      EDDB6D53 
 248      DE
 249 05fd B3965456 		.ascii	"\263\226TVN(\251\2228:\224\221\355\005\253\2442CM\347"
 249      4E28A992 
 249      383A9491 
 249      ED05ABA4 
 249      32434DE7 
 250 0611 1DCFCD47 		.ascii	"\035\317\315GS\024\235\314\371\2106\004\234\330q\344"
 250      53149DCC 
 250      F9883604 
 250      9CD871E4 
 251 0621 A1971C3D 		.ascii	"\241\227\034=\366>\364\017\271Gv\353\360e\346\344\336"
 251      F63EF40F 
 251      B94776EB 
 251      F065E6E4 
 251      DE
 252 0632 E1B6A742 		.ascii	"\341\266\247B\202\374@=:Zf\325\342J\366n\307\345\375"
 252      82FC403D 
 252      3A5A66D5 
 252      E24AF66E 
 252      C7E5FD
 253 0645 375D7115 		.ascii	"7]q\025S\304r\321\207\225\213IM+\260\235\275)\317\370"
 253      53C472D1 
 253      87958B49 
 253      4D2BB09D 
 253      BD29CFF8 
 254 0659 0E4EE75B 		.ascii	"\016N\347[L\351K\356i\027\3423\017\324\357k\236/\306"
 254      4CE94BEE 
 254      6917E233 
 254      0FD4EF6B 
 254      9E2FC6
 255 066c 77D9ABC9 		.ascii	"w\331\253\311j\333b\334\314\236\253\316\037?\206\360"
 255      6ADB62DC 
 255      CC9EABCE 
 255      1F3F86F0 
 256 067c 23A60C65 		.ascii	"#\246\014eU=\327\341.\246d\327\357\273\240\305\275L"
 256      553DD7E1 
 256      2EA664D7 
 256      EFBBA0C5 
 256      BD4C
 257 068e 393ABEEB 		.ascii	"9:\276\353\250\007~\316\224\206\222{\251\356x\200)\251"
 257      A8077ECE 
 257      9486927B 
 257      A9EE7880 
 257      29A9
ARM GAS  /tmp/ccSmVR4f.s 			page 20


 258 06a0 858599EE 		.ascii	"\205\205\231\356\370\025S\222\312\2323\204\263\257\235"
 258      F8155392 
 258      CA9A3384 
 258      B3AF9D
 259 06af E8DD47BA 		.ascii	"\350\335G\272\263\335\204\254h@O\257\257\035Cx\234\201"
 259      B3DD84AC 
 259      68404FAF 
 259      AF1D4378 
 259      9C81
 260 06c1 33068676 		.ascii	"3\006\206vhf\315\303\0361\017\3764\015\305E\271\375"
 260      6866CDC3 
 260      1E310FFE 
 260      340DC545 
 260      B9FD
 261 06d3 5A651E5E 		.ascii	"Ze\036^!V\371\252P\026\215\354\0361\262W\257^z\207\224"
 261      2156F9AA 
 261      50168DEC 
 261      1E31B257 
 261      AF5E7A87 
 262 06e8 79980DFD 		.ascii	"y\230\015\375\243\212\337e\247\270\243E\354\362]$^~"
 262      A38ADF65 
 262      A7B8A345 
 262      ECF25D24 
 262      5E7E
 263 06fa E4E7109F 		.ascii	"\344\347\020\237l\345+\372\313qZa\367\235D\376\360<"
 263      6CE52BFA 
 263      CB715A61 
 263      F79D44FE 
 263      F03C
 264 070c 4A95CAC1 		.ascii	"J\225\312\301N\311\371J\353\340w\034\341=G\330U\314"
 264      4EC9F94A 
 264      EBE0771C 
 264      E13D47D8 
 264      55CC
 265 071e A4F3B770 		.ascii	"\244\363\267p\306&c\012\337\246\204\177K\341\001\022"
 265      C626630A 
 265      DFA6847F 
 265      4BE10112 
 266 072e BA5286DE 		.ascii	"\272R\206\336\241D3\247Et\"_\321\222\212\023)<\205\363"
 266      A14433A7 
 266      4574225F 
 266      D1928A13 
 266      293C85F3 
 267 0742 4189025C 		.ascii	"A\211\002\\\234fh\022)}\261\313\330\277s\316.\207\327"
 267      9C666812 
 267      297DB1CB 
 267      D8BF73CE 
 267      2E87D7
 268 0755 CBE0194A 		.ascii	"\313\340\031J\370\024R\270>\224\212%\370\033\244\200"
 268      F81452B8 
 268      3E948A25 
 268      F81BA480 
 269 0765 BF96B167 		.ascii	"\277\226\261g\010\371\340a/F\273\301\335]4\014\004\017"
 269      08F9E061 
 269      2F46BBC1 
 269      DD5D340C 
 269      040F
ARM GAS  /tmp/ccSmVR4f.s 			page 21


 270 0777 1B083AC5 		.ascii	"\033\010:\305\371\241c\334\"t\030\344\000H6H\016\310"
 270      F9A163DC 
 270      227418E4 
 270      00483648 
 270      0EC8
 271 0789 6990FD20 		.ascii	"i\220\375 G@\362@\216\203\024\202\354\003)\0009\010"
 271      4740F240 
 271      8E831482 
 271      EC032900 
 271      3908
 272 079b 7212E428 		.ascii	"r\022\344(\310!\220\037@N\200\344s\213\350&\316\334"
 272      C821901F 
 272      404E80E4 
 272      738BE826 
 272      CEDC
 273 07ad 7CF3BF92 		.ascii	"|\363\277\222\227;\225\203\322+C\360L\026\202\255\316"
 273      973B9583 
 273      D22B43F0 
 273      4C1682AD 
 273      CE
 274 07be B3E70097 		.ascii	"\263\347\000\227\307`\302y\014\344!\223\371\362\275"
 274      C760C279 
 274      0CE42193 
 274      F9F2BD
 275 07cd 535F64   		.ascii	"S_d"
 276 07d0 E0373257 		.ascii	"\34072W6+\301\3513\\\031\222\301\2678\207\313\347]\232"
 276      362BC1E9 
 276      335C1992 
 276      C1B73887 
 276      CBE75D9A 
 277 07e4 CCF151A5 		.ascii	"\314\361Q\245\343#3\246F\247|\240\357\224\370\267\216"
 277      E32333A6 
 277      46A77CA0 
 277      EF94F8B7 
 277      8E
 278 07f5 7898A3F6 		.ascii	"x\230\243\3664a\246\356\205\231\232)\270#.D4,\005\206"
 278      3461A6EE 
 278      85999A29 
 278      B8232E44 
 278      342C0586 
 279 0809 7D88F44D 		.ascii	"}\210\364M\372$\302\364 (\225p\026K\031\234L\305%\347"
 279      FA24C2F4 
 279      20289570 
 279      164B199C 
 279      4CC525E7 
 280 081d 783E4D43 		.ascii	"x>MC;\037w\356\254ll-\262Hlw>\215\035f\275|h\233\224"
 280      3B1F77EE 
 280      AC6C6C2D 
 280      B2486C77 
 280      3E8D1D66 
 281 0836 F849257B 		.ascii	"\370I%{\245\034\236\346|?\240pR\224\3256\036\367\302"
 281      A51C9EE6 
 281      7C3FA070 
 281      5294D536 
 281      1EF7C2
 282 0849 6734F41B 		.ascii	"g4\364\033\255(\2659\337\033\371\371\262\0217\246a+"
 282      AD28B539 
ARM GAS  /tmp/ccSmVR4f.s 			page 22


 282      DF1BF9F9 
 282      B21137A6 
 282      612B
 283 085b 19F139B0 		.ascii	"\031\3619\260>\303M\027 $\000\263,\030t\026\326\311"
 283      3EC34D17 
 283      202400B3 
 283      2C187416 
 283      D6C9
 284 086d FFF79A01 		.ascii	"\377\367\232\001\247K\313s\212\325\362\362\342\234l"
 284      A74BCB73 
 284      8AD5F2F2 
 284      E29C6C
 285 087c 80B06D70 		.ascii	"\200\260mp\254\274\200;\335\370\373&\324\312/}\251\006"
 285      ACBC803B 
 285      DDF8FB26 
 285      D4CA2F7D 
 285      A906
 286 088e 3B2FDB70 		.ascii	";/\333p\211B\216\206\211S\245\3021FN\206\362\332\344"
 286      89428E86 
 286      8953A5C2 
 286      31464E86 
 286      F2DAE4
 287 08a1 8BEEB31E 		.ascii	"\213\356\263\036\006\027\304\303\240\230\035\312\257"
 287      0617C4C3 
 287      A0981DCA 
 287      AF
 288 08ae D253C684 		.ascii	"\322S\306\204\222\302\025\324\343\275\373\266z\260c"
 288      92C215D4 
 288      E3BDFBB6 
 288      7AB063
 289 08bd E6EFC97F 		.ascii	"\346\357\311\177A:w\326 \2453\245\020\276\022\232\225"
 289      413A77D6 
 289      20A533A5 
 289      10BE129A 
 289      95
 290 08ce 32EACC05 		.ascii	"2\352\314\005\346L\031u\346\3611~\314\013_\326\260\203"
 290      E64C1975 
 290      E6F1317E 
 290      CC0B5FD6 
 290      B083
 291 08e0 EF40730B 		.ascii	"\357@s\013\371T\252 \337]-\370da\001l\374s\223\335h"
 291      F954AA20 
 291      DF5D2DF8 
 291      6461016C 
 291      FC7393DD 
 292 08f5 7D7551CA 		.ascii	"}uQ\312\021<:~+]\342H\26180Z\223\201\3610\343*H\177"
 292      113C3A7E 
 292      2B5DE248 
 292      B138305A 
 292      9381F130 
 293 090d B5472770 		.ascii	"\265G'p\335}\273\350)\314_\370\320\256TS\256\313\022"
 293      DD7DBBE8 
 293      29CC5FF8 
 293      D0AE5453 
 293      AECB12
 294 0920 D7652557 		.ascii	"\327e%W9\345\262\2156\236r\305\311\354?\015{r\367\225"
 294      39E5B28D 
ARM GAS  /tmp/ccSmVR4f.s 			page 23


 294      369E72C5 
 294      C9EC3F0D 
 294      7B72F795 
 295 0934 887E0DDB 		.ascii	"\210~\015\333\027\035\264\321\357\301\354\325\354\323"
 295      171DB4D1 
 295      EFC1ECD5 
 295      ECD3
 296 0942 AB4222AB 		.ascii	"\253B\"\253P\222]\241dG\307\3067{\341\335\214,\343i"
 296      50925DA1 
 296      6447C7C6 
 296      377BE1DD 
 296      8C2CE369 
 297 0956 ED1E0F81 		.ascii	"\355\036\017\201\254>\013\263\357\301\034V\337WJT\225"
 297      AC3E0BB3 
 297      EFC11C56 
 297      DF574A54 
 297      95
 298 0967 4A2A1BA5 		.ascii	"J*\033\245j\352\255\\\217s\030\323\211S\007\012\274"
 298      6AEAAD5C 
 298      8F7318D3 
 298      8953070A 
 298      BC
 299 0978 F069A66C 		.ascii	"\360i\246l\256\264\355\323@}\216\256\021\303\331\252"
 299      AEB4EDD3 
 299      407D8EAE 
 299      11C3D9AA 
 300 0988 F8DD770F 		.ascii	"\370\335w\017\225z\316Z\260Ws\244`\277\316\011\005{"
 300      957ACE5A 
 300      B05773A4 
 300      60BFCE09 
 300      057B
 301 099a E393576D 		.ascii	"\343\223Wm\342\260\373\373\361\375\323{\277\345\263"
 301      E2B0FBFB 
 301      F1FDD37B 
 301      BFE5B3
 302 09a9 13F98FAB 		.ascii	"\023\371\217\2539\202DWEgQ\025\247&\232\243\2777\250"
 302      39824457 
 302      45675115 
 302      A7269AA3 
 302      BF37A8
 303 09bc BF87EE37 		.ascii	"\277\207\3567\237\321\3407\314\307\363E\007[\261\224"
 303      9FD1E037 
 303      CCC7F345 
 303      075BB194 
 304 09cc DFCB0EF9 		.ascii	"\337\313\016\371\265Kc\267+\271j(\327\316#\327\323\324"
 304      B54B63B7 
 304      2BB96A28 
 304      D7CE23D7 
 304      D3D4
 305 09de 789B967D 		.ascii	"x\233\226}a%\276\034\363\230\316\357\262\347\016\371"
 305      6125BE1C 
 305      F398CEEF 
 305      B2E70EF9 
 306 09ee AD95B86A 		.ascii	"\255\225\270j\225\\7)\327\215\356S\225^\370\020\343"
 306      955C3729 
 306      D78DEE53 
 306      955EF810 
ARM GAS  /tmp/ccSmVR4f.s 			page 24


 306      E3
 307 09ff BA7D38E7 		.ascii	"\272}8\347\254z:\277\376\307\035\363{K\"\273\245$\273"
 307      AC7A3ABF 
 307      FEC71DF3 
 307      7B4B22BB 
 307      A524BB
 308 0a12 4DC9DA0F 		.ascii	"M\311\332\017>\336\341\211\213\031\331\321\341'\255"
 308      3EDEE189 
 308      8B19D9D1 
 308      E127AD
 309 0a21 D3F9DDEF 		.ascii	"\323\371\335\357\230\337:\211\252NIu\207R\215\217\\"
 309      98DF3A89 
 309      AA4E4975 
 309      87528D8F 
 309      5C
 310 0a32 B9A2C536 		.ascii	"\271\242\3056F\225\322\177\274\332S\240\252i\301%g\237"
 310      4695D27F 
 310      BCDA53A0 
 310      AA69C125 
 310      679F
 311 0a44 F03C6C0B 		.ascii	"\360<l\013\311\210\215\262^b\253W\262\335\245l5\215"
 311      C9888DB2 
 311      5E62AB57 
 311      B2DDA56C 
 311      358D
 312 0a56 393FB8E0 		.ascii	"9?\270\340&!b\217\013\353]q\033Sv\227t\016x\341\036"
 312      2621628F 
 312      0BEB5D71 
 312      1B537697 
 312      740E78E1 
 313 0a6b A664D846 		.ascii	"\246d\330F\206\335\361S\001\226\366\035\234\214}L\031"
 313      86DDF153 
 313      0196F61D 
 313      9C8C7D4C 
 313      19
 314 0a7c ACB3A5BB 		.ascii	"\254\263\245\273\341Q\246\244_i\336\344\206'\231\222"
 314      E151A6A4 
 314      5F69DEE4 
 314      86279992 
 315 0a8c F3A46487 		.ascii	"\363\244d\2077Nq\243\312\305\326\"=\336\312\236\363"
 315      374E71A3 
 315      CAC5D622 
 315      3DDECA9E 
 315      F3
 316 0a9d 4ABEED70 		.ascii	"J\276\355p\301\273\231\322U\234<\252\306{\231RW\332"
 316      C1BB99D2 
 316      559C3CAA 
 316      C67B9952 
 316      57DA
 317 0aaf DEE385B3 		.ascii	"\336\343\205\263\231\322T\327\271\232\355#\313@\033"
 317      99D254D7 
 317      B99AED23 
 317      CB401B
 318 0abe 3B3FD12A 		.ascii	";?\321*\374'6\233|)\214g\246@q\234K\241\336|\335\326"
 318      FC27369B 
 318      7C298C67 
 318      A640719C 
ARM GAS  /tmp/ccSmVR4f.s 			page 25


 318      4BA1DE7C 
 319 0ad4 1C841649 		.ascii	"\034\204\026I\227\257\237X\036\336>\345\262\255\360"
 319      97AF9F58 
 319      1EDE3EE5 
 319      B2ADF0
 320 0ae3 B0541EDE 		.ascii	"\260T\036\336\207\220\364\375\021\025C\213\022?\363"
 320      8790F4FD 
 320      1115438B 
 320      123FF3
 321 0af2 74EA941F 		.ascii	"t\352\224\037\324\235J\374\214\323\251E\016oP\302gV"
 321      D49D4AFC 
 321      8CD3A945 
 321      0E6F50C2 
 321      6756
 322 0b04 AB76B93B 		.ascii	"\253v\271;\017\225\370\031\345\221\303\341\367\310)"
 322      0F95F819 
 322      E591C3E1 
 322      F7C829
 323 0b13 5CEE8C1C 		.ascii	"\\\356\214\034\375@\211\236Y\177:T\224\315\316c9[\015"
 323      FD40899E 
 323      597F3A54 
 323      94CDCE63 
 323      395B0D
 324 0b26 D3A484CF 		.ascii	"\323\244\204\317(y\034J\230V\347\221\227\301\355r\366"
 324      28791C4A 
 324      9856E791 
 324      97C1ED72 
 324      F6
 325 0b37 46E7EC4E 		.ascii	"F\347\354N\312\333\0168n\332\351\313>\341\250\356\207"
 325      CADB0E38 
 325      6EDAE9CB 
 325      3EE1A8EE 
 325      87
 326 0b48 A3FA091C 		.ascii	"\243\372\011\034\261\217A\006A\236\202\274\000\351\006"
 326      B18F4106 
 326      419E82BC 
 326      00E906
 327 0b57 7906D205 		.ascii	"y\006\322\005\362\034\344%\310\000H/H\217p\034\263Z"
 327      F21CE425 
 327      C800482F 
 327      488F701C 
 327      B35A
 328 0b69 61748A55 		.ascii	"at\212UG}\316\252#($\362\244\352\350\236\363\224\313"
 328      477DCEAA 
 328      232824F2 
 328      A4EAE89E 
 328      F394CB
 329 0b7c C6E550EE 		.ascii	"\306\345P\356\2649O\212X\277\214\344\347\267\271\343"
 329      B4394F8A 
 329      58BF8CE4 
 329      E7B7B9E3 
 330 0b8c 87741D70 		.ascii	"\207t\035pye\245\035Z\344\353\347t\270\350\025\214\362"
 330      7965A51D 
 330      5AE4EBE7 
 330      74B8E815 
 330      8CF2
 331 0b9e CF37E23E 		.ascii	"\3177\342>\241:\032\006\306!i\237\351\243\325\021Y\313"
ARM GAS  /tmp/ccSmVR4f.s 			page 26


 331      A13A1A06 
 331      C621699F 
 331      E9A3D511 
 331      59CB
 332 0bb0 BDC726DC 		.ascii	"\275\307&\334\3445\312\260C\2152\"\324(#\264Fy]\277"
 332      E435CAB0 
 332      438D3222 
 332      D42823B4 
 332      46795DBF 
 333 0bc4 35C5053F 		.ascii	"5\305\005?c\013\337\326VP\240\305\203Ly\327]\336\356"
 333      630BDFD6 
 333      5650A0C5 
 333      834C79D7 
 333      5DDEEE
 334 0bd7 86C7A9A2 		.ascii	"\206\307\251\242I\036\372\316\352J\327\271\237/\013"
 334      491EFACE 
 334      EA4AD7B9 
 334      9F2F0B
 335 0be6 D5C3569F 		.ascii	"\325\303V\237CV\276\332\237\206j\014\334\230|\337l\037"
 335      4356BEDA 
 335      9F866A0C 
 335      DC987CDF 
 335      6C1F
 336 0bf8 FA9514D7 		.ascii	"\372\225\024\327q%x\346d\357\374\225\343J\232\311\355"
 336      712578E6 
 336      64EFFC95 
 336      E34A9AC9 
 336      ED
 337 0c09 B06DC8D0 		.ascii	"\260m\310\320\243\316\311e\345\364\255V6a&\035'\214"
 337      A3CEC965 
 337      E5F4AD56 
 337      3661261D 
 337      278C
 338 0c1b 43E6A4FF 		.ascii	"C\346\244\377NL\012i{\007i{\015\251\230\000y\013\362"
 338      4E4C0A69 
 338      7B07697B 
 338      0DA99800 
 338      790BF2
 339 0c2e 46AA0933 		.ascii	"F\252\0113\273\337\265#<\305&\302\017\231\325'\334\225"
 339      BBDFB523 
 339      3CC526C2 
 339      0F99D527 
 339      DC95
 340 0c40 1361FA2B 		.ascii	"\023a\372+4\021\373\375^F\346\345d\253\232\347\265\210"
 340      3411FBFD 
 340      5E46E6E5 
 340      64AB9AE7 
 340      B588
 341 0c52 C7BE684A 		.ascii	"\307\276hJ\312\361\244\230\343\213\373\247R\034rL\200"
 341      CAF1A498 
 341      E38BFBA7 
 341      521C724C 
 341      80
 342 0c63 528E9330 		.ascii	"R\216\2230\3131\334\001\234\225T\320\251\221\203\237"
 342      CB31DC01 
 342      9C9554D0 
 342      A991839F 
ARM GAS  /tmp/ccSmVR4f.s 			page 27


 343 0c73 3BFC4FCC 		.ascii	";\374O\314*\200\311]m\016\017\213]\266d\211\336\020"
 343      2A80C95D 
 343      6D0E0F8B 
 343      5DB66489 
 343      DE10
 344 0c85 1EB12E62 		.ascii	"\036\261.bM\250>&N\037\036\026\251\377*&6>N\037\272"
 344      4DA83E26 
 344      4E1F1E16 
 344      A9FF2A26 
 344      363E4E1F 
 345 0c9a 366469A0 		.ascii	"6di\240\376\323OW\352\327\006\207|\035@\336\230\342"
 345      FED34F57 
 345      EAD70687 
 345      7C1D40DE 
 345      98E2
 346 0cac E24D9191 		.ascii	"\342M\221\221\353\227\230\265\237|\366\305\002C@\200"
 346      EB9798B5 
 346      9F7CF6C5 
 346      02434080 
 347 0cbc 4A673225 		.ascii	"Jg2%DD\307/\0154\305/\323'\304\305\352\303b\243>\214"
 347      4444C72F 
 347      0D34C52F 
 347      D327C4C5 
 347      EAC362A3 
 348 0cd2 8E89B67C 		.ascii	"\216\211\266|h\011[\027\241\217\2106G&\254\267\350\243"
 348      68095B17 
 348      A18F8836 
 348      4726ACB7 
 348      E8A3
 349 0ce4 C2CCE111 		.ascii	"\302\314\341\021\321\026\275i\275eCXBd\274)\376\233"
 349      D116BD69 
 349      BD654358 
 349      4264BC29 
 349      FE9B
 350 0cf6 AF2C714B 		.ascii	"\257,qK\302UZ\321\372\247\357\261\216\373&N\017]\257"
 350      C2555AD1 
 350      FAA7EFB1 
 350      8EFB264E 
 350      0F5DAF
 351 0d09 072831F9 		.ascii	"\007(1\3717\2139>&v\205\377\317\376\024\317U\356\354"
 351      378B393E 
 351      267685FF 
 351      CFFE14CF 
 351      55EEEC
 352 0d1c C914111D 		.ascii	"\311\024\021\035\021\357c\"\006\246\210\330\3772Y\276"
 352      11EF6322 
 352      06A688D8 
 352      FF3259BE 
 353 0d2c 8A888CF9 		.ascii	"\212\210\214\3712\301\242w$5\307DE\305D\013\274\313"
 353      32C1A277 
 353      2435C744 
 353      45C5440B 
 353      BCCB
 354 0d3e 8D218690 		.ascii	"\215!\206\220\215zs\2709&\326b\372\372\357\242\300\233"
 354      8D7A73B8 
 354      3926D662 
 354      FAFAEFA2 
ARM GAS  /tmp/ccSmVR4f.s 			page 28


 354      C09B
 355 0d50 39A6F8D8 		.ascii	"9\246\370\3300\263\305\024\021\027k\212\264\204}m\371"
 355      30B3C514 
 355      11176B8A 
 355      B4847D6D 
 355      F9
 356 0d61 6B4782D8 		.ascii	"kG\202\330\370\351a\230\303)\024\214\346\232\326\257"
 356      F8E96198 
 356      C329148C 
 356      E69AD6AF 
 357 0d71 FBD2640E 		.ascii	"\373\322d\016\267\230\377\223\031\021\363\367\031\256"
 357      B798FF93 
 357      1911F3F7 
 357      19AE
 358 0d7f B7AC4BF8 		.ascii	"\267\254K\370\022\014\177,3L\210\216\214\201\333\206"
 358      120C7F2C 
 358      334C888E 
 358      8C81DB86 
 359 0d8f D8982862 		.ascii	"\330\230(b\356c\016\017\375&nmD\224%vuX\364\372HKl\360"
 359      EE630E0F 
 359      FD266E6D 
 359      44942576 
 359      7558F4FA 
 360 0da7 C2F73042 		.ascii	"\302\3670BL\201o\236\334\0219\233\334CKt\274%\2264\312"
 360      4C816F9E 
 360      DC11399B 
 360      DC434B74 
 360      BC259634 
 361 0dbc C74A1BE7 		.ascii	"\307J\033\347D\177\035a\016\212\016[\027iaI\371p\266"
 361      447F1D61 
 361      0E8A0E5B 
 361      17696149 
 361      F970B6
 362 0dcf 94087114 		.ascii	"\224\010q\024\"H\314\240w71\223*O\223iCB\264\331dZ\362"
 362      2248CCA0 
 362      77373193 
 362      2A4F9369 
 362      4342B4D9 
 363 0de6 0FFE8101 		.ascii	"\017\376\201\001ZQs1\030B\214K\2715F\365\312\220\345"
 363      5A517331 
 363      18428C4B 
 363      B93546F5 
 363      CA90E5
 364 0df9 46BCD260 		.ascii	"F\274\322`T\257X\271\326\210\015\006#6\202,7\032\361"
 364      54AF58B9 
 364      D6880D06 
 364      2336822C 
 364      371AF1
 365 0e0c E7A1066C 		.ascii	"\347\241\006l\370l\255\332`\0102R| \375\015\300A\237"
 365      F86CADDA 
 365      60083252 
 365      7C20FD0D 
 365      C0419F
 366 0e1f 18B950B0 		.ascii	"\030\271P\260\014\0162\252CC\000m0\006\202\004\000\362"
 366      0C0E32AA 
 366      4343006D 
 366      30068204 
ARM GAS  /tmp/ccSmVR4f.s 			page 29


 366      00F2
 367 0e31 DF8D7FF0 		.ascii	"\337\215\177\360\254\217\213\217\"\3233\202\344\332"
 367      AC8F8B8F 
 367      22D33382 
 367      E4DA
 368 0e3f 7D5A31C5 		.ascii	"}Z1\305\373\304\304\205EB\300?\205\250\255\202\240\005"
 368      FBC4C485 
 368      4542C03F 
 368      85A8AD82 
 368      A005
 369 0e51 871A17CE 		.ascii	"\207\032\027\316\344$ \022wr'\223\205\346Hf\342C\347"
 369      E4242012 
 369      77722793 
 369      85E64866 
 369      E243E7
 370 0e64 9F43E4DD 		.ascii	"\237C\344\335\246\233 (q\226x\323\212\345\241A\237\033"
 370      A69B2028 
 370      719678D3 
 370      8AE5A141 
 370      9F1B
 371 0e76 833DC322 		.ascii	"\203=\303\"\377;\354\2338\230\267\221\260\222>r:M-\033"
 371      FF3BEC9B 
 371      3898B791 
 371      B0923E72 
 371      3A4D2D1B 
 372 0e8a E34988F5 		.ascii	"\343I\210\365\206\220\320\340P\275\001f\251>X\314xT"
 372      8690D0E0 
 372      50BD0166 
 372      A93E58CC 
 372      7854
 373 0e9c 5C449CE9 		.ascii	"\\D\234\351K3\211\373\\\301\367/\350\014\022]\241\276"
 373      4B3389FB 
 373      5CC1F72F 
 373      E80C125D 
 373      A1BE
 374 0eae 3934CDA5 		.ascii	"94\315\245\256(\346\231\273\254\321\227\020\255q\234"
 374      AE28E699 
 374      BBACD197 
 374      10AD719C 
 375 0ebe 742E8655 		.ascii	"t.\206U\237\030\003]\227\257^a\014%\251\012%93\030]"
 375      9F18035D 
 375      97AF5E61 
 375      0C25A90A 
 375      25393318 
 376 0ed3 977FBE22 		.ascii	"\227\177\276\" \3503z\017\204\273\006\000p\323\222f"
 376      20E8337A 
 376      0F84BB06 
 376      0070D392 
 376      66
 377 0ee4 02240F81 		.ascii	"\002$\017\201\314\"\330\250&\034\234\301H\271\226.\233"
 377      CC22D8A8 
 377      261C9CC1 
 377      48B9962E 
 377      9B
 378 0ef5 75ACA16B 		.ascii	"u\254\241kY\276V-\335\270\221ej\303R\377\245\033\311"
 378      59BE562D 
 378      DDB89165 
ARM GAS  /tmp/ccSmVR4f.s 			page 30


 378      6AC352FF 
 378      A51BC9
 379 0f08 18DD8D06 		.ascii	"\030\335\215\006\203i-\3542+-\0334\244\223U\277\324"
 379      83692DEC 
 379      322B2D1B 
 379      34A49355 
 379      BFD4
 380 0f1a 04AF34AC 		.ascii	"\004\2574\254Y\031D\264\300U\277\364Z\271\342\223\020"
 380      591944B4 
 380      C055BFF4 
 380      5AB9E293 
 380      10
 381 0f2b C31722E6 		.ascii	"\303\027\"\346\377\000\303\370\277J"
 381      FF00C3F8 
 381      BF4A
 382              		.text
 383              		.section	.gnu.lto_.symtab.61b36e8755c17b1e,"",%progbits
 384 0000 56656374 		.ascii	"VectorB0\000"
 384      6F724230 
 384      00
 385 0009 00       		.ascii	"\000"
 386 000a 00       		.ascii	"\000"
 387 000b 00       		.ascii	"\000"
 388 000c 00000000 		.ascii	"\000\000\000\000\000\000\000\000"
 388      00000000 
 389 0014 D2000000 		.ascii	"\322\000\000\000"
 390 0018 73745F6C 		.ascii	"st_lld_init\000"
 390      6C645F69 
 390      6E697400 
 391 0024 00       		.ascii	"\000"
 392 0025 00       		.ascii	"\000"
 393 0026 00       		.ascii	"\000"
 394 0027 00000000 		.ascii	"\000\000\000\000\000\000\000\000"
 394      00000000 
 395 002f D4000000 		.ascii	"\324\000\000\000"
 396 0033 5F706F72 		.ascii	"_port_irq_epilogue\000"
 396      745F6972 
 396      715F6570 
 396      696C6F67 
 396      756500
 397 0046 00       		.ascii	"\000"
 398 0047 02       		.ascii	"\002"
 399 0048 00       		.ascii	"\000"
 400 0049 00000000 		.ascii	"\000\000\000\000\000\000\000\000"
 400      00000000 
 401 0051 D6000000 		.ascii	"\326\000\000\000"
 402 0055 5F747261 		.ascii	"_trace_isr_leave\000"
 402      63655F69 
 402      73725F6C 
 402      65617665 
 402      00
 403 0066 00       		.ascii	"\000"
 404 0067 02       		.ascii	"\002"
 405 0068 00       		.ascii	"\000"
 406 0069 00000000 		.ascii	"\000\000\000\000\000\000\000\000"
 406      00000000 
 407 0071 DB000000 		.ascii	"\333\000\000\000"
ARM GAS  /tmp/ccSmVR4f.s 			page 31


 408 0075 5F646267 		.ascii	"_dbg_check_leave_isr\000"
 408      5F636865 
 408      636B5F6C 
 408      65617665 
 408      5F697372 
 409 008a 00       		.ascii	"\000"
 410 008b 02       		.ascii	"\002"
 411 008c 00       		.ascii	"\000"
 412 008d 00000000 		.ascii	"\000\000\000\000\000\000\000\000"
 412      00000000 
 413 0095 DD000000 		.ascii	"\335\000\000\000"
 414 0099 5F646267 		.ascii	"_dbg_check_unlock_from_isr\000"
 414      5F636865 
 414      636B5F75 
 414      6E6C6F63 
 414      6B5F6672 
 415 00b4 00       		.ascii	"\000"
 416 00b5 02       		.ascii	"\002"
 417 00b6 00       		.ascii	"\000"
 418 00b7 00000000 		.ascii	"\000\000\000\000\000\000\000\000"
 418      00000000 
 419 00bf DF000000 		.ascii	"\337\000\000\000"
 420 00c3 63685379 		.ascii	"chSysTimerHandlerI\000"
 420      7354696D 
 420      65724861 
 420      6E646C65 
 420      724900
 421 00d6 00       		.ascii	"\000"
 422 00d7 02       		.ascii	"\002"
 423 00d8 00       		.ascii	"\000"
 424 00d9 00000000 		.ascii	"\000\000\000\000\000\000\000\000"
 424      00000000 
 425 00e1 E1000000 		.ascii	"\341\000\000\000"
 426 00e5 5F646267 		.ascii	"_dbg_check_lock_from_isr\000"
 426      5F636865 
 426      636B5F6C 
 426      6F636B5F 
 426      66726F6D 
 427 00fe 00       		.ascii	"\000"
 428 00ff 02       		.ascii	"\002"
 429 0100 00       		.ascii	"\000"
 430 0101 00000000 		.ascii	"\000\000\000\000\000\000\000\000"
 430      00000000 
 431 0109 E3000000 		.ascii	"\343\000\000\000"
 432 010d 5F646267 		.ascii	"_dbg_check_enter_isr\000"
 432      5F636865 
 432      636B5F65 
 432      6E746572 
 432      5F697372 
 433 0122 00       		.ascii	"\000"
 434 0123 02       		.ascii	"\002"
 435 0124 00       		.ascii	"\000"
 436 0125 00000000 		.ascii	"\000\000\000\000\000\000\000\000"
 436      00000000 
 437 012d E5000000 		.ascii	"\345\000\000\000"
 438 0131 5F747261 		.ascii	"_trace_isr_enter\000"
 438      63655F69 
ARM GAS  /tmp/ccSmVR4f.s 			page 32


 438      73725F65 
 438      6E746572 
 438      00
 439 0142 00       		.ascii	"\000"
 440 0143 02       		.ascii	"\002"
 441 0144 00       		.ascii	"\000"
 442 0145 00000000 		.ascii	"\000\000\000\000\000\000\000\000"
 442      00000000 
 443 014d E7000000 		.ascii	"\347\000\000\000"
 444 0151 6E766963 		.ascii	"nvicEnableVector\000"
 444      456E6162 
 444      6C655665 
 444      63746F72 
 444      00
 445 0162 00       		.ascii	"\000"
 446 0163 02       		.ascii	"\002"
 447 0164 00       		.ascii	"\000"
 448 0165 00000000 		.ascii	"\000\000\000\000\000\000\000\000"
 448      00000000 
 449 016d EC000000 		.ascii	"\354\000\000\000"
 450              		.text
 451              		.section	.gnu.lto_.opts,"",%progbits
 452 0000 272D666D 		.ascii	"'-fmath-errno' '-fsigned-zeros' '-ftrapping-math' '"
 452      6174682D 
 452      6572726E 
 452      6F272027 
 452      2D667369 
 453 0033 2D666E6F 		.ascii	"-fno-trapv' '-fno-openmp' '-fno-openacc' '-mcpu=cor"
 453      2D747261 
 453      70762720 
 453      272D666E 
 453      6F2D6F70 
 454 0066 7465782D 		.ascii	"tex-m4' '-mfloat-abi=hard' '-mfpu=fpv4-sp-d16' '-mn"
 454      6D342720 
 454      272D6D66 
 454      6C6F6174 
 454      2D616269 
 455 0099 6F2D7468 		.ascii	"o-thumb-interwork' '-mthumb' '-O3' '-fomit-frame-po"
 455      756D622D 
 455      696E7465 
 455      72776F72 
 455      6B272027 
 456 00cc 696E7465 		.ascii	"inter' '-falign-functions=16' '-ffunction-sections'"
 456      72272027 
 456      2D66616C 
 456      69676E2D 
 456      66756E63 
 457 00ff 20272D66 		.ascii	" '-fdata-sections' '-fno-common' '-flto'\000"
 457      64617461 
 457      2D736563 
 457      74696F6E 
 457      73272027 
 458              		.text
 459              		.comm	__gnu_lto_v1,1,1
 460              		.comm	__gnu_lto_slim,1,1
 461              		.ident	"GCC: (GNU Tools for Arm Embedded Processors 7-2018-q3-update) 7.3.1 20180622 (release) [AR
ARM GAS  /tmp/ccSmVR4f.s 			page 33


DEFINED SYMBOLS
                            *ABS*:0000000000000000 hal_st_lld.c
                            *COM*:0000000000000001 __gnu_lto_v1
                            *COM*:0000000000000001 __gnu_lto_slim

NO UNDEFINED SYMBOLS
