ARM GAS  /tmp/cccEPlpI.s 			page 1


   1              		.cpu cortex-m4
   2              		.eabi_attribute 27, 1
   3              		.eabi_attribute 28, 1
   4              		.eabi_attribute 20, 1
   5              		.eabi_attribute 21, 1
   6              		.eabi_attribute 23, 3
   7              		.eabi_attribute 24, 1
   8              		.eabi_attribute 25, 1
   9              		.eabi_attribute 26, 1
  10              		.eabi_attribute 30, 2
  11              		.eabi_attribute 34, 1
  12              		.eabi_attribute 18, 4
  13              		.file	"hal_st.c"
  14              		.section	.gnu.lto_.profile.26ab70ab11d529c3,"",%progbits
  15 0000 789C6363 		.ascii	"x\234cc```\001bF\006w9\000\001$\000q"
  15      60606001 
  15      62460677 
  15      39000124 
  15      0071
  16              		.text
  17              		.section	.gnu.lto_.icf.26ab70ab11d529c3,"",%progbits
  18 0000 789C6363 		.ascii	"x\234cc``0b@\000\016\206\253O\267Nbd\\vc\327fV\246\303"
  18      60603062 
  18      40000E86 
  18      AB4FB74E 
  18      62645C76 
  19 001a EF2EDD64 		.ascii	"\357.\335dfn\376\3249\211\237\345\343\203\303\275\374"
  19      666EFED4 
  19      39899FE5 
  19      E383C3BD 
  19      FC
  20 002b ACDFE71C 		.ascii	"\254\337\347\034\335\312\310\366\272\363\310u>\366\255"
  20      DDCAC8F6 
  20      BAF3C875 
  20      3EF6AD
  21 003a BBBE74F0 		.ascii	"\273\276t\3603\000\000|\247\030\242"
  21      3300007C 
  21      A718A2
  22              		.text
  23              		.section	.gnu.lto_.jmpfuncs.26ab70ab11d529c3,"",%progbits
  24 0000 789C6363 		.ascii	"x\234cc``\270\300\200\000\254 \202\021\010\352\3470"
  24      6060B8C0 
  24      8000AC20 
  24      821108EA 
  24      E730
  25 0012 3330314E 		.ascii	"301Nafl\376\265\3773_\375\337\006\2119\314\214\013\230"
  25      61666CFE 
  25      B5FF335F 
  25      FDDF0689 
  25      39CC8C0B 
  26 0027 41B29B19 		.ascii	"A\262\233\031\353\031\030\017\26002\000\361\237\377"
  26      EB19180F 
  26      B0303200 
  26      F19FFF
  27 0036 FFFFF333 		.ascii	"\377\377\36332\001\325Mk=t\236\275\233\031\250\212\221"
  27      3201D54D 
  27      6B3D749E 
ARM GAS  /tmp/cccEPlpI.s 			page 2


  27      BD9B19A8 
  27      8A91
  28 0048 81710BA3 		.ascii	"\201q\013\243\014\010\003\225\263\3400\213i\0013#\320"
  28      0C080395 
  28      B3E0308B 
  28      69013323 
  28      D0
  29 0059 ACADF8CD 		.ascii	"\254\255\370\315b\002\232\265\015h\026\020\2631`3\203"
  29      62029AB5 
  29      0D681610 
  29      B3316033 
  29      83
  30 006a 0968C676 		.ascii	"\011h\306vL3`\232\030\000\3327;\013"
  30      4C33609A 
  30      1800DA37 
  30      3B0B
  31              		.text
  32              		.section	.gnu.lto_.inline.26ab70ab11d529c3,"",%progbits
  33 0000 789C6363 		.ascii	"x\234cc``(g@\000V\006\006\026\036F\006& \223m\201<\210"
  33      60602867 
  33      40005606 
  33      06161E46 
  33      06262093 
  34 0018 6260E402 		.ascii	"b`\344\002\021\014<\274@a\276\015\271pq&n\22003\003"
  34      110C3CBC 
  34      4061BE0D 
  34      B9707126 
  34      6E903033 
  35 002d 0B335082 		.ascii	"\0133P\202\351\002?\\\202\205\201\213\033(\3045\301"
  35      E9023F5C 
  35      8285818B 
  35      1B28C435 
  35      C1
  36 003e 0F4D2D1B 		.ascii	"\017M-\033.\011\006\000'\274\010\356"
  36      2E090600 
  36      27BC08EE 
  37              		.text
  38              		.section	.gnu.lto_.pureconst.26ab70ab11d529c3,"",%progbits
  39 0000 789C6363 		.ascii	"x\234cc``\340\006bV\006\011F)f)\026)6)\000\004\017\000"
  39      6060E006 
  39      62560609 
  39      46296629 
  39      16293629 
  40 0018 A5       		.ascii	"\245"
  41              		.text
  42              		.section	.gnu.lto_stInit.26ab70ab11d529c3,"",%progbits
  43 0000 789C6363 		.ascii	"x\234cc``X\001\304\212@,\015\304\214\314\014\214L\023"
  43      60605801 
  43      C48A402C 
  43      0DC48CCC 
  43      0C8C4C13 
  44 0014 CE313034 		.ascii	"\316104r012\202\030\015\034\214\014\365L\214\365\214"
  44      72303132 
  44      82180D1C 
  44      8C0CF54C 
  44      8CF58C
  45 0027 3DCC5398 		.ascii	"=\314S\230\031\017\265?\333\311\244\271\274\001\010"
ARM GAS  /tmp/cccEPlpI.s 			page 3


  45      190FB53F 
  45      DBC9A4B9 
  45      BC0108
  46 0036 0E4CFF21 		.ascii	"\016L\377!\331\260\342\000\343\034f\006\206i@\014\002"
  46      D9B0E200 
  46      E31C6606 
  46      8669400C 
  46      02
  47 0047 8C9B1935 		.ascii	"\214\233\0315\031\200\312\036m\3747\225\227\215\005"
  47      1980CA1E 
  47      6DFC3795 
  47      978D05
  48 0056 22CEB885 		.ascii	"\"\316\270\205\221\215\201\021\310X\177\211\365@\303"
  48      918D8111 
  48      C8587F89 
  48      F540C3
  49 0065 BFFFED0D 		.ascii	"\277\377\355\015\007\356,b\374\317\012\224\353\000b"
  49      07EE2C62 
  49      FCCF0A94 
  49      EB0062
  50 0074 A0250D07 		.ascii	"\240%\015\007\030:\231\231@\254\346\003\014o\030\233"
  50      183A9999 
  50      40ACE603 
  50      0C6F189B 
  51 0084 17FC9606 		.ascii	"\027\374\226\006k\002\232\264s\347\233\333\354\365\177"
  51      6B029AB4 
  51      73E79BDB 
  51      ECF57F
  52 0093 1B38E630 		.ascii	"\0338\34603Nc\006\232\302\270\225\261\236a\016P\365"
  52      334E6306 
  52      9AC2B895 
  52      B19E610E 
  52      50F5
  53 00a5 3BC6A605 		.ascii	";\306\246\005\377\271\301\352@\240\003(\0114\200\211"
  53      FFB9C1EA 
  53      40A00328 
  53      09348089 
  54 00b5 81415E4F 		.ascii	"\201A^OO\3379#3)\323?X?\277X?#1G\277\270(\031D\307\027"
  54      4FDF3923 
  54      3329D33F 
  54      583FBF58 
  54      3F233147 
  55 00d0 97E82533 		.ascii	"\227\350%3\000\000\251\203D\205"
  55      0000A983 
  55      4485
  56              		.text
  57              		.section	.gnu.lto_stStartAlarm.26ab70ab11d529c3,"",%progbits
  58 0000 789C9552 		.ascii	"x\234\225RKL\023Q\024}w\336t\246-PL\\\350\242\211\215"
  58      4B4C1351 
  58      147D77DE 
  58      74A62D50 
  58      4C5CE8A2 
  59 0016 91105C74 		.ascii	"\221\020\\tR\324\304\225\033\215\211\011\304\005\354"
  59      52D4C495 
  59      1B8D8909 
  59      C405EC
  60 0025 918F0924 		.ascii	"\221\217\011$\030\014%.\355\243\037>\202\321\205\024"
ARM GAS  /tmp/cccEPlpI.s 			page 4


  60      180C252E 
  60      EDA31F3E 
  60      82D18514 
  61 0035 6D466D04 		.ascii	"mFm\004\202\230\020\020\374P,2\226\217\037\004\012."
  61      82981010 
  61      FC502C32 
  61      968F1F04 
  61      0A2E
  62 0047 8CE08248 		.ascii	"\214\340\202H\254D\253\361CB\352\007\274oZ\014\350\006"
  62      AC44ABF1 
  62      4342EA07 
  62      BC6F5A0C 
  62      E806
  63 0059 5F32F3E6 		.ascii	"_2\363\346\2759\367\334{\356\271\022!$W$\244\014\367"
  63      BD39F7DC 
  63      7BEEB912 
  63      21245724 
  63      A40CF7
  64 006c FDF88081 		.ascii	"\375\370\200\201\200pq\212\220Z\243 \320\250\2250\263"
  64      8070718A 
  64      905AA320 
  64      D0A89530 
  64      B3
  65 007d A839084B 		.ascii	"\2509\010K\247 &\257E\000\376\301\214@\\\002\025\301"
  65      A72026AF 
  65      4500FEC1 
  65      8C405C02 
  65      15C1
  66 008f 05CDF412 		.ascii	"\005\315\364\022\205H},$\344t2\\Z\353\200T\307|;UJ\210"
  66      85487D2C 
  66      24E47432 
  66      5C5AEB80 
  66      54C77C3B 
  67 00a6 1F1FBEA0 		.ascii	"\037\037\276\240\037r\0205\343\355Ui\023U)\200\210\307"
  67      1F721035 
  67      E3ED5569 
  67      13552980 
  67      88C7
  68 00b8 2F938145 		.ascii	"/\223\201E\013?\012`\303\343\217[\275\2573\351n \370"
  68      0B3F0A60 
  68      C3E38F5B 
  68      BDAF33E9 
  68      6E20F8
  69 00cb 7DA3FB42 		.ascii	"}\243\373B\207\224\335\301\230\233i\3616\312\366\250"
  69      8794DDC1 
  69      989B69F1 
  69      36CAF6A8 
  70 00db 94C23DA0 		.ascii	"\224\302=\240H\010w\301\012w\300J\360\212\300}\310\346"
  70      480877C1 
  70      0A77C04A 
  70      F08AC07D 
  70      C8E6
  71 00ed F837B757 		.ascii	"\3707\267W[2$1\270\236\023\006@\"\200;\336\364\314\032"
  71      5B322431 
  71      B89E1306 
  71      4022803B 
  71      DEF4CC1A 
ARM GAS  /tmp/cccEPlpI.s 			page 5


  72 0101 34B6BA56 		.ascii	"4\266\272V\317\264\345vxq\324\214\0220\312\200\361\242"
  72      CFB4E576 
  72      7871D48C 
  72      1230CA80 
  72      F1A2
  73 0113 C45F8434 		.ascii	"\304_\2044`\010\252b\032i\244\002\377\362h\344=D\006"
  73      6008AA62 
  73      1A69A402 
  73      FFF268E4 
  73      3D4406
  74 0126 1373CBEA 		.ascii	"\023s\313\352\241?\354\336\244\272\260Duz?\205\015\231"
  74      A13FECDE 
  74      A4BAB044 
  74      757A3F85 
  74      0D99
  75 0138 09844082 		.ascii	"\011\204@\202A\236\025_\001j\300_~_dZ\346\372\014:r"
  75      419E155F 
  75      016AC05F 
  75      7E5F645A 
  75      E6FA0C3A 
  76 014d AA7BE5B3 		.ascii	"\252{\345\2639y\344L\274\003\301\253\357LA\270\006*"
  76      3979E44C 
  76      BC03C1AB 
  76      EF4C41B8 
  76      062A
  77 015f 95208CB2 		.ascii	"\225 \214\262\036\240,\016\255\217MD-J7\363\326\262"
  77      1EA02C0E 
  77      AD8F4D44 
  77      2D4A37F3 
  77      D6B2
  78 0171 850FB3DB 		.ascii	"\205\017\263\333\027e\225\3120\004Ah\301Jy&\002\017"
  78      176595CA 
  78      30044168 
  78      C14A7926 
  78      020F
  79 0183 41C11A3D 		.ascii	"A\301\032=?\353^\231\222\031SI\307\326V\264L\236E\004"
  79      3FEB5E99 
  79      92195349 
  79      C7D656B4 
  79      4C9E4504 
  80 0197 018691EF 		.ascii	"\001\206\221\357-x\347GZ\303\343\300\213F\030bz\342"
  80      2D78E747 
  80      5AC3E3C0 
  80      8B461862 
  80      7AE2
  81 01a9 A1444612 		.ascii	"\241DF\022C@\3439q5b;\243VT\036\007\257M\357\037\"C"
  81      4340E339 
  81      7135623B 
  81      A356541E 
  81      07AF4DEF 
  82 01c0 A1F8BCEC 		.ascii	"\241\370\274\354\372\305\214*5\372\2617\004\036\201"
  82      FAC58C2A 
  82      35FAB137 
  82      041E81
  83 01cf 8B6CD466 		.ascii	"\213l\324f\322\265y\276\017\177\263 \016]7q\023\370"
  83      D2B579BE 
  83      0F7FB320 
ARM GAS  /tmp/cccEPlpI.s 			page 6


  83      0E5D3771 
  83      13F8
  84 01e1 5D62E663 		.ascii	"]b\346cC\032\252\253\335\246R3\214\340\250DR\362<\355"
  84      431AAAAB 
  84      DDA65233 
  84      8CE0A844 
  84      52F23CED 
  85 01f5 FD3E40F4 		.ascii	"\375>@\364e\306l\234a\024\225%\035\033\003\227J\323"
  85      65C66C9C 
  85      61149525 
  85      1D1B0397 
  85      4AD3
  86 0207 F46AC494 		.ascii	"\364j\304\224\0211\020xL\243vn\324LO\350\331^6y\227"
  86      11311078 
  86      4CA3766E 
  86      D44C4FE8 
  86      D95E3679 
  87 021c E4AC367D 		.ascii	"\344\2546}:bW\322\003L\363\332\370\200\214o\036\020"
  87      3A6257D2 
  87      034CF3DA 
  87      F8808C6F 
  87      1E10
  88 022e 7DF21E43 		.ascii	"}\362\036CV\000\271\320\316@b.\336r\360o;\243\022\345"
  88      5600B9D0 
  88      CE40622E 
  88      DE72F06F 
  88      3BA312E5 
  89 0242 9894A574 		.ascii	"\230\224\245t\223\245O\320\322\247\274,|m\325\255\276"
  89      93A54FD0 
  89      D2A7BC2C 
  89      7C6DD5AD 
  89      BE
  90 0253 1D5FB12B 		.ascii	"\035_\261+\351\360Lw\013t\022\016\322\232\335]\262\243"
  90      E9F04C77 
  90      0B74120E 
  90      D29ADD5D 
  90      B2A3
  91 0265 8783827D 		.ascii	"\207\203\202}\300\375\234\000\005\366\"\203\216\200"
  91      C0FD9C00 
  91      05F62283 
  91      8E80
  92 0273 E7E048D5 		.ascii	"\347\340H\325\271\274\024\366Y\266\2362x\226\223M\352"
  92      B9BC14F6 
  92      59B69E32 
  92      7896934D 
  92      EA
  93 0284 E98414D9 		.ascii	"\351\204\024\331\024(\033=\222\261\214i\214\324\311"
  93      14281B3D 
  93      92B18C69 
  93      8CD4C9
  94 0293 87FE9F3C 		.ascii	"\207\376\237<\272>y:\371\214N\036\276\336\334eN\222"
  94      BA3E793A 
  94      F98C4E1E 
  94      BEDEDC65 
  94      4E92
  95 02a5 0B308B91 		.ascii	"\0130\213\2211p/4\335,\345}\324\033J>\201;\330y>i,_"
  95      31702F34 
ARM GAS  /tmp/cccEPlpI.s 			page 7


  95      DD2CE57D 
  95      D41B4A3E 
  95      813BD879 
  96 02bd 0DD80DB4 		.ascii	"\015\330\015\264\024\207h\227\335\256\034.\257(\251"
  96      14876897 
  96      DDAE1C2E 
  96      AF28A9
  97 02cc 385EA054 		.ascii	"8^\240T9\225\362\342J\305Y]\312\367\"g\215\275\224\310"
  97      3995F2E2 
  97      4AC5595D 
  97      CAF72267 
  97      8DBD94C8 
  98 02e0 C525CE9A 		.ascii	"\305%\316\232\212S'\017\374\213;]U]\343T\012\012\363"
  98      8A53270F 
  98      FC8B3B5D 
  98      555DE354 
  98      0A0AF3
  99 02f3 F7E52A79 		.ascii	"\367\345*yyG\224\302c\371g\034\251\310\242\312\3122"
  99      794794C2 
  99      63F9671C 
  99      A9C8A2CA 
  99      CA32
 100 0305 7B391179 		.ascii	"{9\021y\350o\260\377}o"
 100      E86FB0FF 
 100      7D6F
 101              		.text
 102              		.section	.gnu.lto_stStopAlarm.26ab70ab11d529c3,"",%progbits
 103 0000 789C658F 		.ascii	"x\234e\217KKBQ\020\307\347\177O\335,\250u\221\320\242"
 103      4B4B4251 
 103      10C7E77F 
 103      4FDD2CA8 
 103      7591D0A2 
 104 0014 959B7BA8 		.ascii	"\225\233{\250\350\023\024A\240\264Ph)e\013\003\301\360"
 104      E8131441 
 104      A0B45068 
 104      29650B03 
 104      C1F0
 105 0026 465BAFA5 		.ascii	"F[\257\245i\330\242E\3366\026B\213\026!\021\275_p\221"
 105      69D8A245 
 105      DE361642 
 105      8B162111 
 105      BD5F7091 
 106 003a 5605157D 		.ascii	"V\005\025}\202ha\320\"B\202\204\300\232\243\021B\003"
 106      826861D0 
 106      22428284 
 106      C09AA311 
 106      4203
 107 004c 7366CEBC 		.ascii	"sf\316\274~3:\021\015\203h\222m/+\004A[\273#J\2704@"
 107      7E333A11 
 107      0D836892 
 107      6D2F2B04 
 107      415BBB23 
 108 0064 39960B14 		.ascii	"9\226\013\024\327\020\307\252X\027(\245\313g\232g\307"
 108      D710C7AA 
 108      581728A5 
 108      CB679A67 
 108      C7
ARM GAS  /tmp/cccEPlpI.s 			page 8


 109 0075 6271363E 		.ascii	"bq6>\364e+\325\235\027D6\253\022\034\300C\\\366\274"
 109      F4652BD5 
 109      9D174436 
 109      AB121CC0 
 109      435CF6BC 
 110 0089 5FCB75EA 		.ascii	"_\313u\352-\2158\016\241\0233h\357\261\325\261j\337"
 110      2D8D380E 
 110      A1133368 
 110      EFB1D5B1 
 110      6ADF
 111 009b 69CBB9DE 		.ascii	"i\313\271\336\306\327\030\3472\254\014\261\034Z\021"
 111      C6D718E7 
 111      32AC0CB1 
 111      1C5A11
 112 00aa 9AF2961C 		.ascii	"\232\362\226\034zE\351\243zsi\033\177s\222\015\\U\027"
 112      7A45E9A3 
 112      7A73691B 
 112      7F73920D 
 112      5C5517
 113 00bd F559B640 		.ascii	"\365Y\266@3\003G\320q\254\020\374p\334N\225\356\333"
 113      330347D0 
 113      71AC10FC 
 113      70DC4E95 
 113      EEDB
 114 00cf B2222F50 		.ascii	"\262\"/P/\273+~\276w4\276jL\013\207\012\233/\355\005"
 114      2FBB2B7E 
 114      BE7734BE 
 114      6A4C0B87 
 114      0A9B2FED 
 115 00e4 6C212F34 		.ascii	"l!/4\234\302\215\023\270I\225\246\313\267\017]\262h"
 115      9CC28D13 
 115      B84995A6 
 115      CBB70F5D 
 115      B268
 116 00f6 2513D6D3 		.ascii	"%\023\326\323n\245\247\302M\002g( \307k*\014\341\034"
 116      6EA5A7C2 
 116      4D026728 
 116      20C76B2A 
 116      0CE11C
 117 0109 B219C19B 		.ascii	"\262\031\301\233\340\202\273\337\260\370\224\275\352"
 117      E082BBDF 
 117      B0F894BD 
 117      EA
 118 0116 AF5FAA24 		.ascii	"\257_\252$\303\011\276F#\3523\0149\022\236\235\236\235"
 118      C309BE46 
 118      23EA330C 
 118      39129E9D 
 118      9E9D
 119 0128 F0CBA829 		.ascii	"\360\313\250)\303S\021i\306B\312\006\315y#D\303\377"
 119      C3531169 
 119      C642CA06 
 119      CD792344 
 119      C3FF
 120 013a F373D1D8 		.ascii	"\363s\321\330\274)\375\001\337\320\240\364zGe`\334\267"
 120      BC29FD01 
 120      DFD0A0F4 
 120      7A476560 
ARM GAS  /tmp/cccEPlpI.s 			page 9


 120      DCB7
 121 014c 30F0DB11 		.ascii	"0\360\333\021\214Df\2140\375\000\2116\204\322"
 121      8C44668C 
 121      30FD0089 
 121      3684D2
 122              		.text
 123              		.section	.gnu.lto_stSetAlarm.26ab70ab11d529c3,"",%progbits
 124 0000 789C8D52 		.ascii	"x\234\215RKHTQ\030>\337=w\346\216\357\240M\213\211$"
 124      4B485451 
 124      183EDF3D 
 124      77E68EEF 
 124      A04D8B89 
 125 0015 12B1C55C 		.ascii	"\022\261\305\\\354\001\255\332\024D\240\264\320\275"
 125      EC01ADDA 
 125      1444A0B4 
 125      D0BD
 126 0023 F908140C 		.ascii	"\371\010\024\014\303\221h7\307\231\361\225R-r\214\341"
 126      C3916837 
 126      C799F195 
 126      522D728C 
 126      E1
 127 0034 1A432A51 		.ascii	"\032C*Q$\232Z9Zy\033_\225e\352&2\027\2225EY\364\002"
 127      249A5A39 
 127      5A791B5F 
 127      9565EA26 
 127      32179235 
 128 004c 991EDA7F 		.ascii	"\231\036\332\177\356L\241\265\351\300=\257\373\375\337"
 128      EE4CA1B5 
 128      E9C03DAF 
 128      FBFDDF
 129 005b FF7FFF77 		.ascii	"\377\177\377w\354\214\261S\234\2612Z\367\320\007\033"
 129      EC8CB153 
 129      9CB1325A 
 129      F7D0071B 
 130 006b 83726E9A 		.ascii	"\203rn\232\261Z\207\242\360\031'\023\311\252\231\313"
 130      B15A87A2 
 130      F0192713 
 130      C9AA99CB 
 131 007b 442A871A 		.ascii	"D*\207\032\277V\001\271\021\0160\217\302Ux\320\302\317"
 131      BF5601B9 
 131      110E308F 
 131      C25578D0 
 131      C2CF
 132 008d 73441AA2 		.ascii	"sD\032\242a%\347\262\240a\266\365j\365\242n\213A\274"
 132      6125E7B2 
 132      A061B6F5 
 132      6AF5A26E 
 132      8B41BC
 133 00a0 01FAE440 		.ascii	"\001\372\344@?r\0105\353\3575x378\240\322\361\323\343"
 133      3F720835 
 133      EBEF3578 
 133      333738A0 
 133      D2F1D3E3 
 134 00b4 E052BA3C 		.ascii	"\340R\272<*\310\244\343\367\253\275\013\031|;\030\355"
 134      2AC8A4E3 
 134      F7ABBD0B 
 134      197C3B18 
ARM GAS  /tmp/cccEPlpI.s 			page 10


 134      ED
 135 00c5 2F759FED 		.ascii	"/u\237\355\262gw\011\341\025\346B\007\027;\014\316q"
 135      B2677709 
 135      E115E642 
 135      07173B0C 
 135      CE71
 136 00d7 139C0871 		.ascii	"\023\234\010q\003N\014\300\311\350\212\341\026\262%"
 136      034E0CC0 
 136      C9E88AE1 
 136      16B225
 137 00e6 FEC5F5D5 		.ascii	"\376\305\365\325\3264\273\032\372\235\023\203\2603\320"
 137      D634BB1A 
 137      FA9D1383 
 137      B033D0
 138 00f5 4A373D73 		.ascii	"J7=s6S\254\2565\010\363e'\206\017I\011\024e\243x\325"
 138      3653ACAE 
 138      3508F365 
 138      27860F49 
 138      091465A3 
 139 010b 2E27C61A 		.ascii	".'\306\032)\204T\011\2235qE\356|&{\213\310Pl\376\253"
 139      29845409 
 139      93357145 
 139      EE7C267B 
 139      8BC8506C 
 140 0121 B1FF0FBB 		.ascii	"\261\377\017\273?\256n@\343\026}\200c]f\2060\354\030"
 140      3FAE6E40 
 140      E3167D80 
 140      635D6686 
 140      30EC18
 141 0134 9259690A 		.ascii	"\222Yi\012r\033\375\012\324E\236hR\237\315BNw\257|L"
 141      721BFD0A 
 141      D4459E68 
 141      529FCD42 
 141      4E77AF7C 
 142 0149 8E1F2593 		.ascii	"\216\037%\223\354@\250\375uR\010\027ap;n\223\254a\222"
 142      EC40A8FD 
 142      75520817 
 142      61703B6E 
 142      93AC6192 
 143 015d 25A10DD1 		.ascii	"%\241\015\321\251\231t\275[\370k\305\342\273\271\315"
 143      A99974BD 
 143      5BF86BC5 
 143      E2BBB9CD 
 144 016d 4B9AC135 		.ascii	"K\232\3015\334A\010\255T\251\314\304p\027:\325\350\373"
 144      DC4108AD 
 144      54A9CCC4 
 144      70173AD5 
 144      E8FB
 145 017f 51FF2C29 		.ascii	"Q\377,)\2361\221t|m\305\314\220YT(\030!\276W\360\317"
 145      9E319174 
 145      7C6DC5CC 
 145      90595428 
 145      1821BE57 
 146 0195 8FB60D4C 		.ascii	"\217\266\015LB\026M0\302\364,\207ciq\014\203)s\322h"
 146      42164D30 
 146      C2F42C87 
 146      6369710C 
ARM GAS  /tmp/cccEPlpI.s 			page 11


 146      832973D2 
 147 01aa A276CE38 		.ascii	"\242v\3168I\3712\374\231V\377\010\031\016/?\327<?\205"
 147      49F932FC 
 147      9956FF08 
 147      190E2F3F 
 147      D73C3F85 
 148 01be C3E08E00 		.ascii	"\303\340\216\000\365\206\341\036<l\275\266$K\233\357"
 148      F586E11E 
 148      3C6CBDB6 
 148      244B9BEF 
 149 01ce DBC89774 		.ascii	"\333\310\227t\302\221\353I\322\004y\027\233}\337\230"
 149      C291EB49 
 149      D2047917 
 149      9B7DDF98 
 150 01de 42EA6A37 		.ascii	"B\352j7\031<\031\243\364T\"\011y\276\316\376:\020\372"
 150      193C19A3 
 150      F4542209 
 150      79BECEFE 
 150      3A10FA
 151 01f1 82109992 		.ascii	"\202\020\231\222a\214\224\305\035\033\207\307\340)V"
 151      618C94C5 
 151      1D1B87C7 
 151      E02956
 152 0200 356AC288 		.ascii	"5j\302\210(\024\031\323d\236\036K\346G\255lO\233\375"
 152      281419D3 
 152      649E1E4B 
 152      E647AD6C 
 152      4F9BFD
 153 0213 6FB4AC0E 		.ascii	"o\264\254\016\353uL\264\247\006\205\351\317\224\017"
 153      EB754CB4 
 153      A70685E9 
 153      CF940F
 154 0222 6462E303 		.ascii	"db\343\003\261^\336$\262\202\304Ev\006c\363\327\332"
 154      B15EDE24 
 154      B282C445 
 154      760663F3 
 154      D7DA
 155 0234 F6FD6DE7 		.ascii	"\366\375m\347\240\306%&a)\337`\351}\262\364\201,\213"
 155      A0C62526 
 155      6129DF60 
 155      E97DB2F4 
 155      812C8B
 156 0247 A6FF75AB 		.ascii	"\246\377u\253o\353g\352J*\036Zn\301\"\221 \263\305{"
 156      6FEB67EA 
 156      4A2A1E5A 
 156      6EC12291 
 156      20B3C57B 
 157 025b 45CBED91 		.ascii	"E\313\355\221\240P\037\244\237S\320\261\223\030,\004"
 157      A0501FA4 
 157      9F53D0B1 
 157      93182C04 
 158 026b 1E2157D6 		.ascii	"\036!W\326\031\205w\261y\241TVc\225\305>\300\033Z9\023"
 158      198577B1 
 158      79A15456 
 158      6395C53E 
 158      C01B5A39 
 159 0280 6F8F1C8D 		.ascii	"o\217\034\215\304I\215!+\266\271\\\372\201\362\212\222"
ARM GAS  /tmp/cccEPlpI.s 			page 12


 159      C4498D21 
 159      2BB6B95C 
 159      FA81F28A 
 159      92
 160 0291 8A23057A 		.ascii	"\212#\005z\225[//\256\324\335\325\245r-r\327\270J\231"
 160      955B2F2F 
 160      AED4DDD5 
 160      A5722D72 
 160      D7B84A99 
 161 02a5 565CE2AE 		.ascii	"V\\\342\256\2518~l\357\277\270\023U\3255n\275\2400\177"
 161      A9387E6C 
 161      EFBFB813 
 161      55D5356E 
 161      BDA0307F 
 162 02b9 F72E3D2F 		.ascii	"\367.=/\357\240^x8\377dn\"\262\250\262\262\314U\316"
 162      EFA05E78 
 162      38FF646E 
 162      22B2A8B2 
 162      B2CC55CE 
 163 02cd 5419FA0B 		.ascii	"T\031\372\013u\031BP"
 163      75194250 
 164              		.text
 165              		.section	.gnu.lto_stGetAlarm.26ab70ab11d529c3,"",%progbits
 166 0000 789C8D52 		.ascii	"x\234\215RMH\024a\030~\237\371fgv\375+\350\022\261\240"
 166      4D481461 
 166      187E9FF9 
 166      666776FD 
 166      2BE812B1 
 167 0015 573BECB0 		.ascii	"W;\354\260\375\\\273\024D\240tP\350(e\007\005\301p\245"
 167      FD5CBB14 
 167      44A07450 
 167      E8286507 
 167      05C170A5 
 168 0029 EB7EBA6B 		.ascii	"\353~\272kn\350!*w\303\246X(\210\010\261\320~\326J'"
 168      6EE8212A 
 168      77C3A658 
 168      288808B1 
 168      D07ED64A 
 169 003e 4D0D235B 		.ascii	"M\015#[\275U\027\321~@6\261Z\260-\323\336of)\253K\003"
 169      BD5517D1 
 169      7E4036B1 
 169      5AB02DD3 
 169      DE6F6629 
 170 0055 DFCFFBCE 		.ascii	"\337\317\373\3163\317\373>\3573\006\021-kD\307\370\334"
 170      33CFFB3E 
 170      EF330611 
 170      2D6B44C7 
 170      F8DC
 171 0067 C70B3E82 		.ascii	"\307\013>\202vn\226\250\303\257i\"\033$Y\242;a\222e"
 171      766E96A8 
 171      C3AF6922 
 171      1B2459A2 
 171      3B619265 
 172 007b 02BA97D6 		.ascii	"\002\272\227\326\001u\221~PT\023:\242\350\025\027\005"
 172      0175917E 
 172      5054133A 
 172      A2E81517 
ARM GAS  /tmp/cccEPlpI.s 			page 13


 172      05
 173 008c E6E2B76D 		.ascii	"\346\342\267m\321#lA\3209\374\364\242\177\251B\205@"
 173      D1236C41 
 173      D039FCF4 
 173      A27FA942 
 173      8540
 174 009e 1587B995 		.ascii	"\025\207\271\225\251\341\262\352\033RvJ'\265j^\036\316"
 174      A9E1B2EA 
 174      1B52764A 
 174      27B56A5E 
 174      1ECE
 175 00b0 CA802D34 		.ascii	"\312\200-4J2|\030A\014!\250\212\337E51z\361\316F_\271"
 175      4A327C18 
 175      410C21A8 
 175      8ADF4535 
 175      317AF1CE 
 176 00c7 A1A70529 		.ascii	"\241\247\005)\000\347\357\301 \360\311\231\301y\237"
 176      00E7EFC1 
 176      20F0C999 
 176      C1799F
 177 00d6 233736BB 		.ascii	"#76\273\245\363\366\032\276\0376u\262\205\360\251\315"
 177      A5F3F61A 
 177      BE1F3675 
 177      B285F0A9 
 177      CD
 178 00e7 501B5182 		.ascii	"P\033Q\202\0277(\035:\313\005\370\026sh\031\343#\205"
 178      1737281D 
 178      3ACB05F8 
 178      16736819 
 178      E32385
 179 00fa 99BC7DE0 		.ascii	"\231\274}\340\027y\\\362\343\244\362\246p\331\223\002"
 179      17795CF2 
 179      E3A4F2A6 
 179      70D99302 
 180 010a 5B0A13EE 		.ascii	"[\012\023\356\303\300\003U\224\267~\241\004%\273\306"
 180      C3C00355 
 180      94B77EA1 
 180      0425BBC6 
 181 011a 5F9A4A90 		.ascii	"_\232J\220\356\"g\007\326VK\274P1)D\372\312\207@\032"
 181      EE226707 
 181      D6564BBC 
 181      50312944 
 181      FACA8740 
 182 012f 57610B1F 		.ascii	"Wa\013\037FXSFi\342|\367\373\347\331\012k@\306;\344"
 182      46585346 
 182      69E27CF7 
 182      FBE7D90A 
 182      6B40C63B 
 183 0144 C2ADF91D 		.ascii	"\302\255\371\035K\246-\014<D\032}\334\251\252Dx\004"
 183      4BA62D0C 
 183      3C441A7D 
 183      DCA9AA44 
 183      7804
 184 0156 8B7B8CAD 		.ascii	"\213{\214\255\237y\025\360*\372\274\242\223\233k\316"
 184      9F7915F0 
 184      2AFABCA2 
 184      939B6BCE 
ARM GAS  /tmp/cccEPlpI.s 			page 14


 185 0166 36554540 		.ascii	"6UE@\303c\346{\207\370\353\211T~\032\252i\2061f0\227"
 185      C363E67B 
 185      87F8EB89 
 185      547E1AAA 
 185      69863166 
 186 017c 29947B18 		.ascii	")\224{\030\302\250;Gb\351\202\262AV\236C\274\312\035"
 186      C2A83B47 
 186      62E982B2 
 186      41569E43 
 186      BCCA1D
 187 018f 1F233399 		.ascii	"\037#3\231\334\0333\372C\372ma&y6\2041Di\2536\277\253"
 187      DC1B33FA 
 187      43FA6D61 
 187      26793684 
 187      314469AB 
 188 01a6 2DF66DEC 		.ascii	"-\366m\354K\005\343vrBy\240r\205\271\217\211RV\327\261"
 188      4B05E376 
 188      724279A0 
 188      7285B98F 
 188      895256D7 
 189 01bb DD16013C 		.ascii	"\335\026\001<a\327\235\242\274\330\365\241.0\372\222"
 189      61D79DA2 
 189      BCD8F5A1 
 189      2E30FA92 
 190 01cb 94558A61 		.ascii	"\224U\212a\234\225y\206M j\213\022\267\033\375\267\021"
 190      9C957986 
 190      4D206A8B 
 190      12B71BFD 
 190      B711
 191 01dd A38599F5 		.ascii	"\243\205\231\365\324\256\277\214\270\360\325,\372 \376"
 191      D4AEBF8C 
 191      B8F0D52C 
 191      FA20FE
 192 01ec F0E129FB 		.ascii	"\360\341)\3730\251\270&\225\\\343\177\247\374\271\362"
 192      30A9B826 
 192      955CE37F 
 192      A7FCB9F2 
 193 01fc 3CFF5EA5 		.ascii	"<\377^\245\230r\247\014\227G\201\234\336\316\233fxP"
 193      9872A70C 
 193      9747819C 
 193      DECE9B66 
 193      7850
 194 020e 81D2239A 		.ascii	"\201\322#\232\362a\032\026v3\203\213\3003\204i\005\235"
 194      F2611A16 
 194      7633838B 
 194      C0338469 
 194      059D
 195 0220 0B3DEB13 		.ascii	"\013=\353\023\2067aCM3\301\024\334?O\2542\024\262\016"
 195      86376143 
 195      4D33C114 
 195      DC3F4FAC 
 195      3214B20E 
 196 0234 36359F68 		.ascii	"65\237h>Zg\265F\254\246\343-V\244\255Q\235\015\221\366"
 196      3E5A67B5 
 196      46ACA6E3 
 196      2D56A4AD 
 196      519D0D91 
ARM GAS  /tmp/cccEPlpI.s 			page 15


 197 0249 5023EDFF 		.ascii	"P#\355\377\367\375\251\326\266\366\210UW_\273w\217U"
 197      F7FDA9D6 
 197      B6F68855 
 197      575FBB77 
 197      8F55
 198 025b 5373C8AA 		.ascii	"Ss\310\252?R{:\\\374\242\241\245\345d\250\211~\002B"
 198      3F527B3A 
 198      5CFCA2A1 
 198      A5E564A8 
 198      897E0242 
 199 026f E715DB   		.ascii	"\347\025\333"
 200              		.text
 201              		.section	.gnu.lto_.symbol_nodes.26ab70ab11d529c3,"",%progbits
 202 0000 789C558A 		.ascii	"x\234U\212\313\015\3020\020\005g\337&\026i\203\002\250"
 202      CB0DC230 
 202      100567DF 
 202      26166983 
 202      02A8
 203 0012 012A5B1F 		.ascii	"\001*[\037R\000EPC$\302\237\002\250\2016\270 ,\347\202"
 203      52004550 
 203      4324C29F 
 203      02A88136 
 203      B8202CE7 
 204 0027 0F4F23CD 		.ascii	"\017O#\315\274\004Le\350\250\200\375\013\012\346\274"
 204      BC044C65 
 204      E8A880FD 
 204      0B0AE6BC 
 205 0037 2B665658 		.ascii	"+fVXc\372\273\310kp\235\024j\317g\205\267\347\207l9"
 205      63FABBC8 
 205      6B709D14 
 205      6ACF6785 
 205      B7E7876C 
 206 004c 5F145D9B 		.ascii	"_\024]\233\236RMvU\3645A\316[\260\233\"\375\013g\305"
 206      9E524D76 
 206      55F43541 
 206      CE5BB09B 
 206      22FD0B67 
 207 0061 E1FD35B7 		.ascii	"\341\3755\267\201\361\263\361nA\252\340\007\330\330"
 207      81F1B3F1 
 207      6E41AAE0 
 207      07D8D8
 208 0070 2B85     		.ascii	"+\205"
 209              		.text
 210              		.section	.gnu.lto_.refs.26ab70ab11d529c3,"",%progbits
 211 0000 789C6363 		.ascii	"x\234cc``\020\000bFF&&\026F\026&V\026F6&v\026\006\000"
 211      60601000 
 211      62464626 
 211      26164616 
 211      26561646 
 212 001a 033F0045 		.ascii	"\003?\000E"
 213              		.text
 214              		.section	.gnu.lto_.decls.26ab70ab11d529c3,"",%progbits
 215 0000 789CB558 		.ascii	"x\234\265X{LTW\032\277\347\236\001\307\341\345N\033"
 215      7B4C5457 
 215      1ABFE79E 
 215      01C7E1E5 
 215      4E1B
ARM GAS  /tmp/cccEPlpI.s 			page 16


 216 0012 E3666DAB 		.ascii	"\343fm\253\306\006\272\3332\242m\262\233\3546m\321\266"
 216      C606BADB 
 216      32A26DB2 
 216      9BEC366D 
 216      D1B6
 217 0024 36B5DD0C 		.ascii	"6\265\335\014n\262\233l2\245H\0276\010\206\031\233\364"
 217      6EB29B6C 
 217      32A54817 
 217      36088619 
 217      9BF4
 218 0036 9FEDC541 		.ascii	"\237\355\305A\035\324]AQ\021Q@\036j\245\012* \2400\362"
 218      1DD45D41 
 218      51115140 
 218      1E6AA50A 
 218      2A20A030 
 219 004b 92A75044 		.ascii	"\222\247PD\021\021\305'\240-/\237\200:\373\235\307\345"
 219      1111C527 
 219      A02D2F9F 
 219      803AFB9D 
 219      C7E5
 220 005d DEB980DB 		.ascii	"\336\271\200\333Mvo\370f\356w\316\357\374\276\337w\276"
 220      4D766FF8 
 220      66EE77CE 
 220      EFFCBEDF 
 220      77BE
 221 006f 73CF3D83 		.ascii	"s\317=\203\247 \010\001/\013B\257(\010s\300\\pyB\333"
 221      A7200801 
 221      2F0B42AF 
 221      280873C0 
 221      5C707942 
 222 0084 19300CE6 		.ascii	"\0310\014\346\004;\007vA`\327\014\260+`=`7\300n\201"
 222      043B0776 
 222      4160D70C 
 222      B02B603D 
 222      6037C06E 
 223 0099 F582F583 		.ascii	"\365\202\365\203\015\3601#`\017\301\236\010\356W\011"
 223      0DF03123 
 223      600FC19E 
 223      08EE5709 
 224 00a9 62FD5F80 		.ascii	"b\375_\200\215\202u\361v\221s\366\013\223\25730\306"
 224      8D8275F1 
 224      769173F6 
 224      0B93AF33 
 224      30C6
 225 00bb 878F3182 		.ascii	"\207\2171\202\275\3145\371\203\375\001\372~\017\346"
 225      BDCC35F9 
 225      83FD01FA 
 225      7E0FE6
 226 00ca 82FB7711 		.ascii	"\202\373w\021\323\331\014\366\023\230\017\217\025\000"
 226      D3D90CF6 
 226      13980F8F 
 226      1500
 227 00d8 DFFE606F 		.ascii	"\337\376`o\200\351\270\356\017\021\323\3721|#\256W}"
 227      80E9B8EE 
 227      0F11D3FA 
 227      317C23AE 
 227      577D
ARM GAS  /tmp/cccEPlpI.s 			page 17


 228 00ea D570EC17 		.ascii	"\325p\354\027\232\030\210\363\211<\367O\320d\275\365"
 228      9A1888F3 
 228      893CF74F 
 228      D064BDF5 
 229 00fa FF855E32 		.ascii	"\377\205^2\247\355*\275\242J\257\216\317\255\254\365"
 229      A7ED2ABD 
 229      A24AAF8E 
 229      CFADACF5 
 230 010a 53AEF5A1 		.ascii	"S\256\365\241&^\0134z\377\017b\365\252b}\306ci\353\227"
 230      265E0B34 
 230      7AFF0F62 
 230      F5AA627D 
 230      C66369EB 
 231 011f 8C5177DD 		.ascii	"\214Qw\335\241\303x3F\376\006DV\212\0374\035\375\261"
 231      A1C37833 
 231      46FE0644 
 231      568A1F34 
 231      1DFDB1
 232 0132 64D48735 		.ascii	"d\324\2075\021D\347\275C\247\014X\244\367\033\023\212"
 232      1144E7BD 
 232      43A70C58 
 232      A4F71B13 
 232      8A
 233 0143 873D03F3 		.ascii	"\207=\003\363$v\351\227\013\250\020a\231\252m\353H\366"
 233      2476E997 
 233      0BA81061 
 233      99AA6DEB 
 233      48F6
 234 0155 0CFC6B0A 		.ascii	"\014\374k\012\374!>?\215\320\032\015H\007\356ps\352"
 234      FC213E3F 
 234      8DD01A0D 
 234      4807EE70 
 234      73EA
 235 0167 4D5F705F 		.ascii	"M_p_6\240y\311X\274\3269~\305\027\031\002\034\222\264"
 235      36A079C9 
 235      58BCD639 
 235      7EC51719 
 235      021C92B4 
 236 017b 4ECAB04B 		.ascii	"N\312\260K3?\026P\011\232\213N\242\271\002*C\001$t\021"
 236      333F1650 
 236      099A8B4E 
 236      A2B9022A 
 236      43012474 
 237 0190 0A14D009 		.ascii	"\012\024\320\011h<\016\215\271$\234s\360\221\177\322"
 237      683C0E8D 
 237      B9249C73 
 237      F0917FD2 
 238 01a0 46491251 		.ascii	"FI\022Q)2\240b\204)\0062\36370\001\207\262\223\366{"
 238      2932A062 
 238      84290632 
 238      F3373001 
 238      87B293F6 
 239 01b5 E2BF1301 		.ascii	"\342\277\023\001b\331\236\3335\342t!\312\247\015qm\337"
 239      62D99EDB 
 239      35E27421 
 239      CAA70D71 
 239      6DDF
ARM GAS  /tmp/cccEPlpI.s 			page 18


 240 01c7 82DAF524 		.ascii	"\202\332\365$\304i\010qJ\011\001\021Y\214\255\205]O"
 240      C4690871 
 240      4A090111 
 240      598CAD85 
 240      5D4F
 241 01d9 FDF05E44 		.ascii	"\375\360^D\203\254o)\352\2376\310\231i\203\270\362\026"
 241      83AC6F29 
 241      EA9F36C8 
 241      996983B8 
 241      F216
 242 01eb 1D6A97A4 		.ascii	"\035j\227\244y\310\011A*\224 \247i\020\322\012\201\306"
 242      79C80941 
 242      2A9420A7 
 242      6910D20A 
 242      81C6
 243 01fd FB923B11 		.ascii	"\373\222;\021\233Aop\357\224&W\033\014\0162\236\006"
 243      9B416F70 
 243      EF942657 
 243      1B0C0E32 
 243      9E06
 244 020f 22ED7228 		.ascii	"\"\355r(\001U\221\221\3104\027U\202\013\350\254\273"
 244      01559191 
 244      C8341755 
 244      820BE8AC 
 244      BB
 245 0220 25551E6C 		.ascii	"%U\036l\260\017\270W\366'\347\350\330\364\367\221\356"
 245      B00FB857 
 245      F627E7E8 
 245      D8F4F791 
 245      EE
 246 0231 0B4F4E8F 		.ascii	"\013ON\217y\343\006\232\204.\317\376\335\220\016\005"
 246      79E3069A 
 246      842ECFFE 
 246      DD900E05 
 247 0241 CC45C086 		.ascii	"\314E\300\206\014\271rm\005\324\000\352jyy\341J\225"
 247      0CB9726D 
 247      05D400EA 
 247      6A7979E1 
 247      4A95
 248 0253 20FAD0B7 		.ascii	" \372\320\267\244\031\356\365\364\233&.eIx\216\200\226"
 248      A419EEF5 
 248      F49B262E 
 248      6549788E 
 248      8096
 249 0265 CC458B20 		.ascii	"\314E\213 \355\263\220v\003\225S\017\204uL\217$\265"
 249      EDB39076 
 249      0395530F 
 249      84754C8F 
 249      24B5
 250 0277 0E7A1813 		.ascii	"\016z\030\023\0111|\274\207(w\015\364WS\371\215\310"
 250      09317CBC 
 250      8728770D 
 250      F45753F9 
 250      8DC8
 251 0289 282741D0 		.ascii	"('A\320\005iu\2433\015\234\333\361\237\270]\273\322"
 251      056975A3 
 251      330D9CDB 
ARM GAS  /tmp/cccEPlpI.s 			page 19


 251      F19FB85D 
 251      BBD2
 252 029b 8667A8B9 		.ascii	"\206g\250\271\233^\304=\330[y\304\340\275i\242`\250"
 252      9B5EC43D 
 252      D85B79C4 
 252      E0BD69A2 
 252      60A8
 253 02ad 19195513 		.ascii	"\031\031U\023y\016\221g\217~\003\370\331P\3533o6\215"
 253      790E9167 
 253      8F7E03F8 
 253      D950EB33 
 253      6F368D
 254 02c0 B424751B 		.ascii	"\264$u\033\322\321\2645h\225k\320\302tut\306\227\360"
 254      D2D1B435 
 254      68956BD0 
 254      C2747574 
 254      C697F0
 255 02d3 027A815B 		.ascii	"\002z\201[|}G\305LV\203K\244\273\274\261\255\323W;%"
 255      7C7D47C5 
 255      4C56834B 
 255      A4BBBCB1 
 255      ADD3573B 
 256 02e8 6DC0F603 		.ascii	"m\300\366\003e;Oe\267\312\262\333\257n\011\326\3468"
 256      653B4F65 
 256      B7CAB2DB 
 256      AF6E09D6 
 256      E638
 257 02fa 2D786FFD 		.ascii	"-xo\375\301\277\252SlwK\361\002O\361\002M\2617\253u"
 257      C1BFAA53 
 257      6C774BF1 
 257      024FF102 
 257      4DB137AB 
 258 030f 2BBA86BA 		.ascii	"+\272\206\272I\235\321,Zh\204\330'|\023\243\276K\276"
 258      499DD12C 
 258      5A6884D8 
 258      277C13A3 
 258      BE4BBE
 259 0322 106B8756 		.ascii	"\020k\207V\221t\323m\005\311X\371\222[\004\221s\210"
 259      9174D36D 
 259      05C958F9 
 259      925B0491 
 259      7388
 260 0334 322FFD43 		.ascii	"2/\375C\374\017\251XY?\0137A\303\360L\217 \207\343}"
 260      FC0FA958 
 260      593F0B37 
 260      41C3F04C 
 260      8F2087E3 
 261 0349 A21C4770 		.ascii	"\242\034Gp\013\015\276V\253{/\232\340b{&\231\260\363"
 261      0B0DBE56 
 261      AB7B2F9A 
 261      E0627B26 
 261      99B0F3
 262 035c A357DAFC 		.ascii	"\243W\332\374z\320Uh\376\213\257\220\250\217f\233\335"
 262      7AD05568 
 262      FE8BAF90 
 262      A88F669B 
 262      DD
ARM GAS  /tmp/cccEPlpI.s 			page 20


 263 036d B1816B1E 		.ascii	"\261\201k\036\270\205>%\250\306\365\330\351\307\252"
 263      B8853E25 
 263      A8C6F5D8 
 263      E9C7AA
 264 037c 2992BD6E 		.ascii	")\222\275n\250i\257\027\253\346,p\363\266\270\222=\346"
 264      A869AF17 
 264      ABE62C70 
 264      F3B6B892 
 264      3DE6
 265 038e ECA4F5B1 		.ascii	"\354\244\365\261K\263D\364\305lt\031f\274\223\316x\027"
 265      4BB344F4 
 265      C56C7419 
 265      66BC93CE 
 265      7817
 266 03a0 9A039FD1 		.ascii	"\232\003\237\321:\026\254\274\253\257\317gA\206\224"
 266      3A16ACBC 
 266      ABAFCF67 
 266      418694
 267 03af D123391F 		.ascii	"\321#9\037\227.\352=!I\260\343H:\002C\227\224\335\340"
 267      972EEA3D 
 267      2149B0E3 
 267      483A0243 
 267      9794DDE0 
 268 03c3 122D4907 		.ascii	"\022-I\007\352A\350\"TH@W\320\002\030n\317\273\274\311"
 268      EA41E822 
 268      54484057 
 268      D002186E 
 268      CFBBBCC9 
 269 03d7 033F62AA 		.ascii	"\003?b\252\362\363\276\357\326\353D\266i\220\010\344"
 269      F2F3BEEF 
 269      D6EB44B6 
 269      699008E4 
 270 03e7 59DBDCBE 		.ascii	"Y\333\334\276\315oZ-\327\250\226\253\210\213)\312\356"
 270      CD6F5A2D 
 270      D7A896AB 
 270      888B29CA 
 270      EE
 271 03f8 38AA0331 		.ascii	"8\252\0031= \346\306/S%'<r\260\373\001\212,\011YJ\267"
 271      3D20E6C6 
 271      2F532527 
 271      3C72B0FB 
 271      018A2C09 
 272 040f 564A0F95 		.ascii	"VJ\017\225R?~\314\027\333\331\233a\323\341G\335\036"
 272      523F7ECC 
 272      17DBD99B 
 272      61D3E147 
 272      DD1E
 273 0421 9CA8ED57 		.ascii	"\234\250\355W\023D$\247\353\012\321u-\321\015J\264\355"
 273      134424A7 
 273      EB0AD175 
 273      2DD10D4A 
 273      B4ED
 274 0433 F8E3740F 		.ascii	"\370\343t\017\274\2251u\357\213_\310\211*_qStS!\272"
 274      BC953175 
 274      EF8B5FC8 
 274      892A5F71 
 274      53745321 
ARM GAS  /tmp/cccEPlpI.s 			page 21


 275 0448 A925BA45 		.ascii	"\251%\272E\211\362\036\264\036\363\301\251\214\350\351"
 275      89F21EB4 
 275      1EF3C1A9 
 275      8CE8E9
 276 0457 D60DC3A2 		.ascii	"\326\015\303\242z\"\310\034)3q\307\255*#q\275#^<lm\372"
 276      7A22C81C 
 276      293371C7 
 276      AD2A2371 
 276      BD235E3C 
 277 046e EC4CBB74 		.ascii	"\354L\273tP\"[4\240\320m%\356mm\334^\032wx\313`\206"
 277      50225B34 
 277      A0D06D25 
 277      EE6D6DDC 
 277      5E1A7778 
 278 0485 1FCE6171 		.ascii	"\037\316aq]\303G.\322\251\200\255\276\345\334\233\351"
 278      5DC3472E 
 278      D2A980AD 
 278      BEE5DC9B 
 278      E9
 279 0496 F97D92C3 		.ascii	"\371}\222\303@W\001\352S\230\372\370\316\212\372)\203"
 279      405701EA 
 279      5398FAF8 
 279      CE8AFA29 
 279      83
 280 04a7 73283B05 		.ascii	"s(;\005\343^\306p\375\211\253\332[\375\004\223\307]"
 280      E35EC670 
 280      FD89ABDA 
 280      5BFD0493 
 280      C75D
 281 04b9 7982EFB1 		.ascii	"y\202\357\261'\030\200-\215;v\372\321\372C\033\257\277"
 281      2718802D 
 281      8D3B76FA 
 281      D1FA431B 
 281      AFBF
 282 04cb CBBEFBD1 		.ascii	"\313\276\373\321\364k\361'\232\365\217r\375\343\316"
 282      F46BF127 
 282      9AF58F72 
 282      FDE3CE
 283 04da 5FAC475C 		.ascii	"_\254G\\k\343\3257\323NH\361\036\004\203\356*J\357\312"
 283      6BE3D537 
 283      D34E48F1 
 283      1E0483EE 
 283      2A4AEFCA 
 284 04ee 4A07A8D2 		.ascii	"J\007\250\322\356\262\261n\357\371\2118\035\336\001"
 284      EEB2B16E 
 284      EFF98938 
 284      1DDE01
 285 04fd B0791216 		.ascii	"\260y\022\026g\177\347\001\214\367a*>\263\371\376N\003"
 285      677FE701 
 285      8CF7612A 
 285      3EB3F9FE 
 285      4E03
 286 050f CE63CE85 		.ascii	"\316c\316\205\234\275\307\014\257gI\255N\262\330\177"
 286      9CBDC70C 
 286      AF6749AD 
 286      4EB2D87F 
 287 051f BB3B5772 		.ascii	"\273;Wr$\306\321qh\030\"\300:Rm\325C\3202\210\346\013"
ARM GAS  /tmp/cccEPlpI.s 			page 22


 287      24C6D171 
 287      681822C0 
 287      3A526DD5 
 287      43D03288 
 288 0535 6804BD0E 		.ascii	"h\004\275\016cS\366d\025\211\363\013i\240v\026(!\275"
 288      6353F664 
 288      1589F30B 
 288      69A07616 
 288      2821BD
 289 0548 F538C267 		.ascii	"\3658\302g\030\367\330\263\321\355\210s\267\275\022"
 289      18F7D8B3 
 289      D1ED8873 
 289      B7BD12
 290 0557 97E18C9F 		.ascii	"\227\341\214\237G\267:B\014\313A\265?>\200\226\373\204"
 290      47B73A42 
 290      0CCB41B5 
 290      3F3E8096 
 290      FB84
 291 0569 F821251E 		.ascii	"\370!%\036\333\224vO?\277EM|l\250\346$\306]\2148\247"
 291      DB94764F 
 291      3FBF454D 
 291      7C6CA8E6 
 291      24C65D8C 
 292 057f B0E69CA7 		.ascii	"\260\346\234\247L\374\232;q\257\033\361chyD\210\237"
 292      4CFC9A3B 
 292      71AF1BF1 
 292      63687944 
 292      889F
 293 0591 50E2F4A7 		.ascii	"P\342\364\247\343\273}\325u#5W\3526\312w\336Q\272\363"
 293      E3BB7DD5 
 293      75233557 
 293      EA36CA77 
 293      DE51BAF3 
 294 05a5 CA2F0423 		.ascii	"\312/\004#\177!\244\226=h\340\357l=\351\0368\\\354\303"
 294      7F21A496 
 294      3D68E0EF 
 294      6C3DE91E 
 294      385CECC3 
 295 05b9 761827DD 		.ascii	"v\030'\335\243\356d\306\363wQ+\361\253.\236\035\322"
 295      A3EE64C6 
 295      F377512B 
 295      F1AB2E9E 
 295      1DD2
 296 05cb E17EA638 		.ascii	"\341~\2468\245\255`\031y1\331\177\326Q\007\00645\215"
 296      A5AD6019 
 296      7931D97F 
 296      D6510706 
 296      34358D
 297 05de 377BE041 		.ascii	"7{\340A6zsMa-?\254\325\021?\271\264\252\314\013\217"
 297      367A734D 
 297      612D3FAC 
 297      D5113FB9 
 297      B4AACC0B 
 298 05f3 B0CE9B9B 		.ascii	"\260\316\233\233nTy\342\307\314\221E\031\271\250\364"
 298      6E5479E2 
 298      C7CC9145 
 298      19B9A8F4 
ARM GAS  /tmp/cccEPlpI.s 			page 23


 299 0603 AE870D08 		.ascii	"\256\207\015\010\217\263\316\262\342S\265<\201E\252"
 299      8FB3CEB2 
 299      E253B53C 
 299      8145AA
 300 0612 2DD2C8B6 		.ascii	"-\322\310\266\310\242;\365\265\006\226\217\204\300?"
 300      C8A23BF5 
 300      B506968F 
 300      84C03F
 301 0621 DD76E53D 		.ascii	"\335v\345=\014\273\036\031Y9\222\177\200\347\206\301"
 301      0CBB1E19 
 301      5939927F 
 301      80E786C1 
 302 0631 ED49AC72 		.ascii	"\355I\254r\371M\373\236\335,\362\367\354&\221\246\362"
 302      F94DFB9E 
 302      DD2CF2F7 
 302      EC2691A6 
 302      F2
 303 0642 3031FF43 		.ascii	"01\377C\345\325\250\243'7\2078\027m\024\011z\213h\224"
 303      E5D5A8A3 
 303      27378738 
 303      176D1409 
 303      7A8B6894 
 304 0656 C7D0F57E 		.ascii	"\307\320\365~=\347\252\257\032\355z\021\372HV\316.\003"
 304      3DE7AAAF 
 304      1AED7A11 
 304      FA4856CE 
 304      2E03
 305 0668 8E6722F7 		.ascii	"\216g\"\367\334\357\356\347\365\012\0007\367Q\231]\217"
 305      DCEFEEE7 
 305      F50A0037 
 305      F751995D 
 305      8F
 306 0679 1DAC6F7B 		.ascii	"\035\254o{\371\336\346\031x\013s\344\303\256\221\036"
 306      F9DEE619 
 306      780B73E4 
 306      C3AE911E 
 307 0689 76D1BA8E 		.ascii	"v\321\272\216\017p\"\353\251H\332\006[i2s\006\342o\367"
 307      0F7022EB 
 307      A948DA06 
 307      5B693273 
 307      06E26FF7 
 308 069d F0F99903 		.ascii	"\360\371\231\003\356\216\306{\376x7\353z^W\345\217\323"
 308      EE8EC67B 
 308      FE7837EB 
 308      7A5E57E5 
 308      8FD3
 309 06af D97D6DD1 		.ascii	"\331}m\321\301\003\010\3470g$\265\366\236\001\037bN"
 309      C10308E7 
 309      306724B5 
 309      F69E011F 
 309      624E
 310 06c1 465BDA49 		.ascii	"F[\332I=\316cN\356\223\235\271\336\270\2009\355%\027"
 310      3DCE634E 
 310      EE939DB9 
 310      DEB88039 
 310      ED2517
 311 06d4 1C5EB888 		.ascii	"\034^\270\2109\216\202\202\024/\\\312\234ue\235I\374"
ARM GAS  /tmp/cccEPlpI.s 			page 24


 311      398E8282 
 311      142F5CCA 
 311      9C75659D 
 311      49FC
 312 06e6 35D643FC 		.ascii	"5\326C\374[9\2672\370\251D\362$\333x[\023\254\351r\006"
 312      5B39B732 
 312      F8A944F2 
 312      24DB785B 
 312      13ACE972 
 313 06fb 4E1A1AD9 		.ascii	"N\032\032\331\3569m\0352\345:,\242e(.\314\032\324k\353"
 313      EE396D1D 
 313      32E53A2C 
 313      A265282E 
 313      CC1AD46B 
 314 0710 F014D0E3 		.ascii	"\360\024\320\343\024\275\237\316l\246<\263\325\325\247"
 314      14BD9FCE 
 314      6CA63CB3 
 314      D5D5A7
 315 071f 9F216D1D 		.ascii	"\237!m\035\246C\317vn\314X\357\205\026\262\353\245\205"
 315      A643CF76 
 315      6ECC58EF 
 315      8516B2EB 
 315      A585
 316 0731 F215403E 		.ascii	"\362\025@>\366K\361v8\267\247\340\204\202[?\304I\331"
 316      F64BF176 
 316      38B7A7E0 
 316      84825B3F 
 316      C449D9
 317 0744 732855A2 		.ascii	"s(U\242\210\321a\361%\3459\330J\353[B\330\0056\344\306"
 317      88D161F1 
 317      25E539D8 
 317      4AEB5B42 
 317      D80536E4 
 318 0759 B7F07289 		.ascii	"\267\360r\211\307\024\276K\013\337A\341A\012\272R\205"
 318      C714BE4B 
 318      0BDF41E1 
 318      410ABA52 
 318      85
 319 076a DEA34533 		.ascii	"\336\243E3\3212:Nr^v\3408\012\377\247hD\011\034./3\264"
 319      D1323A4E 
 319      725E76E0 
 319      380AFFA7 
 319      6844091C 
 320 0782 61929606 		.ascii	"a\222\226\006\025{\352\324\354jx\233\012\276[\013\337"
 320      157BEAD4 
 320      EC6A789B 
 320      0ABE5B0B 
 320      DF
 321 0793 A8953EE2 		.ascii	"\250\225>\342\300\012|\235\026\036\247\022\223\304\353"
 321      C00A7C9D 
 321      161EA712 
 321      93C4EB
 322 07a2 21C1EB01 		.ascii	"!\301\353\001\245\203\334}\264\223\340a\003A\205b\000"
 322      A583DC7D 
 322      B493E061 
 322      03418562 
 322      00
ARM GAS  /tmp/cccEPlpI.s 			page 25


 323 07b3 3A2A2E44 		.ascii	":*.Dy`\271`\007\301\016\201\025\203\345\200}\017V\000"
 323      7960B960 
 323      07C10E81 
 323      1583E580 
 323      7D0F5600 
 324 07c7 960F5602 		.ascii	"\226\017V\002\226\015v\022\354"
 324      960D7612 
 324      EC
 325 07d0 00D871B0 		.ascii	"\000\330q\260#`\337\201\025\201\035\003;!.\244/\026"
 325      2360DF81 
 325      15811D03 
 325      3B212EA4 
 325      2F16
 326 07e2 2673EC1F 		.ascii	"&s\354\037\212\3124\255J\223v\012\356\252\246`\347\324"
 326      8ACA34AD 
 326      4A93760A 
 326      EEAAA660 
 326      E7D4
 327 07f4 D57383AB 		.ascii	"\325s\203\253\347\300>\365\034\250\247L\245e\357\224"
 327      E7C03EF5 
 327      1CA8A74C 
 327      A565EF94 
 328 0804 5A54E031 		.ascii	"ZT\3401\225\224\355Z\360\266IRFT\360\344\251\341\352"
 328      9594ED5A 
 328      F0B64952 
 328      4654F0E4 
 328      A9E1EA
 329 0817 7597A012 		.ascii	"u\227\240\022\376\034i\340\317&-\215\033\352D\327k\351"
 329      FE1C69E0 
 329      CF262D8D 
 329      1BEA44D7 
 329      6BE9
 330 0829 E3DDD5C0 		.ascii	"\343\335\325\300\032mH\340+5\013Vj\006\307\313\017\""
 330      1A6D48E0 
 330      2B350B56 
 330      6A06C7CB 
 330      0F22
 331 083b 1A531636 		.ascii	"\032S\0266\373\351:\360\334\030\007\313\203\240\004"
 331      FBE93AF0 
 331      DC1807CB 
 331      83A004
 332 084a 7E3E502A 		.ascii	"~>P*\370\334\201K\3404\233\340I\203K\332\340\317\220"
 332      F8DC814B 
 332      E0349BE0 
 332      49834BDA 
 332      E0CF90
 333 085d 26B7CBAA 		.ascii	"&\267\313\252\231H\231z\031\273\255zuj\377\322\3427"
 333      9948997A 
 333      19BBAD7A 
 333      756AFFD2 
 333      E237
 334 086f 4C9A3935 		.ascii	"L\23295<i\352\375\200\302\311\231\246\351\342A_\374"
 334      3C69EAFD 
 334      80C2C999 
 334      A6E9E241 
 334      5FFC
 335 0881 846E7B62 		.ascii	"\204n{b\241\2433\317\017\005\274\3042\276\230\200\355"
ARM GAS  /tmp/cccEPlpI.s 			page 26


 335      A1A333CF 
 335      0F05BCC4 
 335      32BE9880 
 335      ED
 336 0892 24E35330 		.ascii	"$\343S0\272T\2348\024\221\011\230\346\201Ae\360\234"
 336      BA549C38 
 336      14910998 
 336      E6814165 
 336      F09C
 337 08a4 FCBF9F19 		.ascii	"\374\277\237\031\020]Z\221Y\254S\2376N\251\022\024\320"
 337      105D5A91 
 337      59AC539F 
 337      364EA912 
 337      14D0
 338 08b6 69919D36 		.ascii	"i\221\2356\340\233l\374\225\255)z5\370'\267\243I9\007"
 338      E09B6CFC 
 338      95AD297A 
 338      35F827B7 
 338      A3493907 
 339 08ca 9753F0B9 		.ascii	"\227S\360\271\247u\005\236\030N\202$Ls\315\371\224\031"
 339      A775059E 
 339      184E8224 
 339      4C73CDF9 
 339      9419
 340 08dc 780F7574 		.ascii	"x\017ut{\252\213\006\274\320L\366\317\202\200\215\364"
 340      7BAA8B06 
 340      BCD04CF6 
 340      CF82808D 
 340      F4
 341 08ed 27BA3D71 		.ascii	"'\272=q\026\232\370\211^\015\371\236\021g\002U%LG\025"
 341      169AF889 
 341      5E0DF99E 
 341      11670255 
 341      254C4715 
 342 0901 4C07F95F 		.ascii	"L\007\371_\001i\241\377?\230EoU\377d\000\0279\305\211"
 342      0169A1FF 
 342      3F98456F 
 342      55FF6400 
 342      1739C589 
 343 0915 7F3290F3 		.ascii	"\1772\220\363k\355P\236^}~%\020\345\000[#\252\217\355"
 343      6BED509E 
 343      5E7D7E25 
 343      10E5005B 
 343      23AA8FED 
 344 0929 47320BEF 		.ascii	"G2\013\357\223\263\266\263\207\236\265K.\365I\022$\031"
 344      93B3B6B3 
 344      879EB54B 
 344      2EF54912 
 344      2419
 345 093b 8F740488 		.ascii	"\217t\004\210*\224\202U\210\232\223{\255HN\263\231\307"
 345      2A948255 
 345      889A937B 
 345      AD484EB3 
 345      99C7
 346 094d 1FA4FAE0 		.ascii	"\037\244\372\340L\226\352\363\361\234*\037\316\326\360"
 346      4C96EAF3 
 346      F19C2A1F 
ARM GAS  /tmp/cccEPlpI.s 			page 27


 346      CED6F0
 347 095c 1BF6DB23 		.ascii	"\033\366\333#\223\375\3668\2530\235\3252\325Q\246.W"
 347      93FDF638 
 347      AB309DD5 
 347      32D551A6 
 347      2E57
 348 096e 49860F3E 		.ascii	"I\206\017>\301\230\236^\355\317\0249\323\3357'\230\310"
 348      C1989E5E 
 348      EDCF1439 
 348      D3DD3727 
 348      98C8
 349 0980 79B05E61 		.ascii	"y\260^a\252\32725P\246\212\376\354T\035\256eL\035?\226"
 349      AAD73235 
 349      50A68AFE 
 349      EC541DAE 
 349      654C1D3F 
 350 0995 E7EB654D 		.ascii	"\347\353eM\201n\232\032\025\246F-S\023e*\332\265\343"
 350      816E9A1A 
 350      15A6462D 
 350      5313652A 
 350      DAB5E3
 351 09a8 5DDCC188 		.ascii	"]\334\301\210\034\035\243;0'\0328j\314\242\277p\022"
 351      1C1DA33B 
 351      30271A38 
 351      6ACCA2BF 
 351      7012
 352 09ba 17D25F38 		.ascii	"\027\322_8\315\012S\263\226\351\234\270@x50\320\024"
 352      CD0A53B3 
 352      96E99CB8 
 352      40783530 
 352      D014
 353 09cc 1C11F965 		.ascii	"\034\021\371e\344\347!\246\030\253)\"4\312d\215\015"
 353      E4E721A6 
 353      18AB2922 
 353      34CA648D 
 353      0D
 354 09dd 23DF16AB 		.ascii	"#\337\026\253-0L\377\321g\177\232\027\034\024$\030,"
 354      2D304CFF 
 354      D1677F9A 
 354      171C1424 
 354      182C
 355 09ef 96B591D1 		.ascii	"\226\265\221\321\266%\213-\266\267Mk\255\261\246\320"
 355      B6258B2D 
 355      B6B74D6B 
 355      ADB1A6D0 
 356 09ff D8D56F45 		.ascii	"\330\325oE\307D\207\277\025\036\372e\244)2:,j\355\252"
 356      C74487BF 
 356      151EFA65 
 356      A429323A 
 356      2C6AEDAA 
 357 0a13 70D3EAD0 		.ascii	"p\323\352\320\260\210\310\350p\223eU\370W\241k\243l"
 357      B088C8E8 
 357      70936555 
 357      F857A16B 
 357      A36C
 358 0a25 16DB376B 		.ascii	"\026\3337k\302\255\201\021\202^\036\375\306\013F[\277"
 358      C2AD8111 
ARM GAS  /tmp/cccEPlpI.s 			page 28


 358      825E1EFD 
 358      C60B465B 
 358      BF
 359 0a36 B19A20EC 		.ascii	"\261\232 \354*\200\302\220\231\340\332\"W\207[l\013"
 359      2A80C290 
 359      99E0DA22 
 359      57875B6C 
 359      0B
 360 0a47 DC45C6DA 		.ascii	"\334E\306\332&F\204E\020\004\200ua\021\241\261\236V"
 360      26468445 
 360      10048075 
 360      6111A1B1 
 360      9E56
 361 0a59 DBF2E848 		.ascii	"\333\362\350H\333k/\316I\360\266\332Bl\241\261\266\367"
 361      DB6B2FCE 
 361      49F0B6DA 
 361      426CA1B1 
 361      B6F7
 362 0a6b A3408617 		.ascii	"\243@\206\027qb\326\320{\003\334\207\333\344\333\217"
 362      7162D6D0 
 362      7B03DC87 
 362      DBE4DB8F 
 363 0a7b C2271096 		.ascii	"\302'\020\226\250\250U\226H\240~g2\365\232\230X\233"
 363      A8A85596 
 363      48A07E67 
 363      32F59A98 
 363      589B
 364 0a8d D514B272 		.ascii	"\325\024\262r\305\222\305\246O?]jZ\271|\305\327A<\030"
 364      C592C5A6 
 364      4F3F5D6A 
 364      5AB97CC5 
 364      D7413C18 
 365 0aa1 19473209 		.ascii	"\031G2\011\213\010\371\306\372qh\224\355\325\027d\002"
 365      8B08F9C6 
 365      FA716894 
 365      EDD51764 
 365      02
 366 0ab2 401FB532 		.ascii	"@\037\2652\301\307b\371jmt\230\305\022\370\273E\213"
 366      C1C762F9 
 366      6A6D7498 
 366      C512F8BB 
 366      458B
 367 0ac4 DFD6CB9E 		.ascii	"\337\326\313\236\227\242\322\015\262$\310K\021\355\336"
 367      97A2D20D 
 367      B224C84B 
 367      11EDDE
 368 0ad3 F38E4770 		.ascii	"\363\216Gp\360\012\363\022\361s\263n\351\212\367\315"
 368      F00AF312 
 368      F173B36E 
 368      E98AF7CD 
 369 0ae3 7869B059 		.ascii	"xi\260Y\367\301\322\225f\034\034l\306f\260\367\315f"
 369      F7C1D295 
 369      661C1C6C 
 369      C666B0F7 
 369      CD66
 370 0af5 FCC79060 		.ascii	"\374\307\220`\034\374\331J]p\36023\305/\246\237Ax\331"
 370      1CFCD94A 
ARM GAS  /tmp/cccEPlpI.s 			page 29


 370      5D70F032 
 370      33C52FA6 
 370      9F4178D9 
 371 0b09 47663104 		.ascii	"Gf1\004F._f\326\205\254\000t\260y1X\020 \377l~\373\347"
 371      462E5F66 
 371      D685AC00 
 371      74B07931 
 371      581020FF 
 372 0b21 CE88D5B6 		.ascii	"\316\210\325\266\232\324?r5\344\3515\341Xl\263\345\351"
 372      9AD43F72 
 372      35E4E935 
 372      E1586CB3 
 372      E5E9
 373 0b33 B55A4289 		.ascii	"\265ZB\211rKh\230-\362\353p\017\313\00711QF\336i%\263"
 373      724B6898 
 373      2DF2EB70 
 373      0FCB0731 
 373      315146DE 
 374 0b4a C2FA7F31 		.ascii	"\302\372\1771\321\024\263\206\265\314\222[\302m\356"
 374      D114B386 
 374      B5CC925B 
 374      C26DEE
 375 0b59 0D7F931B 		.ascii	"\015\177\223\033\376\015\225\377\335K"
 375      FE0D95FF 
 375      DD4B
 376              		.text
 377              		.section	.gnu.lto_.symtab.26ab70ab11d529c3,"",%progbits
 378 0000 7374496E 		.ascii	"stInit\000"
 378      697400
 379 0007 00       		.ascii	"\000"
 380 0008 00       		.ascii	"\000"
 381 0009 00       		.ascii	"\000"
 382 000a 00000000 		.ascii	"\000\000\000\000\000\000\000\000"
 382      00000000 
 383 0012 DC000000 		.ascii	"\334\000\000\000"
 384 0016 73745374 		.ascii	"stStartAlarm\000"
 384      61727441 
 384      6C61726D 
 384      00
 385 0023 00       		.ascii	"\000"
 386 0024 00       		.ascii	"\000"
 387 0025 00       		.ascii	"\000"
 388 0026 00000000 		.ascii	"\000\000\000\000\000\000\000\000"
 388      00000000 
 389 002e E0000000 		.ascii	"\340\000\000\000"
 390 0032 73745374 		.ascii	"stStopAlarm\000"
 390      6F70416C 
 390      61726D00 
 391 003e 00       		.ascii	"\000"
 392 003f 00       		.ascii	"\000"
 393 0040 00       		.ascii	"\000"
 394 0041 00000000 		.ascii	"\000\000\000\000\000\000\000\000"
 394      00000000 
 395 0049 E2000000 		.ascii	"\342\000\000\000"
 396 004d 73745365 		.ascii	"stSetAlarm\000"
 396      74416C61 
 396      726D00
ARM GAS  /tmp/cccEPlpI.s 			page 30


 397 0058 00       		.ascii	"\000"
 398 0059 00       		.ascii	"\000"
 399 005a 00       		.ascii	"\000"
 400 005b 00000000 		.ascii	"\000\000\000\000\000\000\000\000"
 400      00000000 
 401 0063 E4000000 		.ascii	"\344\000\000\000"
 402 0067 73744765 		.ascii	"stGetAlarm\000"
 402      74416C61 
 402      726D00
 403 0072 00       		.ascii	"\000"
 404 0073 00       		.ascii	"\000"
 405 0074 00       		.ascii	"\000"
 406 0075 00000000 		.ascii	"\000\000\000\000\000\000\000\000"
 406      00000000 
 407 007d E7000000 		.ascii	"\347\000\000\000"
 408 0081 73745F6C 		.ascii	"st_lld_init\000"
 408      6C645F69 
 408      6E697400 
 409 008d 00       		.ascii	"\000"
 410 008e 02       		.ascii	"\002"
 411 008f 00       		.ascii	"\000"
 412 0090 00000000 		.ascii	"\000\000\000\000\000\000\000\000"
 412      00000000 
 413 0098 E9000000 		.ascii	"\351\000\000\000"
 414 009c 63685379 		.ascii	"chSysHalt\000"
 414      7348616C 
 414      7400
 415 00a6 00       		.ascii	"\000"
 416 00a7 02       		.ascii	"\002"
 417 00a8 00       		.ascii	"\000"
 418 00a9 00000000 		.ascii	"\000\000\000\000\000\000\000\000"
 418      00000000 
 419 00b1 EE000000 		.ascii	"\356\000\000\000"
 420              		.text
 421              		.section	.gnu.lto_.opts,"",%progbits
 422 0000 272D666D 		.ascii	"'-fmath-errno' '-fsigned-zeros' '-ftrapping-math' '"
 422      6174682D 
 422      6572726E 
 422      6F272027 
 422      2D667369 
 423 0033 2D666E6F 		.ascii	"-fno-trapv' '-fno-openmp' '-fno-openacc' '-mcpu=cor"
 423      2D747261 
 423      70762720 
 423      272D666E 
 423      6F2D6F70 
 424 0066 7465782D 		.ascii	"tex-m4' '-mfloat-abi=hard' '-mfpu=fpv4-sp-d16' '-mn"
 424      6D342720 
 424      272D6D66 
 424      6C6F6174 
 424      2D616269 
 425 0099 6F2D7468 		.ascii	"o-thumb-interwork' '-mthumb' '-O3' '-fomit-frame-po"
 425      756D622D 
 425      696E7465 
 425      72776F72 
 425      6B272027 
 426 00cc 696E7465 		.ascii	"inter' '-falign-functions=16' '-ffunction-sections'"
 426      72272027 
ARM GAS  /tmp/cccEPlpI.s 			page 31


 426      2D66616C 
 426      69676E2D 
 426      66756E63 
 427 00ff 20272D66 		.ascii	" '-fdata-sections' '-fno-common' '-flto'\000"
 427      64617461 
 427      2D736563 
 427      74696F6E 
 427      73272027 
 428              		.text
 429              		.comm	__gnu_lto_v1,1,1
 430              		.comm	__gnu_lto_slim,1,1
 431              		.ident	"GCC: (GNU Tools for Arm Embedded Processors 7-2018-q3-update) 7.3.1 20180622 (release) [AR
ARM GAS  /tmp/cccEPlpI.s 			page 32


DEFINED SYMBOLS
                            *ABS*:0000000000000000 hal_st.c
                            *COM*:0000000000000001 __gnu_lto_v1
                            *COM*:0000000000000001 __gnu_lto_slim

NO UNDEFINED SYMBOLS
