ARM GAS  /tmp/cc66FJY1.s 			page 1


   1              		.cpu cortex-m4
   2              		.eabi_attribute 27, 1
   3              		.eabi_attribute 28, 1
   4              		.eabi_attribute 20, 1
   5              		.eabi_attribute 21, 1
   6              		.eabi_attribute 23, 3
   7              		.eabi_attribute 24, 1
   8              		.eabi_attribute 25, 1
   9              		.eabi_attribute 26, 1
  10              		.eabi_attribute 30, 2
  11              		.eabi_attribute 34, 1
  12              		.eabi_attribute 18, 4
  13              		.file	"hal_pal_lld.c"
  14              		.section	.gnu.lto_.profile.349357468624151e,"",%progbits
  15 0000 789C6363 		.ascii	"x\234cc```\001bF\006\177_\000\001c\000\250"
  15      60606001 
  15      6246067F 
  15      5F000163 
  15      00A8
  16              		.text
  17              		.section	.gnu.lto_.icf.349357468624151e,"",%progbits
  18 0000 789C6363 		.ascii	"x\234cc``\020a@\000f\2069\007N/\345c\\<}\365Z>\246\337"
  18      60601061 
  18      40006686 
  18      39074E2F 
  18      E5635C3C 
  19 001a 2FB62E67 		.ascii	"/\266.gb\000\000]5\010\334"
  19      6200005D 
  19      3508DC
  20              		.text
  21              		.section	.gnu.lto_.jmpfuncs.349357468624151e,"",%progbits
  22 0000 789C6363 		.ascii	"x\234cc``\020g@\000& fdfddd\257\237\303\314\000\304"
  22      60601067 
  22      40002620 
  22      66646664 
  22      6464AF9F 
  23 0018 8C40CCC4 		.ascii	"\214@\314\304\000\000!\215\003\213"
  23      0000218D 
  23      038B
  24              		.text
  25              		.section	.gnu.lto_.inline.349357468624151e,"",%progbits
  26 0000 789C6363 		.ascii	"x\234cc``0c@\000&\006\006f&F\020\305\300\266@\036D1"
  26      60603063 
  26      40002606 
  26      06662646 
  26      10C5C0B6 
  27 0018 30329C63 		.ascii	"02\234c8\310\310\310\310\244\300\010\224\314\273\264"
  27      38C8C8C8 
  27      C8A4C008 
  27      94CCBBB4 
  28 0028 529841E2 		.ascii	"R\230A\342\302b&&\006\261'_\030Y\300\272\000\267I\010"
  28      C2622626 
  28      06B1275F 
  28      1859C0BA 
  28      00B74908 
  29 003c 45       		.ascii	"E"
  30              		.text
ARM GAS  /tmp/cc66FJY1.s 			page 2


  31              		.section	.gnu.lto_.pureconst.349357468624151e,"",%progbits
  32 0000 789C6363 		.ascii	"x\234cc```\005b&\006\006F)\000\000\256\000)"
  32      60606005 
  32      62260606 
  32      46290000 
  32      AE0029
  33              		.text
  34              		.section	.gnu.lto__pal_lld_init.349357468624151e,"",%progbits
  35 0000 789C6363 		.ascii	"x\234cc``\250\003bK \226\006bFf\006F\246\011\347\030"
  35      6060A803 
  35      624B2096 
  35      06624666 
  35      0646A609 
  36 0016 181A3998 		.ascii	"\030\0329\230\030\031A\214\006\016F\206z&\306z\306\036"
  36      1819418C 
  36      060E4686 
  36      7A26C67A 
  36      C61E
  37 0028 E629CC8C 		.ascii	"\346)\314\214\207\332\237\355d\322\\\336\000\004\007"
  37      87DA9FED 
  37      64D25CDE 
  37      000407
  38 0037 A6FF936C 		.ascii	"\246\377\223lXq\200q\0163\003\3034 \006\001\306\315"
  38      58718071 
  38      0E3303C3 
  38      34200601 
  38      C6CD
  39 0049 8C9A0C40 		.ascii	"\214\232\014@e\2176\376\233\312\313\306\002\021g\334"
  39      658F36FE 
  39      9BCACBC6 
  39      021167DC 
  40 0059 C2C8C6C0 		.ascii	"\302\310\306\300\010d\254\277\304z\240\341\337\377\366"
  40      0864ACBF 
  40      C47AA0E1 
  40      DFFFF6
  41 0068 86035716 		.ascii	"\206\003W\0263ntcb`\350\000\312\003-i8\300\320\311\314"
  41      336E7463 
  41      6260E800 
  41      CA032D69 
  41      38C0D0C9 
  42 007d 0462351F 		.ascii	"\004b5\037`x\307\330\244\000\326\002\002\035\314\214"
  42      6078C7D8 
  42      A400D602 
  42      021DCC8C 
  43 008d 2061A052 		.ascii	" a\240Rs==}\347\214\314\244L\377`\375\374b\375\214\304"
  43      733D3D7D 
  43      E78CCCA4 
  43      4CFF60FD 
  43      FC62FD8C 
  44 00a2 1CFD82FC 		.ascii	"\034\375\202\374\242\222b\375\340\020_c#}\037\037\027"
  44      A29262FD 
  44      E0105F63 
  44      237D1F1F 
  44      17
  45 00b3 7DF7004F 		.ascii	"}\367\000O\3772#\220T|\001\020\347\344\244\350%3\000"
  45      FF322390 
  45      547C0110 
ARM GAS  /tmp/cc66FJY1.s 			page 3


  45      E7E4A4E8 
  45      253300
  46 00c6 001FB53D 		.ascii	"\000\037\265=\235"
  46      9D
  47              		.text
  48              		.section	.gnu.lto__pal_lld_setgroupmode.349357468624151e,"",%progbits
  49 0000 789CA557 		.ascii	"x\234\245WkPU\327\025\336\353\354\373\342> Ac\024\215"
  49      6B5055D7 
  49      15DEEBEC 
  49      FBE23E20 
  49      4163148D 
  50 0014 A211D1A8 		.ascii	"\242\021\321\250\\ \231\370\312\370H3\323f\006\004\232"
  50      5C2099F8 
  50      CAF84833 
  50      D3660604 
  50      9A
  51 0025 FEE8BFC6 		.ascii	"\376\350\277\306T\247:\205\302\200u\332\231Lz\021\274"
  51      54A73A85 
  51      C28075DA 
  51      994C7A11 
  51      BC
  52 0036 A849AA6D 		.ascii	"\250I\252m\242N\2567-\012\026m\307D'$\010\211\021A\011"
  52      A24EAE37 
  52      2D0A166D 
  52      C7442724 
  52      08891141 
  53 004b 5041B1E6 		.ascii	"PA\261\346\001>\242&b\300\250H\210\017\344\321\265\326"
  53      013EA226 
  53      62C0A848 
  53      880FE4D1 
  53      B5D6
  54 005d 3E87FB90 		.ascii	">\207\373\220\326a`<\313}\326\371\276\265\367\267\326"
  54      D661603C 
  54      CB7DD6F9 
  54      BEB5F7B7 
  54      D6
  55 006e DAE7EC6B 		.ascii	"\332\347\354k\021Bl\213\026\3425\374\377#\274 J\200"
  55      11426C8B 
  55      16E235FC 
  55      FF23BC20 
  55      4A80
  56 0080 B6B55988 		.ascii	"\266\265Y\210|\233\006R\015\244f\332\030/<v'Y\247I3"
  56      7C9B0652 
  56      0DA466DA 
  56      182F3C76 
  56      2759A749 
  57 0095 D7C7E05D 		.ascii	"\327\307\340]D\375\323xg\326,\374\314\312\317,`S\024"
  57      44FDD378 
  57      67D62CFC 
  57      CCCACF2C 
  57      605314
  58 00a8 AB31B081 		.ascii	"\2531\260\201S\015\"4;\003\035\014\264\033n\2071pj\221"
  58      530D2234 
  58      3B031D0C 
  58      B41B6E87 
  58      31706A91 
  59 00bc E71CF8DC 		.ascii	"\347\034\370\334U^#\020\340R\223\037\265E\002\320\300"
ARM GAS  /tmp/cc66FJY1.s 			page 4


  59      555E2310 
  59      E052931F 
  59      B54502D0 
  59      C0
  60 00cd 6303F127 		.ascii	"c\003\361'M\232\314\026\253-\302\356p\272\"\001o\205"
  60      4D9ACC16 
  60      AB2DC2EE 
  60      70BA2201 
  60      6F85
  61 00df FEF7867C 		.ascii	"\376\367\206|[BMQ{\2456\253\314\203\177\325;.X\274\236"
  61      5B424D51 
  61      7BA536AB 
  61      CC837FD5 
  61      3B2E58BC 
  62 00f4 0DE3FD88 		.ascii	"\015\343\375\210\330\256\243\340\003\230\205\250\226"
  62      D8AEA3E0 
  62      039885A8 
  62      96
  63 0101 C2037EF9 		.ascii	"\302\003~\371\272\364K\000\023\336\336j\362}\023I\267"
  63      BAF44B00 
  63      13DEDE6A 
  63      F27D1349 
  63      B7
  64 0112 1AC4E26D 		.ascii	"\032\304\342mm\363\340!\273\\\010\002\307\375u\267\333"
  64      6DF3E021 
  64      BB5C0802 
  64      C7FD75B7 
  64      DB
  65 0123 6DF17B3C 		.ascii	"m\361{<\236\365\236\352\276R\351\231\356\227\022>\002"
  65      9EF59EEA 
  65      BE52E999 
  65      EE97123E 
  65      02
  66 0134 8901E143 		.ascii	"\211\001\341C\230\004\3450I\240K@\005\304#|\360\037"
  66      9804E530 
  66      49A04B40 
  66      05C4237C 
  66      F01F
  67 0146 0736D9E4 		.ascii	"\0076\331\344\022\246~YV\344\263\353\324\272\235\321"
  67      12A67E59 
  67      56E4B3EB 
  67      D4BA9DD1 
  68 0156 7B0A3C3F 		.ascii	"{\012<?\363K\023\034\012'\233\004T2\371\207\017\366"
  68      F34B131C 
  68      0A279B04 
  68      5432F987 
  68      0FF6
  69 0168 BCE5902F 		.ascii	"\274\345\220/0\371\302\215\362\235\006\271ygL)\223\315"
  69      30F9C28D 
  69      F29D06B9 
  69      79674C29 
  69      93CD
  70 017a 50154E36 		.ascii	"P\025N6\013\370\030\342\211\361F\376\276\213R\276\310"
  70      0BF818E2 
  70      89F146FE 
  70      BE8B52BE 
  70      C8
ARM GAS  /tmp/cc66FJY1.s 			page 5


  71 018b EC4B5D5D 		.ascii	"\354K]]\207\354q%jj\377\370]\005\236z\217\311/-\360"
  71      87EC7125 
  71      6A6AFFF8 
  71      5D059E7A 
  71      8FC92F2D 
  72 01a0 49289FFE 		.ascii	"I(\237\376\020\276o\360\344_m2\225\251\177\336\362\227"
  72      10BE6FF0 
  72      E45F6D32 
  72      95A97FDE 
  72      F297
  73 01b2 E2289DDA 		.ascii	"\342(\235\332;\321\347\251.\214%\342\247\303\022o\276"
  73      3BD1E7A9 
  73      2E8C25E2 
  73      A7C3126F 
  73      BE
  74 01c3 75BC4993 		.ascii	"u\274I\223?g\342\216\353{o9tbw\200X=,\261\375\253\202"
  74      3F67E28E 
  74      EB7B6F39 
  74      74627780 
  74      583D2CB1 
  75 01da 772CF297 		.ascii	"w,\362\227Ll\253\337{5R'v\006\2105\303\022\267\366\267"
  75      4C6CABDF 
  75      7B355227 
  75      76068835 
  75      C312B7F6 
  76 01ef 7A2CF265 		.ascii	"z,\362e&6\177\335\356\007\235x9@<6,\361\315\233ww\231"
  76      26367FDD 
  76      EE079D78 
  76      39403C36 
  76      2CF1CD9B 
  77 0206 E46F98B8 		.ascii	"\344o\230\270o\353\346\373\021:\261-@\254\033\226x\371"
  77      6FEBE6FB 
  77      113AB12D 
  77      40AC1B96 
  77      78F9
  78 0218 E0C03697 		.ascii	"\340\3006\227\305\004\237A\034\034\307\253\026\257\243"
  78      C5049F41 
  78      1C1CC7AB 
  78      16AFA3
  79 0227 781DC1EB 		.ascii	"x\035\301\3530\304\251\326\202z\260\000\025\341RqY\204"
  79      30C4A9D6 
  79      827AB000 
  79      15E15271 
  79      5984
  80 0239 CCE259FC 		.ascii	"\314\342Y\374\237\3569\243\351\263\\\360\217-\035*B"
  80      9FEE39A3 
  80      E9B35CF0 
  80      8F2D1D2A 
  80      42
  81 024a C3F00BBC 		.ascii	"\303\360\013\274\266\345u\2209L\275r\377\307\255F\375"
  81      B6E57590 
  81      394CBD72 
  81      FFC7AD46 
  81      FD
  82 025b 7A4AA4A7 		.ascii	"zJ\244\247\324\243\021\361\337\303\022\267u\264\037"
  82      D4A311F1 
  82      DFC312B7 
ARM GAS  /tmp/cc66FJY1.s 			page 6


  82      75B41F
  83 026a 34C93C26 		.ascii	"4\311<&n\251\367^5\212p&@l\032\226\330\337q\360_v\271"
  83      6EA9F75E 
  83      358A7026 
  83      406C1A96 
  83      D8DF71F0 
  84 0281 8E89871B 		.ascii	"\216\211\207\033{\212\214\305\036\333=D<\371\177Sr\012"
  84      7B8A8CC5 
  84      1EDB3D44 
  84      3CF97F53 
  84      720A
  85 0293 53D08CD7 		.ascii	"S\320\214\327\011\274\0321\025\224\005\314E\013\346"
  85      09BC1A31 
  85      159405CC 
  85      450BE6
  86 02a2 4208FBFF 		.ascii	"B\010\373\377\312X8\355\375\323\346j\317\300`\0216\372"
  86      CA5838ED 
  86      FDD3E66A 
  86      CFC06011 
  86      36FA
  87 02b4 C4B3E527 		.ascii	"\304\263\345'\242\261\235\374\322\252\221\221dLd\314"
  87      A2B19DFC 
  87      D2AA9191 
  87      644C64CC 
  88 02c4 642C64AC 		.ascii	"d,d\254dlhl\0214\262\323\310A\306I\267.2\221d\242\310"
  88      646C686C 
  88      1134B2D3 
  88      C841C649 
  88      B72E3291 
  89 02db 3C42E651 		.ascii	"<B\346Q2\321d\306\220\031K\34612\343\310<Nf<\231\011"
  89      32D164C6 
  89      90194BE6 
  89      3132E3C8 
  89      3C4E663C 
  90 02f1 6462C84C 		.ascii	"db\310L$C\333\313\372\004\231\311d\246\220\211%3\225"
  90      2443DBCB 
  90      FA0499C9 
  90      64A69089 
  90      253395
  91 0304 CC34324F 		.ascii	"\31442O\222\231N&\216\314\0142\361df\222\231E\346)2"
  91      92994E26 
  91      8ECC0C32 
  91      F1646692 
  91      9945E629 
  92 0319 B3C9CC21 		.ascii	"\263\311\314!3\2277{\202\240\344\270\005\245'QP\202"
  92      3397377B 
  92      82A0E4B8 
  92      05A52751 
  92      5082
  93 032b 9204A528 		.ascii	"\222\004\245(YP\202\236\005\332\323\363\0303\2371\013"
  93      5950829E 
  93      05DAD3F3 
  93      18339F31 
  93      0B
  94 033c 18B39031 		.ascii	"\030\263\2201\213\004%\3629\2408\213\005%s\211\240t"
  94      8B0425F2 
  94      39A0388B 
ARM GAS  /tmp/cc66FJY1.s 			page 7


  94      05257389 
  94      A074
  95 034e 2E1594D0 		.ascii	".\025\224\320e\202R\372<\320\373(\205\347J\345\010\313"
  95      658252FA 
  95      3CD0FB28 
  95      85E74AE5 
  95      08CB
  96 0360 39421A47 		.ascii	"9B\032GH\347\310\031<\227\020\033\261\177\3179<\325"
  96      48E7C819 
  96      3C97101B 
  96      B17FCF39 
  96      3CD5
  97 0372 6293D470 		.ascii	"b\223\324pPP-:\241\240\317{\270\"\207\312\351\223\363"
  97      50502D3A 
  97      A1A0CF7B 
  97      B82287CA 
  97      E993F3
  98 0385 7CF2597A 		.ascii	"|\362Yz\261v\037(s\322;\322\012\022Nc/\264\303\372X"
  98      B1761F28 
  98      73D23BD2 
  98      0A124E63 
  98      2FB4C3FA 
  99 039a 6E7B8C85 		.ascii	"n{\214\205(bu{\233*\016HE\003E;>x\247:\212h6\320\340"
  99      2862757B 
  99      9B2A0E48 
  99      4503453B 
  99      3E78A73A 
 100 03b3 3F48E3E0 		.ascii	"?H\343\340\015:h>\342\020T~\3543\257M\305\0068\023\034"
 100      0D3A683E 
 100      E210547E 
 100      EC33AF4D 
 100      C5063813 
 101 03c8 FB38C59E 		.ascii	"\3738\305\236\257b\237\257(\327i\032\306\2069a\261\026"
 101      AF629FAF 
 101      28D7691A 
 101      C6863961 
 101      B116
 102 03da A03F7461 		.ascii	"\240?ta\265D^\240\310\327\207\026&\325\302\032J\253"
 102      B5445EA0 
 102      C8D78716 
 102      26D5C21A 
 102      4AAB
 103 03ec FA9C6A61 		.ascii	"\372\234jaf\370<|a\013\021\027\032\354(\005[\250\202"
 103      66F83C7C 
 103      610B1117 
 103      1AEC2805 
 103      5BA882
 104 03ff F5575CD4 		.ascii	"\365W\\\324q&\025\254g\363\206;R\005\263\302\027\341"
 104      712615AC 
 104      67F3863B 
 104      5205B3C2 
 104      17E1
 105 0411 C116210E 		.ascii	"\301\026!\016A\357u\367\274gQ*\243\340\313\340\330G"
 105      41EF75F7 
 105      BC67512A 
 105      A3E0CBE0 
 105      D847
ARM GAS  /tmp/cc66FJY1.s 			page 8


 106 0423 28F622BA 		.ascii	"(\366\"\272/\336\025\311\036\254\0142\266o\2509i%\006"
 106      2FDE15C9 
 106      1EAC0C32 
 106      B66FA839 
 106      692506
 107 0436 EE27F88A 		.ascii	"\356'\370\212\367\337&\374\326\340\247\020\253\324\016"
 107      F7DF26FC 
 107      D6E0A710 
 107      ABD40E
 108 0445 1A57D027 		.ascii	"\032W\320'\223\325\230W\230\244\306,=Q\2159\207n5\346"
 108      93D59857 
 108      98A4C62C 
 108      3D518D39 
 108      876E35E6 
 109 0459 5A25A831 		.ascii	"Z%\2501\366\206O\316UK\335_\371\252Z\253\031]\\\202"
 109      F6864FCE 
 109      554BDD5F 
 109      F9AA5AAB 
 109      195D5C82 
 110 046d 2B5078B6 		.ascii	"+Px\266\366\030\350^\\\314\373\337W\336s\251\345\013"
 110      F618E85E 
 110      5CCCFBDF 
 110      57DE73A9 
 110      E50B
 111 047f 68552F83 		.ascii	"hU/\203\3330\327'\237\323\204O\246\270z\007O\301mH\300"
 111      DB30D727 
 111      9FD3844F 
 111      A6B87A07 
 111      4FC16D48 
 112 0494 56D07A6F 		.ascii	"V\320zo\\\304\362\247\273\252JZ\321\345\306\012j\276"
 112      5CC4F2A7 
 112      BBAA4A5A 
 112      D1E5C60A 
 112      6ABE
 113 04a6 9BE44A75 		.ascii	"\233\344Ju5\356FO\"\226E\373g\266O.w\365\356\356@G\022"
 113      35EE464F 
 113      229645FB 
 113      67B64F2E 
 113      77F5EEEE 
 114 04bd A6566B63 		.ascii	"\246VkcH\232\313\307\254d\022\254\371\272\311\227\341"
 114      489ACBC7 
 114      AC6412AC 
 114      F9BAC997 
 114      E1
 115 04ce 6A2B390A 		.ascii	"j+9\012\250\335$6\306\033\015z\276\262X\243W\215O\342"
 115      A8DD2436 
 115      C61B0D7A 
 115      BEB258A3 
 115      578D4FE2 
 116 04e2 BFE4E022 		.ascii	"\277\344\340\"X\261\010m\252\010>ok\204\002Y\021\027"
 116      58B1086D 
 116      AA083E6F 
 116      6B840259 
 116      1117
 117 04f4 FCE5B782 		.ascii	"\374\345\267\202\011\316*P\227w\223Y\201\026s\261\254"
 117      09CE2A50 
 117      97779359 
ARM GAS  /tmp/cc66FJY1.s 			page 9


 117      811673B1 
 117      AC
 118 0505 AA32F41A 		.ascii	"\2522\364\032;E\371Z\254@\327+\377\240P6\230=\211\262"
 118      3B45F95A 
 118      AC40D72B 
 118      FFA05036 
 118      983D89B2 
 119 0519 DE09EBBB 		.ascii	"\336\011\353\273\213\366I\345\\\202\376\000\257\231"
 119      8BF649E5 
 119      5C82FE00 
 119      AF99
 120 0527 784BD40A 		.ascii	"xK\324\012\372+\017\201\302D\250\205\016\355\011+\356"
 120      FA2B0F81 
 120      C244A885 
 120      0EED092B 
 120      EE
 121 0538 8973C61A 		.ascii	"\211s\306\032:\364@v\354l\204\206F_\212\376@\364\023"
 121      3AF44076 
 121      EC6C8486 
 121      465F8AFE 
 121      40F413
 122 054b 147DA9A2 		.ascii	"\024}\251\242\275\371\361\253\012\342\010n1\033\266"
 122      BDF9F1AB 
 122      0AE2086E 
 122      311BB6
 123 055a D8799844 		.ascii	"\330y\230DZB\342,C\\ N#\305Y\206\210\232\252\216\326"
 123      5A42E22C 
 123      435C204E 
 123      23C55986 
 123      889AAA8E 
 124 056f 82280571 		.ascii	"\202(\005q\0067\236\344\217\303'5Mu\226b\370[>\236\252"
 124      06379EE4 
 124      8FC32735 
 124      4D759662 
 124      F85B3E9E 
 125 0584 F04B8932 		.ascii	"\360K\2112\236\207\013\324\001\370\354\213\212\252\012"
 125      9E870BD4 
 125      01F8EC8B 
 125      8AAA0A
 126 0593 977BBFA7 		.ascii	"\227{\277\2470\237\036\331\341k(\206m|\332\202\213\340"
 126      309F1ED9 
 126      E16B2886 
 126      6D7CDA82 
 126      8BE0
 127 05a5 A6D907BC 		.ascii	"\246\331\007\274\367\364\032\270\364\234\364\015U%\022"
 127      F7F41AB8 
 127      F49CF40D 
 127      552512
 128 05b4 E7433F39 		.ascii	"\347C?9\357z\033\034\312\031\305~\342\326\234\331\334"
 128      EF7A1B1C 
 128      CA19C57E 
 128      E2D69CD9 
 128      DC
 129 05c5 CAA5095B 		.ascii	"\312\245\011[D\361\357\304C\226q)\260\214\313\324\201"
 129      44F1EFC4 
 129      43967129 
 129      B08CCBD4 
ARM GAS  /tmp/cc66FJY1.s 			page 10


 129      81
 130 05d6 514A659B 		.ascii	"QJe\233\241\362\221\021\312\372\206\343\001\305\373"
 130      A1F29111 
 130      CAFA86E3 
 130      01C5FB
 131 05e5 D690B549 		.ascii	"\326\220\265I_\357\243z1\372\274\035\272\254h\234\000"
 131      5FEFA37A 
 131      31FABC1D 
 131      BAAC689C 
 131      00
 132 05f6 FD4A56AB 		.ascii	"\375JV\253\016\033\303\376\304Q\311\272\022XF;\311\032"
 132      0E1BC3FE 
 132      C451C9BA 
 132      1258463B 
 132      C91A
 133 0608 A3649D35 		.ascii	"\243d\2355d\215\035\241\254\253\034O\243x\337\261,z"
 133      648D1DA1 
 133      ACAB1C4F 
 133      A378DFB1 
 133      2C7A
 134 061a 6DE9221E 		.ascii	"m\351\"\036cec\225\210J]\3048\366'\215JDG`\322N\022"
 134      63656395 
 134      884A5DC4 
 134      38F6278D 
 134      4A444760 
 135 0631 318E5E36 		.ascii	"1\216^6m\265\355\357>\243\346\230\307\233B\360\333\316"
 135      6DB5EDEF 
 135      3EA3E698 
 135      C79B42F0 
 135      DBCE
 136 0643 2C4A5DB8 		.ascii	",J]\270\343\021p\262v\340\335\371\012@\233\250\241q"
 136      E31170B2 
 136      76E0DDF9 
 136      0A409BA8 
 136      A171
 137 0655 C75EA77A 		.ascii	"\307^\247z7Z\341\332\020\336\"N[\370\015\201Y\371\256"
 137      375AE1DA 
 137      10DE224E 
 137      5BF80D81 
 137      59F9AE
 138 0668 44CFCAE3 		.ascii	"D\317\312\343#\314\312\367\274@>\327]7\212m\224v\274"
 138      23CCCAF7 
 138      BC403ED7 
 138      5D378A6D 
 138      9476BC
 139 067b DA314179 		.ascii	"\3321Ay\232\200\023\240?4O1\354_\254\362\3241l\236^"
 139      9A8013A0 
 139      3F344F31 
 139      EC5FACF2 
 139      D4316C9E 
 140 0690 7B589E6E 		.ascii	"{X\236n\004\226q\223\362\024\303\012\255A\012;\015\205"
 140      04967193 
 140      F214C30A 
 140      AD410A3B 
 140      0D85
 141 06a2 1347A8B0 		.ascii	"\023G\250\260\213C\233(\364\255p\205\223\036P\370\004"
 141      8B439B28 
ARM GAS  /tmp/cc66FJY1.s 			page 11


 141      F4AD7085 
 141      931E50F8 
 141      04
 142 06b3 4E80FE50 		.ascii	"N\200\376P\205\223\331?:\205\335\201e\374@\012'\263"
 142      8593D93F 
 142      3A85DD81 
 142      65FC400A 
 142      27B3
 143 06c5 429BAA39 		.ascii	"B\233\2529+\274V\253+\2342B\205=\034\332L\241\1774:"
 143      2BBC56AB 
 143      2B9C3242 
 143      853D1CDA 
 143      4CA17F34 
 144 06da DB5018CB 		.ascii	"\333P\030\313\235=%t{Ne\177\202\322soX=\353\036\246"
 144      9D3D2574 
 144      7B4E657F 
 144      82D2736F 
 144      583DEB1E 
 145 06ef E77660D2 		.ascii	"\347v`\322;\244g*\353\211\020\337N0\364\3345\364L\033"
 145      3BA4672A 
 145      EB8910DF 
 145      4E30F4DC 
 145      35F44C1B 
 146 0703 A19EBB81 		.ascii	"\241\236\273\201\320\367\302\365<\311z\246\205\352\231"
 146      D0F7C2F5 
 146      3CC97AA6 
 146      85EA99
 147 0712 CEFED1E9 		.ascii	"\316\376\321\351\351\015Lz\237\364LW\033\261\371\357"
 147      E90D4C7A 
 147      9FF44C57 
 147      1BB1F9EF 
 148 0722 C6460CDA 		.ascii	"\306F\014\332yv\321\3554T\366\032}\0317B\225}\201\226"
 148      7976D1ED 
 148      3454F61A 
 148      7D193742 
 148      957D8196 
 149 0736 EF0FEFCB 		.ascii	"\357\017\357\313\031\017\364%\236_\360\0036#\264/g\262"
 149      190FF425 
 149      9E5FF003 
 149      3623B42F 
 149      67B2
 150 0748 7F747D39 		.ascii	"\177t}9\020X\306 \351\236\311\012\035A\012\373\014\205"
 150      1058C620 
 150      E99EC90A 
 150      1D410AFB 
 150      0C85
 151 075a B346A8D0 		.ascii	"\263F\250\320\243\015\265|\276\026\246\360\251\007\024"
 151      A30DB57C 
 151      BE16A6F0 
 151      A90714
 152 0769 CEC609D0 		.ascii	"\316\306\011\320\037\252p\016\373G\247p}`\031\005\032"
 152      1FAA700E 
 152      FB47A770 
 152      7D601905 
 152      1A
 153 077a 2A9CC30A 		.ascii	"*\234\303\012\235\372\331R\235r\217\254V\247\277\024"
 153      9DFAD952 
ARM GAS  /tmp/cc66FJY1.s 			page 12


 153      9D728FAC 
 153      56A7BF14 
 154 078a 3A13CE0E 		.ascii	":\023\316\016:\257\362\3111E\275\265\353\366&\352\250"
 154      3AAFF2C9 
 154      3145BDB5 
 154      EBF626EA 
 154      A8
 155 079b E0738309 		.ascii	"\340s\203\011\317\210\205\232\321\032.Q^\243\207\355"
 155      CF88859A 
 155      D11A2E51 
 155      5EA387ED 
 156 07ab F2EE6FD1 		.ascii	"\362\356o\321\177X\244\3427>$,\037TS\025\352p\313Z\205"
 156      7F58A4E2 
 156      373E242C 
 156      1F545315 
 156      EA70CB5A 
 157 07c0 5A8E9F4C 		.ascii	"Z\216\237L\376\341\020z\254_\256`M-\231\012"
 157      FEE1107A 
 157      AC5FAE60 
 157      4D2D990A 
 158 07d0 96861FA5 		.ascii	"\226\206\037\245P\030\037\207\323\024\354\363\014\205"
 158      50181F87 
 158      D314ECF3 
 158      0C85
 159 07de 4AC70D11 		.ascii	"J\307\015\021\212\342\003q:\241\266{\257\267\274\254"
 159      8AE20371 
 159      3AA1B67B 
 159      AFB7BCAC 
 160 07ee 6019EA13 		.ascii	"`\031\352\023\363a\321\211\203v\365\211\001\330\240"
 160      F361D189 
 160      8376F589 
 160      01D8A0
 161 07fd 05B1F8D8 		.ascii	"\005\261\370\330\235\301\332\"\325o\246\033xv/{\333"
 161      9DC1DA22 
 161      D56FA61B 
 161      78762F7B 
 161      DB
 162 080e AA7E010B 		.ascii	"\252~\001\013\372U\005\370\000\277q\363\022\022\334"
 162      FA5505F8 
 162      00BF71F3 
 162      1212DC
 163 081d 3F59BDE6 		.ascii	"?Y\275\346\2255i/\271\263\363\334\253Wd\272s\262s\327"
 163      9535692F 
 163      B9B3F3DC 
 163      AB5764BA 
 163      73B273D7 
 164 0831 E6B95FFA 		.ascii	"\346\271_\372E\352\323\311\356\224\224\027\334?M\177"
 164      45EAD3C9 
 164      EE949417 
 164      DC3F4D7F 
 165 0841 316D5D32 		.ascii	"1m]2=\372U\016^\231\231+\023~-L\2042e\255\310\373\255"
 165      3DFA550E 
 165      5E99992B 
 165      137E2D4C 
 165      843265AD 
 166 0858 292B7BE5 		.ascii	")+{\345*\371\312\232\265\246\025\231ks\3159\277\317"
 166      2AF9CA9A 
ARM GAS  /tmp/cc66FJY1.s 			page 13


 166      B5A61599 
 166      6B73CD39 
 166      BFCF
 167 086a 59996BCD 		.ascii	"Y\231k\315\316\313Y\265je\256%{\355\037sV\345\232\011"
 167      CECB59B5 
 167      6A65AE25 
 167      7BED1F73 
 167      56E59A09 
 168 087e 92AB653D 		.ascii	"\222\253e=\243e%kYI6\002\022\365\277D\005\025\252"
 168      A365256B 
 168      59493602 
 168      12F5BF44 
 168      0515AA
 169              		.text
 170              		.section	.gnu.lto_.symbol_nodes.349357468624151e,"",%progbits
 171 0000 789C6363 		.ascii	"x\234cc``\320\007b\006\246]L\365\014\014\023\31610\000"
 171      6060D007 
 171      6206A65D 
 171      4CF50C0C 
 171      13CE3130 
 172 0015 A95D0D8E 		.ascii	"\251]\015\216@\221\335L\365\214(\"\254;\231\030\032"
 172      4091DD4C 
 172      F58C2822 
 172      AC3B9918 
 172      1A
 173 0026 9540AA01 		.ascii	"\225@\252\001\037\275\012\305"
 173      1FBD0AC5 
 174              		.text
 175              		.section	.gnu.lto_.refs.349357468624151e,"",%progbits
 176 0000 789C6363 		.ascii	"x\234cc```\004b\006\000\000D\000\010"
 176      60606004 
 176      62060000 
 176      440008
 177              		.text
 178              		.section	.gnu.lto_.decls.349357468624151e,"",%progbits
 179 0000 789C9D56 		.ascii	"x\234\235VoPT\345\032?\317ywa9\354\202\003\32487?8\316"
 179      6F5054E5 
 179      1A3FCF79 
 179      776139EC 
 179      8203D438 
 180 0018 867B3FC4 		.ascii	"\206{?\304\2065\335>4M7\341j\223\005\263\3264\335/\033"
 180      8635DD3E 
 180      344D37E1 
 180      6A9305B3 
 180      D634DD2F 
 181 002d C1163BC1 		.ascii	"\301\026;\301\302\260K3~;\260(\244\226@\334\012\350"
 181      C2B04B33 
 181      7E3BB028 
 181      A49640DC 
 181      0AE8
 182 003f 0F413A49 		.ascii	"\017A:I\2044\241\206\240\254$\002\"IxESPR\021SI@ED\224"
 182      8434A186 
 182      A0AC2402 
 182      22497845 
 182      53505211 
 183 0059 FBBCEF7B 		.ascii	"\373\274\357{\316\236ee\3574\236\331g\317y\237\367\367"
 183      CE9E6565 
ARM GAS  /tmp/cc66FJY1.s 			page 14


 183      EF349ED9 
 183      67CF799F 
 183      F7F7
 184 006b 3EBFE77D 		.ascii	">\277\347}\236\347\375\023&\010\302\234Q\020V\213\202"
 184      9EE7FD13 
 184      2608C29C 
 184      5110568B 
 184      82
 185 007c 7014BFE7 		.ascii	"p\024\277\347\361!\370>\210B\3373(wQ\356\013\374A\230"
 185      F121F83E 
 185      8842DF33 
 185      287751EE 
 185      0BFC4198 
 186 0090 A0034190 		.ascii	"\240\003A\220P\360'\304\201\260\340\211\020\271\376"
 186      50F027C4 
 186      81B0E089 
 186      10B9FE
 187 009f 2DA50D0A 		.ascii	"-\245\015\012>\370y\004q\221\012.\206\332\011\342jG"
 187      3EF87904 
 187      71910A2E 
 187      86DA09E2 
 187      6A47
 188 00b1 5989F26F 		.ascii	"Y\211\362o\224[\212?a(c(\223(WP\306Q&P\256+<\322\"<"
 188      945B8A3F 
 188      61286328 
 188      93285750 
 188      C6512650 
 189 00cb 15044E8D 		.ascii	"\025\004N\2157\375\030ND\240\337\2277\315T\350\022\032"
 189      37FD184E 
 189      44A0DF97 
 189      37CD54E8 
 189      121A
 190 00dd 64FE1836 		.ascii	"d\376\0306\010\360#\020\025\370kQ\323\347d\013\201\030"
 190      08F02310 
 190      15F86B51 
 190      D3E7640B 
 190      8118
 191 00ef 0974D89C 		.ascii	"\011t\330\234\354\253\272\020\205\3158\011\226\0074"
 191      ECABBA10 
 191      85CD3809 
 191      960734
 192 00fe 6378B369 		.ascii	"cx\263i\276b\304D^dV\207\273w~G\007\256\224\200\306"
 192      BE62C444 
 192      5E645687 
 192      BB777E47 
 192      07AE9480 
 193 0113 2F1A55BB 		.ascii	"/\032U\273\256\265\3341q\025E\014l\233\372&\234\254"
 193      AEB5DC31 
 193      7115450C 
 193      6C9BFA26 
 193      9CAC
 194 0125 A1DFE2B9 		.ascii	"\241\337\342\271\337\356\016E\201d)\221\345B\271\306"
 194      DFEE0E45 
 194      81642991 
 194      E542B9C6 
 195 0135 2B47AC15 		.ascii	"+G\254\025`\017,\203\335\260L\200\375`\241c\232!A\200"
 195      600F2C83 
ARM GAS  /tmp/cc66FJY1.s 			page 15


 195      DDB04C80 
 195      FD60A163 
 195      9A214180 
 196 0149 7DA86C41 		.ascii	"}\250lA\345\016\352\253\357d\325\363\225S\262\274\034"
 196      E50EEAAB 
 196      EF64D5F3 
 196      9553B2BC 
 196      1C
 197 015a DA408256 		.ascii	"\332@\202V \014\203\023_)q\357w~SV\033F\212\201q\264"
 197      200C8313 
 197      5F2971EF 
 197      777E5356 
 197      1B468A81 
 198 0170 568F768A 		.ascii	"V\217v\212\2418|!9\272\352W\034\336(\313\"\264#\307"
 198      A1387C21 
 198      39BAEA57 
 198      1CDE28CB 
 198      22B423C7 
 199 0184 018D0329 		.ascii	"\001\215\003)9\311g\003?$Kh\324\373\227\214\342\200"
 199      39C96703 
 199      3F244B68 
 199      D4FB978C 
 199      E280
 200 0196 3F8B4647 		.ascii	"?\213FG\"y\324\226b\363|as\267\211\354cN\302\207\025"
 200      2279D496 
 200      62F37C61 
 200      73B789EC 
 200      634EC287 
 201 01ab 1D1D3AE2 		.ascii	"\035\035:\342\343\215\272\312\262b=\351\344\215\235"
 201      E38DBACA 
 201      B2623DE9 
 201      E48D9D
 202 01ba E5A54D12 		.ascii	"\345\245M\022\351\342\215\201\211\243_D\362<,\301f\347"
 202      E9E28D81 
 202      89A35F44 
 202      F23C2CC1 
 202      66E7
 203 01cc FC6D5F34 		.ascii	"\374m_4\267(R\217\352O\316F\220\036\016\335>{w\202&"
 203      B728528F 
 203      EA4FCE46 
 203      901E0EDD 
 203      3E7B7782 
 204 01e1 229E2682 		.ascii	"\"\236&\202\004\244!\236\247\241\275\267g\207\221\034"
 204      04A4219E 
 204      A7A1BDB7 
 204      6787911C 
 205 01f1 E3316AAC 		.ascii	"\3431j\254\232\233\213VcT\352\225\365\026\001\272\320"
 205      9A9B8B56 
 205      6354EA95 
 205      F51601BA 
 205      D0
 206 0202 F36E3A9D 		.ascii	"\363n:\235_p:\361\312tzQy$ \017\361\237\026\323\030"
 206      5F703AF1 
 206      CA747A51 
 206      7924200F 
 206      F19F16D3 
 207 0217 F5618C8E 		.ascii	"\365a\214\216j1\212WBt\240\354\314%\211\234\346\034"
ARM GAS  /tmp/cc66FJY1.s 			page 16


 207      6A318A57 
 207      4274A0EC 
 207      CC25899C 
 207      E61C
 208 0229 85FDFFB9 		.ascii	"\205\375\377\271\021\222\343\327\220\034]\365\253\016"
 208      1192E3D7 
 208      901C5DF5 
 208      AB0E
 209 0237 B13CF423 		.ascii	"\261<\364#\3071\215\243O\315C\341Lm\233\201\\`$\272"
 209      C7318DA3 
 209      4FCD43E1 
 209      4C6D9B81 
 209      5C6024BA 
 210 024b E96F770F 		.ascii	"\351ow\017FA\254\331l)\243\243KQ@\324R#\300q\210\245"
 210      4641ACD9 
 210      6C29A3A3 
 210      4B5140D4 
 210      5223C071 
 211 0261 16601009 		.ascii	"\026`\020\011\377\013f8\001fV\363\265\324+\337|\333"
 211      FF0B6638 
 211      016656F3 
 211      B5D42BDF 
 211      7CDB
 212 0273 93D55317 		.ascii	"\223\325S\027ey\263\221\321\015 \035\035\340w\323JM"
 212      6579B391 
 212      D10D201D 
 212      1DE077D3 
 212      4A4D
 213 0285 242EF3E3 		.ascii	"$.\363\343\257<V)\373\012\011\003\367,\012\356\242\254"
 213      AF3C5629 
 213      FB0A0903 
 213      F72C0AEE 
 213      A2AC
 214 0297 CA54CE56 		.ascii	"\312T\316VK\270\320(HPf\301W\233\256\253\343j\263\004"
 214      4BB8D028 
 214      485066C1 
 214      579BAEAB 
 214      E36AB304 
 215 02ab 66739C85 		.ascii	"fs\234\205\233\035\254\216\251\363\312\335O\262\332"
 215      9B1DAC8E 
 215      A9F3CADD 
 215      4FB2DA
 216 02ba EB44BBBF 		.ascii	"\353D\273\277A\234V^\013\234@\263\323\325Q\005\314\013"
 216      419C565E 
 216      0B9C40B3 
 216      D3D55105 
 216      CC0B
 217 02cc CA7E3834 		.ascii	"\312~84\272\234\242\261Ve\320\005F\204\242iDNcDNbDN"
 217      BA9CA2B1 
 217      5665D005 
 217      4684A269 
 217      444E6344 
 218 02e4 2911E13E 		.ascii	")\021\341>\377R\275\264\000GP\324B\247\241o_ysD\034"
 218      FF52BDB4 
 218      004750D4 
 218      42A7A16F 
 218      5F797344 
ARM GAS  /tmp/cc66FJY1.s 			page 17


 219 02f9 1A2D086D 		.ascii	"\032-\010mTX`1\240\200cx\001\027\375|b\267\221|\311"
 219      54586031 
 219      A0806378 
 219      0117FD7C 
 219      62B7917C 
 220 030e 37A4D1DE 		.ascii	"7\244\321\336]\205\006R\313\033U\2557\217\3509\320\200"
 220      5D850652 
 220      CB1B55AD 
 220      378FE839 
 220      D080
 221 0320 CD2FFB1A 		.ascii	"\315/\373\032{\365d\007\357k\375\256q@$\015\274\321"
 221      7BF56407 
 221      EF6BFDAE 
 221      7140240D 
 221      BCD1
 222 0332 D032B105 		.ascii	"\3202\261\005H3oL\026\357\362\220V\376]}c\370\217\010"
 222      48336F4C 
 222      16EFF290 
 222      56FE5D7D 
 222      63F88F08 
 223 0346 6EC182CD 		.ascii	"n\301\202\315m\375_\2351\360\245\343\243\213e\346\353"
 223      6DFD5F9D 
 223      31F0A5E3 
 223      A38B65E6 
 223      EB
 224 0357 8BE52239 		.ascii	"\213\345\"9\310\260\306\255\375\336czL\000>\261f\013"
 224      C8B0C6AD 
 224      FDDE637A 
 224      4C003EB1 
 224      660B
 225 0369 7DD5CA45 		.ascii	"}\325\312E^\331w\251JI\304AL\304y\014\3555\014\361\302"
 225      5ED977A9 
 225      4A49C441 
 225      4CC4790C 
 225      ED350CF1 
 226 037e D0EE019E 		.ascii	"\320\356\001\236\011\012\357x\254J\366\025\021\206\036"
 226      090AEF78 
 226      AC4AF615 
 226      11861E
 227 038d 0E460F41 		.ascii	"\016F\017A0|\366o\032\374\354\342\360D\015=\025\200"
 227      307CF66F 
 227      1AFCECE2 
 227      F0440D3D 
 227      1580
 228 039f 1E09469F 		.ascii	"\036\011F\237{\300x\3072\015\376s0\274#\000\256-\024"
 228      7BC078C7 
 228      320DFE73 
 228      30BC2300 
 228      AE2D14
 229 03b2 CCE02822 		.ascii	"\314\340(\".\262\316k\312B\371\023\313\342:&q\014e\022"
 229      2EB2CE6B 
 229      CA42F913 
 229      CBE23A26 
 229      710C6512 
 230 03c6 E50ACA1F 		.ascii	"\345\012\312\037(\227Q\246P\256\242\214\243L\370\027"
 230      289751A6 
 230      50AEA28C 
ARM GAS  /tmp/cc66FJY1.s 			page 18


 230      A34CF817 
 231 03d6 12653F12 		.ascii	"\022e?\022\300\376S0\373^mjJ\221U\305\260\"\273\266"
 231      C0FE5330 
 231      FB5E6D6A 
 231      4A9155C5 
 231      B022BBB6 
 232 03ea 70657053 		.ascii	"pepSg\003spa\321\034\004Di \200\370\322\342\304\201"
 232      67037370 
 232      61D11C04 
 232      44692080 
 232      F8D2E2C4 
 233 03ff 51BA1210 		.ascii	"Q\272\022\020\324\337\027\017\252j\034\327\330\375j"
 233      D4DF170F 
 233      AA6A1CD7 
 233      D8FD6A
 234 040e 89C3CF60 		.ascii	"\211\303\317`y\037Z<\250\014\216\365\345\353\233i\326"
 234      791F5A3C 
 234      A80C8EF5 
 234      E5EB9B69 
 234      D6
 235 041f 93C3ACBE 		.ascii	"\223\303\254\276\304\003{\266\357\017\007K\254\262\017"
 235      C4037BB6 
 235      EF0F074B 
 235      ACB20F
 236 042e 7C1E46F7 		.ascii	"|\036F\367\201[8\370\206\266\241\321\311\207\310\006"
 236      815B38F8 
 236      86B6A1D1 
 236      C987C806 
 237 043e DCC4243C 		.ascii	"\334\304$<lB\320\227/\032\033'\211q\263\377\000d\324"
 237      6C42D097 
 237      2F1A1B27 
 237      8971B3FF 
 237      0064D4
 238 0451 DA629D06 		.ascii	"\332b\235\006\243\342\004b\367~\360\331\230\211\034"
 238      A3E20462 
 238      F77EF0D9 
 238      98891C
 239 0460 E77E9FBA 		.ascii	"\347~\237\272|`<\034\214\226\020C\341\016\372\242\215"
 239      7C603C1C 
 239      8C961043 
 239      E10EFAA2 
 239      8D
 240 0471 E6B3BB7D 		.ascii	"\346\263\273}\306\334:A\017\347\031\354\270\255\315"
 240      C6DC3A41 
 240      0FE719EC 
 240      B8ADCD
 241 0480 0F71F485 		.ascii	"\017q\364\205Z\272\360\017M\227\231\310'\204\261\\\272"
 241      5ABAF00F 
 241      4D9799C8 
 241      2784B15C 
 241      BA
 242 0491 53D41C19 		.ascii	"S\324\034\031\352\204\236\013yB\017\376\024WH\253\346"
 242      EA849E0B 
 242      79420FFE 
 242      145748AB 
 242      E6
 243 04a2 2EE66E56 		.ascii	".\346nV\343ig\007\003\325\"O}\337\3169\035\251\343<"
ARM GAS  /tmp/cc66FJY1.s 			page 19


 243      E3696707 
 243      03D5224F 
 243      7DDFCE39 
 243      1DA9E33C 
 244 04b6 D387C6EA 		.ascii	"\323\207\306\352\014\241x\346C\362\314>K\263u\037Y\356"
 244      0CA178E6 
 244      43F2CC3E 
 244      4BB3751F 
 244      59EE
 245 04c8 3DC0729F 		.ascii	"=\300r\237\261\214\325\365o\303j\031\246\367'X\302/"
 245      B18CD5F5 
 245      6FC36A19 
 245      A6F72758 
 245      C22F
 246 04da 7BC0FFF1 		.ascii	"{\300\377\361M\205\265\347\325\007\270\036\265\"\355"
 246      4D85B5E7 
 246      D507B81E 
 246      B522ED
 247 04e9 66373650 		.ascii	"f76P\261\352\243j\004Q\261!\252v\331\017\224\037\004"
 247      B1EAA36A 
 247      0451B121 
 247      AA76D90F 
 247      941F04
 248 04fc 58E5FD9C 		.ascii	"X\345\375\234\316o\206\343\271?\202J\247\364\211*\217"
 248      CE6F86E3 
 248      B93F824A 
 248      A7F4892A 
 248      8F
 249 050d B0801ADB 		.ascii	"\260\200\032\333\301\276.\354\005\277-~\015\246\205"
 249      C1BE2EEC 
 249      05BF2D7E 
 249      0DA685
 250 051c 73FCCED0 		.ascii	"s\374\316\320@\364\010nd\002\274\031%\224\032\\l\027"
 250      40F4086E 
 250      6402BC19 
 250      25941A5C 
 250      6C17
 251 052e AE6FA81C 		.ascii	"\256o\250\034\215 \015\204\357\325[\347+\364K?a%\356"
 251      8D200D84 
 251      EFD55BE7 
 251      2BF44B3F 
 251      6125EE
 252 0541 959788F0 		.ascii	"\225\227\210\360\326\243\376\343R\000\257\270\024\377"
 252      D6A3FEE3 
 252      5200AFB8 
 252      14FF
 253 054f 5D3A6E6E 		.ascii	"]:nnh\350\323\023\272\0255r\323\010\3363\256?7\326,"
 253      68E8D313 
 253      BA153572 
 253      D308DE33 
 253      AE3F37D6 
 254 0564 CB780D90 		.ascii	"\313x\015\220u\024\006\205\242?\021\370\211\377\005"
 254      75140685 
 254      A23F11F8 
 254      89FF05
 255 0573 E208802C 		.ascii	"\342\010\200,\236C\362\"q\005\016\037\337\356\3758\232"
 255      9E43F222 
ARM GAS  /tmp/cc66FJY1.s 			page 20


 255      71050E1F 
 255      DFEEFD38 
 255      9A
 256 0584 4C71DEBD 		.ascii	"Lq\336\275\335\355%\222N\344\371\242\014\250\233\257"
 256      DDED2592 
 256      4EE4F9A2 
 256      0CA89BAF 
 257 0594 FCA82E8C 		.ascii	"\374\250.\214\351h\375l\022\231\362\350\351\303\337"
 257      E968FD6C 
 257      1299F2E8 
 257      E9C3DF
 258 05a3 73202DDE 		.ascii	"s -\336b\256,\270<{5,\244\327\0370\257KD\305\355{\267"
 258      62AE2CB8 
 258      3C7B352C 
 258      A4D71F30 
 258      AF4B44C5 
 259 05ba 067BA3D0 		.ascii	"\006{\243\320\355\232\021e\177\307\022\305\313\013\242"
 259      ED9A1165 
 259      7FC712C5 
 259      CB0BA2
 260 05c9 60A3E6F4 		.ascii	"`\243\346\364\306`\24773\247kN\014_4\222\022\035s\272"
 260      C660A737 
 260      33A76B4E 
 260      0C5F3492 
 260      121D73BA 
 261 05dd 71EA6663 		.ascii	"q\352fc\030?\277\350-\272l\370\340\254\211\3367ee!\242"
 261      183FBFE8 
 261      2DBA6CF8 
 261      E0AC89DE 
 261      37656521 
 262 05f2 5E5BC21F 		.ascii	"^[\302\037\212X\216\270\031\302V\221\3365\305\375\337"
 262      8A588EB8 
 262      19C25691 
 262      DE35C5FD 
 262      DF
 263 0603 4E4E9920 		.ascii	"NN\231 6\340\026\004tk\342\333\345G\"\337I\266\211\226"
 263      36E01604 
 263      746BE2DB 
 263      E54722DF 
 263      49B68996 
 264 0617 80937E6C 		.ascii	"\200\223~l3i\331\276\211F\030\373\203\316\372\266\212"
 264      3369D9BE 
 264      894618FB 
 264      83CEFAB6 
 264      8A
 265 0628 F3C591A4 		.ascii	"\363\305\221\244\2059&\266\335\3549g\362of\203\337\263"
 265      853926B6 
 265      DDEC3967 
 265      F26F6683 
 265      DFB3
 266 063a CDAC1C6D 		.ascii	"\315\254\034m\226j\023\244&\00273?;\224\211\226\007"
 266      966A13A4 
 266      26023733 
 266      3F3B9489 
 266      9607
 267 064c 1CA01783 		.ascii	"\034\240\027\203{%3\246\230Re\300\013\300\014\252\016"
 267      7B2533A6 
ARM GAS  /tmp/cc66FJY1.s 			page 21


 267      985265C0 
 267      0BC00CAA 
 267      0E
 268 065d 7F2CC6A8 		.ascii	"\177,\306\250s\244\330\211\246#=\321\217\327\3115>Z"
 268      73A4D889 
 268      A6233DD1 
 268      8FD7C935 
 268      3E5A
 269 066f 1ACB3BEB 		.ascii	"\032\313;\353p\014P\020l\341\036\370\007naq\256\020"
 269      700C5010 
 269      6CE11EF8 
 269      076E6171 
 269      AE10
 270 0681 1F179E49 		.ascii	"\037\027\236IH\260\256\316t\276\355LYo\315q[3\323\262"
 270      48B0AECE 
 270      74BEED4C 
 270      596FCD71 
 270      5B33D3B2 
 271 0695 ACB93979 		.ascii	"\254\2719y\036\267u\375k\257<\265\312\272n]\222uM\352"
 271      1EB775FD 
 271      6BAF3CB5 
 271      CABA6E5D 
 271      92754DEA 
 272 06a9 4B29EFAF 		.ascii	"K)\357\257\242]\366\\\224\254\254\214\204t\303\232W"
 272      A25DF65C 
 272      94ACAC8C 
 272      8474C39A 
 272      57
 273 06ba 5F5FBE3A 		.ascii	"__\276:1Q\320\375\363_\266u\222\335\236\357ty\236Ze"
 273      3151D0FD 
 273      F35FB675 
 273      92DD9EEF 
 273      74799E5A 
 274 06cf F73C6DCD 		.ascii	"\367<m\315w\347Y\323\362\262\237p\345\270\034O8\322"
 274      77E759D3 
 274      F2B29F70 
 274      E5B81C4F 
 274      38D2
 275 06e1 DE765A9D 		.ascii	"\336vZ\235\256\364\254\374\014\2075;-=\323\351rX\355"
 275      AEF4ACFC 
 275      0C87353B 
 275      2D3DD3E9 
 275      7258ED
 276 06f4 198E77D2 		.ascii	"\031\216w\322\362\263<v\317\206\\\207;!S0\250\243\377"
 276      F2B33C76 
 276      CF865C87 
 276      3B215330 
 276      A8A3FF
 277 0707 FE7F46BB 		.ascii	"\376\177F\2737\270\255v\267'\003\2418D\277.e\365\313"
 277      37B8AD76 
 277      B72703A1 
 277      3844BF2E 
 277      65F5CB
 278 071a 36DD8BEB 		.ascii	"6\335\213\353m6x\003\326\352\323\263\034iy\212\037\211"
 278      6D367803 
 278      D6EAD3B3 
 278      1C69798A 
ARM GAS  /tmp/cc66FJY1.s 			page 22


 278      1F89
 279 072c CFD83D06 		.ascii	"\317\330=\006\365\203\270\035\236\277>I\267'\033\375"
 279      F583B81D 
 279      9EBF3E49 
 279      B7271BFD 
 280 073c 7837D799 		.ascii	"x7\327\231\203\034$%\311F^J\262\351S_OM\262\205\247"
 280      831C2425 
 280      C9465E4A 
 280      B2E9535F 
 280      4F4DB285 
 281 0751 AC4F4D4E 		.ascii	"\254OMNN\262\205\245\274\366fj\262M\377JJR\262\215N"
 281      4EB285A5 
 281      BCF6666A 
 281      B24DFF4A 
 281      4A52B28D 
 282 0766 7FAD511B 		.ascii	"\177\255Q\033e\367H\316\034j\333\231a\367\374\343\241"
 282      65F748CE 
 282      1C6ADB99 
 282      61F7FCE3 
 282      A1
 283 0777 629B2918 		.ascii	"b\233)\030\271\211\3544\367{8\021gNvN\206\303\3561\251"
 283      B989EC34 
 283      F77B3811 
 283      674E764E 
 283      86C3EE31 
 284 078c 08BBD3E5 		.ascii	"\010\273\323\345|H\333\351\302#~+\030\227w\363r\362"
 284      7C48DBE9 
 284      C2237E2B 
 284      189777F3 
 284      72F2
 285 079e 73A9F548 		.ascii	"s\251\365H\246u\274\357py\334\346\007-\253)PL\241\213"
 285      A675BCEF 
 285      7079DCE6 
 285      072DAB29 
 285      504CA18B 
 286 07b2 12BE18DC 		.ascii	"\022\276\030\334\356\371\037~\373]q"
 286      EEF91F7E 
 286      FB5D71
 287              		.text
 288              		.section	.gnu.lto_.symtab.349357468624151e,"",%progbits
 289 0000 5F70616C 		.ascii	"_pal_lld_init\000"
 289      5F6C6C64 
 289      5F696E69 
 289      7400
 290 000e 00       		.ascii	"\000"
 291 000f 00       		.ascii	"\000"
 292 0010 00       		.ascii	"\000"
 293 0011 00000000 		.ascii	"\000\000\000\000\000\000\000\000"
 293      00000000 
 294 0019 04010000 		.ascii	"\004\001\000\000"
 295 001d 5F70616C 		.ascii	"_pal_lld_setgroupmode\000"
 295      5F6C6C64 
 295      5F736574 
 295      67726F75 
 295      706D6F64 
 296 0033 00       		.ascii	"\000"
 297 0034 00       		.ascii	"\000"
ARM GAS  /tmp/cc66FJY1.s 			page 23


 298 0035 00       		.ascii	"\000"
 299 0036 00000000 		.ascii	"\000\000\000\000\000\000\000\000"
 299      00000000 
 300 003e 0A010000 		.ascii	"\012\001\000\000"
 301 0042 5F70616C 		.ascii	"_pal_events\000"
 301      5F657665 
 301      6E747300 
 302 004e 00       		.ascii	"\000"
 303 004f 00       		.ascii	"\000"
 304 0050 00       		.ascii	"\000"
 305 0051 00000000 		.ascii	"\000\000\000\000\000\000\000\000"
 305      00000000 
 306 0059 14010000 		.ascii	"\024\001\000\000"
 307              		.text
 308              		.section	.gnu.lto_.opts,"",%progbits
 309 0000 272D666D 		.ascii	"'-fmath-errno' '-fsigned-zeros' '-ftrapping-math' '"
 309      6174682D 
 309      6572726E 
 309      6F272027 
 309      2D667369 
 310 0033 2D666E6F 		.ascii	"-fno-trapv' '-fno-openmp' '-fno-openacc' '-mcpu=cor"
 310      2D747261 
 310      70762720 
 310      272D666E 
 310      6F2D6F70 
 311 0066 7465782D 		.ascii	"tex-m4' '-mfloat-abi=hard' '-mfpu=fpv4-sp-d16' '-mn"
 311      6D342720 
 311      272D6D66 
 311      6C6F6174 
 311      2D616269 
 312 0099 6F2D7468 		.ascii	"o-thumb-interwork' '-mthumb' '-O3' '-fomit-frame-po"
 312      756D622D 
 312      696E7465 
 312      72776F72 
 312      6B272027 
 313 00cc 696E7465 		.ascii	"inter' '-falign-functions=16' '-ffunction-sections'"
 313      72272027 
 313      2D66616C 
 313      69676E2D 
 313      66756E63 
 314 00ff 20272D66 		.ascii	" '-fdata-sections' '-fno-common' '-flto'\000"
 314      64617461 
 314      2D736563 
 314      74696F6E 
 314      73272027 
 315              		.text
 316              		.comm	__gnu_lto_v1,1,1
 317              		.comm	__gnu_lto_slim,1,1
 318              		.ident	"GCC: (GNU Tools for Arm Embedded Processors 7-2018-q3-update) 7.3.1 20180622 (release) [AR
ARM GAS  /tmp/cc66FJY1.s 			page 24


DEFINED SYMBOLS
                            *ABS*:0000000000000000 hal_pal_lld.c
                            *COM*:0000000000000001 __gnu_lto_v1
                            *COM*:0000000000000001 __gnu_lto_slim

NO UNDEFINED SYMBOLS
