ARM GAS  /tmp/cc0Vg6jr.s 			page 1


   1              		.cpu cortex-m4
   2              		.eabi_attribute 27, 1
   3              		.eabi_attribute 28, 1
   4              		.eabi_attribute 20, 1
   5              		.eabi_attribute 21, 1
   6              		.eabi_attribute 23, 3
   7              		.eabi_attribute 24, 1
   8              		.eabi_attribute 25, 1
   9              		.eabi_attribute 26, 1
  10              		.eabi_attribute 30, 2
  11              		.eabi_attribute 34, 1
  12              		.eabi_attribute 18, 4
  13              		.file	"memstreams.c"
  14              		.section	.gnu.lto_.profile.e3d35e5eb024160c,"",%progbits
  15 0000 789C6363 		.ascii	"x\234cc```\001bF\206\000K\000\001Q\000\225"
  15      60606001 
  15      62468600 
  15      4B000151 
  15      0095
  16              		.text
  17              		.section	.gnu.lto_.icf.e3d35e5eb024160c,"",%progbits
  18 0000 789C6363 		.ascii	"x\234cc``Pc@\0006\206\215S\017\035\343a|\375\252\177"
  18      60605063 
  18      40003686 
  18      8D530F1D 
  18      E3617CFD 
  19 0016 2707D3E5 		.ascii	"'\007\323\345\025\037w\2633\203I\226;\355-]\314\254"
  19      151F77B3 
  19      33834996 
  19      3BED2D5D 
  19      CCAC
  20 0028 6B7FFFFC 		.ascii	"k\177\377\374\302\305\000\000l\250\022\260"
  20      C2C50000 
  20      6CA812B0 
  21              		.text
  22              		.section	.gnu.lto_.jmpfuncs.e3d35e5eb024160c,"",%progbits
  23 0000 789C8D4E 		.ascii	"x\234\215NA\012\2000\014K\332n\036\367^O\373\310^\342"
  23      410A8030 
  23      0C4BDA6E 
  23      1EF75E4F 
  23      FBC85EE2 
  24 0014 C99FB946 		.ascii	"\311\237\271F\004\305\203\030\010M\240\011\251\0006"
  24      04C58318 
  24      084DA009 
  24      A90036
  25 0023 DC2830D2 		.ascii	"\334(0\322\373p$)H\233\344\"\305\341\226\327\253\255"
  25      FB702429 
  25      489BE422 
  25      C5E196D7 
  25      ABAD
  26 0035 24B80791 		.ascii	"$\270\007\221<\022-\323\337\336\237-q\266\274_~\264"
  26      3C122DD3 
  26      DFDE9F2D 
  26      71B6BC5F 
  26      7EB4
  27 0047 466855CB 		.ascii	"FhU\313x\351\327\030\021\023\360\01519"
  27      78E9D718 
ARM GAS  /tmp/cc0Vg6jr.s 			page 2


  27      1113F00D 
  27      3139
  28              		.text
  29              		.section	.gnu.lto_.inline.e3d35e5eb024160c,"",%progbits
  30 0000 789C6363 		.ascii	"x\234cc``hdd\200\003V\006\006^\036Ff\006\005F\006f\007"
  30      60606864 
  30      64800356 
  30      06065E1E 
  30      46660605 
  31 0018 30990026 		.ascii	"0\231\000&\025\270\330\326\3511p\334\322cb`|\301\316"
  31      15B8D8D6 
  31      E93170DC 
  31      D2636260 
  31      7CC1CE
  32 002b 02214104 		.ascii	"\002!A\004\007\230\311\301\300\262@\236\207\201\361"
  32      0798C9C1 
  32      C0B2409E 
  32      8781F1
  33 003a 2EBB0013 		.ascii	".\273\000\023\230d`\332\305/\0012\220\221\201\207\033"
  33      986460DA 
  33      C52F0132 
  33      90918187 
  33      1B
  34 004b 6A1EC4A4 		.ascii	"j\036\304\244\006F\250\201\314\323\305\031\330\377\252"
  34      0646A881 
  34      CCD3C519 
  34      D8FFAA
  35 005a 61319079 		.ascii	"a1\220y\2218n\003\231\030\004%\031YP\014dR\000\371\000"
  35      91386E03 
  35      99180425 
  35      1959500C 
  35      645200F9 
  36 006f 6C2A3750 		.ascii	"l*7P\033\003\307\007\234\316d\272\300\317\0032Z\006"
  36      1B03C707 
  36      9CCE64BA 
  36      C0CF0332 
  36      5A06
  37 0081 C455000B 		.ascii	"\304U\000\013*\200\0045@F\263\360200O\360\003Af\204"
  37      2A800435 
  37      4046B3F0 
  37      3230304F 
  37      F0034166 
  38 0096 2DD060A0 		.ascii	"-\320`\240\201%,\014\034\354\214\014L\254\035\352\014"
  38      81252C0C 
  38      1CEC8C0C 
  38      4CAC1DEA 
  38      0C
  39 00a7 DC2BDC98 		.ascii	"\334+\334\230\300\021\000\000I\0135\372"
  39      C0110000 
  39      490B35FA 
  40              		.text
  41              		.section	.gnu.lto_.pureconst.e3d35e5eb024160c,"",%progbits
  42 0000 789C6363 		.ascii	"x\234cc``\340\006bV\006)F)&)f)\026)\000\004\023\000"
  42      6060E006 
  42      62560629 
  42      46292629 
  42      66291629 
ARM GAS  /tmp/cc0Vg6jr.s 			page 3


  43 0018 A3       		.ascii	"\243"
  44              		.text
  45              		.section	.gnu.lto__put.e3d35e5eb024160c,"",%progbits
  46 0000 789C9552 		.ascii	"x\234\225R\337K\024Q\024\276\337\234\331\031W\315\250"
  46      DF4B1451 
  46      14BEDF9C 
  46      D91957CD 
  46      A8
  47 0011 A71EF6C1 		.ascii	"\247\036\366\301\207D$\332)\254\336z\352\017\350\241"
  47      874424DA 
  47      29ACDE7A 
  47      EA0FE8A1 
  48 0021 BF404570 		.ascii	"\277@Ep\301%i{\316\253k\232e$\244f\313 K\"E\021&\255"
  48      C125697B 
  48      CEAB6B9A 
  48      6524A466 
  48      CB204B22 
  49 0039 56A635A9 		.ascii	"V\2465\251\231\277\266\2544\244\007\037\012\245\337"
  49      99BFB6AC 
  49      34A4071F 
  49      0AA5DF
  50 0048 11918FD6 		.ascii	"\021\221\217\32693\033\032\275\350\300\2349\367\316"
  50      39331B1A 
  50      BDE8C09C 
  50      39F7CE
  51 0057 F9BEEF9C 		.ascii	"\371\276\357\234\357^K)\365\225\224:\302\337\303\374"
  51      EF5E4B29 
  51      F595943A 
  51      C2DFC3FC 
  52 0067 22A460B4 		.ascii	"\"\244`\264?W\252!\3170\314\017J\351|\272\221\345O!"
  52      3F57AA21 
  52      CF30CC0F 
  52      4AE97CBA 
  52      91E54F21 
  53 007b C10CF64D 		.ascii	"\301\014\366M@\022\235\007Uo\220\211z\264Q\007\341e"
  53      40129D07 
  53      556F9089 
  53      7AB45107 
  53      E165
  54 008d D31D972E 		.ascii	"\323\035\227.\220K\012&/\177dS\357\213d\011\024\363"
  54      904B0A26 
  54      2F7F6453 
  54      EF8B6409 
  54      14F3
  55 009f B26F3439 		.ascii	"\262o49\202\262\353\232\037\357J\207\325\223\231\327"
  55      82B2EB9A 
  55      1FEF4A87 
  55      D59399D7 
  56 00af 61970CD5 		.ascii	"a\227\014\325\305\345\031Dp\027\021Q\037D\031\027\277"
  56      C5E51944 
  56      70171151 
  56      1F441917 
  56      BF
  57 00c0 CE2EB6DB 		.ascii	"\316.\266\333\024\205\342\374\362\257\317\236Q\332\247"
  57      1485E2FC 
  57      F2AFCF9E 
  57      51DAA7
ARM GAS  /tmp/cc0Vg6jr.s 			page 4


  58 00cf 75A3F6E6 		.ascii	"u\243\366\346zI\357u\2110\004\332\014\344-\205{(\345"
  58      7A49EF75 
  58      893004DA 
  58      0CE42D85 
  58      7B28E5
  59 00e2 72B7F9E6 		.ascii	"r\267\371\346\012\321A\037:\27365\361\027\372\245\211"
  59      0AD1411F 
  59      3ABB3635 
  59      F117FAA5 
  59      89
  60 00f3 74A1CBDD 		.ascii	"t\241\313\335\336\017\240\345\021\034\020\240\251\360"
  60      DE0FA0E5 
  60      111C10A0 
  60      A9F0
  61 0101 00A552FD 		.ascii	"\000\245R\375\363\373\342l\230\312}\344\255\241\314"
  61      F3FBE26C 
  61      98CA7DE4 
  61      ADA1CC
  62 0110 4C6149AF 		.ascii	"LaI\257\217\\\356\336}-\251\247\264\351R\010\303\377"
  62      8F5CEEDE 
  62      7D2DA9A7 
  62      B4E95208 
  62      C3FF
  63 0122 0ACBC3E5 		.ascii	"\012\313\303\345\357\006\326;wX&\036\242D\006\3429F"
  63      EF06D63B 
  63      7758261E 
  63      A24406E2 
  63      3946
  64 0134 602970D2 		.ascii	"`)p\322\377*\344\351\365\337-\332{\263g)\223\335U\004"
  64      FF2AE4E9 
  64      F5DF2DDA 
  64      7BB36729 
  64      93DD5504 
  65 0148 D6B40C09 		.ascii	"\326\264\014\011\304\3016%\204diI\2609\030a\310,\005"
  65      C4C13625 
  65      84646949 
  65      B0391861 
  65      C82C05
  66 015b F01B53E7 		.ascii	"\360\033S\347\230\217\355\326\236je\2738Kzj\025\215"
  66      988FEDD6 
  66      9E6A65BB 
  66      384B7A6A 
  66      158D
  67 016d E9FEB632 		.ascii	"\351\376\2662Q\021\315\024\205\325'4\016\177\2748n\311"
  67      5111CD14 
  67      85D52734 
  67      0E7FBC38 
  67      6EC9
  68 017f 5E8AC04D 		.ascii	"^\212\300Mu\235\035{a\313\001\204\374\221F\306\262\223"
  68      759D1D7B 
  68      61CB0184 
  68      FC9146C6 
  68      B293
  69 0191 561A3D0D 		.ascii	"V\032=\015|\002\305.\3451\010\2432\002\377[hYZ.pn\353"
  69      7C02C52E 
  69      E53108A3 
  69      3202FF5B 
ARM GAS  /tmp/cc0Vg6jr.s 			page 5


  69      68595A2E 
  70 01a8 E057188F 		.ascii	"\340W\030\217\220F\247\314\241\360\030\216\317=\035"
  70      9046A7CC 
  70      A1F0188E 
  70      CF3D1D
  71 01b7 0D988D6D 		.ascii	"\015\230\215mRy>\225X\201'L\265\202\246\267\343\207"
  71      52793E95 
  71      5881274C 
  71      B582A6B7 
  71      E387
  72 01c9 724D329B 		.ascii	"rM2\233\357`+\037\037\3371\036\314\237\342R27\005mK"
  72      EF602B1F 
  72      1FDF311E 
  72      CC9FE252 
  72      3237056D 
  73 01de CBC698AF 		.ascii	"\313\306\230\257%\234\030\367\333N\272\315WC\001\227"
  73      259C18F7 
  73      DB4EBACD 
  73      57430197 
  74 01ee C974A2C7 		.ascii	"\311t\242\307\012\251\351\243\262\267\331\"\373?\213"
  74      0AA9E9A3 
  74      B2B7D922 
  74      FB3F8B
  75 01fd D245AE60 		.ascii	"\322E\256`LL\210\030\2362u\212\012\202\006\273\223v"
  75      4C4C8818 
  75      9E32758A 
  75      0A8206BB 
  75      9376
  76 020f 401ADA52 		.ascii	"@\032\332R\203\373\305\207\311\015\037\236\005\275u"
  76      83FBC587 
  76      C90D1F9E 
  76      05BD75
  77 021e 352360C9 		.ascii	"5#`\311\021\015\266\314\015\344K3|\376\230b\006\326"
  77      110DB6CC 
  77      0DE44B33 
  77      7CFE9862 
  77      06D6
  78 0230 5A388F5C 		.ascii	"Z8\217\\\253[\224\231\336\220\231\201\303\334\276\275"
  78      AB5B9499 
  78      DE909981 
  78      C3DCBEBD 
  79 0240 66EEDE7C 		.ascii	"f\356\336|\203\241Rd\363\336\032l\006\256\272\231\311"
  79      83A15264 
  79      F3DE1A6C 
  79      06AEBA99 
  79      C9
  80 0251 9D2269E0 		.ascii	"\235\"i\340\014f\0211f\2526\273b@a\016\021\032^\235"
  80      0C661131 
  80      66AA36BB 
  80      6240610E 
  80      111A5E9D 
  81 0265 07DF4308 		.ascii	"\007\337C\010\013\273\273/\032u\216\325\304*c\307O8"
  81      0BBBBB2F 
  81      1A758ED5 
  81      C42A63C7 
  81      4F38
  82 0277 27134E4D 		.ascii	"'\023NME\255S\033\253t\022\247OUW\304\023N\274:\236"
ARM GAS  /tmp/cc0Vg6jr.s 			page 6


  82      45AD531B 
  82      AB7412A7 
  82      4F5557C4 
  82      134EBC3A 
  83 028c 4BA355CA 		.ascii	"K\243U\312\210\325\241\222\342\211\272?WuM\202"
  83      88D5A192 
  83      E289BA3F 
  83      57754D82 
  84              		.text
  85              		.section	.gnu.lto__get.e3d35e5eb024160c,"",%progbits
  86 0000 789C9552 		.ascii	"x\234\225R]KTQ\024=\353\236;w>\032\213z\020\202!|HD"
  86      5D4B5451 
  86      143DEB9E 
  86      3B773E1A 
  86      8B7A1082 
  87 0018 C2B945D9 		.ascii	"\302\271E\331\037\350\007\364\320S\217\032\202\003\016"
  87      1FE807F4 
  87      D0538F1A 
  87      82030E
  88 0027 49D363E4 		.ascii	"I\323c\344\3211'\315\007\301\264\034.2$\222\030Q\322"
  88      D13127CD 
  88      07C1B41C 
  88      2E322492 
  88      1851D2
  89 003a 8C993A7A 		.ascii	"\214\231:z\3234-\247\2544\252\207\210B)\005\243/_\012"
  89      D3342DA7 
  89      AC34AA87 
  89      88422905 
  89      A32F5F0A 
  90 004e 6BEF7B87 		.ascii	"k\357{\2072z\311\003\367|\354\273\327Z{\257s\014!\304"
  90      327AC903 
  90      F77CECBB 
  90      D75A7BAF 
  90      730C21C4 
  91 0062 9414E230 		.ascii	"\224\024\3420\255\345\364\301#\240\265=\022\242\336"
  91      ADE5F4C1 
  91      23A0B53D 
  91      12A2DE
  92 0071 A769FA7B 		.ascii	"\247i\372{!T@\366\345h\011J\350n\\\007x\243|\020u\232"
  92      215440F6 
  92      E568094A 
  92      E86E5C07 
  92      78A37C10 
  93 0087 D4518756 		.ascii	"\324Q\207VyQ\342I\343MK^\220\226\024\320\351\370)\227"
  93      7951E249 
  93      E34D4B5E 
  93      909614D0 
  93      E9F82997 
  94 009b 7CB79D8F 		.ascii	"|\267\235\217@\021\035{\263\361Q\224^U4\354KCFwz^\371"
  94      40111D7B 
  94      B3F15194 
  94      5E5534EC 
  94      4B434677 
  95 00b2 2DA9894E 		.ascii	"-\251\211NJO#\204[\010\261z\006\245\224\374,\267\330"
  95      4A4F2384 
  95      5B08B17A 
  95      06A594FC 
ARM GAS  /tmp/cc0Vg6jr.s 			page 7


  95      2CB7D8
  96 00c5 E6956108 		.ascii	"\346\225a\010\332\267\177[\265\265\222^\245\032\224"
  96      DAB77F5B 
  96      B5B5925E 
  96      A51A94
  97 00d4 3DD723D5 		.ascii	"=\327#\325^KJ\014Bn\006RH\3406J8\377\313\307\305\207"
  97      5E4B4A0C 
  97      426E0652 
  97      48E0364A 
  97      38FFCBC7 
  98 00ea 7E79C0C1 		.ascii	"~y\300\301^\033L?\010\026\3678\330\365\256]W\342jF\351"
  98      5E1B4C3F 
  98      0816F738 
  98      D8F5AE5D 
  98      57E26A46 
  99 00ff 16953CF4 		.ascii	"\026\225<\3647\236\007\245[M\375KR\226;\320\261\366"
  99      379E07A5 
  99      5B4DFD4B 
  99      52963BD0 
  99      B1F6
 100 0111 D4B89E87 		.ascii	"\324\270\236\207\256u\025\326\307\325e\206z0\354B\017"
 100      AE7515D6 
 100      C7D56586 
 100      7A30EC42 
 100      0F
 101 0122 86B0FF37 		.ascii	"\206\260\3777\360\355\300FG\201\241c\004\305\270\203"
 101      F0EDC046 
 101      4781A163 
 101      04C5B883 
 102 0132 626E8A7A 		.ascii	"bn\212z\031\205!@+\207o<\365\330j\343gB\331\313\273"
 102      19852140 
 102      2B876F3C 
 102      F5D86AE3 
 102      6742D9CB 
 103 0147 B35F9FEF 		.ascii	"\263_\237\357,\000\025mh<I\232\274:O\036>\0324i>p;\001"
 103      2C00156D 
 103      683C499A 
 103      BC3A4F1E 
 103      3E1A3469 
 104 015f C1D02007 		.ascii	"\301\320 \007\2048O\234d\273\262E3\035i\027\267\305"
 104      84384F9C 
 104      64BBB245 
 104      331D6917 
 104      B7C5
 105 0171 321A52DF 		.ascii	"2\032R\337[KY\211u\223\322'V\3200\374\241o\322\340X"
 105      5B4B5989 
 105      7593D227 
 105      56D030FC 
 105      A16FD2E0 
 106 0186 52828AEB 		.ascii	"R\202\212\353<7\361\330\313\027\241;\215\215N\344\246"
 106      3C37F1D8 
 106      CB17A13B 
 106      8D8D4EE4 
 106      A6
 107 0197 8D14BAEB 		.ascii	"\215\024\272\353\351&\212,\351#\020\262\354\001\375"
 107      E9268A2C 
 107      E92310B2 
ARM GAS  /tmp/cc0Vg6jr.s 			page 8


 107      EC01FD
 108 01a6 5B48BC78 		.ascii	"[H\274x\275\315\274\256\334_~\214!\205\016\356E`\034"
 108      BDCDBCAE 
 108      DC5F7E8C 
 108      21850EEE 
 108      45601C
 109 01b9 A6C33D5B 		.ascii	"\246\303=[\3462k[\244\262\035*0\325]\242ZB\343\253\311"
 109      E6326B5B 
 109      A4B21D2A 
 109      30D55DA2 
 109      5A42E3AB 
 110 01ce 43F92293 		.ascii	"C\371\"\223\334\037\215f\272Fzk\324\230\323E\177\334"
 110      DC1F8D66 
 110      BA467A6B 
 110      D498D345 
 110      7FDC
 111 01e0 EB26C82D 		.ascii	"\353&\310-iy1\341h1'&\235\262\343V\323K\217\313\245"
 111      697931E1 
 111      68312726 
 111      9DB2E356 
 111      D34B8FCB 
 112 01f5 131DEB91 		.ascii	"\023\035\353\221\302\217\226\343n,\260\331%\357?.\245"
 112      C28F96E3 
 112      6E2CB0D9 
 112      25EF3F2E 
 112      A5
 113 0206 F6D0BD13 		.ascii	"\366\320\275\023\022\367X\017S\304\3568_\350\370>\302"
 113      12F7580F 
 113      53C4EE38 
 113      5FE8F83E 
 113      C2
 114 0217 BE0758A4 		.ascii	"\276\007X\244\263)\2339\3432z\\\2032\211\271\201\000"
 114      B3299B39 
 114      E3327A5C 
 114      833289B9 
 114      8100
 115 0229 93FA014C 		.ascii	"\223\372\001L\023\232T\027Z\3009\377\325R\031#\357\377"
 115      139A5417 
 115      5AC039FF 
 115      D5521923 
 115      EFFF
 116 023b 716E0626 		.ascii	"qn\006&q3\313\347D.S\355j\005Y\236\315\323\363\257b"
 116      7133CBE7 
 116      442E53ED 
 116      6A05599E 
 116      CDD3F3AF 
 117 0250 0D9A484A 		.ascii	"\015\232HJ\203b\353\216\316\262\225\236\336\301Uh8\213"
 117      8362EB8E 
 117      CEB2959E 
 117      DEC15568 
 117      388B
 118 0262 5984B4E1 		.ascii	"Y\204\264\341\2257\344yP&W\347A\357\012\214#\267\366"
 118      9537E479 
 118      502657E7 
 118      41EF0A8C 
 118      23B7F6
 119 0275 85C3E691 		.ascii	"\205\303\346\221\352He\344\3501\363d\314\254\256\250"
ARM GAS  /tmp/cc0Vg6jr.s 			page 9


 119      EA4865E4 
 119      E831F364 
 119      CCACAEA8 
 120 0285 316B2295 		.ascii	"1k\"\225f\354\364\251\252\212h\314\214VE\363\333\360"
 120      66ECF4A9 
 120      AA8A68CC 
 120      8C5645F3 
 120      DBF0
 121 0297 09A1456A 		.ascii	"\011\241Eje4V\213\312_\264\270C\351"
 121      6534568B 
 121      CA5FB4B8 
 121      43E9
 122              		.text
 123              		.section	.gnu.lto__reads.e3d35e5eb024160c,"",%progbits
 124 0000 789C9552 		.ascii	"x\234\225R\337K\024Q\024\276\337\2753\263\263\271\331"
 124      DF4B1451 
 124      14BEDFBD 
 124      33B3B3B9 
 124      D9
 125 0011 3FE08350 		.ascii	"?\340\203P\"\032\356\020,AD\275\364\322[P\177\201\206"
 125      221AEE10 
 125      2C4144BD 
 125      F4D25B50 
 125      7F8186
 126 0024 E0825BD2 		.ascii	"\340\202[\322\366\276\327_[\246\017F\272\312\262\304"
 126      F6BED75F 
 126      5BA60F46 
 126      BACAB2C4 
 127 0034 C6A21211 		.ascii	"\306\242\022\021\025\231\245YMZ[j\032\245B\020\024\224"
 127      1599A559 
 127      4D5A5B6A 
 127      1AA54210 
 127      1494
 128 0046 25955821 		.ascii	"%\225X!\375\000q\355\334;\233\226O:0w\316=\367|\337"
 128      FD0071ED 
 128      DC3B9B96 
 128      4F3A3077 
 128      CE3DF77C 
 129 005b FDCE77C6 		.ascii	"\375\316w\306b\214\225\033\214\355\243o\210^\230\014"
 129      628C951B 
 129      8CEDA36F 
 129      885E980C 
 130 006b BC7D8AB1 		.ascii	"\274}\212\261z\233s\321]\316\3446\343\367N&\003\002"
 130      7A9B73D1 
 130      5DCEE436 
 130      E3F74E26 
 130      0302
 131 007d 86973600 		.ascii	"\206\2276\000\025H\033,\306\205\201\030\332D\207\300"
 131      15481B2C 
 131      C6858118 
 131      DA4487C0 
 132 008d 8BA6EB29 		.ascii	"\213\246\353)\321*R\202\301\240\355\367\311\344\373"
 132      D12A5282 
 132      C1A0EDF7 
 132      C9E4FB
 133 009c 42B5058A 		.ascii	"B\265\005\212i\273\260\230\355\017\224\365I\331 \335"
 133      69BBB098 
ARM GAS  /tmp/cc0Vg6jr.s 			page 10


 133      ED0F94F5 
 133      49D920DD 
 134 00ac AE6F072E 		.ascii	"\256o\007.56\037N\011\316\022T\335\217\"\334D\221\272"
 134      35361F4E 
 134      09CE1254 
 134      DD8F22DC 
 134      4491BA
 135 00bf FB16CAA8 		.ascii	"\373\026\312\250vzr\266\335'\202`\024_\370\361\305\345"
 135      767A72B6 
 135      DD278260 
 135      145FF8F1 
 135      C5E5
 136 00d1 A53D1A37 		.ascii	"\245=\0327\227\021rWJ\010\014@\374\013\244\024\303m"
 136      97117257 
 136      4A080C40 
 136      FC0BA414 
 136      C36D
 137 00e3 9452F972 		.ascii	"\224R\371r\353l\302/\366h\350\371\371\276\034\362\320"
 137      EB6CC22F 
 137      F668E8F9 
 137      F9BE1CF2 
 137      D0
 138 00f4 673D1A6A 		.ascii	"g=\032j\340\316F\250\3010\250\241+\262#Q(B\032:7\221"
 138      E0CE46A8 
 138      C130A8A1 
 138      2BB22351 
 138      28421A3A 
 139 010a 69F7FDBD 		.ascii	"i\367\375\275\265WC9\2066B9\303]\224\252\372\245\257"
 139      B5574339 
 139      86364239 
 139      C35D94AA 
 139      FAA5AF
 140 011d B3137EB1 		.ascii	"\263\023~\261Wc\257\014\364\217\007J2\032;\325e&\245"
 140      5763AF0C 
 140      F48F074A 
 140      321A3BD5 
 140      6526A5
 141 0130 DB549C12 		.ascii	"\333T\234\022&\206\377\207\253\207\252\337\335\310u"
 141      2686FF87 
 141      AB87AADF 
 141      DDC875
 142 013f 6EB70CDC 		.ascii	"n\267\014\334C\2112\203<\270\017\213\201\202k/MW\346"
 142      43893283 
 142      3CB80F8B 
 142      81826B2F 
 142      4D57E6
 143 0152 56CF4837 		.ascii	"V\317H7\373\013\275\2316\354\000\335iq\265\010\265\030"
 143      FB0BBD99 
 143      36EC00DD 
 143      6971B508 
 143      B518
 144 0164 4ABDA916 		.ascii	"J\275\251\026Km}j\261\265$?\224\035\005Pq\000\252?\306"
 144      4B6D7D6A 
 144      B1B5243F 
 144      941D0550 
 144      7100AA3F 
 145 0179 CE12398D 		.ascii	"\316\0229\215M\272\254\205\204S\324\350\262\217hH\317"
ARM GAS  /tmp/cc0Vg6jr.s 			page 11


 145      4DBAAC85 
 145      8453D4E8 
 145      B28F6848 
 145      CF
 146 018a 4F7075A5 		.ascii	"Opu\245\022\220\024~\366\031\015C\237\226C*\225\024"
 146      1290147E 
 146      F6190D43 
 146      9F96432A 
 146      9514
 147 019c 208189E6 		.ascii	" \201\211\346\221\347>5GSw7<2\231\265\322\270X/\245"
 147      91E73E35 
 147      47537737 
 147      3C3299B5 
 147      D2B8582F 
 148 01b1 A4B67C84 		.ascii	"\244\266|\204\301\003\325\016\235\315\234y\365\246\300"
 148      C103D50E 
 148      9DCD9C79 
 148      F5A6C0
 149 01c0 B92ABD23 		.ascii	"\271*\275#\016\027it\252\236\030\036\302\321\324c\025"
 149      0E176974 
 149      AA9E181E 
 149      C2D1D463 
 149      15
 150 01d1 1E33DF22 		.ascii	"\0363\337\"\325\210\246R\266`TS5v\307[L\217K\220Pbd"
 150      D588A652 
 150      B6605453 
 150      3576C75B 
 150      4C8F4B90 
 151 01e8 1FD03435 		.ascii	"\037\32045\032Z\313\025h\213[\350\337\350.\317\367\272"
 151      1A5ACB15 
 151      688B5BE8 
 151      DFE82ECF 
 151      F7BA
 152 01fa B45FB74A 		.ascii	"\264_\267J\256P\205>4\326\234\360\206\231\024\266g\301"
 152      AE50853E 
 152      34D69CF0 
 152      869914B6 
 152      67C1
 153 020c CA518FC8 		.ascii	"\312Q\217\310\330\222P\003\217\264P\256\204>\366\204"
 153      D8925003 
 153      8FB450AE 
 153      843EF684 
 154 021c A6E2977D 		.ascii	"\246\342\227}\036\227ItJ\350\002\342\351B=g\"\030\034"
 154      1E974974 
 154      4AE802E2 
 154      E9423D67 
 154      22181C
 155 022f 5C78ED8B 		.ascii	"\\x\355\213\255H;%\354\204\352\020Y\304XR\004t=e\363"
 155      AD483B25 
 155      EC84EA10 
 155      59C45852 
 155      04743D65 
 156 0244 33C91DF4 		.ascii	"3\311\035\364H\254M\011\252P\246=Y7\355\251\247%\021"
 156      48AC4D09 
 156      AA50A63D 
 156      5937EDA9 
 156      A72511
ARM GAS  /tmp/cc0Vg6jr.s 			page 12


 157 0257 87C74210 		.ascii	"\207\307B\020+\337\353\3149\235\333<\355\330:\3558\034"
 157      2BDFEBCC 
 157      399DDB3C 
 157      EDD83AED 
 157      381C
 158 0269 E2628BE4 		.ascii	"\342b\213\344\355\352t\236\332\246\203\237\260i\000"
 158      EDEA749E 
 158      DAA6839F 
 158      B06900
 159 0278 9CDAA049 		.ascii	"\234\332\240I\274\025\364\363A\031M\266\354\016\006"
 159      BC15F4F3 
 159      41194DB6 
 159      EC0E06
 160 0287 9D4335E1 		.ascii	"\235C5\341\252\360\221c\316\311\250SSY\353\324\206\253"
 160      AAF09163 
 160      CEC9A853 
 160      5359EBD4 
 160      86AB
 161 0299 9CE8E953 		.ascii	"\234\350\351S\325\225\221\250\023\251\216\344\303\340"
 161      D59591A8 
 161      13A98EE4 
 161      C3E0
 162 02a7 71C6C375 		.ascii	"q\306\303u\274\252\016'D$Z\367\007l!\\@"
 162      BCAA0E27 
 162      44245AF7 
 162      076C215C 
 162      40
 163              		.text
 164              		.section	.gnu.lto__writes.e3d35e5eb024160c,"",%progbits
 165 0000 789C9552 		.ascii	"x\234\225R\337K\024Q\024\276\337\2753;\273\356f\377"
 165      DF4B1451 
 165      14BEDFBD 
 165      333BBBEE 
 165      66FF
 166 0012 800F4289 		.ascii	"\200\017B\211h\264C\260D?\350\251\227\336z\350/\320"
 166      68B443B0 
 166      443FE8A9 
 166      97DE7AE8 
 166      2FD0
 167 0024 105C704B 		.ascii	"\020\\pK\332\336\367\372k\313\354\301H7[\206\330\220"
 167      DADEF7FA 
 167      6BCBECC1 
 167      48375B86 
 167      D890
 168 0036 DA07898A 		.ascii	"\332\007\211\212L\363G5\251Y*\032\245BX\364PY\230\213"
 168      4CF34735 
 168      A9592A1A 
 168      A54258F4 
 168      5059988B 
 169 004a 119104E1 		.ascii	"\021\221\004\341\332\271w\026-\237t`\316\234{\356\371"
 169      DAB97716 
 169      2D9F7460 
 169      CE9C7BEE 
 169      F9
 170 005b BEFB9DEF 		.ascii	"\276\373\235\357\216\2171Va0v\230\276\021za2\360\366"
 170      8E8F3156 
 170      61307698 
ARM GAS  /tmp/cc0Vg6jr.s 			page 13


 170      BE117A61 
 170      32F0F6
 171 006e 19C61AFC 		.ascii	"\031\306\032\374\234\213\256J&\213\214\337{\230\014"
 171      9C8BAE4A 
 171      268B8CDF 
 171      7B980C
 172 007d 09185ED9 		.ascii	"\011\030^\331\000T\"\375`\011.\014$pYt\010\274n\276"
 172      005422FD 
 172      60092E0C 
 172      24705974 
 172      08BC6EBE 
 173 0091 E78836E1 		.ascii	"\347\2106\341\010\006\203\226?\246\323\237\212\325\022"
 173      08068396 
 173      3FA6D39F 
 173      8AD512
 174 00a0 28A5656E 		.ascii	"(\245ene\2747T\221\225\262Q\272\327\206\217\335lj9\341"
 174      65BC3754 
 174      9195B251 
 174      BAD7868F 
 174      DD6C6A39 
 175 00b5 08CE52D4 		.ascii	"\010\316R\324\335\213\022<@\211:\373!*\250wvz\276\335"
 175      DD8B123C 
 175      40893AFB 
 175      212AA877 
 175      767ABEDD 
 176 00c9 126130CA 		.ascii	"\022a0\312\257\376Zvy\371-\215\313u\013\271\327\021"
 176      AFFE5A76 
 176      79F92D8D 
 176      CB750BB9 
 176      D711
 177 00db 027D10FF 		.ascii	"\002}\020\377\002\251\304\320\217rj\377\3236\237\012"
 177      02A9C4D0 
 177      8F726AFF 
 177      D3369F0A 
 178 00eb 88031A7A 		.ascii	"\210\003\032z\345k6\217\002t\354\266\206\032x\264\025"
 178      E56B368F 
 178      0274ECB6 
 178      861A78B4 
 178      15
 179 00fc 6A300C68 		.ascii	"j0\014h\350\232\354H\025\213\210\206~\236\352n\267\012"
 179      E89AEC48 
 179      158B8886 
 179      7E9EEA6E 
 179      B70A
 180 010e D0F7590D 		.ascii	"\320\367Y\015\345\030\334\012\345\014C(W\375?\277\317"
 180      E518DC0A 
 180      E50C4328 
 180      57FD3FBF 
 180      CF
 181 011f 4F05C441 		.ascii	"O\005\304A\215\355\351\353\235\014\225ukl\276\323LK"
 181      8DEDE9EB 
 181      9D0C9575 
 181      6B6CBED3 
 181      4C4B
 182 0131 B7B9D411 		.ascii	"\267\271\324\021&\206\377\207\253\207\272?\336\317w"
 182      2686FF87 
 182      AB87BA3F 
ARM GAS  /tmp/cc0Vg6jr.s 			page 14


 182      DECF77
 183 0140 EEF21978 		.ascii	"\356\362\031x\2142e\006y\360\004>\006J\356\2761]\231"
 183      8C326506 
 183      79F0043E 
 183      064AEEBE 
 183      315D99
 184 0153 5FBF20DD 		.ascii	"_\277 \335\325Ed\207\202\273AG\372\270\012B\005\203"
 184      D5456487 
 184      82BB4147 
 184      FAB80A42 
 184      0583
 185 0165 8265AAE0 		.ascii	"\202e\252\340SKK\005\277V\024\200r#\010\225\207\240"
 185      534B4B05 
 185      BF561480 
 185      72230895 
 185      87A0
 186 0177 C663EC22 		.ascii	"\306c\354\"q\323\255I\227\265\222n\312\232\\\366\005"
 186      71D3AD49 
 186      97B5926E 
 186      CA9A5CF6 
 186      05
 187 0188 8D99F549 		.ascii	"\215\231\365I\256NT\347\247E\200}C\343\340\322RD\225"
 187      AE4E54E7 
 187      A745807D 
 187      43E3E0D2 
 187      524495
 188 019b D202A42F 		.ascii	"\322\002\244/\3252\362\312R\327h\352\341\206G\246\307"
 188      D532F2CA 
 188      52D768EA 
 188      E18647A6 
 188      C7
 189 01ac 7D19DC68 		.ascii	"}\031\334h\220R\322T~\302\340\251\232\206\366\346.\274"
 189      9052D254 
 189      7EC2E0A9 
 189      9A86F6E6 
 189      2EBC
 190 01be FD10B4EF 		.ascii	"\375\020\264\357Ho\213\303E\006\235j$\206g\2605\365"
 190      486F8BC3 
 190      45069D6A 
 190      248667B0 
 190      35F5
 191 01d0 44D863E6 		.ascii	"D\330c\346;\244\032\321T\312\025\214j\252\246\256\344"
 191      3BA41AD1 
 191      54CA158C 
 191      6AAAA6AE 
 191      E4
 192 01e1 75D3E312 		.ascii	"u\323\343\022$\224\030\331\"\232gF#\033\265\240v\270"
 192      249418D9 
 192      229A6746 
 192      231BB5A0 
 192      76B8
 193 01f3 957E8DAE 		.ascii	"\225~\215\256\312\302\254=G\365\250\344\012u\350Mc\303"
 193      CAC2AC3D 
 193      47F5A8E4 
 193      0A75E84D 
 193      63C3
 194 0205 09EF2ED3 		.ascii	"\011\357.\323\302\357Y\260|\304#2v$\324\302\230\026"
ARM GAS  /tmp/cc0Vg6jr.s 			page 15


 194      C2EF59B0 
 194      7CC42332 
 194      7624D4C2 
 194      9816
 195 0217 CA95D0E7 		.ascii	"\312\225\320\347\236P'\271T\020j\022\235\022\232C2S"
 195      9E5027B9 
 195      54106A12 
 195      9D129A43 
 195      3253
 196 0229 ACAF9908 		.ascii	"\254\257\231\010\006\006r\357\254\304\232\364;\"\220"
 196      060672EF 
 196      ACC49AF4 
 196      3B2290
 197 0238 5213621C 		.ascii	"R\023b\034\011\246\233C\244\306\021E\236\240\334!\217"
 197      09A69B43 
 197      A4C61145 
 197      9EA0DC21 
 197      8F
 198 0249 C4B72D41 		.ascii	"\304\267-A\373\225i/6M{\351iI%\341\261XDT\230u\356\222"
 198      FB95692F 
 198      364D7BE9 
 198      694925E1 
 198      B1584454 
 199 0261 AE6D9F76 		.ascii	"\256m\237vb\223v\0226q\261\025\362\266\177\266@\355"
 199      62937612 
 199      3671B115 
 199      F2B67FB6 
 199      40ED
 200 0273 A78D5510 		.ascii	"\247\215U\0208\310i\014!\026\026\004\375|PF\223-\373"
 200      38C8690C 
 200      21161604 
 200      FD7C5046 
 200      932DFB
 201 0286 C261FB78 		.ascii	"\302a\373xm\264:z\362\224}6n\327V\325\331u\321j;~\376"
 201      6DB43A7A 
 201      F2947D36 
 201      6ED756D5 
 201      D975D16A 
 202 029d 5C4D552C 		.ascii	"\\MU,n\307jb\2054|\232\361h=\257\256\307\031\021\213"
 202      6EC76A62 
 202      85347C9A 
 202      F1683DAF 
 202      AEC71911 
 203 02b2 D7FF0570 		.ascii	"\327\377\005p\303[\265"
 203      C35BB5
 204              		.text
 205              		.section	.gnu.lto_msObjectInit.e3d35e5eb024160c,"",%progbits
 206 0000 789C9D92 		.ascii	"x\234\235\222\317k\023A\024\307\347\273\263\273I\011"
 206      CF6B1341 
 206      14C7E7BB 
 206      B3BB4909 
 207 0010 2D1E3C88 		.ascii	"-\036<\210\366\320\203\020\213\220\005o^\004\361\240"
 207      F6D08310 
 207      8B90056F 
 207      5E04F1A0 
 208 0020 370FFE05 		.ascii	"7\017\376\005\215\2444\320Pi\364\"B6IcR\374\201\007"
 208      8DA434D0 
ARM GAS  /tmp/cc0Vg6jr.s 			page 16


 208      5069F422 
 208      42364963 
 208      52FC8107 
 209 0034 1B25AC25 		.ascii	"\033%\254%\324\306\234\202\225j\265M5k\264Q\233\246"
 209      D4C69C82 
 209      956AB54D 
 209      356BB451 
 209      9BA6
 210 0046 52B16051 		.ascii	"R\261`Q[\261\"ZP\221\026\254E[\337L\"h\361b\006\206"
 210      5BB1225A 
 210      509116AC 
 210      455BDF4C 
 210      2268F162 
 211 005c 7DB3FBBE 		.ascii	"}\263\373\276\237\367\366}Gg\214\015p\306\366\323s\007"
 211      9FF7F67D 
 211      47678C0D 
 211      70C6F6D3 
 211      7307
 212 006e 6D7006E5 		.ascii	"mp\006\345\3024ca\247\002\210\300t\202\205\024\204p"
 212      C2346361 
 212      A70288C0 
 212      74828514 
 212      8470
 213 0080 965FE428 		.ascii	"\226_\344(\306\337\217*\255Y\223\226}\251\337q\332\214"
 213      C6DF8F2A 
 213      AD599396 
 213      7DA9DF71 
 213      DA8C
 214 0092 6DB3489E 		.ascii	"m\263H\236\244-\026\206\321JY3=C\026?\303-\016\250t"
 214      A42D1686 
 214      D14A5933 
 214      3D43163F 
 214      C32D0EA8 
 215 00a7 FC5A492D 		.ascii	"\374ZI-6\211\243\202\026:.\177\231-7p\017\030\305\253"
 215      3689A382 
 215      163A2E7F 
 215      992D3770 
 215      0F18C5AB 
 216 00bb 7323BBDC 		.ascii	"s#\273\334\031\323\214\230\366\324 7wZ\234c\004\234"
 216      19D38C98 
 216      F6D42037 
 216      775A9C63 
 216      049C
 217 00cd 78B88566 		.ascii	"x\270\205f\334D3\243W\014\267\341\246\354lO~\256\201"
 217      DC4433A3 
 217      570CB7E1 
 217      A6EC6C4F 
 217      7EAE81
 218 00e0 EF91CAA1 		.ascii	"\357\221\312\241\205\225UgM\372##\245*\356l\226\252"
 218      85955567 
 218      4DFA2323 
 218      A52AEE6C 
 218      96AA
 219 00f2 0CA3523A 		.ascii	"\014\243R:\020\236-7\362\275R\372\2467wN\255IKW\266"
 219      109E2D37 
 219      F2BD52FA 
 219      A637774E 
ARM GAS  /tmp/cc0Vg6jr.s 			page 17


 219      AD494B57 
 220 0107 5E8D9A87 		.ascii	"^\215\232\207,\256al\263Xc\310K\361\267lqB\345\373\244"
 220      2CAE616C 
 220      B35863C8 
 220      4BF1B76C 
 220      7142E5FB 
 221 011c 78293939 		.ascii	"x)99\246\375\256[mY\303\370?\244w\341\026\371oo\254"
 221      A6FDAE5B 
 221      6D59C3F8 
 221      3FA477E1 
 221      16F96F6F 
 222 0131 F735EA6A 		.ascii	"\3675\352juD\270\007\235\201\202\353\3174\333\\\337"
 222      7544B807 
 222      9D8182EB 
 222      CF34DB5C 
 222      DF
 223 0142 889BF6BB 		.ascii	"\210\233\366\273\014\012\007]4l\372E\025\242[\035\242"
 223      0C0A075D 
 223      346CFA45 
 223      15A25B1D 
 223      A2
 224 0153 AC1392C0 		.ascii	"\254\023\222\300\022\244#\037L\233\365rEDQ\233-!\262"
 224      12A4231F 
 224      4C9BF572 
 224      4544519B 
 224      2D21B2
 225 0166 16CFE54F 		.ascii	"\026\317\345O\011\034\225H\306\212O\035b\276\\v8^\254"
 225      091C9548 
 225      C68A4F1D 
 225      62BE5C76 
 225      385EAC
 226 0179 94F434FA 		.ascii	"\224\3644\372\303dRz\273\305\365\024\015\276@m\211\217"
 226      C364527A 
 226      BBC5F514 
 226      0DBE406D 
 226      898F
 227 018b CFE32FE6 		.ascii	"\317\343/\346]FN\030\330bq\007l\244\321'\335\303}\030"
 227      5D464E18 
 227      D8627107 
 227      6CA4D127 
 227      DDC37D18 
 228 019f 7FC21C12 		.ascii	"\177\302\034\022\026]+,7\205~\232d\263#-\362\350\335"
 228      165D2B2C 
 228      37857E9A 
 228      64B3232D 
 228      F2E8DD
 229 01b2 F7994F09 		.ascii	"\367\231O\011\227(\260\305\342N<\240\273Q\254\321\243"
 229      9728B0C5 
 229      E24E3CA0 
 229      BB51ACD1 
 229      A3
 230 01c3 83C33150 		.ascii	"\203\3031P\366e\252|\015\202\361\220\370\304\236@Ht"
 230      F665AA7C 
 230      0D82F190 
 230      F8C49E40 
 230      4874
 231 01d5 9DFAF872 		.ascii	"\235\372\370r\321Q\353\372?\332TQ\222m\212\311\341\021"
ARM GAS  /tmp/cc0Vg6jr.s 			page 18


 231      D151EBFA 
 231      3FDA5451 
 231      926D8AC9 
 231      E111
 232 01e7 8C14F92A 		.ascii	"\214\024\371*i\257\352\241ix,i\212\240=\0214\275J{]"
 232      69AFEAA1 
 232      69782C69 
 232      8AA03D11 
 232      34BD4A7B 
 233 01fc 1F6D52D2 		.ascii	"\037mR\322\244\275eAs\012\332\312\207\371\372hS\222"
 233      A4BD6541 
 233      730ADACA 
 233      87F9FA68 
 233      5392
 234 020e A60A5AE5 		.ascii	"\246\012Z\345oC40L\223\3523\"\351\215\363\220wI\254"
 234      6F433430 
 234      4C93EA33 
 234      22E98DF3 
 234      907749AC 
 235 0222 04CD85EE 		.ascii	"\004\315\205\356\005\375\316n\217\3078\320\341\367\372"
 235      05FDCE6E 
 235      8FC738D0 
 235      E1F7FA
 236 0231 0F1F31BA 		.ascii	"\017\0371\272\202FG[\247\321\351\367\032\301\343\335"
 236      8246475B 
 236      A7D1E9F7 
 236      1AC1E3DD 
 237 0241 BEB640D0 		.ascii	"\276\266@\320\010\370\002\265\320s\224\361@\360\230"
 237      08F802B5 
 237      D07394F1 
 237      40F098
 238 0250 EE3DD1DE 		.ascii	"\356=\321\336\356\353V\203\376\223>\356\353\012\376"
 238      EEEB5683 
 238      FE933EEE 
 238      EB0AFE
 239 025f 027EEE47 		.ascii	"\002~\356G("
 239      28
 240              		.text
 241              		.section	.gnu.lto_vmt.e3d35e5eb024160c,"",%progbits
 242 0000 789C6363 		.ascii	"x\234cc``\330\000\304\272\014\0200\205\231q\347\316"
 242      6060D800 
 242      C4BA0C10 
 242      30859971 
 242      E7CE
 243 0012 37B7D9EB 		.ascii	"7\267\331\353\3776t44<\350^\317<\233y\0163\3034f\014"
 243      FF367434 
 243      343CE85E 
 243      CF3C9B79 
 243      0E33C334 
 244 0028 B905DB78 		.ascii	"\271\005\333x\34603Ncf\304\220\370\006\324\3014\215"
 244      E630334E 
 244      6366C490 
 244      F806D4C1 
 244      348D
 245 003a 99094362 		.ascii	"\231\011Cb\023P\202y\03233Xb\375\233\235?y\273\201\""
 245      13508279 
 245      1A333358 
ARM GAS  /tmp/cc0Vg6jr.s 			page 19


 245      62FD9B9D 
 245      3F79BB81 
 246 004f 2C8C20EE 		.ascii	",\214 \356\331\373s\2370Ylk\350X\320\0200\207\231u*"
 246      D9FB739F 
 246      30596C6B 
 246      E858D010 
 246      30879975 
 247 0064 3303E376 		.ascii	"3\003\343vF\231\251\314\214\214\333\030\353\247231n"
 247      4699A9CC 
 247      8C8CDB18 
 247      EBA73233 
 247      316E
 248 0076 0551CC8C 		.ascii	"\005Q\314\214[@\024\013\343f\306z\006\306\035\214\026"
 248      5B40140B 
 248      E366C67A 
 248      06C61D8C 
 248      16
 249 0087 0CDA7A7A 		.ascii	"\014\332zz\372\316\031\231I\231\376\301\372\371\305"
 249      FACE1999 
 249      4999FEC1 
 249      FAF9C5
 250 0096 FA198939 		.ascii	"\372\031\2119\3729\231I\372\305%E\251\211\271\305\372"
 250      FA399949 
 250      FAC52545 
 250      A989B9C5 
 250      FA
 251 00a7 B9A9B950 		.ascii	"\271\251\271P\246^2\003\000\250\015P\035"
 251      A65E3203 
 251      00A80D50 
 251      1D
 252              		.text
 253              		.section	.gnu.lto_.symbol_nodes.e3d35e5eb024160c,"",%progbits
 254 0000 789C5DC9 		.ascii	"x\234]\311\315\015\3020\020D\341\347Y\3546\220R\011"
 254      CD0DC230 
 254      1044E1E7 
 254      59EC3690 
 254      5209
 255 0012 54B67BE2 		.ascii	"T\266{\342\210RB\312 \346Oi UpL\021XD\\|\030=\351\233"
 255      885242CA 
 255      20E64F69 
 255      2055704C 
 255      1158445C 
 256 002b 025CDBD0 		.ascii	"\002\\\333\320]\016\343\012-\267i\211\322\354!O\275"
 256      5D0EE30A 
 256      2DB76989 
 256      D2EC214F 
 256      BD
 257 003c 55B97A9B 		.ascii	"U\271z\233\345\326\333K~\370[\2153\344\247\210\001,"
 257      E5D6DB4B 
 257      7EF85B8D 
 257      33E4A788 
 257      012C
 258 004e BDE5F977 		.ascii	"\275\345\371wA\304\251\211\012\237\313v4\333\313\027"
 258      41C4A989 
 258      0A9FCB76 
 258      34DBCB17 
 259 005e 2CA2266C 		.ascii	",\242&l"
ARM GAS  /tmp/cc0Vg6jr.s 			page 20


 260              		.text
 261              		.section	.gnu.lto_.refs.e3d35e5eb024160c,"",%progbits
 262 0000 789C6363 		.ascii	"x\234cc``\020\000bF\026&VF\026V&f&&&\006&F\006\000\003"
 262      60601000 
 262      62461626 
 262      56461656 
 262      26662626 
 263 001b 51003B   		.ascii	"Q\000;"
 264              		.text
 265              		.section	.gnu.lto_.decls.e3d35e5eb024160c,"",%progbits
 266 0000 789C8D57 		.ascii	"x\234\215W]PTG\026\276}\37323\014\003c\324JL-Uk\014"
 266      5D505447 
 266      16BE7DFB 
 266      32330C03 
 266      63D44A4C 
 267 0018 A922D90A 		.ascii	"\251\"\331\012#\272\225\244\266\366e\313\207\354>\270"
 267      23BA95A4 
 267      B6F665CB 
 267      87EC3EB8 
 268 0028 A95AB3A9 		.ascii	"\251Z\263\251\362aw\204q\220I1\003\305\\6a\237\256\374"
 268      F2617784 
 268      71904931 
 268      03C55C36 
 268      619FAEFC 
 269 003c 288CA220 		.ascii	"(\214\242 \212\240\240\004Q\376Dq\001\377@DQ0\376\000"
 269      8AA0A004 
 269      51FE4471 
 269      01FF4044 
 269      5130FE00 
 270 0050 0E113482 		.ascii	"\016\0214\202\030\304 n\026D\005\026Q\331\323\335\367"
 270      18C4206E 
 270      16440516 
 270      51D9D3DD 
 270      F7
 271 0061 CE5CC619 		.ascii	"\316\\\306\031\327[\236\271\364\351s\276s\316\327\247"
 271      D75B9EB9 
 271      F4E973BE 
 271      73CED7A7 
 272 0071 BBAF1A8E 		.ascii	"\273\257\032\216\343\316\0319\356K\236\343$\2209x\264"
 272      E3CE1939 
 272      EE4B9EE3 
 272      24903978 
 272      B4
 273 0082 4407A201 		.ascii	"D\007\242\0011\2034\203\234\005i\003i\007\321\"\216"
 273      31833483 
 273      9C056903 
 273      6907D122 
 273      8E
 274 0093 3E643E04 		.ascii	">d>\004\376\016\0051\202\274\005\262\004$\022\204\230"
 274      FE0E0531 
 274      82BC05B2 
 274      04241284 
 274      98
 275 00a4 7C28DB29 		.ascii	"|(\333)\317;\200\257\207\367B\220\305 \375*|\202\271"
 275      CF3B80AF 
 275      87F74290 
 275      C520FD2A 
ARM GAS  /tmp/cc0Vg6jr.s 			page 21


 275      7C82B9
 276 00b7 568EA341 		.ascii	"V\216\243A,\026\006y\011\202`\214e\314\020\037L\362"
 276      2C160679 
 276      0982608C 
 276      65CC101F 
 276      4CF2
 277 00c9 FC2A002E 		.ascii	"\374*\000.\301$\330\376p\011\346\034\347\305\015\365"
 277      C124D8FE 
 277      7009E61C 
 277      E7C50DF5 
 278 00d9 83FB6B1F 		.ascii	"\203\373k\037\3346\031\367\254*_\202\371\021\310r\364"
 278      DC3619F7 
 278      AC2A5F82 
 278      F911C872 
 278      F4
 279 00ea 2A2EB853 		.ascii	"*.\270S^\"\375`\277\017\223!~\260\333\271W\271P\343"
 279      5E22FD60 
 279      BF0F9321 
 279      7EB0DBB9 
 279      57B950E3 
 280 00fe ABF920F8 		.ascii	"\253\371 \370o\005\300\217\206\311`x\257S\305 \270\312"
 280      6F05C08F 
 280      86C96078 
 280      AF53C520 
 280      B8CA
 281 0110 3A12DC59 		.ascii	":\022\334Yx?\003\011\002y!\347\254\340\223\032\010\354"
 281      783F0309 
 281      027921E7 
 281      ACE0931A 
 281      08EC
 282 0122 92006BB9 		.ascii	"\222\000k\271\206g\353\377\030\344\016\3100\310C\231"
 282      8667EBFF 
 282      18E40EC8 
 282      30C84399 
 283 0132 6B05730A 		.ascii	"k\005s\012d\022d\006\344\011\3104\210 s\035\242\352"
 283      64126406 
 283      E409C834 
 283      8820731D 
 283      A2EA
 284 0144 19DF6727 		.ascii	"\031\337g'FG3\207\253t[0\012\327\2439D\306\277\234\232"
 284      46473387 
 284      AB745B30 
 284      0AD7A339 
 284      44C6BF9C 
 285 0159 09656332 		.ascii	"\011ec2=\273\371\273\263\006\314\323\2773\262/^7F\035"
 285      3DBBF9BB 
 285      B306CCD3 
 285      BF33B22F 
 285      5E37461D 
 286 016d 96D8A3FB 		.ascii	"\226\330\243\373\033\207\032\021Vp\032Z\237\324\012"
 286      1B871A11 
 286      56701A5A 
 286      9FD40A
 287 017c F81362C8 		.ascii	"\370\023b\310\037\253\035\376\032E\352\017\021\263\326"
 287      1FAB1DFE 
 287      1A45EA0F 
 287      11B3D6
ARM GAS  /tmp/cc0Vg6jr.s 			page 22


 288 018b 8EC2A8CC 		.ascii	"\216\302\250\314\315\222\304\243SH\217N \214\216\243"
 288      CD92C4A3 
 288      53488F4E 
 288      208C8EA3 
 289 019b 28527238 		.ascii	"(Rr8Y\360,IJ\223\244\003\022^\302\241\225\341hy8\207"
 289      59F02C49 
 289      4A93A403 
 289      125EC2A1 
 289      95E16879 
 290 01b1 4EA24812 		.ascii	"N\242H\022\234X\241\006\024\216\352Q8\301\257\332_y"
 290      9C58A106 
 290      148EEA51 
 290      38C1AFDA 
 290      5F79
 291 01c3 2114A750 		.ascii	"!\024\247P\374;\265\343\235\330\023`|\377\262\372L\022"
 291      FC3BB5E3 
 291      9DD81360 
 291      7CFFB2FA 
 291      4C12
 292 01d5 A019029C 		.ascii	"\240\031\002\234\366\006\200x\376#4\371\211@\234!\312"
 292      F6068078 
 292      FE2334F9 
 292      89409C21 
 292      CA
 293 01e6 F58CBA62 		.ascii	"\365\214\272b\014\325/\324#\001\206\023\327\366\334"
 293      0CD52FD4 
 293      23018613 
 293      D7F6DC
 294 01f5 0B83E162 		.ascii	"\013\203\341b=Z\012\303\352\206\303\207\214\006\027"
 294      3D5A0AC3 
 294      EA86C387 
 294      8C0617
 295 0204 412C4D97 		.ascii	"A,M\227\202\377H#\266\000\302\031@\340\320Yd d\2207"
 295      82FF4823 
 295      B600C219 
 295      40E0D059 
 295      64206490 
 296 0219 180F5CAA 		.ascii	"\030\017\\\252\252!Pk\201Xx\214*n\3272n\313g\306O\030"
 296      AA21506B 
 296      8158788C 
 296      2A6ED732 
 296      6ECB67C6 
 297 022f 7005A235 		.ascii	"p\005\2425]\353\236>\255C\372\310,\017:\347\201F\027"
 297      5DEB9E3E 
 297      AD43FAC8 
 297      2C0F3AE7 
 297      814617
 298 0242 20E3B572 		.ascii	" \343\265r\306\347@\331\012JV\374t\355\262\246;\222"
 298      C6E740D9 
 298      0A4A56FC 
 298      74EDB2A6 
 298      3B92
 299 0254 B414B541 		.ascii	"\264\024\265A*\347\275\305\257%\265\023%\304\231\031"
 299      2AE7BDC5 
 299      AF25B513 
 299      25C49919 
 300 0264 392F097A 		.ascii	"9/\011z\231\210\254\377C\004\330ww\325\216\363\3522"
ARM GAS  /tmp/cc0Vg6jr.s 			page 23


 300      9988ACFF 
 300      4304D877 
 300      77D58EF3 
 300      EA32
 301 0276 2FCE2BB3 		.ascii	"/\316+\263].\263\235\226\351~t\265$\2041\266\000\206"
 301      5D2EB39D 
 301      96E97E74 
 301      B5248431 
 301      B60086
 302 0289 7B9A9E5E 		.ascii	"{\232\236^\016bC\035\014\247+\316_\024\360O\264DT\266"
 302      0E62431D 
 302      0CA72BCE 
 302      5F14F04F 
 302      B44454B6 
 303 029d F1C69550 		.ascii	"\361\306\225P|\237\015*2\232n\005\343\207l\2207W\376"
 303      7C9F0D2A 
 303      329A6E05 
 303      E3876C90 
 303      3757FE
 304 02b0 43309E60 		.ascii	"C0\236`\203\271\361'w\014x\222\015\032\006\335\025!"
 304      83B9F127 
 304      770C7892 
 304      0D1A06DD 
 304      1521
 305 02c2 026C01CA 		.ascii	"\002l\001\312\265C \272\013\256-k\250\312l@\235\210"
 305      B54320BA 
 305      0BAE2D6B 
 305      A8CA6C40 
 305      9D88
 306 02d4 AA2ECE4D 		.ascii	"\252.\316M\267\032YX^\225\324b\226TfN\355n=\0145l)\264"
 306      B71A5958 
 306      5E95D462 
 306      9654664E 
 306      ED6E3D0C 
 307 02ec A01A7EF4 		.ascii	"\240\032~\364\354\270\300T\204\307oAUR\324\177,\014"
 307      ECB8C054 
 307      84C76F41 
 307      5552D47F 
 307      2C0C
 308 02fe CFB0E568 		.ascii	"\317\260\345h\3519\231\021\252\352\341O\212\036\021"
 308      E9399911 
 308      AAEAE14F 
 308      8A1E11
 309 030d 967B2189 		.ascii	"\226{!\211\037\274,k\344\016\223^Y\261\033@\255F\246"
 309      1FBC2C6B 
 309      E40E935E 
 309      59B11B40 
 309      AD46A6
 310 0320 B607946E 		.ascii	"\266\007\224nF\355\343\231G\015\002N\247\373\211\257"
 310      46EDE399 
 310      470D024E 
 310      A7FB89AF 
 311 0330 CF7F5E18 		.ascii	"\317\177^\030\246j\343\025\215\264\215oA\214>o\214^"
 311      A66AE315 
 311      8DB48D6F 
 311      418C3E6F 
 311      8C5E
ARM GAS  /tmp/cc0Vg6jr.s 			page 24


 312 0342 1430C84D 		.ascii	"\0240\310M\377A\372\266\366\334\326\340-,\310\211+\375"
 312      FF41FAB6 
 312      F6DCD6E0 
 312      2D2CC889 
 312      2BFD
 313 0354 B3DEBDD2 		.ascii	"\263\336\275\322u9\242\360\031)\244\037\202\374\350"
 313      7539A2F0 
 313      1929A41F 
 313      82FCE8
 314 0363 0D722B70 		.ascii	"\015r+p\220\333\376\203<\353\035M\323-) \036\271\351"
 314      90DBFE83 
 314      3CEB1D4D 
 314      D32D2920 
 314      1EB9E9
 315 0376 D2029E22 		.ascii	"\322\002\236\"^\207\371n\332$\003h\011\374v!\201\235"
 315      5E87F96E 
 315      DA240368 
 315      09FC7621 
 315      819D
 316 0388 0ED337CF 		.ascii	"\016\3237\317t\317k)\230W\265\324\035\326R`8\266\351"
 316      74CF6B29 
 316      9857B5D4 
 316      1DD65260 
 316      38B6E9
 317 039b F44018BE 		.ascii	"\364@\030\276\312\016\234\342\341\234mAt\245\333<\213"
 317      CA0E9CE2 
 317      E19C6D41 
 317      74A5DB3C 
 317      8B
 318 03ac DFEC3E76 		.ascii	"\337\354>v\237\351`\233\241\273l\371_\264\234;\214\225"
 318      9FE9609B 
 318      A1BB6CF9 
 318      5FB49C3B 
 318      8C95
 319 03be 96F889E9 		.ascii	"\226\370\211\351\306\032\322\262yu\202m\363\022\274"
 319      C61AD2B2 
 319      7975826D 
 319      F312BC
 320 03cd 47131C52 		.ascii	"G\023\034R\022li\254\032D\352\004\357\315Kp\330\223"
 320      126C69AC 
 320      1A44EA04 
 320      EFCD4B70 
 320      D893
 321 03df E08D9153 		.ascii	"\340\215\221SS!\370z\340\004\373\363\207\232X\307\302"
 321      5321F87A 
 321      E004FBF3 
 321      879A58C7 
 321      C2
 322 03f0 06413FB3 		.ascii	"\006A?\263dr\236J]F%\301\021\246\253\032\330\276\315"
 322      64729E4A 
 322      5D4625C1 
 322      11A6AB1A 
 322      D8BECD
 323 0403 1838C151 		.ascii	"\0308\301Q\232\340\003%\301\312\203/j\203\325\011\216"
 323      9AE00325 
 323      C1CA832F 
 323      6A83D509 
ARM GAS  /tmp/cc0Vg6jr.s 			page 25


 323      8E
 324 0414 CE4BF0A1 		.ascii	"\316K\360\241'\301#\356\007\223<\356c\011\272\233k:"
 324      27C123EE 
 324      07933CEE 
 324      6309BA9B 
 324      6B3A
 325 0426 C3F0081B 		.ascii	"\303\360\010\033L</9\021\3146\311bB\332`n\256\226m\222"
 325      4C3C2F39 
 325      11CC36C9 
 325      6242DA60 
 325      6EAE966D 
 326 043b 527AF20F 		.ascii	"Rz\362\017\224e\205\342\247\314\366\310\341\331:\275"
 326      946585E2 
 326      A7CCF6C8 
 326      E1D93ABD 
 327 044b 92302BEC 		.ascii	"\2220+\354\2764T\033\026x\305'h\276\217\224|k\266\327"
 327      BE34541B 
 327      1678C527 
 327      68BE8F94 
 327      7C6BB6D7 
 328 045f BCA34E77 		.ascii	"\274\243Nwb^\272\217\225t\265u=9\215\032\024\261(\""
 328      625EBA8F 
 328      9574B575 
 328      3D398D1A 
 328      14B12822 
 329 0473 222232A2 		.ascii	"\"\"2\242\214\330\267v\014~v\242A\222\2625\244/\320"
 329      8CD8B776 
 329      0C7E76A2 
 329      4192B235 
 329      A42FD0
 330 0486 35E8D2A7 		.ascii	"5\350\322\247h\221\267!/Q\204\026\362\313\345\321l@"
 330      6891B721 
 330      2F518416 
 330      F2CBE5D1 
 330      6C40
 331 0498 202C1A03 		.ascii	" ,\032\003\213\377\020\213_d\027\350Y\364_h\337)\024"
 331      8BFF108B 
 331      5F6417E8 
 331      59F45F68 
 331      DF2914
 332 04ab 81264166 		.ascii	"\201&Af@\236\200L\243\010zm\261p\335\350\322r\302\037"
 332      409E804C 
 332      A3087A6D 
 332      B170DDE8 
 332      D272C21F 
 333 04bf BAEF1BC9 		.ascii	"\272\357\033\311\344\015\2442%\313\364o\277\246\321"
 333      E40DA432 
 333      25CBF46F 
 333      BFA6D1
 334 04ce 3E965025 		.ascii	">\226P%\032\367\265\354@\036S\266'\3076c\270M\211\021"
 334      1AF7B5EC 
 334      401E53B6 
 334      27C73663 
 334      B84D8911 
 335 04e2 276F476F 		.ascii	"'oGonS\237\356\221Z30\351?4\350\237\010\212\004\204"
 335      6E539FEE 
 335      915A3330 
ARM GAS  /tmp/cc0Vg6jr.s 			page 26


 335      E93F34E8 
 335      9F088A04 
 336 04f7 BB76E415 		.ascii	"\273v\344\025\207,\222\011\311\012H\010\027\220\015"
 336      872C9209 
 336      C90A4808 
 336      17900D
 337 0506 C0D831E1 		.ascii	"\300\3301\341\336\036\252^\265g\252x\034\232\3654\331"
 337      DE1EAA5E 
 337      B567AA78 
 337      1C9AF534 
 337      D9
 338 0517 D3FC1F07 		.ascii	"\323\374\037\007\303p9&\275\242\355\036\332\234\212"
 338      C3703926 
 338      BDA2ED1E 
 338      DA9C8A
 339 0526 60FD1679 		.ascii	"`\375\026yV\260\275(\374@\272\004\014\200\007\272\012"
 339      56B0BD28 
 339      FC40BA04 
 339      0C8007BA 
 339      0A
 340 0537 C125FE35 		.ascii	"\301%\3765\\u\026iX\225\204\331\313\276\326\252*}\026"
 340      5C751669 
 340      589584D9 
 340      CBBED6AA 
 340      2A7D16
 341 054a E1B9AFA9 		.ascii	"\341\271\257\251\212Z\277\215\301Qs\322\025i|$z\001"
 341      8A5ABF8D 
 341      C15173D2 
 341      15697C24 
 341      7A01
 342 055c B5A7F311 		.ascii	"\265\247\363\021\350%\2747\302{\356\325\256 Q\276\367"
 342      E825BC37 
 342      C27BEED5 
 342      AE2051BE 
 342      F7
 343 056d 9F106B0B 		.ascii	"\237\020k\013\266\202S\205\0137B$b\366\352\022z\252"
 343      B6825385 
 343      0B374224 
 343      62F6EA12 
 343      7AAA
 344 057f 23E7D515 		.ascii	"#\347\325\025\277\\0,\240uWuo\237\016\327PZ\371#i\256"
 344      BF5C302C 
 344      A0755775 
 344      6F9F0ED7 
 344      505AF923 
 345 0595 5D0614B9 		.ascii	"]\006\024\271\210\305p\277K\232d\023\370f\360\236c\233"
 345      88C570BF 
 345      4B9A6413 
 345      F866F09E 
 345      639B
 346 05a7 040CB409 		.ascii	"\004\014\264\0112\241\3047)\027\302N=<~[\253^\366M\274"
 346      32A1C437 
 346      2917C24E 
 346      3D3C7E5B 
 346      AB5EF64D 
 347 05bc 7AD937F3 		.ascii	"z\3317\363\354\302\2077\030\217\034\350\336\016\275"
 347      ECC28737 
ARM GAS  /tmp/cc0Vg6jr.s 			page 27


 347      188F1CE8 
 347      DE0EBD
 348 05cb 38403EFD 		.ascii	"8@>\375\320\002\012\201\020\373\2057\021\366Y\253<\210"
 348      D0020A81 
 348      10FB8537 
 348      11F659AB 
 348      3C88
 349 05dd E941CB93 		.ascii	"\351A\313\223i\372\215\213\024[\345Q4\034/c\360\012"
 349      69FA8D8B 
 349      145BE551 
 349      341C2F63 
 349      F00A
 350 05ef 2EFD87E4 		.ascii	".\375\207\344\177H\205\312\346Y8\017\014\263g\371pJ"
 350      7F4885CA 
 350      E659380F 
 350      0CB367F9 
 350      704A
 351 0601 38798E57 		.ascii	"8y\216W\342p\363B\303\3307\327\371\263\310\203\305\376"
 351      E270F342 
 351      C3D837D7 
 351      F9B3C883 
 351      C5FE
 352 0613 234018EB 		.ascii	"#@\030\353\231\351w\033\357\302\371\004_Za\\\256\316"
 352      99E9771B 
 352      EFC2F904 
 352      5F5A615C 
 352      AECE
 353 0625 410FCD8E 		.ascii	"A\017\315\2163\305\027\214\370$f\247m\3669\267nY\251"
 353      33C5178C 
 353      F82466A7 
 353      6DF639B7 
 353      6E59A9
 354 0638 D47A17EE 		.ascii	"\324z\027\356\366\361\310\302\346\007\222\244\027\350"
 354      F6F1C8C2 
 354      E60792A4 
 354      17E8
 355 0646 C5E7F2AE 		.ascii	"\305\347\362\256 \374\011\277\331\374]\204\262\370A"
 355      20FC09BF 
 355      D9FC5D84 
 355      B2F841
 356 0655 80DBC22F 		.ascii	"\200\333\302/#\237\332C5\231:<\312\220\212J\017I!2\322"
 356      239FDA43 
 356      35993A3C 
 356      CA908A4A 
 356      0F492132 
 357 066a D0BBD04C 		.ascii	"\320\273\320L\360\035\007\337\011\344D\335\352E\332"
 357      F01D07DF 
 357      09E444DD 
 357      EA45DA
 358 0679 EA8B9443 		.ascii	"\352\213\224C\221\332o\217\314h\360\030Cr\265\270\262"
 358      91DA6F8F 
 358      CC68F018 
 358      4372B5B8 
 358      B2
 359 068a 0419A97D 		.ascii	"\004\031\251}\032{\240\310e\267\315\013\265\315\027"
 359      1A7BA0C8 
 359      65B7CD0B 
ARM GAS  /tmp/cc0Vg6jr.s 			page 28


 359      B5CD17
 360 0699 6A3B85EA 		.ascii	"j;\205\352\251n\216\307\223\014\251\245\261\240R\311"
 360      A96E8EC7 
 360      930CA9A5 
 360      B1A052C9 
 361 06a9 E9F1412C 		.ascii	"\351\361A,\355\004\234\005\364N\312\365\342\344\372"
 361      ED049C05 
 361      F44ECAF5 
 361      E2E4FA
 362 06b8 E2E4519C 		.ascii	"\342\344Q\234}\005;^\206\340\0278\340\025ZW\367}\015"
 362      7D053B5E 
 362      86E01738 
 362      E0155A57 
 362      F77D0D
 363 06cb F2E8F279 		.ascii	"\362\350\362y\252\334ZX\325\251\363\\\374;\231r\243"
 363      AADC5A58 
 363      D5A9F35C 
 363      FC3B9972 
 363      A3
 364 06dc AB208F5D 		.ascii	"\253 \217]\374\320\234h\027S\272J\373\272\347}\232\254"
 364      FCD09C68 
 364      1753BA4A 
 364      FBBAE77D 
 364      9AAC
 365 06ee 7B5B754F 		.ascii	"{[uO\355\346\311=U\300\313\367\324D\345\310E-\024R\012"
 365      EDE6C93D 
 365      55C0CBF7 
 365      D444E5C8 
 365      452D1452 
 366 0703 85BC2C36 		.ascii	"\205\274,6x(\0013\264\303[\312\016\337R\012i){\253\233"
 366      78280133 
 366      B4C35BCA 
 366      0EDF520A 
 366      69297BAB 
 367 0718 EA35D825 		.ascii	"\3525\330%\320R\256\035\035\335\242\301ylP\267\367\347"
 367      D052AE1D 
 367      1DDDA2C1 
 367      796C50B7 
 367      F7E7
 368 072a CB5AC80C 		.ascii	"\313Z\310\014\355!\236T\263\261\265\"\024\027\260\351"
 368      ED219E54 
 368      B3B1B522 
 368      1417B0E9 
 369 073a B283FBDC 		.ascii	"\262\203\373\334\301d\272\030\246\321^\226\270?.\332"
 369      C164BA18 
 369      A6D15E96 
 369      B83F2EDA 
 370 074a 6A675B59 		.ascii	"jg[Y\2051\006\264\217\331\225\234\032.\011V.\347\375"
 370      853106B4 
 370      8FD9959C 
 370      1A2E0956 
 370      2EE7FD
 371 075d 4CD79BBE 		.ascii	"L\327\233\276u*\354\275}\302~IG\243\235)\032\255\027"
 371      752AECBD 
 371      7DC27E49 
 371      47A39D29 
 371      1AAD17
ARM GAS  /tmp/cc0Vg6jr.s 			page 29


 372 0770 A8CD77FC 		.ascii	"\250\315w\374{l\227\017\345\344kq)\213?\261\377\311"
 372      7B6C970F 
 372      E5E46B71 
 372      298B3FB1 
 372      FFC9
 373 0782 210D897F 		.ascii	"!\015\211\177\000j,#d\220S\275\277\2509\010W2\213\232"
 373      006A2C23 
 373      649053BD 
 373      BFA83908 
 373      57328B9A 
 374 0796 DDE5DDB4 		.ascii	"\335\345\335\264\200\203$\303r\026e\323\313\202z\254"
 374      808324C3 
 374      721665D3 
 374      CB827AAC 
 375 07a6 A6161290 		.ascii	"\246\026\022\220\251E\207\300\004UPvK\025v;\253\033"
 375      A94587C0 
 375      04555076 
 375      4B15763B 
 375      AB1B
 376 07b8 29BB77A1 		.ascii	")\273w\241S:\266\275\177\366_\017\244,\227\264\\\312"
 376      533AB6BD 
 376      7FF65F0F 
 376      A42C97B4 
 376      5CCA
 377 07ca C4C41215 		.ascii	"\304\304\022\025)\004"
 377      2904
 378 07d0 A3125E20 		.ascii	"\243\022^ #\266o+)\267y\347\313;\360\007\007\244\356"
 378      23B66F2B 
 378      29B779E7 
 378      CB3BF007 
 378      07A4EE
 379 07e3 56B2817E 		.ascii	"V\262\201~\277g'|\035/\2447\322U\366\341\252:\327\211"
 379      BF67277C 
 379      1D2FA437 
 379      D255F6E1 
 379      AA3AD789 
 380 07f7 E6EF906B 		.ascii	"\346\357\220k\025\377\001xf\217\217\267\351\325\347"
 380      15FF0178 
 380      668F8FB7 
 380      E9D5E7
 381 0806 1989E53D 		.ascii	"\031\211\345=\317\252\345\363\254\232\236g\376H\237"
 381      CFAAE5F3 
 381      AC9A9E67 
 381      FE489F
 382 0815 EA1A5BA8 		.ascii	"\352\032[\250\370\247\201\177\354\333*\367\030\345\022"
 382      F8A7817F 
 382      ECDB2AF7 
 382      18E512
 383 0824 AC6A3953 		.ascii	"\254j9S\315>\352\016C\363\325\360~]\327\251]\201-\326"
 383      CD3EEA0E 
 383      43F3D5F0 
 383      7E5DD7A9 
 383      5D812DD6 
 384 0838 4F607873 		.ascii	"O`xs\366\344$\363>\002\336\265\314{o^~\370\353\350\255"
 384      F6E424F3 
 384      3E02DEB5 
 384      CC7B6F5E 
ARM GAS  /tmp/cc0Vg6jr.s 			page 30


 384      7EF8EBE8 
 385 084d A3F41EA5 		.ascii	"\243\364\036\245\364\322\301GQQ\246U\361\266X\333\027"
 385      F4D2C147 
 385      5151A655 
 385      F1B658DB 
 385      17
 386 085e 6B4C894E 		.ascii	"kL\211NS|L\202)\301\026kr\212\311\326\030\273\323d\267"
 386      537C4C82 
 386      29C1166B 
 386      728AC9D6 
 386      18BBD364 
 387 0873 DAE53FA3 		.ascii	"\332\345?\243,\272\317\377\374\327\245\253\242\243\271"
 387      2CBACFFF 
 387      FCD7A5AB 
 387      A2A3B9
 388 0882 60B339C5 		.ascii	"`\2639\305\346\020?3\213\2775\2458\223M1\311\366\217"
 388      E6103F33 
 388      8BBF35A5 
 388      38934D31 
 388      C9F68F
 389 0895 1D890EEB 		.ascii	"\035\211\016\353\307\326\230X\233\311\346\260$\244\254"
 389      C7D69858 
 389      9BC9E6B0 
 389      24A4AC
 390 08a4 B79AEC31 		.ascii	"\267\232\3541\226x\233\303j2\257\267\306\305\244$\210"
 390      96789BC3 
 390      6A32AFB7 
 390      C6C5A424 
 390      88
 391 08b5 663135C9 		.ascii	"f15\311\352\214\212\347\264\262\363\207\257qv\246:M"
 391      EA8C8AE7 
 391      B4B2F387 
 391      AF7176A6 
 391      3A4D
 392 08c7 66A7B81E 		.ascii	"f\247\270\036,\301C\343\264\375\323j\026WP\007\222\336"
 392      2CC143E3 
 392      B4FDD36A 
 392      16575007 
 392      92DE
 393 08d9 068BC5C7 		.ascii	"\006\213\305\307\361\323\250\225Q\321^wq=D\005OlMt\012"
 393      F1D3A895 
 393      51D15E77 
 393      713D4405 
 393      4F6C4D74 
 394 08ee C45B139B 		.ascii	"\304[\023\233\022\027gM\306\377\260\2138)E\204\022\000"
 394      1217674D 
 394      C6FFB08B 
 394      38294584 
 394      1200
 395 0900 7AE50AB3 		.ascii	"z\345\012\263\250\225\337Av\347\006\263\370\273\371"
 395      A895DF41 
 395      76E706B3 
 395      F8BBF9
 396 090f 745812ED 		.ascii	"tX\022\355\366D\207))1Yt\232\376\360\227\325\253V\177"
 396      F6448729 
 396      29315974 
 396      9AFEF097 
ARM GAS  /tmp/cc0Vg6jr.s 			page 31


 396      D5AB567F 
 397 0923 4B7449B6 		.ascii	"KtI\266\004k\262\323\364\371\252U&K\274R\226\0004\255"
 397      046BB2D3 
 397      F4F9AA55 
 397      264BBC52 
 397      960034AD 
 398 0937 0FFA26D9 		.ascii	"\017\372&\331&Z\2156\207S\214qX\254\346\304\2708\247"
 398      265A8D36 
 398      87538C71 
 398      58ACE6C4 
 398      B838A7
 399 094a 5534ACB6 		.ascii	"U4\254\266\332\327P\032\277Z\375%\336`\025\177\363\306"
 399      DAD7501A 
 399      BF5AFD25 
 399      DE60157F 
 399      F3C6
 400 095c AC43F15E 		.ascii	"\254C\361^\214\304\344T\006#\230\241\2067\007\261p\202"
 400      8CC4E454 
 400      062398A1 
 400      863707B1 
 400      7082
 401 096e 19A26ACC 		.ascii	"\031\242j\314$E\247\326L\223t\032\354\316/b\277\266"
 401      2445A7D6 
 401      4C93741A 
 401      ECCE2F62 
 401      BFB6
 402 0980 5AC43F39 		.ascii	"Z\304?9l\242\006\314-I\251B\2025&N\353H\024\343\223"
 402      6CA206CC 
 402      2D49A942 
 402      8235264E 
 402      EB4814E3 
 403 0995 13BF41D1 		.ascii	"\023\277A\321\3328\307Rg\222\325\002\032\207#%!!\342"
 403      DA38C752 
 403      6792D502 
 403      1A872325 
 403      2121E2
 404 09a8 754B2626 		.ascii	"uK&&\333\034\033 \341\377\001\257nD\005"
 404      DB1C1B20 
 404      E1FF01AF 
 404      6E4405
 405              		.text
 406              		.section	.gnu.lto_.symtab.e3d35e5eb024160c,"",%progbits
 407 0000 6D734F62 		.ascii	"msObjectInit\000"
 407      6A656374 
 407      496E6974 
 407      00
 408 000d 00       		.ascii	"\000"
 409 000e 00       		.ascii	"\000"
 410 000f 00       		.ascii	"\000"
 411 0010 00000000 		.ascii	"\000\000\000\000\000\000\000\000"
 411      00000000 
 412 0018 18010000 		.ascii	"\030\001\000\000"
 413              		.text
 414              		.section	.gnu.lto_.opts,"",%progbits
 415 0000 272D666D 		.ascii	"'-fmath-errno' '-fsigned-zeros' '-ftrapping-math' '"
 415      6174682D 
 415      6572726E 
ARM GAS  /tmp/cc0Vg6jr.s 			page 32


 415      6F272027 
 415      2D667369 
 416 0033 2D666E6F 		.ascii	"-fno-trapv' '-fno-openmp' '-fno-openacc' '-mcpu=cor"
 416      2D747261 
 416      70762720 
 416      272D666E 
 416      6F2D6F70 
 417 0066 7465782D 		.ascii	"tex-m4' '-mfloat-abi=hard' '-mfpu=fpv4-sp-d16' '-mn"
 417      6D342720 
 417      272D6D66 
 417      6C6F6174 
 417      2D616269 
 418 0099 6F2D7468 		.ascii	"o-thumb-interwork' '-mthumb' '-O3' '-fomit-frame-po"
 418      756D622D 
 418      696E7465 
 418      72776F72 
 418      6B272027 
 419 00cc 696E7465 		.ascii	"inter' '-falign-functions=16' '-ffunction-sections'"
 419      72272027 
 419      2D66616C 
 419      69676E2D 
 419      66756E63 
 420 00ff 20272D66 		.ascii	" '-fdata-sections' '-fno-common' '-flto'\000"
 420      64617461 
 420      2D736563 
 420      74696F6E 
 420      73272027 
 421              		.text
 422              		.comm	__gnu_lto_v1,1,1
 423              		.comm	__gnu_lto_slim,1,1
 424              		.ident	"GCC: (GNU Tools for Arm Embedded Processors 7-2018-q3-update) 7.3.1 20180622 (release) [AR
ARM GAS  /tmp/cc0Vg6jr.s 			page 33


DEFINED SYMBOLS
                            *ABS*:0000000000000000 memstreams.c
                            *COM*:0000000000000001 __gnu_lto_v1
                            *COM*:0000000000000001 __gnu_lto_slim

NO UNDEFINED SYMBOLS
