ARM GAS  /tmp/cciNPUQx.s 			page 1


   1              		.cpu cortex-m4
   2              		.eabi_attribute 27, 1
   3              		.eabi_attribute 28, 1
   4              		.eabi_attribute 20, 1
   5              		.eabi_attribute 21, 1
   6              		.eabi_attribute 23, 3
   7              		.eabi_attribute 24, 1
   8              		.eabi_attribute 25, 1
   9              		.eabi_attribute 26, 1
  10              		.eabi_attribute 30, 2
  11              		.eabi_attribute 34, 1
  12              		.eabi_attribute 18, 4
  13              		.file	"nvic.c"
  14              		.section	.gnu.lto_.profile.4aafb825a57002ec,"",%progbits
  15 0000 789C6363 		.ascii	"x\234cc```\001bF\006u)\000\000\340\000M"
  15      60606001 
  15      62460675 
  15      290000E0 
  15      004D
  16              		.text
  17              		.section	.gnu.lto_.icf.4aafb825a57002ec,"",%progbits
  18 0000 789C6363 		.ascii	"x\234cc``P`@\000V\206\015Ww\367q1>:\275l;/\323\346\005"
  18      60605060 
  18      40005686 
  18      0D5777F7 
  18      71313E3A 
  19 001b 3B6E7233 		.ascii	";nr3\317<\262\263\237\213e\343\351\211\217\370\031\000"
  19      CF3CB2B3 
  19      9F8B65E3 
  19      E9898FF8 
  19      1900
  20 002d F8320EC1 		.ascii	"\3702\016\301"
  21              		.text
  22              		.section	.gnu.lto_.jmpfuncs.4aafb825a57002ec,"",%progbits
  23 0000 789C6363 		.ascii	"x\234cc``\310e@\000\026\006&FF\346\3729\314\014 \314"
  23      6060C865 
  23      40001606 
  23      264646E6 
  23      FA39CC0C 
  24 0016 0804209A 		.ascii	"\010\004 \232\011Y\220\211q\0123c\363\257\375\237\371"
  24      09599089 
  24      710A3363 
  24      F3AFFD9F 
  24      F9
  25 0027 EAFF3648 		.ascii	"\352\3776H\314af\\\300\014\324\310\270\231\261\236\201"
  25      CC61665C 
  25      C00CD4C8 
  25      B899B19E 
  25      81
  26 0038 F1000B23 		.ascii	"\361\000\013#\003\020\377\371\377\377??#\023P\335\264"
  26      0310FFF9 
  26      FFFF3F3F 
  26      231350DD 
  26      B4
  27 0049 D643E7D9 		.ascii	"\326C\347\331\273\231\201\252\030\031\030\2670\312\200"
  27      BB9981AA 
  27      181918B7 
ARM GAS  /tmp/cciNPUQx.s 			page 2


  27      30CA80
  28 0058 300BD454 		.ascii	"0\013\324T\006\000\264K\033^"
  28      0600B44B 
  28      1B5E
  29              		.text
  30              		.section	.gnu.lto_.inline.4aafb825a57002ec,"",%progbits
  31 0000 789C458E 		.ascii	"x\234E\216\301\015\3020\014E\377w\254$m\0170\000R3A"
  31      C10DC230 
  31      0C45FF77 
  31      AC246D0F 
  31      30005233 
  32 0015 D7825DB8 		.ascii	"\327\202]\270r\344\320\035zf\005\304(\034\221\270\360"
  32      72E4D01D 
  32      7A6605C4 
  32      281C91B8 
  32      F0
  33 0026 9342B164 		.ascii	"\223B\261d[\226\277\337w\004\260\340\037\016\364\035"
  33      5B96BFDF 
  33      7704B0E0 
  33      1F0EF41D 
  34 0036 8D851A6A 		.ascii	"\215\205\032j\361\370\234\020\347\321`\217\235CS\326"
  34      F1F89C10 
  34      E7D1608F 
  34      9D4353D6 
  35 0046 2683C889 		.ascii	"&\203\310\211l\222\340\363\270J\264\365\0061t=\035\345"
  35      6C92E0F3 
  35      B84AB4F5 
  35      0631743D 
  35      1DE5
  36 0058 74097CBF 		.ascii	"t\011|\277\356\267t\016\327\000\016\\x\020\367\370\355"
  36      EEB7740E 
  36      D7000E5C 
  36      7810F7F8 
  36      ED
  37 0069 3A6E4E2E 		.ascii	":nN.\366J\020j_\235J}\306\006\241\250L\361g\265\011"
  37      F64A106A 
  37      5F9D4A7D 
  37      C606A1A8 
  37      4CF167B5 
  38 007e 372B7C00 		.ascii	"7+|\000d\232\027\014"
  38      649A170C 
  39              		.text
  40              		.section	.gnu.lto_.pureconst.4aafb825a57002ec,"",%progbits
  41 0000 789C6363 		.ascii	"x\234cc``\340\004b\026\006)F)&)\026)\000\002\306\000"
  41      6060E004 
  41      62160629 
  41      46292629 
  41      16290002 
  42 0016 83       		.ascii	"\203"
  43              		.text
  44              		.section	.gnu.lto_nvicEnableVector.4aafb825a57002ec,"",%progbits
  45 0000 789C9D53 		.ascii	"x\234\235S\337K\024Q\024\276\337\234\231\331m[\367="
  45      DF4B1451 
  45      14BEDF9C 
  45      99D96D5B 
  45      F73D
  46 0012 5ACA8740 		.ascii	"Z\312\207@|\310\311\036z\017\241\207@\202\372\013j_"
ARM GAS  /tmp/cciNPUQx.s 			page 3


  46      7CC8C91E 
  46      7A0FA187 
  46      4082FA0B 
  46      6A5F
  47 0024 5CC85DD1 		.ascii	"\\\310]\321\220\336\274\273k\273Z\373 \270*,S\254\244"
  47      90DEBCBB 
  47      6BBB5AFB 
  47      20B82A2C 
  47      53ACA4
  48 0037 25846DCB 		.ascii	"%\204m\313j\245YM\233\246\022\025\211\364^J\202\221"
  48      6AA5594D 
  48      9BA61215 
  48      89F45E4A 
  48      8291
  49 0049 D83E15A8 		.ascii	"\330>\025\250u\356\314BA\365P\027\356\235\363\343;\347"
  49      75EECC42 
  49      41F55017 
  49      EE9DF3E3 
  49      3BE7
  50 005b 7CDFDC19 		.ascii	"|\337\334\031S\010q\232\2048\301\317\203\274A\002\332"
  50      5308719A 
  50      8438C1CF 
  50      83BC4102 
  50      DA
  51 006c C06B2112 		.ascii	"\300k!\022~\015P\206\364C\364h\350A\226r\204J\346\343"
  51      7E0D5086 
  51      F443F468 
  51      E8419672 
  51      844AE6E3 
  52 0080 8CD6785B 		.ascii	"\214\326x[\362rF\252\007\344\204\003\233\313\207y\253"
  52      F27246AA 
  52      07E48403 
  52      9BCB8779 
  52      AB
  53 0091 85321A19 		.ascii	"\2052\032\031\365\266\367\236M\327\310&@g\367\313\253"
  53      F5B6F79E 
  53      4DD7C826 
  53      4067F7CB 
  53      AB
  54 00a2 FC5A48B9 		.ascii	"\374ZH\271\032\352\331\335\225\271\341\020\035\203`"
  54      1AEAD9DD 
  54      95B9E110 
  54      1D8360
  55 00b1 7BFDE5CD 		.ascii	"{\375\345\315\001_\303\270\224I\351\314\217\221<b\023"
  55      015FC3B8 
  55      9449E9CC 
  55      8F913C62 
  55      13
  56 00c2 E13E881B 		.ascii	"\341>\210\033b\032aL!,8$\360\000\015\014\277\223\334"
  56      621A614C 
  56      212C3824 
  56      F0000D0C 
  56      BF93DC
  57 00d5 F84C74DC 		.ascii	"\370Lt\334-\375\260\364>g\324J\327\307k\245\017\377"
  57      2DFDB0F4 
  57      3E67D44A 
  57      D7C76BA5 
ARM GAS  /tmp/cciNPUQx.s 			page 4


  57      0FFF
  58 00e7 503A8306 		.ascii	"P:\203\006\027_\332\033\2523u\217+fa\012\260Q\\1\034"
  58      175FDA1B 
  58      AA33758F 
  58      2B66610A 
  58      B0515C31 
  59 00fc B9F73D23 		.ascii	"\271\367=#\235\325[\0309\025\004\327\350\232:\210\017"
  59      9DD55B18 
  59      391504D7 
  59      E89A3A88 
  59      0F
  60 010d 435787C1 		.ascii	"CW\207\301\207iB5\362C1\021\242\217\233\360\333\221"
  60      87694235 
  60      F2433111 
  60      A28F9BF0 
  60      DB91
  61 011f 8EE8274D 		.ascii	"\216\350'MY)Gl\"Y\315\354\026\003\252w\236\220'\223"
  61      5929476C 
  61      2259CDEC 
  61      1603AA77 
  61      9E902793 
  62 0133 43A9ED34 		.ascii	"C\251\3554\274\200\306\261_\337\215\011\035\217\230"
  62      BC80C6B1 
  62      5FDF8D09 
  62      1D8F98
  63 0142 E3262AAB 		.ascii	"\343&*\253W\277\221\002qz\370J\345\215O\245}\256\310"
  63      57BF9102 
  63      717AF84A 
  63      E58D4FA5 
  63      7DAEC8
  64 0155 A9D1ADAF 		.ascii	"\251\321\255\257A\317\225\225\224\014q\250\374ip\315"
  64      41CF9595 
  64      940C71A8 
  64      FC6970CD 
  65 0165 57C08D04 		.ascii	"W\300\215\004\337A\341\220M~<f\265s\334I\025,d\023\243"
  65      DF41E190 
  65      4D7E3C66 
  65      B573DC49 
  65      152C6413 
  66 017a 016B52F6 		.ascii	"\001kR\366&d\275M\373\360\004\005\014\271\267\303\311"
  66      2664BD4D 
  66      FBF00405 
  66      0CB9B7C3 
  66      C9
  67 018b 772BD3E5 		.ascii	"w+\323\345PsQ%\0131\233\002x\012+O~\367\346\03443G\305"
  67      50735125 
  67      0B319B02 
  67      780A2B4F 
  67      7EF7E61C 
  68 01a3 78277DBD 		.ascii	"x'}\2754\241y\244\211\323\\88vw\246N\3210p\030\317\\"
  68      34A179A4 
  68      89D35C38 
  68      387677A6 
  68      4ED13070 
  69 01ba D2A96ABA 		.ascii	"\322\251j\272\337\360@\272\007Z\036\233\335\011z\312"
  69      DFF040BA 
  69      075A1E9B 
ARM GAS  /tmp/cciNPUQx.s 			page 5


  69      DD097ACA 
  70 01ca 0C543CD0 		.ascii	"\014T<\320vz\331\347\201\014\245f~1\355\367\020\300"
  70      767AD9E7 
  70      810CA566 
  70      7E31EDF7 
  70      10C0
  71 01dc 7384B97F 		.ascii	"s\204\271\177M\276Q\223\377/\342\366c\336\025\207\337"
  71      4DBE5193 
  71      FF2FE2F6 
  71      63DE1587 
  71      DF
  72 01ed C575DB14 		.ascii	"\305u\333\024\304\202\022\247\273\342^(q\2067k\2624"
  72      C48212A7 
  72      BBE25E28 
  72      7186376B 
  72      B234
  73 01ff 87FF9AB6 		.ascii	"\207\377\232\266\350N\323\3762m\351\347\264eo\332\026"
  73      E84ED3FE 
  73      326DE9E7 
  73      B4656FDA 
  73      16
  74 0210 928562D6 		.ascii	"\222\205b\326\235\345\376\034}\314\224\277\024np\264"
  74      9DE5FE1C 
  74      7DCC94BF 
  74      146E70B4 
  75 0220 A9C96A69 		.ascii	"\251\311ji\213^\210\2369g\305\273\254\266\363\027\255"
  75      8B5E889E 
  75      3967C5BB 
  75      ACB6F317 
  75      AD
  76 0231 8E78E7A5 		.ascii	"\216x\347\245.+\022oo\217\307\254\223g[[Z/[\261\356"
  76      2E2B126F 
  76      6F8FC7AC 
  76      93675B5B 
  76      5A2F5BB1 
  77 0246 68A42922 		.ascii	"h\244)\"\020\323;:\243\361\037c\213\033\303"
  77      10D33B3A 
  77      A3F11F63 
  77      8B1BC3
  78              		.text
  79              		.section	.gnu.lto_nvicDisableVector.4aafb825a57002ec,"",%progbits
  80 0000 789C9551 		.ascii	"x\234\225QMkSQ\020\235\363\346}\304~d-\030\264\013\241"
  80      4D6B5351 
  80      109DF3E6 
  80      7DC47E64 
  80      2D18B40B 
  81 0015 74619EF9 		.ascii	"ta\236\371\011RpW\004\375\005\232M\2036\021+\305]o\232"
  81      09527057 
  81      04FD059A 
  81      4D833611 
  81      2BC55D6F 
  82 002a F6B5D50A 		.ascii	"\366\265\325\012\205\266\021\302CR\214X\020\255\222"
  82      85B611C2 
  82      43528C58 
  82      10AD92
  83 0039 544DFD7A 		.ascii	"TM\375z>+R\264\212E\375\001\246\210(\024\025\027\012"
  83      3E2B52B4 
ARM GAS  /tmp/cciNPUQx.s 			page 6


  83      8A45FD01 
  83      A6882814 
  83      15170A
  84 004c B53AF73D 		.ascii	"\265:\367=\027\202+\007\356\2753\367\236\231s\356\214"
  84      17822B07 
  84      EEBD33F7 
  84      9E9973EE 
  84      8C
  85 005d 4D44C70D 		.ascii	"MD\307\015\242\214\234\273d\201\011\306\364\013\242"
  85      A28C9CBB 
  85      648109C6 
  85      F40BA2
  86 006c 62C200B4 		.ascii	"b\302\000\264\243\022\240a\003\303\230\342YF8\376\276"
  86      A312A061 
  86      03C398E2 
  86      594638FE 
  86      BE
  87 007d 69F45C51 		.ascii	"i\364\\Qb\301\205\206\355\251\261\235>\023\225eiC\035"
  87      62C18586 
  87      EDA9B19D 
  87      3E139565 
  87      69431D
  88 0090 3D827A35 		.ascii	"=\202z5z\303\347s\3543`J\370e\255\322J\352\320@\227"
  88      7AC3E773 
  88      EC33604A 
  88      F865ADD2 
  88      4AEAD040 
  89 00a5 843FD56C 		.ascii	"\204?\325l9\311\373A\342o<\2734\355t_VjD\005\317k\254"
  89      39C9FB41 
  89      E26F3CBB 
  89      34ED745F 
  89      566A4405 
  90 00bc F6FACCB8 		.ascii	"\366\372\314\270\005\226\202XB\012\015\244H\256\010"
  90      05968258 
  90      420A0DA4 
  90      48AE08
  91 00cb B7D1ADF1 		.ascii	"\267\321\255\361\357nn\317u\332fL\210;\260\011\342,"
  91      EF6E6ECF 
  91      75DA664C 
  91      883BB009 
  91      E22C
  92 00dd AE5B81DA 		.ascii	"\256[\201\332\3765\256\202\215\032\336\034\024\305>"
  92      FE35AE82 
  92      8D1ADE1C 
  92      14C53E
  93 00ec 9B86DE58 		.ascii	"\233\206\336X6\313D\224N\023\222$_R\001M\262\241\275"
  93      36CB4494 
  93      4E139224 
  93      5F52014D 
  93      B2A1BD
  94 00ff 52401F51 		.ascii	"R@\037Q\332\362\326\352\013\206.VaTX+\236\251]ovj\305"
  94      DAF2D6EA 
  94      0B862E56 
  94      6154582B 
  94      9EA95D6F 
  95 0116 26F6A029 		.ascii	"&\366\240)\032\004\366\325\233\264b\220\021\203Vk\313"
  95      1A04F6D5 
ARM GAS  /tmp/cciNPUQx.s 			page 7


  95      9BB46290 
  95      1183566B 
  95      CB
  96 0127 5B1D1A64 		.ascii	"[\035\032d\301\302r\014\372\354\255:1Hw\253\261\362"
  96      C1C2720C 
  96      FAECAD3A 
  96      314877AB 
  96      B1F2
  97 0139 D44BC408 		.ascii	"\324K\304\010\340.RR_@\341\353\263?\242J\202(\217\205"
  97      E02E5252 
  97      5F40E1EB 
  97      B33FA24A 
  97      82288F85 
  98 014d 2F1D8DB0 		.ascii	"/\035\215\260\243v4\3467\277w\304\241\012K*)W\365O3"
  98      A37634E6 
  98      37BF77C4 
  98      A10A4B2A 
  98      2957F54F 
  99 0162 2DA78A8B 		.ascii	"-\247\212\213Eiyu\267\317\016\356K_\356\011\235Nx2U"
  99      45697975 
  99      B7CF0EEE 
  99      4B5FEE09 
  99      9D4E7832 
 100 0177 9C6F73AF 		.ascii	"\234os\257\251\321\242\352\3629\201\007\250b.\032\206"
 100      A9D1A2EA 
 100      F2398107 
 100      A8622E1A 
 100      86
 101 0188 3CBE5D5F 		.ascii	"<\276]_\252'3\213\372\261:\344\363\016<\204+\352\243"
 101      AA27338B 
 101      FAB13AE4 
 101      F30E3C84 
 101      2BEAA3
 102 019b 4105C888 		.ascii	"A\005\310\210F\255\346\333\207\205\226\363G\316\377"
 102      46ADE6DB 
 102      878596F3 
 102      47CEFF
 103 01aa 90B5E151 		.ascii	"\220\265\341QD\206\177\311\362>\267#\324dfD\366\030"
 103      44867FC9 
 103      F23EB723 
 103      D4646644 
 103      F618
 104 01bc 99BFFFDA 		.ascii	"\231\277\377\332\016\302\212\324\334\304H\365\352yD"
 104      0EC28AD4 
 104      DCC448F5 
 104      EA7944
 105 01cb 63D43621 		.ascii	"c\3246!\265d*\"p_:\355\366\366\347\216\345\016\035q"
 105      B5642A22 
 105      705F3AED 
 105      F6F6E78E 
 105      E50E1D71 
 106 01df 0B836EFF 		.ascii	"\013\203n\377\321\023\356\311\302\251\323\203n\2660"
 106      D113EEC9 
 106      C2A9D383 
 106      6EB630
 107 01ee 3050C8BB 		.ascii	"0P\310\273\007\016\367\365\366\235q\363C\271l:K\310"
 107      070EF7F5 
ARM GAS  /tmp/cciNPUQx.s 			page 8


 107      F69D71F3 
 107      43B96C3A 
 107      4BC8
 108 0200 FF06F1CF 		.ascii	"\377\006\361\317\325\271"
 108      D5B9
 109              		.text
 110              		.section	.gnu.lto_nvicSetSystemHandlerPriority.4aafb825a57002ec,"",%progbits
 111 0000 789C6D52 		.ascii	"x\234mR\317KTQ\024\276\337;\357\275\031\035\265\226"
 111      CF4B5451 
 111      14BEDF3B 
 111      EFBD191D 
 111      B596
 112 0012 12B37011 		.ascii	"\022\263p\021\210\213|\011-Z\264\0117m$\250\277\300"
 112      888B7C09 
 112      2D5AB409 
 112      376D24A8 
 112      BFC0
 113 0024 2C704067 		.ascii	",p@gD#\332\315\235\037\376,\"j\034ez\304,\022\223\010"
 113      4423DACD 
 113      9D1FFE2C 
 113      226A1C65 
 113      7AC42C12 
 114 003a 8BC96A72 		.ascii	"\213\311jr\324\327X\321Fs$\242l\325/\203A\243r\026V"
 114      D4D758D1 
 114      467324A2 
 114      6CD52F83 
 114      41A37216 
 115 004f 649DFB66 		.ascii	"d\235\373f\002\027]x\357\336\363\335\357\234\363\235"
 115      02175D78 
 115      EFDEF3DD 
 115      EF9CF39D 
 116 005f 738F2984 		.ascii	"s\217)\204\230\321\2048\302\373!\376`\010h\227\227\205"
 116      98D18438 
 116      C2FB21FE 
 116      60086897 
 116      9785
 117 0071 8878358D 		.ascii	"\210x5\215V\374BV\353N\213\2205\004\275\014\353\200"
 117      56FC4256 
 117      EB4E8B90 
 117      3504BD0C 
 117      EB80
 118 0083 3A482F44 		.ascii	":H/DX#\035a\\\244\004!?\270\236\325\232&%/g\254d\016"
 118      58231D61 
 118      5CA40421 
 118      3FB89ED5 
 118      9A26252F 
 119 009b C8FE7A9B 		.ascii	"\310\376z\233\204H\362\247\0262hbV!~\307\246\013d\023"
 119      8448F2A7 
 119      16326862 
 119      56217EC7 
 119      A60B6413 
 120 00af A0B3F96D 		.ascii	"\240\263\371m)\365\241N\231\032\032\330\214]\235\317"
 120      29F5A14E 
 120      991A1AD8 
 120      8C5D9DCF 
 121 00bf 79E92004 		.ascii	"y\351 \004\237W3\343\307\032'\244\214J\347\343\004\311"
 121      9F5733E3 
ARM GAS  /tmp/cciNPUQx.s 			page 9


 121      C71A27A4 
 121      8C4AE7E3 
 121      04C9
 122 00d1 FD3611EE 		.ascii	"\3756\021\356\2038\036f\340\307=\370\005C\002\017\320"
 122      83381E66 
 122      E0C73DF8 
 122      0543020F 
 122      D0
 123 00e2 C8EC5BD1 		.ascii	"\310\354[\321\317\233D\207]\317\367\317\337%\214\212"
 123      CF9B4487 
 123      5DCFF7CF 
 123      DF258C8A 
 124 00f2 6B69B2E2 		.ascii	"ki\262\342\372\360?\256Y4\272\374\273;\243\265\246\236"
 124      FAF03FAE 
 124      5934BAFC 
 124      BB3BA3B5 
 124      A69E
 125 0104 FEA7168F 		.ascii	"\376\247\026\217`\012\360\316\310\364\252\341\310\235"
 125      600AF0CE 
 125      C8F4AAE1 
 125      C89D
 126 0112 3F832CA2 		.ascii	"?\203,\242~m\313[\005\366\3245\365\3436pj\017\334(b"
 126      7E6DCB5B 
 126      05F6D435 
 126      F5E33670 
 126      6A0FDC28 
 127 0127 881DB92B 		.ascii	"\210\035\271+\322\021\303\244\251S\314\021\237\020\177"
 127      D211C3A4 
 127      A953CC11 
 127      9F107F
 128 0136 BDB87ECD 		.ascii	"\275\270~\315T\361R\244\312\375\265\275<\347Q\345\022"
 128      54F152A4 
 128      CAFDB5BD 
 128      3CE751E5 
 128      12
 129 0147 7C986519 		.ascii	"|\230e\031j\015\263\224\025?\3637\020ops33\233\335x"
 129      6A0DB394 
 129      153FF337 
 129      106F7073 
 129      33339BDD 
 130 015c EB09FF96 		.ascii	"\353\011\377\226^\233\214$)19\204\325E\262?\377\302"
 130      5E9B8C24 
 130      29313984 
 130      D545B23F 
 130      FFC2
 131 016e 0D61BAB5 		.ascii	"\015a\272\265\306~.l\3251\217{m\252\002\024\366\243"
 131      C67E2E6C 
 131      D5318F7B 
 131      6DAA0214 
 131      F6A3
 132 0180 B039E44B 		.ascii	"\2609\344K\343zd\257M\036\314\363\003\315\251T\212}"
 132      E37A64AF 
 132      4D1ECCF3 
 132      03CDA954 
 132      8A7D
 133 0192 23D30F66 		.ascii	"#\323\017f\217K\331\240\", \215r\265\016\3026y]5zE~"
 133      8F4BD9A0 
ARM GAS  /tmp/cciNPUQx.s 			page 10


 133      222C208D 
 133      72B50EC2 
 133      36795D35 
 134 01a9 11D1EF83 		.ascii	"\021\321\357\203K\331\034\312\372\221\"\017c\261\257"
 134      4BD91CCA 
 134      FA91220F 
 134      63B1AF
 135 01b8 03154063 		.ascii	"\003\025@cl\367\213VA\307cNTD\376\345\310\033C\221v"
 135      6CF78B56 
 135      41C7634E 
 135      5444FEE5 
 135      C81B4391 
 136 01cd EBAD76F5 		.ascii	"\353\255v\365F\262\271\204Q6\345ZL\3261T,\224V\014%"
 136      46B2B984 
 136      5136E55A 
 136      4CD63154 
 136      2C94560C 
 137 01e2 972727BD 		.ascii	"\227''\275\317&\037\026\371\221\362\025\311WF\246\246"
 137      CF261F16 
 137      F991F215 
 137      C95746A6 
 137      A6
 138 01f3 AAADDB32 		.ascii	"\252\255\3332\036Q\222k\360\204%\217\2723\305\227\257"
 138      1E51926B 
 138      F084258F 
 138      BA33C597 
 138      AF
 139 0204 6E6E8FED 		.ascii	"nn\217\355i\231V\227\351\240M\265x\012\213;\355\316"
 139      69995697 
 139      E9A04DB5 
 139      780A8B3B 
 139      EDCE
 140 0216 DB33B4B0 		.ascii	"\3333\264\260F\361\005\321\364\354\245r\225j\015q3\271"
 140      46F105D1 
 140      F4ECA572 
 140      956A0D71 
 140      33B9
 141 0228 3E9EF803 		.ascii	">\236\370\003\315\315Vkg\340T\340\370I+\324gu\266wY"
 141      CDCD566B 
 141      67E054E0 
 141      F8492BD4 
 141      6775B677 
 142 023d 3DA1DEB3 		.ascii	"=\241\336\263}VG\250\273;\024\264\216\236hkm;o\005\317"
 142      7D5647A8 
 142      BB3B14B4 
 142      8E9E686B 
 142      6D3B6F05 
 143 0252 053A9A3B 		.ascii	"\005:\232;\204\247\263=x\272\353L\257\336\323\033\010"
 143      84A7B33D 
 143      78BAEB4C 
 143      AFDED31B 
 143      08
 144 0263 FD05D9B3 		.ascii	"\375\005\331\263\364\357"
 144      F4EF
 145              		.text
 146              		.section	.gnu.lto___func__.9029.4aafb825a57002ec,"",%progbits
 147 0000 789C6363 		.ascii	"x\234cc``\020\005by\006\010\230\302\314\370\341\361"
ARM GAS  /tmp/cciNPUQx.s 			page 11


 147      60601005 
 147      62790608 
 147      98C2CCF8 
 147      E1F1
 148 0012 9CCB4C8A 		.ascii	"\234\313L\212L\363\0338\3460300nfTd\220\315+\313L\016"
 148      4CF31B38 
 148      E6303330 
 148      306E6654 
 148      6490CD2B 
 149 0029 4E2D09AE 		.ascii	"N-\011\256,.I\315\365H\314K\311I-\012(\312\314/\312"
 149      2C2E49CD 
 149      F548CC4B 
 149      C9492D0A 
 149      28CACC2F 
 150 003e 2CA96400 		.ascii	",\251d\000\000\346\363\022t"
 150      00E6F312 
 150      74
 151              		.text
 152              		.section	.gnu.lto_nvicClearPending.4aafb825a57002ec,"",%progbits
 153 0000 789C3551 		.ascii	"x\2345Q\317kSA\020\236o\347\275\274(m\316\202A{\020"
 153      CF6B5341 
 153      109E6FE7 
 153      BDBC286D 
 153      CE82417B 
 154 0015 4A11B3E6 		.ascii	"J\021\263\346O\220\036<\225\202\376\005\232K\0036\021"
 154      4F901E3C 
 154      9582FE05 
 154      9A4B0336 
 154      11
 155 0026 2BC55B37 		.ascii	"+\305[7I\233\264Z\260\3206Bx\310+\215\210\007\255\222"
 155      499BB45A 
 155      B0D03642 
 155      78C82B8D 
 155      8807AD92 
 156 003a 564DEA8F 		.ascii	"VM\352\217G\320\203\210J\213x\362dEP\241hA\360\320V"
 156      47D08388 
 156      4A8B78F2 
 156      644550A1 
 156      6841F0D0 
 157 004f 67DFA303 		.ascii	"g\337\243\003\273;\363\355|\263\337\316$\210\350\017"
 157      BB3BF3ED 
 157      7CB3DFCE 
 157      2488E80F 
 158 005f 88B2721E 		.ascii	"\210\262r\036\225\005&\250\271\367D\245\244\002\254"
 158      950526A8 
 158      B9F744A5 
 158      A402AC
 159 006e 6392A009 		.ascii	"c\222\240\011\205\011\314\362\002\243[\373\326V\003"
 159      8509CCF2 
 159      02A35BFB 
 159      D65603
 160 007d 778D5878 		.ascii	"w\215Xx\253\343U\315\324\021\237\211\352\262\254\241"
 160      ABE355CD 
 160      D4119F89 
 160      EAB2ACA1 
 161 008d 8501C9DA 		.ascii	"\205\001\311\332\230|\350\363\015\366\031p$\374\375"
 161      987CE8F3 
ARM GAS  /tmp/cciNPUQx.s 			page 12


 161      0DF61970 
 161      24FCFD
 162 009c AEB195B2 		.ascii	"\256\261\225\262\241B\237\204{f\241\236\342\323 \361"
 162      A1429F84 
 162      7B66A19E 
 162      E2D320F1 
 163 00ac BFBE5D9E 		.ascii	"\277\276]\236\363\372\357\030S6\341\253&\233\023>3\036"
 163      F3FAEF18 
 163      5336E1AB 
 163      269B133E 
 163      331E
 164 00be 83A520D6 		.ascii	"\203\245 \326\220\306*\322$\020\341\011\372m\376\227"
 164      90C62AD2 
 164      2410E109 
 164      FA6DFE97 
 165 00ce 47FB8BBD 		.ascii	"G\373\213\275\011'~\020O\221 \021O+\233nh\366\377\325"
 165      09277E10 
 165      4F912011 
 165      4F2B9B6E 
 165      68F6FFD5 
 166 00e2 4CF8B989 		.ascii	"L\370\271\211\215\263\242\330gG\311\346\262\365\034"
 166      8DB3A2D8 
 166      6747C9E6 
 166      B2F51C
 167 00f1 BBB9886A 		.ascii	"\273\271\210j\320\2640\345_&\244\031V\326\253\204\364"
 167      D0B430E5 
 167      5F26A419 
 167      56D6AB84 
 167      F4
 168 0102 0395DDEA 		.ascii	"\003\225\335\352\336z\240l\305\006\243\301\256\2745"
 168      DE7AA06C 
 168      C506A3C1 
 168      AEBC35
 169 0111 DF7CD0EE 		.ascii	"\337|\320\356\265\262\035\034G[\204H\332\257\352=/N"
 169      B5B21D1C 
 169      475B8448 
 169      DAAFEA3D 
 169      2F4E
 170 0123 52389996 		.ascii	"R8\231\226T\013\356Tg\334\030\344\230\371\246\331\331"
 170      540BEE54 
 170      67DC18E4 
 170      98F9A6D9 
 170      D9
 171 0134 EDB14C17 		.ascii	"\355\261L\027.:\021\263\274S;`:B\026\244\373\361\372"
 171      2E3A11B3 
 171      BC533B60 
 171      3A4216A4 
 171      FBF1FA
 172 0147 F7882684 		.ascii	"\367\210&\204\372T\367\203g\011\211\250+\253K\333\177"
 172      FA54F783 
 172      670989A8 
 172      2BAB4BDB 
 172      7F
 173 0158 7BE2D074 		.ascii	"{\342\320t+&%P\353\347\374\226\027\340vI:\037\034\363"
 173      2B262550 
 173      EBE7FC96 
 173      17E07649 
ARM GAS  /tmp/cciNPUQx.s 			page 13


 173      3A1F1CF3 
 174 016c D9C33369 		.ascii	"\331\3033i\317\272\324\266\204\327\263\245\245\303\372"
 174      CFBAD4B6 
 174      84D7B3A5 
 174      A5C3FA
 175 017b BE992C99 		.ascii	"\276\231,\231>\237\223x\216\000\213\321L\344\362\323"
 175      3E9F9378 
 175      8E008BD1 
 175      4CE4F2D3 
 176 018b E65A2B95 		.ascii	"\346Z+\225]\261\227\301\270\317\207\360\002Z\244F\363"
 176      5DB197C1 
 176      B8CF87F0 
 176      025AA446 
 176      F3
 177 019c 7A89AC08 		.ascii	"z\211\254\010\242m\224\203\345\233\210\032jmZ>&\255"
 177      A26D9483 
 177      E59B881A 
 177      6A6D5A3E 
 177      26AD
 178 01ae 5144A732 		.ascii	"QD\2472\031=8\222\277\230\037>\257\213cz\344\302%}\271"
 178      193D3892 
 178      BF981F3E 
 178      AF8B637A 
 178      E4C2257D 
 179 01c3 78E5EA98 		.ascii	"x\345\352\230\316\025GG\213\005}\346\334\320\340\320"
 179      CE154747 
 179      8B057DE6 
 179      DCD0E0D0 
 180 01d3 355D18CF 		.ascii	"5]\030\317\34729B\341?w\235\256]"
 180      E7323942 
 180      E13F779D 
 180      AE5D
 181              		.text
 182              		.section	.gnu.lto_.symbol_nodes.4aafb825a57002ec,"",%progbits
 183 0000 789C6363 		.ascii	"x\234cc``\310\006b\006\246\235L\365\014\014\023\316"
 183      6060C806 
 183      6206A69D 
 183      4CF50C0C 
 183      13CE
 184 0012 313000A9 		.ascii	"10\000\251]\015\216@\221]L\365\214\250\"\273\231\352"
 184      5D0D8E40 
 184      915D4CF5 
 184      8CA822BB 
 184      99EA
 185 0024 99504458 		.ascii	"\231PDX\367114(1003\355a\252gF\221b\334\313T\317\002"
 185      F7313134 
 185      28313030 
 185      33ED61AA 
 185      67469162 
 186 003d 16616068 		.ascii	"\026a`hhp\000\251ae8\362C\217\001\000\262v\032\015"
 186      687000A9 
 186      616538F2 
 186      438F0100 
 186      B2761A0D 
 187              		.text
 188              		.section	.gnu.lto_.refs.4aafb825a57002ec,"",%progbits
 189 0000 789C6363 		.ascii	"x\234cc```\003bF&&f&\006\000\000\303\000\027"
ARM GAS  /tmp/cciNPUQx.s 			page 14


 189      60606003 
 189      62462626 
 189      66260600 
 189      00C30017 
 190              		.text
 191              		.section	.gnu.lto_.decls.4aafb825a57002ec,"",%progbits
 192 0000 789CBD57 		.ascii	"x\234\275WkPTG\026\276}{\200ax\271Hm\334,\331\262R\246"
 192      6B505447 
 192      16BE7D7B 
 192      806178B9 
 192      486DDC2C 
 193 0018 C256258C 		.ascii	"\302V%\214\032w\223\324V\355\206\214\272\362\303\204"
 193      1A7793D4 
 193      56ED868C 
 193      BAF2C384 
 194 0028 1A12ABB2 		.ascii	"\032\022\253\262?\226\020$\013\011B\012pK\177\355\305"
 194      3F961024 
 194      0B09420A 
 194      704B7FED 
 194      C5
 195 0039 41444908 		.ascii	"ADI\010*\"\"D\004|\020P \362\020\021EP\344!\217\360"
 195      2A222244 
 195      047C1050 
 195      20F21011 
 195      4550E421 
 196 004f 52949708 		.ascii	"R\224\227\010\210\210\362\362\005\242\354\351\307\235"
 196      8888F2F2 
 196      05A2ECE9 
 196      C79D
 197 005d B95C1937 		.ascii	"\271\\\0317[\265\265\267\346\314\235\356\376\372\234"
 197      5BB5B5B7 
 197      E6CC9DEE 
 197      FEFA9C
 198 006c AFCFE93E 		.ascii	"\257\317\351>\247\307V\020\204\240W\005!^\024\204>$"
 198      A7C75610 
 198      84A05705 
 198      215E1484 
 198      3E24
 199 007e 0873F0D8 		.ascii	"\010s\360\330B\337\005\020\350\022\312A\352\005\366"
 199      42DF0510 
 199      E812CA41 
 199      EA05F6
 200 008d D880B481 		.ascii	"\330\200\264\201\\\003\271\016\322\005r\023\004\246"
 200      5C03B90E 
 200      D2057213 
 200      04A6
 201 009b 0903C2FC 		.ascii	"\011\003\302\374'\033:\235\340\3759\210+\210\033\327"
 201      271B3A9D 
 201      E0FD3988 
 201      2B881BD7 
 202 00ab E50EF226 		.ascii	"\345\016\362&\310g \177\004\314*\220g\360{\026\304\011"
 202      C867207F 
 202      04CC2A90 
 202      67F07B16 
 202      C409
 203 00bd 7E3B8260 		.ascii	"~;\202`\370\375\006\274W\200,CL\177\233\360\342S@\360"
 203      F8FD06BC 
ARM GAS  /tmp/cciNPUQx.s 			page 15


 203      57802C43 
 203      4C7F9BF0 
 203      E25340F0 
 204 00d1 0BD850EB 		.ascii	"\013\330P\353\227\365\312v\310\272<\020\263\201\370"
 204      97F5CA76 
 204      C8BA3C10 
 204      B381F8
 205 00e0 7AD44F11 		.ascii	"z\324O\021\0148[\341\377.b>\251\003\351\343\266b\241"
 205      0C385BE1 
 205      FF2E623E 
 205      A903E9E3 
 205      B662A1
 206 00f3 2F066423 		.ascii	"/\006d#b6\210\3360\304l]\177\211\237j9\207\272\0058"
 206      623688DE 
 206      30C46C5D 
 206      7F899F6A 
 206      3987BA05 
 207 0108 C84F2900 		.ascii	"\310O)\000tV\326\371\267\005\326I\364\255\340\357\256"
 207      7456D6F9 
 207      B705D649 
 207      F4ADE0EF 
 207      AE
 208 0119 05F42562 		.ascii	"\005\364%b\324]\223\235\203\3430zS\207H\304]\240+o\264"
 208      D45D939D 
 208      83E3307A 
 208      538748C4 
 208      5DA02B6F 
 209 012e 74DA8975 		.ascii	"t\332\211u\021\204i\344n\216\003\026\351\357\351\222"
 209      118469E4 
 209      6E8E0316 
 209      E9EFE992 
 210 013e F13D8E9E 		.ascii	"\361=\216\236\271\022{\264~\002*BXV\325\362\375d\226"
 210      B9127BB4 
 210      7E022A42 
 210      5856D5F2 
 210      FD6496
 211 0151 1D7E8F02 		.ascii	"\035~\217\002\177\216\316O%j]uH\003\315\211\206\224"
 211      7F8ECE4F 
 211      256A5D75 
 211      4803CD89 
 211      8694
 212 0163 5BCED074 		.ascii	"[\316\320t\323\241\245\211X\354\355|\332\345\214t\036"
 212      D3A1A589 
 212      58ECED7C 
 212      DAE58C74 
 212      1E
 213 0174 B192B44D 		.ascii	"\261\222\264MJ7I\366\353\004T\212\334\321i\344.\240"
 213      4A3749F6 
 213      EB04548A 
 213      DCD169E4 
 213      2EA0
 214 0186 32E4414C 		.ascii	"2\344AL\027#O\001\025B\347)\350<J\314U\364&\377\371"
 214      17234F01 
 214      1542E729 
 214      E83C4ACC 
 214      55F426FF 
 215 019b C0A4242D 		.ascii	"\300\244$-Eg\220\016\225 L1\260\2727u\214@v\326\356"
ARM GAS  /tmp/cciNPUQx.s 			page 16


 215      4567900E 
 215      95204C31 
 215      B0BA3775 
 215      8C4076D6 
 216 01b0 0C5BBC85 		.ascii	"\014[\274\205\020\020\313\016\016^\022\255\2318g\325"
 216      1010CB0E 
 216      0E5E12AD 
 216      993867D5 
 217 01c0 44D3F1D7 		.ascii	"D\323\361\327\253\267K\222\210\312\301\304Y\213\011"
 217      ABB74B92 
 217      88CAC1C4 
 217      598B09
 218 01cf B0485ED0 		.ascii	"\260H^\320\013vN\227\337[\311\326\346N<\030\327u\003"
 218      0B764E97 
 218      DF5BC9D6 
 218      E64E3C18 
 218      D77503
 219 01e2 E962C974 		.ascii	"\351b\311tj\207\364\313\226\004TA&\"\275;:\017M@g\014"
 219      6A87F4CB 
 219      96045441 
 219      2622BD3B 
 219      3A0F4D40 
 220 01f8 37D4DAB0 		.ascii	"7\324\332\260\311\257A\263}\357h<b\216\031F\244\375"
 220      C9AF41B3 
 220      7DEF683C 
 220      628E1946 
 220      A4FD
 221 020a A47CC611 		.ascii	"\244|\306\021\347 \262\006M\256\351\307q\015\362pG\240"
 221      E720B206 
 221      4DAEE9C7 
 221      710DF270 
 221      47A0
 222 021c 0DE98ECA 		.ascii	"\015\351\216\312^\027\320e W\305\035\017O\212\004\326"
 222      5E17D065 
 222      2057C51D 
 222      0F4F8A04 
 222      D6
 223 022d C7FF45BA 		.ascii	"\307\377E\272\341\267\226\276\351\272\245L\011/\021"
 223      E1B796BE 
 223      E9BAA54C 
 223      092F11
 224 023c D03BEE68 		.ascii	"\320;\356h9\254\372\"\254\3722\245S\015\012/1>\207\016"
 224      39ACFA22 
 224      ACFA32A5 
 224      530D0A2F 
 224      313E870E 
 225 0250 9DEB40AE 		.ascii	"\235\353@\256\011D1|}\200\250\356J\030\277@\351\327"
 225      0944317C 
 225      7D80A8EE 
 225      4A18BF40 
 225      E9D7
 226 0262 20577911 		.ascii	" Wy\021\004]\220Z3m\257\343\272c\377\223\356\234\311"
 226      045D905A 
 226      336DAFE3 
 226      BA63FF93 
 226      EE9CC9
 227 0275 AC5907A5 		.ascii	"\254Y\007\245\356\332\227\351n\310\254\312vp\334e\216"
ARM GAS  /tmp/cciNPUQx.s 			page 17


 227      EEDA97E9 
 227      6EC8ACCA 
 227      7670DC65 
 227      8E
 228 0286 17AA43AE 		.ascii	"\027\252C\256\012G\326#r\302\351\033\300\2673\233\277"
 228      0A47D623 
 228      72C2E91B 
 228      C0B7339B 
 228      BF
 229 0297 47BDA89B 		.ascii	"G\275\250\2338\001-\242^@\210}\303\233\010m\317\311"
 229      38012DA2 
 229      5E40887D 
 229      C39B086D 
 229      CFC9
 230 02a9 0F62FDD0 		.ascii	"\017b\375\320+\222az\"\220\214\225\037\271G\020\271"
 230      2B92617A 
 230      22908C95 
 230      1FB94710 
 230      B9
 231 02ba 0E51D64B 		.ascii	"\016Q\326K?\210\177\220B+\033g\346\314j\030\236\361"
 231      3F887F90 
 231      422B1B67 
 231      E6CC6A18 
 231      9EF1
 232 02cc 1164737C 		.ascii	"\021ds|L\224\355\010\363LC[\315u\376(2\353b\251\204"
 232      4C94ED08 
 232      F34C435B 
 232      CD75FE28 
 232      32EB62A9 
 233 02e1 78AC75BA 		.ascii	"x\254u\272\253\305\245\017\365@\367g\316B\2026\224\036"
 233      ABC5A50F 
 233      F540F767 
 233      CE428236 
 233      941E
 234 02f3 BD836DFD 		.ascii	"\275\203m\375\231\"\316\247[\010]>^t\001iD\266uQ\250"
 234      9922CEA7 
 234      5B085D3E 
 234      5E740169 
 234      44B67551 
 235 0308 86F4D53F 		.ascii	"\206\364\325?>v^c\356kB\264\363\322\334\343\012\027"
 235      3E765E63 
 235      EE6B42B4 
 235      F3D2DCE3 
 235      0A17
 236 031a B62F4572 		.ascii	"\266/Er\226\307\257\2449\260}\271\210\234\337s=I\342"
 236      96C7AFA4 
 236      39B07DB9 
 236      889CDF73 
 236      3D49E2
 237 032d 92241A49 		.ascii	"\222$\032I\223\264HD\237\377\032\265@h~\246\241iEK\340"
 237      93B44844 
 237      9FFF1AB5 
 237      40687EA6 
 237      A169454B 
 238 0342 BB191451 		.ascii	"\273\031\024QZiM\267S5\257\247K\351}p\236N/\273](Ip"
 238      5A694DB7 
 238      5335AFA7 
ARM GAS  /tmp/cciNPUQx.s 			page 18


 238      4BE97D70 
 238      9E4E2FBB 
 239 035a A4240DC1 		.ascii	"\244$\015\301\241F\313\231j\244\301k@}\010]\201X\012"
 239      A146CB99 
 239      6AA4C16B 
 239      407D085D 
 239      81580A
 240 036d A80DBD4E 		.ascii	"\250\015\275N\216@O\3718\306c\326\371\357o\3158\343"
 240      8E404FF9 
 240      38C663D6 
 240      F9EF6FCD 
 240      38E3
 241 037f 6495CC55 		.ascii	"d\225\314UJ\246C&\323\236\227^m\303\311\264\374&E\252"
 241      4AA64326 
 241      D39E975E 
 241      6DC3C9B4 
 241      FC2645AA 
 242 0393 809D0BC7 		.ascii	"\200\235\013\307\033P\250\335B\245]M\345\032\245R\360"
 242      1B50A8DD 
 242      42A55D4D 
 242      E51AA552 
 242      F0
 243 03a4 E4AE09E3 		.ascii	"\344\256\011\343(\226\373\006\357=Ks\2265\375\326\254"
 243      2896FB06 
 243      EF3D4B73 
 243      9635FDD6 
 243      AC
 244 03b5 892CAAD3 		.ascii	"\211,\252\323\242\251S\255\351:\325T~l\2777\376\201"
 244      A2A953AD 
 244      E93AD554 
 244      7E6CBF37 
 244      FE81
 245 03c7 296A1DEE 		.ascii	")j\035\356\272\343\310\025\215\2746\217\322\015\213"
 245      BAE3C815 
 245      8DBC368F 
 245      D20D8B
 246 03d6 A21B6A45 		.ascii	"\242\033jE]TQ\305xV2\306yL\323\315's\027\035\225G\206"
 246      5D5451C5 
 246      785632C6 
 246      794CD3CD 
 246      2773171D 
 247 03ed 1C30CB91 		.ascii	"\0340\313\221\351aG\006\200M\365\373\222\\\250\033\241"
 247      E9614706 
 247      804DF5FB 
 247      925CA81B 
 247      A1
 248 03fe 8FBB71CE 		.ascii	"\217\273q\316t\340\221\215U7\366Q7\366\312n\214j\355"
 248      74E0918D 
 248      5537F651 
 248      37F6CA6E 
 248      8C6AED
 249 0411 A845C0B9 		.ascii	"\250E\300\271\217\344\310\246\267R\363\207\245X\035"
 249      8FE4C8A6 
 249      B752F387 
 249      A5581D
 250 0420 45913328 		.ascii	"E\2213(s\356\3469\011\335d\\\223:zu\370\032\343z\270"
 250      73EEE639 
ARM GAS  /tmp/cciNPUQx.s 			page 19


 250      09DD645C 
 250      933A7A75 
 250      F81AE37A 
 251 0435 612A4987 		.ascii	"a*I\207\207X#\251\266\251\322\351\215L\251\271\202l"
 251      875823A9 
 251      B6A9D2E9 
 251      8D4CA9B9 
 251      826C
 252 0447 91E5078F 		.ascii	"\221\345\007\217J\261\011QZz\342o\201:\360\231\"O\364"
 252      4AB10951 
 252      5A7AE26F 
 252      813AF099 
 252      224FF4
 253 045a 43CFDF45 		.ascii	"C\317\337E\001\015\2407`jn\373\2412G\266Q%\222~'.\354"
 253      010DA037 
 253      606A6EFB 
 253      A13247B6 
 253      5125927E 
 254 0471 28E4ED71 		.ascii	"(\344\355q;h'\236\270U\202X;\301\015\332\303\355\307"
 254      3B68279E 
 254      B8558258 
 254      3BC10DDA 
 254      C3EDC7
 255 0484 529CD84E 		.ascii	"R\234\330N\226\016\223\024\2336;\033\255\301c\334\203"
 255      960E9314 
 255      9B363B1B 
 255      ADC163DC 
 255      83
 256 0495 1DCFEB79 		.ascii	"\035\317\353y\2352\331\220\2631\330\265\317\311j2\277"
 256      9D32D990 
 256      B331D8B5 
 256      CFC96A32 
 256      BF
 257 04a6 2B27F311 		.ascii	"+'\363\021\236\340\2222\212\260%\301i\350&\035\006\370"
 257      9EE09232 
 257      8AB025C1 
 257      69E8261D 
 257      06F8
 258 04b8 6D0A1FA5 		.ascii	"m\012\037\245\011\356\256\234\340\006\216\014\244\333"
 258      09EEAE9C 
 258      E0068E0C 
 258      A4DB
 259 04c6 73E6B6D0 		.ascii	"s\346\266\320\216\331\335\237\351\314\231\023b\315\273"
 259      8ED9DD9F 
 259      E9CC9913 
 259      62CDBB
 260 04d5 BFDDABE1 		.ascii	"\277\335\253\341LI\035\216\277\272\373/x\232\361\274"
 260      4C491D8E 
 260      BFBAFB2F 
 260      789AF1BC 
 261 04e5 56B0379F 		.ascii	"V\2607\237\227\2151\202=\223\322\221\342`\225\347\244"
 261      978D3182 
 261      3D93D291 
 261      E26095E7 
 261      A4
 262 04f6 CC7382F1 		.ascii	"\314s\202\361\314\333>\220\255\205\331\356P\344\221"
 262      CCDB3E90 
ARM GAS  /tmp/cciNPUQx.s 			page 20


 262      AD85D9EE 
 262      50E491
 263 0505 A2C2BBB3 		.ascii	"\242\302\273\263\012_X1uB\203g\251%\261\340\304\300"
 263      0A5F5831 
 263      75428367 
 263      A925B1E0 
 263      C4C0
 264 0517 57C84327 		.ascii	"W\310C'W\\\317\355;\310\346|\014\013{h\011\264;Y\322"
 264      575CCFED 
 264      3BC8E67C 
 264      0C0B7B68 
 264      09B43B59 
 265 052c 0225E611 		.ascii	"\002%\346\021\224\001w^X\037\000\235)f?\373\320\361"
 265      9401775E 
 265      581F009D 
 265      29663FFB 
 265      D0F1
 266 053e 8B4E3806 		.ascii	"\213N8\006S\003='\306\032\261\331\002\024\334S\264\340"
 266      53033D27 
 266      C61AB1D9 
 266      0214DC53 
 266      B4E0
 267 0550 CE808527 		.ascii	"\316\200\205'\026\013\217\221\025\023\323\013\233h\357"
 267      160B8F91 
 267      1513D30B 
 267      9B68EF
 268 055f 4DBA31AF 		.ascii	"M\2721\257\326\020}c0~\237z\344)\015\305\244\034\212"
 268      D6107D63 
 268      307E9F7A 
 268      E4290DC5 
 268      A41C8A
 269 0572 6D1777DE 		.ascii	"m\027w\336\2455\333\364\313\264'_\232\036\323(\265\317"
 269      A535DBF4 
 269      CBB4275F 
 269      9A1ED328 
 269      B5CF
 270 0584 BE4C7B71 		.ascii	"\276L{qo\342N\276%\323\311\355\347L\367D\205\003k\367"
 270      6FE24EBE 
 270      25D3C9ED 
 270      E74CF744 
 270      85036BF7 
 271 0598 11F74F8F 		.ascii	"\021\367O\217&\267ky\240\235\241]5\225:\341\210\343"
 271      26B76B79 
 271      A09DA15D 
 271      35953AE1 
 271      88E3
 272 05aa A97B50E5 		.ascii	"\251{P\345\215\362X\036\351w\241y%\276t\320\372\206"
 272      8DF2581E 
 272      E977A179 
 272      25BE74D0 
 272      FA86
 273 05bc 34893CD0 		.ascii	"4\211<\320\333D\312\363yzj\207\250\336\220\222\350\016"
 273      DB44CAF3 
 273      797A6A87 
 273      A8DE9092 
 273      E80E
 274 05ce 6127F068 		.ascii	"a'\360h\321U\236D\023\351\275\351W\371~T^\322\\\351"
ARM GAS  /tmp/cciNPUQx.s 			page 21


 274      D1559E44 
 274      13E9BDE9 
 274      57F97E54 
 274      5ED25CE9 
 275 05e2 250D9D1C 		.ascii	"%\015\235\034>\237\252\343,II\250j=\230c\207\223\031"
 275      3E9FAAE3 
 275      2C4949A8 
 275      6A3D9863 
 275      879319
 276 05f5 CB07BBB6 		.ascii	"\313\007\273\266?\346\347\206\034\272\201\272\311\237"
 276      3FE6E786 
 276      1CBA81BA 
 276      C99F
 277 0603 9CADB2DC 		.ascii	"\234\255\262\334%\263\334\311X\246\216L\3159\253Y\356"
 277      25B3DCC9 
 277      58A68E4C 
 277      CD39AB59 
 277      EE
 278 0614 00963122 		.ascii	"\000\2261\"\201\307Q\226\273d\226\311-\005kX\250~\311"
 278      81C75196 
 278      BB6496C9 
 278      2D056B58 
 278      A87EC9
 279 0627 358EE4D7 		.ascii	"5\216\344\327s3M.J\365\337\212/Q\377\270\370\351\015"
 279      73334D2E 
 279      4AF5DF8A 
 279      2F51FFB8 
 279      F8E90D
 280 063a BEEA744C 		.ascii	"\276\352tL\266FY\347n^\010\373\224\247\326\215\237\332"
 280      B64659E7 
 280      6E5E08FB 
 280      94A7D68D 
 280      9FDA
 281 064c A8E1FC1D 		.ascii	"\250\341\374\035\030\24717L\355\337\276S\313\300\257"
 281      18A73137 
 281      4CEDDFBE 
 281      53CBC0AF 
 282 065c 901C9777 		.ascii	"\220\034\227w\177Tk\325\015{e7\354anxV\331\233\341\242"
 282      7F546BD5 
 282      0D7B6537 
 282      EC616E78 
 282      56D99BE1 
 283 0671 764302F0 		.ascii	"vC\002\360\374\236\362L\244<\367\312<\013\313'\216\310"
 283      FC9EF24C 
 283      A43CF7CA 
 283      3C0BCB27 
 283      8EC8
 284 0683 D983F01C 		.ascii	"\331\203\360\034\314\351\317\324\341c\214\307\217\025"
 284      CCE9CFD4 
 284      E1638CC7 
 284      8F15
 285 0691 71353C1C 		.ascii	"q5<\034\351$Vs\007\307\323\034q.\033\224\003\351\312"
 285      E9245673 
 285      07C7D31C 
 285      712E1B94 
 285      03E9CA
 286 06a4 03D974A7 		.ascii	"\003\331t\247\270@\304\305l\360YoB\202\035\237I\366"
ARM GAS  /tmp/cciNPUQx.s 			page 22


 286      B840C4C5 
 286      6CF0596F 
 286      42821D9F 
 286      49F6
 287 06b6 666F677B 		.ascii	"fog{\201#.c\203\305C\265\325\362L2\2703\257?\316\006"
 287      81232E63 
 287      83C543B5 
 287      D5F24C32 
 287      B833AF3F 
 288 06cc 5F648337 		.ascii	"_d\2037\273o\357r\306\265\254q\271z\333W\270\225\375"
 288      BB6FEF72 
 288      C6B5AC71 
 288      B97ADB57 
 288      B895FD
 289 06df AEBF15FD 		.ascii	"\256\277\025\375\026\233\024M\022\364\245\254\202C\230"
 289      169B144D 
 289      12F4A5AC 
 289      824398
 290 06ee 39309D6E 		.ascii	"90\235n\377S\027v\231\\\3605\012v\351\2351\365:\242"
 290      FF531776 
 290      995CF035 
 290      0A76E99D 
 290      31F53AA2 
 291 0702 65EC59BC 		.ascii	"e\354Y\274\314\203\2763\244\350(\251b\354\351\322\273"
 291      CC83BE33 
 291      A4E828A9 
 291      62ECE9D2 
 291      BB
 292 0713 6DD192B4 		.ascii	"m\321\222\264\307\021}'\272\302\302 \341\212\213\315"
 292      C7117D27 
 292      BAC2C220 
 292      E18A8BCD 
 293 0723 91044F82 		.ascii	"\221\004O\202\177V\220\377a\014\337\022\002_Q\260$\250"
 293      7F5690FF 
 293      610CDF12 
 293      025F51B0 
 293      24A8
 294 0735 22E38881 		.ascii	"\"\343\210\201\3453\212\356!\005\232$\236\231\257\001"
 294      E5338AEE 
 294      21059A24 
 294      9E99AF01 
 295 0745 1D8D899B 		.ascii	"\035\215\211\233\321n\256Zv>\212\027U\272+C\030\232"
 295      D16EAE5A 
 295      763E8A17 
 295      55BA2B43 
 295      189A
 296 0757 10895513 		.ascii	"\020\211U\023\331\256F\267|mA\377\240F\247\211*&#\012"
 296      D9AE46B7 
 296      7C6D41FF 
 296      A046A789 
 296      2A26230A 
 297 076b 26C96A26 		.ascii	"&\311j&\373\347\3516I\025\375!)\024M6u&G\233O\304\240"
 297      FBE7E936 
 297      4915FD21 
 297      29144D36 
 297      7526479B 
 298 0782 6595BBF9 		.ascii	"e\225\273\371\276\222\240\204\243\014Pw\230j\"p80\350"
ARM GAS  /tmp/cciNPUQx.s 			page 23


 298      BE92A084 
 298      A30C5077 
 298      986A2270 
 298      3830E8
 299 0795 84E881B2 		.ascii	"\204\350\201\262\304e(\017\3448H.\310O \331 \005 GA"
 299      C465280F 
 299      E438482E 
 299      C84F20D9 
 299      20052047 
 300 07aa 8E81E483 		.ascii	"\216\201\344\203\034\0019\011\362\243\270\214\226wF"
 300      1C013909 
 300      F2A3B88C 
 300      967746
 301 07b9 FBBA8276 		.ascii	"\373\272\202v\252\232\366A\013m\226\347\037\215\270"
 301      AA9AF641 
 301      0B6D96E7 
 301      1F8DB8
 302 07c8 46011782 		.ascii	"F\001\027\202\022x\216\267"
 302      12788EB7 
 303 07d0 A8EA1975 		.ascii	"\250\352\031u\333#I5\313I\305Dwx\350\344:\212\206\324"
 303      DB234935 
 303      CB49C544 
 303      7778E8E4 
 303      3A8A86D4 
 304 07e4 A1AB5358 		.ascii	"\241\253SX>\244\266\034\243vo\035\017\035$?\024\305"
 304      3EA4B61C 
 304      A3766F1D 
 304      0F1D243F 
 304      14C5
 305 07f6 D1724A44 		.ascii	"\321rJD\317\221*t\223\212\320%\251C\267O\035\350~\005"
 305      CF912A74 
 305      938AD025 
 305      A943B74F 
 305      1DE87E05 
 306 080a 3A458D3E 		.ascii	":E\215>`A\223\324\334\321{\021\341\003\032Z\003\267"
 306      604193D4 
 306      DCD17B11 
 306      E1031A5A 
 306      03B7
 307 081c CD1414DB 		.ascii	"\315\024\024\333\240\305\036\013\006\011\025Al\376\027"
 307      A0C51E0B 
 307      06091541 
 307      6CFE17
 308 082b 71629E87 		.ascii	"qb\236\207\224\004\177\032Q!(<%\232\353+\211\003\345"
 308      94047F1A 
 308      5121283C 
 308      259AEB2B 
 308      8903E5
 309 083e B5F3F64C 		.ascii	"\265\363\366L=V\336!\013\025\033\012B%\262\277]\360"
 309      3D56DE21 
 309      0B151B0A 
 309      4225B2BF 
 309      5DF0
 310 0850 26C9B1B2 		.ascii	"&\311\261\2629Y\253\004\223\013\240\005\\\302\301%\024"
 310      3959AB04 
 310      930BA005 
 310      5CC2C125 
ARM GAS  /tmp/cciNPUQx.s 			page 24


 310      14
 311 0861 9CDB70B9 		.ascii	"\234\333p\271\213'\245Xr\356\347\356tf\362\0146N,O\314"
 311      8B27A558 
 311      72EEE7EE 
 311      7466F20C 
 311      364E2C4F 
 312 0876 A695F0B6 		.ascii	"\246\225\360\266\233\"\023\271\361L4\232\034gr\261\232"
 312      9B2213B9 
 312      F14C349A 
 312      1C6772B1 
 312      9A
 313 0887 4CCFCAC9 		.ascii	"L\317\312\311\3644K\372m\335\203I\216\352dZ\006\036"
 313      F4344BFA 
 313      6DDD8349 
 313      8EEA645A 
 313      061E
 314 0899 3D43A350 		.ascii	"=C\243PN\223\351Y9\231\026\265\\}d\2173i0Pg\322\256"
 314      4E93E959 
 314      399916B5 
 314      5C7D648F 
 314      33693050 
 315 08b0 511BB9C2 		.ascii	"Q\033\271\302\304\376\222\012\2235T0f\2574v^|\211\261"
 315      C4FE920A 
 315      93355430 
 315      66AF3476 
 315      5E7C89B1 
 316 08c4 D6A1C3D1 		.ascii	"\326\241\303\321\374:\320,(\376[\271\262\377Vr\222u"
 316      FC3AD02C 
 316      28FE5BB9 
 316      B2FF5672 
 316      9275
 317 08d6 E349B6AC 		.ascii	"\343I\266\254\272\245\026\341\343\214[\345d\3761>\227"
 317      BAA516E1 
 317      E38C5BE5 
 317      64FE313E 
 317      97
 318 08e7 24FDBE84 		.ascii	"$\375\276\204\2529\353>\251\226}r\211\025\230\207\011"
 318      AA39EB3E 
 318      A9967D72 
 318      89159887 
 318      09
 319 08f8 F96BD52E 		.ascii	"\371k\325.\251\002\226\225\224\345e\312\262Zfy m\344"
 319      A9029695 
 319      94E565CA 
 319      B25A6679 
 319      206DE4
 320 090b A4A85E93 		.ascii	"\244\250^\223Ut\334\245\242j\036\333\032\322\036z~\252"
 320      5574DCA5 
 320      A26A1EDB 
 320      1AD21E7A 
 320      7EAA
 321 091d CE0E9F60 		.ascii	"\316\016\237`\244\367\356yR\247\305\005\254Qr?\247\304"
 321      A4F7EE79 
 321      52A7C505 
 321      AC51723F 
 321      A7C4
 322 092f 89212B48 		.ascii	"\211!+H;\245\354A\035\277\337h\025\303n|x*g\374\210"
ARM GAS  /tmp/cciNPUQx.s 			page 25


 322      3BA5EC41 
 322      1DBFDF68 
 322      15C36E7C 
 322      782A67FC 
 323 0944 2D2E6273 		.ascii	"-.bsw\217O\356\265\265\272\334fy\271\313\351jK\2122"
 323      778F4FEE 
 323      B5B5BADC 
 323      6679B9CB 
 323      E96A4B8A 
 324 0959 C7B4EAE5 		.ascii	"\307\264\352\3456\302\002\032\350\002~\246\013h\226"
 324      36C2021A 
 324      E8027EA6 
 324      0B6896
 325 0968 17501695 		.ascii	"\027P\026\225\325\216\325\313\265\212>>\224\032\317"
 325      D58ED5CB 
 325      B58A3E3E 
 325      941ACF
 326 0977 C3F01EB9 		.ascii	"\303\360\036\271\222L\037\036q\302\245\214\344\275\373"
 326      924C1F1E 
 326      71C2A58C 
 326      E4BDFB
 327 0986 B379CEF8 		.ascii	"\263y\316\370\034k\224\225\234\255\346\253[N\376 \344"
 327      1C6B9495 
 327      9CADE6AB 
 327      5B4EFE20 
 327      E4
 328 0997 5E6874C0 		.ascii	"^ht\300Ull6\341\320){\\\313\032\007\247\272\357\360"
 328      556C6C36 
 328      E1D0297B 
 328      5CCB1A07 
 328      A7BAEFF0 
 329 09ab CDEF41E2 		.ascii	"\315\357A\342\234\371\303\036{\334\310\306\346\022b"
 329      9CF9C31E 
 329      7BDCC8C6 
 329      E61262
 330 09ba 0FD8E156 		.ascii	"\017\330\341V\326HlL\314t\300\327X\343~\364`\037\337"
 330      D6486C4C 
 330      CC74C0D7 
 330      58E37EF4 
 330      601FDF
 331 09cd 3A4BA0F9 		.ascii	":K\240\371t8\261\223\377\327qT\\]\334\370\325\345\344"
 331      7438B193 
 331      FFD77154 
 331      5C5DDCF8 
 331      D5E5E4
 332 09e0 A3F8FD0E 		.ascii	"\243\370\375\016\270\207M\275\332\031]\312\261\016\320"
 332      B8874DBD 
 332      DA195DCA 
 332      B10ED0
 333 09ef 34E59E2B 		.ascii	"4\345\236+\266\261\352\332~\331\2657\331N\372\356d\326"
 333      B6B1EADA 
 333      7ED9B537 
 333      D94EFAEE 
 333      64D6
 334 0a01 795BF5ED 		.ascii	"y[\365\355\272\027\274\325C\275u\213z\253_\366V\343"
 334      BA17BCD5 
 334      43BD758B 
ARM GAS  /tmp/cciNPUQx.s 			page 26


 334      7AAB5FF6 
 334      56E3
 335 0a13 505C9383 		.ascii	"P\\\223\203\372\266l\025]\336\322\365\001\356g$\037"
 335      FAB66C15 
 335      5DDED2F5 
 335      01EE6724 
 335      1F
 336 0a24 3676DD44 		.ascii	"6v\335Dx\2105\242\353k\217\331\341\021\326\030\315n"
 336      788835A2 
 336      EB6B8FD9 
 336      E111D618 
 336      CD6E
 337 0a36 A8B1C5E3 		.ascii	"\250\261\305\343\254104s\032\343\207\254qt4\343;{<\303"
 337      AC313034 
 337      731AE387 
 337      AC717434 
 337      E33B7B3C 
 338 0a4b E70CDC6F 		.ascii	"\347\014\334o\344\016\372\226\034\246\247\343\305m\262"
 338      E40EFA96 
 338      1CA6A7E3 
 338      C56DB2
 339 0a5a 4BC8761B 		.ascii	"K\310v\033y88\247\305\222\015\001\277R\320r%\335\036"
 339      793838A7 
 339      C5920D01 
 339      BF52D072 
 339      25DD1E
 340 0a6d D17B87E5 		.ascii	"\321{\207\345\361\340\357\014)\021r{\3174\257L5\220"
 340      F1E0EF0C 
 340      2911727B 
 340      CF34AF4C 
 340      3590
 341 0a7f E12F42FA 		.ascii	"\341/B\372\234\200\354(\237\012t\341\205k\302\026v\005"
 341      9C80EC28 
 341      9F0A74E1 
 341      856BC216 
 341      7605
 342 0a91 1900741F 		.ascii	"\031\000t\037G\313\013G\335Jt\"\224\362\226\255\254"
 342      47CB0B47 
 342      DD4A7422 
 342      94F296AD 
 342      AC
 343 0aa2 9493AD57 		.ascii	"\224\223\255W\307\321\346\324SK\321\245\350\205Z>\012"
 343      C7D1E6D4 
 343      534BD1A5 
 343      E8855A3E 
 343      0A
 344 0ab3 FAEED2C1 		.ascii	"\372\356\322\301\011^#\236A\215\220\3602\364\000r\377"
 344      095E239E 
 344      418D90F0 
 344      32F40072 
 344      FF
 345 0ac4 731013FC 		.ascii	"s\020\023\374~\004\357\307 c s Q\3207\003\357Y\220\247"
 345      7E04EFC7 
 345      20632073 
 345      2051D037 
 345      03EF5990 
 346 0ad9 209320DB 		.ascii	" \223 \333\240/\032\344!\374\036\007\271\0172\0052\015"
ARM GAS  /tmp/cciNPUQx.s 			page 27


 346      A02F1AE4 
 346      21FC1E07 
 346      B90F3205 
 346      320D
 347 0aeb F2C45CEB 		.ascii	"\362\304\\\353\311\245cr\213\345\322\321\256f\332:o"
 347      C9A56372 
 347      8BE5D2D1 
 347      AE66DA3A 
 347      6F
 348 0afc 5DA42A6E 		.ascii	"]\244*neU\261\002\274p\216\243\345\354\310/\267\212"
 348      6555B102 
 348      BC708EA3 
 348      E5ECC82F 
 348      B78A
 349 0b0e 0BCDF530 		.ascii	"\013\315\3650\213\356;j\335z\213\023\230\317\352\024"
 349      8BEE3B6A 
 349      DD7A8B13 
 349      98CFEA14 
 350 0b1e 3EAB5FD8 		.ascii	">\253_\330g\012\335\223\012\335Cjt\245\032=\243@\017"
 350      670ADD93 
 350      0ADD436A 
 350      74A51A3D 
 350      A3400F
 351 0b31 2E8C96A9 		.ascii	".\214\226\251P\345[-\360{j\370\351\027ny\334)\345\374"
 351      50E55B2D 
 351      F07B6AF8 
 351      E9176E79 
 351      DC29E5FC 
 352 0b45 D232CF29 		.ascii	"\3222\317)\245/(\277\256\360\370u\265\362\316\027\340"
 352      A52F28BF 
 352      AEF0F875 
 352      B5F2CE17 
 352      E0
 353 0b56 230AF855 		.ascii	"#\012\370U5\274\343\005x\277\002~ma\270\342\356V=\306"
 353      35BCE305 
 353      78BF027E 
 353      6D61B8E2 
 353      EE563DC6 
 354 0b6a EE6E13EA 		.ascii	"\356n\023\352\273\033Q54\346\226a\"'\204\350\032V\353"
 354      BB1B5135 
 354      34E69661 
 354      222784E8 
 354      1A56EB
 355 0b7d 6A50FBB8 		.ascii	"jP\373\270Na\271K\215\216\021\325\341n\011\263\204{"
 355      4E61B94B 
 355      8D8E11D5 
 355      E16E09B3 
 355      847B
 356 0b8f 64C1CDA1 		.ascii	"d\301\315\241\320\335\242\320}ca\237)\243\255@\267-"
 356      D0DDA2D0 
 356      7D63619F 
 356      29A3AD40 
 356      B72D
 357 0ba1 BCA7E779 		.ascii	"\274\247\347yX\2619n/\274L3q\222\011x\270[ \334M\034"
 357      58B1396E 
 357      2FBC4C33 
 357      71920978 
ARM GAS  /tmp/cciNPUQx.s 			page 28


 357      B85B20DC 
 358 0bb7 2E971774 		.ascii	".\227\027te\336\315\260\261w_\243\006\307\320\234$v"
 358      65DECDB0 
 358      B1775FA3 
 358      06C7D09C 
 358      2476
 359 0bc9 DF298C73 		.ascii	"\337)\214sP\337\014\345#\217v`\217\377\313\251gq\177"
 359      50DF0CE5 
 359      238F7660 
 359      8FFFCBA9 
 359      67717F
 360 0bdc 3E6D4B6E 		.ascii	">mKn\2161x1\332\216\3157\307\011\371\346\2309\324_\245"
 360      8E317831 
 360      DA8ECD37 
 360      C709F9E6 
 360      9839D45F 
 361 0bf1 515E0609 		.ascii	"Q^\006\011\320RCb1\273\014\222\367[\236\236zCP\360\027"
 361      D0524362 
 361      31BB0C92 
 361      F75B9E9E 
 361      7A4350F0 
 362 0c06 C11FFBEA 		.ascii	"\301\037\373\352\303\"\364A\376!\372o\302\302##\364"
 362      C322F441 
 362      FE21FA6F 
 362      C2C22323 
 362      F4
 363 0c17 01619B36 		.ascii	"\001a\2336\205\205\352\275\214\353\015\353\267\350C"
 363      8585EABD 
 363      8CEB0DEB 
 363      B7E843
 364 0c26 FF191CE0 		.ascii	"\377\031\034\340\031\240\375\353G\237.5\254X!\350\374"
 364      19A0FDEB 
 364      479F2E35 
 364      AC5821E8 
 364      FC
 365 0c37 FC360787 		.ascii	"\3746\007\207F\276\263\322/r\225~sD\270\336?|\323\333"
 365      46BEB3D2 
 365      2F72957E 
 365      7344B8DE 
 365      3F7CD3DB 
 366 0c4b A161A181 		.ascii	"\241a\241\201o\007\372\177\021\254\017\016\015\010\331"
 366      6F07FA7F 
 366      11AC0F0E 
 366      0D08D9
 367 0c5a BC3150BF 		.ascii	"\2741P\277\311? (84P\357\2671\360K\377\315!\221~\221"
 367      C93F2028 
 367      383450EF 
 367      B731F04B 
 367      FFCD2191 
 368 0c70 5BBF098C 		.ascii	"[\277\011\214\360\014\022\264\362\354\337\277dv\304"
 368      F00C12B4 
 368      F2ECDFBF 
 368      6476C4
 369 0c7f D608BD5F 		.ascii	"\326\010\275_D\344F\200\302\024M@\220\177\370\"\302"
 369      44E44680 
 369      C2144D40 
 369      907FF822 
ARM GAS  /tmp/cciNPUQx.s 			page 29


 369      C2
 370 0c90 634DA8FF 		.ascii	"cM\250\377\027!\201\033\002\003\"\303\302\337\376o\350"
 370      1721811B 
 370      020322C3 
 370      C2DFFE6F 
 370      E8
 371 0ca1 0BBF22EF 		.ascii	"\013\277\"\357\325\301\021\226\371\356\244\30770\322"
 371      D5C11196 
 371      F9EEA4C7 
 371      3730D2
 372 0cb0 776B4464 		.ascii	"wkDd\340\246u\376\241\033C\002\303}\302\203\303\302"
 372      E0A675FE 
 372      A11B4302 
 372      C37DC283 
 372      C3C2
 373 0cc2 8323B752 		.ascii	"\203#\267Rk\206\220@\377p\237\300P\240\361\017\373\200"
 373      6B869040 
 373      FF709FC0 
 373      50A0F10F 
 373      FB80
 374 0cd4 2000AEF3 		.ascii	" \000\256\363\017\211\374\335|\273\341\221f\326\001"
 374      0F89FCDD 
 374      7CBBE191 
 374      66D601
 375 0ce3 4140D6C9 		.ascii	"A@\326\311\317\357\313\315\241\001~~\236\357/_\371\276"
 375      CFEFCBCD 
 375      A1017E7E 
 375      9EEF2F5F 
 375      F9BE
 376 0cf5 566ED91B 		.ascii	"Vn\331\033\327\370\2561nX\263\372\017\242\267\217=\363"
 376      D7F8AE31 
 376      6E58B3FA 
 376      0FA2B78F 
 376      3DF3
 377 0d07 E17B7E91 		.ascii	"\341{~\221v\374m\036^\245\361\366\372\320hn\276\243"
 377      76FC6D1E 
 377      5EA5F1F6 
 377      FAD0686E 
 377      BEA3
 378 0d19 F136F858 		.ascii	"\3616\370X\232+5\336\276>F\255\221\265V\300\340\032"
 378      9A2B35DE 
 378      BE3E46AD 
 378      91B556C0 
 378      E01A
 379 0d2b CBE07218 		.ascii	"\313\340r\030\\c\324\370~\342m\374\323|\216\334#\201"
 379      5C63D4F8 
 379      7EE26DFC 
 379      D37C8EDC 
 379      2381
 380 0d3d 5B228957 		.ascii	"[\"\211W\364\206\365\276\336\276zCXx\240\336[\246\016"
 380      F486F5BE 
 380      DEBE7A43 
 380      5878A0DE 
 380      5BA60E
 381 0d50 0DBF804D 		.ascii	"\015\277\200M\253`\001\366\037m\3606\370}\002\341\002"
 381      AB6001F6 
 381      1F6DF036 
ARM GAS  /tmp/cciNPUQx.s 			page 30


 381      F87D02E1 
 381      02
 382 0d61 7D5E46CD 		.ascii	"}^F\315\372\365k\215\330k\265\021\257\206\267\317Z\243"
 382      FAF56B8D 
 382      D86BB511 
 382      AF86B7CF 
 382      5AA3
 383 0d73 C66BADAF 		.ascii	"\306k\255\257Q\363\341Z/\243\015\014\001`5i\257#_\006"
 383      51F3E15A 
 383      2FA30D0C 
 383      01603569 
 383      AF235F06 
 384 0d87 F8B2F15D 		.ascii	"\370\262\361]g\3605b\337u>\330`\200\267\301h\343\345"
 384      67F03562 
 384      DF753ED8 
 384      6080B7C1 
 384      68E3E5
 385 0d9a 6D341835 		.ascii	"m4\0305\033>\371\330\010\204\001a\360\371\324{5|{\031"
 385      1B3EF9D8 
 385      08840161 
 385      F0F9D47B 
 385      357C7B19 
 386 0dae 8C5A5FC3 		.ascii	"\214Z_\303\207\324\326\277\001\371\255G\364"
 386      87D4D6BF 
 386      01F9AD47 
 386      F4
 387              		.text
 388              		.section	.gnu.lto_.symtab.4aafb825a57002ec,"",%progbits
 389 0000 6E766963 		.ascii	"nvicEnableVector\000"
 389      456E6162 
 389      6C655665 
 389      63746F72 
 389      00
 390 0011 00       		.ascii	"\000"
 391 0012 00       		.ascii	"\000"
 392 0013 00       		.ascii	"\000"
 393 0014 00000000 		.ascii	"\000\000\000\000\000\000\000\000"
 393      00000000 
 394 001c D4000000 		.ascii	"\324\000\000\000"
 395 0020 6E766963 		.ascii	"nvicDisableVector\000"
 395      44697361 
 395      626C6556 
 395      6563746F 
 395      7200
 396 0032 00       		.ascii	"\000"
 397 0033 00       		.ascii	"\000"
 398 0034 00       		.ascii	"\000"
 399 0035 00000000 		.ascii	"\000\000\000\000\000\000\000\000"
 399      00000000 
 400 003d D8000000 		.ascii	"\330\000\000\000"
 401 0041 6E766963 		.ascii	"nvicSetSystemHandlerPriority\000"
 401      53657453 
 401      79737465 
 401      6D48616E 
 401      646C6572 
 402 005e 00       		.ascii	"\000"
 403 005f 00       		.ascii	"\000"
ARM GAS  /tmp/cciNPUQx.s 			page 31


 404 0060 00       		.ascii	"\000"
 405 0061 00000000 		.ascii	"\000\000\000\000\000\000\000\000"
 405      00000000 
 406 0069 DA000000 		.ascii	"\332\000\000\000"
 407 006d 6E766963 		.ascii	"nvicClearPending\000"
 407      436C6561 
 407      7250656E 
 407      64696E67 
 407      00
 408 007e 00       		.ascii	"\000"
 409 007f 00       		.ascii	"\000"
 410 0080 00       		.ascii	"\000"
 411 0081 00000000 		.ascii	"\000\000\000\000\000\000\000\000"
 411      00000000 
 412 0089 DC000000 		.ascii	"\334\000\000\000"
 413 008d 63685379 		.ascii	"chSysHalt\000"
 413      7348616C 
 413      7400
 414 0097 00       		.ascii	"\000"
 415 0098 02       		.ascii	"\002"
 416 0099 00       		.ascii	"\000"
 417 009a 00000000 		.ascii	"\000\000\000\000\000\000\000\000"
 417      00000000 
 418 00a2 E1000000 		.ascii	"\341\000\000\000"
 419              		.text
 420              		.section	.gnu.lto_.opts,"",%progbits
 421 0000 272D666D 		.ascii	"'-fmath-errno' '-fsigned-zeros' '-ftrapping-math' '"
 421      6174682D 
 421      6572726E 
 421      6F272027 
 421      2D667369 
 422 0033 2D666E6F 		.ascii	"-fno-trapv' '-fno-openmp' '-fno-openacc' '-mcpu=cor"
 422      2D747261 
 422      70762720 
 422      272D666E 
 422      6F2D6F70 
 423 0066 7465782D 		.ascii	"tex-m4' '-mfloat-abi=hard' '-mfpu=fpv4-sp-d16' '-mn"
 423      6D342720 
 423      272D6D66 
 423      6C6F6174 
 423      2D616269 
 424 0099 6F2D7468 		.ascii	"o-thumb-interwork' '-mthumb' '-O3' '-fomit-frame-po"
 424      756D622D 
 424      696E7465 
 424      72776F72 
 424      6B272027 
 425 00cc 696E7465 		.ascii	"inter' '-falign-functions=16' '-ffunction-sections'"
 425      72272027 
 425      2D66616C 
 425      69676E2D 
 425      66756E63 
 426 00ff 20272D66 		.ascii	" '-fdata-sections' '-fno-common' '-flto'\000"
 426      64617461 
 426      2D736563 
 426      74696F6E 
 426      73272027 
 427              		.text
ARM GAS  /tmp/cciNPUQx.s 			page 32


 428              		.comm	__gnu_lto_v1,1,1
 429              		.comm	__gnu_lto_slim,1,1
 430              		.ident	"GCC: (GNU Tools for Arm Embedded Processors 7-2018-q3-update) 7.3.1 20180622 (release) [AR
ARM GAS  /tmp/cciNPUQx.s 			page 33


DEFINED SYMBOLS
                            *ABS*:0000000000000000 nvic.c
                            *COM*:0000000000000001 __gnu_lto_v1
                            *COM*:0000000000000001 __gnu_lto_slim

NO UNDEFINED SYMBOLS
