ARM GAS  /tmp/cc5VbZnF.s 			page 1


   1              		.cpu cortex-m4
   2              		.eabi_attribute 27, 1
   3              		.eabi_attribute 28, 1
   4              		.eabi_attribute 20, 1
   5              		.eabi_attribute 21, 1
   6              		.eabi_attribute 23, 3
   7              		.eabi_attribute 24, 1
   8              		.eabi_attribute 25, 1
   9              		.eabi_attribute 26, 1
  10              		.eabi_attribute 30, 2
  11              		.eabi_attribute 34, 1
  12              		.eabi_attribute 18, 4
  13              		.file	"stm32_isr.c"
  14              		.section	.gnu.lto_.profile.b51c985253632d7d,"",%progbits
  15 0000 789C6363 		.ascii	"x\234cc```\005bF\206\245\214\252\000\002\243\000\330"
  15      60606005 
  15      624686A5 
  15      8CAA0002 
  15      A300D8
  16              		.text
  17              		.section	.gnu.lto_.icf.b51c985253632d7d,"",%progbits
  18 0000 789C6363 		.ascii	"x\234cc``\340c@\000&\2069\207\366.ba\234\370x\355$n"
  18      6060E063 
  18      40002686 
  18      3987F62E 
  18      62619CF8 
  19 0018 06002B90 		.ascii	"\006\000+\220\005\227"
  19      0597
  20              		.text
  21              		.section	.gnu.lto_.jmpfuncs.b51c985253632d7d,"",%progbits
  22 0000 789C6363 		.ascii	"x\234cc``8\317\310\000\007L@\314\3028\205\231q\353\351"
  22      606038CF 
  22      C800074C 
  22      40CCC238 
  22      859971EB 
  23 0015 03B7D8BB 		.ascii	"\003\267\330\273\231\347030j0nf\224a`<\300\302\250\001"
  23      99E73033 
  23      306A306E 
  23      66946160 
  23      3CC0C2A8 
  24 002a C40C0C20 		.ascii	"\304\014\014 \351\247+\016?\346\202H\2631n\201J\263"
  24      E9A72B0E 
  24      3FE68248 
  24      B3316E81 
  24      4AB3
  25 003c 81A5C1DA 		.ascii	"\201\245\301\332\037\317|\272\213\033\"/\316\270\025"
  25      1FCF7CBA 
  25      8B1B222F 
  25      CEB815
  26 004b 2A2F0ED1 		.ascii	"*/\016\321\216M\375\331\205k\316\261A\324s1n\203\312"
  26      8E4DFDD9 
  26      856BCEB1 
  26      41D47331 
  26      6E83CA
  27 005e 73E1563F 		.ascii	"s\341V?\355\354\304]P\365\234\214\333\241\362\234\270"
  27      EDECC45D 
  27      50F59C8C 
ARM GAS  /tmp/cc5VbZnF.s 			page 2


  27      DBA1F29C 
  27      B8
  28 006f D577FDBA 		.ascii	"\325w\375\272\336\307\001Q\317\301\270\003*\317\201"
  28      DEC70151 
  28      CFC1B803 
  28      2ACF81
  29 007e 5BFDC953 		.ascii	"[\375\311S\323W\360@\324\2633\356\204\312\263\343P\217"
  29      D357F040 
  29      D4B333EE 
  29      84CAB3E3 
  29      508F
  30 0090 2680C107 		.ascii	"&\200\301\007\006+#Z\030\002\005PC\005(\200\352m\240"
  30      062B235A 
  30      18020550 
  30      43052880 
  30      EA6DA0
  31 00a3 00AABF80 		.ascii	"\000\252\277\200\002\250\016\007\012\240\272\214\011"
  31      02A80E07 
  31      0AA0BA8C 
  31      09
  32 00b0 DD660600 		.ascii	"\335f\006\000M\273U\224"
  32      4DBB5594 
  33              		.text
  34              		.section	.gnu.lto_.inline.b51c985253632d7d,"",%progbits
  35 0000 789C6363 		.ascii	"x\234cc``hf@\000&\006\006\211k\014\214 \232\201m\201"
  35      60606866 
  35      40002606 
  35      06896B0C 
  35      8C209A81 
  36 0016 3C886260 		.ascii	"<\210b`\346\001\213\023O12\010\236G3\203\211\033$L\014"
  36      E6018B13 
  36      4F313208 
  36      9E473383 
  36      891B244C 
  37 002b C90000AF 		.ascii	"\311\000\000\257K\004\310"
  37      4B04C8
  38              		.text
  39              		.section	.gnu.lto_.pureconst.b51c985253632d7d,"",%progbits
  40 0000 789C6363 		.ascii	"x\234cc```\005b&\006\011F\011\000\000\364\000?"
  40      60606005 
  40      62260609 
  40      46090000 
  40      F4003F
  41              		.text
  42              		.section	.gnu.lto_irqInit.b51c985253632d7d,"",%progbits
  43 0000 789C7DD2 		.ascii	"x\234}\322?H\002Q\030\000\360\357\273W\347iEcA\321\234"
  43      3F480251 
  43      1800F0EF 
  43      BB57E769 
  43      456341D1 
  44 0015 8B071A2D 		.ascii	"\213\007\032-\215A[8\330\036\325\242P\030\236\203\333"
  44      8D415B38 
  44      D81ED5A2 
  44      50189E83 
  44      DB
  45 0026 5D85697F 		.ascii	"]\205i\177\210\202R\202C\254%\207@\244\314\316\262."
  45      88825282 
ARM GAS  /tmp/cc5VbZnF.s 			page 3


  45      43AC2587 
  45      40A4CCCE 
  45      B22E
  46 0038 9B2A7468 		.ascii	"\233*th\011j*\263Ij\017\262\336\371\202\270\241\373"
  46      096A2AB3 
  46      496A0FB2 
  46      DEF982B8 
  46      A1FB
  47 004a E07BEFE3 		.ascii	"\340{\357\343\275\367\373\336\360\036\017\000#\034\300"
  47      BDF7FBDE 
  47      F01E0F00 
  47      231CC0
  48 0059 309DFB68 		.ascii	"0\235\373h\"\001\3446\253\000\013\002\207h\024\212\200"
  48      2201E436 
  48      AB000B02 
  48      8768148A 
  48      80
  49 006a 207328E3 		.ascii	" s(\343:\331&X\216\275i\234\363@\241\241'7\273\227\225"
  49      3AD92658 
  49      8EBD699C 
  49      F340A1A1 
  49      2737BB97 
  50 007f 68AF4A00 		.ascii	"h\257J\000\0224\215\300#t\002=\366\222k\356t\361ml\035"
  50      12348DC0 
  50      2374023D 
  50      F6926BEE 
  50      74F16D6C 
  51 0094 8F9107A4 		.ascii	"\217\221\007\244E\366\276]W\232\3371E\177\335\307\202"
  51      45F6BE5D 
  51      579ADF31 
  51      457FDDC7 
  51      82
  52 00a5 D70E10A7 		.ascii	"\327\016\020\247\373\364\022E\207\025\302\031\325\222"
  52      FBF41245 
  52      8715C219 
  52      D592
  53 00b3 0E0D8CA6 		.ascii	"\016\015\214\246\263)\322R\264\225\2465\236l\362\227"
  53      B329D252 
  53      B495A635 
  53      9E6CF297 
  54 00c3 22A80413 		.ascii	"\"\250\004\023\204\266\301<\312\306F=s]s\254\021\225"
  54      84B6C13C 
  54      CAC6463D 
  54      735D73AC 
  54      1195
  55 00d5 70C8E309 		.ascii	"p\310\343\011\366\033\251\022\322\362\271\201\377y\201"
  55      F61BA912 
  55      D2F2B981 
  55      FF7981
  56 00e4 F19BDB64 		.ascii	"\361\233\333d\246\223q\033\236\232y\336\202k\214\257"
  56      A693711B 
  56      9E9A79DE 
  56      826B8CAF 
  57 00f4 7E3E6C08 		.ascii	"~>l\010\214\013X4s\315\202\2371\236\250l\025y\306\355"
  57      8C0B5834 
  57      73CD829F 
  57      319EA86C 
ARM GAS  /tmp/cc5VbZnF.s 			page 4


  57      1579C6ED 
  58 0108 786EE625 		.ascii	"xn\346%\013^b\274\262wX\375\345\016\2740\363g\013~\311"
  58      0B5E62BC 
  58      B27758FD 
  58      E50EBC30 
  58      F3670B7E 
  59 011d 786DB75E 		.ascii	"xm\267^\354`\274\007u3\257[\360+\306\363w\372\243\215"
  59      EC60BC07 
  59      7533AF5B 
  59      F02BC6F3 
  59      77FAA38D 
  60 0131 F1412CFF 		.ascii	"\361A,\377\361w\\L\177\244\260\345\215\210SD\337\224"
  60      F1775C4C 
  60      7FA4B0E5 
  60      8D885344 
  60      DF94
  61 0143 7EAF2197 		.ascii	"~\257!\227K\034\365\007\246\003^\237\030\224D\377\324"
  61      4B1CF507 
  61      A6035E9F 
  61      189444FF 
  61      D4
  62 0154 AC381F0C 		.ascii	"\2548\037\014\205%\32171\356q\263q\314\023\211\210R"
  62      8525D137 
  62      31EE71B3 
  62      71CC1389 
  62      8852
  63 0166 78CEE39E 		.ascii	"x\316\343\236\014H!\327\014\374\000\202h\304/"
  63      0C4821D7 
  63      0CFC0082 
  63      68C42F
  64              		.text
  65              		.section	.gnu.lto_irqDeinit.b51c985253632d7d,"",%progbits
  66 0000 789C7DD2 		.ascii	"x\234}\322\315K\002A\024\000\360\367vj]\255\350XP\340"
  66      CD4B0241 
  66      1400F0F7 
  66      766A5DAD 
  66      E85850E0 
  67 0014 352F2E68 		.ascii	"5/.h\364\017\004\335\242\203\335\243\272(\024\206\353"
  67      F40F04DD 
  67      A283DDA3 
  67      BA281486 
  67      EB
  68 0025 C1DB6E9F 		.ascii	"\301\333n\237\332\007QPJ\260\240u\311C\020QfkY\233\235"
  68      DA075150 
  68      4AB0A075 
  68      C9431051 
  68      666B599B 
  69 003a 2AF41041 		.ascii	"*\364\020AP\247\022\203\300:\005A\2215\353\004{j\037"
  69      50A71283 
  69      C03A0541 
  69      9135EB04 
  69      7B6A1F
  70 004d BC99C7CC 		.ascii	"\274\231\307\314\374\336\034fx\000pr\000=t\356\240\211"
  70      FCDE1C66 
  70      78007072 
  70      003D74EE 
  70      A089
ARM GAS  /tmp/cc5VbZnF.s 			page 5


  71 005f 04905B29 		.ascii	"\004\220[)\001L\012\034\242Q(\002\202\314\241\214Kd"
  71      014C0A1C 
  71      A2512802 
  71      82CCA18C 
  71      4B64
  72 0071 8D6021FA 		.ascii	"\215`!\372\254q\256m\205\206\236\270m\235Sf\333U\002"
  72      AC71AE6D 
  72      85869EB8 
  72      6D9D5366 
  72      DB5502
  73 0084 10A76904 		.ascii	"\020\247i\004\356\243\013\350\261\247\275\332z\013\337"
  73      EEA30BE8 
  73      B1A7BDDA 
  73      7A0BDF
  74 0093 C0D6F100 		.ascii	"\300\326\361\000y@Z\354\3364\352J\355'\252\350\357["
  74      79405AEC 
  74      DE34EA4A 
  74      ED27AAE8 
  74      EF5B
  75 00a5 F8356007 		.ascii	"\3705`\007\210\321}z\211\242\303<\341\214jZ\207*\316"
  75      88D17D7A 
  75      89A2C33C 
  75      E18C6A5A 
  75      872ACE
  76 00b8 A4B24952 		.ascii	"\244\262IRW\264\225\246U\037l\362\267\"\250\004\343"
  76      57B495A6 
  76      551F6CF2 
  76      B722A804 
  76      E3
  77 00c9 84B6C10C 		.ascii	"\204\266\301\014\312\306F%}Qv,\022\225p\310\343!v\252"
  77      CAC64625 
  77      7D51762C 
  77      129570C8 
  77      E32176AA 
  78 00dd 84D4ADE6 		.ascii	"\204\324\255\346\374\237f\031\275\274J\244\233\031\265"
  78      FC9F6619 
  78      BDBC4AA4 
  78      9B19B5
  79 00ec E19149F3 		.ascii	"\341\221I\363\026Tct\341\363nY`T\300\234I\037-\3501"
  79      16546374 
  79      E1F36E59 
  79      6054C09C 
  79      491F2DE8 
  80 0101 A3F1E26A 		.ascii	"\243\361\342j\216g\324\216'&\255X\320<\243\305\315\235"
  80      8E67D48E 
  80      2726AD58 
  80      D03CA3C5 
  80      CD9D
  81 0113 D21F75E0 		.ascii	"\322\037u\340\251I_,\350\031\243\345\215J\256\211\321"
  81      A9495F2C 
  81      E819A3E5 
  81      8D4AAE89 
  81      D1
  82 0124 36D44DFA 		.ascii	"6\324M\372jA\317\031\315\\\353\3676F\273\260\300\350"
  82      6A41CF19 
  82      CD5CEBF7 
  82      3646BBB0 
ARM GAS  /tmp/cc5VbZnF.s 			page 6


  82      C0E8
  83 0136 1B4EA53E 		.ascii	"\033N\245>\222X\267F\304(\240\357F\277P\267\333-\366"
  83      9258B746 
  83      C428A0EF 
  83      46BF50B7 
  83      DB2DF6
  84 0149 FA032381 		.ascii	"\372\003#\201\001\237\030\224D\377\360\2308\021\014"
  84      019F1894 
  84      44FFF098 
  84      38110C
  85 0158 8525D137 		.ascii	"\205%\3217\330\357\365\260\261\317\033\211\210Rx\334"
  85      D8EFF5B0 
  85      B1CF1B89 
  85      885278DC 
  86 0168 EB190A48 		.ascii	"\353\031\012H!\367(\374\002\242\372\277`"
  86      21F728FC 
  86      02A2FABF 
  86      60
  87              		.text
  88              		.section	.gnu.lto_.symbol_nodes.b51c985253632d7d,"",%progbits
  89 0000 789C55CB 		.ascii	"x\234U\313\315\011\2000\014\206\341\257)8\227N\226\036"
  89      CD098030 
  89      0C86E1AF 
  89      2938974E 
  89      961E
  90 0012 3A804374 		.ascii	":\200Ct\010\377\216=;\203B\347\020\323\372\011z\010"
  90      08FF8E3D 
  90      3B8342E7 
  90      10D3FA09 
  90      7A08
  91 0024 4F78433A 		.ascii	"OxC:\000\223\015d\026\005\306\0350\2260XYD\335\257\270"
  91      00930D64 
  91      1605C61D 
  91      30963058 
  91      5944DDAF 
  92 0039 55545A01 		.ascii	"UTZ\001B\350-l\242\376\033<\004\351\270\\5\323B\343"
  92      42E82D6C 
  92      A2FE1B3C 
  92      04E9B85C 
  92      35D342E3 
  93 004d F99868A6 		.ascii	"\371\230h\246\245j[\37333-4\276w\232i\375\303\015v\210"
  93      A56A5BFB 
  93      33332D34 
  93      BE779A69 
  93      FDC30D76 
  94 0062 366B     		.ascii	"6k"
  95              		.text
  96              		.section	.gnu.lto_.refs.b51c985253632d7d,"",%progbits
  97 0000 789C6363 		.ascii	"x\234cc```\004b\006\000\000D\000\010"
  97      60606004 
  97      62060000 
  97      440008
  98              		.text
  99              		.section	.gnu.lto_.decls.b51c985253632d7d,"",%progbits
 100 0000 789C9D53 		.ascii	"x\234\235SIL\024A\024\255_=\002\266\010h\214\321\304"
 100      494C1441 
 100      14AD5F3D 
ARM GAS  /tmp/cc5VbZnF.s 			page 7


 100      02B60868 
 100      8CD1C4
 101 0013 03E1A21E 		.ascii	"\003\341\242\036\230V\361\340\311%\270\036\320\304-"
 101      9856F1E0 
 101      C925B81E 
 101      D0C42D
 102 0022 F1340E43 		.ascii	"\3614\016C\033:azt\2721x\262\203KTL\320\004\027\020"
 102      1B3A617A 
 102      74BA3178 
 102      B2834B54 
 102      4CD00417 
 103 0037 93891295 		.ascii	"\223\211\022\225h\224\270\013\"\213\302\240\014\002"
 103      6894B80B 
 103      228BC2A0 
 103      0C02
 104 0045 83C6B821 		.ascii	"\203\306\270!q\211&\232\270D%\350a\374U\325\315\200"
 104      7189269A 
 104      B84425E8 
 104      61FC55D5 
 104      CD80
 105 0057 3A1EAC4C 		.ascii	":\036\254LuM\375z\357\277W\375\177'\021BB.BV\000!g\360"
 105      754DFD7A 
 105      EFBF57FD 
 105      7F271142 
 105      422E4256 
 106 006f 7F0C8784 		.ascii	"\177\014\207\204k\013N\014\221F\"\006BH\033\3160\316"
 106      6B0B4E0C 
 106      91462206 
 106      42481BCE 
 106      30CE
 107 0081 08CE1EF2 		.ascii	"\010\316\036\362\347(\003\201\333\210\263\327\346v\332"
 107      E7280381 
 107      DB88B3D7 
 107      E676DA
 108 0090 67D4E647 		.ascii	"g\324\346G\376\302+\037\301\213\332\274\356\021\274"
 108      FEC22B1F 
 108      C18BDABC 
 108      EE11BC
 109 009f 7002BD0A 		.ascii	"p\002\275\012\011\236w\324\236\225\312$\230.\003s\236"
 109      099E77D4 
 109      9E95CA24 
 109      982E0373 
 109      9E
 110 00b0 8EA10B1F 		.ascii	"\216\241\013\037n\014\215\027!\206h\215\364}L\227(\377"
 110      6E0C8D17 
 110      2186688D 
 110      F47D4C97 
 110      28FF
 111 00c2 5FDD77F4 		.ascii	"_\335w\364)u\237\263\304H\321\011\\\001\311I\025-\377"
 111      29759FB3 
 111      C448D109 
 111      5C01C949 
 111      152DFF
 112 00d5 52932C2D 		.ascii	"R\223,-\340\300\336\235u\325,\355D\031\\\270\375\334"
 112      E0C0DE9D 
 112      75D52CED 
 112      44195CB8 
ARM GAS  /tmp/cc5VbZnF.s 			page 8


 112      FDDC
 113 00e7 55F52A0D 		.ascii	"U\365*\015\267\223d\310\254\220\350\213\307?\237\245"
 113      B79364C8 
 113      AC90E88B 
 113      C73F9FA5 
 114 00f7 813C638F 		.ascii	"\201<c\217e\225Z\241\035\326\330\345\004n\3004\270\016"
 114      65955AA1 
 114      1DD6D8E5 
 114      046EC034 
 114      B80E
 115 0109 D30834C0 		.ascii	"\323\0104\300\014&}\025\334\004.c\360\022\006O1\271"
 115      0C267D15 
 115      DC042E63 
 115      F012064F 
 115      31B9
 116 011b E64795F3 		.ascii	"\346G\225\363+\277XV&\324\203\014\327@\342\030|\313"
 116      2BBF5856 
 116      26D4830C 
 116      D740E218 
 116      7CCB
 117 012d D36561A0 		.ascii	"\323ea\240\266\346\340\211$i;3@\033\216\275i\243\211"
 117      B6E6E089 
 117      24693B33 
 117      401B8EBD 
 117      69A389
 118 0140 246E2594 		.ascii	"$n%\224\010\327f\265\357\262,\012\215(q3.\201\212l\301"
 118      08D766B5 
 118      EFB22C0A 
 118      8D287133 
 118      2E818A6C 
 119 0155 28EABC3D 		.ascii	"(\352\274=\331S\016/\3409\273:d\360\353\003\210'\256"
 119      D9530E2F 
 119      E039BB3A 
 119      64F0EB03 
 119      8827AE
 120 0168 6CF27DCC 		.ascii	"l\362}\314\031 \342\030\245\354\230\267\0058Xg8\021"
 120      1920E218 
 120      A5EC98B7 
 120      05385867 
 120      3811
 121 017a 42ED1CD4 		.ascii	"B\355\034\324\311\313\177`\377`DVq.\344\206\323\010"
 121      C9CB7F60 
 121      FF604456 
 121      712EE486 
 121      D308
 122 018c BCF0431C 		.ascii	"\274\360C\0349\373\214::d\2244\356\177\367:\372\024"
 122      39FB8C3A 
 122      3A649434 
 122      EE7FF73A 
 122      FA14
 123 019e 8673897E 		.ascii	"\206s\211~b/\273o\350Y4}\000\3721\274!\215\034H\321"
 123      622FBB6F 
 123      E859347D 
 123      00FA31BC 
 123      218D1C48 
 124 01b3 79DDCBDE 		.ascii	"y\335\313\336\377(\007\351\"\360M[l\2609]4\001e\375"
 124      FF2807E9 
ARM GAS  /tmp/cc5VbZnF.s 			page 9


 124      22F04D5B 
 124      6CB0395D 
 124      340165FD 
 125 01c7 F129727C 		.ascii	"\361)r|\234h\202\014\334\236\333\037\253\0303\3450{"
 125      9C68820C 
 125      DC9EDB1F 
 125      AB1833E5 
 125      307B
 126 01d9 ED077658 		.ascii	"\355\007vX\031\0246N\206\333X\214V,\006\201;0\005\237"
 126      1914364E 
 126      86DB588C 
 126      562C0681 
 126      3B30059F 
 127 01ed BA4B881D 		.ascii	"\272K\210\035\252\177\322\231\234\025\262B\003\330\005"
 127      AA7FD299 
 127      9C15B242 
 127      03D805
 128 01fc 17326F46 		.ascii	"\0272oFv[=\310[\310q\320\022\257S\013\257I3\014\000"
 128      765B3DC8 
 128      5BC871D0 
 128      12AF530B 
 128      AF49330C 
 129 0211 34618908 		.ascii	"4a\211\010\264A\026\362\337\275\376\376U\226>\012[M"
 129      B44116F2 
 129      DFBDFEFE 
 129      55963E0A 
 129      5B4D
 130 0223 0FCFEFA5 		.ascii	"\017\317\357\245v\262\350\374*\253\271\324b\025g\231"
 130      76B2E8FC 
 130      2AABB9D4 
 130      62156799 
 131 0233 DAE399DA 		.ascii	"\332\343\231\332\177\317\024\346\231\216=xy\222JC\""
 131      7FCF14E6 
 131      998E3D78 
 131      79924A43 
 131      22
 132 0244 53F8CC95 		.ascii	"S\370\314\225\026pQ\321\030\314,\306:\007O7\271\206"
 132      167051D1 
 132      18CC2CC6 
 132      3A074F37 
 132      B986
 133 0256 63778107 		.ascii	"cw\201\007?\337\352?L\023\336\265\223\337\365\036\330"
 133      3FDFEA3F 
 133      4C13DEB5 
 133      93DFF51E 
 133      D8
 134 0267 97ADB958 		.ascii	"\227\255\271X}6\025\375\015\260\226\277;\257\262\356"
 134      7D3615FD 
 134      0DB096BF 
 134      3BAFB2EE 
 135 0277 9DB547E6 		.ascii	"\235\265G\346(\350\210\373\353\260?<\210p_\017\373\033"
 135      28E888FB 
 135      EBB03F3C 
 135      88705F0F 
 135      FB1B
 136 0289 3F49D275 		.ascii	"?I\322u\232\320\327\221\276\023\365\343\023Z\350\346"
 136      9AD0D791 
ARM GAS  /tmp/cc5VbZnF.s 			page 10


 136      BE13F5E3 
 136      135AE8E6 
 137 0299 16EE3B16 		.ascii	"\026\356;\026B\337\006g\331\016~L\255\262Z)\003@W\\"
 137      42DF0667 
 137      D90E7E4C 
 137      ADB25A29 
 137      0340575C 
 138 02ad BDCB51EF 		.ascii	"\275\313Q\357\341\352U\245u/\223R\367\015\177k\334\254"
 138      E1EA55A5 
 138      752F9352 
 138      F70D7F6B 
 138      DCAC
 139 02bf F3B911E8 		.ascii	"\363\271\021\350\205T\016\306\225\02536\370j\314Hp\367"
 139      85540EC6 
 139      95153336 
 139      F86ACC48 
 139      70F7
 140 02d1 2870D406 		.ascii	"(p\324\006\2635\307\355Vr\013\265|m\325\032%`(\205\336"
 140      B335C7ED 
 140      56720BB5 
 140      7C6DD51A 
 140      25602885 
 141 02e6 22657320 		.ascii	"\"es h\032\312\232\265y9s\304siNI\211b\230\376\2349"
 141      681ACA9A 
 141      B5793973 
 141      C473694E 
 141      49896298 
 142 02fd 1ECD08BA 		.ascii	"\036\315\010\272})\313V\256\313\314\235=\233\310\036"
 142      7D29CB56 
 142      AECBCC9D 
 142      3D9BC81E 
 143 030d 4FB1A69B 		.ascii	"O\261\246\233\0307\347*\305FP\361\006\375\331z@W\263"
 143      1837E72A 
 143      C54650F1 
 143      06FDD97A 
 143      4057B3
 144 0320 556FBEA6 		.ascii	"Uo\276\246h\272\257\250\270@U\374^_\241\246\253\212"
 144      68BAAFA8 
 144      B84055FC 
 144      5E5FA1A6 
 144      AB8A
 145 0332 A740DDE4 		.ascii	"\247@\335\344-.2=\346\266\315\252\341.$)\016{\346?\330"
 145      2D2E323D 
 145      E6B6CDAA 
 145      E12E2429 
 145      0E7BE63F 
 146 0347 C63643F1 		.ascii	"\3066C\361\030f\001B\221\222\254\005\267\254\3205s\356"
 146      18660142 
 146      9192AC05 
 146      B7ACD035 
 146      73EE
 147 0359 7FF82663 		.ascii	"\177\370&c\221\274X\325\220\236\241o\325|Kto~\221\272"
 147      91BC58D5 
 147      909EA16F 
 147      D57C4B74 
 147      6F7E91BA 
 148 036d 5EF59981 		.ascii	"^\365\231\201`v\242|\276\200\337\037\320\225E\253\363"
ARM GAS  /tmp/cc5VbZnF.s 			page 11


 148      6076A27C 
 148      BE80DF1F 
 148      D09545AB 
 148      F3
 149 037e 72F34A14 		.ascii	"r\363J\024FC\027\023\330\272X3\342\374_\345\020\267"
 149      46431713 
 149      D8BA5833 
 149      E2FC5FE5 
 149      10B7
 150 0390 9C       		.ascii	"\234"
 151              		.text
 152              		.section	.gnu.lto_.symtab.b51c985253632d7d,"",%progbits
 153 0000 69727149 		.ascii	"irqInit\000"
 153      6E697400 
 154 0008 00       		.ascii	"\000"
 155 0009 00       		.ascii	"\000"
 156 000a 00       		.ascii	"\000"
 157 000b 00000000 		.ascii	"\000\000\000\000\000\000\000\000"
 157      00000000 
 158 0013 C5000000 		.ascii	"\305\000\000\000"
 159 0017 69727144 		.ascii	"irqDeinit\000"
 159      65696E69 
 159      7400
 160 0021 00       		.ascii	"\000"
 161 0022 00       		.ascii	"\000"
 162 0023 00       		.ascii	"\000"
 163 0024 00000000 		.ascii	"\000\000\000\000\000\000\000\000"
 163      00000000 
 164 002c C7000000 		.ascii	"\307\000\000\000"
 165 0030 6E766963 		.ascii	"nvicEnableVector\000"
 165      456E6162 
 165      6C655665 
 165      63746F72 
 165      00
 166 0041 00       		.ascii	"\000"
 167 0042 02       		.ascii	"\002"
 168 0043 00       		.ascii	"\000"
 169 0044 00000000 		.ascii	"\000\000\000\000\000\000\000\000"
 169      00000000 
 170 004c CC000000 		.ascii	"\314\000\000\000"
 171 0050 6E766963 		.ascii	"nvicDisableVector\000"
 171      44697361 
 171      626C6556 
 171      6563746F 
 171      7200
 172 0062 00       		.ascii	"\000"
 173 0063 02       		.ascii	"\002"
 174 0064 00       		.ascii	"\000"
 175 0065 00000000 		.ascii	"\000\000\000\000\000\000\000\000"
 175      00000000 
 176 006d D0000000 		.ascii	"\320\000\000\000"
 177              		.text
 178              		.section	.gnu.lto_.opts,"",%progbits
 179 0000 272D666D 		.ascii	"'-fmath-errno' '-fsigned-zeros' '-ftrapping-math' '"
 179      6174682D 
 179      6572726E 
 179      6F272027 
ARM GAS  /tmp/cc5VbZnF.s 			page 12


 179      2D667369 
 180 0033 2D666E6F 		.ascii	"-fno-trapv' '-fno-openmp' '-fno-openacc' '-mcpu=cor"
 180      2D747261 
 180      70762720 
 180      272D666E 
 180      6F2D6F70 
 181 0066 7465782D 		.ascii	"tex-m4' '-mfloat-abi=hard' '-mfpu=fpv4-sp-d16' '-mn"
 181      6D342720 
 181      272D6D66 
 181      6C6F6174 
 181      2D616269 
 182 0099 6F2D7468 		.ascii	"o-thumb-interwork' '-mthumb' '-O3' '-fomit-frame-po"
 182      756D622D 
 182      696E7465 
 182      72776F72 
 182      6B272027 
 183 00cc 696E7465 		.ascii	"inter' '-falign-functions=16' '-ffunction-sections'"
 183      72272027 
 183      2D66616C 
 183      69676E2D 
 183      66756E63 
 184 00ff 20272D66 		.ascii	" '-fdata-sections' '-fno-common' '-flto'\000"
 184      64617461 
 184      2D736563 
 184      74696F6E 
 184      73272027 
 185              		.text
 186              		.comm	__gnu_lto_v1,1,1
 187              		.comm	__gnu_lto_slim,1,1
 188              		.ident	"GCC: (GNU Tools for Arm Embedded Processors 7-2018-q3-update) 7.3.1 20180622 (release) [AR
ARM GAS  /tmp/cc5VbZnF.s 			page 13


DEFINED SYMBOLS
                            *ABS*:0000000000000000 stm32_isr.c
                            *COM*:0000000000000001 __gnu_lto_v1
                            *COM*:0000000000000001 __gnu_lto_slim

NO UNDEFINED SYMBOLS
