ARM GAS  /tmp/ccAIqnnU.s 			page 1


   1              		.cpu cortex-m4
   2              		.eabi_attribute 27, 1
   3              		.eabi_attribute 28, 1
   4              		.eabi_attribute 20, 1
   5              		.eabi_attribute 21, 1
   6              		.eabi_attribute 23, 3
   7              		.eabi_attribute 24, 1
   8              		.eabi_attribute 25, 1
   9              		.eabi_attribute 26, 1
  10              		.eabi_attribute 30, 1
  11              		.eabi_attribute 34, 1
  12              		.eabi_attribute 18, 4
  13              		.file	"board.c"
  14              		.text
  15              	.Ltext0:
  16              		.section	.gnu.lto_.profile.4a37332d1b294f3e,"",%progbits
  17 0000 789C6365 		.ascii	"x\234ce`b`a```d\250\324\005\000\001\237\000\263"
  17      60626061 
  17      60606064 
  17      A8D40500 
  17      019F00B3 
  18              		.text
  19              		.section	.gnu.lto_.inline.4a37332d1b294f3e,"",%progbits
  20 0000 789C6365 		.ascii	"x\234ce`bhb@\000\026\006\006A\001F\006&\276\015\271"
  20      60626862 
  20      40001606 
  20      06410146 
  20      0626BE0D 
  21 0015 0C22177A 		.ascii	"\014\"\027z\030\231@\202\214\0142\027\031\240\202l\013"
  21      18994082 
  21      8C0C3217 
  21      19A0826C 
  21      0B
  22 0026 E4C162CC 		.ascii	"\344\301b\314<\014@\255DQ\014\254b\214 \006\\/#\027"
  22      3C0C40AD 
  22      44510CAC 
  22      628C2006 
  22      5C2F2317 
  23 003a 8C606160 		.ascii	"\214`a`fB\225c\000\000\000\036\010j"
  23      66429563 
  23      0000001E 
  23      086A
  24              		.text
  25              		.section	.gnu.lto_.jmpfuncs.4a37332d1b294f3e,"",%progbits
  26 0000 789C6365 		.ascii	"x\234ce`b\020c@\000\026 f\204q\230a\"\000\004\255\000"
  26      60621063 
  26      40001620 
  26      66847198 
  26      61220004 
  27 0016 2A       		.ascii	"*"
  28              		.text
  29              		.section	.gnu.lto_.pureconst.4a37332d1b294f3e,"",%progbits
  30 0000 789C6365 		.ascii	"x\234ce`b\340d```a\220b\224b\226`a\000\000\002\267\000"
  30      6062E064 
  30      60606061 
  30      90629462 
  30      96606100 
ARM GAS  /tmp/ccAIqnnU.s 			page 2


  31 0018 69       		.ascii	"i"
  32              		.text
  33              		.section	.gnu.lto_gpio_init.4a37332d1b294f3e,"",%progbits
  34 0000 789CA594 		.ascii	"x\234\245\224\317K\024Q\034\300\337w\336\354\354\354"
  34      CF4B1451 
  34      1CC0DF77 
  34      DEECECEC 
  35 0010 360E4BA7 		.ascii	"6\016K\247\"\017\036\202\305\016\016$\004\235:\230A"
  35      220F1E82 
  35      C50E0E24 
  35      049D3A98 
  35      41
  36 0021 87905A09 		.ascii	"\207\220Z\011:\211k\244\013\321J\376\001\276]\014C\241"
  36      3A896BA4 
  36      0BD14AFE 
  36      01BE5D0C 
  36      43A1
  37 0033 3CB8FEAA 		.ascii	"<\270\376\252m\274\204\256\272\273\332O\265\262m\325"
  37      6DBC84AE 
  37      BABBDA4F 
  37      B5B26DD5 
  38 0043 4CFB1D44 		.ascii	"L\373\035D\267\016I\305B\021\331\241\333\326\367\373"
  38      B70E49C5 
  38      4211D9A1 
  38      DBD6F7FB 
  39 0053 C681B0D3 		.ascii	"\306\201\260\323\260\003\357;\357\315\373\276\317\373"
  39      B003EF3B 
  39      EFCDFBBE 
  39      CFFB
  40 0061 BCEF30E3 		.ascii	"\274\3570\343c\012\033\3641\326\310\030\333\207\015"
  40      630A1BF4 
  40      31D6C818 
  40      DB870D
  41 0070 380365E0 		.ascii	"8\003e\340\025c\011]\001\240\216\320\201u+\320\015W"
  41      1563095D 
  41      01A08ED0 
  41      81752BD0 
  41      0D57
  42 0082 F9308762 		.ascii	"\3710\207b\357\227\005\245vB\340U\030^\012\246\305\033"
  42      EF9705A5 
  42      7642E055 
  42      185E0AA6 
  42      C51B
  43 0094 C16DCED8 		.ascii	"\301m\316\330(6\272`\002j1\355m\317\354u~\005g\000T"
  43      2836BA60 
  43      026A31ED 
  43      6DCFEC75 
  43      7E056700 
  44 00a9 1CFE7C39 		.ascii	"\034\376|9\266i\322P\201\032\034\366\177\236L(\3740"
  44      B669D250 
  44      811A1CF6 
  44      7F9E4C28 
  44      FC30
  45 00bb 30ECA7F2 		.ascii	"0\354\247\362?\336\033\341\233B$E\341\333 \027\373m"
  45      3FDE1BE1 
  45      9B422445 
  45      E1DB2017 
ARM GAS  /tmp/ccAIqnnU.s 			page 3


  45      FB6D
  46 00cd CE610A38 		.ascii	"\316a\0128\002!\003\3250\011\325\014\0371\230\2060\246"
  46      022103D5 
  46      3009D50C 
  46      1F319886 
  46      30A6
  47 00df 97CAF9AF 		.ascii	"\227\312\371\257*?\"\227f>^;\271\275re\317\250(\250"
  47      2A3F2297 
  47      663E5E3B 
  47      B9BD7265 
  47      CFA828A8 
  48 00f3 36576166 		.ascii	"6Waf\347R\225A\026\302\224\377i\256\234\252\322T\307"
  48      E7529541 
  48      16C294FF 
  48      69AE9CAA 
  48      D254C7
  49 0106 1572A001 		.ascii	"\025r\240\001\336\363\357\240 \312\177z\221\261w,\027"
  49      DEF3EFA0 
  49      20CA7F7A 
  49      91B1772C 
  49      17
  50 0117 D88DA7C6 		.ascii	"\330\215\247\306t\216\013}*\320\246\032uu\012A\012\006"
  50      748E0B7D 
  50      2AD0A61A 
  50      75750A41 
  50      0A06
  51 0129 05934288 		.ascii	"\005\223B\210\002c}H\243:\365s\205\356\274\004\311\305"
  51      02637D48 
  51      A33AF573 
  51      85EEBC04 
  51      C9C5
  52 013b 5266D5A4 		.ascii	"Rf\325\244\015\322\234j6t\251\370\332O\247W\245\366"
  52      0DD29C6A 
  52      3674A9F8 
  52      DA4FA757 
  52      A5F6
  53 014d EFB58DCB 		.ascii	"\357\265\215\313\206\015\351\004\326\260\306\346\230"
  53      860DE904 
  53      D6B0C6E6 
  53      98
  54 015a A4401E55 		.ascii	"\244@\036Ui\356\306\310\374/\323\312\212\0019\345\207"
  54      69EEC6C8 
  54      FC2FD3CA 
  54      8A0139E5 
  54      87
  55 016b 59B06144 		.ascii	"Y\260aD\226\026\346\300b%(\016\255\037 \362\277X\376"
  55      9616E6C0 
  55      6225280E 
  55      AD1F20F2 
  55      BF58FE
  56 017e 1F763C8A 		.ascii	"\037v<\212nz\0327\274\265\015\376\260\265\265l \270"
  56      6E7A1A37 
  56      BCB50DFE 
  56      B0B5B56C 
  56      20B8
  57 0190 2741E000 		.ascii	"'A\340\000\334\226`*\000\334\001\013=\231\364\236r\275"
  57      DC96602A 
ARM GAS  /tmp/ccAIqnnU.s 			page 4


  57      00DC010B 
  57      3D99F49E 
  57      72BD
  58 01a2 358FA277 		.ascii	"5\217\242w%O!\336\275\235\242\336\314\356K\222|E\363"
  58      254F21DE 
  58      BD9DA2DE 
  58      CCEE4B92 
  58      7C45F3
  59 01b5 64A63966 		.ascii	"d\2469f\323\256\231\356\321lA\362T\342-Vf\366@\222|"
  59      D3AE99EE 
  59      D16C41F2 
  59      54E22D56 
  59      66F64092 
  60 01ca 447A4866 		.ascii	"DzHf\272c6\343\232\005=\232=\222<\215xK\225\231=\226"
  60      BA6336E3 
  60      9A053D9A 
  60      3D923C8D 
  60      784B9599 
  61 01e0 243F910A 		.ascii	"$?\221\012d\026t\314\262\256\231\341\321\354\211\344"
  61      641674CC 
  61      B2AE99E1 
  61      D1EC89E4 
  62 01f0 E9C42B56 		.ascii	"\351\304+Vf\266,I\001\"\255\220\231\341\230\345\\3\323"
  62      66B62C49 
  62      0122AD90 
  62      99E198E5 
  62      5C33D3
  63 0203 A3D9AAE4 		.ascii	"\243\331\252\344\005\211\367\2642\2635I\332E\244gdf"
  63      0589F7B4 
  63      32B33549 
  63      DA45A467 
  63      6466
  64 0215 3A6679D7 		.ascii	":fy\327,\344\321l]\362\014\342mTf\366\\\222\252\210"
  64      2CE4D16C 
  64      5DF20CE2 
  64      6D5466F6 
  64      5C92AA88 
  65 0229 F482CC42 		.ascii	"\364\202\314B\354;$\3077S@4\371\227\355\303/\027\377"
  65      EC3B24C7 
  65      37534034 
  65      F997EDC3 
  65      2F17FF
  66 023c 35F8B91D 		.ascii	"5\370\271\035\252\253\263\032:b\321XS\304\212wY\035"
  66      AAABB31A 
  66      3A62D158 
  66      53C48A77 
  66      591D
  67 024e ADE7AD68 		.ascii	"\255\347\255h\274\365\342\331.+\322\334\022i>Q\177\360"
  67      BCF5E2D9 
  67      2E2BD2DC 
  67      12693E51 
  67      7FF0
  68 0260 587DCBD1 		.ascii	"X}\313\321\343\221\206\246\323\215\247\3168sum\314\327"
  68      E39186A6 
  68      D38DA7CE 
  68      3873756D 
  68      CCD7
ARM GAS  /tmp/ccAIqnnU.s 			page 5


  69 0272 DE198B77 		.ascii	"\336\031\213wjm\361\013\347b\355\177\001\230\262\342"
  69      6A6DF10B 
  69      E762ED7F 
  69      0198B2E2 
  70 0282 11       		.ascii	"\021"
  71              		.text
  72              		.section	.gnu.lto_stm32_gpio_init.4a37332d1b294f3e,"",%progbits
  73 0000 789CA5D5 		.ascii	"x\234\245\325OH\024Q\034\007\360\367\2337\2733*j\247"
  73      4F481451 
  73      1C07F0F7 
  73      9B37BB33 
  73      2A6AA7
  74 0013 0AF2D0D5 		.ascii	"\012\362\320\325\213\003\011\321\335\012:\224\320J\320"
  74      8B0309D1 
  74      DD0A3A94 
  74      D04AD0
  75 0022 49B402A5 		.ascii	"I\264\002\245@\310{\373V3\315\300$\360_\264\314@\221"
  75      40C87BFB 
  75      5633CDC0 
  75      24F05FB4 
  75      CC4091
  76 0035 FFD2CDDA 		.ascii	"\377\322\315\332\262\265r\327\355\237V\376\311\312\312"
  76      B2B572D7 
  76      ED9F56FE 
  76      C9CACA
  77 0044 F5200B95 		.ascii	"\365 \013\225\213u\210<X\241\365~\357\3552\022\354\264"
  77      8B75883C 
  77      58A1F57E 
  77      EFED3212 
  77      ECB4
  78 0056 D2C0CCEC 		.ascii	"\322\300\314\354\316{\357\373\373\314\233\267;.\242"
  78      CE7BEFFB 
  78      FBCC9BB7 
  78      3B2EA2
  79 0065 90336E42 		.ascii	"\2203nB\366\020Bv\360\035(\001\245u\212\020\237\256"
  79      F6104276 
  79      F01D2801 
  79      A5758A10 
  79      9FAE
  80 0077 00E007A6 		.ascii	"\000\340\007\246\003\361*\340\205\213\264\203B\264\361"
  80      03F12AE0 
  80      858BB483 
  80      42B4F1
  81 0086 534829EC 		.ascii	"SH)\354f|\213t\254d\373\331\014\243&%\244\213\357\270"
  81      667C8B74 
  81      AC64FBD9 
  81      0CA32625 
  81      A48BEFB8 
  82 009a 41371412 		.ascii	"A7\024\022\336/>\264\336\226\353V\345u\350\0017\360"
  82      DE2F3EB4 
  82      DE96EB56 
  82      E575E801 
  82      37F0
  83 00ac 73601622 		.ascii	"s`\026\"l\375w#\213,\\\203\216C\371\0121)/\310\017n"
  83      6CFD7723 
  83      8B2C5C83 
  83      8E43F90A 
ARM GAS  /tmp/ccAIqnnU.s 			page 6


  83      31292FC8 
  84 00c2 3C687820 		.ascii	"<hx \244\231\017\301\302\027\250\202g\232\200\350Hb"
  84      A4990FC1 
  84      C217A882 
  84      679A80E8 
  84      4862
  85 00d4 F40486F8 		.ascii	"\364\004\206\370\251\302\263\333\033\242\323Z\013/\253"
  85      A9C2B3DB 
  85      1BA2D35A 
  85      0B2FAB
  86 00e3 00968A05 		.ascii	"\000\226\212\005&\227u\371\225YML\305\352\343\315\271"
  86      269775F9 
  86      95594D4C 
  86      C5EAE3CD 
  86      B9
  87 00f4 26F87D5C 		.ascii	"&\370}\\\271\323\244\024\372\240\000z\241\200`\367\261"
  87      B9D3A414 
  87      FAA0007A 
  87      A18060F7 
  87      B1
  88 0105 96A5EBB9 		.ascii	"\226\245\353\271\306\000;\013&U\241\037L\350\024v\270"
  88      C6003B0B 
  88      2655A11F 
  88      4CE81476 
  88      B8
  89 0116 01064940 		.ascii	"\001\006I@\375\3529\220\245\250\254\026K\364\005\363"
  89      FDEA3990 
  89      A5A8AC16 
  89      4BF405F3 
  90 0126 301E80B1 		.ascii	"0\036\200\261U\012\003<\207\223\332\263\260\327\246"
  90      550A033C 
  90      8793DAB3 
  90      B0D7A6
  91 0135 6A0DDAB5 		.ascii	"j\015\332\265\002`\360\002\230\263\242o&\307\207m*\334"
  91      0260F002 
  91      98B3A26F 
  91      26C7876D 
  91      2ADC
  92 0147 B49386C0 		.ascii	"\264\223\206\300\3308%*\020\270%\205#\275a\227\274\223"
  92      D838252A 
  92      10B82585 
  92      23BD6197 
  92      BC93
  93 0159 CD316F8B 		.ascii	"\3151o\213p|^\020\374kJ4\236\365\037\023p\307N\276\213"
  93      707C5E10 
  93      FC6B4A34 
  93      9EF51F13 
  93      70C74EBE 
  94 016e 13A09165 		.ascii	"\023\240\221eh\260\006\266b\020\366\016\205\276\304"
  94      68B006B6 
  94      6210F60E 
  94      85BEC4
  95 017d 34EF1AD3 		.ascii	"4\357\032\323M\352\352\302~0\014^\261\232\352\332\344"
  95      4DEAEAC2 
  95      7E300C5E 
  95      B19AEADA 
  95      E4
ARM GAS  /tmp/ccAIqnnU.s 			page 7


  96 018e EDB90117 		.ascii	"\355\271\001\027\236\012\367\240`\343]kb!\324\377\014"
  96      9E0AF7A0 
  96      60E35D6B 
  96      6221D4FF 
  96      0C
  97 019f 7FCFE3C3 		.ascii	"\177\317\343\303\267\363\013Wqv\370\265\211\313\375"
  97      B7F30B57 
  97      7176F8B5 
  97      89CBFD
  98 01ae 2711B7C5 		.ascii	"'\021\267\305\244:\214\360U\034J\312Z|\227\026\024."
  98      A43A8CF0 
  98      551C4ACA 
  98      5A7C9716 
  98      142E
  99 01c0 6B65CC8A 		.ascii	"ke\314\212+&\315\202\373B\247\310q\203\347\307\203\300"
  99      2B26CD82 
  99      FB42A7C8 
  99      7183E7C7 
  99      83C0
 100 01d2 B33A7973 		.ascii	"\263:ys\236I\263\341\001\030\202\011\017\301k\322\034"
 100      9E49B3E1 
 100      01188209 
 100      0FC16BD2 
 100      1C
 101 01e3 210F39C8 		.ascii	"!\0179\310G\245\334\032\036\376\254'\345M(\017\013\371"
 101      47A5DC1A 
 101      1EFEAC27 
 101      E54D280F 
 101      0BF9
 102 01f5 3FA91147 		.ascii	"?\251\021G\352\230\240\3224\324h\212\372\310\246~t\240"
 102      EA98A0D2 
 102      34D4688A 
 102      FAC8A67E 
 102      74A0
 103 0207 3E96D4D1 		.ascii	">\226\324\321%k.?ImE\352\223\314\250O\035\251\317\004"
 103      256B2E3F 
 103      496D45EA 
 103      93CCA84F 
 103      1DA9CF04 
 104 021b 554D431D 		.ascii	"UMC\035OQ'l\3527\007\352sI]\014/\316\273\222\324N\244"
 104      4F51276C 
 104      EA3707EA 
 104      73495D0C 
 104      2FCEBB92 
 105 0232 BEC88CFA 		.ascii	"\276\310\214\372\322\221:)\250\2564\324\251\024u\332"
 105      D2913A29 
 105      A8AE34D4 
 105      A91475DA 
 106 0242 A6AE3950 		.ascii	"\246\2569Pg$5\361+\370#'I\265\220\372*3\352\254#\365"
 106      672435F1 
 106      2BF82327 
 106      49B590FA 
 106      2A33EAAC 
 107 0258 B5A0BAD3 		.ascii	"\265\240\272\323P\337\244\250omj\357\266\364\3249I\355"
 107      50DFA4A8 
 107      6F6D6AEF 
 107      B6F4D439 
ARM GAS  /tmp/ccAIqnnU.s 			page 8


 107      49ED
 108 026a 4BC403D9 		.ascii	"K\304\003\331Ij\017R\337eF}\357H\375 \250Z\032\352|"
 108      496A0F52 
 108      DF65467D 
 108      EF48FD20 
 108      A85A1AEA 
 109 027f 8A1A93D4 		.ascii	"\212\032\223\324\257Pg\005\256\210\277\033\361>i\346"
 109      AF506705 
 109      AE88BF1B 
 109      F13E69E6 
 110 028f 40FE12E0 		.ascii	"@\376\022\340\277\312\335EEFIUueu\251\307\250\2515\252"
 110      BFCADD45 
 110      45464955 
 110      756575A9 
 110      C7A8A935 
 111 02a4 2A4E1995 		.ascii	"*N\031\2255\025\247\217\327\032\236\262rO\331\301\342"
 111      3515A78F 
 111      D71A9EB2 
 111      724FD9C1 
 111      E2
 112 02b5 5DFB8BCB 		.ascii	"]\373\213\313\367\036\360\224\224\036\331w\370\250l"
 112      F71EF094 
 112      941ED977 
 112      F8A86C
 113 02c4 2B3A46FE 		.ascii	"+:F\376\000n2,\315"
 113      006E322C 
 113      CD
 114              		.text
 115              		.section	.gnu.lto_gpio_default_config.4a37332d1b294f3e,"",%progbits
 116 0000 789C7D91 		.ascii	"x\234}\221[O\032A\024\307\367\354\260\210\212\345\305"
 116      5B4F1A41 
 116      14C7F7EC 
 116      B0888AE5 
 116      C5
 117 0011 475FFBE2 		.ascii	"G_\373\342' \351\227\3517\260\375\006Co\242\261\336"
 117      2720E997 
 117      E937B0FD 
 117      06436FA2 
 117      B1DE
 118 0023 2275D3C6 		.ascii	"\"u\323\306,)!\302j\201zGm]\220x\251/j\026\022\252\246"
 118      2C2921C2 
 118      6A817A47 
 118      6D5D9078 
 118      A92F6A16 
 119 003a 6D421AD2 		.ascii	"mB\032\322P0\330\024,Mp\2063\220Lb\330\207\375\347\374"
 119      5030D814 
 119      2C4D7086 
 119      33904C62 
 119      D887FDE7 
 120 004f 7666CEEF 		.ascii	"vf\316\357\314j\212\252\214\020E\001\005\237y\002\361"
 120      CC6A8AAA 
 120      8C104501 
 120      059F7902 
 120      F1
 121 0060 52F27660 		.ascii	"R\362v`\222\030\204AV\206\3775\256\011\226\315&a\340"
 121      92188441 
 121      5686FF35 
ARM GAS  /tmp/ccAIqnnU.s 			page 9


 121      AE0996CD 
 121      2661E0
 122 0073 F57925AB 		.ascii	"\365y%\253!85\263\246\306P\254\372'\346D\344a\345M\360"
 122      213835B3 
 122      A6C650AC 
 122      FA27E644 
 122      E461E54D 
 123 0088 ECD8E9DD 		.ascii	"\354\330\351\335\240\376 }b\020\320\031^\204!\235\000"
 123      A0FE207D 
 123      6210D019 
 123      5E84219D 
 123      00
 124 0099 860A260F 		.ascii	"\206\012&\017\002Q\036\016\210\360\320\360\233\223G"
 124      02511E0E 
 124      88F0D0F0 
 124      9B9347
 125 00a8 CBE26521 		.ascii	"\313\342e!\352\022m\201\325S_rB*`f]\014\214\375M\034"
 125      EA126D81 
 125      D5535F72 
 125      422A6066 
 125      5D0C8CFD 
 126 00be AA482CDF 		.ascii	"\252H,\337\377&\357\233K\307\277\212E\026\265[fvi\251"
 126      FF26EF9B 
 126      4BC7BF8A 
 126      4516B55B 
 126      667669A9 
 127 00d2 3120ABC4 		.ascii	"1 \253\304%\225\030\252|@\225\345\373T\316ca\277\003"
 127      259518AA 
 127      7C4095E5 
 127      FB54CE63 
 127      61BF03
 128 00e5 8FCD8A81 		.ascii	"\217\315\212\201C\325o\251\336n\023.\342\261\037\273"
 128      43D56FA9 
 128      DE6E132E 
 128      E2B11FBB 
 129 00f5 4C58AD15 		.ascii	"LX\255\025\253\036<\226\322K~\263\206\177!\011\235F"
 129      AB1E3C96 
 129      D24B7EB3 
 129      867F2109 
 129      9D46
 130 0107 C38C6466 		.ascii	"\303\214dfn\237\266\227P\312g\014\244}\221\366\256A"
 130      6E9FB697 
 130      50CA670C 
 130      A47D91F6 
 130      AE41
 131 0119 BEA734E9 		.ascii	"\276\2474\351\323d\223\015\311d\035M\326$\223U\311$"
 131      D364930D 
 131      C9641D4D 
 131      D6249355 
 131      C924
 132 012b A55FC5FB 		.ascii	"\245_\305\373;m\202\016\206\242o\306f\305O\016\214\343"
 132      3B6D820E 
 132      86A26FC6 
 132      66C54F0E 
 132      8CE3
 133 013d 55AEBD4D 		.ascii	"U\256\275MfDg\353\007\327M\354\276\370\375@\000\376"
 133      664467EB 
ARM GAS  /tmp/ccAIqnnU.s 			page 10


 133      07D74DEC 
 133      BEF8FD40 
 133      00FE
 134 014f 8B4ECA47 		.ascii	"\213N\312G\323\342\372iJe\340\202\376\252xd\267]t\333"
 134      D3E2FA69 
 134      4A65E082 
 134      FEAA7864 
 134      B75D74DB 
 135 0163 41B76D74 		.ascii	"A\267mtKJn[\222\333\334h\336n\317k=b\240^\011\275s\264"
 135      4B4A6E5B 
 135      92DBDC68 
 135      DE6ECF6B 
 135      3D62A05E 
 136 017b 65AD9699 		.ascii	"e\255\226\231\276\2207\205\254\375\336\016:\031\032"
 136      BE903785 
 136      ACFDDE0E 
 136      3A191A
 137 018a 2FBC3AE8 		.ascii	"/\274:\350\021\253\352\317\177r\335\262\261Uq\013t\372"
 137      11ABEACF 
 137      7F72DDB2 
 137      B155710B 
 137      74FA
 138 019c CCE682DF 		.ascii	"\314\346\202\337'\346\037\312~i\351\356R\350gI~{\350"
 138      27E61FCA 
 138      7E69E9EE 
 138      52E86749 
 138      7E7BE8
 139 01af F719FD8A 		.ascii	"\367\031\375\212\221Z\004\360\214\307\006Qu\322\003"
 139      915A04F0 
 139      8CC70651 
 139      75D203
 140 01be FBE0D589 		.ascii	"\373\340\325\211\013>\361\350\205M\036}\260\302\243"
 140      0B3EF1E8 
 140      854D1E7D 
 140      B0C2A3
 141 01cd 1F123CDC 		.ascii	"\037\022<\334\260\004^\0052\354u\007\307\225\027U"
 141      B0045E05 
 141      32EC7507 
 141      C7951755 
 142              		.text
 143              		.section	.gnu.lto___early_init.4a37332d1b294f3e,"",%progbits
 144 0000 789C6365 		.ascii	"x\234ce`b8\313\300\300`\001\304\322@\314\310\314\300"
 144      606238CB 
 144      C0C06001 
 144      C4D240CC 
 144      C8CCC0
 145 0013 C834E11C 		.ascii	"\3104\341\034\003C#\007\023##\210\321\300\301\310P\317"
 145      03432307 
 145      13232388 
 145      D1C0C1C8 
 145      50CF
 146 0025 C458CFD8 		.ascii	"\304X\317\330\317<\235\231\361P\373\263\235L\232\313"
 146      CF3C9D99 
 146      F150FBB3 
 146      9D4C9ACB 
 147 0035 1B80E0C0 		.ascii	"\033\200\340\300\364+|m\015\255\022\363\231\031\030"
 147      F42B7C6D 
ARM GAS  /tmp/ccAIqnnU.s 			page 11


 147      0DAD12F3 
 147      991918
 148 0044 66023108 		.ascii	"f\0021\0100.g\324d\000*{\264\361\337T^6\026\2108\343"
 148      302E67D4 
 148      64002A7B 
 148      B4F1DF54 
 148      5E361688 
 149 005a 0A463646 		.ascii	"\012F6F \275\376\022\343\201\206\177\377\333\033\016"
 149      20BDFE12 
 149      E381867F 
 149      FFDB1B0E 
 150 006a 9C59CC78 		.ascii	"\234Y\314x\327\217\205\201\241\013(\015\262\243\233"
 150      D78F8581 
 150      A10B280D 
 150      B2A39B
 151 0079 99094433 		.ascii	"\231\011D3\277fl^\260y.3H\003\310\224\235;\337\334f"
 151      BF666C5E 
 151      B0792E33 
 151      4803C894 
 151      9D3BDFDC 
 152 008e AFFFDBC0 		.ascii	"\257\377\333\3001\237\231q&3\320\010\306\225\214\365"
 152      319F9971 
 152      2633D008 
 152      C6958CF5 
 153 009e 0CF3818A 		.ascii	"\014\363\201\212A\012\267\312bW\307\004T\267\012\252"
 153      410AB7CA 
 153      6257C704 
 153      54B70AAA 
 154 00ae EE2D63D3 		.ascii	"\356-c\323\202\335s\031\301\012A\240\013h\012\320\""
 154      82DD7319 
 154      C10A41A0 
 154      0B680AD0 
 154      22
 155 00bf A012333D 		.ascii	"\240\0223==}\347\214\314\244L\377`\375\374b\375\214"
 155      3D7DE78C 
 155      CCA44CFF 
 155      60FDFC62 
 155      FD8C
 156 00d1 C41CFDA4 		.ascii	"\304\034\375\244\374\304\242\224b\375\340\220\370\340"
 156      FCC4A294 
 156      62FDE090 
 156      F8E0
 157 00df 105F6323 		.ascii	"\020_c#7\343x\027\317`g\3770\327\240H\210\234^2\003"
 157      37E37817 
 157      CF6067FF 
 157      30D7A048 
 157      889C5E32 
 158 00f4 00A3A655 		.ascii	"\000\243\246U\311"
 158      C9
 159              		.text
 160              		.section	.gnu.lto_boardInit.4a37332d1b294f3e,"",%progbits
 161 0000 789C6365 		.ascii	"x\234ce`b\250d``\260\000bi fdf`d\232p\216\201\241\221"
 161      6062A864 
 161      6060B000 
 161      62692066 
 161      64666064 
 162 001a 83899111 		.ascii	"\203\211\221\021\304h\340`d\250gb\254g\354g\236\316"
ARM GAS  /tmp/ccAIqnnU.s 			page 12


 162      C468E060 
 162      64A86762 
 162      AC67EC67 
 162      9ECE
 163 002c CC78A8FD 		.ascii	"\314x\250\375\331N&\315\345\015@p`\372\006\241\266\206"
 163      D94E26CD 
 163      E50D4070 
 163      60FA06A1 
 163      B686
 164 003e 5689F9CC 		.ascii	"V\211\371\314\014\0143\201\030\004\030\2273j2\000\225"
 164      0C0C3381 
 164      18041897 
 164      336A3200 
 164      95
 165 004f 3DDAF86F 		.ascii	"=\332\370o*/\033\013D\234q\005#\033#\220^\177\211\361"
 165      2A2F1B0B 
 165      449C7105 
 165      231B2390 
 165      5E7F89F1 
 166 0063 40C3BFFF 		.ascii	"@\303\277\377\355\015\007\276,b\334\032\304\304\300"
 166      ED0D07BE 
 166      2C62DC1A 
 166      C4C4C0
 167 0072 D0059406 		.ascii	"\320\005\224\006\331\321\315\314\004\242\231\33726)"
 167      D9D1CDCC 
 167      04A299DF 
 167      323629
 168 0081 805483CD 		.ascii	"\200T\203\315\352bf\004\011\002\225\231\351\351\351"
 168      EA626604 
 168      09029599 
 168      E9E9E9
 169 0090 3B676426 		.ascii	";gd&e\372\007\353\347\027\353g$\346\350'\345'\026\245"
 169      65FA07EB 
 169      E717EB67 
 169      24E6E827 
 169      E52716A5 
 170 00a4 14EB0787 		.ascii	"\024\353\007\207\304\007\207\370\032\033\271\031\307"
 170      C40787F8 
 170      1A1BB919 
 170      C7
 171 00b1 BB78063B 		.ascii	"\273x\006;\373\207\271\006EB\344\364\222\031\000\017"
 171      FB87B906 
 171      4542E4F4 
 171      9219000F 
 172 00c1 1939FE   		.ascii	"\0319\376"
 173              		.text
 174              		.section	.gnu.lto_.symbol_nodes.4a37332d1b294f3e,"",%progbits
 175 0000 789C6365 		.ascii	"x\234ce`bX\301\000\004L\273\230\352\031\030&\234c`\000"
 175      606258C1 
 175      00044CBB 
 175      98EA1918 
 175      269C6360 
 176 0015 523B1B0E 		.ascii	"R;\033\0166\260\001\305v3\3253\242\211\261\356dbhPb"
 176      36B001C5 
 176      7633D533 
 176      A289B1EE 
 176      64626850 
ARM GAS  /tmp/ccAIqnnU.s 			page 13


 177 002a 606066DA 		.ascii	"``f\332\303T\317\004\223\334\325\340\010T\276\227\251"
 177      C354CF04 
 177      93DCD5E0 
 177      0854BE97 
 177      A9
 178 003b 9E194584 		.ascii	"\236\031E\204q\037S=\013X\204\201\241\241\301\001\250"
 178      711F533D 
 178      0B588481 
 178      A1A1C101 
 178      A8
 179 004c 8B9181A1 		.ascii	"\213\221\201\241\251\355\215<\210^\004\245\017A\351"
 179      A9ED8D3C 
 179      885E04A5 
 179      0F41E9
 180 005b 4750BAA9 		.ascii	"GP\272\251\035*\017\242\201\214E\017\376123\2632\034"
 180      1D2A0FA2 
 180      818C450F 
 180      FE313233 
 180      B3321C
 181 006e 01D20C00 		.ascii	"\001\322\014\000\236\301-\003"
 181      9EC12D03 
 182              		.text
 183              		.section	.gnu.lto_.refs.4a37332d1b294f3e,"",%progbits
 184 0000 789C05C1 		.ascii	"x\234\005\301A\016\000\020\020\004\260\321\204\2608"
 184      410E0010 
 184      1004B0D1 
 184      84B038
 185 000f FAFF57B5 		.ascii	"\372\377W\265=\362\222\214\306dQl\0167\037\006\255\000"
 185      3DF2928C 
 185      C664516C 
 185      0E371F06 
 185      AD00
 186 0021 7B       		.ascii	"{"
 187              		.text
 188              		.section	.gnu.lto_.decls.4a37332d1b294f3e,"",%progbits
 189 0000 789CAD58 		.ascii	"x\234\255XmP\024G\032\236\236\336]`Y\300\022\223\363"
 189      6D501447 
 189      1A9E9EDE 
 189      5D6059C0 
 189      1293F3
 190 0013 725E2E67 		.ascii	"r^.g\021\345.wnD+u?\256\352\242\200\321\212\011\334"
 190      11E52E77 
 190      6E442B75 
 190      3FAEEAA2 
 190      80D18A09 
 191 0028 62BCCAAF 		.ascii	"b\274\312\257-\004\214\324\241P\260\336\231\272\037"
 191      2D048CD4 
 191      A150B0DE 
 191      99BA1F
 192 0037 3708C887 		.ascii	"7\010\310\207\250\200\242\"h\004\215\202\256\200\006"
 192      A880A222 
 192      68048D82 
 192      AE8006
 193 0046 A3209A15 		.ascii	"\243 \232\025\024\020\004\021\025T>$\030\321\030\025"
 193      14100411 
 193      15543E24 
 193      18D11815 
ARM GAS  /tmp/ccAIqnnU.s 			page 14


 194 0056 58545004 		.ascii	"XTP\004\357\355\356\331\235\331qHrW7\305C\317;\375\364"
 194      EFEDEED9 
 194      9DD97148 
 194      725737C5 
 194      43CF3BFD 
 195 006b FBD1D3EF 		.ascii	"\373\321\323\357\333\275\243\345x\356\311\353\034\327"
 195      DBBDA3E5 
 195      78EEC9EB 
 195      1CD7
 196 0079 C273DC0B 		.ascii	"\302s\334\013\304q/\341\322q\034w\204\223.-\300\015"
 196      C4712FE1 
 196      D2711C77 
 196      84932E2D 
 196      C00D
 197 008b FAF40003 		.ascii	"\372\364\000\003\300\0330\005\000\177\334\357\021\347"
 197      C01B3005 
 197      007FDCEF 
 197      11E7
 198 0099 72F9801E 		.ascii	"r\371\200\036=\264\313\001S\001\323\000\032\340\264"
 198      3DB4CB01 
 198      5301D300 
 198      1AE0B4
 199 00a8 403B1BD0 		.ascii	"@;\033\320\014x\007d\014h\203{o@=\340\011\340<`\024"
 199      0C780764 
 199      0C68837B 
 199      6F403DE0 
 199      09E03C60 
 200 00bd 500B1803 		.ascii	"P\013\030\003\234\003\214\003\032\000O\001g\001#\200"
 200      9C038C03 
 200      1A004F01 
 200      67012380 
 201 00cd 1AC0738E 		.ascii	"\032\300s\216\331wS\330'\327k\340\203A\364\201\330\374"
 201      D97753D8 
 201      27D76BE0 
 201      8341F481 
 201      D8FC
 202 00df 18384B45 		.ascii	"\0308KE{!\210\371\023\012\370\035\340\257\242o:h\335"
 202      7B2188F9 
 202      130AF81D 
 202      E0AFA26F 
 202      3A68DD
 203 00f2 A10D86F6 		.ascii	"\241\015\206\366/\200\337\002~\003\360\003\274\015x"
 203      2F80DF02 
 203      7E03F003 
 203      BC0D78
 204 0101 13301300 		.ascii	"\0230\023\000\252\351<\270M\022\377'@\300\242\335&\216"
 204      AAE93CB8 
 204      4D12FF27 
 204      40C0A2DD 
 204      268E
 205 0113 D9F0127D 		.ascii	"\331\360\022}\256\027c\254\025ck\020c\232\314\226\332"
 205      AE1763AC 
 205      15636B10 
 205      639ACC96 
 205      DA
 206 0124 F54B513F 		.ascii	"\365KQ?\211\315\004\034\017\221G\236\031\304w4Ee\354"
 206      89CD041C 
ARM GAS  /tmp/ccAIqnnU.s 			page 15


 206      0F91479E 
 206      19C47734 
 206      4565EC
 207 0137 AF79E6EF 		.ascii	"\257y\346\357rQ&\367\336*\274\035\030\215\227Udx\366"
 207      725126F7 
 207      DE2ABC1D 
 207      188D9755 
 207      6478F6
 208 014a A02E4442 		.ascii	"\240.DB\234\202h\303\230\320 \261\245\013\205^\316n"
 208      9C8268C3 
 208      98D020B1 
 208      A50B855E 
 208      CE6E
 209 015c C43B1423 		.ascii	"\304;\024#\372D$\263\033*\363\242.\007Q\234C\221$\327"
 209      FA4424B3 
 209      1B2AF3A2 
 209      2E07519C 
 209      439124D7 
 210 0170 E81CEABC 		.ascii	"\350\034\352\274\034\317\220\253J\350\341\221\363\001"
 210      1CCF90AB 
 210      4AE8E191 
 210      F301
 211 017e 42F20132 		.ascii	"B\362\0012\205\310\341\020\355Ar\303\314{\354\210\376"
 211      85C8E110 
 211      ED4172C3 
 211      CC7BEC88 
 211      FE
 212 018f 41E6F017 		.ascii	"A\346\360\027\232[\250\033!On\357\373\210>{f\353=\317"
 212      9A5BA81B 
 212      214F6EEF 
 212      FB883E7B 
 212      66EB3DCF 
 213 01a3 63B003F7 		.ascii	"c\260\003\367\267\236\025/\232c\025\330\345>C\232\266"
 213      B79E152F 
 213      9A6315D8 
 213      E53E439A 
 213      B6
 214 01b4 CBC9E505 		.ascii	"\313\311\345\005x3FS\365H\003\342P\363\256\333\336 "
 214      78334653 
 214      F54803E2 
 214      50F3AEDB 
 214      DE20
 215 01c6 4ED3A3B7 		.ascii	"N\323\243\267@|\224|\247\327\223\365N\007\261m\360\342"
 215      407C947C 
 215      A7D793F5 
 215      4E07B16D 
 215      F0E2
 216 01d8 6E519C02 		.ascii	"nQ\234\002bW\372\206=:\374\0325\320\335Pr\230\350\231"
 216      6257FA86 
 216      3D3AFC1A 
 216      35D0DD50 
 216      7298E899 
 217 01ec AD47C477 		.ascii	"\255G\304w\037xT\366\240\362\231\027{D\030m[\354\373"
 217      1F7854F6 
 217      A0F29917 
 217      7B44186D 
 217      5BECFB
ARM GAS  /tmp/ccAIqnnU.s 			page 16


 218 01ff DDF01BE4 		.ascii	"\335\360\033\344\236\317k\354\250\321 \177\375\001\342"
 218      9ECF6BEC 
 218      A8D1207F 
 218      FD01E2
 219 020e 8E6DE0F1 		.ascii	"\216m\340\361\354\354TA\340Q\005\322\243c\010\243Ch"
 219      ECEC5441 
 219      E05105D2 
 219      A36308A3 
 219      4368
 220 0220 0E897036 		.ascii	"\016\211p6I\3114AX/d%\011\036\2139dE3\320a4\203C_!\177"
 220      49C93441 
 220      582F6425 
 220      091E8B39 
 220      644533D0 
 221 023b A296F0D0 		.ascii	"\242\226\360\320QxX\016\017\301D\311\376\354\"\035\016"
 221      5178580E 
 221      0FC144C9 
 221      FEEC221D 
 221      0E
 222 024c A326EACE 		.ascii	"\243&\352\316t^\327 \275\277\352\370\023*\343\231/w"
 222      745ED720 
 222      BDBFEAF8 
 222      132AE399 
 222      2F77
 223 025e F367D6A5 		.ascii	"\363g\326\245\020_\276\006_\216K\276\200kl\302\372\252"
 223      105FBE06 
 223      5F8E4BBE 
 223      806B6CC2 
 223      FAAA
 224 0270 BA1279FC 		.ascii	"\272\022y\374o\032\322\256S\217\033\265l>\334A\034\330"
 224      6F1AD2AE 
 224      538F1BB5 
 224      6C3EDC41 
 224      1CD8
 225 0282 7ABE99C7 		.ascii	"z\276\231\307I\210\366\365_O\312\323\341t&d\215\337"
 225      4988F6F5 
 225      5F4FCAD3 
 225      E1742664 
 225      8DDF
 226 0294 1074389B 		.ascii	"\020t8\233\011\233\006F\0135x'\023N\236~\030\3004\314"
 226      099B0646 
 226      0B357827 
 226      134E9E7E 
 226      18C034CC 
 227 02a8 00A9AA7B 		.ascii	"\000\251\252{\310\346\311\246\277\027\201|#i\244\335"
 227      C8E6C9A6 
 227      BF17817C 
 227      2369A4DD 
 228 02b8 0BEFA154 		.ascii	"\013\357\241T\217\015e'+\014\310\217\\\276~~\376E$0"
 228      8F0D6527 
 228      2B0CC88F 
 228      5CBE7E7E 
 228      FE452430 
 229 02cc DB2DEB9F 		.ascii	"\333-\353\237s\017n\020\262\302\251\3036p\270\016\371"
 229      730F6E10 
 229      B2C2A9C3 
 229      3670B80E 
ARM GAS  /tmp/ccAIqnnU.s 			page 17


 229      F9
 230 02dd 4A811E81 		.ascii	"J\201\036\201\177\034\232K^8\3437\346ba\377tJ>\255$"
 230      7F1C9A4B 
 230      5E38E337 
 230      E66261FF 
 230      744A3EAD 
 231 02f2 1B15DC3E 		.ascii	"\033\025\334>\211[\245\344VR\305V$\261\357K\354\223"
 231      895BA5E4 
 231      5652C556 
 231      24B1EF4B 
 231      EC93
 232 0304 4A76A9D2 		.ascii	"Jv\251\322\215\233\022\371\224\272jJ\316&\357$K\020"
 232      8D9B12F9 
 232      94BA6A4A 
 232      CE26EF24 
 232      4B10
 233 0316 DED770E8 		.ascii	"\336\327p\350\033\350?C\273\010\033^\013\272\000o\261"
 233      1BE83F43 
 233      BB081B5E 
 233      0BBA006F 
 233      B1
 234 0327 06F9A17A 		.ascii	"\006\371\241z\300y@-\340\034\240\001p\026\371\321%\316"
 234      C079402D 
 234      E01CA001 
 234      7016F9D1 
 234      25CE
 235 0339 CCB549E6 		.ascii	"\314\265I\346\252U\243\226\007b\227\310e\352\20106["
 235      AA55A396 
 235      076297C8 
 235      65EA8130 
 235      365B
 236 034b 3075C016 		.ascii	"0u\300\026\334\011\213\023\327\212\230Y\2655y\023n\370"
 236      DC098B13 
 236      D78A9859 
 236      B5357913 
 236      6EF8
 237 035d 267D777C 		.ascii	"&}w|z\361\275Q\214|\375\325\002B\027!\216\377&&\321"
 237      7AF1BD51 
 237      8C7CFDD5 
 237      02421721 
 237      8EFF2626 
 238 0372 F07BC46E 		.ascii	"\360{\304n\023\214k\224\226)q\203Z\1772Z\320n\360\025"
 238      138C6B94 
 238      96297183 
 238      5A7F325A 
 238      D06EF015 
 239 0386 CDA54D66 		.ascii	"\315\245Mf\216\373I[\240\252i\240~\0072d8\363\0105\313"
 239      8EFB495B 
 239      A0AA69A0 
 239      7E073264 
 239      38F30835 
 240 039b 6684432D 		.ascii	"f\204C-\310 \022\237\026\265\355\361\320\360\354\031"
 240      C820129F 
 240      16B5EDF1 
 240      D0F0EC19 
 241 03ab 5AA1E164 		.ascii	"Z\241\341d\005e*+(\345/\267\365z\341\273l\355\247Y7"
 241      05652A2B 
ARM GAS  /tmp/ccAIqnnU.s 			page 18


 241      28E52FB7 
 241      F57AE1BB 
 241      6CEDA759 
 242 03c0 D7623D24 		.ascii	"\327b=$h\322\317JP\222|\353+\032\274\360\0031\217\266"
 242      68D2CF4A 
 242      50927CEB 
 242      2B1ABCF0 
 242      03318FB6 
 243 03d4 D5D468B0 		.ascii	"\325\324h\260\235\011\373\362\262S\265x\204\011%9Y\345"
 243      9D09FBF2 
 243      B253B578 
 243      84092539 
 243      59E5
 244 03e6 7AFC8C09 		.ascii	"z\374\214\011\216\2425\215\025\255\363/Gl>\314!\036"
 244      8EA2358D 
 244      15ADF32F 
 244      476C3ECC 
 244      211E
 245 03f8 C49D873A 		.ascii	"\304\235\207:\236{\3401F\375\362\371\330 )b\263H\021"
 245      9E7BE031 
 245      46FDF2F9 
 245      D8202962 
 245      B34811
 246 040b C3B21236 		.ascii	"\303\262\0226\213\225\260o\232.\0340\340DZR\371\254"
 246      8B95B06F 
 246      9A2E1C30 
 246      E0445A52 
 246      F9AC
 247 041d C2C31B3D 		.ascii	"\302\303\033=\034\005\006B\320\372s\250\003\\\275N\374"
 247      1C050642 
 247      D0FA73A8 
 247      035CBD4E 
 247      FC
 248 042e EF01FF67 		.ascii	"\357\001\377g\211\376w\302\303\233\316\0023P\361f\245"
 248      89FE77C2 
 248      C39BCE02 
 248      3350F166 
 248      A5
 249 043f 204C8152 		.ascii	" L\201R\255\207\315\312\371\342f\211\345\345Lvg\277"
 249      AD87CDCA 
 249      F9E26689 
 249      E5E54C76 
 249      67BF
 250 0451 1E673213 		.ascii	"\036g2\023/\222\266\017He\362n~\3009Z\232\276\205\241"
 250      2F92B60F 
 250      4865F26E 
 250      7EC0395A 
 250      9ABE85A1 
 251 0465 B7A4A1DD 		.ascii	"\267\244\241\335\310Y'\225n\364\252\270\001F\326\217"
 251      C8592795 
 251      6EF4AAB8 
 251      0146D68F 
 252 0475 1655BBE3 		.ascii	"\026U\273\343\\jD3\3744\363\246\036\221\212\342\\\234"
 252      5C6A4433 
 252      FC34F3A6 
 252      1E918AE2 
 252      5C9C
ARM GAS  /tmp/ccAIqnnU.s 			page 19


 253 0487 3C277BBF 		.ascii	"<'{\277\267\305\225\331\017\272\356\300\312\370\316"
 253      B7C595D9 
 253      0FBAEEC0 
 253      CAF8CE
 254 0496 25B32E35 		.ascii	"%\263.5\315\317\267\367\012B\206\201\272u\003\334\""
 254      CDCFB7F7 
 254      0A428681 
 254      BA7503DC 
 254      22
 255 04a7 039C1ED0 		.ascii	"\003\234\036\320\354\352\220eW\337\257v\012\266\365"
 255      ECEA9065 
 255      57DFAF76 
 255      0AB6F5
 256 04b6 98B2FB54 		.ascii	"\230\262\373T\331s\245\344\352\311\327\223E~[\231\\"
 256      D973A5E4 
 256      EAC9D793 
 256      457E5B99 
 256      5C
 257 04c7 9AAB3D8F 		.ascii	"\232\253=\217r\020\362\233\346\357WD\211O\363\275\023"
 257      7210F29B 
 257      E6EF5744 
 257      894FF3BD 
 257      13
 258 04d8 A95AA2AE 		.ascii	"\251Z\242\256\035\324\336C\323\324\012[\016\0151\211"
 258      1DD4DE43 
 258      D3D40A5B 
 258      0E0D3189 
 259 04e8 E69F1422 		.ascii	"\346\237\024\"!\223\020\277\207\020\357C\210w]\022\255"
 259      219310BF 
 259      8710EF43 
 259      88775D12 
 259      AD
 260 04f9 257F7AA2 		.ascii	"%\177z\242  \302\222{\301\302i\317\237\2725Ihx\227\226"
 260      2020C292 
 260      7BC1C269 
 260      CF9FBA35 
 260      49687897 
 261 050e 8B6B931B 		.ascii	"\213k\223\033\206Y\267W7]\344\247\201\007\211\223z\300"
 261      8659B757 
 261      375DE4A7 
 261      81078993 
 261      7AC0
 262 0520 B9988731 		.ascii	"\271\230\2071\311\265\327\216\033p+\333\304\3574\225"
 262      C9B5D78E 
 262      1B702BDB 
 262      C4EF3495 
 263 0530 AD77C757 		.ascii	"\255w\307W\231\260\247\271\264I\213\2573\341\324\341"
 263      99B0A7B9 
 263      B4498BAF 
 263      33E1D4E1 
 264 0540 D2361EF7 		.ascii	"\3226\036\3670\301Z9\270\021\341~&\014\245\226Y\360"
 264      30C15A39 
 264      B811E17E 
 264      260CA596 
 264      59F0
 265 0552 43769F3F 		.ascii	"Cv\237?\334\375\275\007[\372\376 ni\375\242\323\235"
 265      DCFDBD07 
ARM GAS  /tmp/ccAIqnnU.s 			page 20


 265      5BFAFE20 
 265      6E69FDA2 
 265      D39D
 266 0564 25868DA4 		.ascii	"%\206\215\244\302h\341w9<\036\246\\\303\204\265\311"
 266      C268E177 
 266      393C1EA6 
 266      5CC384B5 
 266      C9
 267 0575 8FED3574 		.ascii	"\217\3555t\277!\363\234\234\004o\357\215<\301\226\014"
 267      BF21F39C 
 267      9C046FEF 
 267      8D3CC196 
 267      0C
 268 0586 4905D10E 		.ascii	"I\005\321\016B\264\023\223VR\302n\234!\261/+\331\255"
 268      42B41393 
 268      5652C26E 
 268      9C21B12F 
 268      2BD9AD
 269 0599 F23D81B0 		.ascii	"\362=\201\260\333d\354\307\352l\271\362\3732W\006\224"
 269      DB64ECC7 
 269      EA6CB9F2 
 269      FB325706 
 269      94
 270 05aa F44AA5F2 		.ascii	"\364J\245\362\3472\366C%\273T\311\276)c\017\251\206"
 270      E732F643 
 270      25BB54C9 
 270      BE29630F 
 270      A986
 271 05bc 2923DB65 		.ascii	")#\333e\344G\352\2168\375\206E:\221\257g\374\037\340"
 271      E447EA8E 
 271      38FD8645 
 271      3A91AF67 
 271      FC1FE0
 272 05cf 9D5F55F2 		.ascii	"\235_U\362\217(]\251s,0\242\376\201\272\347L\275|o\031"
 272      8F285DA9 
 272      732C30A2 
 272      FE81BAE7 
 272      4CBD7C6F 
 273 05e4 06829DF6 		.ascii	"\006\202\235\366M\210\351\373\022\326\366sX\\O\000\243"
 273      4D88E9FB 
 273      12D6F673 
 273      585C4F00 
 273      A3
 274 05f5 8031C033 		.ascii	"\2001\3003\3008\340\005@\340\375\320ShG\\\327\376\256"
 274      C038E005 
 274      40E0FDD0 
 274      5368475C 
 274      D7FEAE
 275 0608 A974ED4F 		.ascii	"\251t\355O\270f\240\350Z\201\314\265+\352\2210\327`"
 275      B866A0E8 
 275      5A81CCB5 
 275      2BEA9130 
 275      D760
 276 061a 75D99A47 		.ascii	"u\331\232G+\264x\224\025\266\347\015\025\015Z\344\357"
 276      2BB47894 
 276      15B6E70D 
 276      150D5AE4 
ARM GAS  /tmp/ccAIqnnU.s 			page 21


 276      EF
 277 062b 2B667981 		.ascii	"+fy\201\216dy\022\357\213\340h\345(k\023t+S\013\012"
 277      8E647912 
 277      EF8BE068 
 277      E5286B13 
 277      742B530B 
 278 0640 ADE7FDFF 		.ascii	"\255\347\375\377\347\270\300\225\307\227o\225x\3127"
 278      E7B8C095 
 278      C7976F95 
 278      78CA37
 279 064f 346259CA 		.ascii	"4bY\312\305d\336 \372\000\334\303\005WJ\264tO#\217/"
 279      C564DE20 
 279      FA00DCC3 
 279      05574AB4 
 279      744F238F 
 280 0664 21BAA97D 		.ascii	"!\272\251}\273\273\367\224f\372vz\230N\022\246\360h"
 280      BBBBF794 
 280      66FA767A 
 280      984E12A6 
 280      F068
 281 0676 F9EBCE1A 		.ascii	"\371\353\316\032\306\241\015\374t\370\237\302k\230\206"
 281      C6A10DFC 
 281      74F89FC2 
 281      6B9886
 282 0685 67F55DFB 		.ascii	"g\365]\373\320\314\275\202\255\227\236\326J\252\276"
 282      D0CCBD82 
 282      AD979ED6 
 282      4AAABE
 283 0694 1304BD86 		.ascii	"\023\004\275\206\260P\211T\304\341\026\376\027C]G\007"
 283      B0508954 
 283      C4E116FE 
 283      17435D47 
 283      07
 284 06a5 61F7E050 		.ascii	"a\367\340P*?\223\034)_t\234\3048\005\323\374\035M\274"
 284      2A3F931C 
 284      295F749C 
 284      C43805D3 
 284      FC1D4DBC 
 285 06b9 76563FA9 		.ascii	"vV?\251\331tjv\205hu\274\374\312\021^\264\332\366\016"
 285      D9746A76 
 285      856875BC 
 285      FCCA115E 
 285      B4DAF60E 
 286 06cd 2C38D81C 		.ascii	",8\330\034`\353\000\022J\223\346\030n]\255fP\253C\017"
 286      60EB0012 
 286      4A93E618 
 286      6E5DAD66 
 286      50AB430F 
 287 06e1 B7B4F8E0 		.ascii	"\267\264\370\340\\fu\354\300\376!\037\320\264\0274\265"
 287      5C6675EC 
 287      C0FE211F 
 287      D0B41734 
 287      B5
 288 06f2 57195C54 		.ascii	"W\031\\Tm\224TmT\252\312\244\252.\366w\377\013\0271"
 288      6D94546D 
 288      54AACAA4 
 288      AA2EF677 
ARM GAS  /tmp/ccAIqnnU.s 			page 22


 288      FF0B1731 
 289 0706 4DBD976A 		.ascii	"M\275\227j\232\364\240\251\0344\325,qQ\264IR\264I\251"
 289      9AF4A0A9 
 289      1C34D52C 
 289      7151B449 
 289      52B449A9 
 290 071a 68335524 		.ascii	"h3U$\334;\325\345\203\255LS\331\276\366m^\240\251\227"
 290      DC3BD5E5 
 290      83AD4C53 
 290      D9BEF66D 
 290      5EA0A997 
 291 072e 6CA803F3 		.ascii	"l\250\003\363\255)u\231B!\242s\200\266H\252\266\360"
 291      AD297599 
 291      4221A273 
 291      80B648AA 
 291      B6F0
 292 0740 EC0712CA 		.ascii	"\354\007\022\312\242*\316\357N<\355\211\007\231\212"
 292      A22ACEEF 
 292      4E3CED89 
 292      07998A
 293 074f E1E2637B 		.ascii	"\341\342c{\334Y1,&G\355\335\251\266\012\361\230`\323"
 293      DC59312C 
 293      2647EDDD 
 293      A9B60AF1 
 293      9860D3
 294 0762 932ADA5C 		.ascii	"\223*\332\\\337%\3760J#\375/\277\277\261O,\236\203d"
 294      DF25FE30 
 294      4A23FD2F 
 294      BFBFB14F 
 294      2C9E8364 
 295 0776 7CC6F1AD 		.ascii	"|\306\361\255\373|p\262\206*\273\322_\230l`\235\255"
 295      FB7C70B2 
 295      862ABBD2 
 295      5F986C60 
 295      9DAD
 296 0788 44DEBCE5 		.ascii	"D\336\274\345\253\243z\274\221u\026\367\027l\026;\377"
 296      ABA37ABC 
 296      917516F7 
 296      176C163B 
 296      FF
 297 0799 04E2F1E6 		.ascii	"\004\342\361\346\223=Z\234\303\372\272\354\355\251\236"
 297      933D5A9C 
 297      C3FABAEC 
 297      EDA99E
 298 07a8 388F0965 		.ascii	"8\217\011e/\266\035\324\341\275\242\312\221\326T=>H"
 298      2FB61DD4 
 298      E1BDA2CA 
 298      91D6543D 
 298      3E48
 299 07ba 05776B7D 		.ascii	"\005wk}\365\220\017b\347~?q\313\273e\375\303N{\262 "
 299      F5900F62 
 299      E77E3F71 
 299      CBBB65FD 
 299      C34E7BB2 
 300 07cf E4       		.ascii	"\344"
 301 07d0 18E82170 		.ascii	"\030\350!p;\204\275\027\326\261\363\230\227\313\313"
 301      3B84BD17 
ARM GAS  /tmp/ccAIqnnU.s 			page 23


 301      D6B1F398 
 301      97CBCB
 302 07df CFDC30A0 		.ascii	"\317\3340\240\355\027\344XK\270\371J\356\221I\312\310"
 302      ED17E458 
 302      4BB8F94A 
 302      EE9149CA 
 302      C8
 303 07f0 567E06CA 		.ascii	"V~\006\312\241z\010\235\244\333>H\275BH\251/\000\373"
 303      A17A089D 
 303      A4DB3E48 
 303      BD4248A9 
 303      2F00FB
 304 0803 015F02F6 		.ascii	"\001_\002\366\000\212x\347\251\000L=\177\335a\252@i"
 304      008A78E7 
 304      A9004C3D 
 304      7FDD61AA 
 304      4069
 305 0815 CAA8F0CA 		.ascii	"\312\250\360\312\016\233+\251\206\204\274[I\336\306"
 305      0E9B2BA9 
 305      8684BC5B 
 305      49DEC6
 306 0824 2B8FDB8F 		.ascii	"+\217\333\217\266\323\3436\260\024{1\351\333\341&\351"
 306      B6D3E336 
 306      B0147B31 
 306      E9DBE126 
 306      E9
 307 0835 DAA5D495 		.ascii	"\332\245\324\225\247\234\217\032\231\345\235J\366\016"
 307      A79C8F1A 
 307      99E59D4A 
 307      F60E
 308 0843 DEA57AD5 		.ascii	"\336\245z\325]\351\030\327\340R\015\373\365:n\177\254"
 308      5DE918D7 
 308      E0520DFB 
 308      F53A6E7F 
 308      AC
 309 0854 7156AF89 		.ascii	"qV\257\211]\264z\025\303\350\003\322\322#\016\252\317"
 309      5DB47A15 
 309      C3E803D2 
 309      D2230EAA 
 309      CF
 310 0865 253A0853 		.ascii	"%:\010S\370s\247\223d\315\017cw\275]N\362j\232\270\237"
 310      F873A793 
 310      64CD0F63 
 310      77BD5D4E 
 310      F26A9AB8 
 311 087a 5293FDEC 		.ascii	"R\223\375\354\254\335\353\355}B\253M\260\365\347O\337"
 311      ACDDEBED 
 311      7D42AB4D 
 311      B0F5E74F 
 311      DF
 312 088b 2A088B51 		.ascii	"*\010\213Q\011\214\315f>\313^5y\262\014\216\200\207"
 312      098CCD66 
 312      3ECB5E35 
 312      79B20C8E 
 312      8087
 313 089d F8B761DC 		.ascii	"\370\267a\334\275\241\376<O\275\370+:\355'\017\351\350"
 313      BDA1FE3C 
ARM GAS  /tmp/ccAIqnnU.s 			page 24


 313      4FBDF82B 
 313      3AED270F 
 313      E9E8
 314 08af 304FB2E7 		.ascii	"0O\262\347\324\211\352:\361\227\361\273\344'D{a\251"
 314      D489EA3A 
 314      F197F1BB 
 314      E427447B 
 314      61A9
 315 08c1 1657B395 		.ascii	"\026W\263\225\335|\367h\233\033\256a\302\216\312\276"
 315      DD7CF768 
 315      9B1BAE61 
 315      C28ECABE 
 316 08d1 416FDCC8 		.ascii	"Ao\334\310\204\354\332'\303\236\270E\244\245\347\344"
 316      84ECDA27 
 316      C39EB845 
 316      A4A5E7E4 
 317 08e1 F2F80A13 		.ascii	"\362\370\012\023\206Zk3<p'\0232\316\336\330\340\201"
 317      865A6B33 
 317      3C702713 
 317      32CEDED8 
 317      E081
 318 08f3 6F33A1F0 		.ascii	"o3\241\360^\345V\037|\237\011\325\235\307\215x\230\335"
 318      5EE5561F 
 318      7C9F09D5 
 318      9DC78D78 
 318      98DD
 319 0905 97546EFA 		.ascii	"\227Tn\372V\213_0\341\366\211\344\247\032,h\251\320"
 319      568B5F30 
 319      E1F689E4 
 319      A71A2C68 
 319      A9D0
 320 0917 5AD57BC7 		.ascii	"Z\325{\307\033\2470\241\243\265o1st>H#_\217u\212\337"
 320      1BA730A1 
 320      A3B56F31 
 320      73743E48 
 320      235F8F75 
 321 092d 3FF6921F 		.ascii	"?\366\222\037\000\243;S\016\"\234F\251>\251\225\327"
 321      00A33B53 
 321      0E229C46 
 321      A93EA995 
 321      D7
 322 093e EC583A14 		.ascii	"\354X:\024\221S\221\237x.\032)\301\231G\367_H$\313\236"
 322      9153919F 
 322      782E1A29 
 322      C19947F7 
 322      5F4824CB 
 323 0953 EC861530 		.ascii	"\354\206\0250\207u\374\217\0351\032\323\260tl8\241\244"
 323      8775FC8F 
 323      1D311AD3 
 323      B0746C38 
 323      A1A4
 324 0965 BF7294B2 		.ascii	"\277r\224\262\313\351\307\224\364WN\015\367\345\364"
 324      CBE9C794 
 324      F4574E0D 
 324      F7E5F4
 325 0974 AFD49D91 		.ascii	"\257\324\235\221\253\277\231.\343\037Q\362\355\257\362"
 325      ABBF992E 
ARM GAS  /tmp/ccAIqnnU.s 			page 25


 325      E31F51F2 
 325      EDAFF2
 326 0983 E5FA8F2B 		.ascii	"\345\372\217+\371\225\257\360\373\344\372O)\371V^99"
 326      F995AFF0 
 326      FBE4FA4F 
 326      29F9565E 
 326      3939
 327 0995 727A9992 		.ascii	"rz\231\222\376\352Y\260M\356\316\327\352\356\310O\232"
 327      FEEA59B0 
 327      4DEECED7 
 327      EAEEC84F 
 327      9A
 328 09a6 72F5A5EA 		.ascii	"r\365\245\352\321\276\362\375\241\012\022\244\222:Z"
 328      D1BEF2FD 
 328      A10A12A4 
 328      923A5A
 329 09b5 27266F3D 		.ascii	"'&o=\244\337\005\310\262\323\200s\200\263\200j\3007"
 329      A4DF05C8 
 329      B2D38073 
 329      80B3806A 
 329      C037
 330 09c7 80338006 		.ascii	"\2003\200\006@#\240\026p\036`\003\324\360\362\343\325"
 330      4023A016 
 330      701E6003 
 330      D4F0F2E3 
 330      D5
 331 09d8 D397EC78 		.ascii	"\323\227\354xU\247,g\304\313\2114\\rL\020\322u\324\315"
 331      55A72C67 
 331      C4CB8934 
 331      5C724C10 
 331      D275D4CD 
 332 09ec A3EAEF5C 		.ascii	"\243\352\357\\>\0135\362Y8\251\272\244d\223P#\237\204"
 332      3E0B35F2 
 332      5938A9BA 
 332      A4649350 
 332      239F84
 333 09ff 72F53976 		.ascii	"r\3659v\374tyb\265v{\342Z\232\006|\337\366\252CZ\305"
 333      FC747962 
 333      B5767BE2 
 333      5A9A067C 
 333      DFF6AA43 
 334 0a15 B70CC7E4 		.ascii	"\267\014\307\344\240f\230\223\377\337\374<J\307Id~."
 334      A0669893 
 334      FFDFFC3C 
 334      4AC74964 
 334      7E2E
 335 0a27 82C626A9 		.ascii	"\202\306&\251\270\326\361\342W\216\242c\335\325.\237"
 335      B8D6F1E2 
 335      578EA263 
 335      DDD52E9F 
 336 0a37 262EBA9C 		.ascii	"&.\272\234\344Zx\372i\202\264@Ny<\230\251\221\223\311"
 336      E45A78FA 
 336      6982B440 
 336      4E793C98 
 336      A99193C9 
 337 0a4b 114C225F 		.ascii	"\021L\"_\022\311\227(9\347^\325U79\271\304Es\253Hn\245"
 337      12C99728 
ARM GAS  /tmp/ccAIqnnU.s 			page 26


 337      39E75ED5 
 337      553739B9 
 337      C44573AB 
 338 0a62 E4632DC5 		.ascii	"\344c-\305\271\036\252\037[\270\237\377\245\005]\346"
 338      B91EAA1F 
 338      5BB89FFF 
 338      A5055DE6 
 339 0a72 7DC997DA 		.ascii	"}\311\227\332\321\216\036\203\334p\272\213\227m\242"
 339      D18E1E83 
 339      DC70BA8B 
 339      976DA2
 340 0a81 61D27A7C 		.ascii	"a\322z|\026\027\035k\216^\023mq\377\340\343O\336\012"
 340      16171D6B 
 340      8E5E136D 
 340      71FFE0E3 
 340      4FDE0A
 341 0a94 9C3B97D3 		.ascii	"\234;\227\323\204\257\214\217\321\233\315k\243\327X"
 341      84AF8C8F 
 341      D19BCD6B 
 341      A3D758
 342 0aa3 E605982D 		.ascii	"\346\005\230-\1774\256M\2107F\257\211\210Y\033\031e"
 342      7F34AE4D 
 342      883746AF 
 342      8988591B 
 342      1965
 343 0ab5 5C13F5CF 		.ascii	"\\\023\365\317\230\350\025\306\325\341\021\253\242\327"
 343      98E815C6 
 343      D5E111AB 
 343      A2D7
 344 0ac3 4419CD91 		.ascii	"D\031\315\221Q+\303\327\306X\314\226\317\343\242\022"
 344      512BC3D7 
 344      C658CC96 
 344      CFE3A212 
 345 0ad3 E6ACE2DC 		.ascii	"\346\254\342\334\035\303f\252\015K\370<\301hN\260D\002"
 345      1DC366AA 
 345      0D4BF83C 
 345      C1684EB0 
 345      4402
 346 0ae5 07B83836 		.ascii	"\007\270862^\033\2676.2\336-6!.**2^\027K\364\304kW\307"
 346      325E1BB7 
 346      362E32DE 
 346      2D36212E 
 346      2A2A325E 
 347 0b00 4646C513 		.ascii	"FF\305\023GV\2757g\2161pU\364\212\350\2200cl\202qUx"
 347      4756BD37 
 347      678E3170 
 347      55F48AE8 
 347      9030636C 
 348 0b18 8C71456C 		.ascii	"\214qElx|d\2021l\2319l\331G\363\002\026\3153\007-\011"
 348      787C6482 
 348      316C9939 
 348      6CD947F3 
 348      0216CD33 
 349 0b2f 0B0C591E 		.ascii	"\013\014Y\036l\372\224\365\315\211\340\0144\256\204"
 349      6CFA94F5 
 349      CD89E00C 
 349      34AE84
ARM GAS  /tmp/ccAIqnnU.s 			page 27


 350 0b3e 28CBDA38 		.ascii	"(\313\3328\263E\263`\221i\251viH\340\207&\315\3020\223"
 350      B345B360 
 350      9169A976 
 350      6948E087 
 350      26CDC230 
 351 0b53 09FD0D2D 		.ascii	"\011\375\015-\326F\304D\205\307\213a\316}\317lqw\334"
 351      D646C444 
 351      85C78B61 
 351      CE7DCF6C 
 351      7177DC
 352 0b66 6018A562 		.ascii	"`\030\245b5.6\336B\214\202E\343\322\245A\306\017B\227"
 352      352E36DE 
 352      428C8245 
 352      E3D2A541 
 352      C60F4297 
 353 0b7a 84FC23C0 		.ascii	"\204\374#\300\230`Y\015\321\022k$\240\220 \023^\022"
 353      9860590D 
 353      D1126B24 
 353      A0902013 
 353      5E12
 354 0b8c 64D2867E 		.ascii	"d\322\206~\022\032dr\013\011\013\015\016\0162\351B\226"
 354      121A6472 
 354      0B090B0D 
 354      0E0E32E9 
 354      4296
 355 0b9e 7D1A1A6C 		.ascii	"}\032\032l\322~\024\022\024l\"\276,6H\243\314\026\037"
 355      D27E1412 
 355      146C22BE 
 355      2C3648A3 
 355      CC161F
 356 0bb1 99405E84 		.ascii	"\231@^\204\301l\006\317b>\247\202\007\015h\011\334M"
 356      C16C06CF 
 356      623EA782 
 356      070D6809 
 356      DC4D
 357 0bc3 61B48898 		.ascii	"a\264\210\230\330\210\277\323\256\200\037\367Q\234\233"
 357      D888BFD3 
 357      AE801FF7 
 357      519C9B
 358 0bd2 75EB488F 		.ascii	"u\353H\2179&&\022\374\363\245F\034\257,\"v\315\312\350"
 358      39262612 
 358      FCF3A546 
 358      1CAF2C22 
 358      76CDCAE8 
 359 0be6 CF74A1C1 		.ascii	"\317t\241\301A\341\226p]h\020k\002Y\263\2205\013X\263"
 359      41E19670 
 359      5D68106B 
 359      0259B390 
 359      350B58B3 
 360 0bfa 88345E74 		.ascii	"\2104^t4\033e\266h\003\027}`\012p[\260x\241)l\231\011"
 360      341B65B6 
 360      6803177D 
 360      600A705B 
 360      B078A129 
 361 0c11 0786C1DC 		.ascii	"\007\206\301\334\006\005\232\334\026\204.\234\033\374"
 361      06059ADC 
 361      16842E9C 
ARM GAS  /tmp/ccAIqnnU.s 			page 28


 361      1BFC
 362 0c1f 316D03A0 		.ascii	"1m\003\240\325\001\001\032w\362\230\020\311M\000\033"
 362      D501011A 
 362      77F29810 
 362      C94D001B 
 363 0c2f B1C4A421 		.ascii	"\261\304\244!:\370@\023\3255o\276k@\021\261\253W\307"
 363      3AF84013 
 363      D5356FBE 
 363      6B4011B1 
 363      AB57C7
 364 0c42 AE3146AD 		.ascii	"\2561F\255\263@,\262p\350<\254\234\367\356\274u\021"
 364      B3402CB2 
 364      70E83CAC 
 364      9CF7EEBC 
 364      7511
 365 0c54 1092A729 		.ascii	"\020\222\247)0\320\274\014\026MP\324\312\377\000\"\035"
 365      30D0BC0C 
 365      164D50D4 
 365      CAFF0022 
 365      1D
 366 0c65 4A9E     		.ascii	"J\236"
 367              		.text
 368              		.section	.gnu.lto_.symtab.4a37332d1b294f3e,"",%progbits
 369 0000 5F5F6561 		.ascii	"__early_init\000"
 369      726C795F 
 369      696E6974 
 369      00
 370 000d 00       		.ascii	"\000"
 371 000e 00       		.ascii	"\000"
 372 000f 00       		.ascii	"\000"
 373 0010 00000000 		.ascii	"\000\000\000\000\000\000\000\000"
 373      00000000 
 374 0018 0C010000 		.ascii	"\014\001\000\000"
 375 001c 626F6172 		.ascii	"boardInit\000"
 375      64496E69 
 375      7400
 376 0026 00       		.ascii	"\000"
 377 0027 00       		.ascii	"\000"
 378 0028 00       		.ascii	"\000"
 379 0029 00000000 		.ascii	"\000\000\000\000\000\000\000\000"
 379      00000000 
 380 0031 0E010000 		.ascii	"\016\001\000\000"
 381 0035 73746D33 		.ascii	"stm32_clock_init\000"
 381      325F636C 
 381      6F636B5F 
 381      696E6974 
 381      00
 382 0046 00       		.ascii	"\000"
 383 0047 02       		.ascii	"\002"
 384 0048 00       		.ascii	"\000"
 385 0049 00000000 		.ascii	"\000\000\000\000\000\000\000\000"
 385      00000000 
 386 0051 10010000 		.ascii	"\020\001\000\000"
 387              		.text
 388              		.section	.gnu.lto_.opts,"",%progbits
 389 0000 272D666D 		.ascii	"'-fmath-errno' '-fsigned-zeros' '-ftrapping-math' '"
 389      6174682D 
ARM GAS  /tmp/ccAIqnnU.s 			page 29


 389      6572726E 
 389      6F272027 
 389      2D667369 
 390 0033 2D666E6F 		.ascii	"-fno-trapv' '-fno-strict-overflow' '-fno-openmp' '-"
 390      2D747261 
 390      70762720 
 390      272D666E 
 390      6F2D7374 
 391 0066 666E6F2D 		.ascii	"fno-openacc' '-mcpu=cortex-m4' '-mfloat-abi=hard' '"
 391      6F70656E 
 391      61636327 
 391      20272D6D 
 391      6370753D 
 392 0099 2D6D6670 		.ascii	"-mfpu=fpv4-sp-d16' '-mno-thumb-interwork' '-mthumb'"
 392      753D6670 
 392      76342D73 
 392      702D6431 
 392      36272027 
 393 00cc 20272D67 		.ascii	" '-ggdb' '-O' '-fomit-frame-pointer' '-falign-funct"
 393      67646227 
 393      20272D4F 
 393      2720272D 
 393      666F6D69 
 394 00ff 696F6E73 		.ascii	"ions=16' '-ffunction-sections' '-fdata-sections' '-"
 394      3D313627 
 394      20272D66 
 394      66756E63 
 394      74696F6E 
 395 0132 666E6F2D 		.ascii	"fno-common' '-flto'\000"
 395      636F6D6D 
 395      6F6E2720 
 395      272D666C 
 395      746F2700 
 396              		.text
 397              		.comm	__gnu_lto_v1,1,1
 398              		.comm	__gnu_lto_slim,1,1
 399              		.ident	"GCC: (15:6.3.1+svn253039-1build1) 6.3.1 20170620"
ARM GAS  /tmp/ccAIqnnU.s 			page 30


DEFINED SYMBOLS
                            *ABS*:0000000000000000 board.c
                            *COM*:0000000000000001 __gnu_lto_v1
                            *COM*:0000000000000001 __gnu_lto_slim

NO UNDEFINED SYMBOLS
