ARM GAS  /tmp/ccZ50PHS.s 			page 1


   1              		.cpu cortex-m4
   2              		.eabi_attribute 27, 1
   3              		.eabi_attribute 28, 1
   4              		.eabi_attribute 20, 1
   5              		.eabi_attribute 21, 1
   6              		.eabi_attribute 23, 3
   7              		.eabi_attribute 24, 1
   8              		.eabi_attribute 25, 1
   9              		.eabi_attribute 26, 1
  10              		.eabi_attribute 30, 1
  11              		.eabi_attribute 34, 1
  12              		.eabi_attribute 18, 4
  13              		.file	"chcore_v7m.c"
  14              		.text
  15              	.Ltext0:
  16              		.section	.gnu.lto_.profile.ac990d08125c54a8,"",%progbits
  17 0000 789C6365 		.ascii	"x\234ce`b`a```dP\227\001\000\000\352\000P"
  17      60626061 
  17      60606064 
  17      50970100 
  17      00EA0050 
  18              		.text
  19              		.section	.gnu.lto_.inline.ac990d08125c54a8,"",%progbits
  20 0000 789C6365 		.ascii	"x\234ce`b\320c@\000&\006\006.NF\006&\276\015\271\014"
  20      6062D063 
  20      40002606 
  20      062E4E46 
  20      0626BE0D 
  21 0016 6C0BE499 		.ascii	"l\013\344\231@b\214\014b|@!\245#m\214p1&n\020\011\000"
  21      40628C0C 
  21      627C4021 
  21      A5236D8C 
  21      7031266E 
  22 002d 7BE404A9 		.ascii	"{\344\004\251"
  23              		.text
  24              		.section	.gnu.lto_.jmpfuncs.ac990d08125c54a8,"",%progbits
  25 0000 789C6365 		.ascii	"x\234ce`b\340d@\000& f\0041\000\001\230\000\024"
  25      6062E064 
  25      40002620 
  25      66043100 
  25      01980014 
  26              		.text
  27              		.section	.gnu.lto_.pureconst.ac990d08125c54a8,"",%progbits
  28 0000 789C6365 		.ascii	"x\234ce`b`g`\000\222\273\030\031w1\002\000\005\355\001"
  28      60626067 
  28      600092BB 
  28      18197731 
  28      020005ED 
  29 0015 88       		.ascii	"\210"
  30              		.text
  31              		.section	.gnu.lto_SVC_Handler.ac990d08125c54a8,"",%progbits
  32 0000 789C9594 		.ascii	"x\234\225\224\357oSe\024\307\317\271\317\355\275\335"
  32      EF6F5365 
  32      14C7CFB9 
  32      CFEDBDDD 
  33 0010 5A06F19D 		.ascii	"Z\006\361\235q1]\314\022I\310\256\361\015&\352\013\263"
  33      71315DCC 
ARM GAS  /tmp/ccZ50PHS.s 			page 2


  33      1249C8AE 
  33      F10D26EA 
  33      0BB3
  34 0022 37F2A261 		.ascii	"7\362\242aY\377\000\002\327\312\032)m\332bf|\301];6"
  34      59FF0002 
  34      D7CA1A29 
  34      6DDA6266 
  34      7CC15D3B 
  35 0037 ED16200A 		.ascii	"\355\026 \012c\2334\327\214,\253\316\225\375\020\225"
  35      639B34D7 
  35      8C2CABCE 
  35      95FD1095 
  36 0047 215D5965 		.ascii	"!]Ye\203\315aD\364\215sj;\010\033\321d\004\177$\205"
  36      83CD6144 
  36      F48D736A 
  36      3B081BD1 
  36      64047F24 
  37 005c D6E73CF7 		.ascii	"\326\347<\367\2120\226\030nro\373<\347\234\3579\347"
  37      8A309618 
  37      6E726FFB 
  37      3CE79CEF 
  37      39E7
  38 006e F39C7B1D 		.ascii	"\363\234{\035 A\223\003\240\004\000O\361\033\031\240"
  38      20419303 
  38      A004004F 
  38      F11B19A0 
  39 007e 74F40A40 		.ascii	"t\364\012@\233SB\244?\206\023\341\240\204\007\361\010"
  39      9B5342A4 
  39      3F8613E1 
  39      A08407F1 
  39      08
  40 008f 3BC170BA 		.ascii	";\301p\272\363\306Yi\353\220\301\257\334\211\273O\032"
  40      F3C65969 
  40      EB90C1AF 
  40      DC89BB4F 
  40      1A
  41 00a0 E91C9A0C 		.ascii	"\351\034\232\014\240\217\337t\341\020n\005\356\366m"
  41      A08FDF74 
  41      E1106E05 
  41      EEF66D
  42 00af FBE84976 		.ascii	"\373\350Iv\230\231\014Q\346\313\265\205\376b\015-%\364"
  42      98990C51 
  42      E6CBB585 
  42      FE620D2D 
  42      25F4
  43 00c1 F065F2F2 		.ascii	"\360e\362\362\362\300f\366<\222\347\357\345\305\244"
  43      F2C066F6 
  43      3C92E7EF 
  43      E5C5A4
  44 00d0 BBFE9461 		.ascii	"\273\376\224a\304\215\334L\357\323\357%\214K\206l2\206"
  44      C48DDC4C 
  44      EFD3EF25 
  44      8C4B866C 
  44      3286
  45 00e2 1F23E3AA 		.ascii	"\037#\343\252\370\021\326b\032k\205:w/\214\225\217o"
  45      F811D662 
  45      1A6B853A 
ARM GAS  /tmp/ccZ50PHS.s 			page 3


  45      772F8C95 
  45      8F6F
  46 00f4 52641CC6 		.ascii	"Rd\034\306z+)~\202\012\002H\264\303\3557\272.fU\266"
  46      7A2B297E 
  46      820A0248 
  46      B4C3ED37 
  46      BA2E6655 
  47 0109 5D48E706 		.ascii	"]H\347\006\317\374\200\266\364_\263/~7\330a\034\275"
  47      CFFC80B6 
  47      F45FB32F 
  47      7E37D861 
  47      1CBD
  48 011b E034998C 		.ascii	"\3404\231\214#\217jc\006\353O_\305\234Q\256t\362\326"
  48      238F6A63 
  48      06EB4F5F 
  48      C59C51AE 
  48      74F2D6
  49 012e 6A3B6797 		.ascii	"j;g\227\372\245j\011L\346`\364p\000eP\304S\245\015\247"
  49      FAA56A09 
  49      4CE660F4 
  49      70006550 
  49      C453A50D 
  50 0143 080148F2 		.ascii	"\010\001H\362*\210S\027\223\350\227\255\340\364\344"
  50      2A885317 
  50      93E897AD 
  50      E0F4E4
  51 0152 4A775EA5 		.ascii	"Jw^\245\302RL\342u\364\034\232\376F\245\356\025QV\362"
  51      C2524CE2 
  51      75F41C9A 
  51      FE46A5EE 
  51      155156F2 
  52 0166 A72319A7 		.ascii	"\247#\031\247\265\034]J\0305|kjh\355\017\227\211\251"
  52      B51C5D4A 
  52      18357C6B 
  52      6A68ED0F 
  52      9789A9
  53 0179 368ED563 		.ascii	"6\216\325c2\025Gye\247\2512n\2749w\255\210\332\210\321"
  53      32154779 
  53      65A7A932 
  53      6EBC3977 
  53      AD88DA88 
  54 018e CE493B71 		.ascii	"\316I;q\014M\354\025\264q\0345X\301\304\335\016\264"
  54      0C4DEC15 
  54      B4711C35 
  54      58C1C4DD 
  54      0EB4
  55 01a0 72312BDD 		.ascii	"r1+\335\322|wI\300v`\271R\251l\306\011.\304\253\352"
  55      D27C7749 
  55      C07660B9 
  55      52A96CC6 
  55      092EC4AB 
  56 01b5 A922B7C7 		.ascii	"\251\"\267\307\313\366\351\177\331\316\240\306S\300"
  56      CBF6E97F 
  56      D9CEA0C6 
  56      53C0
  57 01c3 2AB6154A 		.ascii	"*\266\025J\211\212\373\376Y\264[\2630\252\274*\316\242"
  57      898AFBFE 
ARM GAS  /tmp/ccZ50PHS.s 			page 4


  57      59B45BB3 
  57      30AABC2A 
  57      CEA2
  58 01d5 8FE183E7 		.ascii	"\217\341\203\347D\210\3603T\270\300\347\374\311O\352"
  58      4488F033 
  58      54B8C0E7 
  58      FCC94FEA 
  59 01e5 6D2272B8 		.ascii	"m\"r\270\307\224\353\336A\323\350\345\005TQ\300\275"
  59      C794EBDE 
  59      41D3E8E5 
  59      055451C0 
  59      BD
  60 01f6 C2A16295 		.ascii	"\302\241b\225,q\277/\260NT2S\230\230T\370\016\236E9"
  60      2C71BF2F 
  60      B04E5432 
  60      53989854 
  60      F80E9E45 
  61 020b C59CDC32 		.ascii	"\305\234\3342\2112\\\307\370/\224\237\344H\235,\264"
  61      89325CC7 
  61      F82F949F 
  61      E4489D2C 
  61      B4
  62 021c D7D59B78 		.ascii	"\327\325\233xB\314\2028\224\025\214\337\356|\227Y\\"
  62      42CC8238 
  62      94158CDF 
  62      EE7C9759 
  62      5C
  63 022d 1CB68F47 		.ascii	"\034\266\217G\330\207)\306A\340Nv,L\324Z.\344\305S."
  63      D88729C6 
  63      41E04E76 
  63      2C4CD45A 
  63      2EE4C553 
  64 0242 0E1C1B94 		.ascii	"\016\034\033\224\255\261\275\011x\216#y8L\261\204\357"
  64      ADB1BD09 
  64      788E2379 
  64      384CB184 
  64      EF
  65 0253 4DB8AD30 		.ascii	"M\270\2550\225\266\376u\341\361\263\267\226SN\326\215"
  65      95B6FE75 
  65      E1F1B3B7 
  65      96534ED6 
  65      8D
  66 0264 02C1ADE5 		.ascii	"\002\301\255\345\265\274\313\036\277?\367\366\031\271"
  66      B5BCCB1E 
  66      BF3FF7F6 
  66      19B9
  67 0272 760FCDDE 		.ascii	"v\017\315\336\227\033\314\336y\022W-\266\371\343\233"
  67      971BCCDE 
  67      7912572D 
  67      B6F9E39B 
  68 0282 D6B17D3F 		.ascii	"\326\261}?\253\220\207\215Wz\000/`V\240\235\022\357"
  68      AB90878D 
  68      577A002F 
  68      6056A09D 
  68      12EF
  69 0294 007C80DC 		.ascii	"\000|\200\3344`\216\377]]\227\266\331V\223\367H\361"
  69      34608EFF 
ARM GAS  /tmp/ccZ50PHS.s 			page 5


  69      5D5D97B6 
  69      D95693F7 
  69      48F1
  70 02a6 9CE1146C 		.ascii	"\234\341\024ls6\333\305\376\311c\325\304\366\002\261"
  70      7336DBC5 
  70      FEC963D5 
  70      C4F602B1 
  71 02b6 55B965DA 		.ascii	"U\271e\332bk5K\331\370J\244\032\234\273:\345b\303VO"
  71      626B354B 
  71      D9F84AA4 
  71      1A9CBB3A 
  71      E562C356 
  72 02cb 777AC7D2 		.ascii	"wz\307\322UvO?g\236M%\346\273\215\017\343[\250\257\374"
  72      55764F3F 
  72      679E4D25 
  72      E6BB8D0F 
  72      E35BA8AF 
  73 02e0 067D7D25 		.ascii	"\006}}%\336\311\373\363/#\340En[\305x\241t\252\364H"
  73      DEC9FBF3 
  73      2F23E045 
  73      6E5BC578 
  73      A174AAF4 
  74 02f5 9FD714BB 		.ascii	"\237\327\024\273G\006\353L?f^Hs\361\0312\312\353\215"
  74      4706EB4C 
  74      3F665E48 
  74      73F11932 
  74      CAEB8D
  75 0308 AB294699 		.ascii	"\253)F\231\000g\311\354x\210\317%\301\3472\361A(\376"
  75      0067C9EC 
  75      7888CF25 
  75      C1E732F1 
  75      4128FE
  76 031b 2F9F399B 		.ascii	"/\2379\233O\331\3745\353\">\363(\213\222\001\277\026"
  76      4FD9FC35 
  76      EB223EF3 
  76      288B9201 
  76      BF16
  77 032d 5FB27436 		.ascii	"_\262t6\177\335]w\307\216v\221\357\355\314\370\367."
  77      7FDD5D77 
  77      C78E7691 
  77      EFEDCCF8 
  77      F72E
  78 033f 11BD40D1 		.ascii	"\021\275@\321x\305&)\332\007\370\215\206s\370\031jL"
  78      78C52629 
  78      DA07F88D 
  78      8673F819 
  78      6A4C
  79 0351 4049F217 		.ascii	"@I\362\027\204\177'\270\277\326\320\2405\266\004\366"
  79      847F27B8 
  79      BFD6D0A0 
  79      35B604F6 
  80 0361 0476FAB4 		.ascii	"\004v\372\264PT\323C\301`h\277\026\016EbQ\355\225fo"
  80      5054D343 
  80      C16068BF 
  80      160E4562 
  80      51ED9566 
  81 0376 A3B755D3 		.ascii	"\243\267U\323[\364P\304\277\353\315\355\301\006\035"
ARM GAS  /tmp/ccZ50PHS.s 			page 6


  81      5BF450C4 
  81      BFEBCDED 
  81      C1061D
  82 0385 643DD61A 		.ascii	"d=\326\032V\"\376\350\201}\261\2276\214\365\267\306"
  82      5622FEE8 
  82      817DB197 
  82      368CF5B7 
  82      C6
  83 0396 28526BF4 		.ascii	"(Rk\364\372v\370\264F\036\252\355\330\257\357;\360\232"
  83      FA76F8B4 
  83      461EAAED 
  83      D8AFEF3B 
  83      F09A
  84 03a8 5FD383D1 		.ascii	"_\323\203\321@t\327^]oh\001\267\267\331\347\251\177"
  84      4074D75E 
  84      5D6F6801 
  84      B7B7D9E7 
  84      A97F
  85 03ba 6E9B271C 		.ascii	"n\233'\034\015\003{9\0025\261Px\347\353M\221\220\356"
  85      0D037B39 
  85      0235B150 
  85      78E7EB4D 
  85      9190EE
  86 03cd 8BEDD6DF 		.ascii	"\213\355\326\337p{}\315d\333\306\235@\212\200\272gw"
  86      707B7DCD 
  86      64DBC69D 
  86      408A80BA 
  86      6777
  87 03df D4DF1409 		.ascii	"\324\337\024\011<^\301-\260\205t(6\034\011\010-5\350"
  87      3C5EC12D 
  87      B0857428 
  87      361C0908 
  87      2D35E8
  88 03f2 0F86226F 		.ascii	"\017\206\"o\301?kK\372\363"
  88      C13F6B4B 
  88      FAF3
  89              		.text
  90              		.section	.gnu.lto__port_irq_epilogue.ac990d08125c54a8,"",%progbits
  91 0000 789C9D56 		.ascii	"x\234\235VkL\024W\024\276g\356\314\356\262\273<\244"
  91      6B4C1457 
  91      14BE67EE 
  91      CCEEB2BB 
  91      3CA4
  92 0012 C4B4893F 		.ascii	"\304\264\211?\226\037\24451l\3234\241I\333\244\015\277"
  92      961FA435 
  92      316CD334 
  92      A149DBA4 
  92      0DBF
  93 0024 6C423492 		.ascii	"lB4\222\264?\215\256XI\305%\273\330\330\364\007\303"
  93      B43F8DAE 
  93      5849C525 
  93      BBD8D8F4 
  93      07C3
  94 0036 DB42AB26 		.ascii	"\333B\253&\312S\310\020\214\001\255\240\242m]\344%("
  94      CA53C810 
  94      8C01ADA0 
  94      A26D5DE4 
ARM GAS  /tmp/ccZ50PHS.s 			page 7


  94      2528
  95 0048 882F2A22 		.ascii	"\210/*\"Z\361\311\202\345i\224Z\353\023z\316\235Y\300"
  95      5AF1C982 
  95      E569945A 
  95      EB137ACE 
  95      9D59C0
  96 005b 154BEC26 		.ascii	"\025K\354&\014s\357y}\347\234o\317Y\205I\254-\2041\033"
  96      0C73EF79 
  96      7DE79C6F 
  96      CF598549 
  96      AC2D8431 
  97 0070 30F61563 		.ascii	"0\366\025c\014,\014\244\035\027\030\313\260H\022\357"
  97      0C2C0CA4 
  97      1D1718CB 
  97      B04812EF 
  98 0080 5DCC54AB 		.ascii	"]\314T\253\2511\216\251v.\311[\337\305\223BO\273\014"
  98      A9318EA9 
  98      762EC95B 
  98      DFC59342 
  98      4FBB0C
  99 0093 665D4909 		.ascii	"f]I\011\274\230\002/f\000zQ-\300\322%.+&3\244\303v^"
  99      BC98022F 
  99      66007A51 
  99      2DC0D225 
  99      2E2B2633 
 100 00ab CCA12DEF 		.ascii	"\314\241-\357\256OZZ\255\342\247\265\370\2419W\315y"
 100      AE4F5A5A 
 100      ADE2A7B5 
 100      F8A13957 
 100      CD79
 101 00bd 5BE38C95 		.ascii	"[\343\214\225\342\037}\240\032\2262T\0338<U\030j\222"
 101      E21F7DA0 
 101      1A963254 
 101      1B383C55 
 101      186A92
 102 00d0 F57BA801 		.ascii	"\365{\250\001\023B#\363\213\331\207\312\3716\256q\000"
 102      134223F3 
 102      8BD987CA 
 102      F936AE71 
 102      00
 103 00e1 198F0FCE 		.ascii	"\031\217\017\316\227\371\303\350(\201\003\217\371]\203"
 103      97F9C3E8 
 103      2881038F 
 103      F95D83
 104 00f0 55E1FC03 		.ascii	"U\341\374\003 \017\367\246\256\347\333c\366\250j\246"
 104      200FF7A6 
 104      AEE7DB63 
 104      F6A86AA6 
 105 0100 DAFA488B 		.ascii	"\332\372H\213\334\231\245\236Ve\215s\370\0318z\205\375"
 105      DC99A59E 
 105      56658D73 
 105      F819387A 
 105      85FD
 106 0112 B004F6C1 		.ascii	"\260\004\366\301\022=\352\001\210A\223\273\005\247\232"
 106      123DEA01 
 106      884193BB 
 106      05A79A
ARM GAS  /tmp/ccZ50PHS.s 			page 8


 107 0121 CD3C4E98 		.ascii	"\315<N\230\267\356\375\245\017\014\363\177:?\276\264"
 107      B7EEFDA5 
 107      0F0CF37F 
 107      3A3FBEB4 
 108 0131 3757DD71 		.ascii	"7W\335q\302\242q\031j\347\261\257\023\366]\317\177\362"
 108      C2A27119 
 108      6AE7B1AF 
 108      13F65DCF 
 108      7FF2
 109 0143 871B361D 		.ascii	"\207\0336\035>^^\257\252?|\366:\223\203\020s\260\007"
 109      3E5E5EAF 
 109      AA3F7CF6 
 109      3A938310 
 109      73B007
 110 0156 5AD5A9E9 		.ascii	"Z\325\251\351<\254D\22465|!&\2123\215+2=\024\001\312"
 110      3CAC4494 
 110      36357C21 
 110      268A338D 
 110      2B323D14 
 111 016c 249E16BA 		.ascii	"$\236\026\272\010\301\207\311Fo\241\3700G\210\240\213"
 111      08C187C9 
 111      466FA1F8 
 111      304788A0 
 111      8B
 112 017d 841FC6F2 		.ascii	"\204\037\306\362\261LT\360\002.\321\177>\004\022%\261"
 112      B14C54F0 
 112      022ED17F 
 112      3E041225 
 112      B1
 113 018e F74C4F8B 		.ascii	"\367LO\213\215\177/\022zXr\270&\304\000w\253\346\275"
 113      8D7F2F12 
 113      7A5872B8 
 113      26C40077 
 113      ABE6BD
 114 01a1 B2ACB33F 		.ascii	"\262\254\263?\252\225\231\021\004\357\320<\360\016\213"
 114      AA959911 
 114      04EFD03C 
 114      F00E8B
 115 01b0 8CF246D4 		.ascii	"\214\362F\324&\231\352+\203\003\352Q6\012\231\003\317"
 115      2699EA2B 
 115      8303EA51 
 115      360A9903 
 115      CF
 116 01c1 F63C0B9D 		.ascii	"\366<\013\235iQ\266\350\344\316\307f\321\245R\016,H"
 116      6951B6E8 
 116      E4CEC766 
 116      D1A5520E 
 116      2C48
 117 01d3 D45FB30C 		.ascii	"\324_\263\014\033\014GH(\005\013{vs\212\304\340(\211"
 117      1B0C4748 
 117      28050B7B 
 117      76738AC4 
 117      E02889
 118 01e6 F9DCCEC3 		.ascii	"\371\334\316\303/`B\034\277R\353\201\035\001\024Ui\365"
 118      2F60421C 
 118      BF52EB81 
 118      1D011455 
ARM GAS  /tmp/ccZ50PHS.s 			page 9


 118      69F5
 119 01f8 8FADD127 		.ascii	"\217\255\321'ASK\034\032\267\220v\255\377\270j\221%"
 119      41534B1C 
 119      1AB79076 
 119      ADFFB86A 
 119      9125
 120 020a 54FC0DA2 		.ascii	"T\374\015\242\031\335\334\037\357\355\227\360\006\216"
 120      19DDDC1F 
 120      EFED97F0 
 120      068E
 121 0218 812C2033 		.ascii	"\201, 3\360\011\256\3244\267\017\331\243;\015\353\020"
 121      F009AED4 
 121      34B70FD9 
 121      A33B0DEB 
 121      10
 122 0229 D29DACAB 		.ascii	"\322\235\254\253\277l\023\326\015d\015\307AfC\220\351"
 122      BF6C13D6 
 122      0D640DC7 
 122      41664390 
 122      E9
 123 023a 10E93336 		.ascii	"\020\35136\002m\015O\252\246\257\002\245V\301\211\177"
 123      026D0D4F 
 123      AAA6AF02 
 123      A556C189 
 123      7F
 124 024b 45396DDD 		.ascii	"E9m\335f*\210U$\232\341k\334\245\350G\365Z\226\032F"
 124      662A8855 
 124      249AE16B 
 124      DCA5E847 
 124      F55A961A 
 125 0260 0C2DC9BC 		.ascii	"\014-\311\274c\321\240\"\003\363\30386h\302\2626\022"
 125      63D1A022 
 125      03F3C338 
 125      3668C2B2 
 125      3612
 126 0272 0E148E17 		.ascii	"\016\024\216\027\236\336ou\326\252\331\031$\263C3hP"
 126      9EDE6F75 
 126      D6AAD919 
 126      24B34333 
 126      6850
 127 0284 22A80F2D 		.ascii	"\"\250\017-\340\304\200Y\317s\367)z8Y\2178qn\250J\264"
 127      E0C48059 
 127      CF73F729 
 127      7A38598F 
 127      38716EA8 
 128 029a 40013502 		.ascii	"@\0015\002Z\321\321 d\367\267\177h(\241\306\301q\337"
 128      5AD1D120 
 128      64F7B77F 
 128      6828A1C6 
 128      C171DF
 129 02ad 93505D83 		.ascii	"\223P]\203\301\011\243\201\005X\315\336\305|\0242\260"
 129      C109A381 
 129      0558CDDE 
 129      C57C1432 
 129      B0
 130 02be 5F7F75C0 		.ascii	"_\177u\300le\211Q\242Y,\270\033\305\273\254\330\306"
 130      6C658951 
ARM GAS  /tmp/ccZ50PHS.s 			page 10


 130      A2592CB8 
 130      1BC5BBAC 
 130      D8C6
 131 02d0 366A853C 		.ascii	"6j\205<\247\025\202b\320.\332q\022\237\370U\354&\177"
 131      A7158262 
 131      D02EDA71 
 131      129FF855 
 131      EC267F
 132 02e3 45DB8A34 		.ascii	"E\333\21249\372\226Q\320P\262x1\220\343\017\021\005"
 132      39FA9651 
 132      D050B278 
 132      3190E30F 
 132      1105
 133 02f5 3D65B4A3 		.ascii	"=e\264\243c\340H\203\211\332\321\001\230\320\"\224t"
 133      63E04883 
 133      89DAD101 
 133      98D02294 
 133      74
 134 0306 EA45BE2D 		.ascii	"\352E\276-`\221C\362O\"\272,\310\037\002B\240\323Z\240"
 134      609143F2 
 134      4F22BA2C 
 134      C81F0242 
 134      A0D35AA0 
 135 031a CF9AB607 		.ascii	"\317\232\266\007\343,\267~a\340T\346\342\254#\234\247"
 135      E32CB77E 
 135      61E054E6 
 135      E2AC239C 
 135      A7
 136 032b 05CE2E1D 		.ascii	"\005\316.\035\247\177A\234g\202q\236%\234\021(9\027"
 136      A77F419C 
 136      6782719E 
 136      259C1128 
 136      3917
 137 033d C08900C8 		.ascii	"\300\211\000\310\037\271'\211\200\271\355T\244\200Y"
 137      1FB92789 
 137      80B9ED54 
 137      A48059
 138 034c A7F32473 		.ascii	"\247\363$s2o\037\247\213\012\256\030:\016!?@6\0125\266"
 138      326F1FA7 
 138      8B0AAE18 
 138      3A0E213F 
 138      40360A35 
 139 0361 3CB7F6D2 		.ascii	"<\267\366\322:]\205\2640\344\223c\325M\212>\313J\246"
 139      3A5D85B4 
 139      30E49363 
 139      D54D8A3E 
 139      CB4AA6
 140 0374 A7A7C3E1 		.ascii	"\247\247\303\341<\366\356eK\023\371~8\\\221c\245;\032"
 140      3CF6EE65 
 140      4B13F97E 
 140      385C9163 
 140      A53B1A
 141 0387 4BFEDDE5 		.ascii	"K\376\335\345&\262\341\272\015^\025\250-\325\001\302"
 141      26B2E1BA 
 141      0D5E15A8 
 141      2DD501C2 
 142 0397 55AEC7D9 		.ascii	"U\256\307\331\020\206\356\341\202\301\270G=\223G\211"
ARM GAS  /tmp/ccZ50PHS.s 			page 11


 142      1086EEE1 
 142      82C1B847 
 142      3D934789 
 143 03a7 713A1BC3 		.ascii	"q:\033\303\241[0\016\210q\277\203\223\370:\364\264;"
 143      A15B300E 
 143      8871BF83 
 143      93F83AF4 
 143      B43B
 144 03b9 843C9A00 		.ascii	"\204<\232\000u,p\021\015\211\370#ZN\244\016\3272\227"
 144      752C7011 
 144      0D89F823 
 144      5A4EA40E 
 144      D73297
 145 03cc F71182F7 		.ascii	"\367\021\202\367\3717\266\327Y\364\343\241\233:\357"
 145      F937B6D7 
 145      59F4E3A1 
 145      9B3AEF
 146 03db 5BAA1FFC 		.ascii	"[\252\037\374m\233\345\375\"\270\204\274\3571P\014\237"
 146      6D9BE5FD 
 146      22B884BC 
 146      EF31500C 
 146      9F
 147 03ec E9F5C31C 		.ascii	"\351\365\303\034\336\367\012\024\022\241\270,x\217\005"
 147      DEF70A14 
 147      12A1B82C 
 147      788F05
 148 03fb F4297AB8 		.ascii	"\364)z\270\020\214H7E]K\215\244\337,\303>\341[\354\215"
 148      108C4837 
 148      455D4B8D 
 148      A4DF2CC3 
 148      3EE15BEC 
 149 0410 2BE0447F 		.ascii	"+\340D\177\272\373\246\313Q\272\177\033\2255Pf\264\357"
 149      BAFBA6CB 
 149      51BA7F1B 
 149      95355066 
 149      B4EF
 150 0422 1C1BACB0 		.ascii	"\034\033\254\260\360\373 \022\033\033|\320n3\246d\237"
 150      F0FB2012 
 150      1B1B7CD0 
 150      6E33A664 
 150      9F
 151 0433 662F555B 		.ascii	"f/U[\263\0354\375\256\3163\"\377\240\016\331t\222\266"
 151      B31D34FD 
 151      AECE3322 
 151      FFA00ED9 
 151      7492B6
 152 0446 17068FC4 		.ascii	"\027\006\217\304\342>\253B*\006QM/\315\266k\202\244"
 152      E23EAB42 
 152      2A06514D 
 152      2FCDB66B 
 152      82A4
 153 0458 FD62ADB1 		.ascii	"\375b\255\261\351\005g\333u\203\244\327\313\032vY\211"
 153      E90567DB 
 153      7583A4D7 
 153      CB1A7659 
 153      89
 154 0469 A43788A4 		.ascii	"\2447\210\2446\224\3344&\226\240\014Ecc\220U\331R\370"
ARM GAS  /tmp/ccZ50PHS.s 			page 12


 154      3694DC34 
 154      2696A00C 
 154      45636390 
 154      55D952F8 
 155 047d 8E9E2B81 		.ascii	"\216\236+\201\362\371\306\373\315\351/T\\^\221\245\334"
 155      F2F9C6FB 
 155      CDE92F54 
 155      5C5E91A5 
 155      DC
 156 048e 8C46B720 		.ascii	"\214F\267 \035\213\370\226>HN\302\254\352L\227\3158"
 156      1D8BF896 
 156      3E484EC2 
 156      ACEA4C97 
 156      CD38
 157 04a0 496ECF4C 		.ascii	"In\317L\022\231\355\267q,\342\323\274\212+\2250_S6-"
 157      1299EDB7 
 157      712CE2D3 
 157      BC8A2B95 
 157      305F5336 
 158 04b5 D4943BA2 		.ascii	"\324\224;\242)2\225m@\320.\200j+ZO\202\306\243J1i\006"
 158      2932956D 
 158      40D02E80 
 158      6A2B5A4F 
 158      82C6A34A 
 159 04cc 7E844621 		.ascii	"~\204F!\225\231\220\023\3777\344\340l\310\241\327\205"
 159      95999013 
 159      FF37E4E0 
 159      6CC8A1D7 
 159      85
 160 04dd C41F3D70 		.ascii	"\304\037=p\327\010ib\215q\201\305\031\264,+\026X\226"
 160      D7086962 
 160      8D7181C5 
 160      19B42C2B 
 160      165896
 161 04f0 7F8A6539 		.ascii	"\177\212e9S=\031\2537\374\037\313\262\314f,K\353\253"
 161      533D19AB 
 161      37FC1FCB 
 161      B2CC662C 
 161      4BEBAB
 162 0503 CBF2A31A 		.ascii	"\313\362\243\032t>BB[\260p\264\202S$\006\243\257.\313"
 162      743E4242 
 162      5BB070B4 
 162      82532406 
 162      A3AF2ECB 
 163 0517 3141A8F1 		.ascii	"1A\250\3619\313rJ\273\323l\013\354\301a\261\007'\304"
 163      39CB724A 
 163      BBD36C0B 
 163      ECC161B1 
 163      0727C4
 164 052a 1E0C5E7A 		.ascii	"\036\014^z\367f\226\0369\027\2450\213\037\021\023 \351"
 164      F766961E 
 164      3917A530 
 164      8B1F1113 
 164      20E9
 165 053c 3FCAF271 		.ascii	"?\312\362q^\340\005\236\234\261\261\316\370\015\311"
 165      5EE0059E 
 165      9CB1B1CE 
ARM GAS  /tmp/ccZ50PHS.s 			page 13


 165      F80DC9
 166 054b 6B935724 		.ascii	"k\223W$:\335^\247\313\235\222\342\336\344Lu{\322\274"
 166      3ADD5EA7 
 166      CB9D92E2 
 166      DEE44C75 
 166      7BD2BC
 167 055e CECF5725 		.ascii	"\316\317W%\304'lq\2726\270\334\236\244\325\337\306\245"
 167      C4276C71 
 167      BA36B8DC 
 167      9EA4D5DF 
 167      C6A5
 168 0570 C4BA98EC 		.ascii	"\304\272\230\354J\333\222j\362$y7oL\373d^\333\244-i"
 168      4ADB926A 
 168      F2247937 
 168      6F4CFB64 
 168      5EDBA42D 
 169 0585 64E98C4F 		.ascii	"d\351\214OH\\\236\350\214GS\347\362M\256\215\233\327"
 169      485C9EE8 
 169      8C4753E7 
 169      F24DAE8D 
 169      9BD7
 170 0597 25395D29 		.ascii	"%9])\336d\357\352\257]\256\330\015\314\274v\2157i\245"
 170      DE64EFEA 
 170      AF5DAED8 
 170      0DCCBC76 
 170      8D3769A5 
 171 05ab 27F9CD00 		.ascii	"'\371\315\000l`\021\011\211\253\034d\233\352I^\346\210"
 171      6C601109 
 171      89AB1C64 
 171      9BEA495E 
 171      E688
 172 05bd 799F491E 		.ascii	"y\237I\036fNIJq{\276c\341_&\254J\304\273e\216\365\251"
 172      664E494A 
 172      717BBE63 
 172      E15F26AC 
 172      4AC4BB65 
 173 05d4 5E9787F1 		.ascii	"^\227\207\361O=\314\036\270J\365\246\262\2604w\352\212"
 173      4F3DCC1E 
 173      B84AF5A6 
 173      B2B03477 
 173      EA8A
 174 05e6 F52B3D6E 		.ascii	"\365+=nWb\332\032\3277v\362\205\367\302\317\277\242"
 174      5762DA1A 
 174      D73776F2 
 174      85F7C2CF 
 174      BFA2
 175 05f8 C37CAC   		.ascii	"\303|\254"
 176              		.text
 177              		.section	.gnu.lto_.symbol_nodes.ac990d08125c54a8,"",%progbits
 178 0000 789C6365 		.ascii	"x\234ce`bHd\000\002\246\031L\365\014\014\023\31610\000"
 178      60624864 
 178      0002A619 
 178      4CF50C0C 
 178      13CE3130 
 179 0015 A95D0D8E 		.ascii	"\251]\015\216@\221\231L\365\214(\"\214\263\231\352\231"
 179      4091994C 
 179      F58C2822 
ARM GAS  /tmp/ccZ50PHS.s 			page 14


 179      8CB399EA 
 179      99
 180 0026 C0220C0C 		.ascii	"\300\"\014\014\015\013\034\200\002s\230\352\231Q\004"
 180      0D0B1C80 
 180      027398EA 
 180      995104
 181 0035 6631D5B3 		.ascii	"f1\325\263\300\004\032\200\002\314\214,\014K\372\236"
 181      C0041A80 
 181      02CC8C2C 
 181      0C4BFA9E 
 182 0045 B2300000 		.ascii	"\2620\000\000\213\023\026\356"
 182      8B1316EE 
 183              		.text
 184              		.section	.gnu.lto_.refs.ac990d08125c54a8,"",%progbits
 185 0000 789C6365 		.ascii	"x\234ce`b\340d```bdb\222fb\226a\000\000\001\375\000"
 185      6062E064 
 185      60606062 
 185      64629266 
 185      62966100 
 186 0018 54       		.ascii	"T"
 187              		.text
 188              		.section	.gnu.lto_.decls.ac990d08125c54a8,"",%progbits
 189 0000 789CBD59 		.ascii	"x\234\275YkPTI\226\256\274Y\024\257\002\014dv\335]b"
 189      6B505449 
 189      96AEBC59 
 189      14AF020C 
 189      6476DD5D 
 190 0015 BBC730B6 		.ascii	"\273\3070\266\331\330X\201\326\231\351\215\231\330h"
 190      D9D85881 
 190      D699E98D 
 190      99D868
 191 0024 C5A6F587 		.ascii	"\305\246\365\207\333\004\214\306\354\304nT\330EuC,\017"
 191      DB048CC6 
 191      ECC46E54 
 191      D8457543 
 191      2C0F
 192 0036 A70AA735 		.ascii	"\247\012\2475b7\366\"(\210\200 \240\200\242\370@@Ah"
 192      6237F622 
 192      28888020 
 192      A080A2F8 
 192      40404168 
 193 004a 11F1018A 		.ascii	"\021\361\001\212(\017\001\021\241\001A\004TD\005D^\312"
 193      280F0111 
 193      A1014104 
 193      54440544 
 193      5ECA
 194 005c C3077B32 		.ascii	"\303\007{2\363V\335\254k\321=\375g+87\357\271\371\345"
 194      F356DDAC 
 194      6BD13DFD 
 194      672B3837 
 194      EFB9F9E5 
 195 0070 C9734E9E 		.ascii	"\311sN\236\314<\231\330\251\004\325\261\217T\252\002"
 195      CC3C99D8 
 195      A904D5B1 
 195      8F54AA02 
 196 0080 AC52FD07 		.ascii	"\254R\375\007R\251\026\340\007\257\252b\225\374\263"
 196      52A916E0 
ARM GAS  /tmp/ccZ50PHS.s 			page 15


 196      07AFAA62 
 196      95FCB3
 197 008f 033A0B54 		.ascii	"\003:\013T\012t\016\350<P\245\352\303\337\177B{-\224"
 197      0A740EE8 
 197      3C50A5EA 
 197      C3DF7F42 
 197      7B2D94
 198 00a2 9B81DC81 		.ascii	"\233\201\334\201<\200\354\341\233+\320'\360\376\017"
 198      3C80ECE1 
 198      9B2BD027 
 198      F0FE0F
 199 00b1 50AE005A 		.ascii	"P\256\000Z\012\344\015\344\013\364k \370S\375\022\036"
 199      0AE40DE4 
 199      0BF46B20 
 199      F853FD12 
 199      1E
 200 00c2 1AA99FDF 		.ascii	"\032\251\237\337\302\373\347@k\201\326\001}\211>\354"
 200      C2FBE740 
 200      6B81D601 
 200      7D893EEC 
 201 00d2 6B0B7CFB 		.ascii	"k\013|\373\305\217\364\265\011\350\222J\356#\003(\215"
 201      C58FF4B5 
 201      09E8924A 
 201      EE230328 
 201      8D
 202 00e3 EBFB1DD4 		.ascii	"\353\373\035\324\325p:\035\000\272\002\374A\304\354"
 202      D5703A1D 
 202      00BA02FC 
 202      41C4EC
 203 00f2 FD6F2847 		.ascii	"\375o(G\241\374;(\307\240\234W1\333\210\017\262\340"
 203      A1FC3B28 
 203      C7A09C57 
 203      31DB880F 
 203      B2E0
 204 0104 DB2149AF 		.ascii	"\333!I\257#H\326\267\222\363\217Yw\345\357 F\357J\316"
 204      2348D6B7 
 204      92F38F59 
 204      77E5EF20 
 204      46EF4ACE 
 205 0118 2738F7A1 		.ascii	"'8\367\241^DL_\202h\301\220P \251\244\003A\177\226j"
 205      5E444C5F 
 205      8268C190 
 205      5020A9A4 
 205      03417F96 
 206 012d 24D02725 		.ascii	"$\320'%\332H%\311G\354\025\251\004I\226\031(\371V\002"
 206      DA4825C9 
 206      47EC15A9 
 206      04499619 
 206      28F95602 
 207 0141 F1122D4D 		.ascii	"\361\022-M-?\3637d-\022j\004d\371\200\020\337\200\023"
 207      2D3FF337 
 207      642D126A 
 207      0464F980 
 207      10DF8013 
 208 0155 88CC0AD1 		.ascii	"\210\314\012\321\032\304w\314\264\307f\353G\023\247"
 208      1AC477CC 
 208      B4C766EB 
ARM GAS  /tmp/ccZ50PHS.s 			page 16


 208      4713A7
 209 0164 8EAAFBD1 		.ascii	"\216\252\373\321\003\204\234U\271\304k\360\255\240v"
 209      03849C55 
 209      B9C46BF0 
 209      ADA076
 210 0173 3A0F63E8 		.ascii	":\017c\350\007\336\373\347\012\374W\026\211\354\347"
 210      07DEFBE7 
 210      0AFC5716 
 210      89ECE7
 211 0182 F0F7B2DB 		.ascii	"\360\367\262\333j\027f\252\335\2221rwB\002\260m\343"
 211      6A1766AA 
 211      DD923172 
 211      774202B0 
 211      6DE3
 212 0194 CD39CEC0 		.ascii	"\3159\316\300z8\241%\300\316Fw\\wZv\200\266\212\021"
 212      7A38A125 
 212      C0CE4677 
 212      5C775A76 
 212      80B68A11 
 213 01a8 970868F3 		.ascii	"\227\010h\363_\241\"\344\211\316 O\320\240\030-\203"
 213      5FA122E4 
 213      89CE204F 
 213      D0A0182D 
 213      83
 214 01b9 E7D76A26 		.ascii	"\347\327j&\351lNg\264zy\256\230; V/\324|t F,\200V\037"
 214      E96C4E67 
 214      B47A79AE 
 214      983B2056 
 214      2FD47C74 
 215 01d3 13142A44 		.ascii	"\023\024*D\030\235F+\211\332\360\012\317\002\324\217"
 215      189D462B 
 215      89DAF00A 
 215      CF02D48F 
 216 01e3 503EEA03 		.ascii	"P>\352\003\253\316\242\345D\301\361\251zg\374%U\266"
 216      ABCEA2E5 
 216      44C1F1A9 
 216      7A67FC25 
 216      55B6
 217 01f5 B6F56887 		.ascii	"\266\365h\207\275$\251\355\243,\261z'\010\022\250\240"
 217      BD24A9ED 
 217      A32CB17A 
 217      270812A8 
 217      A0
 218 0206 12595089 		.ascii	"\022YP\211RP)\025\364\342\366\271sn\370\217TP]~w\273"
 218      52502915 
 218      F4E2F6B9 
 218      736EF88F 
 218      54505D7E 
 219 021c 23081A10 		.ascii	"#\010\032\020\305\352\372#\253\337\225\016\212\361N"
 219      C5EAFA23 
 219      ABDF950E 
 219      8AF14E
 220 022b 546FF4BD 		.ascii	"To\364\275,\350{\304\334\210\316Q\001\017\007\362&\235"
 220      2CE87BC4 
 220      DC88CE51 
 220      010F07F2 
 220      269D
ARM GAS  /tmp/ccZ50PHS.s 			page 17


 221 023d 712EA212 		.ascii	"q.\242\022\322\216L=\301\222\204\311\377\311\022k\230"
 221      D28E4C3D 
 221      C19284C9 
 221      FFC9126B 
 221      98
 222 024e 1A6572EB 		.ascii	"\032er\3532s\353\363\264un\346\353\347\032|\236\265"
 222      3273EBF3 
 222      B4756EE6 
 222      EBE71A7C 
 222      9EB5
 223 0260 BE5DDB9E 		.ascii	"\276]\333\236i\217[(\243~vmR\000\327\221?G\257l\321"
 223      698F5B28 
 223      A37E766D 
 223      5200D791 
 223      3F47AF6C 
 224 0275 015D428E 		.ascii	"\001]B\216\252l1^\024\227\320\3278Q\334)\216\357LY\002"
 224      AA6C315E 
 224      1497D0D7 
 224      3851DC29 
 224      8EEF4C59 
 225 028a A6ACF244 		.ascii	"\246\254\362D>\236*t\031y\321*\025\252\200f\027\301"
 225      3E9E2A74 
 225      1979D12A 
 225      15AA8066 
 225      17C1
 226 029c E9A7CC43 		.ascii	"\351\247\314C\250\"\025\350\202\3249\033\201\233\205"
 226      A82215E8 
 226      82D4391B 
 226      819B85
 227 02ab 2DFBB5FC 		.ascii	"-\373\265\374h\021\210<\\W\254\206+s\274\365\201 Y\366"
 227      6811883C 
 227      5C57AC86 
 227      2B73BCF5 
 227      812059F6 
 228 02bf F8F2EFE6 		.ascii	"\370\362\357\346\317\211\261v\004\202\312e\333\312\315"
 228      CF89B176 
 228      0482CA65 
 228      DBCACD
 229 02ce B65552DB 		.ascii	"\266UR\333\356\306\226\036\306,V\324\300N\334\316~\354"
 229      EEC6961E 
 229      C62C56D4 
 229      C04EDCCE 
 229      7EEC
 230 02e0 CA62E563 		.ascii	"\312b\345c`w^\351N\225\"i\200t\220\222\275\373\230\026"
 230      60775EE9 
 230      4E952269 
 230      80749092 
 230      BDFB9816 
 231 02f4 CF304F1C 		.ascii	"\3170O\034\355\235(\266\307\"\015F\341z\307\261B\027"
 231      ED9D28B6 
 231      C7220D46 
 231      E17AC7B1 
 231      4217
 232 0306 A4F54A20 		.ascii	"\244\365J \026\247\304\210\216\353I\\]\005E\253@Qt\003"
 232      16A7C488 
 232      8EEB495C 
 232      5D0545AB 
ARM GAS  /tmp/ccZ50PHS.s 			page 18


 232      40517403 
 233 031a ACDEA495 		.ascii	"\254\336\244\225t\240\006W\337\271\265\372\360U\022"
 233      74A00657 
 233      DFB9B5FA 
 233      F05512
 234 0329 4C35488B 		.ascii	"L5H\213\256\313\012n\3222c\212\012o\316\273\341r\026"
 234      AECB0A6E 
 234      D232638A 
 234      0A6FCEBB 
 234      E17216
 235 033c EB150F33 		.ascii	"\353\025\0173\25692E\356\021>\347Z\363!\007|\205UN\027"
 235      AE393245 
 235      EE113EE7 
 235      5AF32107 
 235      7C85554E 
 236 0351 5C1F71C5 		.ascii	"\\\037q\305\327\030\323>t,V\313\220\255\204\317j\250"
 236      D718D33E 
 236      742C56CB 
 236      90AD84CF 
 236      6AA8
 237 0363 1975C437 		.ascii	"\031u\3047X\345\304H\362\210\200\353\031\263\267\266"
 237      58E5C448 
 237      F28880EB 
 237      19B3B7B6 
 238 0373 BC4E32BD 		.ascii	"\274N2\275\201\360}5\2359j\334\304*so\306\275t\303w"
 238      81F07D35 
 238      9D396ADC 
 238      C42A736F 
 238      C6BD74C3 
 239 0388 A4DEC7CE 		.ascii	"\244\336\307\316T\2700d5\365sk\345e\027\334\316*o\246"
 239      54B83064 
 239      35F5736B 
 239      E56517DC 
 239      CE2A6FA6 
 240 039c CDC73AE2 		.ascii	"\315\307:\342N\306\024\014\035N\226z\377\014\330\356"
 240      4EC6140C 
 240      1D4E967A 
 240      FF0CD8EE 
 241 03ac B1E1F76E 		.ascii	"\261\341\367n\270\233\325e\307\215\216b\334\313\230"
 241      B89BD565 
 241      C78D8E62 
 241      DCCB98
 242 03bb 2B159575 		.ascii	"+\025\225uv\014\350\003\354\343\356\276\001W\334\317"
 242      760CE803 
 242      ECE3EEBE 
 242      0157DCCF 
 243 03cb EAEE89B3 		.ascii	"\352\356\211\263=N\370\021c\016M=x.Y\356\005\354\265"
 243      3D4EF811 
 243      630E4D3D 
 243      782E59EE 
 243      05ECB5
 244 03de BEB6293B 		.ascii	"\276\266);\374\204\325\235\314K\357\321\340g\222m\322"
 244      FC84D59D 
 244      CC4BEFD1 
 244      E067926D 
 244      D2
 245 03ef D0B9B3A1 		.ascii	"\320\271\263\241\273\324\225_\245\306#\254\356uR\317"
ARM GAS  /tmp/ccZ50PHS.s 			page 19


 245      BBD4955F 
 245      A5C623AC 
 245      EE7552CF 
 246 03ff 2B273CC6 		.ascii	"+'<\306\230\261\330'\003\316\014\270\014\330\350\362"
 246      98B1D827 
 246      03CE0CB8 
 246      0CD8E8F2 
 247 040f 13FBB478 		.ascii	"\023\373\264x\202\325\0358x\372\236#~\315\030\363\302"
 247      82D51D38 
 247      78FA9E23 
 247      7ECD18F3 
 247      C2
 248 0420 E1CE168E 		.ascii	"\341\316\026\216\221\303==Z<\307\352\312\352'\352\035"
 248      91C33D3D 
 248      5A3CC7EA 
 248      CAEA27EA 
 248      1D
 249 0431 B1889965 		.ascii	"\261\210\231eW\246\033%c\034\210\325\255\245{]q,\253"
 249      57A61B25 
 249      631C88D5 
 249      ADA57B5D 
 249      712CAB
 250 0444 DB7DE2C6 		.ascii	"\333}\342\306\234\013\216cL\301p\377[\214\023\030\363"
 250      9C0B8E63 
 250      4CC170FF 
 250      5B8C1318 
 250      F3
 251 0455 E652ADE8 		.ascii	"\346R\255\350\200\223\030\223_\337]\357\206S\030\323"
 251      80931893 
 251      5FDF5DEF 
 251      865318D3 
 252 0465 7B3C3D4F 		.ascii	"{<=O\315\344=#\374\324\334\213D\201Ee\265\346 \366l"
 252      CDE43D23 
 252      FCD4DC8B 
 252      44814565 
 252      B5E620F6 
 253 047a AACA3DA9 		.ascii	"\252\312=\251E+\224?\257\245\226\327\343$\014a}\360"
 253      452B943F 
 253      AFA596D7 
 253      E3240C61 
 253      7DF0
 254 048c EA691B14 		.ascii	"\352i\033\024\305\375Z\032d\365\020d\357\320R9*k\351"
 254      C5FD5A1A 
 254      64F51064 
 254      EFD05239 
 254      2A6BE9
 255 049f 1CF28587 		.ascii	"\034\362\205\207\2125h\373\003\254L\2408A\367)\321\017"
 255      8A3568FB 
 255      03AC4CA0 
 255      3841F729 
 255      D10F
 256 04b1 28FA2A92 		.ascii	"(\372*\222\3415\034\374\241\022>\360\001\374\321\037"
 256      E1351CFC 
 256      A1123EF0 
 256      01FCD11F 
 257 04c1 65F84D25 		.ascii	"e\370M%\374\232R\227F\016}K\211n\370@\370\360W2\374"
 257      FC9A5297 
ARM GAS  /tmp/ccZ50PHS.s 			page 20


 257      460E7D4B 
 257      896EF840 
 257      F8F05732 
 258 04d6 8912FE58 		.ascii	"\211\022\376X)\374\321\277\313\350V%\272\345\0034gg"
 258      29FCD1BF 
 258      CBE85625 
 258      BAE50334 
 258      6767
 259 04e8 AF12DDA3 		.ascii	"\257\022\335\243D\367p\232<U\242\275\225\036\347\024"
 259      44F7709A 
 259      3C55A2BD 
 259      951EE714 
 260 04f8 695782EF 		.ascii	"iW\202\357*E\017s\350;\266\325\266\362\011\347\302j"
 260      2A450F73 
 260      E83BB6D5 
 260      B6F209E7 
 260      C26A
 261 050a DB0EB71A 		.ascii	"\333\016\267\032NNz\247\022\376\203R\227I\316\314A\333"
 261      4E4E7AA7 
 261      12FE8352 
 261      9749CECC 
 261      41DB
 262 051c 0EB712CE 		.ascii	"\016\267\022\316\351\322h{8\371\301\347<\336o;\020y"
 262      E9D2687B 
 262      38F9C1E7 
 262      3CDE6F3B 
 262      1079
 263 052e 5538C56F 		.ascii	"U8\305o+\321M2\232-\274\235w\226D\213\"\"(\225\264\350"
 263      2BD14D32 
 263      9A2DBC9D 
 263      7796448B 
 263      22222895 
 264 0544 925F2AA9 		.ascii	"\222_*\251L\021\305\317\325*4\014\215\237\223\306\317"
 264      4C11C5CF 
 264      D52A340C 
 264      8D9F93C6 
 264      CF
 265 0555 24690043 		.ascii	"$i\000Coa\015\237B+\320.a\005\032\207r\026(\026\336"
 265      6F610D9F 
 265      422BD02E 
 265      61051A87 
 265      72162816 
 266 056a 5F40390F 		.ascii	"_@9\0174\0124\011$\302\267\335@\321@3\300\307@9\015"
 266      340A3409 
 266      24C2B7DD 
 266      40D14033 
 266      C0C74039 
 267 057f E502D004 		.ascii	"\345\002\320\004\320+\2407@;\341\373\034\224/\201F\200"
 267      D02BA037 
 267      403BE1FB 
 267      1C942F81 
 267      4680
 268 0591 DE038D01 		.ascii	"\336\003\215\001\275F+\250B\314\266\276\036\367\375"
 268      BD462BA8 
 268      42CCB6BE 
 268      1EF7FD
 269 05a0 3162830F 		.ascii	"1b\203\0175\256\316\366\014\346\375\334\303\371\242"
ARM GAS  /tmp/ccZ50PHS.s 			page 21


 269      35AECEF6 
 269      0CE6FDDC 
 269      C3F9A2
 270 05af CD764059 		.ascii	"\315v@Y\205\010\347\350\373\266C\233\207\317s\360{J"
 270      8508E7E8 
 270      FBB6439B 
 270      87CF73F0 
 270      7B4A
 271 05c1 78D78770 		.ascii	"x\327\207pN\231f\333\003\303\303\0339x\207\355\000\264"
 271      4E9966DB 
 271      03C3C31B 
 271      397887ED 
 271      00B4
 272 05d3 92CE45E0 		.ascii	"\222\316E\340#\333\313\017?\2119\364\220\315i\311\313"
 272      23DBCB0F 
 272      3F8939F4 
 272      90CD69C9 
 272      CB
 273 05e4 9EE40CED 		.ascii	"\236\344\014\355\266m(\225Mv\307\204\352xg-\267\361"
 273      B66D2895 
 273      4D76C784 
 273      EA78672D 
 273      B7F1
 274 05f6 F358158A 		.ascii	"\363X\025\212\023\2644\337\200\022\300\017\032\012\317"
 274      13B434DF 
 274      8012C00F 
 274      1A0ACF
 275 0605 904DF713 		.ascii	"\220M\367\023'D\362a7\370T2zi\316\205}\242\273\316\276"
 275      2744F261 
 275      37F85432 
 275      7A69CE85 
 275      7DA2BBCE 
 276 061a C993F6F8 		.ascii	"\311\223\366\3700\335\011\204\254\306\256\0325\362r"
 276      30DD0984 
 276      ACC6AE1A 
 276      35F272
 277 0629 6291BB30 		.ascii	"b\221\2730\372\257Y\223$eH\024\234P\202`I\031>q\202"
 277      FAAF5993 
 277      24654814 
 277      9C508260 
 277      49193E71 
 278 063e 67BC4501 		.ascii	"g\274E\001\225\254\351^\301\213\310%8\264G\360D\361"
 278      95ACE95E 
 278      C18BC825 
 278      38B447F0 
 278      44F1
 279 0650 8227E9A3 		.ascii	"\202'\351\243\360d\352q\015\356`}\324]\275\177O\215"
 279      F064EA71 
 279      0DEE607D 
 279      D45DBD7F 
 279      4F8D
 280 0662 9CBC6C0A 		.ascii	"\234\274l\012\330gC\000Sf\346\315\362\272]$\207M\006"
 280      D8674300 
 280      5366E6CD 
 280      F2BA5D24 
 280      874D06
 281 0675 65926465 		.ascii	"e\222de@7R\300W\222}\354\256\211\323\340h5\313)\336"
ARM GAS  /tmp/ccZ50PHS.s 			page 22


 281      403752C0 
 281      57927DEC 
 281      AE89D3E0 
 281      6835CB29 
 282 068a A71E7776 		.ascii	"\247\036wv\212'\211\\JL\374OvC|1\221~V\213\343X\363"
 282      8A27895C 
 282      4A4CFC4F 
 282      76437C31 
 282      917E568B 
 283 06a1 F8A2E41B 		.ascii	"\370\242\344\033\330\334\374\247\265$ysbt\236\013Nf"
 283      D8DCFCA7 
 283      B5247973 
 283      62749E0B 
 283      4E66
 284 06b3 CD3BBB0E 		.ascii	"\315;\273\016\357\321\340t\306<|\3604\301\025g3&\341"
 284      EFD1E074 
 284      C63C7CF0 
 284      34C11567 
 284      3326E1
 285 06c6 427B9F9A 		.ascii	"B{\237\232\010\026\245\001\204}W\036\277\203\304\036"
 285      0816A501 
 285      847D571E 
 285      BF83C41E 
 286 06d6 08101223 		.ascii	"\010\020\022#\000\036\274SZ\346\346\236\"\201?VS\363"
 286      001EBC53 
 286      5AE6E69E 
 286      22813F56 
 286      53F3
 287 06e8 6574A6E0 		.ascii	"et\246\340nnC\320\245\225\261/\244|\262\032\221D\244"
 287      6E6E43D0 
 287      A595B12F 
 287      A47CB21A 
 287      9144A4
 288 06fb B23A4683 		.ascii	"\262:F\203O\322~\035j.'\335\260\247\333\370R/\262e\307"
 288      4FD27E1D 
 288      6A2E27DD 
 288      B0A7DBF8 
 288      522FB265 
 289 0710 C688D55D 		.ascii	"\306\210\325]I\270\271\273\340V\264xr\031J\003\311\373"
 289      49B8B9BB 
 289      E056B478 
 289      72194A03 
 289      C9FB
 290 0722 C1B14785 		.ascii	"\301\261G\205EW\326th2\334l\307b5\025\360)J\274\325"
 290      4557D674 
 290      6832DC6C 
 290      C7623515 
 290      F0294ABC 
 291 0737 3C203DF4 		.ascii	"< =\364\230\341D|\272m\361\276\262\364I^z\266m\351L"
 291      98E1447C 
 291      BA6DF1BE 
 291      B2F4495E 
 291      7AB66DE9 
 292 074c 1B7E01CD 		.ascii	"\033~\001\315\202A`\3134\201\223\3253\027\206\3508\254"
 292      824160CB 
 292      348193D5 
 292      331786E8 
ARM GAS  /tmp/ccZ50PHS.s 			page 23


 292      38AC
 293 075e 78C78072 		.ascii	"x\307\200r\200\016\001\035\006:\"\260\325\216\005\325"
 293      800E011D 
 293      063A22B0 
 293      D58E05D5 
 294 076e FB26E80D 		.ascii	"\373&\350\015\016\017\320\212_\233\231\346\235\315v"
 294      0E0FD08A 
 294      5F9B99E6 
 294      9DCD76
 295 077d A7CF89E2 		.ascii	"\247\317\211\342\036\015U=C\251\213\365\034\006a\215"
 295      1E0D553D 
 295      43A98BF5 
 295      1C06618D 
 296 078d 66D56150 		.ascii	"f\325aP\320\001\233p\363\034\356\230\276xL\215\207\350"
 296      D0019B70 
 296      F31CEE98 
 296      BE784C8D 
 296      87E8
 297 079f B808378B 		.ascii	"\270\0107\213+\340\260\263\324\313\226A(\017\354\370"
 297      2BE0B0B3 
 297      D4CB9641 
 297      280FECF8 
 298 07af 993635DB 		.ascii	"\23165\333\305\220\375\346$\264:!\317\023b\"\355{|."
 298      C590FDE6 
 298      24B43A21 
 298      CF136222 
 298      ED7B7C2E 
 299 07c3 7EAF1BBF 		.ascii	"~\257\033\277~\234\024\370\365\343\224\264~"
 299      7E9C14F8 
 299      F5E394B4 
 299      7E
 300 07d0 9CA2EB47 		.ascii	"\234\242\353G\305D\316n\274h\254\346\233c\225\234\216"
 300      C544CE6E 
 300      BC68ACE6 
 300      9B63959C 
 300      8E
 301 07e1 005D3359 		.ascii	"\000]3Y\232/\245\343\230\313|=X\346\3331[5\257\305/"
 301      9A2FA5E3 
 301      98CB7C3D 
 301      58E6DB31 
 301      5B35AFC5 
 302 07f6 A9D1EA81 		.ascii	"\251\321\352\201\023\223#\032\344\005'9' \356LV\014"
 302      1393231A 
 302      E4052739 
 302      2720EE4C 
 302      560C
 303 0808 BE3E2D58 		.ascii	"\276>-X\316d\364t7\376\277\3443[r\306\217\213x\231\345"
 303      CE64F474 
 303      37FEBFE4 
 303      335B72C6 
 303      8F8B7899 
 304 081d 7877065C 		.ascii	"xw\006\\RL\2658\013\036+\202yH\216\205\344\0139>\315"
 304      524CB538 
 304      0B1E2B82 
 304      79488E85 
 304      E40B393E 
 305 0832 16EFD648 		.ascii	"\026\357\326Hs\207,cTv!\340\012\004\242}\011\235;\371"
ARM GAS  /tmp/ccZ50PHS.s 			page 24


 305      73872C63 
 305      547621E0 
 305      0A04A27D 
 305      099D3BF9 
 306 0846 6CFD00E6 		.ascii	"l\375\000\346'\247f\251\331\\\037jm\342\213\273\231"
 306      27A766A9 
 306      D95C1F6A 
 306      6DE28BBB 
 306      99
 307 0857 5AA578F9 		.ascii	"Z\245x\371\254\370=\025_\312\304\177O\305\017\276)\276"
 307      ACF83D15 
 307      5FCAC47F 
 307      4FC50FBE 
 307      29BE
 308 0869 2C9D1920 		.ascii	",\235\031 \257F3%\271-.\213\366Vf\356\355\034[]\246"
 308      AF463325 
 308      B92D2E8B 
 308      F65666EE 
 308      ED1C5B5D 
 309 087e 1376CD48 		.ascii	"\023v\315H\347'{\356\350\343\301\216>\367[\213\352\\"
 309      E7277BEE 
 309      E8E3C18E 
 309      3EF75B8B 
 309      EA5C
 310 0890 94CA9483 		.ascii	"\224\312\224\203\255\347\251\255\027\2502eL\231\013"
 310      ADE7A9AD 
 310      17A83265 
 310      4C990B
 311 089f 5499CEDE 		.ascii	"T\231\316\336\266LG<\315\326\244\323\305GJ]\361{\306"
 311      B64C473C 
 311      CDD6A4D3 
 311      C5474A5D 
 311      F17BC6
 312 08b2 ECADB971 		.ascii	"\354\255\271qX\243\026T\350\"\035\007\370r1\377\351"
 312      58A31654 
 312      E8221D07 
 312      F87231FF 
 312      E9
 313 08c3 5917FE58 		.ascii	"Y\027\376X\234le\352e\201?\026\027\355)\274\357\012"
 313      9C6C65EA 
 313      65813F16 
 313      17ED29BC 
 313      EF0A
 314 08d5 C7E2EA01 		.ascii	"\307\342\352\001\261\372i!\036\315\357K\024s\243\305"
 314      B1FA6921 
 314      1ECDEF4B 
 314      1473A3C5 
 315 08e5 CF1B0402 		.ascii	"\317\033\004\002D\025\346\230D\227\0045\341\254\257"
 315      4415E698 
 315      44970435 
 315      E1ACAF
 316 08f4 20AE08E4 		.ascii	" \256\010\344\234<z\252k\011\276e\267\210:5s\375K\340"
 316      9C3C7AAA 
 316      6B09BE65 
 316      B7883A35 
 316      73FD4BE0 
 317 0908 035DF549 		.ascii	"\003]\365I\267\344XXz\346\235\353\242\327,\327\250\202"
ARM GAS  /tmp/ccZ50PHS.s 			page 25


 317      B7E45858 
 317      7AE69DEB 
 317      A2D72CD7 
 317      A882
 318 091a 570549C3 		.ascii	"W\005I\303\205\316\263/\325\222\206\235\215\177\313"
 318      85CEB32F 
 318      D592869D 
 318      8D7FCB
 319 0929 EE59524E 		.ascii	"\356YRN\"\202C\225\026\375\252@\277J\245~\325T\277["
 319      22824395 
 319      16FDAA40 
 319      BF4AA57E 
 319      D554BF5B 
 320 093d 83C535AE 		.ascii	"\203\3055\256\270\235)\230\224WP\347 \211\253?\342S"
 320      B89D2998 
 320      945750E7 
 320      2089AB3F 
 320      E253
 321 094f 10D3C40C 		.ascii	"\020\323\304\014^O/:\256\313s\360\272RX\015\0256p\364"
 321      5E4F2F3A 
 321      AECB73F0 
 321      BA52580D 
 321      153670F4 
 322 0963 699A0B7E 		.ascii	"i\232\013~\306\204\335?^~\010K\302\332r0\273\2729\306"
 322      C684DD3F 
 322      5E7E084B 
 322      C2DA7230 
 322      BBBA39C6 
 323 0977 EE4C6EC8 		.ascii	"\356Ln\310\242n(E\335\244\242\272\206j\202\361\364b"
 323      A26E2845 
 323      DDA4A2BA 
 323      866A82F1 
 323      F462
 324 0989 7E7B9134 		.ascii	"~{\2214uH\220G\346^\311}\313\310\020\313k-\226\327\201"
 324      75489047 
 324      E65EC97D 
 324      CBC810CB 
 324      6B2D96D7 
 325 099e E5B5CA1E 		.ascii	"\345\265\312\036\352i\017E\267\353{\2450\214'[\314\302"
 325      EA690F45 
 325      B7EB7BA5 
 325      308C275B 
 325      CCC2
 326 09b0 F3EE13D2 		.ascii	"\363\356\023\322\201y\234\236\213\337\346TH\274\007"
 326      81799C9E 
 326      8BDFE654 
 326      48BC07
 327 09bf B953EC4F 		.ascii	"\271S\354OI\261ga\232K\340o\367Vei\026\215\371fs\314"
 327      49B16761 
 327      9A4BE06F 
 327      F7566569 
 327      168DF966 
 328 09d5 57B10565 		.ascii	"W\261\005e.\266b\000\311Q\315v\277&\210\352F\032\325"
 328      2EB66200 
 328      C951CD76 
 328      BF2688EA 
 328      461AD5
ARM GAS  /tmp/ccZ50PHS.s 			page 26


 329 09e8 B7695437 		.ascii	"\267iT7\233w\277\362\266\256\327\216x\247\206Z\277\247"
 329      9B77BFF2 
 329      B6AED78E 
 329      78A7865A 
 329      BFA7
 330 09fa A3F79C55 		.ascii	"\243\367\234U\323\324\037kza\350V\235\023SS$j^\251k"
 330      D3D41F6B 
 330      7A61E856 
 330      9D135353 
 330      246A5EA9 
 331 0a0f 8343601C 		.ascii	"\203C`\034\023\025\2375\331\352\266\250\316mf\235\013"
 331      13159F35 
 331      D9EAB6A8 
 331      CE6D669D 
 331      0B
 332 0a20 D83CED9E 		.ascii	"\330<\355\236\255\355\261S\352\334\012\035\263\315\253"
 332      ADEDB153 
 332      EADC0A1D 
 332      B3CDAB
 333 0a2f 9D76DC66 		.ascii	"\235v\334f\356\270\257,k\310^\251\346\242\350\241\367"
 333      EEB8AF2C 
 333      6BC85EA9 
 333      E6A2E8A1 
 333      F7
 334 0a40 658DF638 		.ascii	"e\215\3668\221\251\225\266\177\266\321\001\247h\254"
 334      91A995B6 
 334      7FB6D101 
 334      A768AC
 335 0a4f EE4C3CA4 		.ascii	"\356L<\244;\223\2513\343y\220~\260\312\214\252\214r"
 335      3B93A933 
 335      E379907E 
 335      B0CA8CAA 
 335      8C72
 336 0a61 57A54A5D 		.ascii	"W\245J]\320\011\333~\273\271\225\212\334B\276\232\272"
 336      D009DB7E 
 336      BBB9958A 
 336      DC42BE9A 
 336      BA
 337 0a72 ECA45469 		.ascii	"\354\244TiQt\346\334\261a\027\234\311:z1\366\266\304"
 337      5174E6DC 
 337      B161179C 
 337      C93A7A31 
 337      F6B6C4
 338 0a85 15E730E6 		.ascii	"\025\3470\346L\321\365\026g|\2341oS\216\2269\342\002"
 338      4CD1F516 
 338      677C9C31 
 338      6F538E96 
 338      39E202
 339 0a98 C6D49C38 		.ascii	"\306\324\2348\262\337\021\0273f!%>\313\036\237cLzK\372"
 339      B2DF1117 
 339      33662125 
 339      3ECB1E9F 
 339      634C7A4B 
 340 0aad 09675CC1 		.ascii	"\011g\\\301\2307\317\322\273\021\013%-w;\346!\335\216"
 340      9837CFD2 
 340      BB110B25 
 340      2D773BE6 
ARM GAS  /tmp/ccZ50PHS.s 			page 27


 340      21DD8E
 341 0ac0 9D7D9D7C 		.ascii	"\235}\235|\320\031W1lWw\354%\011\353L\226\376\246\376"
 341      D0195731 
 341      6C5777EC 
 341      2509EB4C 
 341      96FEA6FE 
 342 0ad4 3F2C3A62 		.ascii	"?,:bC\346\021{\302F\254d\327`\241\003\264\365\204$\031"
 342      43E6117B 
 342      C246AC64 
 342      D760A103 
 342      B4F58424 
 343 0ae9 7119B227 		.ascii	"q\031\262'\313\220\317WO\025\253\361u\332\217p\341\374"
 343      CB90CF57 
 343      4F15ABF1 
 343      75DA8F70 
 343      E1FC
 344 0afb 60B61397 		.ascii	"`\266\023\227!\257\334\025G\222\322\021p\321syvzZ2d"
 344      21AFDC15 
 344      4792D211 
 344      70D17379 
 344      767A5A32 
 345 0b10 EBED6A18 		.ascii	"\353\355j\030\266+O)q|\006\036}*\345\307G\013n\272\340"
 345      B62B4F29 
 345      717C061E 
 345      7D2AE5C7 
 345      470B6EBA 
 346 0b25 26D64356 		.ascii	"&\326CV\306\365\363\256\226\036 \355-\243i\357\030\364"
 346      C6F5F3AE 
 346      961E20ED 
 346      2DA369EF 
 346      18F4
 347 0b37 302AF730 		.ascii	"0*\3670\",\322\305\013\333]464'\251\371\375\201\310"
 347      222CD2C5 
 347      0BDB5D34 
 347      363427A9 
 347      F9FD81C8 
 348 0b4b 7B0CF58F 		.ascii	"{\014\365\217\350txI\007u\310<\250\271EY\243\366,\367"
 348      E8747849 
 348      0775C83C 
 348      A8B94559 
 348      A3F62CF7 
 349 0b5f FD8BA49F 		.ascii	"\375\213\244\237\310\212\231\267\343\245\217\377\230"
 349      C88A99B7 
 349      E3A58FFF 
 349      98
 350 0b6c F4AAB6DE 		.ascii	"\364\252\266\336\317q;\033\267W-\275\017\021\356bLl"
 350      CF713B1B 
 350      B7572DBD 
 350      0F11EE62 
 350      4C6C
 351 0b7e D3AD7C7B 		.ascii	"\323\255|{|\2371\243\205\267\0334\370!c\006\207\346"
 351      7C9F31A3 
 351      85B71B34 
 351      F8216306 
 351      87E6
 352 0b90 2F623CC4 		.ascii	"/b<\304\230S\243\307\223\034\361\210\324fp\254E\272"
 352      9853A3C7 
ARM GAS  /tmp/ccZ50PHS.s 			page 28


 352      931CF188 
 352      D46670AC 
 352      45BA
 353 0ba2 354B2483 		.ascii	"5K$\203\367f\374\302\017\346(!\267c\303\257\236,8\340"
 353      F766FCC2 
 353      0FE62821 
 353      B763C3AF 
 353      9E2C38E0 
 354 0bb6 090AFEEB 		.ascii	"\011\012\376\353\321\363\251y\362M\326R\356.\213^b\305"
 354      D1F3A979 
 354      F24DD652 
 354      EE2E8B5E 
 354      62C5
 355 0bc8 46D38C38 		.ascii	"F\323\2148\376N\243(\016T#4\001\211\334 \370<\006/\265"
 355      FE4EA328 
 355      0E542334 
 355      0189DC20 
 355      F83C062F 
 356 0bdd 58637D1D 		.ascii	"Xc}\035@3\334H9\301}-\241mg\211\351 \277gG4E\377\000"
 356      4033DC48 
 356      39C17D2D 
 356      A16D6789 
 356      E920BF67 
 357 0bf6 B2EF4A68 		.ascii	"\262\357Jh\363|\267\276\230 \262\033\267\313\262\037"
 357      F37CB7BE 
 357      9820B21B 
 357      B7CBB21F 
 358 0c06 2A655B9F 		.ascii	"*e[\237\227\011\374\021\007\357S\302\255\256TH\256\335"
 358      9709FC11 
 358      07EF53C2 
 358      ADAE5448 
 358      AEDD
 359 0c18 B8434EB5 		.ascii	"\270CN\265;\225\350&\245*m\234\354\001%\272K\211~\304"
 359      3B95E826 
 359      A52A6D9C 
 359      EC0125BA 
 359      4B897EC4 
 360 0c2c 39E59512 		.ascii	"9\345\225\022\315e\375|\322;\007n\230\245\001C\320$"
 360      CD65FD7C 
 360      D23B076E 
 360      98A50143 
 360      D024
 361 0c3e E34DC65E 		.ascii	"\343M\306^(\026\257@o!\313\335\011\345^\240\335@I@o"
 361      2816AF40 
 361      6F21CBDD 
 361      09E55EA0 
 361      DD404940 
 362 0c53 E0DB7B72 		.ascii	"\340\333{r\357\001\357\011@\013\360\236\010\345.\240"
 362      EF01EF09 
 362      400BF09E 
 362      08E52EA0 
 363 0c63 54A07D40 		.ascii	"T\240}@\"P\012\320;\250\213\207r\017P\0346\337w\020"
 363      22500AD0 
 363      3BA88B87 
 363      720F501C 
 363      36DF7710 
 364 0c77 1FB445CA 		.ascii	"\037\264E\312>\230\2619x\234Q\223\234\013z\225\340\273"
ARM GAS  /tmp/ccZ50PHS.s 			page 29


 364      3E98B139 
 364      789C5193 
 364      9C0B7A95 
 364      E0BB
 365 0c89 4A174C72 		.ascii	"J\027Lr.\230R\242?8'M\356\220\321\363Jt\203\300\017"
 365      2E9852A2 
 365      3F38274D 
 365      EE90D1F3 
 365      4A7483C0 
 366 0c9e 1D04D023 		.ascii	"\035\004\320#)\212\356@\024\265Hh\363\346\246\270\333"
 366      298AEE40 
 366      14B54868 
 366      F3E6A6B8 
 366      DB
 367 0caf 84456458 		.ascii	"\204EdXB\337\226\016&V\350[\2022\212z83\373m\2174\017"
 367      42DF960E 
 367      2656E85B 
 367      82328A7A 
 367      3833FB6D 
 368 0cc6 1FE6EC9C 		.ascii	"\037\346\354\234\266=\324VpN\372\003\3331\312\303\347"
 368      B63DD456 
 368      704EFA03 
 368      DB31CAC3 
 368      E7
 369 0cd7 39E993B6 		.ascii	"9\351\223\266\275\310\340l\275\254{\351No\333\000f}"
 369      BDC8E06C 
 369      BDAC7BE9 
 369      4E6FDB00 
 369      667D
 370 0ce9 A2235EAB 		.ascii	"\242#^\253\233\363\330/\222\313\255\036p\304=I\230y"
 370      9BF3D82F 
 370      92CBAD1E 
 370      70C43D49 
 370      9879
 371 0cfb 67B3BE87 		.ascii	"g\263\276\207\245\261\301\315\217\016\333\363\303JS"
 371      A5B1C1CD 
 371      8F0EDBF3 
 371      C34A53
 372 0d0a CEB0FBB6 		.ascii	"\316\260\373\266\243\203\301aUj\351\317hQ\343\031\266"
 372      A383C161 
 372      556AE9CF 
 372      6851E319 
 372      B6
 373 0d1b E2577495 		.ascii	"\342Wt\225e\270*\016\200\346\271\200\322a\012\374\177"
 373      65B82A0E 
 373      80E6B980 
 373      D2610AFC 
 373      7F
 374 0d2c 4C07E9F0 		.ascii	"L\007\351\3608\247\201S\030J\203\016\367c\313fC\234"
 374      38A78153 
 374      184A830E 
 374      F763CB66 
 374      439C
 375 0d3e 49D53ED0 		.ascii	"I\325>\320\334\033c\317\237\035\3230\177v\314\300\354"
 375      DC1B63CF 
 375      9F1DD330 
 375      7F76CCC0 
ARM GAS  /tmp/ccZ50PHS.s 			page 30


 375      EC
 376 0d4f EC082549 		.ascii	"\354\010%Ikg\367-X\0354\311\277\306d\360\001\011|\200"
 376      6B67F72D 
 376      581D34C9 
 376      BFC664F0 
 376      01097C80 
 377 0d63 82FB67BB 		.ascii	"\202\373g\273\372\264<\270\330\012|P\002\037\244\340"
 377      FAB43CB8 
 377      D80A7C50 
 377      021FA4E0 
 378 0d73 1BAF3BC9 		.ascii	"\033\257;\311\277\302\354\351\006\320\232\032\263\314"
 378      BFC2ECE9 
 378      06D09A1A 
 378      B3CC
 379 0d81 927CAF38 		.ascii	"\222|\2578j\235|g\312F\300\253u>\233\205I>{jfv\257+"
 379      6A9D7C67 
 379      CA46C0AB 
 379      753E9B85 
 379      493E7B6A 
 380 0d99 4E63B2D2 		.ascii	"Nc\262\322\273\352\237\271\231\223\357l\353\344;[\026"
 380      BBEA9FB9 
 380      9993EF6C 
 380      EBE43B5B 
 380      16
 381 0daa 95AD1475 		.ascii	"\225\255\024u\210\212\212}\325y\304\005\347\330/\222"
 381      888A8A7D 
 381      D579C405 
 381      E7D82F92 
 382 0dba 7D8F148C 		.ascii	"}\217\024\214\237\306r\366\035_1\330\024-z\304\376#"
 382      9FC672F6 
 382      1D5F31D8 
 382      142D7AC4 
 382      FE23
 383 0dcc 3D151D36 		.ascii	"=\025\0356KG9XM8\353\016\216\340\345*\347\240\315~\272"
 383      4B473958 
 383      4D38EB0E 
 383      8EE0E52A 
 383      E7A0CD7E 
 384 0de1 F55B2282 		.ascii	"\365[\"\202\303\014F\207/\377m\323\307~\276\276*\357"
 384      C30C4687 
 384      2FFF6DD3 
 384      C77EBEBE 
 384      2AEF
 385 0df3 952BBDFD 		.ascii	"\225+\275\375BB\277\016\375*\310;\322\344\255\217\014"
 385      4242BF0E 
 385      FD2AC83B 
 385      D2E4AD8F 
 385      0C
 386 0e04 0F8F8CF0 		.ascii	"\017\217\214\360\336\032i\2142y\257\011\334\350\267"
 386      DE1A698C 
 386      3279AF09 
 386      DCE8B7
 387 0e13 71BBB73E 		.ascii	"q\273\267>D\037i4\350\376\374\233\360\225z\225\273\216"
 387      441F6934 
 387      E8FEFC9B 
 387      F0957A95 
 387      BB8E
ARM GAS  /tmp/ccZ50PHS.s 			page 31


 388 0e25 D4E9428D 		.ascii	"\324\351B\215\177\322\031\266\206\206E~\273\315\360"
 388      7FD219B6 
 388      8686457E 
 388      BBCDF0
 389 0e34 0BF6C9F4 		.ascii	"\013\366\311\364]h\224>D\367\21512\\\027j2\376<\301"
 389      5D68943E 
 389      44F78D31 
 389      325C176A 
 389      32FE3CC1 
 390 0e48 21AAA54C 		.ascii	"!\252\245L\212a{h\224E\306\337\350C\202\364!\033L\001"
 390      8A617B68 
 390      9445C6DF 
 390      E84382F4 
 390      211B4C01 
 391 0e5c 4683217C 		.ascii	"F\203!|kThdD\240\341O\333B\215\206`;\335\332\310\310"
 391      6B546864 
 391      44A0E14F 
 391      DB428D86 
 391      603BDDDA 
 392 0e72 B0E5D67D 		.ascii	"\260\345\326}\030\243\274C#\364a\333\202\015 \332\244"
 392      18A3BC43 
 392      23F461DB 
 392      820D20DA 
 392      A4
 393 0e83 0F0906B1 		.ascii	"\017\011\006\261\016F\203\311`\374\263!\030^\276\335"
 393      0E4683C9 
 393      60FCB321 
 393      185EBEDD 
 394 0e93 620CD745 		.ascii	"b\014\327E\375\323_\252\030\264\266\373f\253Io\304&"
 394      FDD35FAA 
 394      18B4B6FB 
 394      66AB496F 
 394      C426
 395 0ea5 DF5F01AD 		.ascii	"\337_\001\255\006Z\005\364)\220/\220\217`\372\027\301"
 395      065A05F4 
 395      29902F90 
 395      8F60FA17 
 395      C1
 396 0eb6 F49960FA 		.ascii	"\364\231`\372\215`\372\265`\372\225`Z-\230V\011\246"
 396      8D60FAB5 
 396      60FA9560 
 396      5A2D9856 
 396      09A6
 397 0ec8 4F0593AF 		.ascii	"O\005\223\257`\362Qo\337j2\012[\365\2320\243.*$\030"
 397      60F2516F 
 397      DF6A320A 
 397      5BF59A30 
 397      A32E2A24 
 398 0edd 1B7D3F15 		.ascii	"\033}?\025\214\253\004#<}\005\243\217\263dn\224>j\273"
 398      8CAB0423 
 398      3C7D05A3 
 398      8FB3646E 
 398      943E6ABB 
 399 0ef1 934EB72D 		.ascii	"\223N\267-4\"j\325\247\272\250\177\366\336\006\2763"
 399      34226AD5 
 399      A7BAA87F 
 399      F6DE06BE 
ARM GAS  /tmp/ccZ50PHS.s 			page 32


 399      33
 400 0f02 9B1161F8 		.ascii	"\233\021a\370.,\364k\357\360-\372\220\320\010\203\267"
 400      2E2CF46B 
 400      EFF02DFA 
 400      90D00883 
 400      B7
 401 0f13 2ED8F0CD 		.ascii	".\330\360\315\226maQ\272\250\035[\015&b\235\271\331"
 401      966D6151 
 401      BAA81D5B 
 401      0D26629D 
 401      B9D9
 402 0f25 725BCD4C 		.ascii	"r[\315L;L\336:ST0`\210-\0337\373\007\372h\374\003\326"
 402      3B4CDE3A 
 402      53543060 
 402      882D1B37 
 402      FB07FA68 
 403 0f3c 05F905DA 		.ascii	"\005\371\005\332\371\007\370\255\241O\277@\307\300/"
 403      F907F8AD 
 403      A14FBF40 
 403      C7C02F
 404 0f4b 82BE08DC 		.ascii	"\202\276\010\334\374\305:\037\012\361\375\255M\007\201"
 404      FCC53A1F 
 404      0AF1FDAD 
 404      4D0781
 405 0f5a A6C43DDE 		.ascii	"\246\304=\336~\033\2036\004y\373\201\177\2747\230\235"
 405      7E1B8336 
 405      0479FB81 
 405      7FBC3798 
 405      9D
 406 0f6b 4D46511F 		.ascii	"MFQ\037\276\232(\344\037\260I\367{\320N\255\017\331"
 406      BE9A28E4 
 406      1FB049F7 
 406      7BD04EAD 
 406      0FD9
 407 0f7d 6274D4E9 		.ascii	"bt\324\351\2765D\351\002\202\002\\\266\204}\267e\207"
 407      BE3544E9 
 407      0282025C 
 407      B6847DB7 
 407      6587
 408 0f8f 49171A11 		.ascii	"I\027\032\021\006\206\374\356g\367\020n\0125\351\276"
 408      0686FCEE 
 408      67F7106E 
 408      0A35E9BE 
 409 0f9f D5       		.ascii	"\325"
 410 0fa0 EBA10B10 		.ascii	"\353\241\013\020jbB=\250\013\267E\204E\352\377\313\022"
 410      6A62423D 
 410      A80BB745 
 410      8445EAFF 
 410      CB12
 411 0fb2 33CEDC47 		.ascii	"3\316\334G\027\006]\273&\350\213\200\300\015\352\015"
 411      17065DBB 
 411      26E88B80 
 411      C00DEA0D 
 412 0fc2 416B02D5 		.ascii	"Ak\002\325\0337\372\007\3425\353\002\361:(\003\374\003"
 412      1B37FA07 
 412      E235EB02 
 412      F13A2803 
ARM GAS  /tmp/ccZ50PHS.s 			page 33


 412      FC03
 413 0fd4 D56BFC83 		.ascii	"\325k\374\203\002\325k\375\301\033P\005\200u\204_O\036"
 413      02D56BFD 
 413      C11B5005 
 413      8075845F 
 413      4F1E
 414 0fe6 7EF0B00B 		.ascii	"~\360\260\013Z\357\027\024\210\203\326\0078\262A\372"
 414      5AEF1714 
 414      8883D607 
 414      38B241FA 
 415 0ff6 4C17652F 		.ascii	"L\027e/\225\030\234\207\2113"
 415      95189C87 
 415      8933
 416 1000 D76C08F4 		.ascii	"\327l\010\364\013To\376\375W\201\352\015\200\266\363"
 416      0B546FFE 
 416      FD5781EA 
 416      0D80B6F3 
 417 1010 0BD8B461 		.ascii	"\013\330\264a\035<\327\370\005:\004\371\255\245\016"
 417      1D3CD7F8 
 417      053A04F9 
 417      ADA50E
 418 101f 71A77A59 		.ascii	"q\247zY\251\352h\371\344\314\034\345\037\000\322\376"
 418      A9EA68F9 
 418      E4CC1CE5 
 418      1F00D2FE 
 419 102f 0F0BA723 		.ascii	"\017\013\247#\361"
 419      F1
 420              		.text
 421              		.section	.gnu.lto_.symtab.ac990d08125c54a8,"",%progbits
 422 0000 5356435F 		.ascii	"SVC_Handler\000"
 422      48616E64 
 422      6C657200 
 423 000c 00       		.ascii	"\000"
 424 000d 00       		.ascii	"\000"
 425 000e 00       		.ascii	"\000"
 426 000f 00000000 		.ascii	"\000\000\000\000\000\000\000\000"
 426      00000000 
 427 0017 AE000000 		.ascii	"\256\000\000\000"
 428 001b 5F706F72 		.ascii	"_port_irq_epilogue\000"
 428      745F6972 
 428      715F6570 
 428      696C6F67 
 428      756500
 429 002e 00       		.ascii	"\000"
 430 002f 00       		.ascii	"\000"
 431 0030 00       		.ascii	"\000"
 432 0031 00000000 		.ascii	"\000\000\000\000\000\000\000\000"
 432      00000000 
 433 0039 B0000000 		.ascii	"\260\000\000\000"
 434 003d 5F706F72 		.ascii	"_port_switch_from_isr\000"
 434      745F7377 
 434      69746368 
 434      5F66726F 
 434      6D5F6973 
 435 0053 00       		.ascii	"\000"
 436 0054 02       		.ascii	"\002"
 437 0055 00       		.ascii	"\000"
ARM GAS  /tmp/ccZ50PHS.s 			page 34


 438 0056 00000000 		.ascii	"\000\000\000\000\000\000\000\000"
 438      00000000 
 439 005e B2000000 		.ascii	"\262\000\000\000"
 440 0062 5F706F72 		.ascii	"_port_exit_from_isr\000"
 440      745F6578 
 440      69745F66 
 440      726F6D5F 
 440      69737200 
 441 0076 00       		.ascii	"\000"
 442 0077 02       		.ascii	"\002"
 443 0078 00       		.ascii	"\000"
 444 0079 00000000 		.ascii	"\000\000\000\000\000\000\000\000"
 444      00000000 
 445 0081 B4000000 		.ascii	"\264\000\000\000"
 446 0085 63685363 		.ascii	"chSchIsPreemptionRequired\000"
 446      68497350 
 446      7265656D 
 446      7074696F 
 446      6E526571 
 447 009f 00       		.ascii	"\000"
 448 00a0 02       		.ascii	"\002"
 449 00a1 00       		.ascii	"\000"
 450 00a2 00000000 		.ascii	"\000\000\000\000\000\000\000\000"
 450      00000000 
 451 00aa BC000000 		.ascii	"\274\000\000\000"
 452              		.text
 453              		.section	.gnu.lto_.opts,"",%progbits
 454 0000 272D666D 		.ascii	"'-fmath-errno' '-fsigned-zeros' '-ftrapping-math' '"
 454      6174682D 
 454      6572726E 
 454      6F272027 
 454      2D667369 
 455 0033 2D666E6F 		.ascii	"-fno-trapv' '-fno-strict-overflow' '-fno-openmp' '-"
 455      2D747261 
 455      70762720 
 455      272D666E 
 455      6F2D7374 
 456 0066 666E6F2D 		.ascii	"fno-openacc' '-mcpu=cortex-m4' '-mfloat-abi=hard' '"
 456      6F70656E 
 456      61636327 
 456      20272D6D 
 456      6370753D 
 457 0099 2D6D6670 		.ascii	"-mfpu=fpv4-sp-d16' '-mno-thumb-interwork' '-mthumb'"
 457      753D6670 
 457      76342D73 
 457      702D6431 
 457      36272027 
 458 00cc 20272D67 		.ascii	" '-ggdb' '-O' '-fomit-frame-pointer' '-falign-funct"
 458      67646227 
 458      20272D4F 
 458      2720272D 
 458      666F6D69 
 459 00ff 696F6E73 		.ascii	"ions=16' '-ffunction-sections' '-fdata-sections' '-"
 459      3D313627 
 459      20272D66 
 459      66756E63 
 459      74696F6E 
ARM GAS  /tmp/ccZ50PHS.s 			page 35


 460 0132 666E6F2D 		.ascii	"fno-common' '-flto'\000"
 460      636F6D6D 
 460      6F6E2720 
 460      272D666C 
 460      746F2700 
 461              		.text
 462              		.comm	__gnu_lto_v1,1,1
 463              		.comm	__gnu_lto_slim,1,1
 464              		.ident	"GCC: (15:6.3.1+svn253039-1build1) 6.3.1 20170620"
ARM GAS  /tmp/ccZ50PHS.s 			page 36


DEFINED SYMBOLS
                            *ABS*:0000000000000000 chcore_v7m.c
                            *COM*:0000000000000001 __gnu_lto_v1
                            *COM*:0000000000000001 __gnu_lto_slim

NO UNDEFINED SYMBOLS
