ARM GAS  /tmp/ccHpa4HT.s 			page 1


   1              		.cpu cortex-m4
   2              		.eabi_attribute 27, 1
   3              		.eabi_attribute 28, 1
   4              		.eabi_attribute 20, 1
   5              		.eabi_attribute 21, 1
   6              		.eabi_attribute 23, 3
   7              		.eabi_attribute 24, 1
   8              		.eabi_attribute 25, 1
   9              		.eabi_attribute 26, 1
  10              		.eabi_attribute 30, 1
  11              		.eabi_attribute 34, 1
  12              		.eabi_attribute 18, 4
  13              		.file	"crt1.c"
  14              		.text
  15              	.Ltext0:
  16              		.section	.gnu.lto_.profile.e72a452f45d91d65,"",%progbits
  17 0000 789C6365 		.ascii	"x\234ce`b`a```d\220\024\005\000\000\307\000;"
  17      60626061 
  17      60606064 
  17      90140500 
  17      00C7003B 
  18              		.text
  19              		.section	.gnu.lto_.inline.e72a452f45d91d65,"",%progbits
  20 0000 789C6365 		.ascii	"x\234ce`b\210g@\000V\006\006f&F\240 \003\003\333\002"
  20      60628867 
  20      40005606 
  20      06662646 
  20      A0200303 
  21 0016 7910C5C0 		.ascii	"y\020\305\300\210!\302\204!\302\014\344ADX\300$\220"
  21      8821C284 
  21      21C20CE4 
  21      414458C0 
  21      2490
  22 0028 1259C901 		.ascii	"\022Y\311\001\024Q\332\364\274\221\021\256\214\001\000"
  22      1451DAF4 
  22      BC9111AE 
  22      8C0100
  23 0037 015E06BA 		.ascii	"\001^\006\272"
  24              		.text
  25              		.section	.gnu.lto_.jmpfuncs.e72a452f45d91d65,"",%progbits
  26 0000 789C6365 		.ascii	"x\234ce`b\020d@\000V fd\000\0122030\260\0009\000\003"
  26      60621064 
  26      40005620 
  26      6664000A 
  26      32303330 
  27 0019 8C0028   		.ascii	"\214\000("
  28              		.text
  29              		.section	.gnu.lto_.pureconst.e72a452f45d91d65,"",%progbits
  30 0000 789C6365 		.ascii	"x\234ce`b\340f```e\220`\224`\222`6a\221\002\000\004"
  30      6062E066 
  30      60606065 
  30      90609460 
  30      92603661 
  31 0018 4600B8   		.ascii	"F\000\270"
  32              		.text
  33              		.section	.gnu.lto___core_init.e72a452f45d91d65,"",%progbits
  34 0000 789C6365 		.ascii	"x\234ce`b\250d``\260\006bi fdf`d\232p\216\201\241\221"
ARM GAS  /tmp/ccHpa4HT.s 			page 2


  34      6062A864 
  34      6060B006 
  34      62692066 
  34      64666064 
  35 001a 83899111 		.ascii	"\203\211\221\021\304h\340`d\250gb\254g\354g\236\316"
  35      C468E060 
  35      64A86762 
  35      AC67EC67 
  35      9ECE
  36 002c CC78A8FD 		.ascii	"\314x\250\375\331N&\315\345\015@p`\372&\256\266\206"
  36      D94E26CD 
  36      E50D4070 
  36      60FA26AE 
  36      B686
  37 003e 5689F9CC 		.ascii	"V\211\371\314\014\0143\201\030\004\030\2273j2\000\225"
  37      0C0C3381 
  37      18041897 
  37      336A3200 
  37      95
  38 004f 3DDAF86F 		.ascii	"=\332\370o*/\033\013D\234q\005#\033#\220^\177\211\361"
  38      2A2F1B0B 
  38      449C7105 
  38      231B2390 
  38      5E7F89F1 
  39 0063 40C3BFFF 		.ascii	"@\303\277\377\355\015\007\216,f\334\357\305\304\300"
  39      ED0D078E 
  39      2C66DCEF 
  39      C5C4C0
  40 0072 D0059406 		.ascii	"\320\005\224\006\331\321\315\314\004\242\231\33726)"
  40      D9D1CDCC 
  40      04A299DF 
  40      323629
  41 0081 805483CD 		.ascii	"\200T\203\315\352bf\004\011\002\225Y\352\351\351;gd"
  41      EA626604 
  41      09029559 
  41      EAE9E93B 
  41      6764
  42 0093 2665FA07 		.ascii	"&e\372\007\353\347\027\353'\347\347\346\346\347\351"
  42      EBE717EB 
  42      27E7E7E6 
  42      E6E7E9
  43 00a2 17972416 		.ascii	"\027\227$\026\225\224\026\350;\006\371:\373V\200D\013"
  43      959416E8 
  43      3B06F93A 
  43      FB568044 
  43      0B
  44 00b3 3273528B 		.ascii	"2sR\213\212\365\335\235\235\365\223\213J\014\365\222"
  44      8AF5DD9D 
  44      9DF5938B 
  44      4A0CF592 
  45 00c3 1900D4A8 		.ascii	"\031\000\324\250<!"
  45      3C21
  46              		.text
  47              		.section	.gnu.lto___early_init.e72a452f45d91d65,"",%progbits
  48 0000 789C6365 		.ascii	"x\234ce`b(g``\260\006bi fdf`d\232p\216\201\241\221\203"
  48      60622867 
  48      6060B006 
ARM GAS  /tmp/ccHpa4HT.s 			page 3


  48      62692066 
  48      64666064 
  49 001b 899111C4 		.ascii	"\211\221\021\304h\340`d\250gb\254g\354g\236\316\314"
  49      68E06064 
  49      A86762AC 
  49      67EC679E 
  49      CECC
  50 002d 78A8FDD9 		.ascii	"x\250\375\331N&\315\345\015@p`\372\017\256\266\206V"
  50      4E26CDE5 
  50      0D407060 
  50      FA0FAEB6 
  50      8656
  51 003f 89F9CC0C 		.ascii	"\211\371\314\014\0143\201\030\004\030\2273j2\000\225"
  51      0C338118 
  51      04189733 
  51      6A320095 
  52 004f 3DDAF86F 		.ascii	"=\332\370o*/\033\013D\234q\005#\033#\220^\177\211\361"
  52      2A2F1B0B 
  52      449C7105 
  52      231B2390 
  52      5E7F89F1 
  53 0063 40C3BFFF 		.ascii	"@\303\277\377\355\015\007\316(3310t\001%A6t\0039@\232"
  53      ED0D07CE 
  53      28333331 
  53      30740125 
  53      41367403 
  54 007a F92D6393 		.ascii	"\371-c\223\002H-\330\244.fF\220 P\231\245\236\236\276"
  54      02482DD8 
  54      A42E6646 
  54      90205099 
  54      A59E9EBE 
  55 008e 73466652 		.ascii	"sFfR\246\177\260~~\261~r~nn~\236~qIbQIi\201\276c\220"
  55      A67FB07E 
  55      7EB17E72 
  55      7E6E6E7E 
  55      9E7E7149 
  56 00aa AFB36F05 		.ascii	"\257\263o\005H\264 3'\265\250X\337\335\331Y?\271\250"
  56      48B42033 
  56      27B5A858 
  56      DFDDD959 
  56      3FB9A8
  57 00bd C4502F99 		.ascii	"\304P/\231\001\000'\210:\346"
  57      01002788 
  57      3AE6
  58              		.text
  59              		.section	.gnu.lto___late_init.e72a452f45d91d65,"",%progbits
  60 0000 789C6365 		.ascii	"x\234ce`b(g``\260\006bi fdf`d\232p\216\201\241\221\203"
  60      60622867 
  60      6060B006 
  60      62692066 
  60      64666064 
  61 001b 899111C4 		.ascii	"\211\221\021\304h\340`d\250gb\254g\354g\236\316\314"
  61      68E06064 
  61      A86762AC 
  61      67EC679E 
  61      CECC
  62 002d 78A8FDD9 		.ascii	"x\250\375\331N&\315\345\015@p`\372\026\356\266\206V"
ARM GAS  /tmp/ccHpa4HT.s 			page 4


  62      4E26CDE5 
  62      0D407060 
  62      FA16EEB6 
  62      8656
  63 003f 89F9CC0C 		.ascii	"\211\371\314\014\0143\201\030\004\030\2273j2\000\225"
  63      0C338118 
  63      04189733 
  63      6A320095 
  64 004f 3DDAF86F 		.ascii	"=\332\370o*/\033\013D\234q\005#\033#\220^\177\211\361"
  64      2A2F1B0B 
  64      449C7105 
  64      231B2390 
  64      5E7F89F1 
  65 0063 40C3BFFF 		.ascii	"@\303\277\377\355\015\007\216(3310t\001%A6t\0039@\232"
  65      ED0D078E 
  65      28333331 
  65      30740125 
  65      41367403 
  66 007a F92D6393 		.ascii	"\371-c\223\002H-\330\244.fF\220 P\231\245\236\236\276"
  66      02482DD8 
  66      A42E6646 
  66      90205099 
  66      A59E9EBE 
  67 008e 73466652 		.ascii	"sFfR\246\177\260~~\261~r~nn~\236~qIbQIi\201\276c\220"
  67      A67FB07E 
  67      7EB17E72 
  67      7E6E6E7E 
  67      9E7E7149 
  68 00aa AFB36F05 		.ascii	"\257\263o\005H\264 3'\265\250X\337\335\331Y?\271\250"
  68      48B42033 
  68      27B5A858 
  68      DFDDD959 
  68      3FB9A8
  69 00bd C4502F99 		.ascii	"\304P/\231\001\000\372`:\233"
  69      0100FA60 
  69      3A9B
  70              		.text
  71              		.section	.gnu.lto___default_exit.e72a452f45d91d65,"",%progbits
  72 0000 789C6365 		.ascii	"x\234ce`b(c``\260\006bS fde`d\232p\216\201\241\221\203"
  72      60622863 
  72      6060B006 
  72      62532066 
  72      64656064 
  73 001b 899119C4 		.ascii	"\211\221\031\304`dfd\201\010\260@\004\034\031\031\352"
  73      60646664 
  73      8108B040 
  73      041C1919 
  73      EA
  74 002c 99985918 		.ascii	"\231\230Y\030\201\004\003\004\3643Ogf<\324\376l'\223"
  74      81040304 
  74      F4334F67 
  74      663CD4FE 
  74      6C2793
  75 003f E6F20620 		.ascii	"\346\362\006 80\375\036w[C\253\304|\240\202\231PE\214"
  75      3830FD1E 
  75      775B43AB 
  75      C47CA082 
ARM GAS  /tmp/ccHpa4HT.s 			page 5


  75      9950458C 
  76 0053 CB193519 		.ascii	"\313\0315\031\200\312\036m\3747\225\227\215\005\"\316"
  76      80CA1E6D 
  76      FC379597 
  76      8D0522CE 
  77 0063 B882918D 		.ascii	"\270\202\221\215\021H\257\277\304x\240\341\337\377\366"
  77      1148AFBF 
  77      C478A0E1 
  77      DFFFF6
  78 0072 86037716 		.ascii	"\206\003w\0263\376\364\006\012u\001\245\031\201$\023"
  78      33FEF406 
  78      0A7501A5 
  78      19812413 
  79 0082 D0FE2E66 		.ascii	"\320\376.ff\006\240\305\214]\314,P\232\021l\244\245"
  79      6606A0C5 
  79      8C5DCC2C 
  79      509A116C 
  79      A4A5
  80 0094 9E9EBE73 		.ascii	"\236\236\276sFfR\246\177\260~~\261~r~nn~\236~qIbQIi"
  80      466652A6 
  80      7FB07E7E 
  80      B17E727E 
  80      6E6E7E9E 
  81 00af 81BE6390 		.ascii	"\201\276c\220\257\263o\005H\264 3'\265\250X\337\335"
  81      AFB36F05 
  81      48B42033 
  81      27B5A858 
  81      DFDD
  82 00c1 D9593FB9 		.ascii	"\331Y?\271\250\304P/\231\001\000\335+=Y"
  82      A8C4502F 
  82      990100DD 
  82      2B3D59
  83              		.text
  84              		.section	.gnu.lto___init_ram_areas.e72a452f45d91d65,"",%progbits
  85 0000 789C9554 		.ascii	"x\234\225T\315oTU\024\277\347\335\3675\357Mg\206tb\214"
  85      CD6F5455 
  85      14BFE7DD 
  85      F735EF4D 
  85      67867462 
  86 0015 21A49B2E 		.ascii	"!\244\233.\330\364\245;4.$c\242\033b\242\377\200XMl"
  86      D8F4A53B 
  86      342E2463 
  86      A21B62A2 
  86      FF80584D 
  87 002a 143B694B 		.ascii	"\024;iK\342\312ym\007\320\326\360!\012e\230q\032Y@\251"
  87      E2CA796D 
  87      07D0D6F0 
  87      210A6598 
  87      711A5940 
  88 003f 740A7E95 		.ascii	"t\012~\225\301\302\264TK\033\2502\211\033\203.@\034"
  88      C1C2B454 
  88      4B1BA832 
  88      891B832E 
  88      401C
  89 0051 5B625233 		.ascii	"[bR3\255\206\211\026\3179\3675\014\255\237\223\314\273"
  89      AD868916 
  89      CF39F735 
ARM GAS  /tmp/ccHpa4HT.s 			page 6


  89      0CAD9F93 
  89      CCBB
  90 0063 F79E8FDF 		.ascii	"\367\236\217\3379\347w\356=\206\320\304\273\246\020"
  90      39E777EE 
  90      3D86D0C4 
  90      BBA610
  91 0072 4F0A2172 		.ascii	"O\012!r\370\207\260\000\355\340\274\020=\266\006Rm$"
  91      F887B000 
  91      EDE0BC10 
  91      3DB60652 
  91      6D24
  92 0084 186AA3AB 		.ascii	"\030j\243\253\315\244mh\372\3333B\370\216\225\266\204"
  92      CDA46D68 
  92      FADB3342 
  92      F88E95B6 
  92      84
  93 0095 1FB6C021 		.ascii	"\037\266\300!9\230j\235\264\035\315Tz\233\365\266\346"
  93      39986A9D 
  93      B41DCD54 
  93      7A9BF5B6 
  93      E6
  94 00a6 8E4ED331 		.ascii	"\216N\3231t3\204GW\001o\017\001\320\352\333 R\232\324"
  94      74338447 
  94      57016F0F 
  94      01D0EADB 
  94      20529AD4 
  95 00ba 0DCB746C 		.ascii	"\015\313tl7\004)]\012\3653\202\325\011\326\003\362\250"
  95      3704295D 
  95      0AF53382 
  95      D509D603 
  95      F2A8
  96 00cc 84A97D3F 		.ascii	"\204\251}?\236\327\266\236\364\361W:\372Nd\257\277\347"
  96      9ED7B69E 
  96      F4F1573A 
  96      FA4E64AF 
  96      BFE7
  97 00de E13C3A1C 		.ascii	"\341<:\034\013\234\340$l\025hv==\226\225\373e^\002\350"
  97      0B9CE024 
  97      6C156876 
  97      3D3D9695 
  97      FB655E02 
  98 00f3 78FCE55A 		.ascii	"x\374\345Z\346V\204\216\0324\3411\235?U\320\345\343"
  98      E656848E 
  98      1A34E131 
  98      9D3F55D0 
  98      E5E3
  99 0105 4096A7EF 		.ascii	"@\226\247\357^\357\227\315'|\277\327/}?\036?\334\347"
  99      5EEF97CD 
  99      277CBFD7 
  99      2F7D3F1E 
  99      3FDCE7
 100 0118 5FF1F5BC 		.ascii	"_\361\365\274D\005HD\205a\330\014\247`3\243\243\371"
 100      44054844 
 100      8561D80C 
 100      A76033A3 
 100      A3F9
 101 012a CDB3ABEF 		.ascii	"\315\263\253\3575\230:\214@\263\012\012\037b\341BH\222"
ARM GAS  /tmp/ccHpa4HT.s 			page 7


 101      35983A8C 
 101      40B30A0A 
 101      1F62E142 
 101      4892
 102 013c A07EFAF6 		.ascii	"\240~\372\366\357eW>\301\320=#\307\263\341\000\372\327"
 102      EF65573E 
 102      C1D03D23 
 102      C7B3E100 
 102      FAD7
 103 014e F12D8702 		.ascii	"\361-\207\002h\035\316l\204\206Qv\277Zz\253\340\310"
 103      681DCE6C 
 103      84865176 
 103      BF5A7AAB 
 103      E0C8
 104 0160 04BBAF96 		.ascii	"\004\273\257\226\027\226\214\300\275\266\355\230_J7"
 104      17968CC0 
 104      BDB6ED98 
 104      5F4A37
 105 016f 9173E12F 		.ascii	"\221s\341/\234\307\240\271P\206\222\277zo\237_\232\337"
 105      9CC7A0B9 
 105      508692BF 
 105      7A6F9F5F 
 105      9ADF
 106 0181 36B17CA3 		.ascii	"6\261|\243\361!\020\224\222\306\310\222Mt\376\332\374"
 106      F1211094 
 106      92C6C892 
 106      4D74FEDA 
 106      FC
 107 0192 7558EEF2 		.ascii	"uX\356\362>,\020\267\001?F\224\3171\326m\"i#\013\342"
 107      3E2C10B7 
 107      013F4694 
 107      CF31D66D 
 107      2269230B 
 108 01a7 0C25443F 		.ascii	"\014%D?\026\274$\304\200\324p\221\267\241w\250\220}"
 108      16BC24C4 
 108      80D47091 
 108      B7A177A8 
 108      907D
 109 01b9 8C0950C5 		.ascii	"\214\011P\305\037\3313\365\225E4\233\\@_\355R5\222\372"
 109      1FD933F5 
 109      9545349B 
 109      5C405FED 
 109      523592FA 
 110 01cd C3C70E99 		.ascii	"\303\307\016\231'\244\342o63\362J\036r=\261\274\264"
 110      27A4E26F 
 110      3633F24A 
 110      1E723DB1 
 110      BCB4
 111 01df E01CA4E0 		.ascii	"\340\034\244\340,\325\200\212{\213\347FCh<\350\373C"
 111      2CD5808A 
 111      7B8BE746 
 111      43683CE8 
 111      FB43
 112 01f1 1F6804F1 		.ascii	"\037h\004\361\021\344\221X\370\030R\202bJ\221\2660\246"
 112      11E49158 
 112      F8185282 
 112      624A91B6 
ARM GAS  /tmp/ccHpa4HT.s 			page 8


 112      30A6
 113 0203 C6B9E424 		.ascii	"\306\271\344$\210\005\350-.\354\257Xu]\301\264)_n\012"
 113      8805E82D 
 113      2EECAF58 
 113      755DC1B4 
 113      295F6E0A 
 114 0217 BA7E0266 		.ascii	"\272~\002fN:\365\211IN\354\267\231\2717\303\224\005"
 114      4E3AF589 
 114      494EECB7 
 114      99B937C3 
 114      9405
 115 0229 DEA2A18B 		.ascii	"\336\242\241\213\200\205\332\010\010\237\006\251\274"
 115      8085DA08 
 115      089F06A9 
 115      BC
 116 0236 3F385E8D 		.ascii	"?8^\215xg\374\203\276\217\214\207\3403Ld\220/\030\214"
 116      7867FC83 
 116      BE8F8C87 
 116      E0334C64 
 116      902F188C 
 117 024a 8327A8EE 		.ascii	"\203'\250\3567\010\233\302!>'2|\300R\341\334\365\370"
 117      37089BC2 
 117      213E2732 
 117      7CC052E1 
 117      DCF5F8
 118 025d C57FC53F 		.ascii	"\305\177\305?\317\370@\370\305\007\360\307\010\337\025"
 118      CFF840F8 
 118      C507F0C7 
 118      08DF15
 119 026c 6205A08E 		.ascii	"b\005\240\216Nb\250\220}z\215T\270\000)\255\034\311"
 119      4E62A890 
 119      7D7A8D54 
 119      B80029AD 
 119      1CC9
 120 027e C9B85BBC 		.ascii	"\311\270[\2743\011\310\224.\360\371I\314\252\326?QM"
 120      3309C894 
 120      2EF0F949 
 120      CCAAD63F 
 120      514D
 121 0290 AAB41AEA 		.ascii	"\252\264\032\352Y\3207\260\200y89|\035\237S\2120A\314"
 121      59D037B0 
 121      80793839 
 121      7C1D9F53 
 121      8A3041CC 
 122 02a4 A3FF91D9 		.ascii	"\243\377\221\331G\310{}E[\330X\006\306\027\321\030\361"
 122      47C87B7D 
 122      455BD858 
 122      06C617D1 
 122      18F1
 123 02b6 D1BE2FBB 		.ascii	"\321\276/\273\367Z\365y\025/J\006t?\261\232\246\373"
 123      F75AF579 
 123      152F4A06 
 123      743FB19A 
 123      A6FB
 124 02c8 C54495D9 		.ascii	"\305D\225\331w\325\027\225Y\214\202>`\306\234\306\270"
 124      77D51795 
 124      598C823E 
ARM GAS  /tmp/ccHpa4HT.s 			page 9


 124      60C69CC6 
 124      B8
 125 02d9 E386C001 		.ascii	"\343\206\300\001\241Z\316\316R\360\236-4\325\376L\305"
 125      A15ACECE 
 125      52F09E2D 
 125      34D5FE4C 
 125      C5
 126 02ea 5140E18D 		.ascii	"Q@\341\215\005\375#\347\227\230s\215\370+!\347?@z\376"
 126      05FD23E7 
 126      9798738D 
 126      F82B21E7 
 126      3F407AFE 
 127 02fe F20D5058 		.ascii	"\362\015PX\022\341\250\333+\240a{\345\267\267\356b\201"
 127      12E1A8DB 
 127      2BA0617B 
 127      E5B7B7EE 
 127      6281
 128 0310 31BD5899 		.ascii	"1\275X\231\205\025@\245+k,\212\352\231\012\023n\321"
 128      851540A5 
 128      2B6B2C8A 
 128      EA990A13 
 128      6ED1
 129 0322 D544738C 		.ascii	"\325Ds\214\210I\243\300\\\353\300\362O\247g\314\277"
 129      8849A3C0 
 129      5CEBC0F2 
 129      4FA767CC 
 129      BF
 130 0333 E7500F38 		.ascii	"\347P\0178\234\304l\352\033\344\340\343\235B\015\223"
 130      9CC46CEA 
 130      1BE4E0E3 
 130      9D420D93 
 131 0343 35B11270 		.ascii	"5\261\022p\332H\016\0339md\262\034\"\013\356\223\245"
 131      DA480E1B 
 131      396D64B2 
 131      1C220BEE 
 131      93A5
 132 0355 2B8286D7 		.ascii	"+\202\206\327\010\332\364?\011\272\314\004\361\005\233"
 132      08DAF43F 
 132      09BACC04 
 132      F1059B
 133 0364 5E4F908E 		.ascii	"^O\220\216p\212 \334\331\226\300\034\314\332\"Sa\023"
 133      708A20DC 
 133      D996C01C 
 133      CCDA2253 
 133      6113
 134 0376 159CF637 		.ascii	"\025\234\3667\273\225q\034\243 ~y\351j\316U\0239\006"
 134      BB95711C 
 134      A3207E79 
 134      E96ACE55 
 134      133906
 135 0389 5FD417C1 		.ascii	"_\324\027\301\3179\256\"\254\026Mz\273xF\227\314\205"
 135      CF39AE22 
 135      AC164D7A 
 135      BB784697 
 135      CC85
 136 039b E539835C 		.ascii	"\3459\203\\\\\260\377\3138\231\251\033'\207\346\216"
 136      5CB0FFCB 
ARM GAS  /tmp/ccHpa4HT.s 			page 10


 136      3899A91B 
 136      2787E68E 
 137 03ab 2F1AAD05 		.ascii	"/\032\255\005*gh\021\260V\270\202\005\301\227jb\242"
 137      2A676811 
 137      B056B882 
 137      05C1976A 
 137      62A2
 138 03bd C1C09D85 		.ascii	"\301\300\235\205\257\243k\363\006h2\314B+\026;\307\343"
 138      AFA36BF3 
 138      066832CC 
 138      422B163B 
 138      C7E3
 139 03cf 86669D2B 		.ascii	"\206f\235+\016\2330 C4\353~\3067Y\311\201\232+\254\005"
 139      0E9B3020 
 139      4334EB7E 
 139      C63759C9 
 139      819A2BAC 
 140 03e4 14E3F579 		.ascii	"\024\343\365y\264\245\305K\274\334\376B\3733\317y\035"
 140      B4A5C54B 
 140      BCDCFE42 
 140      FB33CF79 
 140      1D
 141 03f5 5D5E5BC7 		.ascii	"]^[\307\256]\035\257y]\335;;\273w'\275\355\317\356H"
 141      AE5D1DAF 
 141      795DDD3B 
 141      3BBB7727 
 141      BDEDCFEE 
 142 040a EC789DA4 		.ascii	"\354x\235\244\311\366W_\352\354\362\236J$\274\266\316"
 142      C9F6575F 
 142      EAECF29E 
 142      4A24BCB6 
 142      CE
 143 041b EED69636 		.ascii	"\356\326\2266!;w&\265\356$$\377\0044\336.\330"
 143      213B7726 
 143      B5EE2424 
 143      FF0434DE 
 143      2ED8
 144              		.text
 145              		.section	.gnu.lto_ram_areas.e72a452f45d91d65,"",%progbits
 146 0000 789C75D1 		.ascii	"x\234u\321\337KSa\030\007\360\3679\357\3464\177fV\232"
 146      DF4B5361 
 146      1807F0F7 
 146      39EFE634 
 146      7F66569A 
 147 0014 ABFE831D 		.ascii	"\253\376\203\035\364j\341M\261\013\361B\204\374\013"
 147      F46AE14D 
 147      B10BF142 
 147      84FC0B
 148 0023 6A040ED2 		.ascii	"j\004\016\322\311\266 \272\331\271P\020#o\025\022&\030"
 148      C9B620BA 
 148      D9B95010 
 148      236F1512 
 148      2618
 149 0035 A8A56E5A 		.ascii	"\250\245nZY\333\252Ms\232\371+K\257\272\361B\014\304"
 149      59DBAA4D 
 149      739AF92B 
 149      4BAFBAF1 
ARM GAS  /tmp/ccHpa4HT.s 			page 11


 149      420CC4
 150 0048 2B338434 		.ascii	"+3\2044\346\273}\317E\234\361\234\213\363\205\347y\371"
 150      E6BB7DCF 
 150      459CF19C 
 150      8BF385E7 
 150      79F9
 151 005a F2E17DED 		.ascii	"\362\341}\355B\023-v!\232\004\276AI\361\370\341OG\370"
 151      42132D76 
 151      219A04BE 
 151      4149F1F8 
 151      E14F47F8 
 152 006e 9FD16718 		.ascii	"\237\321g\030\273O\017\344\223\210\024\243\262`5\262"
 152      BB4F0FE4 
 152      938814A3 
 152      B26035B2 
 153 007e AFE51754 		.ascii	"\257\345\027T\270\240\374B+XT\347\3472?\377\263\277"
 153      B8A0FC42 
 153      2B5854E7 
 153      E7323FFF 
 153      B3BF
 154 0090 972A76CF 		.ascii	"\227*v\317\031}#\306\355\210\244!)\350%\205\207$\321"
 154      197D23C6 
 154      ED88A421 
 154      29E82585 
 154      8724D1
 155 00a3 442E341A 		.ascii	"D.4\032\317\205\2441\012\347\216\037\367\367\236\310"
 155      CF85A431 
 155      0AE78E1F 
 155      F7F79EC8 
 156 00b3 0119510B 		.ascii	"\001\031Q\013\207\2455;\000\241\215\023\3329a\021#t"
 156      87A5353B 
 156      00A18D13 
 156      DA396111 
 156      2374
 157 00c5 70C21884 		.ascii	"p\302\030\204Q\010\247!\234\202p\357t*Q\001a\221\245"
 157      5108A721 
 157      9C8270EF 
 157      742A5101 
 157      6191A5
 158 00d8 F5B7292C 		.ascii	"\365\267),\346\204%\234\360\002#,\345\204s\020\276\205"
 158      E684259C 
 158      F002232C 
 158      E5847310 
 158      BE85
 159 00ea F00D84AF 		.ascii	"\360\015\204\257!\\y\2218+\203\320ni\375e\012\3138a"
 159      215C7991 
 159      382B83D0 
 159      6E69FD65 
 159      0ACB3861 
 160 00fe 3927AC60 		.ascii	"9'\254`\204\225\234\360\003\204I\010\023\020\306!\334"
 160      84959CF0 
 160      03844908 
 160      1310C621 
 160      DC
 161 010f EA890D9B 		.ascii	"\352\211\015\233\257l\263\264&Ma\025'\274\310\011\253"
 161      AF6CB3B4 
 161      264D6115 
ARM GAS  /tmp/ccHpa4HT.s 			page 12


 161      27BCC809 
 161      AB
 162 0120 19E1254E 		.ascii	"\031\341%N\270\000\341<\204i\010S\020.\034\305\306\314"
 162      B800E13C 
 162      84690853 
 162      102E1CC5 
 162      C6CC
 163 0132 3B9496D6 		.ascii	";\224\226\326\250)\254\341\204\2279\341\025Fx\225\023"
 163      A829ACE1 
 163      849739E1 
 163      15467895 
 163      13
 164 0143 7E817019 		.ascii	"~\201p\031\302%\0103\020f\262'\351J\0105K\353\250)\254"
 164      C2250833 
 164      1066B227 
 164      E94A0835 
 164      4BEBA829 
 165 0158 E584759C 		.ascii	"\345\204u\234\360\032#\254\347\204\033\020\256C\270"
 165      F01A23AC 
 165      E7841B10 
 165      AE43B8
 166 0167 06E12A84 		.ascii	"\006\341*\204\377\327\234>\003\311\311\221\256s\244"
 166      FFD79C3E 
 166      03C9C991 
 166      AE73A4
 167 0176 1B0CE926 		.ascii	"\033\014\351&G\372\001\322w\220\266@\372\006R\317\363"
 167      47FA01D2 
 167      7790B640 
 167      FA0652CF 
 167      F3
 168 0187 CC5F078E 		.ascii	"\314_\007\216\033\352\352$58i\233\334\324\350\244M\025"
 168      1BEAEA24 
 168      3538699B 
 168      DCD4E8A4 
 168      4D15
 169 0199 5FC9492B 		.ascii	"_\311I+*\027U~V\371I\345G\225\357U\276S9\253rF\345\244"
 169      2A17557E 
 169      56F949E5 
 169      4795EF55 
 169      BE5339AB 
 170 01b1 CA57E416 		.ascii	"\312W\344\026\264\243~\267\\.\335\323\341\273\357kk"
 170      B4A37EB7 
 170      5C2EDDD3 
 170      E1BBEF6B 
 170      6B
 171 01c2 D7FD41DD 		.ascii	"\327\375A\335\353\357\354\364w\351\301\320\275@\350"
 171      EBEFECF4 
 171      77E9C1D0 
 171      BD40E8
 172 01d1 51B77EE7 		.ascii	"Q\267~\347n\253\247\365qn\332\355{\370 \020\324\233"
 172      6EABA7F5 
 172      716EDAED 
 172      7BF82010 
 172      D49B
 173 01e3 3D1EDD1B 		.ascii	"=\036\335\033\0105\270\274\342\034\332O\015\254"
 173      0835B8BC 
 173      E21CDA4F 
ARM GAS  /tmp/ccHpa4HT.s 			page 13


 173      0DAC
 174              		.text
 175              		.section	.gnu.lto_.symbol_nodes.e72a452f45d91d65,"",%progbits
 176 0000 789C55CD 		.ascii	"x\234U\315YR\302P\030D\341\377$\2718\2038 \010hp'.\206"
 176      5952C250 
 176      1844E1FF 
 176      24B93883 
 176      38200868 
 177 0018 75DC9403 		.ascii	"u\334\224\003\010\016D\005'T\024\034\366\340\"\\\223"
 177      080E4405 
 177      2754141C 
 177      F6E0225C 
 177      93
 178 0029 A15FAC3C 		.ascii	"\241_\254<}U\247\272\252\235\005\326\306\314\202c\274"
 178      7D55A7BA 
 178      AA9D05D6 
 178      C6CC8263 
 178      BC
 179 003a 59FA6B96 		.ascii	"Y\372k\226\361\223\034f\345\004O\276\234\342\203|\351"
 179      F1931C66 
 179      E5044FBE 
 179      9CE2837C 
 179      E9
 180 004b E0C3FFD2 		.ascii	"\340\303\377\322\312J\027\037\3456\356\010K\016\314"
 180      CA4A171F 
 180      E536EE08 
 180      4B0ECC
 181 005a 42770671 		.ascii	"Bw\006qv\345z\004\262O(\317\211\344\005N^R\220W,\310"
 181      76E57A04 
 181      B24F28CF 
 181      89E4054E 
 181      5E529057 
 182 0070 018B3265 		.ascii	"\001\2132eI^\263,oX\221\267\254\312!krDQ\336Q\222\367"
 182      495EB32C 
 182      6F5891B7 
 182      ACCA216B 
 182      724451DE 
 183 0087 ACCB07CA 		.ascii	"\254\313\007\312\362\221\015\371\304\246\034\263%\237"
 183      F2910DF9 
 183      C4A61CB3 
 183      259F
 184 0095 D9962F54 		.ascii	"\331\226/T\344+;rBU\276Q\223\357\354\312)u9\243!?h\312"
 184      E42B3B72 
 184      4255BE51 
 184      93EFECCA 
 184      297539A3 
 185 00ad 4FF6E417 		.ascii	"O\366\344\027\373\362\233x\256\375\001\343\2141 "
 185      FBF29B78 
 185      AEFD01E3 
 185      8C3120
 186              		.text
 187              		.section	.gnu.lto_.refs.e72a452f45d91d65,"",%progbits
 188 0000 789C05C1 		.ascii	"x\234\005\301\007\022\202@\020\000\260\235\014\207 "
 188      07128240 
 188      1000B09D 
 188      0C8720
 189 000f 168A8A58 		.ascii	"\026\212\212XNl\257\341\377\377!I!\226\210PH\244<'\245"
ARM GAS  /tmp/ccHpa4HT.s 			page 14


 189      4E6CAFE1 
 189      FFFF2149 
 189      21968850 
 189      48A43C27 
 190 0024 8D4A6DAB 		.ascii	"\215Jm\253\261\263wp\324\352\364\006'g\027\243\253\311"
 190      B1B37770 
 190      D4EAF406 
 190      276717A3 
 190      ABC9
 191 0036 CDDDC353 		.ascii	"\315\335\303S\3662{\373\370\372\371\307\012}f\003\234"
 191      F6327BFB 
 191      F8FAF9C7 
 191      0A7D6603 
 191      9C
 192              		.text
 193              		.section	.gnu.lto_.decls.e72a452f45d91d65,"",%progbits
 194 0000 789C8596 		.ascii	"x\234\205\226iPT\331\025\307\337\355\333lMK\033t2\246"
 194      695054D9 
 194      15C7DFED 
 194      DB6C4D4B 
 194      1B7432A6 
 195 0014 D41AC730 		.ascii	"\324\032\3070\221\252\251\241\203k\362%5)\253\342|\231"
 195      91AAA9A1 
 195      836BF225 
 195      3529ABE2 
 195      7C99
 196 0026 4C2A8B5F 		.ascii	"L*\213_\273\020I\244\202`ASj\245\222z\002\262\011\210"
 196      BB1049A4 
 196      82604153 
 196      6AA5927A 
 196      02B20988 
 197 003a 8AEC2AA2 		.ascii	"\212\354*\2422\200 2\"\202\210\242(\".,\202\013\310"
 197      32802032 
 197      228288A2 
 197      28222E2C 
 197      820BC8
 198 004d 220888B2 		.ascii	"\"\010\210\262( \202(\344\334s_\257\267I^\325\277\337"
 198      28208228 
 198      E4DC735F 
 198      AFB7495E 
 198      D5BFDF
 199 0060 BBF79DF3 		.ascii	"\273\367\235\363;\347\236{\356\253v\222T\322\277\027"
 199      3BE79E7B 
 199      EEAB7692 
 199      54D2BF17 
 200 0070 4BD2162A 		.ascii	"K\322\026*IQ*I\232\207\313E\222\244b\311r9\201\316\203"
 200      49512A49 
 200      9A87CB45 
 200      92A462C9 
 200      723981CE 
 201 0085 2E80CA41 		.ascii	".\200\312AU\240j\320\227\240\347\240>P?h\0204\004z\015"
 201      55A06AD0 
 201      97A0E7A0 
 201      3E503F68 
 201      1034047A 
 202 009a 1A018D81 		.ascii	"\032\001\215\201\336\202&@\357@\357A3\240Y\320'\320"
 202      DE822640 
ARM GAS  /tmp/ccHpa4HT.s 			page 15


 202      EF40EF41 
 202      33A059D0 
 202      27D0
 203 00ac 3C881049 		.ascii	"<\210\020I\242 '\220\013\310\015\344\016Z\004\322\201"
 203      A2202790 
 203      0BC80DE4 
 203      0E5A04D2 
 203      81
 204 00bd 7E065A02 		.ascii	"~\006Z\002\372\014\3649\350\027\240\345\240\225\240"
 204      FA0CF439 
 204      E817A0E5 
 204      A095A0
 205 00cc 2F405F12 		.ascii	"/@_\022\311\346\362\2031\233\332\252\214\211\222\273"
 205      C9E6F283 
 205      319BDAAA 
 205      8C8992BB 
 206 00dc FDF50F07 		.ascii	"\375\365\017\007v\027\034\330\355t`W\356\300n\267\003"
 206      76171CD8 
 206      ED746057 
 206      EEC06EB7 
 206      03
 207 00ed BB2A0776 		.ascii	"\273*\007v\377\202\027Z\305\316\023\264\024\264\032"
 207      FF82175A 
 207      C5CE13B4 
 207      14B41A
 208 00fc E61AE1BE 		.ascii	"\346\032\341\276\006\364Kx\356\201{7\310\013\236\357"
 208      06F44B78 
 208      EE817B37 
 208      C80B9EEF 
 209 010c C3FD4F20 		.ascii	"\303\375O 5\350)\250\015\364\010\364X\211Q\255\334\237"
 209      35E829A8 
 209      0DF408F4 
 209      588951AD 
 209      DC9F
 210 011e DBC5A925 		.ascii	"\333\305\251%\334\247Qa\2618=\013p\330\265J\342\265"
 210      DCA75161 
 210      B1383D0B 
 210      70D8B54A 
 210      E2B5
 211 0130 FC42A9ED 		.ascii	"\374B\251\355r\245\326\237+\265_\242\354\205N\331\033"
 211      72A5D69F 
 211      2BB55FA2 
 211      EC854ED9 
 211      1B
 212 0141 7765AF5C 		.ascii	"we\257\\\224\275c{\310\366\222\355)\333[\266\307l\257"
 212      94BD637B 
 212      C8F692ED 
 212      29DB5BB6 
 212      C76CAF
 213 0154 D99EB3BD 		.ascii	"\331\236\263\275g=\300z\201\365\004\353\015\326#\254"
 213      673DC07A 
 213      81F504EB 
 213      0DD623AC 
 214 0164 5758CFB0 		.ascii	"WX\317\260\336\351\263\313?\215\222O%e\361\356]\344"
 214      DEE9B3CB 
 214      3F8D924F 
 214      2565F1EE 
ARM GAS  /tmp/ccHpa4HT.s 			page 16


 214      5DE4
 215 0176 19C392C5 		.ascii	"\031\303\222\305\204(\021$\274\021\345\216\015\213\227"
 215      84281124 
 215      BC11E58E 
 215      0D8B97
 216 0185 F9355199 		.ascii	"\3715Q\2316\200\340\214b\314\037p\254RX&Ce\357\024#"
 216      3680E08C 
 216      62CC1F70 
 216      AC525826 
 216      4365EF14 
 217 019a 6BA2D9D5 		.ascii	"k\242\331\325|\231\346\210-\022\336\250\210y\202\020"
 217      7C99E688 
 217      2D12DEA8 
 217      88798210 
 218 01aa 6B072B20 		.ascii	"k\007+ 1%\204o\210u`\236=5\255~8a\342\204\272\233t\022"
 218      3125846F 
 218      8875609E 
 218      3D35AD7E 
 218      3861E284 
 219 01c2 E22EE57C 		.ascii	"\342.\345|Kp\356R\373\301\333\316\024\342\300\363\375"
 219      4B70EE52 
 219      FBC1DBCE 
 219      14E2C0F3 
 219      FD
 220 01d3 6723454E 		.ascii	"g#EN\324\003\237\317g\177lvU\253$RH(\367\356\236\311"
 220      D4039FCF 
 220      677F6C76 
 220      55AB2452 
 220      4828F7EE 
 221 01e9 FF834F91 		.ascii	"\377\203O\221\314/\327\257-E\2755\377\276F\227D\211"
 221      CC2FD7AF 
 221      2D45BD35 
 221      FFBE4697 
 221      4489
 222 01fb A786A860 		.ascii	"\247\206\250`\330\362\346\3361w\030.\325\220\3050\234"
 222      D8F2E6DE 
 222      3177182E 
 222      D590C530 
 222      9C
 223 020c DED7765D 		.ascii	"\336\327v]\263,\025\275\"\345\305*\262\365\347\344\034"
 223      B32C15BD 
 223      22E5C52A 
 223      B2F5E7E4 
 223      1C
 224 021d 59418AC9 		.ascii	"YA\212\311\012\310\257\204,\203\337mjN\222\363\306:"
 224      0AC8AF84 
 224      2C83DF6D 
 224      6A4E92F3 
 224      C63A
 225 022f DC56E7C8 		.ascii	"\334V\347\31095r\315\340\251_\365\376$\313\373#dY\315"
 225      393572CD 
 225      E0A95FF5 
 225      FE24CBFB 
 225      236459CD 
 226 0243 CC4801A1 		.ascii	"\314H\001\241\244\210\370\200\371Y\242f#x\312'\335\204"
 226      A488F880 
 226      F959A266 
ARM GAS  /tmp/ccHpa4HT.s 			page 17


 226      2378CA27 
 226      DD84
 227 0255 FC48BA60 		.ascii	"\374H\272`\335\347\311j \274\0359\370@G\267.\260\204"
 227      DDE7C96A 
 227      20BC1D39 
 227      F84047B7 
 227      2EB084
 228 0268 F6F6DC83 		.ascii	"\366\366\334\203N\012\277\367\353\014\271&b\237,\253"
 228      4E0ABFF7 
 228      EB0CB926 
 228      629F2CAB 
 229 0278 905E6AA6 		.ascii	"\220^j\246\377\004\364R{\372\005\244\217\265\276\351"
 229      FF04F452 
 229      7BFA05A4 
 229      8FB5BEE9 
 230 0288 A2D47F01 		.ascii	"\242\324\177\001\372l[d\243)\373\226ol\350ef\372E\240"
 230      FA6C5B64 
 230      A329FB96 
 230      6F6CE865 
 230      66FA45A0 
 231 029c 97D9D3CB 		.ascii	"\227\331\323\313\221^\360\364\335\015w\032\202\364\023"
 231      915EF0F4 
 231      DD0D771A 
 231      82F413
 232 02ab 777A4F6A 		.ascii	"wzOj\351\177\360y\350ek\207\216E\2520E\352\213k\276"
 232      E97FF079 
 232      E8656B87 
 232      8E45AA30 
 232      45EA8B6B 
 233 02c0 E2668A4D 		.ascii	"\342f\212M*\211\232M&\037\035l\322\261\360\327\345\232"
 233      2A899A4D 
 233      261F1D6C 
 233      D2B1F0D7 
 233      E59A
 234 02d2 0F3E36E1 		.ascii	"\017>6\341/\231\303_\206\360\227\354\303Wa\370\246\364"
 234      2F99C35F 
 234      86F097EC 
 234      C35761F8 
 234      A6F4
 235 02e4 03D184C6 		.ascii	"\003\321\204\306\020\214Y4\374|\034\327\322#\3274\374"
 235      108C5934 
 235      FC7C1CD7 
 235      D223D734 
 235      FC
 236 02f5 86C16413 		.ascii	"\206\301d\023\354\212\011&\261G[R5\222*\037\034\251"
 236      EC8A0926 
 236      B1475B52 
 236      35922A1F 
 236      1CA9
 237 0307 F5A0E99C 		.ascii	"\365\240\351\234T>p\247N\303\273C&\354\010>z}\223\360"
 237      543E70A7 
 237      4EC3BB43 
 237      26EC083E 
 237      7A7D93F0 
 238 031b F6905D61 		.ascii	"\366\220]a<\031\277\377=\345\357]`\330\034u>[\031\252"
 238      3C19BFFF 
 238      3DE5EF5D 
ARM GAS  /tmp/ccHpa4HT.s 			page 18


 238      60D81C75 
 238      3E5B19AA 
 239 032f D97EDECF 		.ascii	"\331~\336\317\354\363\340\326\253`\370\370d\377\264"
 239      ECF3E0D6 
 239      AB60F8F8 
 239      64FFB4
 240 033e 4613CB7A 		.ascii	"F\023\313z)9Rv\373\216\231\325B3\335\300f\272I4\360"
 240      29395276 
 240      FB8E99D5 
 240      4233DDC0 
 240      66BA4934 
 241 0353 AB5F41AE 		.ascii	"\253_A\256\303\020\2543\253&\033\2348\213E\212\231\270"
 241      C310AC33 
 241      AB261B9C 
 241      388B458A 
 241      99B8
 242 0365 19A1A6B9 		.ascii	"\031\241\246\271<\255\316\372\202\263,\316\032\015a"
 242      3CADCEFA 
 242      82B32CCE 
 242      1A0D61
 243 0374 C7480753 		.ascii	"\307H\007S%\303\2253\213\370\024\263h98~\332\205\026"
 243      25C39533 
 243      8BF814B3 
 243      6839387E 
 243      DA8516
 244 0387 A3B92AA3 		.ascii	"\243\271*\243\341\361\0155\361\326\344\261\3205\267"
 244      E1F10D35 
 244      F1D6E4B1 
 244      D035B7
 245 0396 4B7E9731 		.ascii	"K~\2271.\313\253\310]\242!w,\365X\003\361%\310.\202"
 245      2ECBABC8 
 245      5DA22177 
 245      2CF55803 
 245      F125C82E 
 246 03ab 67279973 		.ascii	"g'\231s#\015\304\233q\231\035\251\207\311\333<\303\202"
 246      230DC49B 
 246      71991DA9 
 246      87C9DB3C 
 246      C382
 247 03bd D387729D 		.ascii	"\323\207r\235\351\000\217Qw\265\343\211\232h\274\035"
 247      E9008F51 
 247      77B5E389 
 247      9A68BC1D 
 248 03cd 021E3800 		.ascii	"\002\0368\000\360d\346\253W\327\355g\233s\037\222\271"
 248      F064E6AB 
 248      57D7ED67 
 248      9B731F92 
 248      B9
 249 03de 6749E62E 		.ascii	"gI\346.\253\006\013\022\363\254\277\302I\033o\246\242"
 249      AB060B12 
 249      F3ACBFC2 
 249      491B6FA6 
 249      A2
 250 03ef A1A56A8D 		.ascii	"\241\245j\215D\253\034\344\273\367\022\257\272\320\303"
 250      44AB1CE4 
 250      BBF712AF 
 250      BAD0C3
ARM GAS  /tmp/ccHpa4HT.s 			page 19


 251 03fe FC63903C 		.ascii	"\374c\220<\232]\355N\263\371\300t\246=\371\2316\355"
 251      9A5DED4E 
 251      B3F9C074 
 251      A63DF999 
 251      36ED
 252 0410 E952654F 		.ascii	"\351ReO\033\207\337Wh\350Y\264un;\327?E\211\227\227"
 252      1B87DF57 
 252      68E859B4 
 252      756E3BD7 
 252      3F458997 
 253 0425 97B7D792 		.ascii	"\227\267\327\222\\\026\264f\260o\371e8\312q\316,\026"
 253      5C16B466 
 253      B06FF965 
 253      38CA71CE 
 253      2C16
 254 0437 698214DB 		.ascii	"i\202\024\333\311\022\313\322\364,\213Z\226\213\304"
 254      C912CBD2 
 254      F42C8B5A 
 254      968BC4
 255 0446 ED6FA451 		.ascii	"\355o\244Q\371\36424\256\2637\276\2059\373Z\214\033"
 255      F9F43234 
 255      AEB337BE 
 255      8539FB5A 
 255      8C1B
 256 0458 2CC6AD8E 		.ascii	",\306\255\216\2159\232\027k4\225\302\307\213YIJ\235"
 256      8D399A17 
 256      6B3495C2 
 256      C78B5949 
 256      4A9D
 257 046a 2433692A 		.ascii	"$3i*\317\005\032=\212\"\253\331a\226\030\367\020\266"
 257      CF051A3D 
 257      8A22ABD9 
 257      619618F7 
 257      10B6
 258 047c 9F2C7FAB 		.ascii	"\237,\177\253\226\310Cx\335\202Q\2301\020\311\023\330"
 258      96C84378 
 258      DD825198 
 258      3110C913 
 258      D8
 259 048d A8A7C48B 		.ascii	"\250\247\304\213\264\201\036\201\036\023/\323\207\362"
 259      B4811E81 
 259      1E132FD3 
 259      87F2
 260 049b D193E63A 		.ascii	"\321\223\346:7Z\201eR\26545<v&K\274\035\321\340\023"
 260      375A8165 
 260      52B53435 
 260      3C76264B 
 260      BC1DD1E0 
 261 04b0 EDFD7F81 		.ascii	"\355\375\177\201|A\2176\261\365<\003\333\016\313\326"
 261      7C418F36 
 261      B1F53C03 
 261      DB0ECBD6 
 262 04c0 B3E561C4 		.ascii	"\263\345a\304\334\251\312C\316\236\311J\210Uj4\254\201"
 262      DCA9CA43 
 262      CE9EC94A 
 262      88556A34 
 262      AC81
ARM GAS  /tmp/ccHpa4HT.s 			page 20


 263 04d2 28D730E7 		.ascii	"(\3270\347.\342i:6\314\372eu\353Q\217%JB\261\013%$-"
 263      2EE2693A 
 263      36CCFA65 
 263      75EB518F 
 263      254A42B1 
 264 04ea B4BCB28C 		.ascii	"\264\274\262\214[\315N\326\301\272\377W\260\256\350"
 264      5BCD4ED6 
 264      C1BAFF57 
 264      B0AEE8
 265 04f9 CE68ED57 		.ascii	"\316h\355W\247\344&\370Z\216f\2558\"\313\337\221\036"
 265      A7E426F8 
 265      5A8E66AD 
 265      3822CBDF 
 265      911E
 266 050b E249AEF2 		.ascii	"\342I\256\362eX9\262\231\277\302\307\3569\371\012\374"
 266      655839B2 
 266      99BFC2C7 
 266      EE39F90A 
 266      FC
 267 051c C62713CB 		.ascii	"\306'\023\313t\264\236\367\345\330\354\334\017\300\350"
 267      74B49EF7 
 267      E5D8ECDC 
 267      0FC0E8
 268 052b 81DD7B90 		.ascii	"\201\335{\220\356y82\2077w\257\302\2604y/~\251\372\220"
 268      EE793832 
 268      873777AF 
 268      C2B03479 
 268      2F7EA9FA 
 269 0540 F02AB16D 		.ascii	"\360*\261m^G;8\241\346v\212\354\252 \206Sh\262\027\002"
 269      5E473B38 
 269      A1E6768A 
 269      ECAA2086 
 269      5368B217 
 270 0555 5E088017 		.ascii	"^\010\200\027\010\350G@\336\\k\2713\035\342\200\346"
 270      08E84740 
 270      DE5C6BB9 
 270      331DE280 
 270      E6
 271 0566 B18E3A27 		.ascii	"\261\216:'\005\360\"\325\004\030\020\000\003\010\030"
 271      05F022D5 
 271      04181000 
 271      030818
 272 0575 444046E1 		.ascii	"D@F\341H\206\206Ns@\302\320\247T\235\011\260,C\206\357"
 272      4886864E 
 272      7340C2D0 
 272      A7549D09 
 272      B02C4386 
 273 058a 0C23BC14 		.ascii	"\014#\274\024\010/\2210\204\204\376\332\372\347\256"
 273      082F9130 
 273      8484FEDA 
 273      FAE7AE
 274 0599 349622A1 		.ascii	"4\226\"\2414\367E\257V!\014X\225\341\225\200x\205\210"
 274      34F745AF 
 274      56210C58 
 274      95E19580 
 274      788588
 275 05ac D7888878 		.ascii	"\327\210\210x\223V\352N\2638\342\311\241\252$7\241\014"
ARM GAS  /tmp/ccHpa4HT.s 			page 21


 275      9356EA4E 
 275      B338E2C9 
 275      A1AA2437 
 275      A10C
 276 05be C3026018 		.ascii	"\303\002`\030\001#\010h\256\271X\350B\0138\240S>\320"
 276      01230868 
 276      AEB958E8 
 276      420B38A0 
 276      533ED0
 277 05d1 A411CA30 		.ascii	"\244\021\3120*\000F\0210\206\200\201\276\204RgZ\301"
 277      2A004611 
 277      30868081 
 277      BE845267 
 277      5AC1
 278 05e3 0193CD63 		.ascii	"\001\223\315c\361T,\303\033\201\360\006\011o\221\360"
 278      F1542CC3 
 278      1B81F006 
 278      096F91F0 
 279 05f3 ECC48F33 		.ascii	"\354\304\2173ZZ\317\011\307cJ?S\000sVU\030\027\010\343"
 279      5A5ACF09 
 279      C7634A3F 
 279      53007356 
 279      55181708 
 280 0608 48984042 		.ascii	"H\230@B\332\345{\227\\h\007'L\027\226\037]$TaR\000L"
 280      DAE57B97 
 280      5C680727 
 280      4C17961F 
 280      5D245461 
 281 061f 22E01D02 		.ascii	"\"\340\035\002\346\037\234\270\257\242C\034P\223\375"
 281      E61F9CB8 
 281      AFA2431C 
 281      5093FD
 282 062e B2CF43A8 		.ascii	"\262\317C\250\302\224\000\230B\300{\0044\\9\\\005\315"
 282      C2940098 
 282      42C07B04 
 282      345C395C 
 282      05CD
 283 0640 C001D149 		.ascii	"\300\001\321IM=Z\261\012\323\002a\032\0113HHO\210[I"
 283      4D3D5AB1 
 283      0AD30261 
 283      1A093348 
 283      484F885B 
 284 0655 63D50878 		.ascii	"c\325\010x=x\362\224i#\037eX\252\360A |@\302,?\022\347"
 284      3D78F294 
 284      69231F65 
 284      58AAF041 
 284      207C40C2 
 285 066d 2A2FBAD1 		.ascii	"*/\272\321,\216\250|:U\354.T\341\243\000\370\210\200"
 285      2C8EA87C 
 285      3A55EC2E 
 285      54E1A300 
 285      F88880
 286 0680 4F08983D 		.ascii	"O\010\230=9S\250\246\005\034\320\270\377j\253x$\346"
 286      3953A8A6 
 286      051CD0B8 
 286      FF6AAB78 
 286      24E6
ARM GAS  /tmp/ccHpa4HT.s 			page 22


 287 0692 04C01C02 		.ascii	"\004\300\034\002\346\021\220\225}\274JK+8 \242\345Z"
 287      E6119095 
 287      7DBC4A4B 
 287      2B3820A2 
 287      E55A
 288 06a4 815AAC82 		.ascii	"\201Z\254\202\254\262'\300\014\374\356S1\302\271\253"
 288      ACB227C0 
 288      0CFCEE53 
 288      31C2B9AB 
 289 06b4 9D97DD68 		.ascii	"\235\227\335h='\344W\307\347\232R\030\265*C\204\200"
 289      3D27E457 
 289      C7E79A52 
 289      18B52A43 
 289      8480
 290 06c6 88404424 		.ascii	"\210@D$\"\366OGg\271\322\016\216\330wu<_\3742D\011\200"
 290      22F64F47 
 290      67B9D20E 
 290      8ED87775 
 290      3C5FFC32 
 291 06dd 2804EC47 		.ascii	"(\004\354G@]Zb\231;\035\342\200\376\364\327g\3052D\013"
 291      405D5A62 
 291      993B1DE2 
 291      80FEF4D7 
 291      67C53244 
 292 06f2 806804C4 		.ascii	"\200h\004\304 \340\314d\362\0355\235\346\200\331\273"
 292      20E0CC64 
 292      F21D359D 
 292      E680D9BB 
 293 0702 2DDE6215 		.ascii	"-\336b\025b\005@,\002\342\020\020w=\257@Cc\235\020\020"
 293      6205402C 
 293      02E21010 
 293      773DAF40 
 293      43639D10 
 294 0717 1377ED95 		.ascii	"\023w\355\225\263B\250\313\264T!^@\304#\342\000\".\347"
 294      B342A8CB 
 294      B454215E 
 294      40C423E2 
 294      00222EE7 
 295 072b 978CC387 		.ascii	"\227\214\303\207\201#2+?\214\211\037\206\004\001\220"
 295      8123322B 
 295      3F8C891F 
 295      86040190 
 296 073b 80804404 		.ascii	"\200\200D\004T\214\264O;\323\002\016\350\350\354\220"
 296      548CB44F 
 296      3BD3020E 
 296      E8E8EC90 
 297 074b C5239124 		.ascii	"\305#\221$\000\222\020p\020\001\023w\223\341HTp\300"
 297      00921070 
 297      10011377 
 297      93E14854 
 297      70C0
 298 075d BBC8D76D 		.ascii	"\273\310\327m\256b\031\222\005B2\022\016!\241\352\312"
 298      AE621992 
 298      05423212 
 298      0E21A1EA 
 298      CA
 299 076e EC4A5ACF 		.ascii	"\354JZ\317\001\367Rj\217\231\372\271\313\252\012\207"
ARM GAS  /tmp/ccHpa4HT.s 			page 23


 299      01F7526A 
 299      8F99FAB9 
 299      CBAA0A87 
 300 077e 05C26124 		.ascii	"\005\302a$\034ABr\311\311\217\320\013\034\221]]\031"
 300      1C414272 
 300      C9C98FD0 
 300      0B1C915D 
 300      5D19
 301 0790 A115AA90 		.ascii	"\241\025\252\220\"\000R\020p\224/\342a\321\343Et\210"
 301      22005210 
 301      70942FE2 
 301      61D1E345 
 301      7488
 302 07a2 03DA8BE6 		.ascii	"\003\332\213\346\243\305^H\025\000\251\010HC@\317\305"
 302      A3C55E48 
 302      1500A908 
 302      484340CF 
 302      C5
 303 07b3 F2120F3A 		.ascii	"\362\022\017:\255\2241\2510\321E\254B\272@HGB\006\022"
 303      AD9431A9 
 303      30D145AC 
 303      42BA4048 
 303      47420612 
 304 07c7 8A93FBD2 		.ascii	"\212\223\373\322\\h\2543\357"
 304      5C68AC33 
 304      EF
 305 07d0 A6A3E79F 		.ascii	"\246\243\347\237\232\3528eU\206L\001\221\211\210,Dd"
 305      9AEA3865 
 305      55864C01 
 305      9189882C 
 305      4464
 306 07e2 3E4CA922 		.ascii	">L\251\"4\213#\362\242\012\322\3052d\013\200l\004\034"
 306      348B23F2 
 306      A20AD2C5 
 306      32640B80 
 306      6C041C
 307 07f5 43C0704C 		.ascii	"C\300pLw\0274\003\007\224\017\357;%6\303q\001p\034\001"
 307      77173403 
 307      07940FEF 
 307      3B2536C3 
 307      7101701C 
 308 080a 27109036 		.ascii	"'\020\2206\361!\022\232\201\003\3462\207&\0344C\216"
 308      F121129A 
 308      8103E632 
 308      87261C34 
 308      438E
 309 081c 40C841C2 		.ascii	"@\310A\302I\236B\361\2311\255\365\037\340n\253?v\022"
 309      499E42F1 
 309      9931ADF5 
 309      1FE06EAB 
 309      3F7612
 310 082f C955E11F 		.ascii	"\311U\341\037`v\007\343\2313\345#\256\326\306\354O\211"
 310      607607E3 
 310      9933E523 
 310      AED6C6EC 
 310      4F89
 311 0841 C5F89462 		.ascii	"\305\370\224b|\012\215[\036\346_T\233\214c\027\372k"
ARM GAS  /tmp/ccHpa4HT.s 			page 24


 311      7C0A8D5B 
 311      1EE65F54 
 311      9B8C6317 
 311      FA6B
 312 0853 4D4E8393 		.ascii	"MN\203\223\273\301\340\037\022\032`\010\014\0164\252"
 312      BBC1E01F 
 312      121A6008 
 312      0C0E34AA 
 313 0863 7707F8FD 		.ascii	"w\007\370\375\323u\313\037\377\266j\263\257\257\364"
 313      D375CB1F 
 313      FFB66AB3 
 313      AFAFF4
 314 0872 5B1F1FFD 		.ascii	"[\037\037\375\346\035\201\333\002\177\370\213>$L\357"
 314      E61D81DB 
 314      027FF88B 
 314      3E244CEF 
 315 0882 1FB27367 		.ascii	"\037\262sgH\260>\314\350\027j\014\337\245\377\375\237"
 315      48B03ECC 
 315      E8176A0C 
 315      DFA5FFFD 
 315      9F
 316 0893 BFDFFCFD 		.ascii	"\277\337\374\375\0366\273+0( 4L\277e\363f\275\177\250"
 316      1E36BB2B 
 316      30282034 
 316      4CBF65F3 
 316      66BD7FA8 
 317 08a7 D1D7C75F 		.ascii	"\321\327\307_\322\032\014\001~\241A{\021\012\001\202"
 317      D21A0C01 
 317      7EA1417B 
 317      110A0182 
 318 08b7 FC8C3C80 		.ascii	"\374\214<\200\207\301\260=\340\357~\341AFC\300\236@"
 318      87C1B03D 
 318      E0EF7EE1 
 318      414643C0 
 318      9E40
 319 08c9 A36B3044 		.ascii	"\243k0D6\206\207\006/6\340kC\250\337N\203_h\200_\230"
 319      36868706 
 319      2F36E06B 
 319      43A8DF4E 
 319      835F6880 
 320 08df 9BF949E3 		.ascii	"\233\371I\343\037\004,|\326\030\014\341\201\301\306"
 320      1F042C7C 
 320      D6180CE1 
 320      81C1C6
 321 08ee 756B0DC6 		.ascii	"uk\015\306o\364\341a\241\372\300`\377\240\360\355\001"
 321      6FF4E161 
 321      A1FAC060 
 321      FFA0F0ED 
 321      01
 322 08ff FAE080DD 		.ascii	"\372\340\200\335A\201\333\364;\375\374w\004\006\007"
 322      4181DBF4 
 322      3BFDFC77 
 322      040607
 323 090e E8CD318C 		.ascii	"\350\3151\214{w\005\204\371\354\220\\Mn\253\035\271"
 323      7B770584 
 323      F9EC905C 
 323      4D6EAB1D 
ARM GAS  /tmp/ccHpa4HT.s 			page 25


 323      B9
 324 091f 85ED0DD3 		.ascii	"\205\355\015\323\033\302\214\333\301\006l\3350\021\026"
 324      1BC28CDB 
 324      C1066CDD 
 324      301116
 325 092e CE039F8C 		.ascii	"\316\003\237\214\001{\370P\033\034b0\277\323\261\374"
 325      017BF850 
 325      1B1C6230 
 325      BFD3B1FC 
 326 093e CC2383D1 		.ascii	"\314#\203\321\323\300r\377\265\301\342bXd=e\360PF|5"
 326      D3C072FF 
 326      B5C1E262 
 326      58643D65 
 326      F050467C 
 327 0953 069D320C 		.ascii	"\006\2352\014\016\341\257\271\277\257\350\357k\343\357"
 327      0EE1AFB9 
 327      BFAFE8EF 
 327      6BE3EF
 328 0962 6BEBEF6B 		.ascii	"k\353\357k\347\277V\364_k\343\277\326\326\177\255\235"
 328      E7BF56F4 
 328      5F6BE3BF 
 328      D6D67FAD 
 328      9D
 329 0973 FF3AD17F 		.ascii	"\377:\321\177\235\215\377:[\377uv\376\353E\377\3656"
 329      9D8DFF3A 
 329      5BFF7576 
 329      FEEB45FF 
 329      F536
 330 0985 FEEB6DFD 		.ascii	"\376\353m\375\327\333\371o\020\3757\330\370o\260\365"
 330      D7DBF96F 
 330      10FD37D8 
 330      F86FB0F5 
 331 0995 DF60E7BF 		.ascii	"\337`\347\277Q\364\337h\343\277\321\326\177\243\235"
 331      51F4DF68 
 331      E3BFD1D6 
 331      7FA39D
 332 09a4 FF26D17F 		.ascii	"\377&\321\177\223\215\377&[\377Mf\377\377\002 6A\035"
 332      938DFF26 
 332      5BFF4D66 
 332      FFFF0220 
 332      36411D
 333              		.text
 334              		.section	.gnu.lto_.symtab.e72a452f45d91d65,"",%progbits
 335 0000 5F5F636F 		.ascii	"__core_init\000"
 335      72655F69 
 335      6E697400 
 336 000c 00       		.ascii	"\000"
 337 000d 01       		.ascii	"\001"
 338 000e 00       		.ascii	"\000"
 339 000f 00000000 		.ascii	"\000\000\000\000\000\000\000\000"
 339      00000000 
 340 0017 B0000000 		.ascii	"\260\000\000\000"
 341 001b 5F5F6561 		.ascii	"__early_init\000"
 341      726C795F 
 341      696E6974 
 341      00
 342 0028 00       		.ascii	"\000"
ARM GAS  /tmp/ccHpa4HT.s 			page 26


 343 0029 01       		.ascii	"\001"
 344 002a 00       		.ascii	"\000"
 345 002b 00000000 		.ascii	"\000\000\000\000\000\000\000\000"
 345      00000000 
 346 0033 B3000000 		.ascii	"\263\000\000\000"
 347 0037 5F5F6C61 		.ascii	"__late_init\000"
 347      74655F69 
 347      6E697400 
 348 0043 00       		.ascii	"\000"
 349 0044 01       		.ascii	"\001"
 350 0045 00       		.ascii	"\000"
 351 0046 00000000 		.ascii	"\000\000\000\000\000\000\000\000"
 351      00000000 
 352 004e B6000000 		.ascii	"\266\000\000\000"
 353 0052 5F5F6465 		.ascii	"__default_exit\000"
 353      6661756C 
 353      745F6578 
 353      697400
 354 0061 00       		.ascii	"\000"
 355 0062 01       		.ascii	"\001"
 356 0063 00       		.ascii	"\000"
 357 0064 00000000 		.ascii	"\000\000\000\000\000\000\000\000"
 357      00000000 
 358 006c BB000000 		.ascii	"\273\000\000\000"
 359 0070 5F5F696E 		.ascii	"__init_ram_areas\000"
 359      69745F72 
 359      616D5F61 
 359      72656173 
 359      00
 360 0081 00       		.ascii	"\000"
 361 0082 00       		.ascii	"\000"
 362 0083 00       		.ascii	"\000"
 363 0084 00000000 		.ascii	"\000\000\000\000\000\000\000\000"
 363      00000000 
 364 008c BD000000 		.ascii	"\275\000\000\000"
 365 0090 5F5F7261 		.ascii	"__ram0_init_text__\000"
 365      6D305F69 
 365      6E69745F 
 365      74657874 
 365      5F5F00
 366 00a3 00       		.ascii	"\000"
 367 00a4 02       		.ascii	"\002"
 368 00a5 00       		.ascii	"\000"
 369 00a6 00000000 		.ascii	"\000\000\000\000\000\000\000\000"
 369      00000000 
 370 00ae E3000000 		.ascii	"\343\000\000\000"
 371 00b2 5F5F7261 		.ascii	"__ram0_init__\000"
 371      6D305F69 
 371      6E69745F 
 371      5F00
 372 00c0 00       		.ascii	"\000"
 373 00c1 02       		.ascii	"\002"
 374 00c2 00       		.ascii	"\000"
 375 00c3 00000000 		.ascii	"\000\000\000\000\000\000\000\000"
 375      00000000 
 376 00cb E5000000 		.ascii	"\345\000\000\000"
 377 00cf 5F5F7261 		.ascii	"__ram0_clear__\000"
ARM GAS  /tmp/ccHpa4HT.s 			page 27


 377      6D305F63 
 377      6C656172 
 377      5F5F00
 378 00de 00       		.ascii	"\000"
 379 00df 02       		.ascii	"\002"
 380 00e0 00       		.ascii	"\000"
 381 00e1 00000000 		.ascii	"\000\000\000\000\000\000\000\000"
 381      00000000 
 382 00e9 E7000000 		.ascii	"\347\000\000\000"
 383 00ed 5F5F7261 		.ascii	"__ram0_noinit__\000"
 383      6D305F6E 
 383      6F696E69 
 383      745F5F00 
 384 00fd 00       		.ascii	"\000"
 385 00fe 02       		.ascii	"\002"
 386 00ff 00       		.ascii	"\000"
 387 0100 00000000 		.ascii	"\000\000\000\000\000\000\000\000"
 387      00000000 
 388 0108 E9000000 		.ascii	"\351\000\000\000"
 389 010c 5F5F7261 		.ascii	"__ram1_init_text__\000"
 389      6D315F69 
 389      6E69745F 
 389      74657874 
 389      5F5F00
 390 011f 00       		.ascii	"\000"
 391 0120 02       		.ascii	"\002"
 392 0121 00       		.ascii	"\000"
 393 0122 00000000 		.ascii	"\000\000\000\000\000\000\000\000"
 393      00000000 
 394 012a EB000000 		.ascii	"\353\000\000\000"
 395 012e 5F5F7261 		.ascii	"__ram1_init__\000"
 395      6D315F69 
 395      6E69745F 
 395      5F00
 396 013c 00       		.ascii	"\000"
 397 013d 02       		.ascii	"\002"
 398 013e 00       		.ascii	"\000"
 399 013f 00000000 		.ascii	"\000\000\000\000\000\000\000\000"
 399      00000000 
 400 0147 ED000000 		.ascii	"\355\000\000\000"
 401 014b 5F5F7261 		.ascii	"__ram1_clear__\000"
 401      6D315F63 
 401      6C656172 
 401      5F5F00
 402 015a 00       		.ascii	"\000"
 403 015b 02       		.ascii	"\002"
 404 015c 00       		.ascii	"\000"
 405 015d 00000000 		.ascii	"\000\000\000\000\000\000\000\000"
 405      00000000 
 406 0165 EF000000 		.ascii	"\357\000\000\000"
 407 0169 5F5F7261 		.ascii	"__ram1_noinit__\000"
 407      6D315F6E 
 407      6F696E69 
 407      745F5F00 
 408 0179 00       		.ascii	"\000"
 409 017a 02       		.ascii	"\002"
 410 017b 00       		.ascii	"\000"
ARM GAS  /tmp/ccHpa4HT.s 			page 28


 411 017c 00000000 		.ascii	"\000\000\000\000\000\000\000\000"
 411      00000000 
 412 0184 F1000000 		.ascii	"\361\000\000\000"
 413 0188 5F5F7261 		.ascii	"__ram2_init_text__\000"
 413      6D325F69 
 413      6E69745F 
 413      74657874 
 413      5F5F00
 414 019b 00       		.ascii	"\000"
 415 019c 02       		.ascii	"\002"
 416 019d 00       		.ascii	"\000"
 417 019e 00000000 		.ascii	"\000\000\000\000\000\000\000\000"
 417      00000000 
 418 01a6 F3000000 		.ascii	"\363\000\000\000"
 419 01aa 5F5F7261 		.ascii	"__ram2_init__\000"
 419      6D325F69 
 419      6E69745F 
 419      5F00
 420 01b8 00       		.ascii	"\000"
 421 01b9 02       		.ascii	"\002"
 422 01ba 00       		.ascii	"\000"
 423 01bb 00000000 		.ascii	"\000\000\000\000\000\000\000\000"
 423      00000000 
 424 01c3 F5000000 		.ascii	"\365\000\000\000"
 425 01c7 5F5F7261 		.ascii	"__ram2_clear__\000"
 425      6D325F63 
 425      6C656172 
 425      5F5F00
 426 01d6 00       		.ascii	"\000"
 427 01d7 02       		.ascii	"\002"
 428 01d8 00       		.ascii	"\000"
 429 01d9 00000000 		.ascii	"\000\000\000\000\000\000\000\000"
 429      00000000 
 430 01e1 F7000000 		.ascii	"\367\000\000\000"
 431 01e5 5F5F7261 		.ascii	"__ram2_noinit__\000"
 431      6D325F6E 
 431      6F696E69 
 431      745F5F00 
 432 01f5 00       		.ascii	"\000"
 433 01f6 02       		.ascii	"\002"
 434 01f7 00       		.ascii	"\000"
 435 01f8 00000000 		.ascii	"\000\000\000\000\000\000\000\000"
 435      00000000 
 436 0200 F9000000 		.ascii	"\371\000\000\000"
 437 0204 5F5F7261 		.ascii	"__ram3_init_text__\000"
 437      6D335F69 
 437      6E69745F 
 437      74657874 
 437      5F5F00
 438 0217 00       		.ascii	"\000"
 439 0218 02       		.ascii	"\002"
 440 0219 00       		.ascii	"\000"
 441 021a 00000000 		.ascii	"\000\000\000\000\000\000\000\000"
 441      00000000 
 442 0222 FB000000 		.ascii	"\373\000\000\000"
 443 0226 5F5F7261 		.ascii	"__ram3_init__\000"
 443      6D335F69 
ARM GAS  /tmp/ccHpa4HT.s 			page 29


 443      6E69745F 
 443      5F00
 444 0234 00       		.ascii	"\000"
 445 0235 02       		.ascii	"\002"
 446 0236 00       		.ascii	"\000"
 447 0237 00000000 		.ascii	"\000\000\000\000\000\000\000\000"
 447      00000000 
 448 023f FD000000 		.ascii	"\375\000\000\000"
 449 0243 5F5F7261 		.ascii	"__ram3_clear__\000"
 449      6D335F63 
 449      6C656172 
 449      5F5F00
 450 0252 00       		.ascii	"\000"
 451 0253 02       		.ascii	"\002"
 452 0254 00       		.ascii	"\000"
 453 0255 00000000 		.ascii	"\000\000\000\000\000\000\000\000"
 453      00000000 
 454 025d FF000000 		.ascii	"\377\000\000\000"
 455 0261 5F5F7261 		.ascii	"__ram3_noinit__\000"
 455      6D335F6E 
 455      6F696E69 
 455      745F5F00 
 456 0271 00       		.ascii	"\000"
 457 0272 02       		.ascii	"\002"
 458 0273 00       		.ascii	"\000"
 459 0274 00000000 		.ascii	"\000\000\000\000\000\000\000\000"
 459      00000000 
 460 027c 01010000 		.ascii	"\001\001\000\000"
 461 0280 5F5F7261 		.ascii	"__ram4_init_text__\000"
 461      6D345F69 
 461      6E69745F 
 461      74657874 
 461      5F5F00
 462 0293 00       		.ascii	"\000"
 463 0294 02       		.ascii	"\002"
 464 0295 00       		.ascii	"\000"
 465 0296 00000000 		.ascii	"\000\000\000\000\000\000\000\000"
 465      00000000 
 466 029e 03010000 		.ascii	"\003\001\000\000"
 467 02a2 5F5F7261 		.ascii	"__ram4_init__\000"
 467      6D345F69 
 467      6E69745F 
 467      5F00
 468 02b0 00       		.ascii	"\000"
 469 02b1 02       		.ascii	"\002"
 470 02b2 00       		.ascii	"\000"
 471 02b3 00000000 		.ascii	"\000\000\000\000\000\000\000\000"
 471      00000000 
 472 02bb 05010000 		.ascii	"\005\001\000\000"
 473 02bf 5F5F7261 		.ascii	"__ram4_clear__\000"
 473      6D345F63 
 473      6C656172 
 473      5F5F00
 474 02ce 00       		.ascii	"\000"
 475 02cf 02       		.ascii	"\002"
 476 02d0 00       		.ascii	"\000"
 477 02d1 00000000 		.ascii	"\000\000\000\000\000\000\000\000"
ARM GAS  /tmp/ccHpa4HT.s 			page 30


 477      00000000 
 478 02d9 07010000 		.ascii	"\007\001\000\000"
 479 02dd 5F5F7261 		.ascii	"__ram4_noinit__\000"
 479      6D345F6E 
 479      6F696E69 
 479      745F5F00 
 480 02ed 00       		.ascii	"\000"
 481 02ee 02       		.ascii	"\002"
 482 02ef 00       		.ascii	"\000"
 483 02f0 00000000 		.ascii	"\000\000\000\000\000\000\000\000"
 483      00000000 
 484 02f8 09010000 		.ascii	"\011\001\000\000"
 485 02fc 5F5F7261 		.ascii	"__ram5_init_text__\000"
 485      6D355F69 
 485      6E69745F 
 485      74657874 
 485      5F5F00
 486 030f 00       		.ascii	"\000"
 487 0310 02       		.ascii	"\002"
 488 0311 00       		.ascii	"\000"
 489 0312 00000000 		.ascii	"\000\000\000\000\000\000\000\000"
 489      00000000 
 490 031a 0B010000 		.ascii	"\013\001\000\000"
 491 031e 5F5F7261 		.ascii	"__ram5_init__\000"
 491      6D355F69 
 491      6E69745F 
 491      5F00
 492 032c 00       		.ascii	"\000"
 493 032d 02       		.ascii	"\002"
 494 032e 00       		.ascii	"\000"
 495 032f 00000000 		.ascii	"\000\000\000\000\000\000\000\000"
 495      00000000 
 496 0337 0D010000 		.ascii	"\015\001\000\000"
 497 033b 5F5F7261 		.ascii	"__ram5_clear__\000"
 497      6D355F63 
 497      6C656172 
 497      5F5F00
 498 034a 00       		.ascii	"\000"
 499 034b 02       		.ascii	"\002"
 500 034c 00       		.ascii	"\000"
 501 034d 00000000 		.ascii	"\000\000\000\000\000\000\000\000"
 501      00000000 
 502 0355 0F010000 		.ascii	"\017\001\000\000"
 503 0359 5F5F7261 		.ascii	"__ram5_noinit__\000"
 503      6D355F6E 
 503      6F696E69 
 503      745F5F00 
 504 0369 00       		.ascii	"\000"
 505 036a 02       		.ascii	"\002"
 506 036b 00       		.ascii	"\000"
 507 036c 00000000 		.ascii	"\000\000\000\000\000\000\000\000"
 507      00000000 
 508 0374 11010000 		.ascii	"\021\001\000\000"
 509 0378 5F5F7261 		.ascii	"__ram6_init_text__\000"
 509      6D365F69 
 509      6E69745F 
 509      74657874 
ARM GAS  /tmp/ccHpa4HT.s 			page 31


 509      5F5F00
 510 038b 00       		.ascii	"\000"
 511 038c 02       		.ascii	"\002"
 512 038d 00       		.ascii	"\000"
 513 038e 00000000 		.ascii	"\000\000\000\000\000\000\000\000"
 513      00000000 
 514 0396 13010000 		.ascii	"\023\001\000\000"
 515 039a 5F5F7261 		.ascii	"__ram6_init__\000"
 515      6D365F69 
 515      6E69745F 
 515      5F00
 516 03a8 00       		.ascii	"\000"
 517 03a9 02       		.ascii	"\002"
 518 03aa 00       		.ascii	"\000"
 519 03ab 00000000 		.ascii	"\000\000\000\000\000\000\000\000"
 519      00000000 
 520 03b3 15010000 		.ascii	"\025\001\000\000"
 521 03b7 5F5F7261 		.ascii	"__ram6_clear__\000"
 521      6D365F63 
 521      6C656172 
 521      5F5F00
 522 03c6 00       		.ascii	"\000"
 523 03c7 02       		.ascii	"\002"
 524 03c8 00       		.ascii	"\000"
 525 03c9 00000000 		.ascii	"\000\000\000\000\000\000\000\000"
 525      00000000 
 526 03d1 17010000 		.ascii	"\027\001\000\000"
 527 03d5 5F5F7261 		.ascii	"__ram6_noinit__\000"
 527      6D365F6E 
 527      6F696E69 
 527      745F5F00 
 528 03e5 00       		.ascii	"\000"
 529 03e6 02       		.ascii	"\002"
 530 03e7 00       		.ascii	"\000"
 531 03e8 00000000 		.ascii	"\000\000\000\000\000\000\000\000"
 531      00000000 
 532 03f0 19010000 		.ascii	"\031\001\000\000"
 533 03f4 5F5F7261 		.ascii	"__ram7_init_text__\000"
 533      6D375F69 
 533      6E69745F 
 533      74657874 
 533      5F5F00
 534 0407 00       		.ascii	"\000"
 535 0408 02       		.ascii	"\002"
 536 0409 00       		.ascii	"\000"
 537 040a 00000000 		.ascii	"\000\000\000\000\000\000\000\000"
 537      00000000 
 538 0412 1B010000 		.ascii	"\033\001\000\000"
 539 0416 5F5F7261 		.ascii	"__ram7_init__\000"
 539      6D375F69 
 539      6E69745F 
 539      5F00
 540 0424 00       		.ascii	"\000"
 541 0425 02       		.ascii	"\002"
 542 0426 00       		.ascii	"\000"
 543 0427 00000000 		.ascii	"\000\000\000\000\000\000\000\000"
 543      00000000 
ARM GAS  /tmp/ccHpa4HT.s 			page 32


 544 042f 1D010000 		.ascii	"\035\001\000\000"
 545 0433 5F5F7261 		.ascii	"__ram7_clear__\000"
 545      6D375F63 
 545      6C656172 
 545      5F5F00
 546 0442 00       		.ascii	"\000"
 547 0443 02       		.ascii	"\002"
 548 0444 00       		.ascii	"\000"
 549 0445 00000000 		.ascii	"\000\000\000\000\000\000\000\000"
 549      00000000 
 550 044d 1F010000 		.ascii	"\037\001\000\000"
 551 0451 5F5F7261 		.ascii	"__ram7_noinit__\000"
 551      6D375F6E 
 551      6F696E69 
 551      745F5F00 
 552 0461 00       		.ascii	"\000"
 553 0462 02       		.ascii	"\002"
 554 0463 00       		.ascii	"\000"
 555 0464 00000000 		.ascii	"\000\000\000\000\000\000\000\000"
 555      00000000 
 556 046c 21010000 		.ascii	"!\001\000\000"
 557              		.text
 558              		.section	.gnu.lto_.opts,"",%progbits
 559 0000 272D666D 		.ascii	"'-fmath-errno' '-fsigned-zeros' '-ftrapping-math' '"
 559      6174682D 
 559      6572726E 
 559      6F272027 
 559      2D667369 
 560 0033 2D666E6F 		.ascii	"-fno-trapv' '-fno-strict-overflow' '-fno-openmp' '-"
 560      2D747261 
 560      70762720 
 560      272D666E 
 560      6F2D7374 
 561 0066 666E6F2D 		.ascii	"fno-openacc' '-mcpu=cortex-m4' '-mfloat-abi=hard' '"
 561      6F70656E 
 561      61636327 
 561      20272D6D 
 561      6370753D 
 562 0099 2D6D6670 		.ascii	"-mfpu=fpv4-sp-d16' '-mno-thumb-interwork' '-mthumb'"
 562      753D6670 
 562      76342D73 
 562      702D6431 
 562      36272027 
 563 00cc 20272D67 		.ascii	" '-ggdb' '-O' '-fomit-frame-pointer' '-falign-funct"
 563      67646227 
 563      20272D4F 
 563      2720272D 
 563      666F6D69 
 564 00ff 696F6E73 		.ascii	"ions=16' '-ffunction-sections' '-fdata-sections' '-"
 564      3D313627 
 564      20272D66 
 564      66756E63 
 564      74696F6E 
 565 0132 666E6F2D 		.ascii	"fno-common' '-flto'\000"
 565      636F6D6D 
 565      6F6E2720 
 565      272D666C 
ARM GAS  /tmp/ccHpa4HT.s 			page 33


 565      746F2700 
 566              		.text
 567              		.comm	__gnu_lto_v1,1,1
 568              		.comm	__gnu_lto_slim,1,1
 569              		.ident	"GCC: (15:6.3.1+svn253039-1build1) 6.3.1 20170620"
ARM GAS  /tmp/ccHpa4HT.s 			page 34


DEFINED SYMBOLS
                            *ABS*:0000000000000000 crt1.c
                            *COM*:0000000000000001 __gnu_lto_v1
                            *COM*:0000000000000001 __gnu_lto_slim

NO UNDEFINED SYMBOLS
