ARM GAS  /tmp/cc7MWTmX.s 			page 1


   1              		.cpu cortex-m4
   2              		.eabi_attribute 27, 1
   3              		.eabi_attribute 28, 1
   4              		.eabi_attribute 20, 1
   5              		.eabi_attribute 21, 1
   6              		.eabi_attribute 23, 3
   7              		.eabi_attribute 24, 1
   8              		.eabi_attribute 25, 1
   9              		.eabi_attribute 26, 1
  10              		.eabi_attribute 30, 1
  11              		.eabi_attribute 34, 1
  12              		.eabi_attribute 18, 4
  13              		.file	"hal.c"
  14              		.text
  15              	.Ltext0:
  16              		.section	.gnu.lto_.profile.354067086fd7424c,"",%progbits
  17 0000 789C6365 		.ascii	"x\234ce`b`a```d\010\342\004\000\001-\000h"
  17      60626061 
  17      60606064 
  17      08E20400 
  17      012D0068 
  18              		.text
  19              		.section	.gnu.lto_.inline.354067086fd7424c,"",%progbits
  20 0000 789C6365 		.ascii	"x\234ce`b\260e@\000F\006\006\356K@\222\011\310f[ \317"
  20      6062B065 
  20      40004606 
  20      06EE4B40 
  20      9209C866 
  21 0017 0416E322 		.ascii	"\004\026\343\"\216`\000\000r\336\002E"
  21      8E600000 
  21      72DE0245 
  22              		.text
  23              		.section	.gnu.lto_.jmpfuncs.354067086fd7424c,"",%progbits
  24 0000 789C6365 		.ascii	"x\234ce`b\340e@\000F$6\003\000\0026\000\026"
  24      6062E065 
  24      40004624 
  24      36030002 
  24      360016
  25              		.text
  26              		.section	.gnu.lto_.pureconst.354067086fd7424c,"",%progbits
  27 0000 789C6365 		.ascii	"x\234ce`b`f```d\220\000\000\000\204\000$"
  27      60626066 
  27      60606064 
  27      90000000 
  27      840024
  28              		.text
  29              		.section	.gnu.lto_halInit.354067086fd7424c,"",%progbits
  30 0000 789C75D0 		.ascii	"x\234u\320\273J\003A\024\006\340\377\237I6\213xi\264"
  30      BB4A0341 
  30      1406E0FF 
  30      9F49368B 
  30      7869B4
  31 0013 90887D9A 		.ascii	"\220\210}\232\335\207\260\263\261\360\0114M\002\202"
  31      DD87B0B3 
  31      B1F00934 
  31      4D0282
  32 0022 601E6047 		.ascii	"`\036`G-\002\261\320&\204T\033l\222x\213)\027,\026\037"
ARM GAS  /tmp/cc7MWTmX.s 			page 2


  32      2D02B1D0 
  32      2684541B 
  32      6C92788B 
  32      29172C16 
  33 0037 C0C2D6CA 		.ascii	"\300\302\326\312\0136*\230Z\022=\243\026Sl\016\034f"
  33      0B362A98 
  33      5A123DA3 
  33      16536C0E 
  33      1C66
  34 0049 98F9383F 		.ascii	"\230\3718?\234<\024n\010\254\002(JS\203\352\344\016"
  34      9C3C146E 
  34      08AC0228 
  34      4A5383EA 
  34      E40E
  35 005b D8F71569 		.ascii	"\330\367\025i/\306'\"\305\210\307\272\245y[\177MT\251"
  35      2FC62722 
  35      C588C7BA 
  35      A5795B7F 
  35      4D54A9
  36 006e 6BA4D2D6 		.ascii	"k\244\322\326\347\262\351\245\2145\320\226\266\305."
  36      E7B2E9A5 
  36      8C35D096 
  36      B6C52E
  37 007d 4B10F634 		.ascii	"K\020\3664\2344\347\274\334\337;{\364$\002\203{\246"
  37      9C34E7BC 
  37      DCDF3B7B 
  37      F4240283 
  37      7BA6
  38 008f 66F25D37 		.ascii	"f\362]7\351\313)G\3533@C\276m\306\221V\366\324o<\354"
  38      E9CB2947 
  38      EB334043 
  38      BE6DC691 
  38      56F6D46F 
  39 00a5 7C15ADB7 		.ascii	"|\025\255\267C\222\344\375\241\020\215\215\037k\266"
  39      4392E4FD 
  39      A1108D8D 
  39      1F6BB6
  40 00b4 B54C609F 		.ascii	"\265L`\237\021b\261\326\365g\263\235\022w\346\270\307"
  40      1162B1D6 
  40      F567B39D 
  40      1277E6B8 
  40      C7
  41 00c5 294EA279 		.ascii	")N\242y\356\270\321|\266\313\211\273ps\027\262]^\334"
  41      EEB8D17C 
  41      B6CB89BB 
  41      707317B2 
  41      5D5EDC
  42 00d8 A5E3868B 		.ascii	"\245\343\206\213\331\316\023w\345\270\361\024W\0207"
  42      D9CE1377 
  42      E5B8F114 
  42      571037
  43 00e7 705CB294 		.ascii	"p\\\262\224\355|q\327\377\356\203\007\235\347&\177\241"
  43      ED7C71D7 
  43      FFEE8307 
  43      9DE7267F 
  43      A1
  44 00f8 AD866C4D 		.ascii	"\255\206lM\366*+Y\011\202p\255R\335\256nl\206\273\265"
ARM GAS  /tmp/cc7MWTmX.s 			page 3


  44      F62A2B59 
  44      098270AD 
  44      52DDAE6E 
  44      6C86BBB5 
  45 010c B0B2B513 		.ascii	"\260\262\265\023\326\366\312\366\014\312\370\001\303"
  45      D6F6CAF6 
  45      0CCAF801 
  45      C3
  46 0119 DB9947   		.ascii	"\333\231G"
  47              		.text
  48              		.section	.gnu.lto_.symbol_nodes.354067086fd7424c,"",%progbits
  49 0000 789C55C8 		.ascii	"x\234U\310\273\015\3020\024F\341\343\337q\222-X\005"
  49      BB0DC230 
  49      1446E1E3 
  49      DF71922D 
  49      5805
  50 0012 26BB2E22 		.ascii	"&\273.\"j\206\310\022\204\267\224\232\011(@J\311\014"
  50      6A86C812 
  50      84B7949A 
  50      0928404A 
  50      C90C
  51 0024 08732B7C 		.ascii	"\010s+|\232#}\011\361\240\244\275\014vw(\233\362\006"
  51      9A237D09 
  51      F1A0A4BD 
  51      0C767728 
  51      9BF206
  52 0037 C24D165C 		.ascii	"\302M\026\\ \347u\201\253L\025\\d\261\202\263\254\251"
  52      20E77581 
  52      AB4C155C 
  52      64B182B3 
  52      ACA9
  53 0049 E0244B15 		.ascii	"\340$K\025\034em\005\007YW\301$\353\377!\3223>?!\322"
  53      1C656D05 
  53      075957C1 
  53      24EBFF21 
  53      D2333E3F 
  54 005f 31FB5B16 		.ascii	"1\373[\026\177bx\375\3360\372#\263_,\376\300\260}\257"
  54      7F6278FD 
  54      DE30FA23 
  54      B35F2CFE 
  54      C0B07DAF 
  55 0073 F8027B34 		.ascii	"\370\002{49\022"
  55      3912
  56              		.text
  57              		.section	.gnu.lto_.refs.354067086fd7424c,"",%progbits
  58 0000 789C6365 		.ascii	"x\234ce`b`d\000\002\000\000I\000\011"
  58      60626064 
  58      00020000 
  58      490009
  59              		.text
  60              		.section	.gnu.lto_.decls.354067086fd7424c,"",%progbits
  61 0000 789C8D92 		.ascii	"x\234\215\222kH\024Q\024\307\347\354\365\265\353\232"
  61      6B481451 
  61      14C7E7EC 
  61      F5B5EB9A 
  62 0010 12111212 		.ascii	"\022\021\022\022bAB\261\353#\352k\240i\202\245\244\011"
  62      624142B1 
ARM GAS  /tmp/cc7MWTmX.s 			page 4


  62      EB23EA6B 
  62      A06982A5 
  62      A409
  63 0022 11B1E8AE 		.ascii	"\021\261\350\256\264\013\213\212k%\364e|P!\241\026\345"
  63      B40B8B8A 
  63      6B25F465 
  63      7C5021A1 
  63      16E5
  64 0034 0B2B4124 		.ascii	"\013+A$\265\365\265\276\327\327J\032\224\232%\210\037"
  64      B5F5B5BE 
  64      D7D74A1A 
  64      949A2588 
  64      1F
  65 0045 52571445 		.ascii	"RW\024EJ\312\010\312\300\2603w\346\316l\011\346e\317"
  65      4ACA08CA 
  65      C0B03377 
  65      E6CE6C09 
  65      E665CF
  66 0058 9C7BE7FE 		.ascii	"\234{\347\376\177\377s\317\354\365\346T\234\306\213"
  66      7FFF73CF 
  66      ECF5E654 
  66      9CC68B
  67 0067 E3E680E3 		.ascii	"\343\346\200\343\2528\216\333\301\241\302\334\302)C"
  67      AA388EDB 
  67      C1A1C2DC 
  67      C22943
  68 0076 8DD18AD1 		.ascii	"\215\321\212\321\216\341\300\350\302\350\301\350\303"
  68      8EE1C0E8 
  68      C2E8C1E8 
  68      C3
  69 0083 70620C62 		.ascii	"pb\014b\014s\273\307u\364$\230\3230F=<\231\337\260\304"
  69      0C73BBC7 
  69      75F42498 
  69      D330463D 
  69      3C99DFB0 
  70 0098 3A25AF1E 		.ascii	":%\257\036\311\333!\325\372wT\022\370\335\326U\342\277"
  70      C9DB21D5 
  70      FA775412 
  70      F8DDD655 
  70      E2BF
  71 00aa 08F380D6 		.ascii	"\010\363\200\326\020\0044\001\335\304\004R\246M\320"
  71      10043401 
  71      DDC40452 
  71      A64DD0
  72 00b9 216F838A 		.ascii	"!o\203\212>iPH\024\213\023\272VI^L(\376\230\310\323"
  72      3E695048 
  72      148B13BA 
  72      56495E4C 
  72      28FE98C8 
  73 00ce 5146E5C1 		.ascii	"QF\345\301\336\301\337\226\270\243\002\371\005\200'"
  73      DEC1DF96 
  73      B8A302F9 
  73      058027
  74 00dd E06108EC 		.ascii	"\340a\010\354@t\007<\013\213\247'\254\373\215\007\337"
  74      4074073C 
  74      0B8BA727 
  74      ACFB8D07 
ARM GAS  /tmp/cc7MWTmX.s 			page 5


  74      DF
  75 00ee 9F7BB961 		.ascii	"\237{\271a\001\300\237\253;\007\364\335f'\277\254!X"
  75      01C09FAB 
  75      3B07F4DD 
  75      6627BFAC 
  75      2158
  76 0100 07E7EE5F 		.ascii	"\007\347\356_\215q:;/\016\277#\312g\033\337\371\351"
  76      8D713A3B 
  76      2F0EBF23 
  76      CA671BDF 
  76      F9E9
  77 0112 0A2C2570 		.ascii	"\012,%pP\003*\\\316lN>\365\307\345!\015\004\341r\253"
  77      50032A5C 
  77      CE6C4E3E 
  77      F5C7E521 
  77      0D04E172 
  78 0127 60765413 		.ascii	"`vT\023\\A\251\">H\005i\207\301\016!\360\022B\360\004"
  78      5C41A922 
  78      3E480569 
  78      87C10E21 
  78      F01242F0 
  79 013c 2D108CCF 		.ascii	"-\020\214\317\014/\321\251\251\254wY\033V\307\327-\361"
  79      0C2FD1A9 
  79      A9AC7759 
  79      1B56C7D7 
  79      2DF1
  80 014e 2E77E1D1 		.ascii	".w\341\321\212\"\276\021\251PA\005M@\240\031t\302\261"
  80      8A22BE11 
  80      A9504105 
  80      4D40A019 
  80      74C2B1
  81 0161 718ACF46 		.ascii	"q\212\317Fp\003\274\200E\354\252\025\302\220\276\347"
  81      7003BC80 
  81      45ECAA15 
  81      C290BEE7 
  82 0171 F8E2F626 		.ascii	"\370\342\366&\021\364\260\017\035\357\227\011:-\361"
  82      11F4B00F 
  82      1DEF9709 
  82      3A2DF1
  83 0180 BC6BE7F5 		.ascii	"\274k\347\365\311\202\372\273\256dZ\015\332\024\237"
  83      C982FABB 
  83      AE645A0D 
  83      DA149F
  84 018f 36109B87 		.ascii	"6\020\233\207v\312O\256-\334!\327(\336\372d\372\253"
  84      76CA4FAE 
  84      2DDC21D7 
  84      28DEFA64 
  84      FAAB
  85 01a1 AF847FAE 		.ascii	"\257\204\177\256\215\350o\220\361\016\005\357`\270\203"
  85      8DE86F90 
  85      F10E05EF 
  85      60B883
  86 01b0 E255830B 		.ascii	"\342U\203\013\274\037\251\005j\340\352\034s\007H\006"
  86      BC1FA905 
  86      6AE0EA1C 
  86      73074806 
  87 01c0 2BF6D3D5 		.ascii	"+\366\323\325\016\276\330\233\362\235\012\337\311\370"
ARM GAS  /tmp/cc7MWTmX.s 			page 6


  87      0EBED89B 
  87      F29D0ADF 
  87      C9F8
  88 01ce 2ECA8FCD 		.ascii	".\312\217\315~\272\357M\336\210<\337<\364\230\235\177"
  88      7EBAEF4D 
  88      DE883CDF 
  88      3CF4989D 
  88      7F
  89 01df C2796A5D 		.ascii	"\302yj]\346\273\025\276\233\361=\224\237~[\277\035@"
  89      E6BB15BE 
  89      9BF13D94 
  89      9F7E5BBF 
  89      1D40
  90 01f1 7E887CC5 		.ascii	"~\210|\305\340\350\204\23250\022>)\363\275\012\337\313"
  90      E0E8849A 
  90      3530123E 
  90      29F3BD0A 
  90      DFCB
  91 0203 F83ECA97 		.ascii	"\370>\312\227V\272>\372\220\006\361\317.\037\233_\015"
  91      56BA3EFA 
  91      9006F1CF 
  91      2E1F9B5F 
  91      0D
  92 0214 64FC54F8 		.ascii	"d\374T\370\210\314\367+|?\343\235\224o\266W\257\252"
  92      88CCF72B 
  92      7C3FE39D 
  92      946FB657 
  92      AFAA
  93 0226 C98CC88F 		.ascii	"\311\214\310\217\257\255\227\262\372\257\346C\267e~"
  93      AFAD97B2 
  93      FAAFE643 
  93      B7657E
  94 0235 40E10718 		.ascii	"@\341\007\030?H\371\352ge\355\204T\021\312?\252\331"
  94      3F48F9EA 
  94      6765ED84 
  94      5411CA3F 
  94      AAD9
  95 0247 7EA762F5 		.ascii	"~\247b\3657\"\354\312\0370\244\030\0141\203aj\360\241"
  95      3722ECCA 
  95      1F30A418 
  95      0C318361 
  95      6AF0A1
  96 025a B8BD9688 		.ascii	"\270\275\226\210\367\320\013\227\337\246jV\016\210\367"
  96      F7D00B97 
  96      DFA66A56 
  96      0E88F7
  97 0269 3054B8BE 		.ascii	"0T\270\276[s\213Zm\011\317\027\362\345E\274\372\002"
  97      5B738B5A 
  97      6D09CF17 
  97      F2E545BC 
  97      FA02
  98 027b 3573E145 		.ascii	"5s\341E\034\241\027q\024\264\324J\310\276\346tkB\226"
  98      1CA11771 
  98      14B4D44A 
  98      C8BEE674 
  98      6B4296
  99 028e 25CF2FFE 		.ascii	"%\317/\376\322\225\320\230\310H.D\247\323\307\230-\031"
ARM GAS  /tmp/cc7MWTmX.s 			page 7


  99      D295D098 
  99      C8482E44 
  99      A7D3C798 
  99      2D19
 100 02a0 96A4147D 		.ascii	"\226\244\024}\266M\217\333z[\256Q\310:#\347c\313\023"
 100      B64D8FDB 
 100      7A5BAE51 
 100      C83A23E7 
 100      63CB13
 101 02b3 C4C7766B 		.ascii	"\304\307vk,YF\353MS\24607\330\362tfN\235\221\235\236"
 101      2C5946EB 
 101      4D53A630 
 101      37D8F274 
 101      664E9D91 
 102 02c9 6B12D467 		.ascii	"k\022\324gv\253\351\236M\237\222jHI\275\030\035\025"
 102      76ABE99E 
 102      4D9F926A 
 102      4849BD18 
 102      1D15
 103 02db 176D884D 		.ascii	"\027m\210MH\211IJ;\177\371\252\270\207\006\276\267M"
 103      4889494A 
 103      3B7FF9AA 
 103      B88706BE 
 103      B74D
 104 02ed 3704FCF8 		.ascii	"7\004\374\370\336\305P%\210m9\226}\210Q\205b\037\033"
 104      DEC55025 
 104      886D3996 
 104      7D885185 
 104      621F1B
 105 0300 3DD789FF 		.ascii	"=\327\211\377h3s-\3304z\247\233\214\373\360F\025\212"
 105      6833732D 
 105      D8347AA7 
 105      9B8CFBF0 
 105      46158A
 106 0313 030C3938 		.ascii	"\003\01498\267ZM\006\013\"gw#9\331\271yB\347\330\266"
 106      B75A4D06 
 106      0B226777 
 106      2339D9B9 
 106      7942E7D8 
 107 0328 3E313156 		.ascii	">11V\037\237\234\220t+\212:H$\272h\315\036&Q{\233H_"
 107      1F9F9C90 
 107      742B8A3A 
 107      4824BA68 
 107      CD1E2651 
 108 0340 303F5F6F 		.ascii	"0?_o\226\371?y\"\300\234"
 108      96F93F79 
 108      22C09C
 109              		.text
 110              		.section	.gnu.lto_.symtab.354067086fd7424c,"",%progbits
 111 0000 68616C49 		.ascii	"halInit\000"
 111      6E697400 
 112 0008 00       		.ascii	"\000"
 113 0009 00       		.ascii	"\000"
 114 000a 00       		.ascii	"\000"
 115 000b 00000000 		.ascii	"\000\000\000\000\000\000\000\000"
 115      00000000 
 116 0013 AE000000 		.ascii	"\256\000\000\000"
ARM GAS  /tmp/cc7MWTmX.s 			page 8


 117 0017 7374496E 		.ascii	"stInit\000"
 117      697400
 118 001e 00       		.ascii	"\000"
 119 001f 02       		.ascii	"\002"
 120 0020 00       		.ascii	"\000"
 121 0021 00000000 		.ascii	"\000\000\000\000\000\000\000\000"
 121      00000000 
 122 0029 B0000000 		.ascii	"\260\000\000\000"
 123 002d 626F6172 		.ascii	"boardInit\000"
 123      64496E69 
 123      7400
 124 0037 00       		.ascii	"\000"
 125 0038 02       		.ascii	"\002"
 126 0039 00       		.ascii	"\000"
 127 003a 00000000 		.ascii	"\000\000\000\000\000\000\000\000"
 127      00000000 
 128 0042 B2000000 		.ascii	"\262\000\000\000"
 129 0046 77646749 		.ascii	"wdgInit\000"
 129      6E697400 
 130 004e 00       		.ascii	"\000"
 131 004f 02       		.ascii	"\002"
 132 0050 00       		.ascii	"\000"
 133 0051 00000000 		.ascii	"\000\000\000\000\000\000\000\000"
 133      00000000 
 134 0059 B4000000 		.ascii	"\264\000\000\000"
 135 005d 73706949 		.ascii	"spiInit\000"
 135      6E697400 
 136 0065 00       		.ascii	"\000"
 137 0066 02       		.ascii	"\002"
 138 0067 00       		.ascii	"\000"
 139 0068 00000000 		.ascii	"\000\000\000\000\000\000\000\000"
 139      00000000 
 140 0070 B6000000 		.ascii	"\266\000\000\000"
 141 0074 7364496E 		.ascii	"sdInit\000"
 141      697400
 142 007b 00       		.ascii	"\000"
 143 007c 02       		.ascii	"\002"
 144 007d 00       		.ascii	"\000"
 145 007e 00000000 		.ascii	"\000\000\000\000\000\000\000\000"
 145      00000000 
 146 0086 B8000000 		.ascii	"\270\000\000\000"
 147 008a 61646349 		.ascii	"adcInit\000"
 147      6E697400 
 148 0092 00       		.ascii	"\000"
 149 0093 02       		.ascii	"\002"
 150 0094 00       		.ascii	"\000"
 151 0095 00000000 		.ascii	"\000\000\000\000\000\000\000\000"
 151      00000000 
 152 009d BA000000 		.ascii	"\272\000\000\000"
 153 00a1 5F70616C 		.ascii	"_pal_lld_init\000"
 153      5F6C6C64 
 153      5F696E69 
 153      7400
 154 00af 00       		.ascii	"\000"
 155 00b0 02       		.ascii	"\002"
 156 00b1 00       		.ascii	"\000"
 157 00b2 00000000 		.ascii	"\000\000\000\000\000\000\000\000"
ARM GAS  /tmp/cc7MWTmX.s 			page 9


 157      00000000 
 158 00ba BC000000 		.ascii	"\274\000\000\000"
 159 00be 68616C5F 		.ascii	"hal_lld_init\000"
 159      6C6C645F 
 159      696E6974 
 159      00
 160 00cb 00       		.ascii	"\000"
 161 00cc 02       		.ascii	"\002"
 162 00cd 00       		.ascii	"\000"
 163 00ce 00000000 		.ascii	"\000\000\000\000\000\000\000\000"
 163      00000000 
 164 00d6 BE000000 		.ascii	"\276\000\000\000"
 165              		.text
 166              		.section	.gnu.lto_.opts,"",%progbits
 167 0000 272D666D 		.ascii	"'-fmath-errno' '-fsigned-zeros' '-ftrapping-math' '"
 167      6174682D 
 167      6572726E 
 167      6F272027 
 167      2D667369 
 168 0033 2D666E6F 		.ascii	"-fno-trapv' '-fno-strict-overflow' '-fno-openmp' '-"
 168      2D747261 
 168      70762720 
 168      272D666E 
 168      6F2D7374 
 169 0066 666E6F2D 		.ascii	"fno-openacc' '-mcpu=cortex-m4' '-mfloat-abi=hard' '"
 169      6F70656E 
 169      61636327 
 169      20272D6D 
 169      6370753D 
 170 0099 2D6D6670 		.ascii	"-mfpu=fpv4-sp-d16' '-mno-thumb-interwork' '-mthumb'"
 170      753D6670 
 170      76342D73 
 170      702D6431 
 170      36272027 
 171 00cc 20272D67 		.ascii	" '-ggdb' '-O' '-fomit-frame-pointer' '-falign-funct"
 171      67646227 
 171      20272D4F 
 171      2720272D 
 171      666F6D69 
 172 00ff 696F6E73 		.ascii	"ions=16' '-ffunction-sections' '-fdata-sections' '-"
 172      3D313627 
 172      20272D66 
 172      66756E63 
 172      74696F6E 
 173 0132 666E6F2D 		.ascii	"fno-common' '-flto'\000"
 173      636F6D6D 
 173      6F6E2720 
 173      272D666C 
 173      746F2700 
 174              		.text
 175              		.comm	__gnu_lto_v1,1,1
 176              		.comm	__gnu_lto_slim,1,1
 177              		.ident	"GCC: (15:6.3.1+svn253039-1build1) 6.3.1 20170620"
ARM GAS  /tmp/cc7MWTmX.s 			page 10


DEFINED SYMBOLS
                            *ABS*:0000000000000000 hal.c
                            *COM*:0000000000000001 __gnu_lto_v1
                            *COM*:0000000000000001 __gnu_lto_slim

NO UNDEFINED SYMBOLS
