ARM GAS  /tmp/cckcYXhR.s 			page 1


   1              		.cpu cortex-m4
   2              		.eabi_attribute 27, 1
   3              		.eabi_attribute 28, 1
   4              		.eabi_attribute 20, 1
   5              		.eabi_attribute 21, 1
   6              		.eabi_attribute 23, 3
   7              		.eabi_attribute 24, 1
   8              		.eabi_attribute 25, 1
   9              		.eabi_attribute 26, 1
  10              		.eabi_attribute 30, 1
  11              		.eabi_attribute 34, 1
  12              		.eabi_attribute 18, 4
  13              		.file	"hal_wdg_lld.c"
  14              		.text
  15              	.Ltext0:
  16              		.section	.gnu.lto_.profile.70de2c751cfe45b0,"",%progbits
  17 0000 789C6365 		.ascii	"x\234ce`b`a```d\320U\000\000\000\372\000Z"
  17      60626061 
  17      60606064 
  17      D0550000 
  17      00FA005A 
  18              		.text
  19              		.section	.gnu.lto_.inline.70de2c751cfe45b0,"",%progbits
  20 0000 789C6365 		.ascii	"x\234ce`b\010c@\000\026\006\006V\026F\006&\226\005\362"
  20      60620863 
  20      40001606 
  20      06561646 
  20      06269605 
  21 0015 0C6C0BE4 		.ascii	"\014l\013\344\231@bL\014b\266@!\271\225\223\331\030"
  21      9940624C 
  21      0C62B640 
  21      21B99593 
  21      D918
  22 0027 F8EEAF61 		.ascii	"\370\356\257a\004\01323p\360\000\005Y;\324\031\330;"
  22      040B3233 
  22      70F00005 
  22      593BD419 
  22      D83B
  23 0039 D421EAB8 		.ascii	"\324!\352\270\031\030\030\031X!\0060\357\020\207K0\000"
  23      19181819 
  23      58210630 
  23      EF10874B 
  23      3000
  24 004b 009DD408 		.ascii	"\000\235\324\010{"
  24      7B
  25              		.text
  26              		.section	.gnu.lto_.jmpfuncs.70de2c751cfe45b0,"",%progbits
  27 0000 789C6365 		.ascii	"x\234ce`b\340g@\000\026 fb``\006R\254@\014\000\003\007"
  27      6062E067 
  27      40001620 
  27      66626060 
  27      0652AC40 
  28 0018 0025     		.ascii	"\000%"
  29              		.text
  30              		.section	.gnu.lto_.pureconst.70de2c751cfe45b0,"",%progbits
  31 0000 789C6365 		.ascii	"x\234ce`b\340d```a\220`\222b\226d\225\002\000\002\316"
  31      6062E064 
ARM GAS  /tmp/cckcYXhR.s 			page 2


  31      60606061 
  31      90609262 
  31      96649502 
  32 0017 0084     		.ascii	"\000\204"
  33              		.text
  34              		.section	.gnu.lto_wdg_lld_init.70de2c751cfe45b0,"",%progbits
  35 0000 789C8590 		.ascii	"x\234\205\220\277KBQ\024\307\317\367\335\227>\204\232"
  35      BF4B4251 
  35      14C7CFF7 
  35      DD973E84 
  35      9A
  36 0011 83FA075C 		.ascii	"\203\372\007\\\274TC4'\265\030\015\006\215\222\011)"
  36      BC544334 
  36      27B5180D 
  36      068D9209 
  36      29
  37 0022 184646B5 		.ascii	"\030FF\265y\023L\262\250\206\312~POp\260_\246\016A\322"
  37      79134CB2 
  37      A886CA7E 
  37      504F70B0 
  37      5FA60E41 
  38 0037 22D22805 		.ascii	"\"\322(\005ASK\024DEmA\223\326\275Oh\213\016\034\356"
  38      41534B14 
  38      44456D41 
  38      93D6BD4F 
  38      688B0E1C 
  39 004c E59CF3FD 		.ascii	"\345\234\363\375~\316\275-\244\321$\210\372\210\250"
  39      7ECEBD2D 
  39      A4D12488 
  39      FA88A8
  40 005b 43261841 		.ascii	"C&\030A[\277&Z04@]\204\001\212i\210a\215\245\031\252"
  40      5BBF265A 
  40      3034405D 
  40      84018A69 
  40      88618DA5 
  41 0071 C9E7B2E6 		.ascii	"\311\347\262\346\314\011\031\225\364\201mQ$\332MF\264"
  41      CC091995 
  41      F4816D51 
  41      24DA4D46 
  41      B4
  42 0082 23530572 		.ascii	"#S\005rp\222\034{,56[mz\263\216C\330$\202\012\267\250"
  42      70921C7B 
  42      2C35365B 
  42      6D7AB38E 
  42      43D82482 
  43 0099 88C67752 		.ascii	"\210\306wRTjY\\\016\350D)\331V\214e\246\251\223\275"
  43      546A595C 
  43      0EE84429 
  43      D9568C65 
  43      A6A993BD 
  44 00ad 22FEF9B2 		.ascii	"\"\376\371\262\373dW\012\351\262\225\250\336\330W\231"
  44      FB64570A 
  44      E9B295A8 
  44      DED85799 
  45 00bd C900655A 		.ascii	"\311\000eZ.\277\337\333cua\310BV\031\313\332[\355\356"
  45      2EBFDFDB 
  45      637561C8 
ARM GAS  /tmp/cckcYXhR.s 			page 3


  45      425619CB 
  45      DA5BEDEE 
  46 00d1 CA61621F 		.ascii	"\312ab\037&\323p,\267<B\247\325X\275(.\031<\257\026"
  46      26D3702C 
  46      B73C42A7 
  46      D558BD28 
  46      2E193CAF 
  47 00e6 CDF84DC6 		.ascii	"\315\370M\306p\002\023\333\326\2328\005\227\023\347"
  47      700213DB 
  47      D69A3805 
  47      9713E7
  48 00f5 C95AC9A1 		.ascii	"\311Z\311\241\334\245=\362Rf\321\367~\351\377\342\316"
  48      DCA53DF2 
  48      5266D1F7 
  48      7EE9FFE2 
  48      CE
  49 0106 FEC6E928 		.ascii	"\376\306\351(X8\365l\024\233\270\306F\275M\341t\210"
  49      5838F56C 
  49      149BB8C6 
  49      46BD4DE1 
  49      7488
  50 0118 07217494 		.ascii	"\007!t\224\244\364\003\361\314\327\012\024\321\372\277"
  50      A4F403F1 
  50      CCD70A14 
  50      D1FABF
  51 0127 9454C88F 		.ascii	"\224T\310\217\320\210z].\336\037\014\371C\303^\036\211"
  51      D0887A5D 
  51      2EDE1F0C 
  51      F943C35E 
  51      1E89
  52 0139 F2E05898 		.ascii	"\362\340X\230OE\246g\242\334;2\324\323\315=\0367\237"
  52      4F45A667 
  52      A2DC3B32 
  52      D4D3CD3D 
  52      1E379F
  53 014c 1F750FCE 		.ascii	"\037u\017\316v\251\226o.0\341\013\207\003\256q\372\001"
  53      76A9966F 
  53      2E30E10B 
  53      8703AE71 
  53      FA01
  54 015e FF1E8C72 		.ascii	"\377\036\214r"
  55              		.text
  56              		.section	.gnu.lto_wdg_lld_start.70de2c751cfe45b0,"",%progbits
  57 0000 789C9594 		.ascii	"x\234\225\224KHTQ\030\307\317w\317\275sg\234\031_\264"
  57      4B485451 
  57      18C7CF77 
  57      CFBD7367 
  57      9C195FB4 
  58 0014 68E1C245 		.ascii	"h\341\302E`\022x\251\240\250E\020I\022\030-\014ZJ%\244"
  58      601278A9 
  58      A0A84510 
  58      4912182D 
  58      0C5A4A25 
  59 0029 20281AD5 		.ascii	" (\032\325\256\3530f4\222B\345#\034GH\261,_\331C\307"
  59      AEEB3066 
  59      349242E5 
  59      231C4748 
ARM GAS  /tmp/cckcYXhR.s 			page 4


  59      B12C5FD9 
  60 003f D269A6F2 		.ascii	"\322i\246\362\321\250\251\205\213Z\245\004B.\262\240"
  60      D1A8A985 
  60      8B5AA504 
  60      422EB2A0 
  61 004f 4D58DF77 		.ascii	"MX\337w\356LW\306\231p.\3149\347;\217\337\371\237\377"
  61      EE4C57C6 
  61      99702ECC 
  61      39E73B8F 
  61      DFF99FFF 
  62 0063 77E6284C 		.ascii	"w\346(LbC\026\306\2160\306\216\343\017,\014\244\306"
  62      624316C6 
  62      8E30C68E 
  62      E30F2C0C 
  62      A4C6
  63 0075 59C66AAC 		.ascii	"Y\306j\254\022p\243\301%\245~\2021=Ev\253Lw(F\377Q\031"
  63      1270A3C1 
  63      25A57E82 
  63      313D4576 
  63      AB4C7728 
  64 008d 806ADD0A 		.ascii	"\200j\335\012\354\252\304\025\031\260d\306\327\300\233"
  64      ECAAC415 
  64      19B064C6 
  64      D7C09B
  65 009c 3904EBBE 		.ascii	"9\004\353\276\216H\271\335:~\201\346\317\226kz\355N"
  65      8E48B9DD 
  65      3A7E81E6 
  65      CF966B7A 
  65      ED4E
  66 00ae 1F4E688D 		.ascii	"\037Nh\215L\202n\310\305Y\363\356\2016~\223\3738\200"
  66      4C826EC8 
  66      C559F3EE 
  66      81367E93 
  66      FB3880
  67 00c1 8CE1F799 		.ascii	"\214\341\367\231\273\313\251\024J\220\215a{\323\314"
  67      BBCBA914 
  67      4A908D61 
  67      7BD3CC
  68 00d0 017E1818 		.ascii	"\001~\030\0306o\017\265\355\316\351\322u\227\036\370"
  68      366F0FB5 
  68      EDCEE9D2 
  68      75971EF8 
  69 00e0 7D8BEBBB 		.ascii	"}\213\353\273|\234C\017p\304\301\003\310\202\373\220"
  69      7C9C430F 
  69      70C4C103 
  69      C882FB90 
  70 00f0 C5B08BC1 		.ascii	"\305\260\213\301C\310\241\351_\0067\3568-\262\261\035"
  70      43C8A1E9 
  70      5F0637EE 
  70      382DB2B1 
  70      1D
  71 0101 3C020B60 		.ascii	"<\002\013`\335\277\000\001}\343O\235\036\370\326\011"
  71      DDBF0001 
  71      7DE34F9D 
  71      1EF8D609 
  72 0111 4B053B24 		.ascii	"K\005;$\240\351\034\027\312\012\025*\025V,\024\033\026"
  72      A0E91C17 
ARM GAS  /tmp/cckcYXhR.s 			page 5


  72      CA0A152A 
  72      15562C14 
  72      1B16
  73 0123 163B850E 		.ascii	"\026;\205\016\012\235\024\246Q\230N\255\014\352\313"
  73      0A9D14A6 
  73      51984EAD 
  73      0CEACB
  74 0132 A4166337 		.ascii	"\244\026c7p\003\364\305\303%\254\370*\270\374\253\376"
  74      7003F4C5 
  74      C325ACF8 
  74      2AB8FCAB 
  74      FE
  75 0143 65A01DBD 		.ascii	"e\240\035\275\234lh\252\015\316\251t\".\216\361kb\372"
  75      9C6C68AA 
  75      0DCEA974 
  75      222E8EF1 
  75      6B62FA
  76 0156 BAC307DE 		.ascii	"\272\303\007\336\032\264%\333\307U/\236\264\027\265"
  76      1AB425DB 
  76      C7552F9E 
  76      B417B5
  77 0165 D358D78A 		.ascii	"\323X\327\212\253O\325zucH\206>\360A\213\260\013\372"
  77      AB4FD57A 
  77      75634886 
  77      3EF0418B 
  77      B00BFA
  78 0178 4163AB10 		.ascii	"Ac\253\020\3749\271\207\310\233\261\362\026lG\025*\263"
  78      FC39B987 
  78      C89BB1F2 
  78      166C4715 
  78      2AB3
  79 018a E2EE3010 		.ascii	"\342\3560\020\001/\255\257\207\034\010v\327\020\330"
  79      012FADAF 
  79      871C0876 
  79      D710D8
  80 0199 0683024C 		.ascii	"\006\203\002L\216\300c\320p\302\332Xh\321F4\033\204"
  80      8EC063D0 
  80      70C2DA58 
  80      68D14634 
  80      1B84
  81 01ab 5B390CE1 		.ascii	"[9\014\341:q\222\321\350I\224$\245?1\245?\215\225\036"
  81      3A7192D1 
  81      E8499424 
  81      A53F31A5 
  81      3F8D951E 
  82 01bf 4FAB9250 		.ascii	"O\253\222P\3533S\353s\241u\243\263~\305ah\375\330\003"
  82      EB3353EB 
  82      73A175A3 
  82      B37EC561 
  82      68FDD803 
  83 01d3 301CD53A 		.ascii	"0\034\325:\026\325\252&\251u\304\324\352\027Z]\376\251"
  83      16D5AA26 
  83      A975C4D4 
  83      EA175A5D 
  83      FEA9
  84 01e5 4306CA9A 		.ascii	"C\006\312\232\024J\201Q\201\222\010\365\"\212:a\240"
  84      144A8151 
ARM GAS  /tmp/cckcYXhR.s 			page 6


  84      819208F5 
  84      228A3A61 
  84      A0
  85 01f6 6C9B93A6 		.ascii	"l\233\223\246\304\273\013)\270\037\274\214\220\333["
  85      C4BB0B29 
  85      B81FBC8C 
  85      90DB5B
  86 0205 867FA422 		.ascii	"\206\177\244\"\271Q\014\331aL\220\305e\0367\014m\232"
  86      B9510CD9 
  86      614C90C5 
  86      651E370C 
  86      6D9A
  87 0217 FA9FA16A 		.ascii	"\372\237\241jBC\003\202$\023\351\025h(\314\260o<j\237"
  87      42430382 
  87      2413E915 
  87      6828CCB0 
  87      6F3C6A9F 
  88 022b 3D49FB82 		.ascii	"=I\373\202\246}\241\030\373\034I\332\367\332\264\357"
  88      A67DA118 
  88      FB1C49DA 
  88      F7DAB4EF 
  89 023b 4D8C7DCE 		.ascii	"M\214}\316\270~9\022\372\365V\240\024BMl\307/{B\277"
  89      B87E3912 
  89      FAF556A0 
  89      14424D6C 
  89      C72F7B42 
  90 0250 2605C942 		.ascii	"&\005\311B\244)\362\313\211-\017f\002\037?\343\357>"
  90      A429F2CB 
  90      892D0F66 
  90      021F3FE3 
  90      EF3E
  91 0262 19520D8D 		.ascii	"\031R\015\215iI:7m:\367\316\320\35074zy\372V\024\212"
  91      69493A37 
  91      6D3AF7CE 
  91      D0E83734 
  91      7A79FA56 
  92 0278 4C4B2832 		.ascii	"LK(2,P*\241f\020\265\002\356O\2410\230\254\1777\317"
  92      2C502AA1 
  92      6610B502 
  92      EE4FA130 
  92      98AC7F37 
  93 028d 060C6609 		.ascii	"\006\014f\011\302\350\351R\030\276\354\340\301\333\020"
  93      C2E8E952 
  93      18BEECE0 
  93      C1DB10
  94 029c 7DBBC2F7 		.ascii	"}\273\302\367R\215U\031I\346n\316\314\335\373\230\334"
  94      528D5519 
  94      49E66ECE 
  94      CCDDFB98 
  94      DC
  95 02ad 65C6CD5D 		.ascii	"e\306\315]F\302\334\315\013\224\225P\013\333\311]b["
  95      46C2DCCD 
  95      0B949550 
  95      0BDBC95D 
  95      625B
  96 02bf 1605C946 		.ascii	"\026\005\311F\244\017\224\273L\266\006\256\216\376\006"
  96      A40F94BB 
ARM GAS  /tmp/cckcYXhR.s 			page 7


  96      4CB606AE 
  96      8EFE06
  97 02ce E14CC403 		.ascii	"\341L\304\003\300\263\243\354\203yy\332\261\322\262"
  97      C0B3A3EC 
  97      837979DA 
  97      B1D2B2
  98 02dd 7365A78A 		.ascii	"se\247\212\264\212j\255\364l\271VYQu\261Z+:}r\377>\255"
  98      B48A6AAD 
  98      F46CB956 
  98      595175B1 
  98      5A2B3A7D 
  99 02f5 B0305FBB 		.ascii	"\2600_\273r&\277\340\322^\032*\276\\r\241\270\274\274"
  99      7226BFE0 
  99      D25E1A2A 
  99      BE5C72A1 
  99      B8BCBC
 100 0308 24EF3C93 		.ascii	"$\357<\223\261Y\371\027L\2038\221"
 100      B159F917 
 100      4C833891 
 101              		.text
 102              		.section	.gnu.lto_wdg_lld_stop.70de2c751cfe45b0,"",%progbits
 103 0000 789C4D91 		.ascii	"x\234M\221OH\024q\024\307\337w\336\354\314\270\230t"
 103      4F481471 
 103      14C7DF77 
 103      DEECCCB8 
 103      9874
 104 0012 EC60B087 		.ascii	"\354`\260\207\300\274\354\330\037\012:tQ\010\302\350"
 104      C0BCECD8 
 104      1F0A3A74 
 104      5108C2E8 
 105 0022 60D0514A 		.ascii	"`\320QJ!\245\005%\243\272\355\317mm\303\240?d\376\303"
 105      21A50525 
 105      A3BAEDCF 
 105      6D6DC3A0 
 105      3F64FEC3 
 106 0036 6D02132B 		.ascii	"m\002\023+su5\017\333\245\305K[dbWo\265\010\366\347"
 106      7375350F 
 106      DBA5C54B 
 106      5B646257 
 106      6FB508F6 
 107 004b 104545D0 		.ascii	"\020EE\320\332{\263E=\3701\357\377\373\2747\021\262"
 107      DA7BB345 
 107      3DF831EF 
 107      FFFBBC37 
 107      11B2
 108 005d E81B880E 		.ascii	"\350\033\210\016\023\321~y\210\020\254\233\257\211\372"
 108      13D17E79 
 108      8810AC9B 
 108      AF89FA
 109 006c 3DCBE252 		.ascii	"=\313\342R\023\231\250]\332I\246\226aW\3356\240\212"
 109      1399A85D 
 109      DA49A696 
 109      6157DD36 
 109      A08A
 110 007e F140498B 		.ascii	"\361@I\213m$q\203G\030\313\231\215\202\3258mD\212#?"
 110      6D247183 
 110      4718CB99 
ARM GAS  /tmp/cckcYXhR.s 			page 8


 110      8D82D538 
 110      6D448A23 
 111 0093 DC2B6660 		.ascii	"\334+f`G\300Dc\362T0\215F\311ZK\317O\360u\016\030\260"
 111      47C04463 
 111      F254308D 
 111      46C95A4B 
 111      CF4FF075 
 112 00aa C5FCBC32 		.ascii	"\305\374\2742\376\256NM\01311\357\016\257\034\340C "
 112      FEAE4E4D 
 112      0B3131EF 
 112      0EAF1CE0 
 112      4320
 113 00bc 51871627 		.ascii	"Q\207\026'v7L\031\2232\305\257\267\331\354\012\230\361"
 113      76374C19 
 113      9332C5AF 
 113      B7D9EC0A 
 113      98F1
 114 00ce 082CEDF0 		.ascii	"\010,\355\360\020\365x\200z\022\027a\006\015\232\376"
 114      10F57880 
 114      7A121761 
 114      060D9AFE 
 115 00de 365FB9B3 		.ascii	"6_\271\263\315\261'\377N\304c8\262\025\3041\367\006"
 115      CDB127FF 
 115      4EC46338 
 115      B215C431 
 115      F706
 116 00f0 4553D9CA 		.ascii	"ES\331\312\230b\371>n\035ud\264\024\331Rn\023\015J\262"
 116      9862F93E 
 116      6E1D7564 
 116      B414D952 
 116      6E130D4A 
 117 0105 6E738D2D 		.ascii	"ns\215-\375\362&RO7+\035Z\236e%\034\036X^u\225\220C"
 117      FDF22652 
 117      4F372B1D 
 117      5A9E6525 
 117      1C1E585E 
 118 011d ACEFCF5F 		.ascii	"\254\357\317_^\255\015\220\355\2275c\001G\262\342\237"
 118      5EAD0D90 
 118      ED973563 
 118      0147B2E2 
 118      9F
 119 012e 15168D4D 		.ascii	"\025\026\215M\225S9\327\2375\325\220\203\034\002\214"
 119      955339D7 
 119      9F35D590 
 119      831C028C 
 120 013e 86EB630E 		.ascii	"\206\353c\016>\225\221^o\376\327x)\363*\037\325\306"
 120      3E95915E 
 120      6FFED778 
 120      29F32A1F 
 120      D5C6
 121 0150 0E80796D 		.ascii	"\016\200ymA\212\301Tj\342\017H\3074S\273\026\012\037"
 121      418AC154 
 121      6AE20F48 
 121      C73453BB 
 121      160A1F
 122 0163 D7DDE42F 		.ascii	"\327\335\344/\343\005\354\216\261\356\224G\222\376'"
 122      E305EC8E 
ARM GAS  /tmp/cckcYXhR.s 			page 9


 122      B1EE9447 
 122      92FE27
 123 0172 F342B2CB 		.ascii	"\363B\262\313?\237}\251\223<\271\272\247gP\337\213\361"
 123      3F9F7DA9 
 123      933CB9BA 
 123      A76750DF 
 123      8BF1
 124 0184 99B30ABB 		.ascii	"\231\263\012\273=\340\032,\312\237Z\370\203\272\365"
 124      3DE01A2C 
 124      CA9F5AF8 
 124      83BAF5
 125 0193 7E215723 		.ascii	"~!W#\311\243!\252\207'\202\032\016\304\022\222\001G"
 125      C9A321AA 
 125      8727821A 
 125      0EC41292 
 125      0147
 126 01a5 43143BBC 		.ascii	"C\024;\274\310'\244\356M\016U\243*\203\302 ~\213\350"
 126      C827A4EE 
 126      4D0E55A3 
 126      2A83C220 
 126      7E8BE8
 127 01b8 603CEE37 		.ascii	"`<\3567wu\237\356>\336\346\367\364\371]\247\022~o\317"
 127      77759FEE 
 127      3EDEE6F7 
 127      F4F95DA7 
 127      127E6FCF 
 128 01cc B9F37D7E 		.ascii	"\271\363}~\333\211c\373\366\372\255\255-\376\245\223"
 128      DB8963FB 
 128      F6FAADAD 
 128      2DFEA593 
 129 01dc 2D472EEC 		.ascii	"-G.\354\321P\373\305\3163\355\211Dg\274\203lQ{\177\003"
 129      D150FBC5 
 129      CE33ED89 
 129      4467BC83 
 129      6C517B7F 
 130 01f1 6670B4F4 		.ascii	"fp\264\364"
 131              		.text
 132              		.section	.gnu.lto_wdg_lld_reset.70de2c751cfe45b0,"",%progbits
 133 0000 789C6550 		.ascii	"x\234eP;H\233Q\024>\337=\177\214\210v\026\352\340 h"
 133      3B489B51 
 133      143EDF3D 
 133      7F8C8876 
 133      16EAE020 
 134 0015 965CB4D0 		.ascii	"\226\\\264\320\202\203K\205\202(\016\012\216\342\003"
 134      82834B85 
 134      82280E0A 
 134      8EE203
 135 0024 5408285A 		.ascii	"T\010(Zj7oBR\037\205\326!&\266\032\177\007\305G\353"
 135      6A376F42 
 135      521F85D6 
 135      2126B61A 
 135      7F07C547 
 136 0039 7BD22944 		.ascii	"{\322)D\241\"\330R\241\024:\372\302\014\035\264\201"
 136      A122D852 
 136      A1143AFA 
 136      C20C1DB4 
 136      81
ARM GAS  /tmp/cckcYXhR.s 			page 10


 137 004a 6ED673FF 		.ascii	"n\326s\377t\020\274p\270\347\334\363\235\357|\337\365"
 137      7410BC70 
 137      B8E7DCF3 
 137      9DEF7CDF 
 137      F5
 138 005b 91A26510 		.ascii	"\221\242e\020\325\021\321c\0110AM~%\012\027*\300&\246"
 138      D511D163 
 138      0930414D 
 138      7E250A17 
 138      2AC026A6 
 139 006f 1034A230 		.ascii	"\0204\2420\202\367\234ddF/wU`\311\310I'\267\213\336"
 139      82F79C64 
 139      64462F77 
 139      5560C9C8 
 139      4927B78B 
 140 0084 9858A9CB 		.ascii	"\230X\251\313D\037$\354\301\022\002\202\372\036\335"
 140      441F24EC 
 140      C1120282 
 140      FA1EDD
 141 0093 9CE577EC 		.ascii	"\234\345w\3542\340Hy}\374\361\354\221-\025\312\245\234"
 141      32E04879 
 141      7DFCF1EC 
 141      912D15CA 
 141      A59C
 142 00a5 4B1C3FE5 		.ascii	"K\034?\345Z\220\244\361\235\331\252\312Ec\"&}\020gS"
 142      5A90A4F1 
 142      9DD9AACA 
 142      45632226 
 142      7D106753 
 143 00b9 E1326315 		.ascii	"\3412c\025,tXA\031\226QF\362D\370\204J\013?\335\272"
 143      2C745841 
 143      19965146 
 143      F244F884 
 143      4A0B3FDD 
 144 00ce 9D2A2970 		.ascii	"\235*)p\362\353\360\031\005\242\2346N\2206\267\377F"
 144      F2EBF019 
 144      05A29C36 
 144      4E9036B7 
 144      FF46
 145 00e0 4D3AB780 		.ascii	"M:\267\200\335\006\237\350\0268\313\240C4!H\353\342"
 145      DD069FE8 
 145      1638CBA0 
 145      43342148 
 145      EBE2
 146 00f2 2D2B7B73 		.ascii	"-+{s\026\221\275\354\314\005\354p\212\255\243D,\363"
 146      1691BDEC 
 146      CC05EC70 
 146      8AADA344 
 146      2CF3
 147 0104 CD6FC5B1 		.ascii	"\315o\305\261\247\350\357\227\243\261b\027\251\2608"
 147      A7E8EF97 
 147      A3B16217 
 147      A9B038
 148 0113 2C77D997 		.ascii	",w\331\227\022\321k\"\303\366\026\317#\353~\275f\362"
 148      12D16B22 
 148      C3F616CF 
 148      23EB7EBD 
ARM GAS  /tmp/cckcYXhR.s 			page 11


 148      66F2
 149 0125 2D07EB70 		.ascii	"-\007\353p1\3559\307\0064e\221\311\035\006,\363}Z\347"
 149      31ED39C7 
 149      06346591 
 149      C91D062C 
 149      F37D5AE7 
 150 0139 01EDFCA0 		.ascii	"\001\355\374\240h\263\333\261\371\237\370\347\315\315"
 150      68B3DBB1 
 150      F99FF8E7 
 150      CDCD
 151 0147 7EB11047 		.ascii	"~\261\020G\303\226\330\217-\217\330\232\3036\264\000"
 151      C396D88F 
 151      2D8FD89A 
 151      C336B400 
 152 0157 7E2D8C5F 		.ascii	"~-\214_\225X6?V\177(\354\310\334oD\346\377\304=#\336"
 152      9558363F 
 152      567F28EC 
 152      C8DC6F44 
 152      E6FFC43D 
 153 016d D74F085E 		.ascii	"\327O\010^\034*\242g\301\240~\336\333\327\331\327\334"
 153      1C2AA267 
 153      C1A07EDE 
 153      DBD7D9D7 
 153      DC
 154 017e A2FB8774 		.ascii	"\242\373\207toGH\017\364\017\276\034\322-\255MOjtcc"
 154      6F47480F 
 154      F40FBE1C 
 154      D22DAD4D 
 154      4F6A7463 
 155 0193 BD7EDD56 		.ascii	"\275~\335V\377\342U\265m\265\017w\367\264\207B\335\301"
 155      FFE255B5 
 155      6DB50F77 
 155      F7B48742 
 155      DDC1
 156 01a5 2E72241D 		.ascii	".r$\035\270\003\"\340\2349"
 156      B80322E0 
 156      9C39
 157              		.text
 158              		.section	.gnu.lto_.symbol_nodes.70de2c751cfe45b0,"",%progbits
 159 0000 789C558A 		.ascii	"x\234U\212K\025\2000\014\0047\033\212\020\224\200(\316"
 159      4B158030 
 159      0C04371B 
 159      8A109480 
 159      28CE
 160 0012 090EB0D3 		.ascii	"\011\016\260\323\362sP\025H@\000\201[\3672\357\355L"
 160      F2735015 
 160      48400081 
 160      5BF732EF 
 160      ED4C
 161 0024 023123C6 		.ascii	"\0021#\306B\003\326\012\004\212O@\312\3042|j\243I\243"
 161      4203D60A 
 161      048A4F40 
 161      CAC4327C 
 161      6AA349A3 
 162 0038 B8D3D8C6 		.ascii	"\270\323\330\306\027\305#V\0364m\224\234\264\356\177"
 162      17C52356 
 162      1E346D94 
ARM GAS  /tmp/cckcYXhR.s 			page 12


 162      9CB4EE7F 
 163 0048 00F7311A 		.ascii	"\000\3671\032\355q?U\360\002\207\262\034A"
 163      ED713F55 
 163      F00287B2 
 163      1C41
 164              		.text
 165              		.section	.gnu.lto_.refs.70de2c751cfe45b0,"",%progbits
 166 0000 789C6365 		.ascii	"x\234ce`b\340c`\000\222\214 \300\304\310\314\304\302"
 166      6062E063 
 166      6000928C 
 166      20C0C4C8 
 166      CCC4C2
 167 0013 CC000002 		.ascii	"\314\000\000\0023\000,"
 167      33002C
 168              		.text
 169              		.section	.gnu.lto_.decls.70de2c751cfe45b0,"",%progbits
 170 0000 789C9D56 		.ascii	"x\234\235V}PT\327\025\177\347\335\005v\037\213:@\023"
 170      7D5054D7 
 170      157FE7DD 
 170      05761F8B 
 170      3A4013
 171 0013 FFD86988 		.ascii	"\377\330i\210\335\214\333\332\262\"i\233\376\323IF\233"
 171      DD8CDBDA 
 171      B222699B 
 171      FED34946 
 171      9B
 172 0024 C4A9310E 		.ascii	"\304\2511\016\232\244\375\243\335AXdg\020\234e\215\372"
 172      9AA4FDA3 
 172      DD415864 
 172      67109C65 
 172      8DFA
 173 0036 47A70F41 		.ascii	"G\247\017A$\230(\242Q>D\020?\002\250\001u\243\"UA\""
 173      249828A2 
 173      513E4410 
 173      3F02A801 
 173      75A32255 
 174 004c 12FC881A 		.ascii	"\022\374\210\032\277\005\301\217\200\"\"\037\006\024"
 174      BF05C18F 
 174      8022221F 
 174      0614
 175 005a 5CE8B9F7 		.ascii	"\\\350\271\367\276\335}\254\213\315\364\315\234}{\357"
 175      BEDD7DAC 
 175      8BCDF4CD 
 175      9C7D7BEF 
 176 006a 3DE777CE 		.ascii	"=\347w\316\371\235{\317\273\001\202(8'\010\302;\242"
 176      F99D7BCF 
 176      BB018228 
 176      382708C2 
 176      3BA2
 177 007c 20948120 		.ascii	" \224\201 \214\342\023 \010\302^\301\373\320\361\327"
 177      8CE21320 
 177      08C25EC1 
 177      FBD0F1D7 
 178 008c 284328CF 		.ascii	"(C(\317QFPt\250\213&B0\276\303A\030\363\374\003\270"
 178      51465074 
 178      A88B2642 
 178      30BEC341 
ARM GAS  /tmp/cckcYXhR.s 			page 13


 178      18F3FC03 
 179 00a1 CDC72883 		.ascii	"\315\307(\203(\003(\327P\036\013\334\246\027\245\037"
 179      280328D7 
 179      501E0BDC 
 179      A617A51F 
 180 00b1 05145C50 		.ascii	"\005\024\\Pp\324\317O8\326+\030\241(\341\012\026\305"
 180      70D4CF4F 
 180      38D62B18 
 180      A128E10A 
 180      16C5
 181 00c3 684299AA 		.ascii	"hB\231\252\340v\243\334B\371\016\345\027h#)\330?\242"
 181      E076A3DC 
 181      42F90EE5 
 181      17682329 
 181      D83FA2
 182 00d6 F4A1D4A1 		.ascii	"\364\241\324\241\334G9\201\322\216\362\020\245\036\245"
 182      DC473981 
 182      D28EF210 
 182      A51EA5
 183 00e5 53F13B24 		.ascii	"S\361;$\274\370<\303\205`?\276/\253ry\005u^E\231\204"
 183      BCF83CC3 
 183      85603FBE 
 183      2FAB7279 
 183      05755E45 
 184 00fb A2058ED5 		.ascii	"\242\005\216\325\253\344\367\\\341\207\316\371r\343"
 184      ABE4F75C 
 184      E187CEF9 
 184      72E3
 185 0109 A2FAE3E4 		.ascii	"\242\372\343\344\245\316GT\345\001\012\347\276\317f"
 185      A5CE4754 
 185      E5010AE7 
 185      BECF66
 186 0118 02AE4A67 		.ascii	"\002\256Jgv\360-h\006\352n\022\260\027\367\210/P\336"
 186      76F02D68 
 186      06EA6E12 
 186      B017F788 
 186      2F50DE
 187 012b ACA8ECF1 		.ascii	"\254\250\354\361,\203((\300\300f\024e\376\207\215E\005"
 187      2C832828 
 187      C0C06614 
 187      65FE878D 
 187      4505
 188 013d CBADA8E4 		.ascii	"\313\255\250\344\243(\251\021=\246\236\307=\007c!qE"
 188      A328A911 
 188      3DA69EC7 
 188      3D076321 
 188      7145
 189 014f 04CF0480 		.ascii	"\004\317\004\200\332@\005\010\356\200\330\012\250\035"
 189      DA400508 
 189      EE80D80A 
 189      A81D
 190 015d F3E8893B 		.ascii	"\363\350\211;\373\256\317\373\2135\255\320\002\020,"
 190      FBAECFFB 
 190      8B35ADD0 
 190      02102C
 191 016c 94BC0D6C 		.ascii	"\224\274\015lnx\315\245E\004\335\340\337\326ge\357F"
 191      6E78CDA5 
ARM GAS  /tmp/cckcYXhR.s 			page 14


 191      4504DDE0 
 191      DFD66765 
 191      EF46
 192 017e EE91F9A3 		.ascii	"\356\221\371\243}\315\313\332\311\321\301\332\211k\011"
 192      7DCDCBDA 
 192      C9D1C1DA 
 192      896B09
 193 018d 844A20E2 		.ascii	"\204J \342\360b\317\231\242`\034\206K0\011\207O\323"
 193      F062CF99 
 193      A2601C86 
 193      4B300987 
 193      4FD3
 194 019f 2ED74993 		.ascii	".\327I\22371\253ty\222\010\037\277\002{\300\000\273"
 194      3731AB74 
 194      7992081F 
 194      BF027BC0 
 194      00BB
 195 01b1 C18001EC 		.ascii	"\301\200\001\354\205\311\370\273P\303\221J\317^\331"
 195      85C9F8BB 
 195      50C3914A 
 195      CF5ED9
 196 01c0 47A694C8 		.ascii	"G\246\224\310%mr\355\251\273\277\272\275_\226W\241\231"
 196      256D72ED 
 196      A9BBBFBA 
 196      BD5F9657 
 196      A199
 197 01d2 86AA4139 		.ascii	"\206\252A9\020\250\200H\0326\376\305\3372h\005\370\012"
 197      10A88048 
 197      1A36FEC5 
 197      DF326805 
 197      F80A
 198 01e4 6E61565F 		.ascii	"naV_\303\0244\337\364t\347:-\231\307\242\275\220Q\265"
 198      C31434DF 
 198      F474E73A 
 198      2D99C7A2 
 198      BD9051B5 
 199 01f8 85F0A034 		.ascii	"\205\360\24048\354=[pw\002\017*\002\207\0055O\232\002"
 199      38EC3D5B 
 199      7077020F 
 199      2A028705 
 199      354F9A02 
 200 020c F8AA1687 		.ascii	"\370\252\026\207\017F*;4\344\237\314\260\274\351\263"
 200      0F462A3B 
 200      34E49FCC 
 200      B0BCE9B3 
 201 021c A6406265 		.ascii	"\246@be\377[\032\313wS\220\251\022P2'\342TeW\365\263"
 201      FF5B1ACB 
 201      775390A9 
 201      12503227 
 201      E2546557 
 202 0232 103E4535 		.ascii	"\020>E5.\256\353\333\021Dl\364\277\230\337t\365\204"
 202      2EAEEBDB 
 202      11446CF4 
 202      BF98DF74 
 202      F584
 203 0244 064CD22E 		.ascii	"\006L\322.\232jm\307\326?\347\367\311r\004T\203\004"
 203      9A6A6DC7 
ARM GAS  /tmp/cckcYXhR.s 			page 15


 203      D63FE7F7 
 203      C9720454 
 203      8304
 204 0256 87BCB14F 		.ascii	"\207\274\261O\245g*K\226W\3129\351\262\356}\001\366"
 204      A5672A4B 
 204      9657CA39 
 204      E9B2EE7D 
 204      01F6
 205 0268 21195548 		.ascii	"!\031UH\006\034\006\023\205\245zp\020'\277\301I\032"
 205      061C0613 
 205      85A57A70 
 205      1027BFC1 
 205      491A
 206 027a D08EF5A5 		.ascii	"\320\216\365\245\201\244\024\230\217\206c7\257i@2\371"
 206      81A41498 
 206      8F866337 
 206      AF694032 
 206      F9
 207 028b 05F88F1F 		.ascii	"\005\370\217\037\000\036L\353\336)\015\310\244\0105"
 207      001E4CEB 
 207      DE290DC8 
 207      A40835
 208 029a 18CC116F 		.ascii	"\030\314\021o0\030\033g~Wni]\0109\307\234\300\360\375"
 208      30181B67 
 208      7E576E69 
 208      5D0839C7 
 208      9CC0F0FD 
 209 02ae 8DD781B3 		.ascii	"\215\327\201\263\243\307\341\312\232\353\353'r\356\332"
 209      A3C7E1CA 
 209      9AEBEB27 
 209      72EEDA
 210 02bd E8F2DA8A 		.ascii	"\350\362\332\212KC@.0\335\200\203\217\266\024L\000\243"
 210      4B43402E 
 210      30DD8083 
 210      8FB6144C 
 210      00A3
 211 02cf D118662A 		.ascii	"\321\030f*\2451\325\016\0361\026\037\273'\313\271z\346"
 211      A531D50E 
 211      1E31161F 
 211      BB27CBB9 
 211      7AE6
 212 02e1 EC283AFB 		.ascii	"\354(:\373\026\302\274A\232i\331\243\360G\340\372}\257"
 212      16C2BC41 
 212      9A69D9A3 
 212      F047E0FA 
 212      7DAF
 213 02f3 E5CBB519 		.ascii	"\345\313\265\031\204);\375*\357\003\257v\247\311\253"
 213      84293BFD 
 213      2AEF03AF 
 213      76A7C9AB 
 214 0303 5DEBABBD 		.ascii	"]\353\253\275\037<\330\353i\3329\262\374\266F\200\343"
 214      1F3CD8EB 
 214      69DA39B2 
 214      FCB64680 
 214      E3
 215 0314 B87E8C2D 		.ascii	"\270~\214-Qm\314\034N\"Qu`\204\023(\365`d\033\231\023"
 215      516DCC1C 
ARM GAS  /tmp/cckcYXhR.s 			page 16


 215      4E225175 
 215      60841328 
 215      F560641B 
 216 032a D5BE3534 		.ascii	"\325\27654M\226\201j\012\012I\312.o8\\_\035D\326\262"
 216      4D96816A 
 216      0A0A49CA 
 216      2E6F385C 
 216      5F1D44D6 
 217 033f B320B68E 		.ascii	"\263 \266\216\216\374\015La\334f\244,\020\017\0044\""
 217      8EFC0D4C 
 217      61DC66A4 
 217      2C100F04 
 217      3422
 218 0351 7883975A 		.ascii	"x\203\227Z\212\340?\0168\205\356_\026\012\255\307W\247"
 218      8AE03F0E 
 218      3885EE5F 
 218      160AADC7 
 218      57A7
 219 0363 E5A030C5 		.ascii	"\345\2400\305:k<k\301\237iK\345\301/'\350\263=\033\004"
 219      3A6B3C6B 
 219      C19F694B 
 219      E5C12F27 
 219      E8B33D1B 
 220 0378 BE537124 		.ascii	"\276Sq$@\023\350\335\212E\217\3735$\217\237\356\312"
 220      4013E8DD 
 220      8A458FFB 
 220      35248F9F 
 220      EECA
 221 038a 55F7CAB5 		.ascii	"U\367\312\265Xd\003nuP\355s\003\337\347\3563>\217\237"
 221      5864036E 
 221      7550ED73 
 221      03DFE7EE 
 221      333E8F9F 
 222 039e F1E1DE1A 		.ascii	"\361\341\336\032g\010\331\312M\013\233\353*\2025\242"
 222      6708D9CA 
 222      4D0B9BEB 
 222      2A8235A2 
 223 03ae 00DF63F6 		.ascii	"\000\337c\366\347\250\023\234<T\324x]\"e\\#\277\345"
 223      E7A8139C 
 223      3C54D478 
 223      5D22655C 
 223      23BFE5
 224 03c1 9E534B35 		.ascii	"\236SK5.\240\3064\003\234\007\015\235\036\\3\270GK\366"
 224      2EA0C634 
 224      039C070D 
 224      9D1E5C33 
 224      B8474BF6 
 225 03d5 719DC385 		.ascii	"q\235\303\205W\177OU~@\225\337\030\340\"S\021\313j\362"
 225      577F4F55 
 225      7E4095DF 
 225      18E02253 
 225      11CB6AF2 
 226 03e9 7345D09A 		.ascii	"sE\320\2322i:=+\323\310d\001\242\0150\235fr\031\264"
 226      32693A3D 
 226      2BD3C864 
 226      01A20D30 
 226      9D667219 
ARM GAS  /tmp/cckcYXhR.s 			page 17


 227 03fe 8CC22B48 		.ascii	"\214\302+H\310%\320\300Y\314\361\214g\313w|olO\247["
 227      C825D0C0 
 227      59CCF18C 
 227      67CB777C 
 227      6F6C4FA7 
 228 0413 1ED57C4A 		.ascii	"\036\325|J\271!\267\276HOn\363R>:(\357\360\357\001\256"
 228      B921B7BE 
 228      484F6EF3 
 228      523E3A28 
 228      EFF0EF01 
 229 0428 23F0CB9D 		.ascii	"#\360\313\235t\377\201V\376\032\352\\\365V\236:d~\366"
 229      74FF8156 
 229      FE1AEA5C 
 229      F5569E3A 
 229      647EF6
 230 043b D7B8D6E8 		.ascii	"\327\270\326\350H\027\317\257\371N\327\015-\031\340"
 230      4817CFAF 
 230      F94ED70D 
 230      2D19E0
 231 044a 03778F0C 		.ascii	"\003w\217\014\345=\262\257\240\341\241D\206\370Z\326"
 231      E53DB2AF 
 231      A0E1A144 
 231      86F85AD6 
 232 045a 9EB5F544 		.ascii	"\236\265\365D\312\242\335\362\347\034p\264\250\333\227"
 232      CAA2DDF2 
 232      E71C70B4 
 232      A8DB97
 233 0469 953781B8 		.ascii	"\2257\201\270\224B\236:2\252!i\204\015\276\310XW.\221"
 233      94429E3A 
 233      32AA2169 
 233      840DBEC8 
 233      58572E91 
 234 047d 0C3EE87D 		.ascii	"\014>\350}^tH\307\235\206\323\217]kNN\020?\326%\264"
 234      5E7448C7 
 234      9D86D38F 
 234      5D6B4E4E 
 234      103FD625 
 235 0492 E2074EAF 		.ascii	"\342\007N\257\276\025BV3\335\240\376cw~\320\343\261"
 235      BE154256 
 235      33DDA0FE 
 235      63777ED0 
 235      E3B1
 236 04a4 0E339A8C 		.ascii	"\0163\232\214\306R9#\035\011}`r]\344\007\373\026\236"
 236      C6523923 
 236      1D097D60 
 236      725DE407 
 236      FB169E
 237 04b7 BEDB9870 		.ascii	"\276\333\230p\307x\007\233\352\337\371\027?\252T\271"
 237      C778079B 
 237      EADFF917 
 237      3FAA54B9 
 238 04c7 D557799C 		.ascii	"\325Wy\234\243z\027\327\357\260\245\016\345|<\300\224"
 238      A37A17D7 
 238      EFB0A50E 
 238      E57C3CC0 
 238      94
 239 04d8 7FC40D7E 		.ascii	"\177\304\015~\037\245\035\345!J\247\262\331\271\237"
ARM GAS  /tmp/cckcYXhR.s 			page 18


 239      1FA51DE5 
 239      214AA7B2 
 239      D9B99F
 240 04e7 1B2A3F6D 		.ascii	"\033*?m~\203\342\015\204W\254\301\305\017x\307\330\003"
 240      7E83E20D 
 240      8457ACC1 
 240      C50F78C7 
 240      D803
 241 04f9 CEA1065C 		.ascii	"\316\241\006\\\241\271\351r\343t\206u\317\027\253\031"
 241      A1B9E972 
 241      E3748675 
 241      CF17AB19 
 242 0509 7C32EC54 		.ascii	"|2\354Tyn\361\237!w\215\354\236).<\020B\352\030\273"
 242      796EF19F 
 242      21778DEC 
 242      9E292E3C 
 242      1042EA18 
 243 051e 62EFB6C6 		.ascii	"b\357\266\306\007!\336\376\341b\375\243\033\255\273"
 243      0721DEFE 
 243      E162FDA3 
 243      1BADBB
 244 052d BCBBA8E3 		.ascii	"\274\273\250\343\205\376\341&\007\036!'?\207\037Z\324"
 244      85FEE126 
 244      071E2127 
 244      3F871F5A 
 244      D4
 245 053e E34F2A03 		.ascii	"\343O*\003\325\315\240{L3x\354n\006\001U\273\2579u\020"
 245      D5CDA07B 
 245      4C3378EC 
 245      6E060155 
 245      BBAF3975 
 246 0553 868DDCE4 		.ascii	"\206\215\334\344\267g\335\300\310z\024\237O\320g/\372"
 246      B767DDC0 
 246      C87A149F 
 246      4FD0672F 
 246      FA
 247 0564 E943E9F7 		.ascii	"\351C\351\367\324\2027\377\210\212\241fY\316\324\263"
 247      D48237FF 
 247      888AA166 
 247      59CED4B3 
 248 0574 43715A31 		.ascii	"CqZ1R\316\223o\353o\2570l`tcO\202\003\212\356\370\275"
 248      52CE936F 
 248      EB6FAF30 
 248      6C607463 
 248      4F82038A 
 249 058b BF691AA7 		.ascii	"\277i\032\247\033\203\206\233\276\332\252\015\245t\362"
 249      1B83869B 
 249      BEDAAA0D 
 249      A574F2
 250 059a F249ACD0 		.ascii	"\362I\254\320=\276\235\\l\035\251_/z\330\037(\012O\247"
 250      3DBE9D5C 
 250      6C1DA95F 
 250      2F7AD81F 
 250      280A4FA7 
 251 05ae 7A038876 		.ascii	"z\003\210v\303K\177\317\370\355\373'L\377eT \355;\313"
 251      C34B7FCF 
 251      F8EDFB27 
ARM GAS  /tmp/cckcYXhR.s 			page 19


 251      4CFF6554 
 251      20ED3BCB 
 252 05c2 AF7E23A9 		.ascii	"\257~#\251i\037\030C\373\240\247\007\027\037\314}F{"
 252      691F1843 
 252      FBA0A707 
 252      171FCC7D 
 252      467B
 253 05d4 279BA3F7 		.ascii	"'\233\243\367 \234\353_\275\363h\320\2707\246g\354\306"
 253      209CEB5F 
 253      BDF368D0 
 253      B837A667 
 253      ECC6
 254 05e6 F414942B 		.ascii	"\364\024\224+\323\336\252\201.\235\373\312T?\315{eB"
 254      D3DEAA81 
 254      2E9DFBCA 
 254      543FCD7B 
 254      6542
 255 05f8 3DA8F4E6 		.ascii	"=\250\364\346S\351{e\032bW\246\364\206\355\316`r\216"
 255      53E97B65 
 255      1A6257A6 
 255      F486EDCE 
 255      60728E
 256 060b 3708D979 		.ascii	"7\010\331y\374d\240\202u\207~\226W\312\264\201R\244"
 256      FC64A082 
 256      75877E96 
 256      57CAB481 
 256      52A4
 257 061d 612FD2B0 		.ascii	"a/\322\260/\322s\206\264;\373\312\321\000r\223#UUW:"
 257      2FD27386 
 257      B43BFBCA 
 257      D1007293 
 257      23555557 
 258 0632 DD484DBF 		.ascii	"\335HM\277\036\203\344\362\"\271|\221F\030Rm\317\216"
 258      1E83E4F2 
 258      22B97C91 
 258      4618526D 
 258      CF8E
 259 0644 3C421E70 		.ascii	"<B\036p\244\313O\217\016\351I?\033h\332\266\367=\014"
 259      A4CB4F8F 
 259      0EE9493F 
 259      1B68DAB6 
 259      F73D0C
 260 0657 04930140 		.ascii	"\004\223\001@B\331\345\276\213\012\220.J \213\304}\257"
 260      42D9E5BE 
 260      8B0A902E 
 260      4A208BC4 
 260      7DAF
 261 0669 2D90B17D 		.ascii	"-\220\261}\366\374\233N\363\253VO\251\254\352\353i\242"
 261      F6FC9B4E 
 261      F3AB564F 
 261      A9ACEAEB 
 261      69A2
 262 067b 892D0990 		.ascii	"\211-\011\220!\032`\245h@\003-\233A\2079g\267\025\352"
 262      211A60A5 
 262      6840032D 
 262      9B418739 
 262      67B715EA 
ARM GAS  /tmp/cckcYXhR.s 			page 20


 263 068f 24C52AEB 		.ascii	"$\305*\353\245V\250\335\323\337|IT\027z\025F\342-t\246"
 263      A556A8DD 
 263      D3DF7C49 
 263      54177A15 
 263      46E22D74 
 264 06a4 E82E74F7 		.ascii	"\350.t\367\226\363\231\022+4\316)\205\316\374\266\255"
 264      96F39912 
 264      2B34CE29 
 264      85CEFCB6 
 264      AD
 265 06b5 58376EA1 		.ascii	"X7n\241\263DZ\350\325\242R\350\341\274\013\351\023\221"
 265      B3445AE8 
 265      D5A252E8 
 265      E1BC0BE9 
 265      1391
 266 06c7 D236DCB3 		.ascii	"\3226\334\263\247F\177\273\245\352\236\234%1-\374`{"
 266      A7467FBB 
 266      A5EA9E9C 
 266      25312DFC 
 266      607B
 267 06d9 281D054E 		.ascii	"(\035\005N\002|&R*;+\316\315 \2335\214\311\355\207\266"
 267      027C2652 
 267      2A3B2BCE 
 267      CD209B35 
 267      8CC9ED87 
 268 06ee 1E8037B6 		.ascii	"\036\2007\266\313%\265\364r\375j!\226D\307\366e\266"
 268      CB25B5F4 
 268      72FD6A21 
 268      9644C7F6 
 268      65B6
 269 0700 C8CC55F7 		.ascii	"\310\314U\367\244lJ%\254\021\337@\263\372.\347\340D"
 269      A46C4A25 
 269      AC11DF40 
 269      B3FA2EE7 
 269      E044
 270 0712 CA87AC64 		.ascii	"\312\207\254d\030\252N\360sF\210\231\033R'\235\325\365"
 270      18AA4EF0 
 270      73468899 
 270      1B52279D 
 270      D5F5
 271 0724 CAC53A84 		.ascii	"\312\305:\204~\364J7\356\324\360o\314}\366\221?_]\030"
 271      7EF44A37 
 271      EED4F06F 
 271      CC7DF691 
 271      3F5F5D18 
 272 0738 1C9AA39C 		.ascii	"\034\232\243\234\252\010`\205[\213t~!R\264ub\250\033"
 272      AA086085 
 272      5B8B747E 
 272      2152B475 
 272      62A81B
 273 074b 9335AFEB 		.ascii	"\2235\257\353\231y:\265\366\252\227i\3578\337\351\224"
 273      99793AB5 
 273      F6AA9769 
 273      EF38DFE9 
 273      94
 274 075c 5E2FD214 		.ascii	"^/\322\024c-sp\211\336T\263zw\351\311n\236\377\266\263"
 274      632D7370 
ARM GAS  /tmp/cckcYXhR.s 			page 21


 274      89DE54B3 
 274      7A77E9C9 
 274      6E9EFFB6 
 275 0771 FD9B2452 		.ascii	"\375\233$R\315\007U7\253\\:$\343<\2221P\034\230VR\233"
 275      CD075537 
 275      AB5C3A24 
 275      E33C9231 
 275      501C9856 
 276 0787 1141AD60 		.ascii	"\021A\255`\003\222\201\033Z\345&\027g\326\213\257\013"
 276      0392811B 
 276      5AE52617 
 276      67D68BAF 
 276      0B
 277 0798 B091F171 		.ascii	"\260\221\361q\277\267=?XR\356\337Y\377\363\363\014_"
 277      BFB73D3F 
 277      5852EEDF 
 277      59FFF3F3 
 277      0C5F
 278 07aa 8A125A55 		.ascii	"\212\022ZUto)\320\252\367\011\255\233\227\306M|\237"
 278      746F29D0 
 278      AAF709AD 
 278      9B97C64D 
 278      7C9F
 279 07bc D0372A5F 		.ascii	"\3207*_\355\337\3312fS\321\300\274\312\233\025e\372"
 279      EDDFD932 
 279      6653D1C0 
 279      BCCA9B15 
 279      65FA
 280 07ce D62F     		.ascii	"\326/"
 281 07d0 8B5F6449 		.ascii	"\213_dIJ\212\267\330\222m\016\355{s?\212\230\031\025"
 281      4A8AB7D8 
 281      926D0EED 
 281      7B733F8A 
 281      981915
 282 07e3 25FC3132 		.ascii	"%\37412\322<3\321\266\320\366\341|sJ\252916\311\274"
 282      D23C33D1 
 282      B6D0F6E1 
 282      7C734AAA 
 282      393136C9 
 283 07f8 24C5EE48 		.ascii	"$\305\356H5\317_\360A\364\014\363\2349\263\314\313?"
 283      35CF5FF0 
 283      41F40CF3 
 283      9C39B3CC 
 283      CB3F
 284 080a 99F5DEA7 		.ascii	"\231\365\336\247Qt\311\242@D\306\011!n\264TG\254\335"
 284      5174C9A2 
 284      4044C609 
 284      216EB454 
 284      47ACDD
 285 081d 11189792 		.ascii	"\021\030\227\222\234`[D\354Iv\311bYjKvD\317\2608~g^"
 285      9C605B44 
 285      EC4976C9 
 285      62596A4B 
 285      7644CFB0 
 286 0835 9A6A37DB 		.ascii	"\232j7\333\222\343\222\226\306[\315\311\326eI\266\205"
 286      92E39296 
 286      C65BCDC9 
ARM GAS  /tmp/cckcYXhR.s 			page 22


 286      D66549B6 
 286      85
 287 0846 E6C5B171 		.ascii	"\346\305\261q\211\266d\253\331\022oM\210]\232\344\260"
 287      89B664AB 
 287      D9126F4D 
 287      885D9AE4 
 287      B0
 288 0857 38562CB1 		.ascii	"8V,\261\246F&\012Z\267\331\024\177f\251+R\315\350+\036"
 288      A646260A 
 288      5AB7D914 
 288      7F66A92B 
 288      52CDE82B 
 289 086c 7550575C 		.ascii	"uPW\\b\327,\263%\333\377\277\350\023\005\035N\316d!"
 289      62D72CB3 
 289      25DBFFBF 
 289      E813051D 
 289      4ECE6421 
 290 0880 0760FC0E 		.ascii	"\007`\374\016+\035[b\376\362\316\254\277k\351\277\371"
 290      2B1D5B62 
 290      FEF2CEAC 
 290      BF6BE9BF 
 290      F9
 291 0891 0B3E9C27 		.ascii	"\013>\234'\321?\037\315\235=w\366\002\343\213^\334\321"
 291      D13F1FCD 
 291      9D3D77F6 
 291      02E38B5E 
 291      DCD1
 292 08a3 29B00829 		.ascii	")\260\010)\341\213aY\034\024m\226\335\366\251\325Np"
 292      E18B6159 
 292      1C146D96 
 292      DDF6A9D5 
 292      4E70
 293 08b5 529C1F43 		.ascii	"R\234\037Cb\346\304\210\363b\304\277\306h>\231=7\346"
 293      62E6C488 
 293      F362C4BF 
 293      C6683E99 
 293      3D37E6
 294 08c8 CDB17871 		.ascii	"\315\261xq)\213\027\247$\233\255\313\035\0306\217\374"
 294      298B17A7 
 294      249BADCB 
 294      1D18368F 
 294      FC
 295 08d9 DDE8E5CB 		.ascii	"\335\350\345\313\315\251\216\305\3213\022\242\247G/"
 295      CDA98EC5 
 295      D13312A2 
 295      A7472F
 296 08e8 8F437CFD 		.ascii	"\217C|\375l\032\320\002$k\2265A\357e?e\211\247\024v"
 296      6C1AD002 
 296      246B9635 
 296      41EF653F 
 296      6589A714 
 297 08fd 6BAAD5A1 		.ascii	"k\252\325\241\213K\234\277\"\365\375\330$\207&.1\326"
 297      8B4B9CBF 
 297      22F5FDD8 
 297      2487262E 
 297      31D6
 298 090f FECBB1BE 		.ascii	"\376\313\261\276\354\016O\350q\211\210\032@C\215\012"
ARM GAS  /tmp/cckcYXhR.s 			page 23


 298      EC0E4FE8 
 298      7189881A 
 298      40438D0A 
 299 091f 51C30921 		.ascii	"Q\303\011!\026K\302\322\3448\213%\362\255\267\376\364"
 299      164BC2D2 
 299      E4388B25 
 299      F2ADB7FE 
 299      F4
 300 0930 A6D63DFA 		.ascii	"\246\326=\372/\"\347\374\305"
 300      2F22E7FC 
 300      C5
 301              		.text
 302              		.section	.gnu.lto_.symtab.70de2c751cfe45b0,"",%progbits
 303 0000 7764675F 		.ascii	"wdg_lld_init\000"
 303      6C6C645F 
 303      696E6974 
 303      00
 304 000d 00       		.ascii	"\000"
 305 000e 00       		.ascii	"\000"
 306 000f 00       		.ascii	"\000"
 307 0010 00000000 		.ascii	"\000\000\000\000\000\000\000\000"
 307      00000000 
 308 0018 AE000000 		.ascii	"\256\000\000\000"
 309 001c 57444744 		.ascii	"WDGD1\000"
 309      3100
 310 0022 00       		.ascii	"\000"
 311 0023 00       		.ascii	"\000"
 312 0024 00       		.ascii	"\000"
 313 0025 00000000 		.ascii	"\000\000\000\000\000\000\000\000"
 313      00000000 
 314 002d 0B010000 		.ascii	"\013\001\000\000"
 315 0031 7764675F 		.ascii	"wdg_lld_start\000"
 315      6C6C645F 
 315      73746172 
 315      7400
 316 003f 00       		.ascii	"\000"
 317 0040 00       		.ascii	"\000"
 318 0041 00       		.ascii	"\000"
 319 0042 00000000 		.ascii	"\000\000\000\000\000\000\000\000"
 319      00000000 
 320 004a FA000000 		.ascii	"\372\000\000\000"
 321 004e 7764675F 		.ascii	"wdg_lld_stop\000"
 321      6C6C645F 
 321      73746F70 
 321      00
 322 005b 00       		.ascii	"\000"
 323 005c 00       		.ascii	"\000"
 324 005d 00       		.ascii	"\000"
 325 005e 00000000 		.ascii	"\000\000\000\000\000\000\000\000"
 325      00000000 
 326 0066 FC000000 		.ascii	"\374\000\000\000"
 327 006a 7764675F 		.ascii	"wdg_lld_reset\000"
 327      6C6C645F 
 327      72657365 
 327      7400
 328 0078 00       		.ascii	"\000"
 329 0079 00       		.ascii	"\000"
ARM GAS  /tmp/cckcYXhR.s 			page 24


 330 007a 00       		.ascii	"\000"
 331 007b 00000000 		.ascii	"\000\000\000\000\000\000\000\000"
 331      00000000 
 332 0083 FE000000 		.ascii	"\376\000\000\000"
 333 0087 63685379 		.ascii	"chSysHalt\000"
 333      7348616C 
 333      7400
 334 0091 00       		.ascii	"\000"
 335 0092 02       		.ascii	"\002"
 336 0093 00       		.ascii	"\000"
 337 0094 00000000 		.ascii	"\000\000\000\000\000\000\000\000"
 337      00000000 
 338 009c 09010000 		.ascii	"\011\001\000\000"
 339              		.text
 340              		.section	.gnu.lto_.opts,"",%progbits
 341 0000 272D666D 		.ascii	"'-fmath-errno' '-fsigned-zeros' '-ftrapping-math' '"
 341      6174682D 
 341      6572726E 
 341      6F272027 
 341      2D667369 
 342 0033 2D666E6F 		.ascii	"-fno-trapv' '-fno-strict-overflow' '-fno-openmp' '-"
 342      2D747261 
 342      70762720 
 342      272D666E 
 342      6F2D7374 
 343 0066 666E6F2D 		.ascii	"fno-openacc' '-mcpu=cortex-m4' '-mfloat-abi=hard' '"
 343      6F70656E 
 343      61636327 
 343      20272D6D 
 343      6370753D 
 344 0099 2D6D6670 		.ascii	"-mfpu=fpv4-sp-d16' '-mno-thumb-interwork' '-mthumb'"
 344      753D6670 
 344      76342D73 
 344      702D6431 
 344      36272027 
 345 00cc 20272D67 		.ascii	" '-ggdb' '-O' '-fomit-frame-pointer' '-falign-funct"
 345      67646227 
 345      20272D4F 
 345      2720272D 
 345      666F6D69 
 346 00ff 696F6E73 		.ascii	"ions=16' '-ffunction-sections' '-fdata-sections' '-"
 346      3D313627 
 346      20272D66 
 346      66756E63 
 346      74696F6E 
 347 0132 666E6F2D 		.ascii	"fno-common' '-flto'\000"
 347      636F6D6D 
 347      6F6E2720 
 347      272D666C 
 347      746F2700 
 348              		.text
 349              		.comm	__gnu_lto_v1,1,1
 350              		.comm	__gnu_lto_slim,1,1
 351              		.ident	"GCC: (15:6.3.1+svn253039-1build1) 6.3.1 20170620"
ARM GAS  /tmp/cckcYXhR.s 			page 25


DEFINED SYMBOLS
                            *ABS*:0000000000000000 hal_wdg_lld.c
                            *COM*:0000000000000001 __gnu_lto_v1
                            *COM*:0000000000000001 __gnu_lto_slim

NO UNDEFINED SYMBOLS
