ARM GAS  /tmp/ccBErnfY.s 			page 1


   1              		.cpu cortex-m4
   2              		.eabi_attribute 27, 1
   3              		.eabi_attribute 28, 1
   4              		.eabi_attribute 20, 1
   5              		.eabi_attribute 21, 1
   6              		.eabi_attribute 23, 3
   7              		.eabi_attribute 24, 1
   8              		.eabi_attribute 25, 1
   9              		.eabi_attribute 26, 1
  10              		.eabi_attribute 30, 1
  11              		.eabi_attribute 34, 1
  12              		.eabi_attribute 18, 4
  13              		.file	"hal_st.c"
  14              		.text
  15              	.Ltext0:
  16              		.section	.gnu.lto_.profile.af3b2d3cab50afe5,"",%progbits
  17 0000 789C6365 		.ascii	"x\234ce`b`a```dp\227\003\000\001,\000r"
  17      60626061 
  17      60606064 
  17      70970300 
  17      012C0072 
  18              		.text
  19              		.section	.gnu.lto_.inline.af3b2d3cab50afe5,"",%progbits
  20 0000 789C6365 		.ascii	"x\234ce`b(g@\000V\006\006\026\036F\240 \003\003\333"
  20      60622867 
  20      40005606 
  20      06161E46 
  20      A0200303 
  21 0015 027910C5 		.ascii	"\002y\020\305\300\310\005\"\030xx\201\302|\033r\341"
  21      C0C80522 
  21      18787881 
  21      C27C1B72 
  21      E1
  22 0026 E24CDC20 		.ascii	"\342L\334 af\006\026f\240\004\323\005~\270\004\013\003"
  22      61660616 
  22      66A004D3 
  22      057EB804 
  22      0B03
  23 0038 17375088 		.ascii	"\0277P\210k\202\037\232Z6\\\022\014\000(?\010\357"
  23      6B821F9A 
  23      5A365C12 
  23      0C00283F 
  23      08EF
  24              		.text
  25              		.section	.gnu.lto_.jmpfuncs.af3b2d3cab50afe5,"",%progbits
  26 0000 789C6365 		.ascii	"x\234ce`b\020e@\000V\020\301\010\304\314\014\014,@\212"
  26      60621065 
  26      40005610 
  26      C108C4CC 
  26      0C0C2C40 
  27 0015 0DC40700 		.ascii	"\015\304\007\000\004\270\0000"
  27      04B80030 
  28              		.text
  29              		.section	.gnu.lto_.pureconst.af3b2d3cab50afe5,"",%progbits
  30 0000 789C6365 		.ascii	"x\234ce`b\340f```e\220`\224b\226b\221b\223\002\000\004"
  30      6062E066 
  30      60606065 
ARM GAS  /tmp/ccBErnfY.s 			page 2


  30      90609462 
  30      96629162 
  31 0018 1E00A6   		.ascii	"\036\000\246"
  32              		.text
  33              		.section	.gnu.lto_stInit.af3b2d3cab50afe5,"",%progbits
  34 0000 789C254D 		.ascii	"x\234%M\275\016\001a\020\334\371>?\227\210\007\020\205"
  34      BD0E0161 
  34      10DCF93E 
  34      3F978807 
  34      1085
  35 0012 28AFB97B 		.ascii	"(\257\271{\010\017\240\360\000\202\206D\"q\372\373P"
  35      080FA0F0 
  35      00828644 
  35      2271FAFB 
  35      50
  36 0023 48286844 		.ascii	"H(hD\256:\241@%\312\353.\036@\241\245Rh\320K\204\263"
  36      AE3AA140 
  36      25CAEB2E 
  36      1E40A1A5 
  36      5268D04B 
  37 0039 1F934C66 		.ascii	"\037\223Lf\2633;\033'AK\"\3123\263LH\202\230\034\210"
  37      B3333B1B 
  37      27414B22 
  37      CA33B34C 
  37      4882981C 
  38 004e BA8600F4 		.ascii	"\272\206\000\364\240\014\220+\340b,g\022\373\3015\020"
  38      A00C902B 
  38      E0622C67 
  38      12FBC135 
  38      10
  39 005f E64A31C2 		.ascii	"\346J1\302\3313\243\326!|I\34415\260\202I\034\273\354"
  39      D933A3D6 
  39      217C49E4 
  39      3135B082 
  39      491CBBEC 
  40 0073 3ED37422 		.ascii	">\323t\"\366\337c\215\004X\267G\204\352\023\015Tx^ "
  40      F6DF638D 
  40      0458B747 
  40      84EA130D 
  40      54785E20 
  41 0087 8AB33564 		.ascii	"\212\2635d\352\037#)\264\312\033\372\363WV\347uI\020"
  41      EA1F2329 
  41      B4CA1BFA 
  41      F35756E7 
  41      754910
  42 009a DC4F49F7 		.ascii	"\334OI\367\255\014_\302\223\334\200\015\\\3629\373@"
  42      AD0C5FC2 
  42      93DC800D 
  42      5CF239FB 
  42      40
  43 00ab 6F1EA57E 		.ascii	"o\036\245~9\215!\233|.\210r\226e\027\352\215j\243X\262"
  43      398D219B 
  43      7C2E8872 
  43      966517EA 
  43      8D6AA358 
  44 00c0 5B8E5DAF 		.ascii	"[\216]\2574m\247]\323Zv:V\215\276\3578A\343"
  44      346DA75D 
ARM GAS  /tmp/ccBErnfY.s 			page 3


  44      D35A763A 
  44      568DBEEF 
  44      3841E3
  45              		.text
  46              		.section	.gnu.lto_stStartAlarm.af3b2d3cab50afe5,"",%progbits
  47 0000 789C9D53 		.ascii	"x\234\235S[HTQ\024=\353\236;w\306\311G\320G}\210\015"
  47      5B485451 
  47      143DEB9E 
  47      3B77C6C9 
  47      47D0477D 
  48 0016 D103FB98 		.ascii	"\321\003\373\230\213=\240\257~\212 P\372\320\377\036"
  48      8B3DA0AF 
  48      7E8A2050 
  48      FAD0FF1E 
  49 0026 16281945 		.ascii	"\026(\031E#}6G\035\225\354I\341cD\271\202\2059\345\263"
  49      237D3647 
  49      1D95EC49 
  49      E16344B9 
  49      828539E5 
  50 003b 9763634E 		.ascii	"\227ccNc\032}he\020\244\005\222%\232\023\364\220\302"
  50      631A7D68 
  50      6510A405 
  50      92259A13 
  50      F490C2
  51 004e 1EDA3E67 		.ascii	"\036\332>g\306\260\372\251.\3349\367\034\326^k\257\263"
  51      C6B0FAA9 
  51      2EDC39F7 
  51      1CD65E6B 
  51      AFB3
  52 0060 F6D898C6 		.ascii	"\366\330\230\306\326\352\214\355g\214m\242\0276\006"
  52      D6EA8CED 
  52      678C6DA2 
  52      173606
  53 006f EDDC1063 		.ascii	"\355\334\020cE\016M\343\335iL8\365\247&\023\211\034"
  53      450E4DE3 
  53      DD694C38 
  53      F5A72613 
  53      891C
  54 0081 7AEC5807 		.ascii	"z\354X\007\344\207p\200y5\256\303\213\263\274\232#R"
  54      E4877080 
  54      7935AEC3 
  54      8BB3BC9A 
  54      2352
  55 0093 3E11D4D2 		.ascii	">\021\324\322\233\004=\341\352.\243L\224\256\2608c~"
  55      9B043DE1 
  55      EA2EA34C 
  55      94AEB038 
  55      637E
  56 00a5 7AE58326 		.ascii	"z\345\203&\244\023\352\261\257\275\216\237\341\026\007"
  56      A413EAB1 
  56      AFBD8E9F 
  56      E11607
  57 00b4 74DABE1F 		.ascii	"t\332\276\037\254\035O\226[\015.\332~\015\264?O\341"
  57      AC1D4F96 
  57      5B0D2EDA 
  57      7E0DB43F 
  57      4FE1
ARM GAS  /tmp/ccBErnfY.s 			page 4


  58 00c6 ABC0E87B 		.ascii	"\253\300\350{\262w\354<\326]\022\242X\204\243\027\270"
  58      B277EC3C 
  58      D65D12A2 
  58      5884A317 
  58      B8
  59 00d7 586D718E 		.ascii	"Xmq\216\0008\021\242\031\251\270\214TFG\014W\260N\342"
  59      003811A2 
  59      19A9B88C 
  59      5446470C 
  59      57B04EE2 
  60 00eb 5F76CC55 		.ascii	"_v\314U&\031z\343\202&\256\302\000-t\3206\214\260\230"
  60      26197AE3 
  60      8226AEC2 
  60      002D74D0 
  60      368CB098 
  61 00ff 9B2F17E1 		.ascii	"\233/\027\341\231\213x\262\303I\016\250\310F\345\272"
  61      998B78B2 
  61      C3490EA8 
  61      C846E5BA 
  62 010f 217F18AB 		.ascii	"!\177\030\253\240\012i\352$\327\344\312\247\020\351"
  62      A00A69EA 
  62      24D7E4CA 
  62      A710E9
  63 011e 9E1D99A9 		.ascii	"\236\035\231\251\333\372\223\330\0273\0262\270b\366"
  63      DBFA93D8 
  63      17331632 
  63      B862F6
  64 012d 732C1265 		.ascii	"s,\022eh\201AZ\2550\352\271\215\316\253J#\017\355\322"
  64      6881415A 
  64      AD30EAB9 
  64      8DCEAB4A 
  64      230FEDD2 
  65 0141 974DC186 		.ascii	"\227M\301\206Z>\277s\306\266\222F:ol\375t\337a\241\036"
  65      5A3EBF73 
  65      C6B69246 
  65      3A6F6CFD 
  65      74DF61A1 
  66 0156 1637D04E 		.ascii	"\0267\320N~\332\310\217\304\006\006g>\332\315\026\341"
  66      7EDAC88F 
  66      C4060667 
  66      3EDACD16 
  66      E1
  67 0167 2B1263D3 		.ascii	"+\022c\323\303\313\306\355\026\267\243\003\026j\250"
  67      C3CBC6ED 
  67      16B7A303 
  67      166AA8
  68 0176 47A5834E 		.ascii	"G\245\203N\230l\012%\337\312\236%\304$\343\252\375\363"
  68      986C0A25 
  68      DFCA9E25 
  68      C424E3AA 
  68      FDF3
  69 0188 9FC32952 		.ascii	"\237\303)RF\207\206k\304\367\012\276\321\276\352\320"
  69      4687866B 
  69      C4F70ABE 
  69      D1BEEAD0 
  70 0198 0064CB04 		.ascii	"\000d\313\004#L[48\233\024\3030\\\227\232L\332\346\254"
  70      234C5B34 
ARM GAS  /tmp/ccBErnfY.s 			page 5


  70      389B14C3 
  70      305C979A 
  70      4CDAE6AC 
  71 01ac 3B8D4FC3 		.ascii	";\215O\303\347\222H\331F0\030\035\265{\277\013\207\305"
  71      E79248D9 
  71      4630181D 
  71      B57BBF0B 
  71      87C5
  72 01be 1D7EBA15 		.ascii	"\035~\272\025\206\033\360\262\305\326\022\224\265\222"
  72      861BF0B2 
  72      C5D61294 
  72      B592
  73 01cc 2FBD1F93 		.ascii	"/\275\037\223\011Ga'\310\273\227g\017j\257\034$kEK-"
  73      09476127 
  73      C8BB9767 
  73      0F6AAF1C 
  73      246B454B 
  74 01e1 EEC42D1A 		.ascii	"\356\304-\032\220\233qo\363o:[\023\010\\#\204K\022t"
  74      909B716F 
  74      F36F3A5B 
  74      13085C23 
  74      844B1274 
  75 01f5 912D2588 		.ascii	"\221-%\210 \274\026_\242Z\321U\002\257\241\311\212\023"
  75      20BC165F 
  75      A25AD155 
  75      02AFA1C9 
  75      8A13
  76 0207 E18A7B4E 		.ascii	"\341\212{N\276GIY\201\233Q\254iT\0231\341O\364\213\260"
  76      BE474959 
  76      819B51AC 
  76      69541331 
  76      E14FF48B 
  77 021c CF2587A2 		.ascii	"\317%\207\242\373\327\241P\323v\033k\352\211\211r\254"
  77      FBD7A150 
  77      D3761B6B 
  77      EA898972 
  77      AC
  78 022d 9D1D8956 		.ascii	"\235\035\211Vn\371=\307G\006\227\230x\226\374\227,C"
  78      6EF93DC7 
  78      47069798 
  78      7896FC97 
  78      2C43
  79 023f 2ACB1E18 		.ascii	"*\313\036\030\177\035S\347\362\017t!\211\270\243bB\214"
  79      7F1D53E7 
  79      F20F7421 
  79      89B8A362 
  79      428C
  80 0251 42FAADEA 		.ascii	"B\372\255\352xad\264IPC'd\220\2750\261\236\030\024\002"
  80      786164B4 
  80      49504327 
  80      6490BD30 
  80      B19E1814 
  81 0266 6164C4BB 		.ascii	"ad\304\273\234\231\014\225&\377\203f\303q\311vW\351"
  81      9C990C95 
  81      26FF8366 
  81      C371C976 
  81      57E9
ARM GAS  /tmp/ccBErnfY.s 			page 6


  82 0278 6971B608 		.ascii	"iq\266\010\314\305\371\330\251\217>\252T\354=\377\301"
  82      CCC5F9D8 
  82      A98F3EAA 
  82      54EC3DFF 
  82      C1
  83 0289 7E6F61E8 		.ascii	"~oa\350\024{\277b\017Y\247\232\2351v\015\003T\371\032"
  83      147BBF62 
  83      0F59A79A 
  83      9D31760D 
  83      0354F91A 
  84 029d C563272F 		.ascii	"\305c'/\347\252\177\233\274P\366\026\305\015M\247c\261"
  84      E7AA7F9B 
  84      BC50F616 
  84      C50D4DA7 
  84      63B1
  85 02af CAA782EE 		.ascii	"\312\247\202\356\203\002\245\011Z\351v\233\333\362\362"
  85      8302A509 
  85      5AE9769B 
  85      DBF2F2
  86 02be F7E5EFCA 		.ascii	"\367\345\357\3126\017{\314\274\275\005\246\347h\256"
  86      360F7BCC 
  86      BCBD05A6 
  86      E768AE
  87 02cd 5C777B0A 		.ascii	"\\w{\012\335\271\314\276w\237\2470\377\320\201\315\177"
  87      DDB9CCBE 
  87      779FA730 
  87      FFD081CD 
  87      7F
  88 02de E28E1C3E 		.ascii	"\342\216\034>Z\3501\263s\2626n033\267\2339;\263\216"
  88      5AE831B3 
  88      73B2366E 
  88      303333B7 
  88      9B393BB3 
  89 02f3 65C42B77 		.ascii	"e\304+w\027\024\354w\3471]\226\376\000hr{F"
  89      1714EC77 
  89      E7315D96 
  89      FE006872 
  89      7B46
  90              		.text
  91              		.section	.gnu.lto_stStopAlarm.af3b2d3cab50afe5,"",%progbits
  92 0000 789C6550 		.ascii	"x\234eP\301JBA\024\275g\306\236\022\264/\022Z\264r\363"
  92      C14A4241 
  92      14BD67C6 
  92      9E12B42F 
  92      125AB472 
  93 0015 868ABEA0 		.ascii	"\206\212\276\240\010\002\245\205BK)[(\010\206O\332\372"
  93      0802A585 
  93      424B295B 
  93      2808864F 
  93      DAFA
  94 0027 0C4D50A8 		.ascii	"\014MP\2506i.\342-\\X\232J\313\240@$\010\202\014\372"
  94      36692EE2 
  94      2D5C589A 
  94      4ACBA040 
  94      2408820C 
  95 003c 026911B4 		.ascii	"\002i\021\264\010\302\244\204\300\232\321\010\241\013"
  95      08C2A484 
ARM GAS  /tmp/ccBErnfY.s 			page 7


  95      C09AD108 
  95      A10B
  96 004a 873B73EE 		.ascii	"\207;s\356\275\347\334\2311b\244\203h\235\210\246%\300"
  96      BDE7DC99 
  96      3162A483 
  96      689D88A6 
  96      25C0
  97 005c 09ECB045 		.ascii	"\011\354\260E\224p0@\035L\007(\316\020\307\001\317s"
  97      94703040 
  97      1D4C0728 
  97      CE10C701 
  97      CF73
  98 006e 34D3CF97 		.ascii	"4\323\317\227\314U2e4\362]m\317LMZ\234\250 \241\002"
  98      CC553265 
  98      34F25D6D 
  98      CF4C4D5A 
  98      9CA820A1 
  99 0083 25B848B6 		.ascii	"%\270H\266=]\364\217&4\333\220\307)4iA\365G4\314\376"
  99      3D5DF48F 
  99      2634DB90 
  99      C7293469 
  99      41F54734 
 100 0099 77DA6CDC 		.ascii	"w\332l\334\024\361\265\"K\031\011\345\221\345Le\376"
 100      14F1B522 
 100      4B1909E5 
 100      91E54C65 
 100      FE
 101 00aa 8266B777 		.ascii	"\202f\267ww\225\323\377$\222C\247\236\306\0072\005\216"
 101      7795D3FF 
 101      249243A7 
 101      9EC60732 
 101      058E
 102 00bc 51799C41 		.ascii	"Qy\234A\223\372eh\222\314\245\232\017\366}nq\014zZ\325"
 102      93FA6568 
 102      92CCA59A 
 102      0FF67D6E 
 102      710C7A5A 
 103 00d1 CFB7F1E1 		.ascii	"\317\267\361\341Ui\330$U\254}\334:,\234\300\342\014"
 103      5569D824 
 103      55AC7DDC 
 103      3A2C9CC0 
 103      E20C
 104 00e3 E770A202 		.ascii	"\347p\242\002'\251\336\362}\367\335.\252f2a\266+\235"
 104      27A9DEF2 
 104      7DF7DD2E 
 104      AA663261 
 104      B62B9D
 105 00f6 A98E9CE2 		.ascii	"\251\216\234\342\250\302\302\261\\p`\202\032\304\250"
 105      A8C2C2B1 
 105      5C706082 
 105      1AC4A8
 106 0105 87DC0375 		.ascii	"\207\334\003u9\375\212\335v\366zV\3556\370\200\214,"
 106      39FD8ADD 
 106      76F67A56 
 106      ED36F880 
 106      8C2C
 107 0117 C89730A2 		.ascii	"\310\2270\242\031]\027K\301\320fh\315+\"\206\010n\204"
ARM GAS  /tmp/ccBErnfY.s 			page 8


 107      195D174B 
 107      C1D06668 
 107      CD2B2286 
 107      086E84
 108 012a 85110DA8 		.ascii	"\205\021\015\250\3547bz\200\026\377\327\267#\321\230"
 108      EC37627A 
 108      8016FFD7 
 108      B723D198 
 109 013a 21BC3ECF 		.ascii	"!\274>\317\302\274p\273\227\205o\325\2633\367;\341\017"
 109      C2BC70BB 
 109      97856FD5 
 109      B333F73B 
 109      E10F
 110 014c 87B7F420 		.ascii	"\207\267\364 \375\000\206`\202x"
 110      FD008660 
 110      8278
 111              		.text
 112              		.section	.gnu.lto_stSetAlarm.af3b2d3cab50afe5,"",%progbits
 113 0000 789C8D52 		.ascii	"x\234\215R[HTQ\024=\353\236;sg&\037A?}\230\015\221\210"
 113      5B485451 
 113      143DEB9E 
 113      3B736726 
 113      1F413F7D 
 114 0018 7DCCC51E 		.ascii	"}\314\305\036\320W?\005\021(}\350\277\371\010\264\014"
 114      D0573F05 
 114      11287DE8 
 114      BFF908B4 
 114      0C
 115 0029 C3917EE7 		.ascii	"\303\221~\347\250\243\222\202E\221\243\342p\005\013"
 115      A8A39282 
 115      4591A3E2 
 115      70050B
 116 0038 6B7CCC38 		.ascii	"k|\3148\2319c\345`\017\351C#?\202\314@J#\323\240R\022"
 116      993963E5 
 116      600FE943 
 116      233F82CC 
 116      404A23D3 
 117 004f 7B68FBDC 		.ascii	"{h\373\334\231B\353\247\003\367\236\007k\257\275\327"
 117      9942EBA7 
 117      03F79E07 
 117      6BAFBDD7 
 118 005f 5EDBC214 		.ascii	"^\333\302\024v\2063V\302\030;H\037,\014\312\345I\306"
 118      76863356 
 118      C2183B48 
 118      1F2C0CCA 
 118      E549C6
 119 0072 AA6D8AC2 		.ascii	"\252m\212\302\243\351L8\324\027:\023I\034j\374Y\005"
 119      A3E94C38 
 119      D4173A13 
 119      491C6AFC 
 119      5905
 120 0084 E441D8C0 		.ascii	"\344A\330\300<\012W\341\301%\356\343\030kx\027Q\262"
 120      3C0A57E1 
 120      C125EEE3 
 120      186B7817 
 120      51B2
 121 0096 BA05AD98 		.ascii	"\272\005\255\230/\244\325\213\272\235\006\361\266\321"
ARM GAS  /tmp/ccBErnfY.s 			page 9


 121      2FA4D58B 
 121      BA9D06F1 
 121      B6D1
 122 00a4 2717BA91 		.ascii	"'\027\272\221E\250\347\336P\007o\346\006\007T\272~\236"
 122      45A8E7DE 
 122      50076FE6 
 122      060754BA 
 122      7E9E
 123 00b6 687F9B22 		.ascii	"h\177\233\"\257\012\234t\375\036\010\315\244\362=`t"
 123      AF0A9C74 
 123      FD1E08CD 
 123      A4F23D60 
 123      74
 124 00c7 7E3F3A7B 		.ascii	"~?:{\005\2317\204\250\021\261\231\253\\\35458G\000\234"
 124      05993784 
 124      A811B199 
 124      AB5CEC35 
 124      3847009C 
 125 00db 08710B69 		.ascii	"\010q\013i\270\2114FO\014=\310\224\3707\003\353\327"
 125      B8893446 
 125      4F0C3DC8 
 125      94F83703 
 125      EBD7
 126 00ed 92AD6AD7 		.ascii	"\222\255j\327\357\234\350\205\025\264\321Cp\0121\261"
 126      EF9CE885 
 126      15B4D143 
 126      700A31B1 
 127 00fd BED12062 		.ascii	"\276\321 bs\3271r\\*\240 \013\205\253V\371c\254\221"
 127      73D73172 
 127      5C2AA020 
 127      0B85AB56 
 127      F963AC91 
 128 0111 22A4A826 		.ascii	"\"\244\250&\256\310\235/`,\2726\275\322q\344\017\261"
 128      AEC89D2F 
 128      602CBA36 
 128      BDD271E4 
 128      0FB1
 129 0123 372E6C50 		.ascii	"7.lP\343&s\033\307\246\244\014}\260R\256~X\375\334B"
 129      E326731B 
 129      C7A6A40C 
 129      7DB052AE 
 129      7E58FDDC 
 130 0138 EF2D7563 		.ascii	"\357-uc\3174\251\313b\302&\373V?9\342WI#\225w\365\177"
 130      CF34A9CB 
 130      62C226FB 
 130      563F39E2 
 130      57492395 
 131 014f 1DB719F0 		.ascii	"\035\267\031\360\303\340V\204HO\220\364Hl`beY\323\373"
 131      C3E05684 
 131      484F90F4 
 131      486C6062 
 131      6559D3FB 
 132 0163 84B75ACC 		.ascii	"\204\267Z\314.N\355x\253\031\\\303\000\014\264R\215"
 132      2E4EED78 
 132      AB195CC3 
 132      000CB452 
 132      8D
ARM GAS  /tmp/ccBErnfY.s 			page 10


 133 0174 661E84A1 		.ascii	"f\036\204\241\263\005\324\376\250\177i\217\247Ld}\274"
 133      B305D4FE 
 133      A87F698F 
 133      A74C647D 
 133      BC
 134 0185 B11A4B95 		.ascii	"\261\032K\225iT(\270M|s\360N?\364\015\216C\226L0\302"
 134      695428B8 
 134      4D7C73F0 
 134      4E3FF40D 
 134      8E43964C 
 135 019b 0497226B 		.ascii	"\004\227\"k\311q\014\303\240\314\311\244l\316\242\351"
 135      C9710CC3 
 135      A0CCC9A4 
 135      6CCEA2E9 
 136 01ab 7C115EA7 		.ascii	"|\021^\247D\3122\"\221\245W\232\347\247\260\031\334"
 136      44CA3222 
 136      91A5579A 
 136      E7A7B019 
 136      DC
 137 01bc D6465D61 		.ascii	"\326F]a\270\003\017\333,\315nJ\253\3756\272\234B82\333"
 137      B8030FDB 
 137      2CCD6E4A 
 137      ABFD36BA 
 137      9C423832 
 138 01d1 2E7B2FDF 		.ascii	".{/\337\236\266\367\234%i\325\333\015\356\300]\032\220"
 138      9EB6F79C 
 138      2569D5DB 
 138      0DEEC05D 
 138      1A90
 139 01e3 A184B68D 		.ascii	"\241\204\266\215\017\341~;\201[\205pJ\202a\222e&D\004"
 139      0FE17E3B 
 139      815B8570 
 139      4A826192 
 139      65264404 
 140 01f7 1E836F33 		.ascii	"\036\203o3KQM\007\346\241\310\210\213\261\306G\016~"
 140      4B514D07 
 140      E6A1C888 
 140      8BB1C647 
 140      0E7E
 141 0209 CA4C6504 		.ascii	"\312Le\004\206\226\220\321eN\304\023\177R\233\210y\235"
 141      869690D1 
 141      654EC413 
 141      7F529B88 
 141      799D
 142 021b 7228A25B 		.ascii	"r(\242[\207\302\234\266\021d\370\211\211|l_\233\356"
 142      87C29CB6 
 142      1164F889 
 142      897C6C5F 
 142      9BEE
 143 022d F51DFEDB 		.ascii	"\365\035\376\333\307a\215KL\302K\276\305\313{\246\227"
 143      C7618D4B 
 143      4CC24BBE 
 143      C5CB7BA6 
 143      97
 144 023e F761FD6F 		.ascii	"\367a\375o\233\302\273\276PC\222\360\300\264\011q\012"
 144      9BC2BBBE 
 144      504392F0 
ARM GAS  /tmp/ccBErnfY.s 			page 11


 144      C0B40971 
 144      0A
 145 024f A9B765E0 		.ascii	"\251\267e\340\2655;(A\235aH#G\241c\0371\230\010\304"
 145      B5353B28 
 145      419D6148 
 145      2347A163 
 145      1F319808 
 146 0264 902DAB9C 		.ascii	"\220-\253\234G\315l\323L\2619\261\262(\366\0215\235"
 146      47CD6CD3 
 146      4CB139B1 
 146      B228F611 
 146      359D
 147 0276 ABCDF1D6 		.ascii	"\253\315\361\326\310\325H\234\324\024ra\267\313\245"
 147      C8D5489C 
 147      D4147261 
 147      B7CBA5
 148 0285 1F2D2D2B 		.ascii	"\037--+*;\231\247W\270\365\322\302r\335]Y,\367\002w"
 148      2A3B99A7 
 148      57B8F5D2 
 148      C272DD5D 
 148      592CF702 
 149 029a 95AB9869 		.ascii	"\225\253\230i\205E\356\252\262s\247\017\375\213;_QY"
 149      8545EEAA 
 149      B273A70F 
 149      FD8B3B5F 
 149      5159
 150 02ac E5D6F3F2 		.ascii	"\345\326\363\362s\017\354\327sr\216\351\371'r/d'\"\013"
 150      730FECD7 
 150      73728EE9 
 150      F927722F 
 150      6427220B 
 151 02c0 CACB4B5C 		.ascii	"\312\313K\\\245L\225\241\277\000\257\254>5"
 151      A54C95A1 
 151      BF00AFAC 
 151      3E35
 152              		.text
 153              		.section	.gnu.lto_stGetAlarm.af3b2d3cab50afe5,"",%progbits
 154 0000 789C8D52 		.ascii	"x\234\215RMHTQ\024>\337\273o\336\233\261\264\240M\204"
 154      4D485451 
 154      143EDFBB 
 154      6FDE9BB1 
 154      B4A04D84 
 155 0014 A85B5BCC 		.ascii	"\250[[\314\303~\266m\012\"PZ(\264\224\262\205\222`8"
 155      C37EB66D 
 155      0A22505A 
 155      28B494B2 
 155      85926038 
 156 0028 D276AE3A 		.ascii	"\322v\256:\025)T\0249\376\362\002\027\226\246\243\366"
 156      15295414 
 156      39FEF202 
 156      1796A6A3 
 156      F6
 157 0039 3B53D4A0 		.ascii	";S\324\240\204$h\345\"\350\017$\335X\006\226Cf\231v"
 157      842468E5 
 157      22E80F24 
 157      DD580696 
 157      43669976 
ARM GAS  /tmp/ccBErnfY.s 			page 12


 158 004d CE7B1656 		.ascii	"\316{\026V\233\036\334{\3379\367{\3379\337w^\200\014"
 158      9B1EDC7B 
 158      DF39F77B 
 158      DF39DF77 
 158      5E800C
 159 0060 7A63101D 		.ascii	"zc\020\035!\242=\274\020 \030\027'\211\352\203\206\241"
 159      21A23DBC 
 159      10201817 
 159      2789EA83 
 159      86A1
 160 0072 5279A4B3 		.ascii	"Ry\244\263\314\027\016\351\315\012\246\2376\001y\321"
 160      CC170EE9 
 160      CD0AA69F 
 160      360179D1 
 161 0082 4150D450 		.ascii	"AP\324P&\242\270\240\342\012\317c\203\235\352\274r\025"
 161      26A2B8A0 
 161      E20ACF63 
 161      839DEABC 
 161      7215
 162 0094 C1E4F0D3 		.ascii	"\301\344\360\323D\373L\216\204@\001\207\035z\352\234"
 162      44FB4C8E 
 162      84400187 
 162      1D7AEA9C 
 163 00a4 5DD8A375 		.ascii	"]\330\243u\203N\307\027\354\216\341g:\344*\203\332\030"
 163      834EC717 
 163      EC8EE167 
 163      3AE42A83 
 163      DA18
 164 00b6 7E0DB9E8 		.ascii	"~\015\271\350A\256\024\277\216Bb\364\273\241\325+\331"
 164      41AE14BF 
 164      8E4262F4 
 164      BBA1D52B 
 164      D9
 165 00c7 96D9AD48 		.ascii	"\226\331\255H\000\234\357\205\005>8\221\230BZ\257\256"
 165      009CEF85 
 165      053E3891 
 165      98425AAF 
 165      AE
 166 00d8 9DD5E9D9 		.ascii	"\235\325\351\331n|?h\233\344*\025\220\315\222\215\250"
 166      6E7C3F68 
 166      9BE42A15 
 166      90CD928D 
 166      A8
 167 00e9 8997F4D7 		.ascii	"\211\227\364\327\314\354|\2529\214\244\226\3073\235"
 167      CCEC7CAA 
 167      398CA496 
 167      C7339D
 168 00f8 FB7EF3C6 		.ascii	"\373~\363\3064?\351x\306V\036q\233\302\206\232\204>"
 168      343FE978 
 168      C6561E71 
 168      9BC2869A 
 168      843E
 169 010a 585CEA06 		.ascii	"X\\\352\006\254.%BZN\217<\265E\210\351\301&\373\227"
 169      AC2E2542 
 169      5A4E8F3C 
 169      B54588E9 
 169      C126FB97 
ARM GAS  /tmp/ccBErnfY.s 			page 13


 170 011e 16B2FC50 		.ascii	"\026\262\374Ph\004\321=\360e,\350\242\013\256\012`\200"
 170      6804D13D 
 170      F0652CE8 
 170      A20BAE0A 
 170      6080
 171 0130 C5F48B18 		.ascii	"\305\364\213\030\276\350\235\310,\332N\277\216\325\353"
 171      BEE89DC8 
 171      2CDA4EBF 
 171      8ED5EB
 172 013f E9BEA96D 		.ascii	"\351\276\251m3\266\253,$\340\242\225{\364\352`\020\016"
 172      33B6AB2C 
 172      24E0A295 
 172      7BF4EA60 
 172      100E
 173 0151 CDA171E5 		.ascii	"\315\241q\345\314\313\220_2\340W}\274\266\224\336\""
 173      CCCB905F 
 173      32E0577D 
 173      BCB694DE 
 173      22
 174 0162 65140C0C 		.ascii	"e\024\014\0141\337,b\257F\343\2311H\313\014cLb>\271"
 174      31DF2C62 
 174      AF46E399 
 174      3148CB0C 
 174      634C623E 
 175 0177 9CED6308 		.ascii	"\234\355c\010\303\236\201\"[Q*O}@\254@\220\322F29\377"
 175      C39E8122 
 175      5B512A4F 
 175      7D40AC40 
 175      90D24632 
 176 018d DA8EFED0 		.ascii	"\332\216\376\320AW\331m\354\012\341&\242\264QZ\320\223"
 176      4157D96D 
 176      EC0AE126 
 176      A2B4515A 
 176      D093
 177 019f D6F8EDD1 		.ascii	"\326\370\355\321b\016\343\266sB\254\227\334\223\366"
 177      620EE3B6 
 177      7342AC97 
 177      DC93F6
 178 01ae BE132CAD 		.ascii	"\276\023,\255~\253\253B\270\315\263\276\265\256m\355"
 178      7EABAB42 
 178      B8CDB3BE 
 178      B5AE6DED 
 179 01be FDF04088 		.ascii	"\375\360@\210\301\255Z\027\010\301\035\226\345\025\304"
 179      C1AD5A17 
 179      08C11D96 
 179      E515C4
 180 01cd 5D445D95 		.ascii	"]D]\225\345\265b\376\232\300\303\345\361\225\370\216"
 180      E5B562FE 
 180      9AC0C3E5 
 180      F195F88E 
 181 01dd BF2670F9 		.ascii	"\277&p\371\253\275>\000\365\307\000\356y\003H\212L\353"
 181      ABBD3E00 
 181      F5C700EE 
 181      7903488A 
 181      4CEB
 182 01ef BFEDFD9C 		.ascii	"\277\355\375\234\177\211\177\250MHy\366\302g\221>[\206"
 182      7F897FA8 
ARM GAS  /tmp/ccBErnfY.s 			page 14


 182      4D4879F6 
 182      C267913E 
 182      5B86
 183 0201 DE5A4509 		.ascii	"\336ZE\011\001]M\0312\200\373p\260\223\031<\004\036"
 183      015D4D19 
 183      3280FB70 
 183      B093193C 
 183      041E
 184 0213 A0883EA2 		.ascii	"\240\210>\242a\272ye\324\362\255\265\304\306&\246\340"
 184      61BA7965 
 184      D4F2ADB5 
 184      C4C626A6 
 184      E0
 185 0224 DED9ACFC 		.ascii	"\336\331\254\374p\330\331_Yu\254\352p\251S\023q*\217"
 185      70D8D95F 
 185      5975ACEA 
 185      70A95313 
 185      712A8F
 186 0237 563B91DA 		.ascii	"V;\221\332\0129\313#u\341\012\332\373\357\375\311\232"
 186      0A39CB23 
 186      75E10ADA 
 186      FBEFFDC9 
 186      9A
 187 0248 DABA8853 		.ascii	"\332\272\210SZV\262{\227S\\|\300);Tr\252h\375\213\362"
 187      5A56B27B 
 187      97535C7C 
 187      C0293B54 
 187      72AA68FD 
 188 025e EAEAE3E1 		.ascii	"\352\352\343\341J\372\011Vp\020\254"
 188      4AFA0956 
 188      7010AC
 189              		.text
 190              		.section	.gnu.lto_.symbol_nodes.af3b2d3cab50afe5,"",%progbits
 191 0000 789C558A 		.ascii	"x\234U\212\313\015\3020\020\005g\337\306\021i\203\032"
 191      CB0DC230 
 191      100567DF 
 191      C6116983 
 191      1A
 192 0011 28002A5B 		.ascii	"(\000*[\037R\000E\320B\220\010\177\012\240\006*AX\316"
 192      1F520045 
 192      D0429008 
 192      7F0AA006 
 192      2A4158CE 
 193 0025 05BFCB48 		.ascii	"\005\277\313H3/!\216\224\351\244\200\375\033\012\346"
 193      332F218E 
 193      94E9A480 
 193      FD1B0AE6 
 194 0035 BC2B6656 		.ascii	"\274+fVXc\322C\3445\270\316\012\265\347\213\302\333"
 194      5863D243 
 194      E435B8CE 
 194      0AB5E78B 
 194      C2DB
 195 0047 F353B69C 		.ascii	"\363S\266\234\257\212\256M/\251&\273)RM\220\363\026"
 195      AF8AAE4D 
 195      2FA926BB 
 195      29524D90 
 195      F316
ARM GAS  /tmp/ccBErnfY.s 			page 15


 196 0059 ECAEE8FF 		.ascii	"\354\256\350\377\205\263\342\360\371\232\333\3008m\274"
 196      85B3E2F0 
 196      F99ADBC0 
 196      386DBC
 197 0068 5BD057F0 		.ascii	"[\320W\360\003\322<*\314"
 197      03D23C2A 
 197      CC
 198              		.text
 199              		.section	.gnu.lto_.refs.af3b2d3cab50afe5,"",%progbits
 200 0000 789C6365 		.ascii	"x\234ce`b\020````ddbbadabeadcbga\000\000\003S\000F"
 200      60621060 
 200      60606064 
 200      64626261 
 200      64616265 
 201              		.text
 202              		.section	.gnu.lto_.decls.af3b2d3cab50afe5,"",%progbits
 203 0000 789CB557 		.ascii	"x\234\265W{PT\327\031\277\347\236\273<v\001\355&\343"
 203      7B5054D7 
 203      19BFE79E 
 203      BB3C7601 
 203      ED26E3
 204 0013 D88949D4 		.ascii	"\330\211I\324!\003\323\032V4\235\332N\233h0M2\023\223"
 204      2103D31A 
 204      56349DDA 
 204      4E9B6830 
 204      4D321393 
 205 0027 CE6233FD 		.ascii	"\316b3\375\247\263\203H\0123\370\030vM\233\177\232\313"
 205      A7B38348 
 205      0A33F818 
 205      764D9B7F 
 205      9ACB
 206 0039 23BA1003 		.ascii	"#\272\020\003\242\242\200\032@\036\242\242<\024\020"
 206      A2A2801A 
 206      401EA2A2 
 206      3C1410
 207 0048 11584108 		.ascii	"\021XA\010\022A\304\007\242\"(\304'E\004\022\210\032"
 207      1241C407 
 207      A22228C4 
 207      27450412 
 207      881A
 208 005a E9771E97 		.ascii	"\351w\036\227{\367\012N:\323\336\331o\357\375\316\371"
 208      7BF70A4E 
 208      3AD3DED9 
 208      6FEFFDCE 
 208      F9
 209 006b 9DDFF73A 		.ascii	"\235\337\367:\347\336s\014\202(x\275(\010\307EA\360"
 209      E7DE730C 
 209      822878BD 
 209      2808C745 
 209      41F0
 210 007d 019980CB 		.ascii	"\001\231\200\313C\020\204C\202zy\202\034\006\251\003"
 210      43108443 
 210      827A7982 
 210      1C06A903 
 211 008d 3909D200 		.ascii	"9\011\322\000\322\004\322\014r\036\004\203t\203\334"
 211      D204D20C 
 211      721E0483 
ARM GAS  /tmp/ccBErnfY.s 			page 16


 211      7483DC
 212 009c 02B92BB8 		.ascii	"\002\271+\270_\177C\254\377c\220{\032^\221s6\013\317"
 212      5F7F43AC 
 212      FF63907B 
 212      1A5E9173 
 212      360BCF
 213 00af 5E9FC318 		.ascii	"^\237\303\030_>\306\014\002\356\011\325 \001 A\320\367"
 213      5F3EC60C 
 213      02EE09D5 
 213      20012041 
 213      D0F7
 214 00c1 3AC8103C 		.ascii	":\310\020<[\340\276\020\244\013\236;@\236r_^\201\266"
 214      5BE0BE10 
 214      A40B9E3B 
 214      409E725F 
 214      5E81B6
 215 00d4 5F81BC04 		.ascii	"_\201\274\004\"q\277\227 \346\353\357\341\216\270\277"
 215      2271BF97 
 215      20E6EBEF 
 215      E18EB8BF 
 216 00e4 DA2B9E63 		.ascii	"\332+\236c?\326\331@\234O\344\261\377\001=\353\357\246"
 216      3FD6D940 
 216      9C4FE4B1 
 216      FF013DEB 
 216      EFA6
 217 00f6 FFC2DF3F 		.ascii	"\377\302\337?\202\364i\374\0255\376J<\267\212\257oq"
 217      82F469FC 
 217      1535FE4A 
 217      3CB78AAF 
 217      6F71
 218 0108 5F6FE9EC 		.ascii	"_o\351\354}\005\215>\377\003[M\032[\313\270-}\375vb"
 218      7D058D3E 
 218      FF035B4D 
 218      1A5BCBB8 
 218      2D7DFD76 
 219 011d F453F1D1 		.ascii	"\364S\361\321$\323ut\015\021\310LDo,\013pC\374N'\016"
 219      24D37574 
 219      0D11C84C 
 219      446F2C0B 
 219      7043FC4E 
 220 0133 BD26BB91 		.ascii	"\275&\273\221(\360\004\"\332\302\301\354\201\352\"\347"
 220      28F00422 
 220      DAC2C1EC 
 220      81EA22E7 
 221 0143 5280DC07 		.ascii	"R\200\334\007\016\3222N\016\235\274\2246\344N\011=\""
 221      0ED2324E 
 221      0E9DBC94 
 221      36E44E09 
 221      3D22
 222 0155 9A6C4048 		.ascii	"\232l@H;@C\210\024\207h\017\322\032f\336c%\372\201\315"
 222      3B404388 
 222      1487680F 
 222      D21A66DE 
 222      6325FA81 
 223 016a 2359520F 		.ascii	"#YR\017\352F\310$d/E\264mS\331`\217\001\203\035x\356"
 223      EA46C824 
 223      642F45B4 
ARM GAS  /tmp/ccBErnfY.s 			page 17


 223      6D53D960 
 223      8F01831D 
 224 0180 F9B1F04F 		.ascii	"\371\261\360OAE2\273\274~\251\246\255qb\3145#\031#\263"
 224      414532BB 
 224      BC7EA9A6 
 224      AD7162CC 
 224      35231923 
 225 0195 1189A076 		.ascii	"\021\211\240v\014\235\331c\002\365E#\232\011\352x\354"
 225      0C9DD963 
 225      02F54523 
 225      9A09EA78 
 225      EC
 226 01a6 C593C6D9 		.ascii	"\305\223\306\331;\350\250xy\246\210>\236\205\212\320"
 226      3BE8A878 
 226      79A6883E 
 226      9E858AD0 
 227 01b6 1C7410CD 		.ascii	"\034t\020\315\001\017\016\241\331\360\277JbLm\271Cg"
 227      010F0EA1 
 227      D9F0BF4A 
 227      624C6DB9 
 227      4367
 228 01c8 BDE767CB 		.ascii	"\275\347g\313\331\275\262\2533\356\325\035\361r!\214"
 228      D9BDB2AB 
 228      33EED51D 
 228      F172218C 
 229 01d8 9A4B5068 		.ascii	"\232KPh?\302\350\000\012\"n\303#\374\027\242\036\204"
 229      3FC2E800 
 229      0A226EC3 
 229      23FC17A2 
 229      1E84
 230 01ea F6A1EB10 		.ascii	"\366\241\353\020\325a4\037F\307\027]I2\340E\324\331"
 230      D561341F 
 230      46C7175D 
 230      4932E045 
 230      D4D9
 231 01fc EEE6FD07 		.ascii	"\356\346\375\00718\021`D$\0173\240\251x\240\352G_\326"
 231      31381160 
 231      44240F33 
 231      A0A978A0 
 231      EA475FD6 
 232 0210 44101D29 		.ascii	"D\020\035)\303y\236\370-\372|.\241d7f\021H\240>l\315"
 232      C3799EF8 
 232      2DFA7C2E 
 232      A1643766 
 232      1148A03E 
 233 0226 ECF36311 		.ascii	"\354\363c\021\314\335\211\305\214\226\316z\011\005\032"
 233      CCDD89C5 
 233      8C96CE7A 
 233      09051A
 234 0235 0B4808AE 		.ascii	"\013H\010\256\316\21473\206\211S\025\310\210\312T\247"
 234      CE8C3733 
 234      86895315 
 234      C888CA54 
 234      A7
 235 0246 028CF0EF 		.ascii	"\002\214\360\357\224\3458yK\274\354\375\236\200\216"
 235      94E53879 
 235      4BBCECFD 
ARM GAS  /tmp/ccBErnfY.s 			page 18


 235      9E808E
 236 0255 42904720 		.ascii	"B\220G HT\216\002\211Q\202C\245\320X\002\215`e\177^"
 236      48548E02 
 236      89518243 
 236      A5D05802 
 236      8D60657F 
 237 026a EA5E0FFC 		.ascii	"\352^\017\374O\342\200\330T{\365\262\204\214\201S\216"
 237      4FE280D8 
 237      547BF5B2 
 237      848C8153 
 237      8E
 238 027b AF9A623C 		.ascii	"\257\232b<\363\345l\341\374\246/dYD\307\300\227J\325"
 238      F3E56CE1 
 238      FCA62F64 
 238      5944C7C0 
 238      974AD5
 239 028e 17708D25 		.ascii	"\027p\215%4\245\374\352\223\0318\017Q#\231\3059#x:#"
 239      34A5FCEA 
 239      9319380F 
 239      512399C5 
 239      3923783A 
 240 02a3 27A63532 		.ascii	"'\24652vh\341\376\013$\340j0r\\5rL1R\2335~T\224`jS\004"
 240      7668E1FE 
 240      0B24E06A 
 240      30725C35 
 240      724C3152 
 241 02c0 D412DA9A 		.ascii	"\324\022\332\232\253\036\365\343i\253^K\253^\203x\331"
 241      AB1EF5E3 
 241      69AB5E4B 
 241      AB5E8378 
 241      D9
 242 02d1 D3DB6EFA 		.ascii	"\323\333n\372A\325{i\325\003n\224\3112\004%K\004\206"
 242      41D57B69 
 242      D5036E94 
 242      C9320425 
 242      4B0486
 243 02e4 8A5583C5 		.ascii	"\212U\203\305\372\262\327\321\262\237~\\\346\207\317"
 243      FAB2D7D1 
 243      B29F7E5C 
 243      E687CF
 244 02f3 D11051E3 		.ascii	"\321\020Q\343\305\215g\215\234\252\343\245\014\331\025"
 244      C58D678D 
 244      9CAAE3A5 
 244      0CD915
 245 0302 2793F490 		.ascii	"'\223\364\220\371\343R\211\\z\242\223\224h\353\221\261"
 245      F9E35289 
 245      5C7AA293 
 245      9468EB91 
 245      B1
 246 0313 2C03EE66 		.ascii	",\003\356fL\371\373.\357\362\344L\365/O2\021\227\352"
 246      4CF9FB2E 
 246      EFF2E44C 
 246      F52F4F32 
 246      1197EA
 247 0326 55A67A3D 		.ascii	"U\246z=S\003e*\032m/\363\305w\030S_I\333mQ\233\012\222"
 247      5303652A 
 247      1A6D2FF3 
ARM GAS  /tmp/ccBErnfY.s 			page 19


 247      C5771853 
 247      5F49DB6D 
 248 033e 2535178D 		.ascii	"%5\027\215n+\300\231\\\320\257\230m\312\232\225\252"
 248      6E2BC099 
 248      5CD0AF98 
 248      6DCA9A95 
 248      AA
 249 034f AC0040A1 		.ascii	"\254\000@\241S\252\335Sz\273M\324\356\303\315\017\262"
 249      53AADD53 
 249      7ABB4DD4 
 249      EEC3CD0F 
 249      B2
 250 0360 67E01166 		.ascii	"g\340\021f7\353Hr\212/\241\202\032N\324-\310*\351\227"
 250      37EB4872 
 250      8A2FA182 
 250      1A4ED42D 
 250      C82AE997 
 251 0374 9D46BAE2 		.ascii	"\235F\272\342\3207*\3237\210\275\000P3ep\015\345\245"
 251      D0372AD3 
 251      3788BD00 
 251      50336570 
 251      0DE5A5
 252 0387 635CCE56 		.ascii	"c\\\316V\374\305\361\232G>\270\216*Ro\356\360}\017\024"
 252      FCC5F19A 
 252      473EB88E 
 252      2A526FEE 
 252      F07D0F14 
 253 039b 38072123 		.ascii	"8\007!#H\201\362\036\020P+\204\323\302Y\340\312\224"
 253      4881F21E 
 253      10502B84 
 253      D3C259E0 
 253      CA94
 254 03ad 617E0D7D 		.ascii	"a~\015}N\232\331r\030\332+\343\331\002Z<\007-\204y\366"
 254      4E9AD972 
 254      18DA2BE3 
 254      D9025A3C 
 254      072D8479 
 255 03c2 2DCC33D2 		.ascii	"-\3143\322%\2406H\301\031HA\246\354E[\300\340\226\326"
 255      25A03648 
 255      C1194841 
 255      A6EC455B 
 255      C0E096D6 
 256 03d6 9C5DDE46 		.ascii	"\234]\336F>\312\371\334Q\200\036\032\271vA\364I\232"
 256      3ECAF9DC 
 256      51801E1A 
 256      B97641F4 
 256      499A
 257 03e8 9CCDE82C 		.ascii	"\234\315\350,x\242Lh\001\265#\037\376\202\032\334\335"
 257      78A24C68 
 257      01B5231F 
 257      FE821ADC 
 257      DD
 258 03f9 BED14827 		.ascii	"\276\321H'(\264\361\011\272\361To\226\367\264\023\264"
 258      28B4F109 
 258      BAF1546F 
 258      96F7B413 
 258      B4
ARM GAS  /tmp/ccBErnfY.s 			page 20


 259 040a 8316E59C 		.ascii	"\203\026\345\2342A\037\247\237\213\237\301S\331wy\301"
 259      32411FA7 
 259      9F8B9FC1 
 259      53D97779 
 259      C1
 260 041b EE3239C1 		.ascii	"\35629\301@0\350\264\232\310\323J\"\317\323D>\276\263"
 260      4030E8B4 
 260      9AC8D34A 
 260      22CFD344 
 260      3EBEB3
 261 042e BD0BB157 		.ascii	"\275\013\261W\212\017\250\015\003G\307f\220\310d\356"
 261      8A0FA80D 
 261      0347C766 
 261      90C864EE 
 262 043e AB59EBEA 		.ascii	"\253Y\353\352E\032\232e\016\272\300\"\313\275W\325`"
 262      451A9A65 
 262      0EBAC022 
 262      CBBD57D5 
 262      60
 263 044f 60837D41 		.ascii	"`\203}A\275\266w{\276\304\336GwH\367\261\366\252]&\363"
 263      BDB6777B 
 263      BEC4DE47 
 263      7748F7B1 
 263      F6AA5D26 
 264 0464 164A4626 		.ascii	"\026JF&\007-A'\260]\242l\227\221Y\341$\350#]\033\323"
 264      072D4127 
 264      B05DA26C 
 264      979159E1 
 264      24E8235D 
 265 047a BDB5E8B3 		.ascii	"\275\265\350\263\317C\307V\304\247\230\346\365\211Y"
 265      CF43C756 
 265      C4A798E6 
 265      F58959
 266 0489 50952EE8 		.ascii	"P\225.\350\202\246\324\235\327*%\374\220\315\211\234"
 266      82A6D49D 
 266      D72A25FC 
 266      90CD899C 
 267 0499 D6911D46 		.ascii	"\326\221\035F<\301\225CO\217{\275\226+\267\273`\345"
 267      3CC19543 
 267      4F8F7BBD 
 267      962BB7BB 
 267      60E5
 268 04ab D60794C6 		.ascii	"\326\007\224\306\271\344\304\245d\030|C1Y\236\032;W"
 268      B9E4C4A5 
 268      64187C43 
 268      31599E1A 
 268      3B57
 269 04bd A1E50A9A 		.ascii	"\241\345\012\232'\300\007\3465\362\255\035j\377\311"
 269      27C007E6 
 269      35F2AD1D 
 269      6AFFC9
 270 04cc 87856804 		.ascii	"\207\205h\004\365x\\I\217a\332\374\364(\371\271\316"
 270      F5785C49 
 270      8F61DAFC 
 270      F428F9B9 
 270      CE
 271 04dd F2D3D995 		.ascii	"\362\323\331\225P\305\223k\002\265\362FZ\2357\313\317"
ARM GAS  /tmp/ccBErnfY.s 			page 21


 271      50C5936B 
 271      02B5F246 
 271      5A9D37CB 
 271      CF
 272 04ee 65D2DD95 		.ascii	"e\322\335\225\374\3035I\237\237\033\300\326K\331n\322"
 272      FCC33549 
 272      9F9F1BC0 
 272      D64BD96E 
 272      D2
 273 04ff 887B9488 		.ascii	"\210{\224\210\033\272FO\370\352\3633-\372\366\203\333"
 273      1BBA464F 
 273      F8EAF333 
 273      2DFAF683 
 273      DB
 274 0510 C39EF39C 		.ascii	"\303\236\363\234\230\344\247\217\345'\331\371\260\300"
 274      98E4A78F 
 274      E527D9F9 
 274      B0C0
 275 051e 076FC734 		.ascii	"\007o\3074%{\012[\363M<%\035/\307f\273\022\346\022\034"
 275      257B0A5B 
 275      F34D3C25 
 275      1D2FC766 
 275      BB12E612 
 276 0533 4D08BC1C 		.ascii	"M\010\274\0344\304\337AK?I\310-\232\220<g\371\327\236"
 276      34C4DF41 
 276      4B3F49C8 
 276      2D9A903C 
 276      67F9D79E 
 277 0547 F3F66A89 		.ascii	"\363\366j\2113\342K\212|\361aF\234R:\220\202\025\342"
 277      33E24B8A 
 277      7CF16146 
 277      9C523A90 
 277      8215E2
 278 055a 57DD899B 		.ascii	"W\335\211\233\334\210\357@\313mB|\227\022\367\214w^"
 278      DC88EF40 
 278      CB6D427C 
 278      9712F78C 
 278      775E
 279 056c F7D12E13 		.ascii	"\367\321.\023\362\006Ps{\217-\023r\327\244\322\314S"
 279      F2065073 
 279      7B8F2D13 
 279      72D7A4D2 
 279      CC53
 280 057e 99593DDA 		.ascii	"\231Y=\332\302g\242\027\351\036<X\351\3132\355\"\335"
 280      C267A217 
 280      E91E3C58 
 280      E9CB32ED 
 280      22DD
 281 0590 E76FE524 		.ascii	"\347o\345$\360*\266\323\\^\372fH\302'\230\307\316\242"
 281      F02AB6D3 
 281      5C5EFA66 
 281      48C22798 
 281      C7CEA2
 282 05a3 E4064C6A 		.ascii	"\344\006Lj\032\377\263>i0\342\314\231\307\255\006\\"
 282      1AFFB33E 
 282      6930E2CC 
 282      99C7AD06 
ARM GAS  /tmp/ccBErnfY.s 			page 22


 282      5C
 283 05b4 CF867FD9 		.ascii	"\317\206\177\331X\336\304?\312\315D\337~\274\241\332"
 283      58DEC43F 
 283      CACD44DF 
 283      7EBCA1DA 
 284 05c4 841B5967 		.ascii	"\204\033Yg_\322\315\006\017\334\302\024\305+3\367*\353"
 284      5FD2CD06 
 284      0FDCC214 
 284      C52B33F7 
 284      2AEB
 285 05d6 EAF7F042 		.ascii	"\352\367\360Bjc\235\325\225'\232x\004\0135\273\0233"
 285      6A639DD5 
 285      95279A78 
 285      040B35BB 
 285      1333
 286 05e8 DB9D54DC 		.ascii	"\333\235T\334:\335dd\001\311\010\364\232\216kK\361y"
 286      3ADD6464 
 286      01C908F4 
 286      9A8E6B4B 
 286      F179
 287 05fa 36B27EB8 		.ascii	"6\262~\270d\037\017\016\223p2\206\333\247_\302O\224"
 287      641F0F0E 
 287      93703286 
 287      DBA75FC2 
 287      4F94
 288 060c 29FA9885 		.ascii	")\372\230\205\3225\336x\305\240\316*\211~\242\177\004"
 288      D235DE78 
 288      C5A0CE2A 
 288      897EA27F 
 288      04
 289 061d F83885FF 		.ascii	"\3708\205\377Dg\325\023eV5\246\015\372i\301C\317\003"
 289      4467D513 
 289      655635A6 
 289      0DFA69C1 
 289      43CF03
 290 0630 1FCECDDF 		.ascii	"\037\316\315\337i\304\235\314\311]#\335wy\301\002A-"
 290      69C49DCC 
 290      C95D23DD 
 290      7779C102 
 290      412D
 291 0642 F8A13ADE 		.ascii	"\370\241:\336\013_e}\333j\367\264z\342\036\246(\233"
 291      0B5F657D 
 291      DB6AF7B4 
 291      7AE21EA6 
 291      289B
 292 0654 1A33DDD4 		.ascii	"\0323\335\324\240\270\316\267q\037\353\251K\335\332"
 292      A0B8CEB7 
 292      711FEBA9 
 292      4BDDDA
 293 0663 8DF06DA6 		.ascii	"\215\360m\246\014&|\327\313\3633\033\324\264o\357\007"
 293      0C267CD7 
 293      CBF3331B 
 293      D4B46FEF 
 293      07
 294 0674 E001D6F5 		.ascii	"\340\001\326\365\264\271!\000\017\263\347\246\212\302"
 294      B4B92100 
 294      0FB3E7A6 
ARM GAS  /tmp/ccBErnfY.s 			page 23


 294      8AC2
 295 0682 7D088F33 		.ascii	"}\010\2173e8\263\351\276\021?aJv\307\356c^x\202)\005"
 295      6538B3E9 
 295      BE113F61 
 295      4A76C7EE 
 295      635E7882 
 296 0698 E33B6069 		.ascii	"\343;`i$HT\271Pu\321i\302\211Lq\226\226\246\233\360"
 296      244854B9 
 296      5075D169 
 296      C2894C71 
 296      9696A69B 
 297 06ad 574C89AB 		.ascii	"WL\211\253\356J\345;\310^\242\367\347\367g\363\005-"
 297      EE4AE53B 
 297      C85EA2F7 
 297      E7F767F3 
 297      052D
 298 06bf 7B809ED4 		.ascii	"{\200\236\324qf\014\341T\006N\2528\177]\232\266\016"
 298      71660CE1 
 298      54064EAA 
 298      387F5D9A 
 298      B60E
 299 06d1 5B455E87 		.ascii	"[E^\207\205\264\014i5i\345~\3722\374\033\320\003\024"
 299      85B40C69 
 299      3569E57E 
 299      FA32FC1B 
 299      D00314
 300 06e4 BD4D342B 		.ascii	"\275M4+c\010\272\375\273\334|I_\207\351\320\263\036"
 300      6308BAFD 
 300      BBDC7C49 
 300      5F87E9D0 
 300      B31E
 301 06f6 249DFCDE 		.ascii	"$\235\374\336\027\371\373\373\277\340\257\271\002\351"
 301      17F9FBFB 
 301      BFE0AFB9 
 301      02E9
 302 0704 FF5E3921 		.ascii	"\377^9!\036\266NIxsi\377\351X9o6\245\372\001Vf\272\370"
 302      1EB64E49 
 302      787369FF 
 302      E958396F 
 302      36A5FA01 
 303 071c 82BA0EBE 		.ascii	"\202\272\016\276\247\274G\311\277\300\206\324'b\330"
 303      A7BC47C9 
 303      BFC086D4 
 303      2762D8
 304 072b 6C24608A 		.ascii	"l$`\212\177\240\307\017>\203\277\347\324\340G\365\370"
 304      7FA0C70F 
 304      3E83BFE7 
 304      D4E047F5 
 304      F8
 305 073c 618A0F26 		.ascii	"a\212\017&\360T\036\325RI@[\3049(E$]\004\015\253\020"
 305      F0541ED5 
 305      5249405B 
 305      C4392845 
 305      245D040D 
 306 0752 E58B8128 		.ascii	"\345\213\201(S\364G\031 9 _\203\354\002\331\017\262"
 306      53F44719 
 306      2039205F 
ARM GAS  /tmp/ccBErnfY.s 			page 24


 306      83EC02D9 
 306      0FB2
 307 0764 07240F24 		.ascii	"\007$\017$\013d/H\001\310>\220l\220\003 i ;ArAv\203"
 307      0B642F48 
 307      01C83E90 
 307      6C900320 
 307      69203B41 
 308 077c EC002914 		.ascii	"\354\000)\024\375\351\327\2209\371\350_\252\217_\211"
 308      FDE9D790 
 308      39F9E85F 
 308      AA8F5F89 
 309 078c 3A1F2DFA 		.ascii	":\037-\372\220\2065\350\344)\321\301*\270\343s\025\234"
 309      908635E8 
 309      E429D1C1 
 309      2AB8E373 
 309      159C
 310 079e A4078F23 		.ascii	"\244\007\217#\035\372\2216[\017\247\316\256\006~SC\356"
 310      1DFA9136 
 310      5B0FA7CE 
 310      AE067E53 
 310      43EE
 311 07b0 D4936F14 		.ascii	"\324\223o\024u\350\026\015\372K=z\340\231\312\015k\340"
 311      75E8160D 
 311      FA4B3D7A 
 311      E099CA0D 
 311      6BE0
 312 07c2 5FE8E1F1 		.ascii	"_\350\341\361z\362\016\255\347\023z\317\307\364"
 312      7AF20EAD 
 312      E7137ACF 
 312      C7F4
 313 07d0 9ED76BC8 		.ascii	"\236\327k\3107O\355\2136-\032t\302\324\256\270y\256"
 313      374FED8B 
 313      362D1A74 
 313      C2D4AEB8 
 313      79AE
 314 07e2 F56564EA 		.ascii	"\365ed\3529\3476G5\364\233\246N#\203\263\003\307\340"
 314      39E73647 
 314      35F49BA6 
 314      4E2383B3 
 314      03C7E0
 315 07f5 5373AC2C 		.ascii	"Ss\254,#\002\023\370\356J\235JMN\\\005\007\204D\017"
 315      230213F8 
 315      EE4A9D4A 
 315      4D4E5C05 
 315      0784440F 
 316 0809 CA16A767 		.ascii	"\312\026\247g\223\237)\212\326\327\330\251\341\223\276"
 316      939F298A 
 316      D6D7D8A9 
 316      E193BE
 317 0818 C6023E11 		.ascii	"\306\002>\021\307R\374v\321\214R9^y\005\240\373\372"
 317      C752FC76 
 317      D18C5239 
 317      5E7905A0 
 317      FBFA
 318 082a CC5DD184 		.ascii	"\314]\321\204\2268\365\364\323\262_qr\366\247\360\345"
 318      9638F5F4 
 318      D3B25F71 
ARM GAS  /tmp/ccBErnfY.s 			page 25


 318      72F6A7F0 
 318      E5
 319 083b 7EC433A7 		.ascii	"~\3043\247\274\350y\025\031\236\234a\317\\*\364\303"
 319      BCE87915 
 319      199E9C61 
 319      CF5C2AF4 
 319      C3
 320 084c DFD2B79E 		.ascii	"\337\322\267\236X\377\365\211\0148\204\276\300Rt)\021"
 320      58FFF589 
 320      0C3884BE 
 320      C0527429 
 320      11
 321 085d C793141D 		.ascii	"\307\223\024\035\202\341\007\305\311=(\311\330\324+"
 321      82E107C5 
 321      C93D28C9 
 321      D8D42B
 322 086c 1D15C102 		.ascii	"\035\025\301\002\377\177/v\362\215\270\233r\303mO~H"
 322      FF7F2F76 
 322      F28DB89B 
 322      72C36D4F 
 322      7E48
 323 087e 931038A8 		.ascii	"\223\0208\250\213l\263\001w\000\037\030\334\235\351"
 323      8B6CB301 
 323      77001F18 
 323      DC9DE9
 324 088d A50577B8 		.ascii	"\245\005w\270\355L\2129\270\230\202;G\362\273\335\230"
 324      ED4C8A39 
 324      B898823B 
 324      47F2BBDD 
 324      98
 325 089e C9365305 		.ascii	"\3116S\005\227pp\011\005\267=i.\365\300\235\354\203"
 325      97707009 
 325      05B73D69 
 325      2EF5C09D 
 325      EC83
 326 08b0 D1DA783E 		.ascii	"\321\332x>\335\023\017RE\272S7,\302 \362\363\016$G\217"
 326      DD130F52 
 326      45BA5337 
 326      2CC220F2 
 326      F30E2447 
 327 08c5 72D19B9D 		.ascii	"r\321\233\235Yf\322\307M\364\360\021\267e&\232<|T@\272"
 327      5966D2C7 
 327      4DF4F011 
 327      B765269A 
 327      3C7C5440 
 328 08da 4897808E 		.ascii	"H\227\200\216@6\217\212\374`\314N?\320\201\312\304\311"
 328      40368F8A 
 328      FC60CC4E 
 328      3FD081CA 
 328      C4C9
 329 08ec D30F983B 		.ascii	"\323\017\230;\265\277m\253\217\366dA \352\321\242R\324"
 329      B5BF6DAB 
 329      8FF66441 
 329      20EAD1A2 
 329      52D4
 330 08fe 9EF7D2B6 		.ascii	"\236\367\322\266]\352\367\200\223\205\253\227\036\322"
 330      5DEAF780 
ARM GAS  /tmp/ccBErnfY.s 			page 26


 330      9385AB97 
 330      1ED2
 331 090c AA2EF7CB 		.ascii	"\252.\367\3132\304\230\200$\002D\245jmKE\335\221\357"
 331      32C49880 
 331      240244A5 
 331      6A6D4B45 
 331      DD91EF
 332 091f 9848CE19 		.ascii	"\230H\316\0319GF3}\361(\213\364A_\245\203\223\265\374"
 332      39474633 
 332      7DF1288B 
 332      F4415FA5 
 332      8393B5FC 
 333 0933 9A9D5973 		.ascii	"\232\235Ys\330\231\265J%\252\322\023\035\247DW'\252"
 333      D899B54A 
 333      25AAD213 
 333      1DA74457 
 333      27AA
 334 0945 B27DF126 		.ascii	"\262}\361&\003\373ng\217e\371q\246{\013&\231\310\316"
 334      03FB6E67 
 334      8F65F971 
 334      A67B0B26 
 334      99C8CE
 335 0958 B15A65AA 		.ascii	"\261Ze\252\3263\235\240L\245\015\325\265\006m\245\372"
 335      D6339DA0 
 335      4CA50DD5 
 335      B5066DA5 
 335      FA
 336 0969 DC2A55C3 		.ascii	"\334*U\303+UC+Uw7/S\302\031\314l\317hK\215\244\004\020"
 336      2B55432B 
 336      5577372F 
 336      53C219CC 
 336      6CCF684B 
 337 0981 E41640AD 		.ascii	"\344\026@\255j\266Vo\266\216\232\255\330\231\366&>\300"
 337      6AB6566F 
 337      B68E9AAD 
 337      D899F626 
 337      3EC0
 338 0993 885A463B 		.ascii	"\210ZF;\307L\234h\260\330\274\215\036\243\267\370\323"
 338      C74C9C68 
 338      B0D8BC8D 
 338      1EA3B7F8 
 338      D3
 339 09a4 63B44B65 		.ascii	"c\264Ker\351\231N\212\363\005\017\273\343\375\265Q\016"
 339      72E9994E 
 339      8AF3050F 
 339      BBE3FDB5 
 339      510E
 340 09b6 AF773FFC 		.ascii	"\257w?\374\313\334\220\340`\341\325\240 KHd\324\252"
 340      CBDC90E0 
 340      60E1D5A0 
 340      204B4864 
 340      D4AA
 341 09c8 A88F422D 		.ascii	"\250\217B-\353\354\226\310\260h\213=&\234\334mvGP\270"
 341      EBEC96C8 
 341      B0688B3D 
 341      269CDC6D 
 341      764750B8 
ARM GAS  /tmp/ccBErnfY.s 			page 27


 342 09dc E0637784 		.ascii	"\340cw\204:\302b\034\313\242\303b\326\030m\266\015Q"
 342      3AC2621C 
 342      CBA2C362 
 342      D6186DB6 
 342      0D51
 343 09ee 6B1D8B17 		.ascii	"k\035\213\027\331\034\257[6\330c,Qk\303\2437\254\216"
 343      D91CAF5B 
 343      36D8632C 
 343      516BC3A3 
 343      37AC8E
 344 0a01 B0AC8DF8 		.ascii	"\260\254\215\370Gt\324*\313\232\260\360\310\250\265"
 344      4774D42A 
 344      CB9AB0F0 
 344      C8A8B5
 345 0a10 1116DBEA 		.ascii	"\021\026\333\352\210O\3026D;l\216\317\326G\330\203\""
 345      884FC236 
 345      443B6C8E 
 345      CFD647D8 
 345      8322
 346 0a22 052F65D8 		.ascii	"\005/e\330\374\251\206\331?\263[\300\332j\300\000\326"
 346      FCA986D9 
 346      3FB35BC0 
 346      DA6AC000 
 346      D6
 347 0a33 1B5447D4 		.ascii	"\033TG\324\232\010\000\273\373\026\343\230\034\030\036"
 347      9A0800BB 
 347      FB16E398 
 347      1C181E
 348 0a42 49100036 		.ascii	"I\020\0006\021\367\326\255g\336\301s\204Cy|\227?\002"
 348      11F7D6AD 
 348      67DEC173 
 348      8443797C 
 348      973F02
 349 0a55 C2161DBD 		.ascii	"\302\026\035\275\332\026\005Q\377\346\331`\327\257\213"
 349      DA160551 
 349      FFE6D960 
 349      D7AF8B
 350 0a64 71D82DA1 		.ascii	"q\330-\241+W,^d\371\340\203\345\226\225\357\257\370"
 350      2B572C5E 
 350      64F9E083 
 350      E59695EF 
 350      AFF8
 351 0a76 3498874F 		.ascii	"4\230\207O\306\021\207\302#C?\263\277\027\026\355\220"
 351      C61187C2 
 351      23433FB3 
 351      BF1716ED 
 351      90
 352 0a87 C223C362 		.ascii	"\302#\303b^y\216W\200\366\325&L\360\265\331>\331\260"
 352      5E798E57 
 352      80F6D526 
 352      4CF0B5D9 
 352      3ED9B0
 353 0a9a 36DC660B 		.ascii	"6\334f\013Z\262d\311o\275\024\315\244\272\352\006\371"
 353      5AB264C9 
 353      6FBD14CD 
 353      A4BAEA06 
 353      F9
ARM GAS  /tmp/ccBErnfY.s 			page 28


 354 0aab DD1B26D5 		.ascii	"\335\033&\325s\367\236%\206\220\220\025\326\305\342"
 354      73F79E25 
 354      86909015 
 354      D6C5E2
 355 0aba 475669F9 		.ascii	"GVi\371\212eV\274<\304*\275\275|\245\025\207\204X\261"
 355      8A6556BC 
 355      3CC42ABD 
 355      BD7CA515 
 355      878458B1 
 356 0ace 156499D5 		.ascii	"\025d\231\325\212\377\034\032\202C>\\)\205\204\274c"
 356      8AFF1C1A 
 356      82433E5C 
 356      298584BC 
 356      63
 357 0adf A5F845F4 		.ascii	"\245\370E\364?\030\277\363\256U\014\205\221\357\277"
 357      3F18BFF3 
 357      AE550C85 
 357      91EFBF
 358 0aee 63954257 		.ascii	"c\225BW\000:\304\272\010$\030\220\177\265\276\361s\323"
 358      003AC4BA 
 358      08241890 
 358      7FB5BEF1 
 358      73D3
 359 0b00 6277AC21 		.ascii	"bw\254!E\214Z\3032\317\025\233c\226\222c\273-\214xn"
 359      458C5AC3 
 359      32CF159B 
 359      63969263 
 359      BB2D8C78 
 360 0b15 0B0B7744 		.ascii	"\013\013wD}\032a\260\275\275n]\264\231w\332IVX\377/"
 360      7D1A61B0 
 360      BDBD6E5D 
 360      B49977DA 
 360      495658FF 
 361 0b2a 269BD6AD 		.ascii	"&\233\326\255g-3\225\226\010\207{\303\337\225\206\377"
 361      672D3395 
 361      9608877B 
 361      C3DF9586 
 361      FF
 362 0b3b 0012BEB4 		.ascii	"\000\022\276\264\037"
 362      1F
 363              		.text
 364              		.section	.gnu.lto_.symtab.af3b2d3cab50afe5,"",%progbits
 365 0000 7374496E 		.ascii	"stInit\000"
 365      697400
 366 0007 00       		.ascii	"\000"
 367 0008 00       		.ascii	"\000"
 368 0009 00       		.ascii	"\000"
 369 000a 00000000 		.ascii	"\000\000\000\000\000\000\000\000"
 369      00000000 
 370 0012 AE000000 		.ascii	"\256\000\000\000"
 371 0016 73745374 		.ascii	"stStartAlarm\000"
 371      61727441 
 371      6C61726D 
 371      00
 372 0023 00       		.ascii	"\000"
 373 0024 00       		.ascii	"\000"
 374 0025 00       		.ascii	"\000"
ARM GAS  /tmp/ccBErnfY.s 			page 29


 375 0026 00000000 		.ascii	"\000\000\000\000\000\000\000\000"
 375      00000000 
 376 002e BF000000 		.ascii	"\277\000\000\000"
 377 0032 73745374 		.ascii	"stStopAlarm\000"
 377      6F70416C 
 377      61726D00 
 378 003e 00       		.ascii	"\000"
 379 003f 00       		.ascii	"\000"
 380 0040 00       		.ascii	"\000"
 381 0041 00000000 		.ascii	"\000\000\000\000\000\000\000\000"
 381      00000000 
 382 0049 C1000000 		.ascii	"\301\000\000\000"
 383 004d 73745365 		.ascii	"stSetAlarm\000"
 383      74416C61 
 383      726D00
 384 0058 00       		.ascii	"\000"
 385 0059 00       		.ascii	"\000"
 386 005a 00       		.ascii	"\000"
 387 005b 00000000 		.ascii	"\000\000\000\000\000\000\000\000"
 387      00000000 
 388 0063 C3000000 		.ascii	"\303\000\000\000"
 389 0067 73744765 		.ascii	"stGetAlarm\000"
 389      74416C61 
 389      726D00
 390 0072 00       		.ascii	"\000"
 391 0073 00       		.ascii	"\000"
 392 0074 00       		.ascii	"\000"
 393 0075 00000000 		.ascii	"\000\000\000\000\000\000\000\000"
 393      00000000 
 394 007d C6000000 		.ascii	"\306\000\000\000"
 395 0081 73745F6C 		.ascii	"st_lld_init\000"
 395      6C645F69 
 395      6E697400 
 396 008d 00       		.ascii	"\000"
 397 008e 02       		.ascii	"\002"
 398 008f 00       		.ascii	"\000"
 399 0090 00000000 		.ascii	"\000\000\000\000\000\000\000\000"
 399      00000000 
 400 0098 C8000000 		.ascii	"\310\000\000\000"
 401 009c 63685379 		.ascii	"chSysHalt\000"
 401      7348616C 
 401      7400
 402 00a6 00       		.ascii	"\000"
 403 00a7 02       		.ascii	"\002"
 404 00a8 00       		.ascii	"\000"
 405 00a9 00000000 		.ascii	"\000\000\000\000\000\000\000\000"
 405      00000000 
 406 00b1 D3000000 		.ascii	"\323\000\000\000"
 407              		.text
 408              		.section	.gnu.lto_.opts,"",%progbits
 409 0000 272D666D 		.ascii	"'-fmath-errno' '-fsigned-zeros' '-ftrapping-math' '"
 409      6174682D 
 409      6572726E 
 409      6F272027 
 409      2D667369 
 410 0033 2D666E6F 		.ascii	"-fno-trapv' '-fno-strict-overflow' '-fno-openmp' '-"
 410      2D747261 
ARM GAS  /tmp/ccBErnfY.s 			page 30


 410      70762720 
 410      272D666E 
 410      6F2D7374 
 411 0066 666E6F2D 		.ascii	"fno-openacc' '-mcpu=cortex-m4' '-mfloat-abi=hard' '"
 411      6F70656E 
 411      61636327 
 411      20272D6D 
 411      6370753D 
 412 0099 2D6D6670 		.ascii	"-mfpu=fpv4-sp-d16' '-mno-thumb-interwork' '-mthumb'"
 412      753D6670 
 412      76342D73 
 412      702D6431 
 412      36272027 
 413 00cc 20272D67 		.ascii	" '-ggdb' '-O' '-fomit-frame-pointer' '-falign-funct"
 413      67646227 
 413      20272D4F 
 413      2720272D 
 413      666F6D69 
 414 00ff 696F6E73 		.ascii	"ions=16' '-ffunction-sections' '-fdata-sections' '-"
 414      3D313627 
 414      20272D66 
 414      66756E63 
 414      74696F6E 
 415 0132 666E6F2D 		.ascii	"fno-common' '-flto'\000"
 415      636F6D6D 
 415      6F6E2720 
 415      272D666C 
 415      746F2700 
 416              		.text
 417              		.comm	__gnu_lto_v1,1,1
 418              		.comm	__gnu_lto_slim,1,1
 419              		.ident	"GCC: (15:6.3.1+svn253039-1build1) 6.3.1 20170620"
ARM GAS  /tmp/ccBErnfY.s 			page 31


DEFINED SYMBOLS
                            *ABS*:0000000000000000 hal_st.c
                            *COM*:0000000000000001 __gnu_lto_v1
                            *COM*:0000000000000001 __gnu_lto_slim

NO UNDEFINED SYMBOLS
