ARM GAS  /tmp/ccq7YxLK.s 			page 1


   1              		.cpu cortex-m4
   2              		.eabi_attribute 27, 1
   3              		.eabi_attribute 28, 1
   4              		.eabi_attribute 20, 1
   5              		.eabi_attribute 21, 1
   6              		.eabi_attribute 23, 3
   7              		.eabi_attribute 24, 1
   8              		.eabi_attribute 25, 1
   9              		.eabi_attribute 26, 1
  10              		.eabi_attribute 30, 1
  11              		.eabi_attribute 34, 1
  12              		.eabi_attribute 18, 4
  13              		.file	"hal_st_lld.c"
  14              		.text
  15              	.Ltext0:
  16              		.section	.gnu.lto_.profile.fe5499d4b0fd16a,"",%progbits
  17 0000 789C6365 		.ascii	"x\234ce`b`a```d(W\001\000\001\222\000\250"
  17      60626061 
  17      60606064 
  17      28570100 
  17      019200A8 
  18              		.text
  19              		.section	.gnu.lto_.inline.fe5499d4b0fd16a,"",%progbits
  20 0000 789C6365 		.ascii	"x\234ce`b\210f@\000&\006\006\221\343\014\214\014L|\367"
  20      60628866 
  20      40002606 
  20      0691E30C 
  20      8C0C4C7C 
  21 0015 0218D816 		.ascii	"\002\030\330\026\3103\201\004\031\271@2\334@\006\204"
  21      C8338104 
  21      19B94032 
  21      DC400684 
  22 0025 898D8048 		.ascii	"\211\215\200H31\210\310\000I\231\007\267\030\341\272"
  22      333188C8 
  22      00499907 
  22      B718E1BA 
  23 0035 9979C0C6 		.ascii	"\231y\300\3062\000\000[\217\006\210"
  23      3200005B 
  23      8F0688
  24              		.text
  25              		.section	.gnu.lto_.jmpfuncs.fe5499d4b0fd16a,"",%progbits
  26 0000 789C6365 		.ascii	"x\234ce`b\020d@\000&t6\000\003\035\000\035"
  26      60621064 
  26      40002674 
  26      3600031D 
  26      001D
  27              		.text
  28              		.section	.gnu.lto_.pureconst.fe5499d4b0fd16a,"",%progbits
  29 0000 789C6365 		.ascii	"x\234ce`b`c`\000\222\273\030\231\244\000\003\275\000"
  29      60626063 
  29      600092BB 
  29      1899A400 
  29      03BD00
  30 0013 E7       		.ascii	"\347"
  31              		.text
  32              		.section	.gnu.lto_VectorB0.fe5499d4b0fd16a,"",%progbits
  33 0000 789C8555 		.ascii	"x\234\205UmL[e\024~\317}o?h)\340~\031\263,%\221\304"
ARM GAS  /tmp/ccq7YxLK.s 			page 2


  33      6D4C5B65 
  33      147ECF7D 
  33      6F3F6829 
  33      E07E19B3 
  34 0018 2584EB07 		.ascii	"%\204\353\007\306\375\360\217\301?$k4t\377\311\326U"
  34      C6FDF08F 
  34      C13F246B 
  34      3474FFC9 
  34      D655
  35 002a 696CD7A5 		.ascii	"il\327\245\305e\373\305\245-\222!:\377\270\265\010^"
  35      C565FBC5 
  35      A52D9221 
  35      3AFFB8B5 
  35      085E
  36 003c 22EA70B3 		.ascii	"\"\352p\263|9?\012\016*8\221M\230\303m\316\341\307\334"
  36      7C393F0A 
  36      0E2A3891 
  36      4D98C36D 
  36      CEE1C7DC 
  37 0050 9C118671 		.ascii	"\234\021\206qs8ts\324s\336^*\375\310hB\313}\237\347"
  37      73387473 
  37      D473DE5E 
  37      2AFDC868 
  37      42CB7D9F 
  38 0065 9CF39CF3 		.ascii	"\234\363\234\363>=50\211]02V\014\214U3\306\300\300@"
  38      3E3D3530 
  38      895D3032 
  38      560C8C55 
  38      33C6C0C0 
  39 007a 7A6D86B1 		.ascii	"zm\206\261f\263$\361\341ML\265\310\347\025\246\026s"
  39      66B324F1 
  39      E14D4CB5 
  39      C8E715A6 
  39      1673
  40 008c 90D3C732 		.ascii	"\220\323\3072\000\375\243\232\2015I\\\206&8\300\017"
  40      00FDA39A 
  40      8135495C 
  40      862638C0 
  40      0F
  41 009d 71186FFD 		.ascii	"q\030o\3755!m>\254\342+y\350vi\263\332r\277\306\031"
  41      35216D3E 
  41      ACE22B79 
  41      E87669B3 
  41      DA72BFC6 
  42 00b2 8BE11FBD 		.ascii	"\213\341\037\275\3400lfH\273<\270\362\272\315(\367\254"
  42      E0306C66 
  42      48BB3CB8 
  42      F2BACD28 
  42      F7AC
  43 00c4 42D00B46 		.ascii	"B\320\013F,\015x\320?\013Iu%\325\252&\227z`\244\256"
  43      2C0D78D0 
  43      3F0B4975 
  43      25D5AA26 
  43      977A60A4 
  44 00d9 CCC0340E 		.ascii	"\314\3004\016Fzc\254\015\271T\365e.\321'\277\006\221"
  44      467A63AC 
  44      0DB954F5 
ARM GAS  /tmp/ccq7YxLK.s 			page 3


  44      652ED127 
  44      BF0691
  45 00ec EE142218 		.ascii	"\356\024\"\030MY\023\211\3059S\323]\325\254q)F|x\017"
  45      4D591389 
  45      C53953D3 
  45      5DD5AC71 
  45      29467C78 
  46 0101 9A0838D8 		.ascii	"\232\0108\3302~\332\364*\3278\036\342c\370\366\330\315"
  46      327EDAF4 
  46      2AD7381E 
  46      E263F8F6 
  46      D8CD
  47 0113 12E4A134 		.ascii	"\022\344\2414N\022\350l\252\343\350\013\032t5\227i\330"
  47      4E12E86C 
  47      AAE3E80B 
  47      1A743597 
  47      69D8
  48 0125 CC516CE7 		.ascii	"\314Ql\347\010l\024@ja\250\257\010\311QU\265S\202\367"
  48      086C1440 
  48      6A61A8AF 
  48      08C95155 
  48      B55382F7 
  49 0139 41035110 		.ascii	"A\003Q\020\342\320\244q\003\273\006a{\001\005\306\030"
  49      E2D0A471 
  49      03BB0661 
  49      7B0105C6 
  49      18
  50 014a 8A64D087 		.ascii	"\212d\320\207\0124nb\3630><\337\276\337J\314.nX+\312"
  50      0A346E62 
  50      F3303E3C 
  50      DFBEDF4A 
  50      CC2E6E58 
  51 0160 2C44CDC4 		.ascii	",D\315\304\227\257[\322\2174=\031\217z\372nM\232I\224"
  51      97AF5BD2 
  51      8F343D19 
  51      8F7AFA6E 
  51      4D9A4994 
  52 0174 2A6A17C1 		.ascii	"*j\027\301\000l\204~]\327\221\351\245\233&%\256F\232"
  52      006C847E 
  52      5DD791E9 
  52      A59B2625 
  52      AE469A
  53 0187 09B3C020 		.ascii	"\011\263\300 \352\212\2121\303\020(X/\374\357K1S\272"
  53      EA8A8A31 
  53      C3102858 
  53      2FFCEF4B 
  53      3153BA
  54 019a 9C5EF144 		.ascii	"\234^\361Dj9YJ%\000$\370\000\363\374\002\221\271\211"
  54      6A39594A 
  54      250024F8 
  54      00F3FC02 
  54      91B989
  55 01ad 6A9D8384 		.ascii	"j\235\203\204\376\305\304?\2664\201\3011*\304h\330\234"
  55      FEC5C43F 
  55      B63481C1 
  55      312AC468 
  55      D89C
ARM GAS  /tmp/ccq7YxLK.s 			page 4


  56 01bf 0D6FE2D8 		.ascii	"\015o\342\330\300\322o\257L\211\006r\264u\277\013l="
  56      C0D26FAF 
  56      4C890672 
  56      B475BF0B 
  56      6C3D
  57 01d1 791FFE2F 		.ascii	"y\037\376/\357#P\326\266o\301Z\037c\324U\220(\360Ld"
  57      EF2350D6 
  57      B66FC15A 
  57      1F63D455 
  57      9028F04C 
  58 01e6 A093D3B9 		.ascii	"\240\223\323\271\025h\0067\246;\256\224\320c1\330\361"
  58      15680637 
  58      A63BAE94 
  58      D06331D8 
  58      F1
  59 01f7 F19D93B3 		.ascii	"\361\235\223\263cV\276ELl):\330[T\321\243\252!59\031"
  59      6356BE45 
  59      4C6C293A 
  59      D85B54D1 
  59      A3AA2135 
  60 020d 7DA8237C 		.ascii	"}\250#|\252]\355\016\341\005\332`\0308\372\012\022("
  60      AA5DED0E 
  60      E105DA60 
  60      1838FA0A 
  60      1228
  61 021f E813BD0D 		.ascii	"\350\023\275\015\030\201\012\014j\235W\217\313\224\317"
  61      18810A0C 
  61      6A9D578F 
  61      CB94CF
  62 022e 0676F814 		.ascii	"\006v\370\024\261\005\010]\3569p\354'\310\3302\222v"
  62      B105085D 
  62      EE3970EC 
  62      27C8D832 
  62      9276
  63 0240 EF9B1B0C 		.ascii	"\357\233\033\014\302\2271\354?\007\373#^\335\346bp\234"
  63      C29731EC 
  63      3F07FB23 
  63      5EDDE662 
  63      709C
  64 0252 40798D9F 		.ascii	"@y\215\237\031\214\242\017r\331w\022\225\036\006cD6"
  64      198CA20F 
  64      72D97712 
  64      951E0663 
  64      4436
  65 0264 E46213D1 		.ascii	"\344b\023\321J\374~@\222@c.8\373\006'\325\014>#\330"
  65      4AFC7E40 
  65      9240632E 
  65      38FB0627 
  65      D50C3E23 
  66 0279 9455689C 		.ascii	"\224Uh\234\012\301\004}m\200\335 \361oiC\177[\312C\222"
  66      0AC1047D 
  66      6D80DD20 
  66      F16F6943 
  66      7F5BCA43 
  67 028e A64671E2 		.ascii	"\246Fq\342%\304\216_\031Q\3152\331\360s(\027\272\256"
  67      25C48E5F 
  67      1951CD32 
ARM GAS  /tmp/ccq7YxLK.s 			page 5


  67      D9F07328 
  67      17BAAE
  68 02a1 2F9E9D93 		.ascii	"/\236\235\223\360\004N\200,\332g\360\205\230s\357\350"
  68      F0044E80 
  68      2CDA67F0 
  68      859873EF 
  68      E8
  69 02b2 C4D5E2F2 		.ascii	"\304\325\342\362\026=\272\224\270\177\366\015\235\263"
  69      163DBA94 
  69      B87FF60D 
  69      9DB3
  70 02c0 8AE8498A 		.ascii	"\212\350I\212\206/A\306K\012\331\305(\031\371\376\322"
  70      862F41C6 
  70      4B0AD9C5 
  70      2819F9FE 
  70      D2
  71 02d1 DDCEE107 		.ascii	"\335\316\341\007\250\263|\357\233\305(`J\267?\221\377"
  71      A8B37CEF 
  71      9BC52860 
  71      4AB73F91 
  71      FF
  72 02e2 3A78EBB9 		.ascii	":x\353\271\334!\017d\206\\\224\325\336I\321\336\251"
  72      DC210F64 
  72      865C94D5 
  72      DE49D1DE 
  72      A9
  73 02f3 42992D02 		.ascii	"B\231-\002\204\257\326dNu\256\\\314\273\277\241Ljk\376"
  73      84AFD664 
  73      4E75AE5C 
  73      CCBBBFA1 
  73      4C6A6BFE 
  74 0307 FDD9DBF1 		.ascii	"\375\331\333\361\376\246\011,\316\252;#\352\236.T\327"
  74      FEA6092C 
  74      CEAA3B23 
  74      EA9E2E54 
  74      D7
  75 0318 2640F85A 		.ascii	"&@\370Z\257\253\3335\307\204]\353\230\360\2140a\306"
  75      AFABDB35 
  75      C7845DEB 
  75      98F08C30 
  75      61C6
  76 032a FB36BCBD 		.ascii	"\3736\274\275\331{\230\360N\342A\257\220\023K_h\266"
  76      D97B98F0 
  76      4EE241AF 
  76      90134B5F 
  76      68B6
  77 033c 75B6F462 		.ascii	"u\266\364b\372o\010,\315\005\027\2728\325bp6\337:\347"
  77      FA6F082C 
  77      CD0517BA 
  77      38D56270 
  77      36DF3AE7 
  78 0350 448FE7D7 		.ascii	"D\217\347\327XgE\373y\324\272\352\212Y\341\212o\205"
  78      586745FB 
  78      79D4BAEA 
  78      8A59E18A 
  78      6F85
  79 0362 2B722D70 		.ascii	"+r-p!c\001J.\226\203\254o\342\360\245\375\235E\205\367"
ARM GAS  /tmp/ccq7YxLK.s 			page 6


  79      2163014A 
  79      2E9683AC 
  79      6FE2F0A5 
  79      FD9D4585 
  80 0377 6019467E 		.ascii	"`\031F~\227\271\256H\241m\211\373\372>d]L\357\353u\027"
  80      97B9AE48 
  80      A16D89FB 
  80      FA3E645D 
  80      4CEFEB75 
  81 038c F4DC3D16 		.ascii	"\364\334=\026\364\367\231\005\375\303z\013z\003\226"
  81      F4F79905 
  81      FDC37A0B 
  81      7A0396
  82 039b FC5117F6 		.ascii	"\374Q\027\366;\204\272\227\337NG\322\253\015\177+\260"
  82      3B84BA97 
  82      DF4E47D2 
  82      AB0D7F2B 
  82      B0
  83 03ac 33ECFDF1 		.ascii	"3\354\375\361\252*\245\246\301\263\303\363\214S\361"
  83      AA2AA5A6 
  83      C1B3C3F3 
  83      8C53F1
  84 03bb 079586ED 		.ascii	"\007\225\206\355^e\267?\320\030T\234\333\034\217=\252"
  84      5E65B73F 
  84      D018549C 
  84      DB1C8F3D 
  84      AA
  85 03cc 6CDDFAB4 		.ascii	"l\335\372\264\262\255\326\261\347\021B\352\203\215\365"
  85      B2ADD6B1 
  85      E71142EA 
  85      838DF5
  86 03db 5EEFCE2A 		.ascii	"^\357\316*\0273\355\330\036t?\033\360(\331\321.\277"
  86      1733EDD8 
  86      1E743F1B 
  86      F028D9D1 
  86      2EBF
  87 03ed CFE7DFA5 		.ascii	"\317\347\337\245'x\252\316Q\343\330\253\270\032\\\376"
  87      2778AACE 
  87      51E3D8AB 
  87      B81A5CFE 
  88 03fd 80BB7ECF 		.ascii	"\200\273~\317\023\276\252\006\366dA\276{o#\261\225\032"
  88      13BEAA06 
  88      F66441BE 
  88      7B6F23B1 
  88      951A
  89 040f 87B3D6A9 		.ascii	"\207\263\326\251\324 ]\251\335\345\362\276\270\323\255"
  89      D4205DA9 
  89      DDE5F2BE 
  89      B8D3AD
  90 041e B87C414F 		.ascii	"\270|AO\260\376y\227\013\203\313\363\245\372\203\370"
  90      B0FE7997 
  90      0B83CBF3 
  90      A5FA83F8 
  91 042e 1668149F 		.ascii	"\026h\024\237\371\014\004<\253y\032\202\373\202\310"
  91      F90C043C 
  91      AB791A82 
  91      FB82C8
ARM GAS  /tmp/ccq7YxLK.s 			page 7


  92 043d 287338EB 		.ascii	"(s8\353\354$~w\300Si\257x\230I\001f\362\271}\376\300"
  92      EC247E77 
  92      C05369AF 
  92      78984901 
  92      66F2B97D 
  93 0453 3EF61FFB 		.ascii	">\366\037\373\334\225\237"
  93      DC959F
  94              		.text
  95              		.section	.gnu.lto_st_lld_init.fe5499d4b0fd16a,"",%progbits
  96 0000 789C9D94 		.ascii	"x\234\235\224\313KTQ\034\307\317\367\236;w\356Lj\324"
  96      CB4B5451 
  96      1CC7CFF7 
  96      9E3B77EE 
  96      4C6AD4
  97 0013 2A68166D 		.ascii	"*h\026mm\341\305\"\372\003j\023(-t/=\026\012\202\221"
  97      6DE1C522 
  97      FA036A13 
  97      282D742F 
  97      3D160A82 
  98 0028 12B469AE 		.ascii	"\022\264i\256\231c\215\240B\244\271\220; hZ\3438\246"
  98      99638DA0 
  98      42A4B990 
  98      3B20685A 
  98      E338A6
  99 003b E698E538 		.ascii	"\346\230\3458Y>g\214\026eY-\202B\261 T*\012\235\316"
  99      593E678C 
  99      1665592D 
  99      8242B120 
  99      542A0A9D 
 100 0050 EFDC7948 		.ascii	"\357\334yH\255\234\003\367q\036\367\363\371\375\316"
 100      AD9C03F7 
 100      711EF7F3 
 100      F9FDCE
 101 005f E33A98C2 		.ascii	"\343:\230\302\232\035\214\235d\214\035\026\0278\203"
 101      9A1D8C9D 
 101      648C1D16 
 101      173883
 102 006e D29660AC 		.ascii	"\322\226`\254^W\000z1u0\257\002/Zy\007G\254\351KD)\354"
 102      5E57007A 
 102      317530AF 
 102      022F5A79 
 102      0747ACE9 
 103 0086 35458976 		.ascii	"5E\211vl\034\364\231\215\207,\316X\247\270\250\240\027"
 103      6C1CF499 
 103      8D872CCE 
 103      58A7B8A8 
 103      A017
 104 0098 854C0CFB 		.ascii	"\205L\014\373\024\336\271\223\257\251v;\356A\203x\206"
 104      14DEB993 
 104      AFA9763B 
 104      EE418378 
 104      86
 105 00a9 5E216AEE 		.ascii	"^!j\356$\233\314\350t7\266\313\016(\314\342\302'n\016"
 105      249BCCE8 
 105      7437B6CB 
 105      0E28CCE2 
 105      C2276E0E 
ARM GAS  /tmp/ccq7YxLK.s 			page 8


 106 00bd BA697463 		.ascii	"\272itc\314/>!o3W\350\311\327\020\033_\233\254\"H\027"
 106      CC2F3E21 
 106      6F3357E8 
 106      C9D7101B 
 106      5F9BAC22 
 107 00d3 5704BBBD 		.ascii	"W\004\273\2751\266\344l\341\026W@\252\225P|]\267\253"
 107      31B6E46C 
 107      E1165740 
 107      AA95507C 
 107      5DB7AB
 108 00e6 66E0A6A9 		.ascii	"f\340\246\251\222}\326\237o\241\253^\004y\304\342\034"
 108      927DD69F 
 108      6FA1AB5E 
 108      0479C4E2 
 108      1C
 109 00f7 FDF0A00F 		.ascii	"\375\360\240\017\036F\303\247ZV{\362\215\240y\003\026"
 109      1E46C3A7 
 109      5A567BF2 
 109      8DA07903 
 109      16
 110 0108 57711F16 		.ascii	"Wq\037\026\356\312\330\361\000\006[C\303/\037l\025\267"
 110      EECAD8F1 
 110      00065B43 
 110      C32F1F6C 
 110      15B7
 111 011a 6DC3D333 		.ascii	"m\303\3233>\211\207(A\001\021\361\264\273h\310\236D"
 111      3E898728 
 111      410111F1 
 111      B4BB68C8 
 111      9E44
 112 012c 03595108 		.ascii	"\003YQ\010\206\240\023g\274o\336e\313\034\273\363r\310"
 112      86A01367 
 112      BC6FDE65 
 112      CB1CBBF3 
 112      72C8
 113 013e BCFC0D53 		.ascii	"\274\374\015SC\272]5\243mf\201hz\371q\354\265;\353\323"
 113      43BA5D35 
 113      A36D6681 
 113      687AF971 
 113      ECB53BEB 
 114 0153 1016BEC1 		.ascii	"\020\026\276\301\224ots\2435/\343\033\222>\232u<\374"
 114      946F7473 
 114      A3352FE3 
 114      1B923E9A 
 114      753CFC
 115 0166 2731D2FD 		.ascii	"'1\322\375\227\311\036\320\303Y\364\010\245\242\021"
 115      97C91ED0 
 115      C359F408 
 115      A5A211
 116 0175 686B357E 		.ascii	"hk5~\253 \305\312$\342\224\211$\202?\277\273\355*m\033"
 116      AB20C5CA 
 116      24E29489 
 116      24823FBF 
 116      BBED2A6D 
 117 018a 5AA0EE81 		.ascii	"Z\240\356\201\0373z\312\026\270&\326]\307#\341\033M"
 117      1F337ACA 
 117      16B826D6 
ARM GAS  /tmp/ccq7YxLK.s 			page 9


 117      5DC723E1 
 117      1B4D
 118 019c F9FAE35B 		.ascii	"\371\372\343[\233N\362\325S,*\306\244Q!c\004\206\030"
 118      9B4EF2D5 
 118      532C2AC6 
 118      A4512163 
 118      048618
 119 01af B0B1D073 		.ascii	"\260\261\320s\225\210*Z=\030\267S\331ZMd\"\330#\377"
 119      95882A5A 
 119      3D18B753 
 119      D95A4D64 
 119      22D823FF 
 120 01c3 B1E4CBAD 		.ascii	"\261\344\313\255:!\371\353\023\203\313\016[\220\024"
 120      3A21F9EB 
 120      1383CB0E 
 120      5B9014
 121 01d2 653F9EA4 		.ascii	"e?\236\244\035K\271:\236J\207J\216I\351\310\314\222"
 121      1D4BB93A 
 121      9E4A874A 
 121      8E49E9C8 
 121      CC92
 122 01e4 0A86689A 		.ascii	"\012\206h\232\277\234\033\337\205)\311\027'\231:\223"
 122      BF9C1BDF 
 122      8529C917 
 122      27993A93 
 123 01f4 EDE10F5A 		.ascii	"\355\341\017Zq\210:\003Cr\321b0p\324#\367\3373\024g"
 123      71883A03 
 123      4372D162 
 123      3070D423 
 123      F7DF3314 
 124 0209 7D6F73CD 		.ascii	"}os\315gZ\3724\002>\027\354\014\360]\256\300\027\022"
 124      675AFA34 
 124      023E17EC 
 124      0CF05DAE 
 124      C01712
 125 021c E824E0CC 		.ascii	"\350$\340\314n\340J\256\300Y\011\324\0118'g|\244i1\354"
 125      6EE04AAE 
 125      C05909D4 
 125      09382767 
 125      7CA46931 
 126 0231 B6671C98 		.ascii	"\266g\034\230O\363\337\347\312_\220|\027\361\027E\300"
 126      4FF3DFE7 
 126      CA5F907C 
 126      17F11745 
 126      C0
 127 0242 045C4763 		.ascii	"\004\\Gc \331\303\211G_D\"_W\234\336mS\267\270\273\223"
 127      20D9C389 
 127      475F4422 
 127      5F579CDE 
 127      6D53B7B8 
 128 0258 4E0CE2F0 		.ascii	"N\014\342\360R\307\347\271\333\276<\212d\237\340'\340"
 128      52C7E7B9 
 128      DBBE3C8A 
 128      649FE027 
 128      E0
 129 0269 A1E3FEFB 		.ascii	"\241\343\376\373M\213n7\351X\202\307\342y\354\033\256"
 129      4D8B6E37 
ARM GAS  /tmp/ccq7YxLK.s 			page 10


 129      E95882C7 
 129      E279EC1B 
 129      AE
 130 027a 07FEF4CA 		.ascii	"\007\376\364\312c+\377\256~\301\020\277Dq\020N\024\025"
 130      632BFFAE 
 130      7EC110BF 
 130      4471104E 
 130      1415
 131 028c 19A72AAB 		.ascii	"\031\247*\253\316W\235-3jj\215\312s\325\306\245\232"
 131      CE579D2D 
 131      336A6A8D 
 131      CA73D5C6 
 131      A59A
 132 029e CB75B546 		.ascii	"\313u\265FYy\351\361cFI\311i\243\374L\351\225b\352\251"
 132      5979E9F1 
 132      634649C9 
 132      69A3FC4C 
 132      E99562EA 
 133 02b3 A8ADABA8 		.ascii	"\250\255\253\250\256\276Xt\201\375\005\374A\342\322"
 133      AEBE5874 
 133      81FD05FC 
 133      41E2D2
 134              		.text
 135              		.section	.gnu.lto_.symbol_nodes.fe5499d4b0fd16a,"",%progbits
 136 0000 789C55C9 		.ascii	"x\234U\311\273\015\3020\024\205\341\343\343\330y\320"
 136      BB0DC230 
 136      1485E1E3 
 136      E3D879D0 
 137 0010 B0412426 		.ascii	"\260A$&\201\311\256\213HHT\014\221%\010o\260B\307\014"
 137      81C9AE8B 
 137      4848540C 
 137      9125086F 
 137      B042C70C 
 138 0024 14293303 		.ascii	"\024)3\003\"q\305\255~\351\373\035\210\245\001\300\003"
 138      2271C5AD 
 138      7EE9FB1D 
 138      88A501C0 
 138      03
 139 0035 05D8BF81 		.ascii	"\005\330\277\201)]\330\000\356D\204\025`\331Q\214Z\346"
 139      295DD800 
 139      EE448415 
 139      60D9518C 
 139      5AE6
 140 0047 46611220 		.ascii	"Fa\022 \204\365\004W\212Up\241d\012\236\024\247\340"
 140      84F50457 
 140      8A5570A1 
 140      640A9E14 
 140      A7E0
 141 0059 41F10AEE 		.ascii	"A\361\012\356\224\\\301\231R(8RJ\005\221R\375\203E\205"
 141      945CC199 
 141      52283852 
 141      4A059152 
 141      FD834585 
 142 006d F6F33516 		.ascii	"\366\3635\026%bj\201\330\367\336\"\307\220\352\321\274"
 142      25626A81 
 142      D8F7DE22 
 142      C790EAD1 
ARM GAS  /tmp/ccq7YxLK.s 			page 11


 142      BC
 143 007e E63A34BB 		.ascii	"\346:4\273\261\266\310\320\246Z\304\271\\`\330\2165"
 143      B1B6C8D0 
 143      A65AC4B9 
 143      5C60D88E 
 143      35
 144 008f 7E2C0643 		.ascii	"~,\006CF"
 144      46
 145              		.text
 146              		.section	.gnu.lto_.refs.fe5499d4b0fd16a,"",%progbits
 147 0000 789C6365 		.ascii	"x\234ce`b\340d`\000\222L\214\214L\214\202\014\000\001"
 147      6062E064 
 147      6000924C 
 147      8C8C4C8C 
 147      820C0001 
 148 0014 51002B   		.ascii	"Q\000+"
 149              		.text
 150              		.section	.gnu.lto_.decls.fe5499d4b0fd16a,"",%progbits
 151 0000 789CB558 		.ascii	"x\234\265XkP\024Y\226\256\233\267\200\242xh\2403c\354"
 151      6B501459 
 151      96AE9BB7 
 151      80A27868 
 151      A03363EC 
 152 0014 F8437B98 		.ascii	"\370C{\230\220\215\335\261\000\235\335\376\3211\243"
 152      908DDDB1 
 152      009DDDFE 
 152      D131A3
 153 0023 14DAB2D1 		.ascii	"\024\332\262\321tw\024v\307\306Ll\324 \224\0151<zx8"
 153      74771476 
 153      C7C64C6C 
 153      D420940D 
 153      313C7A78 
 154 0038 F69F9D44 		.ascii	"\366\237\235D\320\006\304\007\276Z\036*\017\021\025"
 154      D006C407 
 154      BE5A1E2A 
 154      0F1115
 155 0047 50D0461A 		.ascii	"P\320F\032Qy\224\274Q\021\024P\004J\004\337\002\202"
 155      517994BC 
 155      51111450 
 155      044A04DF 
 155      0282
 156 0059 3C9451F7 		.ascii	"<\224Q\367\334{3+\263\222\302\235\037\273\031q*\363"
 156      DC7B332B 
 156      B392C29D 
 156      1FBB1971 
 156      2AF3
 157 006b DCFCCE97 		.ascii	"\334\374\316\227\347\236s\362\336\223\345\240\342T\177"
 157      E79E73F2 
 157      DE93E5A0 
 157      E2547F
 158 007a FAA54AD5 		.ascii	"\372\245J\325\242V\251\322\220J\365\036\016\254R\251"
 158      A256A9D2 
 158      904AF51E 
 158      0EAC52A9 
 159 008a 4A54D2E1 		.ascii	"JT\322\341\002r\006\244\024\344\034H5H-\210\031\244"
 159      027206A4 
 159      14E41C48 
ARM GAS  /tmp/ccq7YxLK.s 			page 12


 159      35482D88 
 159      19A4
 160 009c 1EA411A4 		.ascii	"\036\244\021\244\031\244\025\244\007\004hT\203*\333"
 160      19A415A4 
 160      07046854 
 160      832ADB
 161 00ab E3BF6070 		.ascii	"\343\277`p!\234\277\006Y\001\362\000d\010\244\037\344"
 161      219CBF06 
 161      5901F200 
 161      6408A41F 
 161      E4
 162 00bc 0AC8B0F0 		.ascii	"\012\310\260\360L/\300\255\000y\012\327\036 \213A:A"
 162      4C2FC0AD 
 162      00790AD7 
 162      1E208B41 
 162      3A41
 163 00ce FE19C656 		.ascii	"\376\031\306V\"\306\3753\370Y$\370\324*<\333\033\306"
 163      22C6FD33 
 163      F85924F8 
 163      D42A3CDB 
 163      1BC6
 164 00e0 7C415683 		.ascii	"|AV\203\374\033\310'\210\371\365;\304|\\\003g?\304|"
 164      FC1BC827 
 164      88F9F53B 
 164      C47C5C03 
 164      673FC47C 
 165 00f4 F687F37A 		.ascii	"\366\207\363z\304\346P-\314\311\236\317\3010\350&\363"
 165      C4E6502D 
 165      CCC99ECF 
 165      C130E826 
 165      F3
 166 0105 390CF4CD 		.ascii	"9\014\364\315\202o\361p\216C\222\27730\266\0051_\273"
 166      826FF170 
 166      8E4392BF 
 166      3330B605 
 166      315FBB
 167 0118 41B4209B 		.ascii	"A\264 \233@\217\004Y\006\262\034\344\027 \236 K\210"
 167      408F0459 
 167      06B21CE4 
 167      17209E20 
 167      4B88
 168 012a FF20BF02 		.ascii	"\377 \277\002Y\014\302\011\261\355Q\315=~\300\350\355"
 168      590CC209 
 168      B1ED51CD 
 168      3D7EC0E8 
 168      ED
 169 013b D91F535D 		.ascii	"\331\037S]\372\321=D\246\277\020\321\023\2427\341\204"
 169      FAD13D44 
 169      A6BF10D1 
 169      13A237E1 
 169      84
 170 014c 84334D1C 		.ascii	"\2043M\034=\254\267\021\247\022&\206\350\210\000f\027"
 170      3DACB711 
 170      A7122686 
 170      E8880066 
 170      17
 171 015d 54E7042E 		.ascii	"T\347\004.\021(\304W\000\311\031\255\246\326C\034C\266"
ARM GAS  /tmp/ccq7YxLK.s 			page 13


 171      1128C457 
 171      00C919AD 
 171      A6D6431C 
 171      43B6
 172 016f 94708743 		.ascii	"\224p\207C\326\001\204\344\0062B$:D\357 \371\203\231"
 172      D60184E4 
 172      06324224 
 172      3A44EF20 
 172      F98399
 173 0182 F7589CFD 		.ascii	"\367X\234\375\363\264\211c\352\001\324\207\220\213*"
 173      F3B48963 
 173      EA01D487 
 173      908B2A
 174 0191 876411C6 		.ascii	"\207d\021\306^\214>/t\307\360\034\270\036x}r\375\312"
 174      5E8C3E2F 
 174      74C7F01C 
 174      B81E787D 
 174      72FDCA
 175 01a4 629E1D9A 		.ascii	"b\236\035\232_Ja\253\177?]\263`7F\036Z\304\201\3321"
 175      5F4A61AB 
 175      7F3F5DB3 
 175      6037461E 
 175      5AC481DA 
 176 01b9 D676C405 		.ascii	"\326v\304\005\324\305Z\264\020\324\231\204\333\265\332"
 176      D4C55AB4 
 176      10D49984 
 176      DBB5DA
 177 01c8 2587A855 		.ascii	"%\207\250U\"\277\220C_\377\034\025\243\245\250\010-"
 177      22BF9043 
 177      5FFF1C15 
 177      A3A5A808 
 177      2D
 178 01d9 050F4AD0 		.ascii	"\005\017J\320\022\370\335\244fL\025\365\247R\265\037"
 178      12F8DDA4 
 178      664C15F5 
 178      A752B51F 
 179 01e9 E5F03916 		.ascii	"\345\3609\026\276\346Q\336\357\367\237\343\371\355`"
 179      BEE651DE 
 179      EFF79FE3 
 179      F9ED60
 180 01f8 A6263074 		.ascii	"\246&0t\012at\032\255$~\303%\374\236D\003\010\025\242"
 180      0A61741A 
 180      AD247EC3 
 180      25FC9E44 
 180      030815A2 
 181 020c 7E98D619 		.ascii	"~\230\326\031\364\021\230\277L\033\315Y\200\377\203"
 181      F41198BF 
 181      4C1BCD59 
 181      80FF83
 182 021b 7AFBF7F4 		.ascii	"z\373\367\364\244\213\"\325\365V\327\014\276f\0330q"
 182      A48B22D5 
 182      F556D70C 
 182      BE661B30 
 182      71
 183 022c 94E9ACC4 		.ascii	"\224\351\254\304tV\311TJ\231\006\306&\032]\360\327\224"
 183      7456C954 
 183      4A9906C6 
ARM GAS  /tmp/ccq7YxLK.s 			page 14


 183      261A5DF0 
 183      D794
 184 023e 697FE1DD 		.ascii	"i\177\341\335\3579`\262\360|\315\215#^oK\207\370d-\365"
 184      EF3960B2 
 184      F07CCD8D 
 184      235E6F4B 
 184      87F8642D 
 185 0253 1C954944 		.ascii	"\034\225IDe\210\005\022\235\243\004\346\274\235C\010"
 185      65880512 
 185      9DA304E6 
 185      BC9D4308 
 186 0263 6720CA70 		.ascii	"g \312p3\2514\033\263\000\251\211\233\3272\037\270\263"
 186      33A9341B 
 186      B300A989 
 186      9BD7321F 
 186      B8B3
 187 0275 002D03F5 		.ascii	"\000-\003\365\366\314\3457\256\3704\205\252-\371\343"
 187      F6CCE537 
 187      AEF83485 
 187      AA2DF9E3 
 188 0285 CF1C91D7 		.ascii	"\317\034\221\327R\204\264 '\304h\253P%\322\242\013\302"
 188      5284B420 
 188      27C468AB 
 188      5025D2A2 
 188      0BC2
 189 0297 33E0C8E4 		.ascii	"3\340\310\344\223y~\354odX\005W\333\370\261<\036/Q\241"
 189      93797EEC 
 189      6F645805 
 189      57DBF8B1 
 189      3C1E2F51 
 190 02ac 554B91F7 		.ascii	"UK\221\367R\025\252@^\364\226\012]\204P\377\004\241"
 190      5215AA40 
 190      5EF4960A 
 190      5D8450FF 
 190      04A1
 191 02be CEE43574 		.ascii	"\316\3445t\004\036\270\367Zn\226\263V\260J\376\240\025"
 191      041EB8F7 
 191      5A6E96B3 
 191      56B04AFE 
 191      A015
 192 02d0 A0C726EE 		.ascii	"\240\307&\356\335\342\\S\011zo\"\357\274\001U\201'\345"
 192      DDE25C53 
 192      097A6F22 
 192      EFBC0155 
 192      8127E5
 193 02e3 70FF479A 		.ascii	"p\377G\232\300K\310U(\203\221\354\366\035Z5\307\306"
 193      C04BC855 
 193      288391EC 
 193      F61D5A35 
 193      C7C6
 194 02f5 484A616C 		.ascii	"HJal\307U\3131\347y\223\177\205&\3772\022\262\177\272"
 194      C755CB31 
 194      E779937F 
 194      8526FF32 
 194      12B27FBA 
 195 0309 29EDA883 		.ascii	")\355\250\203\020\350\331\222\325\227\317\361I\016\004"
 195      10E8D992 
ARM GAS  /tmp/ccq7YxLK.s 			page 15


 195      D597CFF1 
 195      490E04
 196 0318 83CE4B61 		.ascii	"\203\316Ka>/\206\271\232\206\271k\317\213\227\016\270"
 196      3E2F86B9 
 196      9A86B96B 
 196      CF8B970E 
 196      B8
 197 0329 9385F900 		.ascii	"\223\205\371\000?\261]-\330\233/\377k\021\265'i\252"
 197      3FB15D2D 
 197      D89B2FFF 
 197      6B11B527 
 197      69AA
 198 033b 91EC6B44 		.ascii	"\221\354kD\373Zj\177\1772\361\216\023Nc\005~\272\361"
 198      FB5A6A7F 
 198      7F32F18E 
 198      134E6305 
 198      7EBAF1
 199 034e 6A938B60 		.ascii	"j\223\213`\337\362/\031|\035\253\226:\311\272N\2646"
 199      DFF22F19 
 199      7C1DAB96 
 199      3AC9BA4E 
 199      B436
 200 0360 53EB940A 		.ascii	"S\353\224\012\363.\214\013\231\365D\343\354v\215`\335"
 200      F32E8C0B 
 200      99F544E3 
 200      EC768D60 
 200      DD
 201 0371 79E39356 		.ascii	"y\343\223V\353\323\257J\366WE\373zj\337w\376\350kG|"
 201      EBD3AF4A 
 201      F65745FB 
 201      7A6ADF77 
 201      FEE86B47 
 202 0386 8FD9BFD9 		.ascii	"\217\331\277\331\323\235\355d\365~\231\344}\203d\337"
 202      D39DED64 
 202      F57E99E4 
 202      7D8364DF 
 203 0396 20DA3752 		.ascii	" \3327R\373|\363\324\244+\236d\366#\247&\332\304\350"
 203      FB7CF3D4 
 203      A42B9E64 
 203      F623A726 
 203      DAC4E8
 204 03a9 7548DE37 		.ascii	"uH\3367I\326M\242u3\265\036.\275W\317\341TL\255\313"
 204      49D64DA2 
 204      7533B51E 
 204      2EBD57CF 
 204      E1544CAD 
 205 03be 260ADAA5 		.ascii	"&\012\332\245\330{K\261o\221\354[D\373Vj\237uk0\237"
 205      D87B4BB1 
 205      6F91EC5B 
 205      44FB566A 
 205      9F756B30 
 206 03d3 C359CCBE 		.ascii	"\303Y\314\276\257\351T\021)\361\025ZD\326\235\0050t"
 206      AFE95411 
 206      29F1155A 
 206      44D69D05 
 206      3074
 207 03e5 F679E56B 		.ascii	"\366y\345k76D\020\035{\306\217;\341b\012\3472Z\272\353"
ARM GAS  /tmp/ccq7YxLK.s 			page 16


 207      37364410 
 207      1D7BC68F 
 207      3BE1620A 
 207      E7325ABA 
 208 03fa D4C84B4B 		.ascii	"\324\310KK\013\274\346\375\310\3572\306y~\031\272\011"
 208      0BBCE6FD 
 208      C8EF32C6 
 208      797E19BA 
 208      09
 209 040b A575437A 		.ascii	"\245uCz\340\012\262\266'[+Oe-;\324\016\225\012\274\004"
 209      E00AB2B6 
 209      275B2B4F 
 209      652D3BD4 
 209      0E950ABC 
 210 0420 87AEC3E0 		.ascii	"\207\256\303\3405V\253\247\216\247\3479\342a\366\214"
 210      3556ABA7 
 210      8EA7E739 
 210      E261F68C 
 211 0430 862BBD3D 		.ascii	"\206+\275=j\244\365\262Kp\313\016\001sf\372\355G\015"
 211      6AA4F5B2 
 211      4B70CB0E 
 211      017366FA 
 211      ED470D
 212 0443 DBC94AD1 		.ascii	"\333\311J\321\011\316tH\316\334$/\006yH\335\353\201"
 212      09CE7448 
 212      CEDC242F 
 212      067948DD 
 212      EB81
 213 0455 85B4CC09 		.ascii	"\205\264\314\011\200\225yjA\363\033l\035\273\215\350"
 213      8095796A 
 213      41F31B6C 
 213      1DBB8DE8 
 214 0465 60EBCDF1 		.ascii	"`\353\315\361n\327yk\277\233\326~\227X\373\305\025M"
 214      6ED7796B 
 214      BF9BD67E 
 214      9758FBC5 
 214      154D
 215 0477 5DEEE222 		.ascii	"]\356\342\"\223\212\217&6\244\361\271\210\302P\233\344"
 215      938A8F26 
 215      36A4F1B9 
 215      88C2509B 
 215      E4
 216 0488 449B9882 		.ascii	"D\233\230\202\036\232\202\314\252W-\016la\321\200\332"
 216      1E9A82CC 
 216      AA572D0E 
 216      6C61D180 
 216      DA
 217 0499 9BDF958D 		.ascii	"\233\337\225\215\310\213\315\013\257\252\207\374M\275"
 217      C88BCD0B 
 217      AFAA87FC 
 217      4DBD
 218 04a7 4BDF6CDD 		.ascii	"K\337l\335Rt\207\005\253\350B\301E\304\214\235A\335"
 218      52748705 
 218      ABE842C1 
 218      45C48C9D 
 218      41DD
 219 04b9 595FDE80 		.ascii	"Y_\336\200\331\252\324Dn\037\312\2729\253\365\330K\311"
ARM GAS  /tmp/ccq7YxLK.s 			page 17


 219      D9AAD444 
 219      6E1FCABA 
 219      39ABF5D8 
 219      4BC9
 220 04cb 486EE80A 		.ascii	"Hn\350\012t\017\330z)[\037\362\0209\011\332\322\271"
 220      740FD87A 
 220      295B1FF2 
 220      103909DA 
 220      D2B9
 221 04dd 27540EAE 		.ascii	"'T\016\256\372\0208\357\310\363\005\313\253\325\307"
 221      FA1038EF 
 221      C8F305CB 
 221      ABD5C7
 222 04ec 6049EA87 		.ascii	"`I\352\207;0\362z2!A\203\233\325\264Rr\257M\034\322"
 222      3B30F27A 
 222      32214183 
 222      9BD5B452 
 222      72AF4D1C 
 223 0501 E26EA63C 		.ascii	"\342n\246<{\362\310\357\327\371|{\015\354\010\203\277"
 223      7BF2C8EF 
 223      D7F97C7B 
 223      0DEC0883 
 223      BF
 224 0512 3FBFAD86 		.ascii	"?\277\255\206OYC\254\320}\210\012,\373\262\247X`d\000"
 224      4F5943AC 
 224      D07D880A 
 224      2CFBB2A7 
 224      58606400 
 225 0526 2D57A141 		.ascii	"-W\241A\364k\362:\217dgj\344\013\027)g)\034\017\330"
 225      F46BF23A 
 225      8F64676A 
 225      E40B1729 
 225      67291C0F 
 226 053b C245CE00 		.ascii	"\302E\316\000\346\253\252r\265r0y\204\004\036\022\300"
 226      E6ABAA72 
 226      B5723079 
 226      84041E12 
 226      C0
 227 054c 43143C30 		.ascii	"C\024<0\323\335\357*\007\227\3300\017\013\340a\012\256"
 227      D3DDEF2A 
 227      0797D830 
 227      0F0BE061 
 227      0AAE
 228 055e B87FB0DA 		.ascii	"\270\177\260\332\231\205\271\207\356q#E\025n,\3165D"
 228      9985B987 
 228      EE712345 
 228      156E2CCE 
 228      3544
 229 0570 EF7C989B 		.ascii	"\357|\230\233\344\312\356\267\023\335\334\3258\246\306"
 229      E4CAEEB7 
 229      13DDDCD5 
 229      38A6C6
 230 057f 1636FBE4 		.ascii	"\0266\373\344\342\335fL2\232\370\017U0X\264\265\315"
 230      E2DD664C 
 230      329AF80F 
 230      553058B4 
 230      B5CD
ARM GAS  /tmp/ccq7YxLK.s 			page 18


 231 0591 5E73C00F 		.ascii	"^s\300\017\231\271\230S\017!\247\007.\232\253\\\360"
 231      99B99853 
 231      0F21A707 
 231      2E9AAB5C 
 231      F0
 232 05a2 1376F341 		.ascii	"\023v\363A\352\240\331\021\2170E\364\312C\360\352X\357"
 232      EAA0D911 
 232      8F3045F4 
 232      CA43F0EA 
 232      58EF
 233 05b4 24BCEEE3 		.ascii	"$\274\356\343\354fU\305\245\006\241\314\274e\033\274"
 233      EC6655C5 
 233      A506A1CC 
 233      BC651BBC 
 234 05c4 07DBE02F 		.ascii	"\007\333\340/<ln\320\262\011\361\010\364\313\035\367"
 234      3C6C6ED0 
 234      B209F108 
 234      F4CB1DF7 
 235 05d4 D6E06966 		.ascii	"\326\340ifY7^Z(L\016\223\351d\214\267/\230\267@\247"
 235      59375E5A 
 235      284C0E93 
 235      E9648CB7 
 235      2F98B740 
 236 05e9 C4029D64 		.ascii	"\304\002\235dS\2713S\177\327A**5}\271&\000>N\341\323"
 236      53B93353 
 236      7FD7412A 
 236      2A357DB9 
 236      26003E4E 
 237 05ff B4A8A6C4 		.ascii	"\264\250\246\304\242\252?8\342.\007?\375\020\370L~\301"
 237      A2AA3F38 
 237      E22E073F 
 237      FD10F84C 
 237      7EC1
 238 0611 0F5A3CCB 		.ascii	"\017Z<\313\234\314\232\350{\"d\310\013\324\023SU\211"
 238      9CCC9AE8 
 238      7B2264C8 
 238      0BD41353 
 238      5589
 239 0623 1AFC9EDD 		.ascii	"\032\374\236\335\333\177\345\3105'\234\350@\025q\343"
 239      DB7FE5C8 
 239      35279CE8 
 239      401571E3 
 240 0633 F6601BF7 		.ascii	"\366`\033\367\266n?\374=\273S\235\276\257\017\341\235"
 240      B66E3FFC 
 240      3DBB539D 
 240      BEAF0FE1 
 240      9D
 241 0644 4C19491A 		.ascii	"L\031I\032\266\010\361Y\002\352\301\326g+\360^v\353"
 241      B608F159 
 241      02EAC1D6 
 241      672BF05E 
 241      76EB
 242 0656 5D937905 		.ascii	"]\223y\005>\304\256\033.\234,D8\233)\343\231\015\317"
 242      3EC4AE1B 
 242      2E9C2C44 
 242      389B29E3 
 242      990DCF
ARM GAS  /tmp/ccq7YxLK.s 			page 19


 243 0669 B4388729 		.ascii	"\2648\207)9\035\331?ip>SN\314\034:\341\212O2\345V\345"
 243      391DD93F 
 243      69703E53 
 243      4ECC1C3A 
 243      E18A4F32 
 244 0680 ED64175C 		.ascii	"\355d\027\\\302\224\344\262\262\303.\270\214)\333\252"
 244      C294E4B2 
 244      B2C32EB8 
 244      8C29DBAA 
 245 0690 EEA40B4D 		.ascii	"\356\244\013M\230\205\350C\005C9\316BV\034\311\022\325"
 245      9885E843 
 245      054339CE 
 245      42561CC9 
 245      12D5
 246 06a2 D1368D70 		.ascii	"\3216\215p9\003\247^\350\354W\317\233\2074N\310\203"
 246      3903A75E 
 246      E8EC57CF 
 246      9B87344E 
 246      C883
 247 06b4 374DC3C1 		.ascii	"7M\303\301\313\007\313\335\225ix\204\330:\242B\2738"
 247      CB07CBDD 
 247      95697884 
 247      D83AA242 
 247      BB38
 248 06c6 0FD186A0 		.ascii	"\017\321\206\240\333\207\363\013\324\312<\314\207\376"
 248      DB87F30B 
 248      D4CA3CCC 
 248      87FE
 249 06d4 F9686AED 		.ascii	"\371hj\355\244\033\362\364\364\\\344);\274\350o\036"
 249      A41BF2F4 
 249      F45CE429 
 249      3BBCE86F 
 249      1E
 250 06e5 9F94C8D7 		.ascii	"\237\224\310\327t\237\305ieC\315\011\374\361%\224j\014"
 250      749FC569 
 250      6543CD09 
 250      FCF12594 
 250      6A0C
 251 06f7 5EF27DDC 		.ascii	"^\362}\334\"\351=\030\245\274\345\344W\305L\352R0\264"
 251      22E93D18 
 251      A5BCE5E4 
 251      57C54CEA 
 251      5230B4
 252 070a 7B4998E2 		.ascii	"{I\230\342\237(\361\217\347\340\237&\313\360#J\374s"
 252      9F28F18F 
 252      E7E09F26 
 252      CBF0234A 
 252      FC73
 253 071c 8AF721F0 		.ascii	"\212\367!\360taVk\324*\224\312-E)\034\271E\320\360\026"
 253      7461566B 
 253      D42A94CA 
 253      2D45291C 
 253      B945D0F0 
 254 0731 A2639C17 		.ascii	"\242c\234\027:\300y\242\375 Y \207A\016\202\344\203"
 254      3AC079A2 
 254      FD205920 
 254      87410E82 
ARM GAS  /tmp/ccq7YxLK.s 			page 20


 254      E483
 255 0743 FC007214 		.ascii	"\374\000r\024$\003$\033$\007$\027$\023\3448\310\036"
 255      2403241B 
 255      24072417 
 255      2413E438 
 255      C81E
 256 0755 90749023 		.ascii	"\220t\220# \207@\366\202\344q\236t\255gN\276\371o\311"
 256      208740F6 
 256      82E4719E 
 256      74AD674E 
 256      BEF96FC9 
 257 0769 C7EF3985 		.ascii	"\307\3579\205\217:\345\224\306e\350d\273h\037\011\334"
 257      8F3AE594 
 257      C665E864 
 257      BB681F09 
 257      DC
 258 077a F137099C 		.ascii	"\3617\011\234\244\004\217#\005\372\215<Z\317\354GW\006"
 258      A4048F23 
 258      05FA8D3C 
 258      5ACFEC47 
 258      5706
 259 078c 1F94916F 		.ascii	"\037\224\221oS\222\363\234\002\335\"CoW\242\357\314"
 259      5392F39C 
 259      02DD2243 
 259      6F57A2EF 
 259      CC
 260 079d C9DCB80C 		.ascii	"\311\334\270\014\376^\351\312[\245+\035r\317_+\341/"
 260      FE5EE9CA 
 260      5BA52B1D 
 260      72CF5F2B 
 260      E12F
 261 07af 95F03A19 		.ascii	"\225\360:\031\371\016\373\276\310\303\"C\277\263\357"
 261      F90EFBBE 
 261      C8C32243 
 261      BFB3EF
 262 07be 8A8DE772 		.ascii	"\212\215\347r_^\330\2579\233\032\225\321'\330\017#\203"
 262      5F5ED8AF 
 262      399B1A95 
 262      D127D80F 
 262      2383
 263 07d0 B32666E4 		.ascii	"\263&f\344\235G\002\317#\002S\011\275\203TJ\015\311"
 263      9D4702CF 
 263      23025309 
 263      BD83544A 
 263      0DC9
 264 07e2 B812BEAC 		.ascii	"\270\022\276\254R\034)\333\337\225\017\177\243\234Z"
 264      521C29DB 
 264      DF950F7F 
 264      A39C5A
 265 07f1 8BDCD759 		.ascii	"\213\334\327Y\373p\253\257\011\200O\301\011\024\277"
 265      FB70ABAF 
 265      09804FC1 
 265      0914BF
 266 0800 9BF3403B 		.ascii	"\233\363@;\005g\305%\000=T\322\337\225M-\321~\371\311"
 266      0567C525 
 266      003D54D2 
 266      DF954D2D 
ARM GAS  /tmp/ccq7YxLK.s 			page 21


 266      D17EF9C9 
 267 0814 D9EF260B 		.ascii	"\331\357&\013\3543\260C\277\022\274\021\027z!\213\014"
 267      EC33B043 
 267      BF12BC11 
 267      177A218B 
 267      0C
 268 0825 4FDAD2B6 		.ascii	"O\332\322\266\256\223\356x\224\256z\\\335\321K\031\320"
 268      AE93EE78 
 268      94AE7A5C 
 268      DDD14B19 
 268      D0
 269 0836 742E6221 		.ascii	"t.b!\352J\301\211$D\205`^\300Y;,\0221\373o::\001/\370"
 269      EA4AC189 
 269      24448560 
 269      5EC0593B 
 269      2C1231FB 
 270 0850 FFF7CB4E 		.ascii	"\377\367\313N\366\210'{\356\333|p\025\312\002\002\337"
 270      F688277B 
 270      EEDB7C70 
 270      15CA0202 
 270      DF
 271 0861 AA1CEB2E 		.ascii	"\252\034\353.\340\014\340\264\0277\017\273*\2734\251"
 271      E00CE0B4 
 271      17370FBB 
 271      2ABB34A9 
 272 0871 CB3C255B 		.ascii	"\313<%[n\211B6\206\331\222\213\302&F\366\205\351\263"
 272      6E894236 
 272      86D9928B 
 272      C22646F6 
 272      85E9B3
 273 0884 39D7DDE6 		.ascii	"9\327\335\346\335\012\212\304\255\3404G\367\202W\251"
 273      DD0A8AC4 
 273      ADE03447 
 273      F78257A9 
 274 0894 DBA78586 		.ascii	"\333\247\205\206\302\011\324\223\017\263w\273\262M\346"
 274      C209D493 
 274      0FB377BB 
 274      B24DE6
 275 08a3 63D27FB6 		.ascii	"c\322\177\266\0277\270)\235)\201\360\025\323\002=C\235"
 275      1737B829 
 275      9D2981F0 
 275      15D3023D 
 275      439D
 276 08b5 2962CE9C 		.ascii	")b\316\234\241\316<*\344\247\335\361,\333\225\256\356"
 276      A1CE3C2A 
 276      E4A7DDF1 
 276      2CDB95AE 
 276      EE
 277 08c6 AA2A245F 		.ascii	"\252*$_P5\360\311>\335\214\213\312Ja\331_\234\344\314"
 277      5035F0C9 
 277      3EDD8C8B 
 277      CA4A61D9 
 277      5F9CE4CC 
 278 08da BED9A514 		.ascii	"\276\331\245\024\301\245\342\233\235#\315\360\330Tk"
 278      C1A5E29B 
 278      9D23CDF0 
 278      D8546B
ARM GAS  /tmp/ccq7YxLK.s 			page 22


 279 08e9 3AC6A58E 		.ascii	":\306\245\216lo\254\337\226\352&pu\336\360|\302\376"
 279      6C6FACDF 
 279      96EA2670 
 279      75DEF07C 
 279      C2FE
 280 08fb 49A863FF 		.ascii	"I\250c\377$\224I\\eJ\256s\224\313<\325U\342\204k\031"
 280      2494495C 
 280      654AAE73 
 280      94CB3CD5 
 280      55E2846B 
 281 0910 577B7AE2 		.ascii	"W{z\342\022\201\252\365\210\347\261\374\035|;\317\347"
 281      1281AAF5 
 281      88E7B1FC 
 281      1D7C3BCF 
 281      E7
 282 0921 6C607F01 		.ascii	"l`\177\001\234\227\270\316+\271~\244\\'\246gv\272\343"
 282      9C97B8CE 
 282      2BB97EA4 
 282      5C27A667 
 282      76BAE3
 283 0934 5B8CEB40 		.ascii	"[\214\353@w\343\343\005\002YG&f\177K\344\262O\265r\211"
 283      77E3E305 
 283      02594726 
 283      667F4BE4 
 283      B24FB572 
 284 0949 AA5C4975 		.ascii	"\252\\Iu\201Ru?\254\013\305\375\214\351t\311\321Rw\374"
 284      8152753F 
 284      AC0BC5FD 
 284      8CE974C9 
 284      D15277FC 
 285 095d 9C293BEB 		.ascii	"\234);\353\314\331\216\360\001\202~\"\206\363|\245\\"
 285      CCD98EF0 
 285      01827E22 
 285      86F37CA5 
 285      5C
 286 096e 2D2D7AEB 		.ascii	"--z\353>\357\007I\025G>H.r\302\007\311\213]\023Y\234"
 286      3EEF0749 
 286      15473E48 
 286      2E72C207 
 286      C98B5D13 
 287 0984 E068F700 		.ascii	"\340h\367\000\3569\333\233\306\347$\360k\2328\202D\025"
 287      EE39DB9B 
 287      C6E724F0 
 287      6B9A3882 
 287      4415
 288 0996 A2AFA892 		.ascii	"\242\257\250\222S\023\315\326\335K\324\335\231\311\332"
 288      5313CDD6 
 288      DD4BD4DD 
 288      99C9DA
 289 09a5 5A0DAE70 		.ascii	"Z\015\256p\242.6\356K\373I-e\267\362\274<\273\227\245"
 289      A22E36EE 
 289      4BFB492D 
 289      65B7F2BC 
 289      3CBB97A5 
 290 09b9 A95F5672 		.ascii	"\251_Vr]\241\\y=w\3169\342V\306uk\377\320K'\201k|\247"
 290      5DA15C79 
 290      3D77CE39 
ARM GAS  /tmp/ccq7YxLK.s 			page 23


 290      E256C675 
 290      6BFFD04B 
 291 09d2 6D14AB25 		.ascii	"m\024\253%\252j%U\015\245:P\320\230\002\0356\243\232"
 291      AA6A2555 
 291      0DA53A50 
 291      D098021D 
 291      36A39A
 292 09e5 79937BD4 		.ascii	"y\223{\324\311Z(\253\237\331\024J\255\304U\253\344\252"
 292      C95A28AB 
 292      9FD9144A 
 292      ADC455AB 
 292      E4AA
 293 09f7 A35CCD43 		.ascii	"\243\\\315C%u\356x\202q\355*8\331\240\261V\212\367I"
 293      2575EE78 
 293      8271ED2A 
 293      38D9A0B1 
 293      568AF749 
 294 0a0b DB4A314B 		.ascii	"\333J1Kdf%\331UJf9\366h\277\033N\326P\262\336\274\362"
 294      646625D9 
 294      554A6639 
 294      F668BF1B 
 294      4ED650B2 
 295 0a22 2C2C56CA 		.ascii	",,V\312\021\3339\326KT\365J\252\006J\325\332\225{\306"
 295      11DB39D6 
 295      4B54F54A 
 295      AA064AD5 
 295      DA957BC6 
 296 0a36 011F6054 		.ascii	"\001\037`T\327\036\225u8\341L\246\374P98\346\216\363"
 296      D71E9575 
 296      38E14CA6 
 296      FC503938 
 296      E68EF3
 297 0a49 98926E9E 		.ascii	"\230\222n\236\234p\301'\004X\312\276\203\034.b\312\313"
 297      9C70C127 
 297      0458CABE 
 297      831C2E62 
 297      CACB
 298 0a5b 7673AA33 		.ascii	"vs\2523>\317\224\324\332;;\234q\025Sr\037W\356_\200"
 298      3ECF94D4 
 298      DA3B3B9C 
 298      71155372 
 298      1F57EE5F 
 299 0a70 EB9872A9 		.ascii	"\353\230r\251\267\\\207[\331\365\251\312]\367\035\360"
 299      B75C875B 
 299      D9F5A9CA 
 299      5DF71DF0 
 300 0a80 2DA63CA8 		.ascii	"-\246<\250H\232R\343\036\246\264_\264\014\273\343>\246"
 300      489A52E3 
 300      1EA6B45F 
 300      B40CBBE3 
 300      3EA6
 301 0a92 74B70F6E 		.ascii	"t\267\017n`K\310j\262\376\\\230\355\025\376\014\313"
 301      604BC86A 
 301      B2FE5C98 
 301      ED15FE0C 
 301      CB
 302 0aa3 219F0833 		.ascii	"!\237\0103\207\267CWl\241\320\005\337W\336\036\307H"
ARM GAS  /tmp/ccq7YxLK.s 			page 24


 302      87B74357 
 302      6CA1D005 
 302      DF57DE1E 
 302      C748
 303 0ab5 6A0C1779 		.ascii	"j\014\027yY\373\302\351l\207\264\262\343R_x\035Bb\371"
 303      59FBC2E9 
 303      6C87B4B2 
 303      E3525F78 
 303      1D4262F9 
 304 0ac9 60E362B3 		.ascii	"`\343b\263\215\335T\302\347\266Prx\233\022>\247s\261"
 304      8DDD54C2 
 304      E7B65072 
 304      789B123E 
 304      A773B1
 305 0adc 6922AFD9 		.ascii	"i\"\257\331wFN\177W\336\2446*\361o\346\342\345\3747"
 305      77464E7F 
 305      57DEA436 
 305      2AF16FE6 
 305      E2E5FC37 
 306 0af0 94F8B9AD 		.ascii	"\224\370\271\255\321\240\234\377\266\022?\247\331i\221"
 306      D1A09CFF 
 306      B6123FA7 
 306      D96991
 307 0aff C39B95F0 		.ascii	"\303\233\225\360\271\375\213M/\325n\337\035y\353%\247"
 307      B9FD8B4D 
 307      2FD56EDF 
 307      1D79EB25 
 307      A7
 308 0b10 6FB23FDB 		.ascii	"o\262?\3339-\366-\3309:i\234-\302\256{\037v\335\007"
 308      392DF62D 
 308      D8393A69 
 308      9C2DC2AE 
 308      7B1F76DD 
 309 0b25 B05B7683 		.ascii	"\260[v\203\364\203\364\202t\201\334\001\351\001\031"
 309      F483F482 
 309      7481DC01 
 309      E90119
 310 0b34 041902E9 		.ascii	"\004\031\002\351\003\031\000\271\013rO\330Y\331\256"
 310      031900B9 
 310      0B724FD8 
 310      59D9AE
 311 0b43 3FF59E35 		.ascii	"?\365\2365F\026{\215\321\273d|Jj\214Z\355\347\334\346"
 311      46167B8D 
 311      D1BB647C 
 311      4A6A8C5A 
 311      EDE7DCE6 
 312 0b57 4B431E85 		.ascii	"KC\036\205\016\273%%o(\345Ah\261\037c\037\241q\231,"
 312      0EBB2525 
 312      6F28E541 
 312      68B11F63 
 312      1FA17199 
 313 0b6c 2EEE73C1 		.ascii	".\356s\301Y\316\264q\031<t\361\264\003Z\344e/8\350\021"
 313      59CEB471 
 313      193C74F1 
 313      B4035AE4 
 313      652F38E8 
 314 0b81 C4E4FF2E 		.ascii	"\304\344\377.>#BW\364\020\030\207\245U\306B\273\"\262"
ARM GAS  /tmp/ccq7YxLK.s 			page 25


 314      3E234257 
 314      F4101887 
 314      A555C642 
 314      BB22B2
 315 0b94 0C9FEBBB 		.ascii	"\014\237\353\273\204\344\315\311C\233\346\344\261\320"
 315      84E4CDC9 
 315      439BE6E4 
 315      B1D0
 316 0ba2 9C3CA6CD 		.ascii	"\234<\246\315\311\353\216\335\333\035p!\235\0042\367"
 316      C9EB8EDD 
 316      DB1D7021 
 316      9D0432F7 
 317 0bb2 95966AF0 		.ascii	"\225\226j\360\031\246\274\035\252\2668\343r\2528\232"
 317      19A6BC1D 
 317      AAB638E3 
 317      72AA389A 
 318 0bc2 0B3A2ADD 		.ascii	"\013:*\335\341-\367Z$\276\334S\275\036\373\022\371&"
 318      E12DF75A 
 318      24BEDC53 
 318      BD1EFB12 
 318      F926
 319 0bd4 6FF68D01 		.ascii	"o\366\215\001n\214~\270\330\237\376Q\366\301g\037\356"
 319      6E8C7EB8 
 319      D89FFE51 
 319      F6C1671F 
 319      EE
 320 0be5 2335C7D7 		.ascii	"#5\307\327{Y\015\214\332\326\200<\272\322\037\007\243"
 320      7B590D8C 
 320      DAD6803C 
 320      BAD21F07 
 320      A3
 321 0bf6 42684720 		.ascii	"BhG \264c\020\256\227 /@\236\333|\235\365\313\035~\252"
 321      B46310AE 
 321      97202F40 
 321      9EDB7C9D 
 321      F5CB1D7E 
 322 0c0b F4405908 		.ascii	"\364@Y\010\203\177\264\255\232\271`k\003{x\350\255\005"
 322      837FB4AD 
 322      9AB9606B 
 322      037B78E8 
 322      AD05
 323 0c1d E14BAC0E 		.ascii	"\341K\254\0162\314\265g8k\003\373\256W\315\363\032\364"
 323      32CCB567 
 323      386B03FB 
 323      AE57CDF3 
 323      1AF4
 324 0c2f 0A8CC7A5 		.ascii	"\012\214\307\245L\215\316\351_\255\275\361\004L\341"
 324      4C8DCEE9 
 324      5FADBDF1 
 324      044CE1
 325 0c3e 7F9B0E3C 		.ascii	"\177\233\016<\262\351\304\236\011,O\361+\233\024O\012"
 325      B2E9C49E 
 325      092C4FF1 
 325      2B9B144F 
 325      0A
 326 0c4f 299EA429 		.ascii	")\236\244)~~\357\\\263Z\016\356\266\371+lJ\000\223\263"
 326      7E7EEF5C 
ARM GAS  /tmp/ccq7YxLK.s 			page 26


 326      B35A0EEE 
 326      B6F92B6C 
 326      4A0093B3 
 327 0c63 E66B5348 		.ascii	"\346kSH\\t\214\237\267\346\323\317\277Z\246\367\361"
 327      5C748C9F 
 327      B7E6D3CF 
 327      BF5AA6F7 
 327      F1
 328 0c74 51FD76E5 		.ascii	"Q\375v\345J\235>,|S\370\027A\272\350X]Xp\204\356\333"
 328      4A9D3E2C 
 328      7C53F817 
 328      41BAE858 
 328      5D587084 
 329 0c8a E898B858 		.ascii	"\350\230\270X]\320\306\300U\276\272\317>\363\327m\014"
 329      5DD0C6C0 
 329      55BEBACF 
 329      3EF3D76D 
 329      0C
 330 0c9b 08DCE243 		.ascii	"\010\334\342C\356\030c\343\214\021\021\241+CT.\354\312"
 330      EE1863E3 
 330      8C1111A1 
 330      2B43542E 
 330      ECCA
 331 0cad 181E151E 		.ascii	"\030\036\025\036\347a$\006\306\360\230\277\030M\337"
 331      E7612406 
 331      C6F098BF 
 331      184DDF
 332 0cbc 8647447F 		.ascii	"\206GD\177\023o\322\331\222\206DGFFG\011\274k\015\201"
 332      136FD2D9 
 332      92864447 
 332      46464709 
 332      BC6B0D81 
 333 0cd0 FAC0ADBA 		.ascii	"\372\300\255\272\220\260\220\350\030\223q\313\277G\256"
 333      90B090E8 
 333      189371CB 
 333      BF47AE
 334 0cdf 0C532D34 		.ascii	"\014S-4\306\305\004\207\230\214\341\2611\306\010S\360"
 334      C6C50487 
 334      988CE1B1 
 334      31C60853 
 334      F0
 335 0cf0 16933A24 		.ascii	"\026\223:$,8\346W\266,1q\272\360\250\220\210\370P\023"
 335      2C38E657 
 335      B62C3171 
 335      BAF0A890 
 335      88F85013 
 336 0d04 18533C58 		.ascii	"\030S<X.6\206n\372\306\030\022f\012\3713\263$\034\037"
 336      2E36866E 
 336      FAC61812 
 336      660AF933 
 336      B3241C1F 
 337 0d18 320C356D 		.ascii	"2\0145m\212\377\006\014\377If\030\037\025\021\015\247"
 337      8AFF060C 
 337      FF496618 
 337      1F15110D 
 337      A7
 338 0d29 CD31D191 		.ascii	"\3151\321\221\304\334#$,\350\273\330\215\341\221\246"
ARM GAS  /tmp/ccq7YxLK.s 			page 27


 338      C4DC2324 
 338      2CE8BBD8 
 338      8DE191A6 
 339 0d39 980DC151 		.ascii	"\230\015\301Q\241\021\246\230\200\345\037`\214\375."
 339      A111A698 
 339      80E51F60 
 339      8CFD2E
 340 0d48 16F896C8 		.ascii	"\026\370\226\310\035\221\263\311=4E\305\231b\310\240"
 340      1D91B3C9 
 340      3D3445C5 
 340      9962C8A0 
 341 0d58 7CC27470 		.ascii	"|\302tpa\324\226\360\220uQ\301\233\"L,EZ\2431><*n\225"
 341      61D496F0 
 341      907551C1 
 341      9B224C2C 
 341      455AA331 
 342 0d71 AF31EE37 		.ascii	"\2571\3567\272\370\330\030\353\003\243L\177\215\010"
 342      BAF8D818 
 342      EB03A34C 
 342      7F8D08
 343 0d80 DFA48B0C 		.ascii	"\337\244\213\014\016\011\013\2172\351\214\241\246\315"
 343      0E090B8F 
 343      32E98CA1 
 343      A6CD
 344 0d8e C1F11171 		.ascii	"\301\361\021q\306\270\357\2765\021G4\242\331G\366\314"
 344      C6B8EFBE 
 344      35114734 
 344      A2D947F6 
 344      CC
 345 0d9f C0591DA4 		.ascii	"\300Y\035\2441\0240\200\375\315|\311\0272&\344\212\370"
 345      31143080 
 345      FDCD7CC9 
 345      173226E4 
 345      8AF8
 346 0db1 066867B1 		.ascii	"\006hg\261xTnF\343\346\370\250\020\243q\345\307\037"
 346      78546E46 
 346      E3E6F8A8 
 346      10A371E5 
 346      C71F
 347 0dc3 7FBC5A23 		.ascii	"\177\274Z#j\016z}\240a\025\367\205A\355\037\270\326"
 347      6A0E7A7D 
 347      A06115F7 
 347      8541ED1F 
 347      B8D6
 348 0dd5 80FDF506 		.ascii	"\200\375\365\006\265\237\377F\003\326\353\015\330\000"
 348      B59FFF46 
 348      03D6EB0D 
 348      D800
 349 0de3 B2D660C0 		.ascii	"\262\326`\300_\006\351\261\376\363\215j\275~\235\201"
 349      5F06E9B1 
 349      FEF38D6A 
 349      BD7E9D81 
 350 0df3 E27DE9AF 		.ascii	"\342}\351\257\017^\367\251\201\013\002\313\200u\006"
 350      0F5EF7A9 
 350      810B02CB 
 350      807506
 351 0e02 755020A0 		.ascii	"uP \240\365\006_\020\037@\376\247a\365?Z\245\261q\221"
ARM GAS  /tmp/ccq7YxLK.s 			page 28


 351      F5065F10 
 351      1F40FEA7 
 351      61F53F5A 
 351      A5B17191 
 352 0e16 64EEE1A4 		.ascii	"d\356\341\244\252\\\254\2121\316#:68\002\262\372\031"
 352      AA5CAC8A 
 352      31CE233A 
 352      363802B2 
 352      FA19
 353 0e28 A4663D64 		.ascii	"\244f=d& \310\260|.'\001\221\344\2223)KZ\0102\023\017"
 353      2620C8B0 
 353      7C2E2701 
 353      91E49233 
 353      294B5A08 
 354 0e3f 5AE936E9 		.ascii	"Z\3516\351u\266\016APbMqF\277\265A\353\2764\004\270"
 354      75B60E41 
 354      50624D71 
 354      46BFB541 
 354      EBBE3404 
 355 0e54 0547FC35 		.ascii	"\005G\3745\370\273XxC\" M\237\330}!L[\343H\210u\372"
 355      F8BB5878 
 355      4322204D 
 355      9FD87D21 
 355      4C5BE348 
 356 0e6b C0A08020 		.ascii	"\300\240\200 \235\036\336\007]\200XV\221\261\341\261"
 356      9D1EDE07 
 356      5D805856 
 356      91B1E1B1 
 357 0e7b C66F4248 		.ascii	"\306oBH\334\027\021w\276\260-\310\305\302|\276\242\245"
 357      DC171177 
 357      BEB02DC8 
 357      C5C27CBE 
 357      A2A5
 358 0e8d 2BBA47FD 		.ascii	"+\272G\375\265\031ZL\335S\024\270\213l\320A\277\376"
 358      B5195A4C 
 358      DD5314B8 
 358      8B6CD041 
 358      BFFE
 359 0e9f 5383AFD3 		.ascii	"S\203\257\323\332\015~\206 \222\252 \2223\275\301i\355"
 359      DA0D7E86 
 359      2092AA20 
 359      9233BDC1 
 359      69ED
 360 0eb1 977E3EEB 		.ascii	"\227~>\353>\247g_8;\002\000N\0322L\200\344\302\227Y"
 360      3EA7675F 
 360      383B0200 
 360      4E1A324C 
 360      80E4C297 
 361 0ec6 0418D484 		.ascii	"\004\030\324\204\203\323\033(\327\252\325\363\3165h"
 361      83D31B28 
 361      D7AAD5F3 
 361      CE3568
 362 0ed5 23CBD7FA 		.ascii	"#\313\327\372U[\267\262Lm^\345\275j+\231\243\213A\257"
 362      555BB7B2 
 362      4C6D5EE5 
 362      BD6A2B99 
 362      A38B41AF 
ARM GAS  /tmp/ccq7YxLK.s 			page 29


 363 0ee9 376E8412 		.ascii	"7n\204\022\3667mv$\017Y\377\007\307\000\177\375\027"
 363      F6376D76 
 363      240F59FF 
 363      07C7007F 
 363      FD17
 364 0efb FEEB88E6 		.ascii	"\376\353\210\346\273\376\017\356\376~\237\006\352\277"
 364      BBFE0FEE 
 364      FE7E9F06 
 364      EABF
 365 0f09 1231FF03 		.ascii	"\0221\377\003\313J\211A"
 365      CB4A8941 
 366              		.text
 367              		.section	.gnu.lto_.symtab.fe5499d4b0fd16a,"",%progbits
 368 0000 56656374 		.ascii	"VectorB0\000"
 368      6F724230 
 368      00
 369 0009 00       		.ascii	"\000"
 370 000a 00       		.ascii	"\000"
 371 000b 00       		.ascii	"\000"
 372 000c 00000000 		.ascii	"\000\000\000\000\000\000\000\000"
 372      00000000 
 373 0014 AE000000 		.ascii	"\256\000\000\000"
 374 0018 73745F6C 		.ascii	"st_lld_init\000"
 374      6C645F69 
 374      6E697400 
 375 0024 00       		.ascii	"\000"
 376 0025 00       		.ascii	"\000"
 377 0026 00       		.ascii	"\000"
 378 0027 00000000 		.ascii	"\000\000\000\000\000\000\000\000"
 378      00000000 
 379 002f B0000000 		.ascii	"\260\000\000\000"
 380 0033 5F706F72 		.ascii	"_port_irq_epilogue\000"
 380      745F6972 
 380      715F6570 
 380      696C6F67 
 380      756500
 381 0046 00       		.ascii	"\000"
 382 0047 02       		.ascii	"\002"
 383 0048 00       		.ascii	"\000"
 384 0049 00000000 		.ascii	"\000\000\000\000\000\000\000\000"
 384      00000000 
 385 0051 B2000000 		.ascii	"\262\000\000\000"
 386 0055 5F747261 		.ascii	"_trace_isr_leave\000"
 386      63655F69 
 386      73725F6C 
 386      65617665 
 386      00
 387 0066 00       		.ascii	"\000"
 388 0067 02       		.ascii	"\002"
 389 0068 00       		.ascii	"\000"
 390 0069 00000000 		.ascii	"\000\000\000\000\000\000\000\000"
 390      00000000 
 391 0071 BF000000 		.ascii	"\277\000\000\000"
 392 0075 5F646267 		.ascii	"_dbg_check_leave_isr\000"
 392      5F636865 
 392      636B5F6C 
 392      65617665 
ARM GAS  /tmp/ccq7YxLK.s 			page 30


 392      5F697372 
 393 008a 00       		.ascii	"\000"
 394 008b 02       		.ascii	"\002"
 395 008c 00       		.ascii	"\000"
 396 008d 00000000 		.ascii	"\000\000\000\000\000\000\000\000"
 396      00000000 
 397 0095 C1000000 		.ascii	"\301\000\000\000"
 398 0099 5F646267 		.ascii	"_dbg_check_unlock_from_isr\000"
 398      5F636865 
 398      636B5F75 
 398      6E6C6F63 
 398      6B5F6672 
 399 00b4 00       		.ascii	"\000"
 400 00b5 02       		.ascii	"\002"
 401 00b6 00       		.ascii	"\000"
 402 00b7 00000000 		.ascii	"\000\000\000\000\000\000\000\000"
 402      00000000 
 403 00bf C3000000 		.ascii	"\303\000\000\000"
 404 00c3 63685379 		.ascii	"chSysTimerHandlerI\000"
 404      7354696D 
 404      65724861 
 404      6E646C65 
 404      724900
 405 00d6 00       		.ascii	"\000"
 406 00d7 02       		.ascii	"\002"
 407 00d8 00       		.ascii	"\000"
 408 00d9 00000000 		.ascii	"\000\000\000\000\000\000\000\000"
 408      00000000 
 409 00e1 C5000000 		.ascii	"\305\000\000\000"
 410 00e5 5F646267 		.ascii	"_dbg_check_lock_from_isr\000"
 410      5F636865 
 410      636B5F6C 
 410      6F636B5F 
 410      66726F6D 
 411 00fe 00       		.ascii	"\000"
 412 00ff 02       		.ascii	"\002"
 413 0100 00       		.ascii	"\000"
 414 0101 00000000 		.ascii	"\000\000\000\000\000\000\000\000"
 414      00000000 
 415 0109 C7000000 		.ascii	"\307\000\000\000"
 416 010d 5F646267 		.ascii	"_dbg_check_enter_isr\000"
 416      5F636865 
 416      636B5F65 
 416      6E746572 
 416      5F697372 
 417 0122 00       		.ascii	"\000"
 418 0123 02       		.ascii	"\002"
 419 0124 00       		.ascii	"\000"
 420 0125 00000000 		.ascii	"\000\000\000\000\000\000\000\000"
 420      00000000 
 421 012d C9000000 		.ascii	"\311\000\000\000"
 422 0131 5F747261 		.ascii	"_trace_isr_enter\000"
 422      63655F69 
 422      73725F65 
 422      6E746572 
 422      00
 423 0142 00       		.ascii	"\000"
ARM GAS  /tmp/ccq7YxLK.s 			page 31


 424 0143 02       		.ascii	"\002"
 425 0144 00       		.ascii	"\000"
 426 0145 00000000 		.ascii	"\000\000\000\000\000\000\000\000"
 426      00000000 
 427 014d CB000000 		.ascii	"\313\000\000\000"
 428 0151 6E766963 		.ascii	"nvicEnableVector\000"
 428      456E6162 
 428      6C655665 
 428      63746F72 
 428      00
 429 0162 00       		.ascii	"\000"
 430 0163 02       		.ascii	"\002"
 431 0164 00       		.ascii	"\000"
 432 0165 00000000 		.ascii	"\000\000\000\000\000\000\000\000"
 432      00000000 
 433 016d D8000000 		.ascii	"\330\000\000\000"
 434              		.text
 435              		.section	.gnu.lto_.opts,"",%progbits
 436 0000 272D666D 		.ascii	"'-fmath-errno' '-fsigned-zeros' '-ftrapping-math' '"
 436      6174682D 
 436      6572726E 
 436      6F272027 
 436      2D667369 
 437 0033 2D666E6F 		.ascii	"-fno-trapv' '-fno-strict-overflow' '-fno-openmp' '-"
 437      2D747261 
 437      70762720 
 437      272D666E 
 437      6F2D7374 
 438 0066 666E6F2D 		.ascii	"fno-openacc' '-mcpu=cortex-m4' '-mfloat-abi=hard' '"
 438      6F70656E 
 438      61636327 
 438      20272D6D 
 438      6370753D 
 439 0099 2D6D6670 		.ascii	"-mfpu=fpv4-sp-d16' '-mno-thumb-interwork' '-mthumb'"
 439      753D6670 
 439      76342D73 
 439      702D6431 
 439      36272027 
 440 00cc 20272D67 		.ascii	" '-ggdb' '-O' '-fomit-frame-pointer' '-falign-funct"
 440      67646227 
 440      20272D4F 
 440      2720272D 
 440      666F6D69 
 441 00ff 696F6E73 		.ascii	"ions=16' '-ffunction-sections' '-fdata-sections' '-"
 441      3D313627 
 441      20272D66 
 441      66756E63 
 441      74696F6E 
 442 0132 666E6F2D 		.ascii	"fno-common' '-flto'\000"
 442      636F6D6D 
 442      6F6E2720 
 442      272D666C 
 442      746F2700 
 443              		.text
 444              		.comm	__gnu_lto_v1,1,1
 445              		.comm	__gnu_lto_slim,1,1
 446              		.ident	"GCC: (15:6.3.1+svn253039-1build1) 6.3.1 20170620"
ARM GAS  /tmp/ccq7YxLK.s 			page 32


ARM GAS  /tmp/ccq7YxLK.s 			page 33


DEFINED SYMBOLS
                            *ABS*:0000000000000000 hal_st_lld.c
                            *COM*:0000000000000001 __gnu_lto_v1
                            *COM*:0000000000000001 __gnu_lto_slim

NO UNDEFINED SYMBOLS
