ARM GAS  /tmp/cchvQh3B.s 			page 1


   1              		.cpu cortex-m4
   2              		.eabi_attribute 27, 1
   3              		.eabi_attribute 28, 1
   4              		.eabi_attribute 20, 1
   5              		.eabi_attribute 21, 1
   6              		.eabi_attribute 23, 3
   7              		.eabi_attribute 24, 1
   8              		.eabi_attribute 25, 1
   9              		.eabi_attribute 26, 1
  10              		.eabi_attribute 30, 1
  11              		.eabi_attribute 34, 1
  12              		.eabi_attribute 18, 4
  13              		.file	"hal_lld.c"
  14              		.text
  15              	.Ltext0:
  16              		.section	.gnu.lto_.profile.f9c67fe8498bcf7c,"",%progbits
  17 0000 789C6365 		.ascii	"x\234ce`b`a```d(\217\004\000\001\307\000\335"
  17      60626061 
  17      60606064 
  17      288F0400 
  17      01C700DD 
  18              		.text
  19              		.section	.gnu.lto_.inline.f9c67fe8498bcf7c,"",%progbits
  20 0000 789C6365 		.ascii	"x\234ce`b\360c@\000f\006\0061!F\006&\265\023\277\031"
  20      6062F063 
  20      40006606 
  20      06312146 
  20      0626B513 
  21 0016 19D816C8 		.ascii	"\031\330\026\3103\201\004\031\031$\215Ab\037V0!\304"
  21      33810419 
  21      19248D41 
  21      621F5630 
  21      21C4
  22 0028 B8500826 		.ascii	"\270P\010&\006\203\237\214@5Q/\246\311\301\3250\000"
  22      06839F8C 
  22      4035512F 
  22      A6C9C1D5 
  22      3000
  23 003a 00A2BD0A 		.ascii	"\000\242\275\012\031"
  23      19
  24              		.text
  25              		.section	.gnu.lto_.jmpfuncs.f9c67fe8498bcf7c,"",%progbits
  26 0000 789C6365 		.ascii	"x\234ce`b\340c@\000f f\004\263\230\200\030\000\002\224"
  26      6062E063 
  26      40006620 
  26      6604B398 
  26      80180002 
  27 0015 001C     		.ascii	"\000\034"
  28              		.text
  29              		.section	.gnu.lto_.pureconst.f9c67fe8498bcf7c,"",%progbits
  30 0000 789C6365 		.ascii	"x\234ce`b`g```f\220b\224b\222\002\000\001\310\000c"
  30      60626067 
  30      60606066 
  30      90629462 
  30      92020001 
  31              		.text
  32              		.section	.gnu.lto_hal_lld_backup_domain_init.f9c67fe8498bcf7c,"",%progbits
ARM GAS  /tmp/cchvQh3B.s 			page 2


  33 0000 789C9D52 		.ascii	"x\234\235RMHTQ\024>\347\335\373\336\314\350\214(\021"
  33      4D485451 
  33      143EE7DD 
  33      FBDECCE8 
  33      8C2811
  34 0013 4448B475 		.ascii	"DH\264u\343\003\265p\325&p'-l\037Y\013\205\001#[\270"
  34      E303B570 
  34      D5267027 
  34      2D6C1F59 
  34      0B850123 
  35 0029 08BC53FE 		.ascii	"\010\274S\376\304H\326&-\310\336ka6\223:\331\377\230"
  35      C448D626 
  35      2DC8DE6B 
  35      6136933A 
  35      D9FF98
  36 003c E538DACF 		.ascii	"\3458\332\317\242\024\302\225\272\020\225\0301!h\242"
  36      A214C295 
  36      BA109518 
  36      312168A2 
  37 004c 84D4EEB9 		.ascii	"\204\324\356\271w\362\211\233\324\007\357\274\367\316"
  37      77F2899B 
  37      D407EFBC 
  37      F7CE
  38 005a FBF8BEEF 		.ascii	"\373\370\276\357|\367\230`@\300\004\250\000\200jy\243"
  38      7CF79860 
  38      40C004A8 
  38      00806A79 
  38      A3
  39 006b 0FD0B839 		.ascii	"\017\320\2709\011\020\361\033\006s+A\344\361\357\007"
  39      0910F11B 
  39      06732B41 
  39      E4F1EF07 
  40 007b 41041972 		.ascii	"A\004\031r\335\346\2069m\313\2665rD\266M\264t\333B\244"
  40      DDE68639 
  40      6DCBB635 
  40      7244B64D 
  40      B474DB42 
  41 0090 17E14768 		.ascii	"\027\341Gh6\0307-l\306\033\254\233a\272\375k\322(\351"
  41      3618372D 
  41      6CC61BAC 
  41      9B61BAFD 
  41      6BD228E9 
  42 00a4 13F24A75 		.ascii	"\023\362Ju\317\035\213\210\326C\016\003\270#o\272\260"
  42      CF1D8B88 
  42      D6430E03 
  42      B8236FBA 
  42      B0
  43 00b5 0F4B40C2 		.ascii	"\017K@\302\026\2066n\205,\256\373\370\020-\224\317\304"
  43      1686366E 
  43      852CAEFB 
  43      F8102D94 
  43      CFC4
  44 00c7 174C898D 		.ascii	"\027L\211\215\315v\221\312\366\342\317\252\003\034\034"
  44      CD7691CA 
  44      F6E2CFAA 
  44      031C1C
  45 00d6 8626151F 		.ascii	"\206&\025\037\025?\225|*A*!*\005T\012\251\024Q\001\210"
ARM GAS  /tmp/cchvQh3B.s 			page 3


  45      153F957C 
  45      2A412A21 
  45      2A05540A 
  45      A9145101 
  46 00eb 4A4272D6 		.ascii	"JBr\326\301\014z\262eL\017/\257\035'\211\036\306\245"
  46      C10C7AB2 
  46      654C0F2F 
  46      AF1D2789 
  46      1EC6A5
  47 00fe 72576B7A 		.ascii	"rWkz\312\327\311\034f \031\271\277\3362\030\320\237"
  47      CAD7C91C 
  47      662019B9 
  47      BFDE3218 
  47      D09F
  48 0110 623E2208 		.ascii	"b>\"\010q\357\323\334D\236\203=\0219\303Q\2071\214c"
  48      71EFD3DC 
  48      449E833D 
  48      1139C351 
  48      87318C63 
  49 0124 31C6B018 		.ascii	"1\306\260\030\010?9\025\315\372\354\001\321\202\016"
  49      083F3915 
  49      CDFAEC01 
  49      D1820E
  50 0133 E3F8081D 		.ascii	"\343\370\010\035\274\255F\303~\264a\031\257\376nC\255"
  50      BCAD46C3 
  50      7EB46119 
  50      AFFE6E43 
  50      AD
  51 0144 656AB9C1 		.ascii	"ej\271\301\314\350\335<\342G\024\006\016H\026\351\250"
  51      CCE8DD3C 
  51      E2471406 
  51      0E4816E9 
  51      A8
  52 0155 2B4098BD 		.ascii	"+@\230\275I\015zR\011\264%?\021\015\307.k5\337\366\311"
  52      490D7A52 
  52      09B4253F 
  52      110DC72E 
  52      6B35DFF6 
  53 016a 4C35D96C 		.ascii	"L5\331l\342\363\212_\177\012\367\232\232l\341c4\344"
  53      E2F38A5F 
  53      7F0AF79A 
  53      9A6CE163 
  53      34E4
  54 017c A9593824 		.ascii	"\251Y8$\325\036\347\324\306:3\017B\244\026\241\177\034"
  54      D51EE7D4 
  54      C63A330F 
  54      42A416A1 
  54      7F1C
  55 018e 9F283D3A 		.ascii	"\237(=:\026|\252G\373\323\0263\265\232_\013.\365.\271"
  55      167CAA47 
  55      FBD31633 
  55      B59A5F0B 
  55      2EF52EB9 
  56 01a2 81DC6C16 		.ascii	"\201\334l\026>\223DK\3302;^\221\003ID\367\352\332\341"
  56      3E93444B 
  56      D8323B5E 
  56      91034944 
ARM GAS  /tmp/cchvQh3B.s 			page 4


  56      F7EADAE1 
  57 01b6 1C80E373 		.ascii	"\034\200\343sR\002:\032\006n%\235L6\263q\"\227\3046"
  57      52023A1A 
  57      066E259D 
  57      4C36B371 
  57      2297C436 
  58 01ca 6B6E2DFC 		.ascii	"kn-\374\317\334\013\317\334K\264% \376\313\371\301I"
  58      CFDC0BCF 
  58      DC4BB425 
  58      20FECBF9 
  58      C149
  59 01dc 89A39052 		.ascii	"\211\243\220R\257t\316\331\314\346\376\370\223\036\377"
  59      AF74CED9 
  59      CCE6FEF8 
  59      931EFF
  60 01eb B0E2DFCA 		.ascii	"\260\342\337\312\226#\340k5H\007\343\336\206\305\027"
  60      9623E06B 
  60      354807E3 
  60      DE86C517 
  61 01fb 2D3D75FE 		.ascii	"-=u\376\036c\036\361\224\336\354\2149\250\351\326\335"
  61      1E631EF1 
  61      94DEEC8C 
  61      39A8E9D6 
  61      DD
  62 020c 99753397 		.ascii	"\231u3\227\242\334\241\267:\347\231\1779\007%$\361-"
  62      A2DCA1B7 
  62      3AE7997F 
  62      39072524 
  62      F12D
  63 021e B916D210 		.ascii	"\271\026\322\020\300\321\255\234M\230\266\265\277\376"
  63      C0D1AD9C 
  63      4D98B6B5 
  63      BFFE
  64 022c 459F4687 		.ascii	"E\237F\207v\353O-]\312s7\266c\277\013$\227:\322\355"
  64      76EB4F2D 
  64      5DCA7337 
  64      B663BF0B 
  64      24973AD2 
  65 0241 FBBC7BE6 		.ascii	"\373\274{\346\264\307<N\353\\\240\3279\3014{\341\236"
  65      B4C73C4E 
  65      EB5CA0D7 
  65      39C1347B 
  65      E19E
  66 0253 C8263CB2 		.ascii	"\310&<\262w;l\026I.\025\331\376l\276\367\230?\220\315"
  66      773B6C16 
  66      492E15D9 
  66      FE6CBEF7 
  66      983F90CD 
  67 0267 2295ABA5 		.ascii	"\"\225\253\245\016~\025\257\270+\327\225\216\312;*q"
  67      0E7E15AF 
  67      B82BD795 
  67      8ECA3B2A 
  67      71
  68 0278 B26F0094 		.ascii	"\262o\000\224\225\226\332'\353\352k\353O\325\330\015"
  68      9596DA27 
  68      EBEA6BEB 
  68      4FD5D80D 
ARM GAS  /tmp/cchvQh3B.s 			page 5


  69 0288 8D76DDD9 		.ascii	"\215v\335\331\260}\241\341\342\245F\273\346tuy\231\256"
  69      B07DA1E1 
  69      E2A546BB 
  69      E6747579 
  69      99AE
  70 029a 55E54D4D 		.ascii	"U\345MM\364\347L8|\276\364\034\374\005p\276\243\177"
  70      F4E74C38 
  70      7CBEF41C 
  70      FC0570BE 
  70      A37F
  71              		.text
  72              		.section	.gnu.lto_hal_lld_init.f9c67fe8498bcf7c,"",%progbits
  73 0000 789CA595 		.ascii	"x\234\245\225\313O\023Q\024\306\3577\267\217\251\241"
  73      CB4F1351 
  73      14C6EF37 
  73      B78FA9A1 
  74 0010 92402024 		.ascii	"\222@ $\262`\313\206I\300\377\300\304\205\211q\201{"
  74      B260CB86 
  74      49C0FFC0 
  74      C4858971 
  74      817B
  75 0022 A3B88084 		.ascii	"\243\270\200\204\004#\306\260\353 \245\030L\200\005"
  75      0423C6B0 
  75      EB20A518 
  75      4C8005
  76 0031 82687040 		.ascii	"\202hp@S\260\"\"\210\217\026\037\245\"\240\362P\\\270"
  76      53B02222 
  76      888F161F 
  76      A522A0F2 
  76      505CB8
  77 0044 204AA289 		.ascii	" J\242\211\322T\027F\023\337\324{\356\255\231\246\011"
  77      D2541746 
  77      13DFD47B 
  77      EEAD99A6 
  77      09
  78 0055 8BA94DE6 		.ascii	"\213\251M\346L\247s\362\375\276\357\334\271S7\323\330"
  78      4CA773F2 
  78      FDBEEFDC 
  78      B95337D3 
  78      D8
  79 0066 490F63BB 		.ascii	"I\017c\273\031c\273\304\001\316\240\365\2540\326\252"
  79      1963BBC4 
  79      01CEA0F5 
  79      AC30D6AA 
  80 0076 6B007D31 		.ascii	"k\000}1u\260\200\206\000\272y?G\242\343}T\253\0345\305"
  80      75B08086 
  80      00BA793F 
  80      47A2E37D 
  80      54AB1C35 
  81 008b 27DE3FE5 		.ascii	"'\336?\345\015\231\355e\026gl@\034\364\301(*\231h{;"
  81      0D99ED65 
  81      16676C40 
  81      1CF4C128 
  81      2A99687B 
  82 00a0 B975D6EF 		.ascii	"\271u\326\357q\251\337q\005\036\210\363\304\032\342"
  82      71A9DF71 
  82      051E88F3 
ARM GAS  /tmp/cchvQh3B.s 			page 6


  82      C41AE2
  83 00af E656BAC3 		.ascii	"\346V\272\303\214/]\306\314\2762\215Y\\\360D\361P\361"
  83      8C2F5DC6 
  83      CCBE328D 
  83      595CF044 
  83      F150F1
  84 00c2 5129A0E2 		.ascii	"Q)\240\342\247RD\245\230J\011\225R*\214u\012Aru\206"
  84      A75244A5 
  84      984A0995 
  84      522A8C75 
  84      0A417275 
  85 00d7 6B74E649 		.ascii	"kt\346I$b\3117u\204\030\344\232 \367\265'V\275]\334"
  85      2462C937 
  85      758418E4 
  85      9A20F7B5 
  85      2756BD5D 
  86 00ec E21AC8C8 		.ascii	"\342\032\310\310\372\304rJW\227\346\320i\323E\336\026"
  86      FAC4724A 
  86      5797E6D0 
  86      69D345DE 
  86      16
  87 00fd 3BFD1606 		.ascii	";\375\026\006[E\204\012\213s\\E9\"(g\324>\333\2659\342"
  87      5B45840A 
  87      8B735C45 
  87      39222867 
  87      D43EDBB5 
  88 0113 37C6CD20 		.ascii	"7\306\315 ,\356\302\030,\234\223\311p\015\006K\242\355"
  88      2CEEC218 
  88      2C9C93C9 
  88      700D064B 
  88      A2ED
  89 0125 7B080AC5 		.ascii	"{\010\012\305\025mxd#(i@:\335\361\273\020\343BHx\352"
  89      156D7864 
  89      23286940 
  89      3ADDF1BB 
  89      10E34248 
  90 013b F3519B23 		.ascii	"\363Q\233#\330u\0336\001C\020H\347\253\356D\247\225"
  90      D8751B36 
  90      01431048 
  90      E7ABEE44 
  90      A795
  91 014d EEB970C3 		.ascii	"\356\271p\303V\232\204\221=\023\027\030\246\224\303"
  91      569A8491 
  91      3D131718 
  91      A694C3
  92 015c 586483AB 		.ascii	"Xd\203\253(\316l\336\224\342\264\234\230\2263q\350Q"
  92      28CE6CDE 
  92      94E2B49C 
  92      98963371 
  92      E851
  93 016e 8ADCB245 		.ascii	"\212\334\262EnK\207\257\027#c\374\337\034\323\351B\334"
  93      6E4B87AF 
  93      172363FC 
  93      DF1CD3E9 
  93      42DC
  94 0180 512EF3CA 		.ascii	"Q.\363\312\177\327V\217\302\260\003of\002\373\034y\215"
  94      7FD7568F 
ARM GAS  /tmp/cchvQh3B.s 			page 7


  94      C2B0036F 
  94      6602FB1C 
  94      798D
  95 0192 49358DD4 		.ascii	"I5\215\324f\362\016|\317\026\271/,\375O\272\007\266"
  95      66F20E7C 
  95      CF16B92F 
  95      2CFD4FBA 
  95      07B6
  96 01a4 D4C3EC74 		.ascii	"\324\303\354t\251L\272\002G\306\342RM\356\322\331\234"
  96      A94CBA02 
  96      47C6E252 
  96      4DEED2D9 
  96      9C
  97 01b5 47DCAFB4 		.ascii	"G\334\257\264\346c?\277\024\250\245\241]\017$\362~\304"
  97      E6633FBF 
  97      14A8A5A1 
  97      5D0F24F2 
  97      7EC4
  98 01c7 1FD9B039 		.ascii	"\037\331\2609z\304\375,\205\266\241h!\011Qw4\372q\335"
  98      7AC4FD2C 
  98      85B6A168 
  98      21095177 
  98      34FA71DD 
  99 01db 1BF863EA 		.ascii	"\033\370c\352\026w\017\320\002\3421\002b\337{d_r\233"
  99      16770FD0 
  99      02E23102 
  99      62DF7B64 
  99      5F729B
 100 01ee 3E310ACC 		.ascii	">1\012\314g\365\375\330\246Op\261\220\351\223\023\353"
 100      67F5FDD8 
 100      A64F70B1 
 100      90E99313 
 100      EB
 101 01ff 76ABA045 		.ascii	"v\253\240E\216B,\312\020.\012\361$gb\305Jkzn!\244\253"
 101      8E422CCA 
 101      102E0AF1 
 101      246762C5 
 101      4A6B7A6E 
 102 0216 89014FF3 		.ascii	"\211\001O\363\236\3263\033\264D\323*\226\256\223\027"
 102      9ED6331B 
 102      B444D32A 
 102      96AE9317 
 103 0226 C23B14AD 		.ascii	"\302;\024\255${g{\345\333\356\322\360\257Wnui\232A\371"
 103      247B677B 
 103      E5DBEED2 
 103      F0AF576E 
 103      75699A41 
 104 023b B60B4F06 		.ascii	"\266\013O\006?\270m\240\216\025\001\\\316\000{\303="
 104      3FB86DA0 
 104      8E15015C 
 104      CE007BC3 
 104      3D
 105 024c 176DE0AA 		.ascii	"\027m\340\252\004\272\011\370<'Y\251\302}^>\377n\247"
 105      04BA09F8 
 105      3C2759A9 
 105      C27D5E3E 
 105      FF6EA7
ARM GAS  /tmp/cchvQh3B.s 			page 8


 106 025f 4A568117 		.ascii	"JV\201\0279\311\034\220\326l\322K\212V\312>\341\324"
 106      39C91C90 
 106      D66CD24B 
 106      8A56CA3E 
 106      E1D4
 107 0271 D0B75E49 		.ascii	"\320\267^I\223\177$\235b\371\305\373]\254muU\225\261"
 107      937F249D 
 107      62F9C5FB 
 107      5DAC6D75 
 107      5595B1
 108 0284 A7BEE148 		.ascii	"\247\276\341H\303\201Z\243\251\331\250?\334h\034k:~"
 108      C3815AA3 
 108      A9D9A83F 
 108      DC681C6B 
 108      3A7E
 109 0296 A2D9A83D 		.ascii	"\242\331\250=\270\277\246Z\325\2755--t\347Pc\343\321"
 109      B8BFA65A 
 109      D5BD352D 
 109      2D74E750 
 109      63E3D1
 110 02a9 AA3AF617 		.ascii	"\252:\366\027\347\320\012\222"
 110      E7D00A92 
 111              		.text
 112              		.section	.gnu.lto_stm32_clock_init.f9c67fe8498bcf7c,"",%progbits
 113 0000 789CA556 		.ascii	"x\234\245V\335oSe\030\177\237\363\321\236~\234\265\225"
 113      DD6F5365 
 113      187F9FF3 
 113      D19E7E9C 
 113      B595
 114 0012 5D6CB230 		.ascii	"]l\2620\331\342\0057\253\001\377\201\306\304;\365\002"
 114      D9E20537 
 114      AB01FF81 
 114      C6C43BF5 
 114      02
 115 0023 EF8DE805 		.ascii	"\357\215\350\005$K0b\014w\234\351Z\310J\320\013\307"
 115      244B3062 
 115      0C779CE9 
 115      5AC84AD0 
 115      0BC7
 116 0035 57B27409 		.ascii	"W\262t\011\321\2412\013\212\037\333\020Jav\037\300\004"
 116      D1A1320B 
 116      8A1FDB10 
 116      4A61761F 
 116      C004
 117 0047 BF1843C5 		.ascii	"\277\030C\305\271B\213\030?\262\010\373\010\365}\336"
 117      B9428B18 
 117      3FB208FB 
 117      08F57DDE 
 118 0057 E73D7D6B 		.ascii	"\347=}k\271\320SO\322\337\333\276\317\311\357\371\370"
 118      B9D0534F 
 118      D2DFDBBE 
 118      CFC9EFF9 
 118      F8
 119 0068 FDDE9E63 		.ascii	"\375\336\236c2\215\261\020c\2173\306\376\344\037x\210"
 119      328DB110 
 119      638F33C6 
 119      FEE41F78 
ARM GAS  /tmp/cchvQh3B.s 			page 9


 119      88
 120 0079 81F6E625 		.ascii	"\201\366\346%\306z,\015t\372\242k\261\275\005\306\234"
 120      C67A2C0D 
 120      74FAA26B 
 120      B1BD05C6 
 120      9C
 121 008a A0D1EB67 		.ascii	"\240\321\353gN8F\373\011\003L\212\233Z\224\342>\021"
 121      4E3846FB 
 121      09034C8A 
 121      9B5A94E2 
 121      3E11
 122 009c 8FD27EC2 		.ascii	"\217\322~\302\007~\212\373\265\010\305-\021\217\320"
 122      077E8AFB 
 122      B508C52D 
 122      118FD0
 123 00ab 7EC28200 		.ascii	"~\302\202\000\305\003Z\023\305\203\"\336D\373\211 \204"
 123      C5035A13 
 123      C58322DE 
 123      44FB8920 
 123      84
 124 00bc 281ED26C 		.ascii	"(\036\322l\212\207E\334\246\375D\030\000W\307\002\266"
 124      8A8745DC 
 124      A6FD4418 
 124      0057C702 
 124      B6
 125 00cd 4BD36386 		.ascii	"K\323c\206\031\365\371#V\240)\030\262\303\260\313\247"
 125      19F5F923 
 125      56A02918 
 125      B2C3B0CB 
 125      A7
 126 00de 33BA4CB9 		.ascii	"3\272L\271\372\345\032\220kH\256o\350\007t\310\357\276"
 126      FAE51A90 
 126      6B48AE6F 
 126      E80774C8 
 126      EFBE
 127 00f0 39A26D18 		.ascii	"9\242m\030r\370\225;p=\230r\222-\031NpH\222\300\020"
 127      72F8953B 
 127      703D9872 
 127      922D194E 
 127      704892C0 
 128 0105 6C60FCB6 		.ascii	"l`\374\266\371\023\367\373m\237A\373p\024|\300\327\354"
 128      F913F7FB 
 128      6D9F41FB 
 128      70147CC0 
 128      D7EC
 129 0117 15C839F7 		.ascii	"\025\3109\367+\273\235\334\235#\260\362\364\243\032"
 129      2BBB9DDC 
 129      9D23B0F2 
 129      F4A31A
 130 0126 CBE8A023 		.ascii	"\313\350\240#\230\010>\004?\202\205\020D\010!\204\021"
 130      98083E04 
 130      3F828510 
 130      44082184 
 130      11
 131 0137 6C842842 		.ascii	"l\204(B\014a\015B3B\013B+\302Z\2046\204u\010\355\010"
 131      0C610D42 
 131      33420B42 
ARM GAS  /tmp/cchvQh3B.s 			page 10


 131      2BC25A84 
 131      36847508 
 132 014d EB113A10 		.ascii	"\353\021:\020:\021\030\353\343\025\361\351\244u\215"
 132      3A1118EB 
 132      E315F1E9 
 132      A4758D
 133 015c 2F7A19F2 		.ascii	"/z\031\362\243\345\261\242\017K\034\3205^\371\376d~"
 133      A3E5B1A2 
 133      0F4B1CD0 
 133      355EF9FE 
 133      647E
 134 016e C6BF4FCF 		.ascii	"\306\277O\317\350\032`#s\331\213\277X\364\323\031\334"
 134      E81A6023 
 134      73D98BBF 
 134      58F4D319 
 134      DC
 135 017f E318D8DB 		.ascii	"\343\030\330\333D\237\235\201\201\036>\202G2\272\016"
 135      449F9D81 
 135      811E3E82 
 135      4732BA0E 
 136 018f EF411BBC 		.ascii	"\357A\033\274\313\363\342\355g\367\225\336\261\343\303"
 136      CBF3E2ED 
 136      67F795DE 
 136      B1E3C3
 137 019e 4E2F6474 		.ascii	"N/dt\003\336\207\014\034\024\223\201c\020gex\375^\012"
 137      03DE870C 
 137      1C149381 
 137      63106765 
 137      78FD5E0A 
 138 01b2 28954ED9 		.ascii	"(\225N\331N\236/\244\004=\360k\230\223\360\202\366\007"
 138      4E9E2FA4 
 138      043DF06B 
 138      9893F082 
 138      F607
 139 01c4 F0164F89 		.ascii	"\360\026O\211>P\211\262\020\347\354\374[\232#\227\235"
 139      3E5089B2 
 139      10E7ECFC 
 139      5B9A2397 
 139      9D
 140 01d5 5A3C55F4 		.ascii	"Z<U\364S^\363\277\362\366`\314\200\343\212\371\004\265"
 140      535EF3BF 
 140      F2F660CC 
 140      80E38AF9 
 140      04B5
 141 01e7 B09A9A34 		.ascii	"\260\232\2324\211K\322\215W\356\346\"\324\203\006\037"
 141      894BD28D 
 141      57EEE622 
 141      D483061F 
 142 01f7 729E05E8 		.ascii	"r\236\005\350\275v\356\202l\024\033\311\336\031Y\262"
 142      BD76EE82 
 142      6C141BC9 
 142      DE1959B2 
 143 0207 E90E061F 		.ascii	"\351\016\006\037a&\206B\304\030w+\244u\243\252\304\324"
 143      61268642 
 143      C418772B 
 143      A475A3AA 
 143      C4D4
ARM GAS  /tmp/cchvQh3B.s 			page 11


 144 0219 DBB24CBF 		.ascii	"\333\262L\277\247\366O\212\"\321b\360\261[\244Lo\021"
 144      A7F64F8A 
 144      22D162F0 
 144      B15BA44C 
 144      6F11
 145 022b D7E9BF92 		.ascii	"\327\351\277\222\257R\001\253\225J%\002\2374<\352OU"
 145      AF5201AB 
 145      954A2502 
 145      9F343CEA 
 145      4F55
 146 023d AECF70D4 		.ascii	"\256\317p\324\226\030\265\251F==.{\010z\034\365\210"
 146      9618B5A9 
 146      463D3D2E 
 146      7B087A1C 
 146      F588
 147 024f 621E75BB 		.ascii	"b\036u\273\230\225\243\016\021\335J\351\255Y\240>\302"
 147      9895A30E 
 147      11DD4AE9 
 147      AD59A03E 
 147      C2
 148 0260 3046A39E 		.ascii	"0F\243\236\253\216:T3\333\250\234\255\257:\333\031\327"
 148      AB8E3A54 
 148      33DBA89C 
 148      ADAF3ADB 
 148      19D7
 149 0272 E5614FFD 		.ascii	"\345aO\375\236R\006\370\274n\2666qe'\223\005Y\324\022"
 149      9E5206F8 
 149      BC6EB636 
 149      71652793 
 149      0559D412 
 150 0286 C0E98627 		.ascii	"\300\351\206'{Fe\312\341dm\344Y,]%O\374\223j\360\341"
 150      7B4665CA 
 150      E1646DE4 
 150      592C5D25 
 150      4FFC936A 
 151 029c 7F9BE659 		.ascii	"\177\233\346Y5\315<\304k\017\266\301Mx\216\252\034-"
 151      35CD3CC4 
 151      6B0FB6C1 
 151      4D788EAA 
 151      1C2D
 152 02ae 2F25A55A 		.ascii	"/%\245ZQO\265\236\027\354\032\262\217\327\235\354\030"
 152      514FB59E 
 152      17EC1AB2 
 152      8FD79DEC 
 152      18
 153 02bf E7FA1F47 		.ascii	"\347\372\037G\371\013\305\\\300)\304\204\277\374\312"
 153      F90BC55C 
 153      C029C484 
 153      BFFCCA
 154 02ce 5FCBAEBF 		.ascii	"_\313\256\277\326x\364\327\204b\236\254?\312\315\234"
 154      D678F4D7 
 154      84629EAC 
 154      3FCACD9C 
 155 02de EEC1B3DB 		.ascii	"\356\301\263\333\\c\250\2104\224%\015\265X\252\2147"
 155      5C63A888 
 155      3494250D 
 155      B558AA8C 
ARM GAS  /tmp/cchvQh3B.s 			page 12


 155      37
 156 02ef 24CC9412 		.ascii	"$\314\224\022fZ\010\223\357/\336\016\2200\316\304\357"
 156      665A0893 
 156      EF2FDE0E 
 156      9030CEC4 
 156      EF
 157 0300 0C2ED0EC 		.ascii	"\014.\320\354\026K}\205\206\022\\\024\011\304\203\347"
 157      164B7D85 
 157      86125C14 
 157      09C483E7 
 158 0310 9248307F 		.ascii	"\222H0\1770y/(\023\344\031\314\270\374\351\306\370\277"
 158      30792F28 
 158      13E419CC 
 158      B8FCE9C6 
 158      F8BF
 159 0322 14FC06F2 		.ascii	"\024\374\006\362_\026\374G\216\037M\351\304\377\030"
 159      5F16FC47 
 159      8E1F4DE9 
 159      C4FF18
 160 0331 5C719D75 		.ascii	"\\q\235uhH\352\324\342I\377\257\324)\370\272\316Y\255"
 160      6848EAD4 
 160      E249FFAF 
 160      D429F8BA 
 160      CE59AD
 161 0344 C475B9B8 		.ascii	"\304u\271\270<\023\240\363\306\351,\370\246a\257}\253"
 161      3C13A0F3 
 161      C6E92CF8 
 161      A661AF7D 
 161      AB
 162 0355 727D875E 		.ascii	"r}\207^k\025^\013(\257\035\276%{X\353\321kW\025\363"
 162      6B155E0B 
 162      28AF1DBE 
 162      257B58EB 
 162      D16B5715 
 163 036a 6CBDD7DA 		.ascii	"l\275\327\332\210n\272\262\3677\263\332F\024\256\325"
 163      886EBAB2 
 163      F737B3DA 
 163      4614AED5 
 164 037a BBAFADC6 		.ascii	"\273\257\255\306}M\322}\301\252\3732U\361\252\007\333"
 164      7D4DD27D 
 164      C1AAFB32 
 164      55F1AA07 
 164      DB
 165 038b 144FECE5 		.ascii	"\024O\354\345\342x\332\242\237N\216\236\330\375\253"
 165      E278DAA2 
 165      9F4E8E9E 
 165      D8FDAB
 166 039a 0B7F68AE 		.ascii	"\013\177h\256\276[\370{\200\017\256\363\342\347d\361"
 166      BE5BF87B 
 166      800FAEF3 
 166      E2E764F1 
 167 03aa 2B7B6EF4 		.ascii	"+{n\364Z5\305\177/\212\307\327!\370A\010<z\2460e\223"
 167      5A35C57F 
 167      2F8AC7D7 
 167      21F84108 
 167      3C7AA630 
 168 03c0 C031F8D1 		.ascii	"\3001\370\321\025\370\230+\360:OC\277\241\374\377S\235"
ARM GAS  /tmp/cchvQh3B.s 			page 13


 168      15F8982B 
 168      F03A4F43 
 168      BFA1FCFF 
 168      539D
 169 03d2 C0ED9C4B 		.ascii	"\300\355\234K\234\302\306\344\234W\314?\243\234\355"
 169      9CC2C6E4 
 169      9C57CC3F 
 169      A39CED
 170 03e1 42CE9092 		.ascii	"B\316\220\222s\270 +^\357Q\316\005\305\\\254\1774up"
 170      73B8202B 
 170      5EEF51CE 
 170      05C55CAC 
 170      7F347570 
 171 03f5 BA079F45 		.ascii	"\272\007\237E\035\234\345\360\330\342\224T\330\202\233"
 171      1D9CE5F0 
 171      D8E29454 
 171      D8829B
 172 0404 552D6DA9 		.ascii	"U-m\251eX\275\200\271uuz\352\367\226:\210%QU#C++\222"
 172      6558BD80 
 172      B975757A 
 172      EAF7963A 
 172      88255155 
 173 041d DB38B44E 		.ascii	"\3338\264N\366+\2746xw@\364!+\006^)\377\337\334\330"
 173      F62BBC36 
 173      787740F4 
 173      212B065E 
 173      29FFDFDC 
 174 0432 D5157F62 		.ascii	"\325\025\177b\353\266-\333\236\331\034\337\276#\276"
 174      EBB62DDB 
 174      9ED91CDF 
 174      BE23BE
 175 0441 F5F9EEF8 		.ascii	"\365\371\356\370K\333_~eG|\363\263Om\332H\370\344\246"
 175      4BDB5F7E 
 175      65477CF3 
 175      B34F6DDA 
 175      48F8E4A6 
 176 0455 9D3B31F2 		.ascii	"\235;1\362\\w\367\213]/\260\277\001\277\202\212\035"
 176      5C77F78B 
 176      5D2FB0BF 
 176      01BF828A 
 176      1D
 177              		.text
 178              		.section	.gnu.lto_.symbol_nodes.f9c67fe8498bcf7c,"",%progbits
 179 0000 789C55CC 		.ascii	"x\234U\314\313\011\200@\020\003\320l\326\265\015\301"
 179      CB098040 
 179      1003D06C 
 179      D6B50DC1 
 180 0010 4AB43099 		.ascii	"J\2640\231\021\004\301\223\355\354\372\001-\300*<Z\204"
 180      1104C193 
 180      EDECFA01 
 180      2DC02A3C 
 180      5A84
 181 0022 8320682E 		.ascii	"\203 h.\201\027H\000\321\300\302D\001\306\003\260\212"
 181      81174800 
 181      D1C0C244 
 181      01C603B0 
 181      8A
ARM GAS  /tmp/cchvQh3B.s 			page 14


 182 0033 BA696E36 		.ascii	"\272in6Q\334kIk\223\231\302\237\204H\264\245\035\270"
 182      51DC6B49 
 182      6B9399C2 
 182      9F8448B4 
 182      A51DB8
 183 0046 95E29F09 		.ascii	"\225\342\237\011P\255\014\026J\366\005\357\200\275\277"
 183      50AD0C16 
 183      4AF605EF 
 183      80BDBF
 184 0055 0AEF02CE 		.ascii	"\012\357\002\316\2473t\303U\340\006\345\375\037l"
 184      A73374C3 
 184      55E006E5 
 184      FD1F6C
 185              		.text
 186              		.section	.gnu.lto_.refs.f9c67fe8498bcf7c,"",%progbits
 187 0000 789C6365 		.ascii	"x\234ce`b`d\000\002\000\000I\000\011"
 187      60626064 
 187      00020000 
 187      490009
 188              		.text
 189              		.section	.gnu.lto_.decls.f9c67fe8498bcf7c,"",%progbits
 190 0000 789CAD57 		.ascii	"x\234\255WkPTG\026\276\347\366\014\217\031\004\027\266"
 190      6B505447 
 190      16BEE7F6 
 190      0C8F1904 
 190      17B6
 191 0012 B6AC5D6B 		.ascii	"\266\254]k\3132\244\244R\265\214\200\277\266j\267\202"
 191      CB32A4A4 
 191      52B58C80 
 191      BFB66AB7 
 191      82
 192 0023 23466B4D 		.ascii	"#FkM\264\006c\326\332JM!`9\011\017Wp\243\377\256\202"
 192      B40663D6 
 192      DA4A4D21 
 192      6039090F 
 192      5770A3FF 
 193 0039 06D0F820 		.ascii	"\006\320\370 \001\005_\200\257\014\032@\002\"\212:\""
 193      01055F80 
 193      AF0C1A40 
 193      02228A3A 
 193      22
 194 004a B0421491 		.ascii	"\260B\024\221\254oy\212\017PQA\020\314\006\366t\367"
 194      AC6F798A 
 194      0F505141 
 194      10CC06F6 
 194      74F7
 195 005c 9D9966B8 		.ascii	"\235\231f\270\331\262\266\366V\235\351{\272\277\363"
 195      D9B2B6F6 
 195      569DE97B 
 195      BABFF3
 196 006b F5E9D3E7 		.ascii	"\365\351\323\347t\337\321K\262\324<U\222\376&K\322\002"
 196      74DFD14B 
 196      B2D43C55 
 196      92FE264B 
 196      D202
 197 007d 90A4717C 		.ascii	"\220\244q|t\222$}'\271\037=J\011J\031J9J\005\312I\024"
 197      7492247D 
ARM GAS  /tmp/cchvQh3B.s 			page 15


 197      27B91F3D 
 197      4A094A19 
 197      4A394A05 
 198 0094 844B17A5 		.ascii	"\204K\027\245\211\317\247\330\351\215\3552\224Y(-(W"
 198      89CFA7D8 
 198      E98DED32 
 198      9459282D 
 198      2857
 199 00a6 51EA5186 		.ascii	"Q\352Q\206P\006Qp*\3512\312K\225\243D\232\374\304\340"
 199      50065170 
 199      2AE932CA 
 199      4B95A344 
 199      9AFCC4E0 
 200 00ba 80AFC0E3 		.ascii	"\200\257\300\343\264\245<\303\252\177\006\304\370\240"
 200      B4A53CC3 
 200      AA7F06C4 
 200      F8A0
 201 00c8 78E1FB53 		.ascii	"x\341\373S\224\373(\217Q\236\243<\240\363\340\230N\365"
 201      94FB288F 
 201      519EA33C 
 201      A0F3E098 
 201      4EF5
 202 00da BB44F5B9 		.ascii	"\273D\365\271Bc\256x\017\237\305\271\336\301\261\231"
 202      4263AE78 
 202      0F9FC5B9 
 202      DEC1B199 
 203 00ea EA1C2F50 		.ascii	"\352\034/PzP\372P\036\241\364\242\374\036\370\032\312"
 203      7A50FA50 
 203      1EA1F4A2 
 203      FC1EF81A 
 203      CA
 204 00fb 35787711 		.ascii	"5xw\021\370\271\264\"\313\330\016\367\200\302\246\002"
 204      F8B9B422 
 204      CBD80EF7 
 204      80C2A602 
 205 010b 6B800D62 		.ascii	"k\200\015b\003j\313\202\316\036\3270\310\222\032\034"
 205      036ACB82 
 205      CE1ED730 
 205      C8921A1C 
 206 011b 603D2A98 		.ascii	"`=*\230\2770]V\271\234@\325\017\025$2\272L]\217\263"
 206      BF305D56 
 206      B99C40D5 
 206      0F152432 
 206      BA4C5D8F 
 207 0130 0F2652E2 		.ascii	"\017&R\342\210\014\256\016\000\321@ \004\247Cl\004\304"
 207      880CAE0E 
 207      00D14020 
 207      04A7436C 
 207      04C4
 208 0142 89B9F7C4 		.ascii	"\211\271\367\304\271\372\247[\007\017\350:\240\015\300"
 208      B9FAA75B 
 208      070FE83A 
 208      A00DC0
 209 0151 2815BC0F 		.ascii	"(\025\274\017\254o\337\255\242s2\301y\360\275c\364\333"
 209      AC6FDFAD 
 209      A27332C1 
 209      79F0BD63 
ARM GAS  /tmp/cchvQh3B.s 			page 16


 209      F4DB
 210 0163 F9A1C715 		.ascii	"\371\241\307\025\376\370\374\311\035\266\372\361\327"
 210      FEF8FCC9 
 210      1DB6FAF1 
 210      D7
 211 0170 8E806D04 		.ascii	"\216\200m\004\002\015 \243\332\372\342\362>#\252\277"
 211      020D20A3 
 211      DAFAE2F2 
 211      3E23AABF 
 212 0180 36C05454 		.ascii	"6\300TTG6\\\277`\230\226\313\254\322\224\2512,\373\015"
 212      47365CBF 
 212      609896CB 
 212      ACD294A9 
 212      322CFB0D 
 213 0194 1C87E970 		.ascii	"\034\207\351p\014\246\243\007\337\3014\374]\241\343"
 213      0CA6A307 
 213      DFC134FC 
 213      5DA1E3
 214 01a3 4CA535D9 		.ascii	"L\2455\331\275\206\231\005\212\243Sq\274\256\373\335"
 214      BD869905 
 214      8AA35371 
 214      BCAEFBDD 
 215 01b3 BE7245D9 		.ascii	"\276rE\331\204f:\012\003;\020(\206P\3527\276\342\357"
 215      84663A0A 
 215      033B1028 
 215      8650EA37 
 215      BEE2EF
 216 01c6 B7D00170 		.ascii	"\267\320\001p\024\332qY%0\023\315\363\366o/#d9\363\266"
 216      14DA7159 
 216      253013CD 
 216      F3F66F2F 
 216      236439F3 
 217 01db 7CF0C51F 		.ascii	"|\360\305\037\221\251\000\231\232\367\371\345)\216\215"
 217      91A90099 
 217      9AF7F9E5 
 217      298E8D
 218 01ea 482433A2 		.ascii	"H$3\242R7Q\251'Q\031#R\036\237\271\027@V2\242\013#\247"
 218      523751A9 
 218      27511923 
 218      521E9FB9 
 218      17405632 
 219 0202 5E4D5199 		.ascii	"^MQ\231\006\336\233@t\302Mt\302\223\250\234\021my\362"
 219      06DE9B40 
 219      74C24D74 
 219      C293A89C 
 219      116D79F2 
 220 0216 663B902F 		.ascii	"f;\220/\030\321\226\312\262~#\022u*\212c\374\300\234"
 220      18D196CA 
 220      B27E2312 
 220      752A8A63 
 220      FCC09C
 221 0229 A6B21E25 		.ascii	"\246\262\036%\303\300\"\000\337\273\211\276\007\276"
 221      C3C02200 
 221      DFBB89BE 
 221      07BE
 222 0237 2150C108 		.ascii	"!P\301\010\032\037\325\266\023R\001\214\341\206\275"
 222      1A1FD5B6 
ARM GAS  /tmp/cchvQh3B.s 			page 17


 222      1352018C 
 222      E186BD
 223 0246 64B74E65 		.ascii	"d\267Ne\270_:\373M\271\222\256g\366\225n\373J\247\375"
 223      B85F3AFB 
 223      4DB992AE 
 223      67F6956E 
 223      FB4AA7FD 
 224 025a 4966DF76 		.ascii	"If\337v\311~\214\340f\3142\000\315\207\000\032\344\247"
 224      C97E8CE0 
 224      66CC3200 
 224      CD87001A 
 224      E4A7
 225 026c D5A35378 		.ascii	"\325\243Sx\027%m\335>p\310\233\274\3443\\K/\333K\370"
 225      17256DDD 
 225      3E70C89B 
 225      BCE4335C 
 225      4B2FDB4B 
 226 0281 56EA507D 		.ascii	"V\352P}y%\377\276?\337\312\031\273\210\234\327t\263"
 226      7925FFBE 
 226      3FDFCA19 
 226      BB889CD7 
 226      74B3
 227 0293 56072186 		.ascii	"V\007!\206#t/\035\217\316\3779o@Qf\300Y0@\265\333\203"
 227      23742F1D 
 227      8FCEFF39 
 227      6F405166 
 227      C0593040 
 228 02aa 5906FCCD 		.ascii	"Y\006\374\315P\224\215\312\2164\305w\201\004gp\267O"
 228      50948DCA 
 228      8E34C577 
 228      81046770 
 228      B74F
 229 02bc E36E430D 		.ascii	"\343nC\015\204\320Y)\016Nag\025v\342,\366C;\213\274"
 229      84D05929 
 229      0E4E6167 
 229      1576E22C 
 229      F6433B8B 
 230 02d1 4831CB32 		.ascii	"H1\3132\271\341\334\335[:0\204h\02284\010\2703\035\315"
 230      B9E1DCDD 
 230      5B3A3084 
 230      68123834 
 230      08B8331D 
 231 02e6 331B36D1 		.ascii	"3\0336\321}9\217\316\234s;\203\276\361\324\032\337m"
 231      7D398FCE 
 231      9C733B83 
 231      BEF1D41A 
 231      DF6D
 232 02f8 3F2CE352 		.ascii	"?,\343R\350\270R\224\363+\354*;\364\340\035r\203'\367"
 232      E8B85294 
 232      F32BEC2A 
 232      3BF4E01D 
 232      728327F7 
 233 030c ABF1C21C 		.ascii	"\253\361\302\034\343\273\007\225\202Z\314\274\236\240"
 233      E3BB0795 
 233      825ACCBC 
 233      9EA0
 234 031a 7CCC3C5F 		.ascii	"|\314<_\206\255\345\\.\037$\326s\201zs\021\336E\313"
ARM GAS  /tmp/cchvQh3B.s 			page 18


 234      86ADE55C 
 234      2E1F24D6 
 234      73817A73 
 234      11DE45CB 
 235 032e 96D39D0F 		.ascii	"\226\323\235\017\374\311CN\223q|\333Eb\310\240\231\376"
 235      FCC9434E 
 235      93717CDB 
 235      4562C8A0 
 235      99FE
 236 0340 36BEA345 		.ascii	"6\276\243E\376\231WMz\036q\037T\253\372\217UM\341\021"
 236      FE99574D 
 236      7A1E711F 
 236      54ABFA8F 
 236      554DE111 
 237 0354 77D0E15D 		.ascii	"w\320\341]\325\335/\374I/c\327\335\335\270\337\256\203"
 237      D5DD2FFC 
 237      492F63D7 
 237      DDDDB8DF 
 237      AE83
 238 0366 A0E090E0 		.ascii	"\240\340\220\340\235t\321;\024\345}\235\004\377D\262"
 238      9D74D13B 
 238      14E57D9D 
 238      04FF44B2 
 239 0376 06E65923 		.ascii	"\006\346Y#\0041_\177\300\251.C04A0\313\205\"%=Mq<o\233"
 239      04315F7F 
 239      C0A92E43 
 239      30344130 
 239      CB852225 
 240 0390 31DEDAA3 		.ascii	"1\336\332\243(\331~P\217\013\273\204\313\240\006.\007"
 240      28D97E50 
 240      8F0BBB84 
 240      CBA0062E 
 240      07
 241 03a1 4D94E20C 		.ascii	"M\224\342\014%Rc\332?\026\270AQ\200\242$5\236n\266\261"
 241      255263DA 
 241      3F16B841 
 241      5180A224 
 241      359E6EB6 
 242 03b6 B1C0EC34 		.ascii	"\261\300\3544\345\322l\306U\247\311\0256\235\207>\277"
 242      E5D26CC6 
 242      55A7C915 
 242      369D873E 
 242      BF
 243 03c7 BCEEBC37 		.ascii	"\274\356\2747)\"l\177\355g\357\025a\016\005\361)\232"
 243      29226C7F 
 243      ED67EF15 
 243      610E05F1 
 243      299A
 244 03d9 C7BDF02C 		.ascii	"\307\275\360,\201\253h{\305\275itBI\322Z#4\343\322~"
 244      81AB687B 
 244      C5BD6974 
 244      4249D25A 
 244      2334E3D2 
 245 03ee 6999B45C 		.ascii	"i\231\264\\\354oF\300/\313\225;\214\331\275u-\340\307"
 245      EC6F46C0 
 245      2FCB953B 
 245      8CD9BD75 
ARM GAS  /tmp/cchvQh3B.s 			page 19


 245      2DE0C7
 246 0401 6A035B04 		.ascii	"j\003[\004\237\251\252iPC?\033\325=\203m\275\276\\\015"
 246      9FA9AA69 
 246      50433F1B 
 246      D53D836D 
 246      BDBE5C0D 
 247 0415 41F5871B 		.ascii	"A\365\207\033\205%zR\302\274\206+\217N\264z\223\012"
 247      85257A52 
 247      C2BC862B 
 247      8F4EB47A 
 247      930A
 248 0427 AE38AB22 		.ascii	"\2568\253\"\220U\005\354\27484h$5|\254?\375A\247\221"
 248      905505EC 
 248      BC383468 
 248      24357CAC 
 248      3FFD41A7 
 249 043c 8F4DA376 		.ascii	"\217M\243v\231\33192\271\240\332\265\\\314\362%\215"
 249      99D93932 
 249      B9A0DAB5 
 249      5CCCF225 
 249      8D
 250 044d 5C719E92 		.ascii	"\\q\236\222\201\374\224\314\272p{\263/\271\306\307\012"
 250      81FC94CC 
 250      BA707BB3 
 250      2FB9C6C7 
 250      0A
 251 045e 1F577F1D 		.ascii	"\037W\177\035@nq\245\346n\245\211t\361w{\365W]z\322"
 251      406E71A5 
 251      E66EA589 
 251      74F1777B 
 251      F5575D7A 
 252 0473 C795FB55 		.ascii	"\307\225\373U\351\303:\322\317\225\233-\335\0138\333"
 252      E9C33AD2 
 252      CF959B2D 
 252      DD0B38DB 
 253 0483 1CD45E9F 		.ascii	"\034\324^\237\374\351\256Z\267\005\204\236\301\2737"
 253      FCE9AE5A 
 253      B705849E 
 253      C1BB37
 254 0492 1D0532C8 		.ascii	"\035\0052\310\240\001_V_\037 \020\354z\202B\360\207"
 254      A0015F56 
 254      5F1F2010 
 254      EC7A8242 
 254      F087
 255 04a4 6FEAC30C 		.ascii	"o\352\303\014b\307\314\317\364b\273z\017w\344\231\270"
 255      62C7CCCF 
 255      F462BB7A 
 255      0F77E499 
 255      B8
 256 04b5 AB77C0B5 		.ascii	"\253w\300\265\255\034\337\224A\360@L'\014\336\341\011"
 256      AD1CDF94 
 256      41F0404C 
 256      270CDEE1 
 256      09
 257 04c6 17128AC3 		.ascii	"\027\022\212\303\007D\370mO\370MO\366>\021~W\333\031"
 257      0744F86D 
 257      4FF84D4F 
ARM GAS  /tmp/cchvQh3B.s 			page 20


 257      F63E117E 
 257      57DB19
 258 04d9 91FE4EA6 		.ascii	"\221\376N\246\200\377\321\023\337:\031/\362\267y\342"
 258      80FFD113 
 258      DF3A192F 
 258      F2B779E2 
 259 04e9 1B26E1BB 		.ascii	"\033&\341\273E\376nO\374\265I\301\021\341\227<\341\327"
 259      45FE6E4F 
 259      FCB549C1 
 259      11E1973C 
 259      E1D7
 260 04fb 27D1B78A 		.ascii	"'\321\267\212\356\264k\273#\320\267\212\364\377\322"
 260      EEB46BBB 
 260      23D0B78A 
 260      F4FFD2
 261 050a 5E2D838B 		.ascii	"^-\203\213u\324\205\343\235l\350\231ZD\375XD/\260\210"
 261      75D485E3 
 261      9D6CE899 
 261      5A44FD58 
 261      442FB088 
 262 051e 7A509EA0 		.ascii	"zP\236\240<F\271\217\362\020\345\001\312s\224\227(}"
 262      3C46B98F 
 262      F210E501 
 262      CA739497 
 262      287D
 263 0530 284F511E 		.ascii	"(OQ\036\241\364\252\005\307kxx\234\037\023\3174\217"
 263      A1F4AA05 
 263      C76B7878 
 263      9C1F13CF 
 263      348F
 264 0542 89091975 		.ascii	"\211\011\031uK{\317\305(\324\212Q\250\323L)!\010\265"
 264      4B7BCFC5 
 264      28D48A51 
 264      A8D34C29 
 264      2108B5
 265 0555 62106E68 		.ascii	"b\020nh\307\330y\014\015\035?\336f$\243\374\030\352"
 265      C7D8790C 
 265      0D1D3FDE 
 265      6624A3FC 
 265      18EA
 266 0567 CE3D5DAC 		.ascii	"\316=]\254\207\240\020\255\340\300+\214\311\377/>\375"
 266      87A010AD 
 266      E0C02B8C 
 266      C9FF2F3E 
 266      FD
 267 0578 99248DC6 		.ascii	"\231$\215\306g\020\031\007\334\207\3343v\310\241_E\345"
 267      67101907 
 267      DC87DC33 
 267      76C8A15F 
 267      45E5
 268 058a 6D3513CE 		.ascii	"m5\023\316\254\301\011g\326\220zf\015\2613\253c\344"
 268      ACC10967 
 268      D6907A66 
 268      0DB133AB 
 268      63E4
 269 059c 66BB9F08 		.ascii	"f\273\237\010\246\327\277\033<\254\202\207\031\370\344"
 269      A6D7BF1B 
ARM GAS  /tmp/cchvQh3B.s 			page 21


 269      3CAC8287 
 269      19F8E4
 270 05ab C3C60603 		.ascii	"\303\306\006\003?\006\024@\2757ko\273\037\331\244c'"
 270      3F061440 
 270      BD376B6F 
 270      BB1FD9A4 
 270      6327
 271 05bd 46ED40D9 		.ascii	"F\355@\331Q?~d\320#\"#o\240%\200\336\\\212J\214\375"
 271      513F7E64 
 271      D0232223 
 271      6FA02580 
 271      DE5C8A4A 
 272 05d3 6EDE37F4 		.ascii	"n\3367\364\032\305\350\303(\277\265n\217\324\337\321"
 272      1AC5E8C3 
 272      28BFB56E 
 272      8FD4DFD1 
 273 05e3 07EE5083 		.ascii	"\007\356P\2037C\307\256\312\327\010\347U\371\023\004"
 273      3743C7AE 
 273      CAD708E7 
 273      55F91304 
 274 05f3 3A8DD807 		.ascii	":\215\330\007bN\277\277\010\256\377o\340\222\203\207"
 274      624EBFBF 
 274      08AEFF6F 
 274      E0928387 
 275 0603 7719C856 		.ascii	"w\031\310V\325\311\254\314\275@vp\345\324\331g\341\334"
 275      D5C9ACCC 
 275      BD407670 
 275      E5D4D967 
 275      E1DC
 276 0615 E1E9A89D 		.ascii	"\341\351\250\235n{\351P?3;qq^\331;\257\234\327\003?"
 276      6E7BE950 
 276      3F333B71 
 276      715ED93B 
 276      AF9CD703 
 277 062a CF303936 		.ascii	"\317096`\340G\003\263\025zE\375\033\002a\004#\237.\007"
 277      60E04703 
 277      B3157A45 
 277      FD1B0261 
 277      04239F2E 
 278 063f B9E69D5C 		.ascii	"\271\346\235\\Pw\326\273SiLE\377b\342u\013\340\2375"
 278      5077D6BB 
 278      53694C45 
 278      FF62E275 
 278      0BE09F35 
 279 0653 C13CA9C5 		.ascii	"\301<\251\305\374R\344\3510\316f\245h\232\\\233\344"
 279      FC52E4E9 
 279      30CE66A5 
 279      689A5C9B 
 279      E4
 280 0664 10D82807 		.ascii	"\020\330(\007C\032\312\006\224\315\262\2308\315\243"
 280      431ACA06 
 280      94CDB298 
 280      38CDA3
 281 0673 BCB0103D 		.ascii	"\274\260\020=\271\260\206G\205\373\367GO\017nN\310\374"
 281      B9B08647 
 281      85FBF747 
 281      4F0F6E4E 
ARM GAS  /tmp/cchvQh3B.s 			page 22


 281      C8FC
 282 0685 CAFCCB0D 		.ascii	"\312\374\313\0152\311eQ\224\363_\327\025{yd\276\323"
 282      32C96551 
 282      94F35FD7 
 282      157B7964 
 282      BED3
 283 0697 33C84487 		.ascii	"3\310D\207\336\316\271\261Qvsg \370K\331\225\324\324"
 283      DECEB9B1 
 283      51767367 
 283      20F84BD9 
 283      95D4D4
 284 06aa 553665DF 		.ascii	"U6e\337P\317\026\203\230\247\031\262\230\324Y2\317S"
 284      50CF1683 
 284      98A719B2 
 284      98D45932 
 284      CF53
 285 06bc 6C11FCF0 		.ascii	"l\021\374\360Pu\263L\016\363]\356\257\315\266\021;\177"
 285      5075B34C 
 285      0EF35DEE 
 285      AFCDB611 
 285      3B7F
 286 06ce BF53DED5 		.ascii	"\277S\336\325\345E\312\2712\220\337\360\304@*\271\262"
 286      E545CAB9 
 286      3290DFF0 
 286      C4402AB9 
 286      B2
 287 06df A7A4389D 		.ascii	"\247\2448\235\220S\\\271W\263\241\316\2378\270\322u"
 287      90535CB9 
 287      57B3A1CE 
 287      9F38B8D2 
 287      75
 288 06f0 60638F9E 		.ascii	"`c\217\236\324se\244\346Z\221\314s&\030\325b\307\226"
 288      D47365A4 
 288      E65A91CC 
 288      732618D5 
 288      62C796
 289 0703 4B44BD17 		.ascii	"KD\275\027\351_\225#WG\277\001\322\310\260\306\302\212"
 289      E95F9523 
 289      5747BF01 
 289      D2C8B0C6 
 289      C28A
 290 0715 233900C1 		.ascii	"#9\000\301A\374V\014q\336\211\015}B\240w\340Rs\337b"
 290      41FC560C 
 290      71DE890D 
 290      7D42A077 
 290      E05273DF 
 291 072a ABBFC680 		.ascii	"\253\277\306\200f\313t,W\215\346>\214\346~\214b\016"
 291      66CB742C 
 291      578DE63E 
 291      8CE67E8C 
 291      620E
 292 073c 4A1ECA01 		.ascii	"J\036\312\001\224|\224\335({Q\366\240\354\222\305\357"
 292      947C94DD 
 292      287B51F6 
 292      A0EC92C5 
 292      EF
 293 074d B5379FB9 		.ascii	"\2657\237\271S\354\033\317y\257{fo\267\200\376\312\023"
ARM GAS  /tmp/cchvQh3B.s 			page 23


 293      53EC1BCF 
 293      79AF7B66 
 293      6FB780FE 
 293      CA13
 294 075f 3DF9AE6C 		.ascii	"=\371\256l\022\340\333=\341\223K\343\263\211g\262\006"
 294      12E0DB3D 
 294      E1934BE3 
 294      B38967B2 
 294      06
 295 0770 B9801E10 		.ascii	"\271\200\036\020\320[<\271'\236\370\230\036\216>\025"
 295      D05B3CB9 
 295      279EF898 
 295      1E8E3E15 
 296 0780 4E8F90AD 		.ascii	"N\217\220\255\332\3600\341\243\264\227\027E\256VQ\214"
 296      DAF030E1 
 296      A3B49717 
 296      45AE5651 
 296      8C
 297 0791 F50A7BB5 		.ascii	"\365\012{\265Ss\257\304\033T\360s\233v\014\270\237\230"
 297      5373AFC4 
 297      1B54F073 
 297      9B760CB8 
 297      9F98
 298 07a3 299B6F2B 		.ascii	")\233o+\267\214\244\231\227Pc\335\215%\356O\330'\254"
 298      B78CA499 
 298      975063DD 
 298      8D25EE4F 
 298      D827AC
 299 07b6 108AD0B8 		.ascii	"\020\212\320\270\300]\010\271\262\347'\2543%\240\020"
 299      C05D08B9 
 299      B2E727AC 
 299      3325A010 
 300 07c6 33E17FC9 		.ascii	"3\341\177\311\012\364b\177\363\223"
 300      0AF4627F 
 300      F393
 301 07d0 E1296255 		.ascii	"\341)bU\025M\250\252\203jU\321\366\267\253b\022\254"
 301      154DA8AA 
 301      836A55D1 
 301      F6B7AB62 
 301      12AC
 302 07e2 090971D6 		.ascii	"\011\011q\326\0251\261\237\257]m\215KN\214\261%YmI\266"
 302      1531B19F 
 302      AF5D6D8D 
 302      4B4E8CB1 
 302      25596D49 
 303 07f7 549F0F3E 		.ascii	"T\237\017>\372x\2069,L\012\017\0155\231W\331V\330\026"
 303      FA788639 
 303      2C4C0A0F 
 303      0D359957 
 303      D956D816 
 304 080b 479B9253 		.ascii	"G\233\222SLhaZ\235\274&5\305\024\275\364\303\210p\376"
 304      4C68615A 
 304      9DBC2635 
 304      C514BDF4 
 304      C38870FE 
 305 081f 3B3F62DD 		.ascii	";?b\335:\223\312\025\032+\3719i)\321\324\224\324\304"
 305      3A93CA15 
ARM GAS  /tmp/cchvQh3B.s 			page 24


 305      1A2BF939 
 305      6929D1D4 
 305      94D4C4
 306 0832 88706B6C 		.ascii	"\210pklBr\354\347\254\303\333\266\346\357\013\261\235"
 306      4272ECE7 
 306      ACC3DBB6 
 306      E6EF0BB1 
 306      9D
 307 0843 F3B6C49C 		.ascii	"\363\266\304\234\300\226\262&t\225\344\035\227\030\363"
 307      C096B226 
 307      7495E41D 
 307      9718F3
 308 0852 16C68B16 		.ascii	"\026\306\213\026\3153\315\3730\362\037a\2521Z\241\261"
 308      CD33CDFB 
 308      30F21F61 
 308      AA315AA1 
 308      B1
 309 0863 C16A5D6B 		.ascii	"\301j]kKJE=\365\017\246\265)kL\266\244\330\204\265q"
 309      4B4A453D 
 309      F50FA6B5 
 309      296B4CB6 
 309      A4D884B5 
 310 0878 F1A6A4F8 		.ascii	"\361\246\244\370/\022l+L\2111\261\253lI\361&k\\\374"
 310      2F126C2B 
 310      4C8931B1 
 310      AB6C49F1 
 310      266B5CFC 
 311 088c CA98B509 		.ascii	"\312\230\265\011\251\326\324\365\253\343S\320\320\307"
 311      A9D6D4F5 
 311      ABE353D0 
 311      D0C7
 312 089a 693653CB 		.ascii	"i6S\313,e}\212\311\232\222\032\207\030\304\006D\257"
 312      2C657D8A 
 312      C99A921A 
 312      8718C406 
 312      44AF
 313 08ac 4F498D4F 		.ascii	"OI\215O4'\257\2117\3235\313f\0131G[<\034\216MNLLN2\305"
 313      3427AF89 
 313      37D335CB 
 313      660B3147 
 313      5B3C1C8E 
 314 08c7 AF4B458F 		.ascii	"\257KE\217=\327\2722bv\304\272X\3442.\371\304b]\212"
 314      3DD7BA32 
 314      6276C4BA 
 314      58E4322E 
 314      F9C4625D 
 315 08dc 4ECC8B5F 		.ascii	"N\314\213_\2517\317\377\300\022\356\035\271`\256%z\251"
 315      A937CFFF 
 315      C012EE1D 
 315      B960AE25 
 315      7AA9
 316 08ee 4537779E 		.ascii	"E7w\236\331\342\035\271dnX\324G\254\015\307\326\013"
 316      D9E21DB9 
 316      646E58D4 
 316      47AC0DC7 
 316      D60B
 317 0900 07B1F1A1 		.ascii	"\007\261\361\241\335\024D_\302\351\0131/\264\350\250"
ARM GAS  /tmp/cchvQh3B.s 			page 25


 317      DD14445F 
 317      C2E90B31 
 317      2FB4E8A8 
 318 0910 3D238930 		.ascii	"=#\2110Z\314f'\255W\324_\227.D\027-f>\030\346\037\275"
 318      5ACC6627 
 318      AD57D45F 
 318      972E4417 
 318      2D663E18 
 319 0927 3C1A5F9C 		.ascii	"<\032_\234\343d\361\\\213\217%*:\312\262,j\236\034i"
 319      E364F15C 
 319      8B8F252A 
 319      3ACAB22C 
 319      6A9E1C69 
 320 093b 91A32DDE 		.ascii	"\221\243-\336\213\227,\375K\324r\213\216\376\220H\263"
 320      8B972CFD 
 320      4BD4728B 
 320      8EFE9048 
 320      B3
 321 094c 45F78965 		.ascii	"E\367\211e\211e\312\374E\221\321\013\234f\377\001\005"
 321      8965CAFC 
 321      4591D10B 
 321      9C66FF01 
 321      05
 322 095d 868233   		.ascii	"\206\2023"
 323              		.text
 324              		.section	.gnu.lto_.symtab.f9c67fe8498bcf7c,"",%progbits
 325 0000 68616C5F 		.ascii	"hal_lld_init\000"
 325      6C6C645F 
 325      696E6974 
 325      00
 326 000d 00       		.ascii	"\000"
 327 000e 00       		.ascii	"\000"
 328 000f 00       		.ascii	"\000"
 329 0010 00000000 		.ascii	"\000\000\000\000\000\000\000\000"
 329      00000000 
 330 0018 B0000000 		.ascii	"\260\000\000\000"
 331 001c 73746D33 		.ascii	"stm32_clock_init\000"
 331      325F636C 
 331      6F636B5F 
 331      696E6974 
 331      00
 332 002d 00       		.ascii	"\000"
 333 002e 00       		.ascii	"\000"
 334 002f 00       		.ascii	"\000"
 335 0030 00000000 		.ascii	"\000\000\000\000\000\000\000\000"
 335      00000000 
 336 0038 B2000000 		.ascii	"\262\000\000\000"
 337 003c 53797374 		.ascii	"SystemCoreClock\000"
 337      656D436F 
 337      7265436C 
 337      6F636B00 
 338 004c 00       		.ascii	"\000"
 339 004d 00       		.ascii	"\000"
 340 004e 00       		.ascii	"\000"
 341 004f 00000000 		.ascii	"\000\000\000\000\000\000\000\000"
 341      00000000 
 342 0057 C3000000 		.ascii	"\303\000\000\000"
ARM GAS  /tmp/cchvQh3B.s 			page 26


 343 005b 69727149 		.ascii	"irqInit\000"
 343      6E697400 
 344 0063 00       		.ascii	"\000"
 345 0064 02       		.ascii	"\002"
 346 0065 00       		.ascii	"\000"
 347 0066 00000000 		.ascii	"\000\000\000\000\000\000\000\000"
 347      00000000 
 348 006e B4000000 		.ascii	"\264\000\000\000"
 349 0072 646D6149 		.ascii	"dmaInit\000"
 349      6E697400 
 350 007a 00       		.ascii	"\000"
 351 007b 02       		.ascii	"\002"
 352 007c 00       		.ascii	"\000"
 353 007d 00000000 		.ascii	"\000\000\000\000\000\000\000\000"
 353      00000000 
 354 0085 B6000000 		.ascii	"\266\000\000\000"
 355              		.text
 356              		.section	.gnu.lto_.opts,"",%progbits
 357 0000 272D666D 		.ascii	"'-fmath-errno' '-fsigned-zeros' '-ftrapping-math' '"
 357      6174682D 
 357      6572726E 
 357      6F272027 
 357      2D667369 
 358 0033 2D666E6F 		.ascii	"-fno-trapv' '-fno-strict-overflow' '-fno-openmp' '-"
 358      2D747261 
 358      70762720 
 358      272D666E 
 358      6F2D7374 
 359 0066 666E6F2D 		.ascii	"fno-openacc' '-mcpu=cortex-m4' '-mfloat-abi=hard' '"
 359      6F70656E 
 359      61636327 
 359      20272D6D 
 359      6370753D 
 360 0099 2D6D6670 		.ascii	"-mfpu=fpv4-sp-d16' '-mno-thumb-interwork' '-mthumb'"
 360      753D6670 
 360      76342D73 
 360      702D6431 
 360      36272027 
 361 00cc 20272D67 		.ascii	" '-ggdb' '-O' '-fomit-frame-pointer' '-falign-funct"
 361      67646227 
 361      20272D4F 
 361      2720272D 
 361      666F6D69 
 362 00ff 696F6E73 		.ascii	"ions=16' '-ffunction-sections' '-fdata-sections' '-"
 362      3D313627 
 362      20272D66 
 362      66756E63 
 362      74696F6E 
 363 0132 666E6F2D 		.ascii	"fno-common' '-flto'\000"
 363      636F6D6D 
 363      6F6E2720 
 363      272D666C 
 363      746F2700 
 364              		.text
 365              		.comm	__gnu_lto_v1,1,1
 366              		.comm	__gnu_lto_slim,1,1
 367              		.ident	"GCC: (15:6.3.1+svn253039-1build1) 6.3.1 20170620"
ARM GAS  /tmp/cchvQh3B.s 			page 27


ARM GAS  /tmp/cchvQh3B.s 			page 28


DEFINED SYMBOLS
                            *ABS*:0000000000000000 hal_lld.c
                            *COM*:0000000000000001 __gnu_lto_v1
                            *COM*:0000000000000001 __gnu_lto_slim

NO UNDEFINED SYMBOLS
