ARM GAS  /tmp/ccG3hZdD.s 			page 1


   1              		.cpu cortex-m4
   2              		.eabi_attribute 27, 1
   3              		.eabi_attribute 28, 1
   4              		.eabi_attribute 20, 1
   5              		.eabi_attribute 21, 1
   6              		.eabi_attribute 23, 3
   7              		.eabi_attribute 24, 1
   8              		.eabi_attribute 25, 1
   9              		.eabi_attribute 26, 1
  10              		.eabi_attribute 30, 1
  11              		.eabi_attribute 34, 1
  12              		.eabi_attribute 18, 4
  13              		.file	"hal_pal_lld.c"
  14              		.text
  15              	.Ltext0:
  16              		.section	.gnu.lto_.profile.4adae4529f24471b,"",%progbits
  17 0000 789C6365 		.ascii	"x\234ce`b`a```d\360\367\005\000\001k\000\251"
  17      60626061 
  17      60606064 
  17      F0F70500 
  17      016B00A9 
  18              		.text
  19              		.section	.gnu.lto_.inline.4adae4529f24471b,"",%progbits
  20 0000 789C6365 		.ascii	"x\234ce`b\320a@\000&\006\006f&F\020\305\300\266@\036"
  20      6062D061 
  20      40002606 
  20      06662646 
  20      10C5C0B6 
  21 0016 44313032 		.ascii	"D102\234c\330\013\022ka\\\320\251\314 1\347\"3X\234"
  21      9C63D80B 
  21      126B615C 
  21      D0A9CC20 
  21      31E72233 
  22 002c 01006F09 		.ascii	"\001\000o\011\005\361"
  22      05F1
  23              		.text
  24              		.section	.gnu.lto_.jmpfuncs.4adae4529f24471b,"",%progbits
  25 0000 789C6365 		.ascii	"x\234ce`b\340`@\000& f\004b\000\001p\000\023"
  25      6062E060 
  25      40002620 
  25      66046200 
  25      01700013 
  26              		.text
  27              		.section	.gnu.lto_.pureconst.4adae4529f24471b,"",%progbits
  28 0000 789C6365 		.ascii	"x\234ce`b`e`\000\222\014\214R\000\000\267\000*"
  28      60626065 
  28      6000920C 
  28      8C520000 
  28      B7002A
  29              		.text
  30              		.section	.gnu.lto__pal_lld_init.4adae4529f24471b,"",%progbits
  31 0000 789C6365 		.ascii	"x\234ce`b\250d``\260\004bi fdf`d\232p\216\201\241\221"
  31      6062A864 
  31      6060B004 
  31      62692066 
  31      64666064 
  32 001a 83899111 		.ascii	"\203\211\221\021\304h\340`d\250gb\254g\354g\236\316"
ARM GAS  /tmp/ccG3hZdD.s 			page 2


  32      C468E060 
  32      64A86762 
  32      AC67EC67 
  32      9ECE
  33 002c CC78A8FD 		.ascii	"\314x\250\375\331N&\315\345\015@p`\372?\311\206\025"
  33      D94E26CD 
  33      E50D4070 
  33      60FA3FC9 
  33      8615
  34 003e 0718E733 		.ascii	"\007\030\347330\314\004b\020`\\\316\250\311\000T\366"
  34      3330CC04 
  34      6210605C 
  34      CEA8C900 
  34      54F6
  35 0050 68E3BFA9 		.ascii	"h\343\277\251\274l,\020q\306\025\214l\214@z\375%\306"
  35      BC6C2C10 
  35      71C6158C 
  35      6C8C407A 
  35      FD25C6
  36 0063 030DFFFE 		.ascii	"\003\015\377\376\2677\034\270\262\230q\243\033\023\003"
  36      B7371CB8 
  36      B29871A3 
  36      1B1303
  37 0072 4317501A 		.ascii	"C\027P\032dG73\023\210f~\313\330\244\000R\0156\253\213"
  37      64473733 
  37      1388667E 
  37      CBD8A400 
  37      520D36AB 
  38 0087 99112408 		.ascii	"\231\021$\010Tf\256\247\247\357\234\221\231\224\351"
  38      5466AEA7 
  38      A7EF9C91 
  38      9994E9
  39 0096 1FAC9F5F 		.ascii	"\037\254\237_\254\237\221\230\243_\220_TR\254\037\034"
  39      AC9F9198 
  39      A35F905F 
  39      5452AC1F 
  39      1C
  40 00a7 E26B6CA4 		.ascii	"\342kl\244\357\343\343\242\357\036\340\351_f\004\222"
  40      EFE3E3A2 
  40      EF1EE0E9 
  40      5F660492 
  41 00b7 8A2F00E2 		.ascii	"\212/\000\342\234\234\024\275d\006\000\226\341;\010"
  41      9C9C14BD 
  41      64060096 
  41      E13B08
  42              		.text
  43              		.section	.gnu.lto__pal_lld_setgroupmode.4adae4529f24471b,"",%progbits
  44 0000 789CA557 		.ascii	"x\234\245W}PT\327\025\277\347\335\267\037,\273\240\230"
  44      7D5054D7 
  44      15BFE7DD 
  44      B71F2CBB 
  44      A098
  45 0012 26448821 		.ascii	"&D\210!\211\224h\224UL\"c\034u\"\216\342\200@\323?\362"
  45      89946894 
  45      554C2263 
  45      1C75228E 
  45      E28040D3 
ARM GAS  /tmp/ccG3hZdD.s 			page 3


  46 0028 5F63AA53 		.ascii	"_c\252S\235Ba\220:\315\214\223\256\202\353\267\261\361"
  46      9D426190 
  46      3ACD8C93 
  46      AE82EBB7 
  46      B1F1
  47 003a 2B127720 		.ascii	"+\022w \232\0045U\241b\021\243\015\002\212\030A\211"
  47      9A043555 
  47      A16211A3 
  47      0D028A18 
  47      4189
  48 004c 4913301A 		.ascii	"I\0230\032?\211h\210\006\265\"\345\243\347\234\373\226"
  48      3F896888 
  48      06B522E5 
  48      A3E79CFB 
  48      96
  49 005d DD453A0E 		.ascii	"\335E:\016\0033\357p\337\271\277\337\271\347w\357\271"
  49      0333EF70 
  49      DFB9BFDF 
  49      B9E777EF 
  49      B9
  50 006e F7DD3509 		.ascii	"\367\3355\011M,\014\023\342]!\304A| T\200\266\241^\210"
  50      4D2C0C13 
  50      E25D21C4 
  50      417C2054 
  50      80B6A15E 
  51 0083 A5560DA4 		.ascii	"\245V\015\244jHM_\031#\\6;Y\273\256\231\356\374\012"
  51      6A484D5F 
  51      19235C36 
  51      3B59BBAE 
  51      99EEFC0A 
  52 0097 DF820AE3 		.ascii	"\337\202\012\343\361\315\244\231\271\317\302}f\260*"
  52      F1CDA499 
  52      B9CFC27D 
  52      66B02A
  53 00a6 8AC5DBB0 		.ascii	"\212\305\333\260\202]5\2024\033\003\203\031h\363\272"
  53      825D3582 
  53      341B0383 
  53      1968F3BA 
  54 00b6 83BD0DBB 		.ascii	"\203\275\015\273\026\222g\301~\307\332\032\201\000\207"
  54      169267C1 
  54      7EC7DA1A 
  54      810087
  55 00c5 1AFC9835 		.ascii	"\032\374\2305\004\200\032.+\210\277jR7\231-\326 [\260"
  55      04801A2E 
  55      2B88BF6A 
  55      5237992D 
  55      D6205BB0 
  56 00d9 DD1102F8 		.ascii	"\335\021\002\370*\324\337{r\253\204\312\025\315\345"
  56      2AD4DF7B 
  56      72AB84CA 
  56      15CDE5
  57 00e8 DAA82217 		.ascii	"\332\250\"\027\376Ul\275hv\273\226\207\027 `\233\001"
  57      FE556CBD 
  57      6876BB96 
  57      87172060 
  57      9B01
  58 00fa 82221885 		.ascii	"\202\"\030\205\250\206\274\342\355r\275,\220\000:\276"
ARM GAS  /tmp/ccG3hZdD.s 			page 4


  58      A886BCE2 
  58      ED72BD2C 
  58      90003ABE 
  59 010a FE52977F 		.ascii	"\376R\227\1775\204^5\210\302\327\252\372\236C69\011"
  59      35845E35 
  59      88C2D7AA 
  59      FA9E4336 
  59      3909
  60 011c 04B697ED 		.ascii	"\004\266\227\355\330V\355\210\371\304\345Z\346\252\350"
  60      D856ED88 
  60      F9C4E55A 
  60      E6AAE8
  61 012b DC245D23 		.ascii	"\334$]#\013\244\204= 1 \354\206H\330\005\221\002]\002"
  61      0BA4843D 
  61      203120EC 
  61      8648D805 
  61      91025D02 
  62 013f 3E831884 		.ascii	">\203\030\204\367|Z\274\312*\2472\365\341\346\223\036"
  62      F77C5ABC 
  62      CA2AA732 
  62      F5E1E693 
  62      1E
  63 0150 30A8273E 		.ascii	"0\250'>\014\333\234\353\232U u\370{_\262.`/\223\357"
  63      0CDB9CEB 
  63      9A552075 
  63      F87B5FB2 
  63      2E602F93 
  64 0165 1EF86463 		.ascii	"\036\370dc\260L`\362\227\353\217\276ip\353?\034\276"
  64      B04C60F2 
  64      97EB8FBE 
  64      6970EB3F 
  64      1CBE
  65 0177 89B926D8 		.ascii	"\211\271&\330\327\227k\022\260\037b\210\260v\351\356"
  65      D7976B12 
  65      B01F6288 
  65      B076E9EE 
  66 0187 4B522632 		.ascii	"KR&2\371\372\271\2537 z\247\032y{\370\337r]']z\2014"
  66      F9FAB9AB 
  66      37207AA7 
  66      1A797BF8 
  66      DF725D27 
  67 019f 4371209F 		.ascii	"Cq \237\376\020\276\273\347\314\373V\231\314\324\377"
  67      FE10BEBB 
  67      E7CCFB56 
  67      99CCD4FF 
  68 01af 9EED745B 		.ascii	"\236\355t[\015jG\3046WE^\024\021\377\321/\361\366\306"
  68      0D6A47C4 
  68      3657455E 
  68      1411FFD1 
  68      2FF1F6C6 
  69 01c3 E3759AFC 		.ascii	"\343u\232\374\015\023\327\027\324]\0161\210m>bi\277"
  69      0D13D717 
  69      D45D0E31 
  69      886D3E62 
  69      69BF
  70 01d5 C4E6EF72 		.ascii	"\304\346\357r\267\231\345\233L\274\271\276\364\234\315"
  70      B799E59B 
ARM GAS  /tmp/ccG3hZdD.s 			page 5


  70      4CBCB9BE 
  70      F49CCD
  71 01e4 20DEF411 		.ascii	" \336\364\021\377\331/qCW\243\313,\337bb\303\335\003"
  71      FFD92F71 
  71      4357A3CB 
  71      2CDF6262 
  71      C3DD03
  72 01f7 7B748378 		.ascii	"{t\203x\305G<\324/q\335\355\366\217t\371\007&\326|\337"
  72      C5473CD4 
  72      2F71DDED 
  72      F68F74F9 
  72      0726D67C 
  73 020c 70C39B6A 		.ascii	"p\303\233j\223\217x\270_\342\225\222\356\315\016\263"
  73      938F78B8 
  73      5FE29592 
  73      EECD0EB3 
  74 021c 0E9F4334 		.ascii	"\016\237C4\224\343S\206\317A|\016\340S\002\321\252\262"
  74      94E35386 
  74      CF417C0E 
  74      E05302D1 
  74      AAB2
  75 022e E0089841 		.ascii	"\340\010\230A\010\333\377Ca\234\256\226\222\317l2\203"
  75      08DBFF43 
  75      619CAE96 
  75      92CF6C32 
  75      83
  76 023f 13F8F448 		.ascii	"\023\370\364H\327:o\002\027\267\017y\277w}\216>\232"
  76      D73A6F02 
  76      17B70F79 
  76      BF777D8E 
  76      3E9A
  77 0251 02FC8BE9 		.ascii	"\002\374\213\351\233[\232Kt\271\230\351m\335'~\360."
  77      9B5B9A4B 
  77      74B998E9 
  77      6DDD277E 
  77      F02E
  78 0263 EFD71BA5 		.ascii	"\357\327\033\245\353c\227F\344/\372!W0y\335\255\367"
  78      EB639746 
  78      E42FFA21 
  78      573079DD 
  78      ADF7
  79 0275 D6807C87 		.ascii	"\326\200|\207\311?\272o\345\332\015\362=\037\371X?\344"
  79      C93FBA6F 
  79      E5DA0DF2 
  79      3D1FF958 
  79      3FE4
  80 0287 4A26AFBD 		.ascii	"J&\257\275\\X\024$\2270y\365\241k\277\366\016\274\251"
  80      5C581424 
  80      973079F5 
  80      A16BBFF6 
  80      0EBCA9
  81 029a 975BD50F 		.ascii	"\227[\325\017\267\032\242\367\177\005\025\256\356\236"
  81      B71AA2F7 
  81      7F0515AE 
  81      EE9E
  82 02a8 1558C111 		.ascii	"\025X\301\021\347KO\207a\235P\241k\202f\011\3618OX\372"
  82      E74B4F87 
ARM GAS  /tmp/ccG3hZdD.s 			page 6


  82      619D50A1 
  82      6B826609 
  82      F1384F58 
  83 02bd 385358C4 		.ascii	"8SX\3048WfA3e\003*\350`\306\330\261\300-\016\006\206"
  83      38576641 
  83      3365032A 
  83      E860C6D8 
  83      B1C02D0E 
  84 02d3 503394D1 		.ascii	"P3\224\321C\2509\224)a\324\034&h\226\237\000\212\375"
  84      43A83994 
  84      2961D41C 
  84      2668969F 
  84      008AFD
  85 02e6 24399E22 		.ascii	"$9\236\"\023N\346i\236\275\341\330\264F\360\\\320\226"
  85      134EE669 
  85      9EBDE1D8 
  85      B446F05C 
  85      D096
  86 02f8 B13C43EF 		.ascii	"\261<C\357#X\336\263\324\214\342l\237\003\332\302\317"
  86      2358DEB3 
  86      D48CE26C 
  86      9F03DAC2 
  86      CF
  87 0309 13E00532 		.ascii	"\023\340\0052#\311D\223\211!\363\"\231QdF\223\031Cf"
  87      23C94493 
  87      8921F322 
  87      99516446 
  87      93194366 
  88 031d 2C995832 		.ascii	",\231X2\343\310\214'\023Gf\002\231W\310\274Jf\"\231"
  88      E3C88C27 
  88      13476602 
  88      9957C8BC 
  88      4A662299 
  89 0331 783293C8 		.ascii	"x2\223\310\274Ff2\231)d\246\222\231F\346u2\323\311$"
  89      BC466632 
  89      992964A6 
  89      929946E6 
  89      7532D3C9 
  90 0346 90994166 		.ascii	"\220\231Af&\231Yd\022\311\314&\223\304\363\230\314\023"
  90      26995964 
  90      12C9CC26 
  90      93C4F398 
  90      CC13
  91 0358 3387E724 		.ascii	"3\207\347$\205\247#\225g-\215\347Q\210\325X\230x\226"
  91      85A72395 
  91      672D8DE7 
  91      5188D558 
  91      987896
  92 036b AE911AFE 		.ascii	"\256\221\032\376\223-\220\333\351>Z\226E\225\352\221"
  92      932D90DB 
  92      E93E5A96 
  92      4595EA91 
  93 037b C11E69A3 		.ascii	"\301\036i\243\303\262\255\270\310N\347\236\005$\034"
  93      C3B2ADB8 
  93      C84EE79E 
  93      05241C
  94 038a C7A5BB0E 		.ascii	"\307\245\273\016\313\242\270\2261\016\242\004\262\332"
ARM GAS  /tmp/ccG3hZdD.s 			page 7


  94      CBA2B896 
  94      310EA204 
  94      B2DA
  95 0398 DC7565C5 		.ascii	"\334ue\305R\321\354\212v\274\347AE(\321\254\240\301"
  95      52D1EC8A 
  95      76BCE741 
  95      4528D1AC 
  95      A0C1
  96 03aa 09A471F0 		.ascii	"\011\244q\360Z\003\344@\034\202J\253k\334V\025\033\240"
  96      5A03E440 
  96      1C824AAB 
  96      6BDC5615 
  96      1BA0
  97 03bc C63F7639 		.ascii	"\306?v9\305v\250\330\027\312J\015Z\010\306\2061}b\205"
  97      C576A8D8 
  97      17CA4A0D 
  97      5A08C686 
  97      317D6285 
  98 03d0 A23F30B1 		.ascii	"\242?0\2612\"\207*rkobCTb\265\037\037\356\264\253\304"
  98      3222872A 
  98      726B6F62 
  98      435462B5 
  98      1F1FEEB4 
  99 03e6 4C70B26F 		.ascii	"Lp\262obC\021\027\030\354 \005\033\252\202u\225]2pa"
  99      62431117 
  99      18EC2005 
  99      1BAA8275 
  99      955D3270 
 100 03fb 2AD8BDD5 		.ascii	"*\330\275\325\313\037H\025\314\002\265}\203\015C\034"
 100      CB1F4815 
 100      CC02B57D 
 100      830D431C 
 101 040b 82F6B5DD 		.ascii	"\202\366\265\335\333gV*C\341\224\177\354\003\024{\030"
 101      DB67562A 
 101      43E1947F 
 101      EC03147B 
 101      18
 102 041c BD177E14 		.ascii	"\275\027~\024\302\036u\016lY^y\306B\014<0\340K\336."
 102      C21E750E 
 102      6C595E79 
 102      C6420C3C 
 102      30E04BDE 
 103 0431 6BF0FB81 		.ascii	"k\360\373\201_7y\0354^;\2174\013ns~&\325f\341\272j\363"
 103      5F37791D 
 103      345E3B8F 
 103      340B6E73 
 103      7E26D566 
 104 0449 0C4AD5E6 		.ascii	"\014J\325\346\225\322T\033\253\302#A%\272\267|\211\312"
 104      95D2541B 
 104      ABC22341 
 104      25BAB77C 
 104      89CA
 105 045b F44974F1 		.ascii	"\364It\361\002\\\203\274\363U\325`x1\225\375?\225?t"
 105      025C83BC 
 105      F355D560 
 105      783195FD 
 105      3F953F74 
ARM GAS  /tmp/ccG3hZdD.s 			page 8


 106 046f A8E4059C 		.ascii	"\250\344\005\234V;\367>\200G>\241\011\217Lrt\364\234"
 106      563BF73E 
 106      80473EA1 
 106      098F4C72 
 106      74F49C
 107 0482 85FBA061 		.ascii	"\205\373\240a!h\035?_B\177\252\343\360\316FtI\\?-\377"
 107      21681D3F 
 107      5F427FAA 
 107      E3F0CE46 
 107      74495C3F 
 108 0498 36B9921D 		.ascii	"6\271\222\035\247v\240G\307E\321\366dz\344\034G\307"
 108      A776A047 
 108      C745D1F6 
 108      647AE41C 
 108      47C7
 109 04aa 8E167498 		.ascii	"\216\026t\230pb\265&\206\2448\362\231e&\271Z~\033\371"
 109      7062B526 
 109      86A438F2 
 109      996526B9 
 109      5A7E1BF9 
 110 04be D21C4D3B 		.ascii	"\322\034M;\217\001*\327\305\312\030U\234\027\312\013"
 110      8F012AD7 
 110      C5CA1855 
 110      9C17CA0B 
 111 04ce 35BFF316 		.ascii	"5\277\363\0267.\355X\332\245\264=\371\210\305s\245\216"
 111      372EED58 
 111      DAA5B43D 
 111      F988C573 
 111      A58E
 112 04e0 927F0A67 		.ascii	"\222\177\012g\310\177\205,\270B\365j\205\362\335\215"
 112      C87F852C 
 112      B842F56A 
 112      85F2DD8D 
 113 04f0 410A148E 		.ascii	"A\012\024\2168\377O\275\005t8\243@w\334\253L\012\364"
 113      38FF4FBD 
 113      057438A3 
 113      4077DCAB 
 113      4C0AF4
 114 0503 34AF64B8 		.ascii	"4\257d\270Z6\364\320\260\350U\240\326\362\277(\324p"
 114      5A36F4D0 
 114      B0E855A0 
 114      D6F2BF28 
 114      D470
 115 0515 78299216 		.ascii	"x)\222\026\245\005\226\265\255\330-\2253\002\375>^\005"
 115      A50596B5 
 115      ADD82D95 
 115      3302FD3E 
 115      5E05
 116 0527 F1225406 		.ascii	"\361\"T\006]\345\207@a\"U\242\275\033\306\202\033\346"
 116      5DE58740 
 116      612255A2 
 116      BD1BC682 
 116      1BE6
 117 0539 AC378716 		.ascii	"\2547\207\026#\3203X\366\010\015\214>\002\375\276\350"
 117      23D03358 
 117      F6080D8C 
 117      3E02FDBE 
ARM GAS  /tmp/ccG3hZdD.s 			page 9


 117      E8
 118 054a 95147D84 		.ascii	"\225\024}\204\242\255\373|\211\202<\353_\177V\254\277"
 118      A2ADFB7C 
 118      89823CEB 
 118      5F7F56AC 
 118      BF
 119 055b 0688242D 		.ascii	"\006\210$-\001q\242\020\347\213SMq\242\020Qy\270\245"
 119      0171A210 
 119      E78B534D 
 119      71A21051 
 119      79B8A5
 120 056e 31375441 		.ascii	"17TA\236\367\257J\311\347\374\203\232S+\355\005\340"
 120      9EF7AF4A 
 120      C9E7FC83 
 120      9A532BED 
 120      05E0
 121 0580 598AD728 		.ascii	"Y\212\327(\3746\006y\344s\360\025\025\010\366}\333\326"
 121      FC360679 
 121      E473F015 
 121      1508F67D 
 121      DBD6
 122 0592 566577EE 		.ascii	"Vew\356u\345-\245.\033\234\203\002\370\200\257W\360"
 122      75E52DA5 
 122      2E1B9C83 
 122      02F880AF 
 122      57F0
 123 05a4 353869F4 		.ascii	"58i\364n\367Cc\015^0\346\244\263wUF\342x\350'g\273\273"
 123      6EF74363 
 123      0D5E30E6 
 123      A4B37755 
 123      46E278E8 
 124 05bc 365839A9 		.ascii	"6X9\251\232\261\213\362\332R;\226|}r(\374\223xL\026"
 124      9AB18BF2 
 124      DA523B96 
 124      7C7D7228 
 124      FC93784C 
 125 05d1 DFF8B2F8 		.ascii	"\337\370\262\370781\244\022\331\344\025\0313@U\337r"
 125      373831A4 
 125      12D9E415 
 125      19334055 
 125      DF72
 126 05e3 3CA078DF 		.ascii	"<\240x\337yU\2552\322}\321X\213Nw\213\241j\024\016\200"
 126      7955AD32 
 126      D27DD158 
 126      8B4E778B 
 126      A16A140E 
 127 05f8 7EA5AAD1 		.ascii	"~\245\252\321\200\215\306\375\212]\203Q\325\350\313"
 127      808DC6FD 
 127      8A5D8351 
 127      D5E8CB
 128 0607 A289548D 		.ascii	"\242\211T\215V\252\316{U\215\031\240\252\363\034O\243"
 128      56AACE7B 
 128      558D19A0 
 128      AAF31C4F 
 128      A3
 129 0618 78DFB32A 		.ascii	"x\337\263*:\321\014\015cY\330\030\245\241\334\320\020"
 129      3AD10C0D 
ARM GAS  /tmp/ccG3hZdD.s 			page 10


 129      6359D818 
 129      A5A1DCD0 
 129      10
 130 0629 8BE70F76 		.ascii	"\213\347\017v\015F\303\005\337\230\027IC,\035DMU\315"
 130      0D46C305 
 130      DF981749 
 130      432C1D44 
 130      4D55CD
 131 063c 9E97D510 		.ascii	"\236\227\325\020\301\274#\004\237\203&\321n\223\330"
 131      C1BC2304 
 131      9F8326D1 
 131      6E93D8
 132 064b 7DA6AADB 		.ascii	"}\246\252\333\023\257\272i\300\332S[w\331\325\231i\201"
 132      13AFBA69 
 132      C0DA535B 
 132      77D9D599 
 132      6981
 133 065d 1F7AD166 		.ascii	"\037z\321fq\304$yBn\3544&d\334\000'\344\022'\307W\270"
 133      71C42479 
 133      426EEC34 
 133      2664DC00 
 133      27E41227 
 134 0674 CBDE65F6 		.ascii	"\313\336e\366.\352x\265U\374\246(\016\007@\177\340\024"
 134      2EEA78B5 
 134      55FCA628 
 134      0E07407F 
 134      E014
 135 0686 4DE05324 		.ascii	"M\340S$NMQl\177S\364\356\343\246\350\212/\213\2534E"
 135      4E4D516C 
 135      7F53F4EE 
 135      E3A6E88A 
 135      2F8BAB34 
 136 069b 13589EA5 		.ascii	"\023X\236\245W\336M\257\274W\006(\357\032\007\326)\360"
 136      57DE4DAF 
 136      BC570628 
 136      EF1A07D6 
 136      29F0
 137 06ad F5BEF25E 		.ascii	"\365\276\362^}D\336D\034\000\375\201\362\342Y\336\304"
 137      7D44DE44 
 137      1C00FD81 
 137      F2E259DE 
 137      C4
 138 06be C1C86BF6 		.ascii	"\301\310k\366e\361#\311\213gyVZk\226w\253\312\2207i"
 138      65F123C9 
 138      8B677956 
 138      5A6B9677 
 138      ABCA9037 
 139 06d3 80F26E70 		.ascii	"\200\362np`\023\005n\361\226\263W\336k\\\316\223\002"
 139      6013056E 
 139      F196B357 
 139      DE6B5CCE 
 139      9302
 140 06e5 B7E464FC 		.ascii	"\267\344d\374Tb\227\022\343\354O\314\342\307\211\271"
 140      54629712 
 140      E3EC4FCC 
 140      E2C789B9 
 141 06f5 E91BF316 		.ascii	"\351\033\363\026\211\231\314b\202\304\206H%\246\335"
ARM GAS  /tmp/ccG3hZdD.s 			page 11


 141      8999CC62 
 141      82C48648 
 141      25A6DD
 142 0704 2B66CA00 		.ascii	"+f\312\000\305\374\344\013\334\332W\314T\0263%P\314"
 142      C5FCE40B 
 142      DCDA57CC 
 142      54163325 
 142      50CC
 143 0716 34163375 		.ascii	"4\0263u0b~\366\215y\233\304L\023\274\371\352\013\274"
 143      30627EF6 
 143      8D799BC4 
 143      4C13BCF9 
 143      EA0BBC
 144 0729 9BCF6FB7 		.ascii	"\233\317o\267\331\304\312\020%\261\303[\216\257\017"
 144      D9C4CA10 
 144      25B1C35B 
 144      8EAF0F
 145 0738 50E21D5F 		.ascii	"P\342\035_\235\377\322\267\034\247?R\216\0118\000\372"
 145      9DFFD2B7 
 145      1CA73F52 
 145      8E093800 
 145      FA
 146 0749 03CB7106 		.ascii	"\003\313q\006\227c\302`\312\261\315\227\305]\022=\203"
 146      9763C260 
 146      CAB1CD97 
 146      C55D123D 
 146      83
 147 075a E505F7CA 		.ascii	"\345\005\367\312\353\364\312\2339@y\367|u~\277\257\274"
 147      EBF4CA9B 
 147      394079F7 
 147      7C757EBF 
 147      AFBC
 148 076c 598FC84B 		.ascii	"Y\217\310K\304\001\320\037(o6\313K\034\214\274\377\370"
 148      C401D01F 
 148      286F36CB 
 148      4B1C8CBC 
 148      FFF8
 149 077e B27840F2 		.ascii	"\262x@\362f\263<;\3370\325M\367\213\005\352\016\230"
 149      66B33C3B 
 149      DF30D54D 
 149      F78B05EA 
 149      0E98
 150 0790 4437C397 		.ascii	"D7\303\227\374\356\254|\177LR\347\363\211]\343\014\224"
 150      FCEEAC7C 
 150      7F4C52E7 
 150      F3895DE3 
 150      0C94
 151 07a2 FFF540C7 		.ascii	"\377\365@\307\233b{oI8\304\332\032\016z\307\275\267"
 151      9B627B6F 
 151      4938C4DA 
 151      1A0E7AC7 
 151      BDB7
 152 07b4 C1F86991 		.ascii	"\301\370i\221\214\337\362\200\240|YMVw\227\243\0159"
 152      8CDFF280 
 152      A07C594D 
 152      567797A3 
 152      0D39
ARM GAS  /tmp/ccG3hZdD.s 			page 12


 153 07c6 0A3507BF 		.ascii	"\0125\007\277\215\374\323!\360b"
 153      8DFCD321 
 153      F062
 154 07d0 3F47C1EA 		.ascii	"?G\301\352\032\322\025,\005??\2010\276\022\247(\330"
 154      1AD2152C 
 154      053F3F81 
 154      30BE12A7 
 154      28D8
 155 07e2 37690A95 		.ascii	"7i\012\225\212\033!\020\305\227\342TBmq\2676\274\245"
 155      8A1B2110 
 155      C597E254 
 155      426D71B7 
 155      36BCA5
 156 07f5 6069EA63 		.ascii	"`i\352crp\305\351\022\233\372\230\000<\364g\361\325"
 156      7270C5E9 
 156      129BFA98 
 156      003CF467 
 156      F1D5
 157 0807 3B8D9585 		.ascii	";\215\225\205\320o\246V\274\273\027m\262\250\233\247"
 157      D06FA656 
 157      BCBB176D 
 157      B2A89BA7 
 158 0817 A05F5480 		.ascii	"\240_T\200n\374\222M\214\215uN_\260\360\355\205)o83"
 158      6EFC924D 
 158      8C8D754E 
 158      5FB0F0ED 
 158      85296F38 
 159 082c 173917CC 		.ascii	"\0279\027\314Mwfef\347,r\276\361\333\344\011q\316\244"
 159      4D776665 
 159      66E72C72 
 159      BEF1DBE4 
 159      0971CEA4 
 160 0840 A404E7CC 		.ascii	"\244\004\347\314\324\304\224\305q\324\365\273,|\322"
 160      D4C494C5 
 160      71D4F5BB 
 160      2C7CD2
 161 084f D3E7C5FE 		.ascii	"\323\347\305\376^\350\204\3223\346.\372\243\236\221"
 161      5EE884D2 
 161      33E62EFA 
 161      A39E91
 162 085e 396FBE7C 		.ascii	"9o\276|{a\216>7='\333\224\365\347\254y\331\226\314E"
 162      7B618E3E 
 162      373D27DB 
 162      94F5E7AC 
 162      79D996CC 
 163 0873 59F3E7CF 		.ascii	"Y\363\347\317\3136g\346\274\2235?\333D\220l+\365\023"
 163      CB3667E6 
 163      BC93353F 
 163      DB44906C 
 163      2BF513
 164 0886 43CB18AF 		.ascii	"C\313\030\257e\304i\031/\377\017!#\372\\"
 164      65C46919 
 164      2FFF0F21 
 164      23FA5C
 165              		.text
 166              		.section	.gnu.lto_.symbol_nodes.4adae4529f24471b,"",%progbits
 167 0000 789C6365 		.ascii	"x\234ce`b\320g\000\002\246]L\365\014\014\023\31610\000"
ARM GAS  /tmp/ccG3hZdD.s 			page 13


 167      6062D067 
 167      0002A65D 
 167      4CF50C0C 
 167      13CE3130 
 168 0015 A95D0D8E 		.ascii	"\251]\015\216@\221\335L\365\214(\"\254;\231\030\032"
 168      4091DD4C 
 168      F58C2822 
 168      AC3B9918 
 168      1A
 169 0026 9540AA01 		.ascii	"\225@\252\001\037\360\012\306"
 169      1FF00AC6 
 170              		.text
 171              		.section	.gnu.lto_.refs.4adae4529f24471b,"",%progbits
 172 0000 789C6365 		.ascii	"x\234ce`b`d\000\002\000\000I\000\011"
 172      60626064 
 172      00020000 
 172      490009
 173              		.text
 174              		.section	.gnu.lto_.decls.4adae4529f24471b,"",%progbits
 175 0000 789C9D56 		.ascii	"x\234\235V}PT\327\025\177\347\335]\\\336.\352\000\315"
 175      7D5054D7 
 175      157FE7DD 
 175      5D5CDE2E 
 175      EA00CD
 176 0013 38AD3375 		.ascii	"8\2553u\234\015\356L\247l5\235\264\177t:\266bb\246\246"
 176      9C0DEE4C 
 176      A76C359D 
 176      B47F743A 
 176      B66262A6 
 177 0028 90354927 		.ascii	"\2205I'\177tvP\266\262S\004\306]\322\311\177\017\226"
 177      7F747650 
 177      B6B25304 
 177      C65DD2C9 
 177      7F0F96
 178 003b 14AB5181 		.ascii	"\024\253Q\2018*\037Qb\242\021\371\214%\011\012\321\015"
 178      382A1F51 
 178      62A211F9 
 178      8C25090A 
 178      D10D
 179 004d F88122A2 		.ascii	"\370\201\"\242T%j\370\020%F\243\002\013!\200\012=\367"
 179      54256AF8 
 179      102546A3 
 179      020B2180 
 179      0A3DF7
 180 0060 DEF7C566 		.ascii	"\336\367\305f\231\311\344\315\234\367\336\275\367w\316"
 180      99C9E4CD 
 180      9CF7DEBD 
 180      F777CE
 181 006f F99D73CF 		.ascii	"\371\235s\317\3750\013\242\320i\023\204i\020\204\240"
 181      FD300BA2 
 181      D0691384 
 181      691084A0 
 182 007f 200833F8 		.ascii	" \0103\370\020\374\326\010\372#\242\324\242<EA\2300"
 182      10FCD608 
 182      FA23A2D4 
 182      A23C4541 
 182      9830
ARM GAS  /tmp/ccG3hZdD.s 			page 14


 183 0091 0F8459CF 		.ascii	"\017\204Y\317\337\201\367\277\256\264A\301\207?\217"
 183      DF81F7BF 
 183      AEB441C1 
 183      873F8F
 184 00a0 71C0AAE0 		.ascii	"q\300\252\340bQ\342Q&\005\356\267\011\245\021e\031J"
 184      6251E251 
 184      2605EEB7 
 184      09A51165 
 184      194A
 185 00b2 0ACA38CA 		.ascii	"\012\3128\312)\224(\224oP\276Ey\204r\017\345>\312C\305"
 185      29942894 
 185      6F50BE45 
 185      7984720F 
 185      E53ECA43 
 186 00c7 CFD3087E 		.ascii	"\317\323\010~\366\020xZ\327\260\325\332\013_\001\245"
 186      F610785A 
 186      D7B0D5DA 
 186      0B5F01A5 
 187 00d7 B610D887 		.ascii	"\266\020\330\207\263\306\017(_\026,{\264a\020\325\000"
 187      B3C60F28 
 187      5F162C7B 
 187      B46110D5 
 187      00
 188 00e8 80F52860 		.ascii	"\200\365(`\376\303\332\242bK\005*\261+ \243EMU{\324"
 188      FEC3DAA2 
 188      624B052A 
 188      B12B20A3 
 188      454D557B 
 189 00fd 3E986D12 		.ascii	">\230m\022GD\320:\000\214\012\006\203\240\022b#`t\314"
 189      4744D03A 
 189      008C0A06 
 189      83A01262 
 189      236074CC 
 190 0111 D91335FA 		.ascii	"\331\0235\372\007\357\214\3567\365A\017\200U\250X\011"
 190      07EF8CEE 
 190      37F5410F 
 190      8055A858 
 190      09
 191 0122 ACEF4875 		.ascii	"\254\357Hu\311`4A?\370\3377y\370\205\304j\231?\026\207"
 191      C9603441 
 191      3FF8DF37 
 191      79F885C4 
 191      6A993F16 
 192 0137 9EB6D333 		.ascii	"\236\266\3233\337\007\027\354 \020+\201\210\315\256"
 192      DF0717EC 
 192      20102B81 
 192      88CDAE
 193 0146 E10BEF59 		.ascii	"\341\013\357Y\261\031/\301BlN\344^\375BZ\264\233i\005"
 193      B1192FC1 
 193      426C4EE4 
 193      5EFD425A 
 193      B49B6905 
 194 015a E48522BC 		.ascii	"\344\205\"\274\376\014T\303b\250\202\305\310\240\006"
 194      FE0C54C3 
 194      62A882C5 
 194      C8A006
 195 0169 16E17BBD 		.ascii	"\026\341{\275I\231\200\342\251^ii\205\\\337/\007;o\377"
ARM GAS  /tmp/ccG3hZdD.s 			page 15


 195      499980E2 
 195      A95E6969 
 195      855CDF2F 
 195      073B6FFF 
 196 017d 7277403E 		.ascii	"rw@>\214ZK(\012*\001\351@\"\245\215\277\370>\014}\000"
 196      8C5A4B28 
 196      0A2A01E9 
 196      4022A58D 
 196      BFF83E0C 
 197 0193 1F412F46 		.ascii	"\037A/FU\013KQ\373\341\301\300\273\013\310+\214lO[e"
 197      550B4B51 
 197      FBE1C1C0 
 197      BB0BC82B 
 197      8C6C4F5B 
 198 01a8 154112CB 		.ascii	"\025A\022\313$\240yX\200]u\017\216M\306\360.\212\350"
 198      24A07958 
 198      805D750F 
 198      8E4DC6F0 
 198      2E8AE8
 199 01bb DA19FA70 		.ascii	"\332\031\372p\036\331\310\376/\347\327\227\023\036\201"
 199      1ED9C8FE 
 199      2FE7D797 
 199      131E81
 200 01ca 099B231D 		.ascii	"\011\233#\035\245\267\347\363\010\226\354!b\311\371"
 200      A5B7E7F3 
 200      0896EC21 
 200      62C9F9
 201 01d9 EE161338 		.ascii	"\356\026\0238\244C4\204`\367\276?\226\204(\251OA\202"
 201      A4433484 
 201      60F7BE3F 
 201      968428A9 
 201      4F4182
 202 01ec A33AA965 		.ascii	"\243:\251e\022\276\267\310r\236\\\030\220\243\327\010"
 202      12BEB7C8 
 202      729E5C18 
 202      90A3D708 
 203 01fc D08041FE 		.ascii	"\320\200A\376\027\203\204O\300A\235R\034|\214\235\365"
 203      1783844F 
 203      C0419D52 
 203      1C7C8C9D 
 203      F5
 204 020d D8895E2A 		.ascii	"\330\211^*?,:\020E*\2002\020\317\234\270\371\245\011"
 204      3F2C3A10 
 204      452A8032 
 204      10CF9CB8 
 204      F9A509
 205 0220 24474403 		.ascii	"$GD\003\307\"\030\340d:k\226\236y[\226EhD2\237\351d"
 205      C72218E0 
 205      643A6B96 
 205      9E795B96 
 205      45684432 
 206 0237 901BCFE8 		.ascii	"\220\033\317\350\221\216\312'&r\201;\331\336R\376\300"
 206      918ECA27 
 206      2672813B 
 206      D9DE52FE 
 206      C0
 207 0248 369793E6 		.ascii	"6\227\223\3469\235\014\035\377C\343\025\032q\023:9\256"
ARM GAS  /tmp/ccG3hZdD.s 			page 16


 207      399D0C1D 
 207      FF43E315 
 207      1A71133A 
 207      39AE
 208 025a 3B69549D 		.ascii	";iT\235\034\337yp\202\230\260\266\031\002'\023\373\362"
 208      1CDF7970 
 208      8298B0B6 
 208      19022713 
 208      FBF2
 209 026c 4F8D17C5 		.ascii	"O\215\027\305\220\355\254t\304\035\247\317N\232\265"
 209      90EDAC74 
 209      C41DA7CF 
 209      4E9AB5
 210 027b 0C76FD1E 		.ascii	"\014v\375\036\353\007\202\010=\021n,\"\263\223\221\363"
 210      EB078208 
 210      3D116E2C 
 210      22B39391 
 210      F3
 211 028c F75DC1E0 		.ascii	"\367]\301\340E`^\251\251\317\201\271U\247.\226M\035"
 211      45605EA9 
 211      A9CF81B9 
 211      55A72E96 
 211      4D1D
 212 029e D4CFECEA 		.ascii	"\324\317\354\352\217!\245\274\200\267T\357h%\322\026"
 212      8F21A5BC 
 212      80B754EF 
 212      6825D216 
 213 02ae 5A863F26 		.ascii	"Z\206?&\303\250\361(\177\260\337\312\255-\302\346@^"
 213      C3A8F128 
 213      7FB0DFCA 
 213      AD2DC2E6 
 213      405E
 214 02c0 435B0CD9 		.ascii	"C[\014\331\317\255m\337\325\322b\"\007y\343\203\222"
 214      CFAD6DDF 
 214      D5D26222 
 214      0779E383 
 214      92
 215 02d1 A2023339 		.ascii	"\242\00239\302\033\225\305\205\365\022\251\346\215\275"
 215      C21B95C5 
 215      85F512A9 
 215      E68DBD
 216 02e0 47BAA7A2 		.ascii	"G\272\247\242I-o\034\234z<L\353,\201V%1\324d\002\257"
 216      492D6F1C 
 216      9C7A3C4C 
 216      EB2C8156 
 216      2531D464 
 217 02f6 C993EDE7 		.ascii	"\311\223\355\347\016\331H\003OZ\341\373U\333\242\325"
 217      0ED94803 
 217      4F5AE1FB 
 217      55DBA2D5 
 218 0306 D942CE66 		.ascii	"\331B\316f\207\240-\034\350D\302\011\012\341\013\330"
 218      87A02D1C 
 218      E844C209 
 218      0AE10BD8 
 219 0316 D9AECD56 		.ascii	"\331\256\315V\367\276\204=\005\264$.bV:\364\004'(\223"
 219      F7BE843D 
 219      05B4242E 
ARM GAS  /tmp/ccG3hZdD.s 			page 17


 219      62563AF4 
 219      04272893 
 220 032a 75A2E8E6 		.ascii	"u\242\350\346\327\0229\311}<\011\354\036\322K\273\263"
 220      D71239C9 
 220      7D3C09EC 
 220      1ED24BBB 
 220      B3
 221 033b 66C52956 		.ascii	"f\305)VM]\250zIW\275\250\317M8\217\313\021x\240\223"
 221      4D5DA87A 
 221      4957BDA8 
 221      CF4D388F 
 221      CB1178A0 
 222 0350 BC8903CD 		.ascii	"\274\211\003\315\026\322\306\234\230F\307\337\271!A"
 222      16D2C69C 
 222      9846C7DF 
 222      B92141
 223 035f 9CDDEE28 		.ascii	"\234\335\356(\242n\012ey\245\250\347^\200+\020G\015"
 223      A26E0A65 
 223      79A5A8E7 
 223      5E802B10 
 223      470D
 224 0371 4037DABA 		.ascii	"@7\332\272\006v\270\012v\266\265\034\240\016\203w\257"
 224      0676B80A 
 224      76B6B51C 
 224      A00E8377 
 224      AF
 225 0382 FFB62CD4 		.ascii	"\377\266,\324/\313[m\214\326y\244E\0254\006Nj\242\232"
 225      2FCB5B6D 
 225      8CD679A4 
 225      45153406 
 225      4E6AA29A 
 226 0396 1A521406 		.ascii	"\032R\024\006~\261W\016\346\021\206\376_D\364r\012\346"
 226      7EB1570E 
 226      E61186FE 
 226      5F44F472 
 226      0AE6
 227 03a8 21F79649 		.ascii	"!\367\226I\264\030\021#(\321\362M\315t\245\367Q1\200"
 227      B4181123 
 227      28D1F24D 
 227      CD74A5F7 
 227      513180
 228 03bb 3DDE613F 		.ascii	"=\336a?\300\200\343e\363s\231Yj\356\034\232\275\016"
 228      C080E365 
 228      F3739959 
 228      6AEE1C9A 
 228      BD0E
 229 03cd F17AFDE8 		.ascii	"\361z\375\350f\213Y\210\001y\245\311\030\"\005\323\020"
 229      668B5988 
 229      0179A5C9 
 229      182205D3 
 229      10
 230 03de 6F608837 		.ascii	"o`\21071\304/\225\0209\211\213e\213re\031(\312\310\202"
 230      31C42F95 
 230      1039898B 
 230      658B7265 
 230      1928CAC8 
 231 03f3 8773AD2C 		.ascii	"\207s\255,\366\335\200\334\366\033\266\304\333\346v"
ARM GAS  /tmp/ccG3hZdD.s 			page 18


 231      F6DD80DC 
 231      F61BB6C4 
 231      DBE676
 232 0402 8C590F35 		.ascii	"\214Y\0175\267_\020\343\221A\356\234\014\204Y\356\015"
 232      B75F10E3 
 232      9141EE9C 
 232      0C8459EE 
 232      0D
 233 0413 BB752CDF 		.ascii	"\273u,\337\255\363[\257~b#\001\302\312q\260\275.\317"
 233      ADF35BAF 
 233      7E622301 
 233      C2CA71B0 
 233      BD2ECF
 234 0426 420A78A3 		.ascii	"B\012x\243\264i\354\274\231\003-\330\334\327Q\333n&"
 234      B469ECBC 
 234      99032DD8 
 234      DCD751DB 
 234      6E26
 235 0438 DBF85853 		.ascii	"\333\370XSUm\227H\212x\243\372\330\3606 %\2741RP\347"
 235      556D9748 
 235      8A78A3FA 
 235      D8F03620 
 235      25BC3152 
 236 044e 2715FCBF 		.ascii	"'\025\374\277l\264\347^4\267\340\300\346\316K\373oZ"
 236      6CB4E75E 
 236      34B7E0C0 
 236      E6CE4BFB 
 236      6F5A
 237 0460 F82E1BA4 		.ascii	"\370.\033\244\347\306\304\373w\212Er\210am\323\325\355"
 237      E7C6C4FB 
 237      778A4572 
 237      88616DD3 
 237      D5ED
 238 0472 76B0AB4F 		.ascii	"v\260\253O\034\235\205\374\000\316\355\317K\344`>\201"
 238      1C9D85FC 
 238      00CEEDCF 
 238      4BE4603E 
 238      81
 239 0483 53988BDB 		.ascii	"S\230\213\333\230\213\021\234\214\331\271hP*\201\242"
 239      988B119C 
 239      8CD9B968 
 239      502A81A2 
 240 0493 CF2FD6D1 		.ascii	"\317/\326\321\255\341\350\026\320R\307\321]\006\364"
 240      ADE1E816 
 240      D052C7D1 
 240      5D06F4
 241 04a2 DDC868A3 		.ascii	"\335\310h\243\361\373\006*\003\341\360\376p\343S\006"
 241      F1FB062A 
 241      03E1F0FE 
 241      70E35306 
 242 04b2 745F38BA 		.ascii	"t_8\272'\034}\303\200\276\0231L\0038d\000\337\212LD"
 242      271C7DC3 
 242      80BE1331 
 242      4C033864 
 242      00DF8A4C 
 243 04c7 E38D253C 		.ascii	"\343\215%<]&q\374WX\021g\303\361\247\303\251\234Q\313"
 243      5D2671FC 
ARM GAS  /tmp/ccG3hZdD.s 			page 19


 243      57581167 
 243      C3F1A7C3 
 243      A99C51CB 
 244 04db 8F9AEF8D 		.ascii	"\217\232\357\215\314\234\233\327\0267\326\335\327\010"
 244      CC9C9BD7 
 244      1637D6DD 
 244      D708
 245 04e9 18646323 		.ascii	"\030dc#\312\342\016a\345?\304\322\373\006\345[\224G"
 245      CAE20E61 
 245      E53FC4D2 
 245      FB06E55B 
 245      9447
 246 04fb 280F5086 		.ascii	"(\017P\206Q\206PFQ\356\241\334\237\2752Jc\331\312\030"
 246      51865046 
 246      51EEA1DC 
 246      9FBD324A 
 246      63D9CA18 
 247 050f 99BD3E15 		.ascii	"\231\275>\025j\345\006jg\"G\302\251au\005;&\032\314"
 247      6AE5066A 
 247      672247C2 
 247      A9617505 
 247      3B261ACC 
 248 0523 A48A5597 		.ascii	"\244\212U\2278\325\326\320\206\347Q\234\262\007\224"
 248      38D5D6D0 
 248      86E7519C 
 248      B20794
 249 0532 47D13D60 		.ascii	"G\321=`\034\265\307\364M\217\272\214\034\024|\207\261"
 249      1CB5C7F4 
 249      4D8FBA8C 
 249      1C147C87 
 249      B1
 250 0543 FCD4B890 		.ascii	"\374\324\270\220\312\330\345\276J\253m\253v\3241\317"
 250      CAD8E5BE 
 250      4AAB6DAB 
 250      76D431CF 
 251 0553 FA4AFD1E 		.ascii	"\372J\375\036l\012\007\304~\366\237\275wcH#\247=\374"
 251      6C0A07C4 
 251      7EF69FBD 
 251      77634823 
 251      A73DFC
 252 0566 51E5A756 		.ascii	"Q\345\247V\2609\346P\205)\344\242k\253\207\267\275i"
 252      B039E650 
 252      8529E4A2 
 252      6BAB87B7 
 252      BD69
 253 0578 981EDE93 		.ascii	"\230\036\336\22380\241\207\2078\356\341\322\343Cg\315"
 253      3830A187 
 253      8738EEE1 
 253      D2E34367 
 253      CD
 254 0589 EC18A588 		.ascii	"\354\030\245\210/\3701:p\353z3\231\363\322\366\204]"
 254      2FF8313A 
 254      70EB7A33 
 254      99F3D2F6 
 254      845D
 255 059b DA1E8372 		.ascii	"\332\036\203rk+\013\275w\313\214\267\266\012vk\373\325"
 255      6B2B0BBD 
ARM GAS  /tmp/ccG3hZdD.s 			page 20


 255      77CB8CB7 
 255      B60A766B 
 255      FBD5
 256 05ad ADA3B28C 		.ascii	"\255\243\262\214\247\210l\2428\250\323]\326\205_\333"
 256      A7886CA2 
 256      38A8D35D 
 256      D6855FDB 
 257 05bd 9EB26B5B 		.ascii	"\236\262k[\305\325\236;6\322\312\367\210\332\320Xm\024"
 257      C5D59E3B 
 257      36D2CAF7 
 257      88DAD058 
 257      6D14
 258 05cf DF23E89D 		.ascii	"\337#\350\235mr4Xo\241G\266\254\304\213\375z\246d\021"
 258      6D723458 
 258      6FA147B6 
 258      ACC48BFD 
 258      7AA66411 
 259 05e3 CF255C0F 		.ascii	"\317%\\\0170\303N\035\361\363\303#\241\030\210\323\217"
 259      30C34E1D 
 259      F1F3C323 
 259      A11888D3 
 259      8F
 260 05f4 19A0A5CC 		.ascii	"\031\240\245\314\027L\256\310\347+Ot\030\352kf\322^"
 260      174CAEC8 
 260      E72B4F74 
 260      18EA6B66 
 260      D25E
 261 0606 75946607 		.ascii	"u\224f\007\207g\037\000\320\274k\240\300J\306x\346\233"
 261      87671F00 
 261      D0BC6BA0 
 261      C04AC678 
 261      E69B
 262 0618 C7CEF5C5 		.ascii	"\307\316\365\305h\005s\255\206\025\314\333h2 j\341Q"
 262      680573AD 
 262      8615CCDB 
 262      6832206A 
 262      E151
 263 062a 138682D1 		.ascii	"\023\206\202\321|C\276\350\370\201{\272\377\035/\235"
 263      7C43BEE8 
 263      F8817BBA 
 263      FF1D2F9D 
 264 063a 981F5BA8 		.ascii	"\230\037[\250\340\227\000\263\247\322\375\267\030\253"
 264      E09700B3 
 264      A7D2FDB7 
 264      18AB
 265 0648 06C8EEDE 		.ascii	"\006\310\356\336CC\255\342\263\037\310\025ALq\340\231"
 265      4343ADE2 
 265      B31FC815 
 265      414C71E0 
 265      99
 266 0659 723C88A3 		.ascii	"r<\210\243)\006\246yz5\275i\226\343\002\361Y!\306\235"
 266      2906A679 
 266      7A35BD69 
 266      96E302F1 
 266      5921C69D 
 267 066d 9D9AE1CE 		.ascii	"\235\232\341\316\310Hs{3\275~\313\213\177}m\311\252"
 267      C848737B 
ARM GAS  /tmp/ccG3hZdD.s 			page 21


 267      33BD7ECB 
 267      8B7F7D6D 
 267      C9AA
 268 067f E5CB85DF 		.ascii	"\345\313\205\337%&:W\245{\327{\223\3279\263|\316\364"
 268      25263A57 
 268      A57BD77B 
 268      93D739B3 
 268      7CCEF4
 269 0692 D40C6776 		.ascii	"\324\014gv\326f\277\317\271\356\325\227\237[\341\\\273"
 269      D666BFCF 
 269      B9EED597 
 269      9F5BE15C 
 269      BB
 270 06a3 36C9F962 		.ascii	"6\311\371b\312K\311o\256\240C\252\211\304\015\302\317"
 270      CA4BC96F 
 270      AEA043AA 
 270      89C40DC2 
 270      CF
 271 06b4 34733E8F 		.ascii	"4s>\217\177\343\346\254\234\354MYi\036\311\355\316\361"
 271      7FE3E6AC 
 271      9CEC4D59 
 271      691EC9ED 
 271      CEF1
 272 06c6 66FA9F5B 		.ascii	"f\372\237[\341\366\377\332\231\343\333\354\364fn\310"
 272      E1F6FFDA 
 272      99E3DBEC 
 272      F4666EC8 
 273 06d6 C849F338 		.ascii	"\310I\36383=\377\312\360\256wnJ\335\220\356\315\364"
 273      333DFFCA 
 273      F0AE776E 
 273      4ADD90EE 
 273      CDF4
 274 06e8 38DD699E 		.ascii	"8\335i\236\177\244\346d\370\335\376\267\262=\276\304"
 274      7FA4E664 
 274      F8DDFEB7 
 274      B23DBEC4 
 275 06f8 74C1A2AA 		.ascii	"t\301\242\252-\215\244\346{\313\347t\373\374i\210\241"
 275      2D8DA4E6 
 275      7BCBE774 
 275      FBFC6988 
 275      A1
 276 0709 586F16F5 		.ascii	"Xo\026\365\345\366\3774\356\351\202\315\233Eq\233R}"
 276      E5F6FF34 
 276      EEE982CD 
 276      9B45719B 
 276      527D
 277 071b FF74FB4D 		.ascii	"\377t\373M\177z\301\265\326\2746y\325_\\\246?\257s\271"
 277      7F7AC1B5 
 277      D6BC3679 
 277      D55F5CA6 
 277      3FAF73B9 
 278 072f E06FB0C6 		.ascii	"\340o\260\306\274!\303\223\272Y\011f\371\363n\277E\375"
 278      BC21C393 
 278      BA590966 
 278      F9F36EBF 
 278      45FD
 279 0741 2118EDF3 		.ascii	"!\030\355\363?\332\255\317\277\011c\332\230\355\315"
ARM GAS  /tmp/ccG3hZdD.s 			page 22


 279      3FDAADCF 
 279      BF0963DA 
 279      98EDCD
 280 0750 42AF2439 		.ascii	"B\257$9\311E^Jr\231S^KIr\315K^\227\262zu\222+*\371\325"
 280      C9455E4A 
 280      7299535E 
 280      4B4972CD 
 280      4B5E97B2 
 281 076b 375256BB 		.ascii	"7RV\273\314/''\255vQ.kl\272\226\333/q\252\3364\267\337"
 281      CC2F2727 
 281      AD76512E 
 281      6B6CBA96 
 281      DB2F71AA 
 282 0783 CA22F0BC 		.ascii	"\312\"\360\274\351\311\364\373\354?\244\240\246L\011"
 282      E9C9F4FB 
 282      EC3FA4A0 
 282      A64C09
 283 0792 151D4AF8 		.ascii	"\025\035J\370ap\267\377\377\316\376:\364"
 283      6170B7FF 
 283      FFCEFE3A 
 283      F4
 284              		.text
 285              		.section	.gnu.lto_.symtab.4adae4529f24471b,"",%progbits
 286 0000 5F70616C 		.ascii	"_pal_lld_init\000"
 286      5F6C6C64 
 286      5F696E69 
 286      7400
 287 000e 00       		.ascii	"\000"
 288 000f 00       		.ascii	"\000"
 289 0010 00       		.ascii	"\000"
 290 0011 00000000 		.ascii	"\000\000\000\000\000\000\000\000"
 290      00000000 
 291 0019 AE000000 		.ascii	"\256\000\000\000"
 292 001d 5F70616C 		.ascii	"_pal_lld_setgroupmode\000"
 292      5F6C6C64 
 292      5F736574 
 292      67726F75 
 292      706D6F64 
 293 0033 00       		.ascii	"\000"
 294 0034 00       		.ascii	"\000"
 295 0035 00       		.ascii	"\000"
 296 0036 00000000 		.ascii	"\000\000\000\000\000\000\000\000"
 296      00000000 
 297 003e FD000000 		.ascii	"\375\000\000\000"
 298 0042 5F70616C 		.ascii	"_pal_events\000"
 298      5F657665 
 298      6E747300 
 299 004e 00       		.ascii	"\000"
 300 004f 00       		.ascii	"\000"
 301 0050 00       		.ascii	"\000"
 302 0051 00000000 		.ascii	"\000\000\000\000\000\000\000\000"
 302      00000000 
 303 0059 07010000 		.ascii	"\007\001\000\000"
 304              		.text
 305              		.section	.gnu.lto_.opts,"",%progbits
 306 0000 272D666D 		.ascii	"'-fmath-errno' '-fsigned-zeros' '-ftrapping-math' '"
 306      6174682D 
ARM GAS  /tmp/ccG3hZdD.s 			page 23


 306      6572726E 
 306      6F272027 
 306      2D667369 
 307 0033 2D666E6F 		.ascii	"-fno-trapv' '-fno-strict-overflow' '-fno-openmp' '-"
 307      2D747261 
 307      70762720 
 307      272D666E 
 307      6F2D7374 
 308 0066 666E6F2D 		.ascii	"fno-openacc' '-mcpu=cortex-m4' '-mfloat-abi=hard' '"
 308      6F70656E 
 308      61636327 
 308      20272D6D 
 308      6370753D 
 309 0099 2D6D6670 		.ascii	"-mfpu=fpv4-sp-d16' '-mno-thumb-interwork' '-mthumb'"
 309      753D6670 
 309      76342D73 
 309      702D6431 
 309      36272027 
 310 00cc 20272D67 		.ascii	" '-ggdb' '-O' '-fomit-frame-pointer' '-falign-funct"
 310      67646227 
 310      20272D4F 
 310      2720272D 
 310      666F6D69 
 311 00ff 696F6E73 		.ascii	"ions=16' '-ffunction-sections' '-fdata-sections' '-"
 311      3D313627 
 311      20272D66 
 311      66756E63 
 311      74696F6E 
 312 0132 666E6F2D 		.ascii	"fno-common' '-flto'\000"
 312      636F6D6D 
 312      6F6E2720 
 312      272D666C 
 312      746F2700 
 313              		.text
 314              		.comm	__gnu_lto_v1,1,1
 315              		.comm	__gnu_lto_slim,1,1
 316              		.ident	"GCC: (15:6.3.1+svn253039-1build1) 6.3.1 20170620"
ARM GAS  /tmp/ccG3hZdD.s 			page 24


DEFINED SYMBOLS
                            *ABS*:0000000000000000 hal_pal_lld.c
                            *COM*:0000000000000001 __gnu_lto_v1
                            *COM*:0000000000000001 __gnu_lto_slim

NO UNDEFINED SYMBOLS
