ARM GAS  /tmp/ccbrqJ5h.s 			page 1


   1              		.cpu cortex-m4
   2              		.eabi_attribute 27, 1
   3              		.eabi_attribute 28, 1
   4              		.eabi_attribute 20, 1
   5              		.eabi_attribute 21, 1
   6              		.eabi_attribute 23, 3
   7              		.eabi_attribute 24, 1
   8              		.eabi_attribute 25, 1
   9              		.eabi_attribute 26, 1
  10              		.eabi_attribute 30, 1
  11              		.eabi_attribute 34, 1
  12              		.eabi_attribute 18, 4
  13              		.file	"hal_pal.c"
  14              		.text
  15              	.Ltext0:
  16              		.section	.gnu.lto_.profile.f5a3a207bd077fb2,"",%progbits
  17 0000 789C6365 		.ascii	"x\234ce`b`a```d\2100\004\000\001a\000\226"
  17      60626061 
  17      60606064 
  17      88300400 
  17      01610096 
  18              		.text
  19              		.section	.gnu.lto_.inline.f5a3a207bd077fb2,"",%progbits
  20 0000 789C6365 		.ascii	"x\234ce`b\210b@\000f\006\006\001\021F\006&\241?\235"
  20      60628862 
  20      40006606 
  20      06011146 
  20      0626A13F 
  21 0015 8C0C5C7F 		.ascii	"\214\014\\\177l\231@\202L\334\014\014@1\006QI )\323"
  21      6C994082 
  21      4CDC0C0C 
  21      40310651 
  21      492029D3 
  22 0029 73035D86 		.ascii	"s\003]\206\205AH\036(\303w'\013.\301\302\0134k\202\037"
  22      8541481E 
  22      28C37727 
  22      0B2EC1C2 
  22      0B346B82 
  23 003e 0842D430 		.ascii	"\010B\3240\000\000$,\014\013"
  23      0000242C 
  23      0C0B
  24              		.text
  25              		.section	.gnu.lto_.jmpfuncs.f5a3a207bd077fb2,"",%progbits
  26 0000 789C6365 		.ascii	"x\234ce`b\340g@\000f\020\301\004\304,`.\000\002\342"
  26      6062E067 
  26      40006610 
  26      C104C42C 
  26      602E0002 
  27 0015 0020     		.ascii	"\000 "
  28              		.text
  29              		.section	.gnu.lto_.pureconst.f5a3a207bd077fb2,"",%progbits
  30 0000 789C6365 		.ascii	"x\234ce`b`g```f\220b\222b\221\004\000\001\317\000e"
  30      60626067 
  30      60606066 
  30      90629262 
  30      91040001 
  31              		.text
ARM GAS  /tmp/ccbrqJ5h.s 			page 2


  32              		.section	.gnu.lto_palReadBus.f5a3a207bd077fb2,"",%progbits
  33 0000 789C9552 		.ascii	"x\234\225RKOSQ\020\236\271s\357\355m)-\356\\\020\323"
  33      4B4F5351 
  33      109EB973 
  33      EFED6D29 
  33      2DEE5C10 
  34 0015 442361D3 		.ascii	"D#a\323\033\177\003\306\255\013\177\200\0016\020I46"
  34      1B7F03C6 
  34      AD0B7F80 
  34      01361049 
  34      3436
  35 0027 AE7B5A0A 		.ascii	"\256{Z\012*F!F\245 \345\232\030D\344]_\200\250\015]"
  35      2A462146 
  35      A520E59A 
  35      1844E45D 
  35      5F80A80D 
  36 003c F8487C40 		.ascii	"\370H|@L4\370\214\272\251\217D\300\304\304(8sZ\240q"
  36      4C34F88C 
  36      BAA98F44 
  36      C0C4C428 
  36      38735AA0 
  37 0051 C7E29E73 		.ascii	"\307\342\236sf\3167\337|\363\235k\201\001}\004\260\033"
  37      66CE37DF 
  37      7CF39D6B 
  37      81017D04 
  37      B01B
  38 0063 00F6F287 		.ascii	"\000\366\362\2076\240\321\365\024 \341\030\206y\311"
  38      36A0D1F5 
  38      1420E118 
  38      8679C9
  39 0072 0215A01F 		.ascii	"\002\025\240\037\017\001T\220\014\363\205\313\2415\273"
  39      0F015490 
  39      0CF385CB 
  39      A135BB
  40 0081 832313AD 		.ascii	"\203#\023\255\"\312B\224\203r\020\342\006\231\026\306"
  40      22CA4294 
  40      837210E2 
  40      069916C6 
  41 0091 B193BA09 		.ascii	"\261\223\272\011\347S\023}t\206<\00249\\z\322\373)$"
  41      E753137D 
  41      74863C02 
  41      34395C7A 
  41      D2FB2924 
  42 00a5 216284C3 		.ascii	"!b\204\303\213j\341\244\257vP\251\244\312u\237\265\373"
  42      8B6AE1A4 
  42      AF7650A9 
  42      A4CA759F 
  42      B5FB
  43 00b7 B3CF95DF 		.ascii	"\263\317\225\337#\003z\030~\025\253q\020\253E\314\020"
  43      23037A18 
  43      7E15AB71 
  43      10AB45CC 
  43      10
  44 00c8 D632B86D 		.ascii	"\3262\270m\276\273\235h'\002\237\337\276\3770\344\324"
  44      BEBB9D68 
  44      27029FDF 
  44      BEFF30E4 
ARM GAS  /tmp/ccbrqJ5h.s 			page 3


  44      D4
  45 00d9 0CE8C29F 		.ascii	"\014\350\302\237\347H\355\362\210\360\032Ry!\247\000"
  45      E748EDF2 
  45      88F01A52 
  45      7921A700 
  46 00e9 87B146F0 		.ascii	"\207\261F\360\037'W\317W\332\346e\036\221!L9\2026\362"
  46      1F2757CF 
  46      57DAE665 
  46      1E91214C 
  46      398236F2 
  47 00fd C689F105 		.ascii	"\306\211\361\005\314\251\325\265\343*\367f\0003\373"
  47      CCA9D5B5 
  47      E32AF766 
  47      0033FB
  48 010c 82064A91 		.ascii	"\202\006J\221\311\345\246\315\213\345\343\305v$\364"
  48      C9E5A6CD 
  48      8BE5E3C5 
  48      7624F4
  49 011b CB29204B 		.ascii	"\313) K\005\210J\350`*\231\372\024\007\274\323gL-\346"
  49      05884AE8 
  49      602A99FA 
  49      1407BCD3 
  49      674C2DE6 
  50 012f DFA56D61 		.ascii	"\337\245ma\317\220\301}/\264\315=\363\311\274\204\200"
  50      CF90C17D 
  50      2FB4CD3D 
  50      F3C9BC84 
  50      80
  51 0140 A37A1A81 		.ascii	"\243z\032\201\023\260\231T\300\344\214\277\210\025o"
  51      13B09954 
  51      C0E48CBF 
  51      88156F
  52 014f 7E3D787C 		.ascii	"~=x|\"\350a&\241\224\212x\344c\206b\011\337\365\247"
  52      22E86126 
  52      A1948A78 
  52      E4638662 
  52      09DFF5A7 
  53 0163 A75642EE 		.ascii	"\247VB\356\250\352\322W\016\216\241\207i\031\004p\034"
  53      A8EAD257 
  53      0E8EA187 
  53      69190470 
  53      1C
  54 0174 5DE0C6AF 		.ascii	"]\340\306\257\3526\231F\256,\345\302\322\325\3010Nl"
  54      EA369946 
  54      AE2CE5C2 
  54      D2D5C130 
  54      4E6C
  55 0186 74356171 		.ascii	"t5aq\017}\305TD\220\302:=\375\355\265/\376W9\036\371"
  55      0F7DC554 
  55      4490C23A 
  55      3DFDEDB5 
  55      2FFE5739 
  56 019c 7B48FC98 		.ascii	"{H\374\230\3048\224\313\016h\267[\177\337_\0111n;'\304"
  56      C43894CB 
  56      0E68B75B 
  56      7FDF5F09 
  56      316E3B27 
ARM GAS  /tmp/ccbrqJ5h.s 			page 4


  57 01b1 42C93DEA 		.ascii	"B\311=\352\035>$b\253<\252\300\353\374\334\331\222\324"
  57      1D3E2462 
  57      AB3CAAC0 
  57      EBFCDCD9 
  57      92D4
  58 01c3 B52FD931 		.ascii	"\265/\3311?\203\323Zj\000o\260T\335\020ob\334\243\240"
  58      3F83D35A 
  58      6A006FB0 
  58      54DD106F 
  58      62DCA3A0 
  59 01d7 966269BF 		.ascii	"\226bi\277\304\200\302\351|\311/{K\036T\342-\355\001"
  59      C480C2E9 
  59      7CC92F7B 
  59      4B1E54E2 
  59      2DED01
  60 01ea 8A07B7D9 		.ascii	"\212\007\267\331\203\002\316\255\273\351+\037!\244G"
  60      8302CEAD 
  60      BBE92B1F 
  60      21A447
  61 01f9 F88F38CC 		.ascii	"\370\2178\314\355p\252D\374ry9\037d\342TB\256\252pZ"
  61      ED70AA44 
  61      FC727939 
  61      1F64E254 
  61      42AEAA70 
  62 020e 131B423C 		.ascii	"\023\033B<\243\2117\236\311\331\3423\335\331|\246Y\315"
  62      A389379E 
  62      C9D9E233 
  62      DDD97CA6 
  62      59CD
  63 0220 D4BADC8E 		.ascii	"\324\272\334\216E*\177FJ\235r\366\300\226\330\267\341"
  63      452A7F46 
  63      4A9D72F6 
  63      C096D8B7 
  63      E1
  64 0231 5DCDAE7F 		.ascii	"]\315\256\177\347{E\366?\353\354\025\272A\000\276c2"
  64      E77B45F6 
  64      3FEBEC15 
  64      BA4100BE 
  64      6332
  65 0243 52CA888A 		.ascii	"R\312\210\212\016\266\213\215\347\321\"\321\250[\327"
  65      0EB68B8D 
  65      E7D122D1 
  65      A85BD7
  66 0252 D4DCD0BC 		.ascii	"\324\334\320\274\377\200{8\3466\325\267\270\261\243"
  66      FF807B38 
  66      E636D5B7 
  66      B8B1A3
  67 0261 8DB21F3C 		.ascii	"\215\262\037<R\337\022m\004j8\026\373\007\243g,d"
  67      52DF126D 
  67      046A3816 
  67      FB07A367 
  67      2C64
  68              		.text
  69              		.section	.gnu.lto_palWriteBus.f5a3a207bd077fb2,"",%progbits
  70 0000 789C9552 		.ascii	"x\234\225R[KTQ\024\336\337\331\347\234\231\361\2143"
  70      5B4B5451 
  70      14DEDFD9 
ARM GAS  /tmp/ccbrqJ5h.s 			page 5


  70      E79C99F1 
  70      8C33
  71 0012 93BDF420 		.ascii	"\223\275\364 !\024\210\004\036\372\015F\257=\364\003"
  71      21148804 
  71      1EFA0D46 
  71      AF3DF403 
  72 0022 427D5112 		.ascii	"B}Q\022\212\246\350q\216\367P*!\362\226v\244H3\357v"
  72      8AA6E871 
  72      8EF7502A 
  72      21F29676 
  72      A44833EF 
  73 0037 73CC74D2 		.ascii	"s\314t\322\007+\254P\242\302\210\242L\350\006^\202\""
  73      072BAC50 
  73      A2C288A2 
  73      4CE8065E 
  73      8222
  74 0049 6C6CAD7D 		.ascii	"ll\255}f\324|s\303Y\373\354\265\327\372\326\267\276"
  74      66D47C73 
  74      C359FBEC 
  74      B5D7FAD6 
  74      B7BE
  75 005b B50DA189 		.ascii	"\265\015\241\211\263\272\020\007\204\020\207\350\203"
  75      B3BA1007 
  75      841087E8 
  75      83
  76 0068 29A0353C 		.ascii	")\2405<\027\242\334\257iz\207!\234\014\271\364X\010"
  76      17A2DCAF 
  76      697A8721 
  76      9C0CB9F4 
  76      5808
  77 007a 272835FD 		.ascii	"'(5\375\245MGcl/\235t\030^\224\001\360\217\343\207\210"
  77      A54D4763 
  77      6C2F9D74 
  77      185E9401 
  77      F08FE387 
  78 008f 69523710 		.ascii	"iR7\020\303E\331$1Y\273\030\327\362\272\034Z\211\246"
  78      C345D924 
  78      3159BB18 
  78      D7F2BA1C 
  78      5A89A6
  79 00a2 9F668D53 		.ascii	"\237f\215S\275\307\225B\264\320\307\013]\310\243\250"
  79      BDC79542 
  79      B4D0C70B 
  79      5DC8A3A8 
  80 00b2 D9AAC136 		.ascii	"\331\252\3016yA\272\022\320\351\270\374\254\365S\210"
  80      7941BA12 
  80      D0E9B8FC 
  80      ACF55388 
  81 00c2 8F1A72E8 		.ascii	"\217\032r\350X=\333T#\345>\010\372\177\367\376C\267"
  81      583DDB54 
  81      23E53E08 
  81      FA7FF7FE 
  81      43B7
  82 00d4 3FF786E3 		.ascii	"?\367\206\343T8\211\265K\322\331\357J\211[\220\004\210"
  82      543889B5 
  82      4BD2D9EF 
  82      4A895B90 
ARM GAS  /tmp/ccbrqJ5h.s 			page 6


  82      0488
  83 00e6 6E64E326 		.ascii	"nd\343&\262\005\271\004z\220K\341\355\311k\323\226\314"
  83      B205B904 
  83      7A904BE1 
  83      EDC96BD3 
  83      96CC
  84 00f8 55A971B7 		.ascii	"U\251q\267\255\333L\245\3164\252T\035\275\333Su\201"
  84      ADDB4CA5 
  84      CE34AA54 
  84      1DBDDB53 
  84      7581
  85 010a 3EE472FC 		.ascii	">\344r\374\307\241\344\345LS\277\236\246\213~\230\240"
  85      C7A1E4E5 
  85      4C53BF9E 
  85      A68B7E98 
  85      A0
  86 011b 8D1C0373 		.ascii	"\215\034\003sH8\311\365Z\342\320\211\365\303Y\032\270"
  86      4838C9F5 
  86      5AE2D089 
  86      F5C3591A 
  86      B8
  87 012c 9E4EE986 		.ascii	"\236N\351\206I\306\364\201A\374\364\353\013\260\311"
  87      49C6F481 
  87      41FCF4EB 
  87      0BB0C9
  88 013b 6063F175 		.ascii	"`c\361u\220M&\037Cl\302l\"l\204\250\243\"\254a\275\324"
  88      904D261F 
  88      436CC26C 
  88      226C84A8 
  88      A322AC61 
  89 0151 78970BA8 		.ascii	"x\227\013\250\232\237Z\274br\335v\251\021\243\306\352"
  89      9A9F5ABC 
  89      6272DD76 
  89      A911A3C6 
  89      EA
  90 0162 C9173ED6 		.ascii	"\311\027>\326EB`\200\350\362\252\247ni4\362\013*F\003"
  90      45426080 
  90      E8F2AAA7 
  90      6E6934F2 
  90      0B2A4603 
  91 0176 5E2C6BF8 		.ascii	"^,k\370k\372\351\271\240\213\366rR>\307\225~B\360R\350"
  91      6BFAE9B9 
  91      A08BF672 
  91      523EC795 
  91      7E42F052 
  92 018b EE6AF3C8 		.ascii	"\356j\363\310j\310\356s\032\324U\000\203p\321\254&\202"
  92      6AC8EE73 
  92      1AD45500 
  92      8370D1AC 
  92      2682
  93 019d 21D8820A 		.ascii	"!\330\202\012\277)\330D\352\355\\N\204\271j\000a\014"
  93      BF29D844 
  93      EAED5C4E 
  93      84B96A00 
  93      610C
  94 01af 6F54D5C5 		.ascii	"oT\325\305\374A\371\015U9\034\251\364\215\177\177\353"
  94      FC41F90D 
ARM GAS  /tmp/ccbrqJ5h.s 			page 7


  94      55391CA9 
  94      F48D7F7F 
  94      EB
  95 01c0 8BFD75FC 		.ascii	"\213\375u\374\256\314h\221\254\324m\304\304V\332\226"
  95      AECC6891 
  95      ACD46DC4 
  95      C456DA96 
  96 01d0 9A43E59F 		.ascii	"\232C\345\237\211\325\020\305\321C\260X\\\366=i\355"
  96      89D510C5 
  96      D143B058 
  96      5CF63D69 
  96      ED
  97 01e1 39CE6423 		.ascii	"9\316d#\256\014\342.=\236;)\252\353_\207\373\003\024"
  97      AE0CE22E 
  97      3D9E3B29 
  97      AAEB5F87 
  97      FB0314
  98 01f4 DCACA85A 		.ascii	"\334\254\250Z\270GTUA\334G\314\225\231\212\212\241\364"
  98      B8475455 
  98      41DC47CC 
  98      95998A8A 
  98      A1F4
  99 0206 6201BAC7 		.ascii	"b\001\272\307\245G\334\334\221\004!\214(\011\300\022"
  99      A547DCDC 
  99      9104218C 
  99      2809C012 
 100 0216 C44902C2 		.ascii	"\304I\002\302J\326\300\203\242<\237\330\242n`G\320a"
 100      4AD6C083 
 100      A23C9FD8 
 100      A26E6047 
 100      D061
 101 0228 8C2A688D 		.ascii	"\214*h\215\241\037(\350\312\2654t\206B\017lE\267v8\273"
 101      A11F28E8 
 101      CAB53474 
 101      86420F6C 
 101      45B77638 
 102 023d B1CDD93D 		.ascii	"\261\315\331=\364\320\033\323\350A\017mni\246\335b\371"
 102      F4D01BD3 
 102      E8410F6D 
 102      6E69A6DD 
 102      62F9
 103 024f 0D44304E 		.ascii	"\015D0N0\024\263\224\216\311T$\202\377\261\012Q\303"
 103      3014B394 
 103      8EC95424 
 103      82FFB10A 
 103      51C3
 104 0261 1EABCDB8 		.ascii	"\036\253\315\270\260r[\354\373\235\366ETz\230|\223\215"
 104      B0725BEC 
 104      FB9DF645 
 104      547A987C 
 104      938D
 105 0273 8AFDD659 		.ascii	"\212\375\326YG\324\254\267u\262\213\006\203\211T'\257"
 105      47D4ACB7 
 105      75B28B06 
 105      83895427 
 105      AF
 106 0284 5756A682 		.ascii	"WV\246\202\324IU9_e!\241:I=\210\372\205\317\257\214"
ARM GAS  /tmp/ccbrqJ5h.s 			page 8


 106      D4495539 
 106      5F6521A1 
 106      3A493D88 
 106      FA85CFAF 
 107 0299 8DCBDD78 		.ascii	"\215\313\335x\004\273\231\236\034u9\011\233J\213\037"
 107      04BB999E 
 107      1C753909 
 107      9B4A8B1F 
 108 02a9 A8E8583F 		.ascii	"\250\350X?\357\275\005^u4<z\005$sN~\276]PRZTz\344\250"
 108      EFBD055E 
 108      75343C7A 
 108      0524734E 
 108      7EBE5D50 
 109 02c3 7D226A97 		.ascii	"}\"j\227\024\226\331\321S\305\274\037;YX\226_,d\321"
 109      1496D9D1 
 109      53C5BC1F 
 109      3B595896 
 109      5F2C64D1 
 110 02d7 99A85E54 		.ascii	"\231\250^Tz:\372\017b.l\240"
 110      7A3AFA0F 
 110      622E6CA0 
 111              		.text
 112              		.section	.gnu.lto_palSetBusMode.f5a3a207bd077fb2,"",%progbits
 113 0000 789C9592 		.ascii	"x\234\225\222\333K\025Q\024\306\3677kf\316\234\213G"
 113      DB4B1551 
 113      14C6F737 
 113      6B66CE9C 
 113      8B47
 114 0012 7BEB41E2 		.ascii	"{\353A\342@\301A\002\207\376\206\202\036{\350\245\267"
 114      40C14102 
 114      87FE8682 
 114      1E7BE8A5 
 114      B7
 115 0023 500B940C 		.ascii	"P\013\224\014#\351\371\214\267c(\251P\346\205t\204P"
 115      23E9F98C 
 115      B76328A9 
 115      50E68574 
 115      8450
 116 0035 33EFDAC5 		.ascii	"3\357\332\305\343\245\016\366\320\275Pz\010\303\212"
 116      E3A50EF6 
 116      D0BD507A 
 116      08C38A
 117 0044 8AA05450 		.ascii	"\212\240TP|\010\242\264\265\366\261\264\350\305\015"
 117      7C08A2B4 
 117      B5F6B1B4 
 117      E8C50D
 118 0053 337BAF3D 		.ascii	"3{\257=k}\353\333\277=\2262\324%R\352\240R\352\010?"
 118      6B7DEBDB 
 118      BF3D9632 
 118      D42552EA 
 118      A052EA08 
 119 0068 B0158CA6 		.ascii	"\260\025\214\246\027JU8\206avY\312\013\321\352#\245"
 119      174A5538 
 119      86617659 
 119      CA0BD1EA 
 119      23A5
 120 007a BC0819E6 		.ascii	"\274\010\031\346+\227Ckz\037G&\254L\226\005\310\302"
ARM GAS  /tmp/ccbrqJ5h.s 			page 9


 120      2B97436B 
 120      7A1F4726 
 120      AC4C9605 
 120      C8C2
 121 008c 73A01206 		.ascii	"s\240\022\006\231\026\022h\244\026\302l\355\347\224"
 121      99161268 
 121      A416C26C 
 121      EDE794
 122 009b 91D7EBF1 		.ascii	"\221\327\353\361H\267\314\007\222^\315^\237\373\264"
 122      48B7CC07 
 122      925ECD5E 
 122      9FFBB4
 123 00aa F12303BD 		.ascii	"\361#\003\275\310\343\254\271\352\221k\324@>\001&\207"
 123      C8E3ACB9 
 123      EA916BD4 
 123      403E0126 
 123      87
 124 00bb 6BCFDB3F 		.ascii	"k\317\333?F%4\020\343\260f\256%I\264\037\212\327\213"
 124      46253410 
 124      E3B066AE 
 124      2549B41F 
 124      8AD78B
 125 00ce EFDEF739 		.ascii	"\357\336\3679\361n\317\253\364\322\317\256\220w\300"
 125      F16ECFAB 
 125      F4D2CFAE 
 125      9077C0
 126 00dd 27C24D10 		.ascii	"'\302M\020\013\242\017\271\270\201\\\305[\012\375\210"
 126      0BA20FB9 
 126      B8815CC5 
 126      5B0AFD88 
 127 00ed 73FAFA78 		.ascii	"s\372\372x\367\3450\305u\351\323\206\231\023[\225?\232"
 127      F7E530C5 
 127      75E9D386 
 127      99135B95 
 127      3F9A
 128 00ff 75A58981 		.ascii	"u\245\211\201\177+M\205A\304%\375\303\350Fs\226m^\377"
 128      7F2B4D85 
 128      41C425FD 
 128      C3E84673 
 128      966D5EFF 
 129 0113 ED1643B0 		.ascii	"\355\026C\260\301\023o\014\317#\355ml\326z\351\345\036"
 129      C1136F0C 
 129      CF23ED6D 
 129      6CD67AE9 
 129      E51E
 130 0125 2C1E8D18 		.ascii	",\036\215\030\220v&\227[6\277\354\000\277\002\216\204"
 130      90762697 
 130      5B36BFEC 
 130      00BF028E 
 130      84
 131 0136 415985A0 		.ascii	"AY\205\2405U\035\313\010\244z2d\246O\250^x\360\266\323"
 131      35551DCB 
 131      08A47A32 
 131      64A64FA8 
 131      5E78F0B6 
 132 014b 16E50E32 		.ascii	"\026\345\0162\270\347\325\232\331\227\00198Aa\230\015"
 132      B8E7D59A 
ARM GAS  /tmp/ccbrqJ5h.s 			page 10


 132      D9970139 
 132      38416198 
 132      0D
 133 015c C9A8E7E3 		.ascii	"\311\250\347\3430{\372\202\312\311`&W }{\370\344b\304"
 133      307BFA82 
 133      CAC96026 
 133      57207D7B 
 133      F8E462C4 
 134 0170 474705A3 		.ascii	"GG\005\243\215\371\344\260B\246\204\277u\266N\254G\335"
 134      8DF9E4B0 
 134      42A684BF 
 134      75B64EAC 
 134      47DD
 135 0182 41AF497F 		.ascii	"A\257I\177\012b\004>Z5r\214\302U\334\370\365\341m\245"
 135      0A62043E 
 135      5A35728C 
 135      C255DCF8 
 135      F5E16DA5 
 136 0196 819EB574 		.ascii	"\201\236\265t\266t\015\"\033c\177\272\232j\341\020-"
 136      B6740D22 
 136      1B637FBA 
 136      9A6AE110 
 136      2D
 137 01a7 A13A2699 		.ascii	"\241:&\231\242\232J-\277\011$~z\216O\2416\022\026\343"
 137      A29A4A2D 
 137      BF09247E 
 137      7A8E4FA1 
 137      361216E3 
 138 01bb 48A89DB6 		.ascii	"H\250\235\266\303\032t\325\367\373\353Q\316\343\233"
 138      C31A74D5 
 138      F7FBEB51 
 138      CEE39B
 139 01ca 0E0B3ED9 		.ascii	"\016\013>\331{\334\336\177F\314\346\370\024\301m\376"
 139      7BDCDE7F 
 139      46CCE6F8 
 139      14C16DFE 
 140 01da 3B6E6D59 		.ascii	";nmY\335\374:6\024\344\344Vm5\214;lU7\304]$|\312\322"
 140      DDFC3A36 
 140      14E4E456 
 140      6D358C3B 
 140      6C5537C4 
 141 01f3 562CCD4B 		.ascii	"V,\315K\000\364\255P\306\270\275+\004QLh\004\020\004"
 141      00F4AD50 
 141      C6B8BD2B 
 141      04514C68 
 141      041004
 142 0206 2946B003 		.ascii	")F\260\003f`WJ\331\230\324J\206(M\375\255\344\354\362"
 142      6660574A 
 142      D998D44A 
 142      86284DFD 
 142      ADE4ECF2 
 143 021a 5AA6B7AF 		.ascii	"Z\246\267\257eF+U\255&\221\221\012\262/\026TKH\376\217"
 143      65462B55 
 143      AD269191 
 143      0AB22F16 
 143      544B48FE 
 144 022f 7F4E9B18 		.ascii	"\177N\233\030\300=\346\317(tz\310\247=j\005\225]S\215"
ARM GAS  /tmp/ccbrqJ5h.s 			page 11


 144      C03DE6CF 
 144      28747AC8 
 144      A73D6A05 
 144      955D538D 
 145 0243 198032EA 		.ascii	"\031\2002\352\370\304\214\216sc\371\371\356\341\342"
 145      F8C48C8E 
 145      7363F9F9 
 145      EEE1E2
 146 0252 92C29263 		.ascii	"\222\302\222c\307\335\262r\267\270\240\324-?_$\363\311"
 146      C7DDB272 
 146      B7B8A0D4 
 146      2D3F5F24 
 146      F3C9
 147 0264 7305A5F9 		.ascii	"s\005\245\371E\212\012/\224\233g\313N\235\376\005m\272"
 147      458A0A2F 
 147      949B67CB 
 147      4E9DFE05 
 147      6DBA
 148 0276 2966     		.ascii	")f"
 149              		.text
 150              		.section	.gnu.lto_.symbol_nodes.f5a3a207bd077fb2,"",%progbits
 151 0000 789C55C9 		.ascii	"x\234U\311\315\015\202@\024E\341\363\356\014R\206\011"
 151      CD0D8240 
 151      1445E1F3 
 151      EE0C5286 
 151      09
 152 0011 9568656F 		.ascii	"\225heo\026\2065\033;\260\011\206\037\255@\032qc\007"
 152      1686351B 
 152      3BB00986 
 152      1FAD401A 
 152      716307
 153 0024 925112B9 		.ascii	"\222Q\022\271\233\223\334\257B\\Y\247^\016\335\023\326"
 153      9B93DCAF 
 153      425C59A7 
 153      5E0EDD13 
 153      D6
 154 0035 E474866A 		.ascii	"\344t\206j\022\251\201\240,\267=\315\262/\015r\355\351"
 154      12A981A0 
 154      2CB73DCD 
 154      B22F0D72 
 154      EDE9
 155 0047 2E15B251 		.ascii	".\025\262Q\036\012AJ'\260\207<\376\037\201\003\227\367"
 155      1E0A414A 
 155      27B0873C 
 155      FE1F8103 
 155      97F7
 156 0059 6241BFC6 		.ascii	"bA\277\306\2555\267\366u\344\003>\300#\226"
 156      AD35B7F6 
 156      75E4033E 
 156      C02396
 157              		.text
 158              		.section	.gnu.lto_.refs.f5a3a207bd077fb2,"",%progbits
 159 0000 789C05C1 		.ascii	"x\234\005\301\261\001\000\000\010\303\2404\326\335\377"
 159      B1010000 
 159      08C3A034 
 159      D6DDFF
 160 000f AF151639 		.ascii	"\257\025\0269 \230F\247\251[\036\003\003\000<"
ARM GAS  /tmp/ccbrqJ5h.s 			page 12


 160      209846A7 
 160      A95B1E03 
 160      03003C
 161              		.text
 162              		.section	.gnu.lto_.decls.f5a3a207bd077fb2,"",%progbits
 163 0000 789C9D58 		.ascii	"x\234\235X{P\024G\032\237\236\336%\273\313.z`R\326\205"
 163      7B501447 
 163      1A9F9EDE 
 163      25BBCB2E 
 163      7A6052D6 
 164 0015 A4D0224A 		.ascii	"\244\320\"J\325%n4Vb\252\356\252LD\243u\346\260\320"
 164      D5256E34 
 164      5662AAEE 
 164      AA4C44A3 
 164      75E6B0D0 
 165 0029 2477F7CF 		.ascii	"$w\367\317\026\001\014\324\241X\354rW\371\353\006\026"
 165      16010CD4 
 165      A158EC72 
 165      57F9EB06 
 165      16
 166 003a 95181550 		.ascii	"\225\030\025Pc\220%\312C! \"\0320\022@7\274\0251HD\004"
 166      639025CA 
 166      43212022 
 166      1A301240 
 166      37BC1531 
 167 0051 79F980F8 		.ascii	"y\371\200\370\212.\017_\310\343\276\356\236\331\231"
 167      8A2E0F5F 
 167      C8E3BEEE 
 167      9ED999
 168 0060 5D774DEA 		.ascii	"]wM\352\246\352\333\231\356\376\365\367\375\276_\177"
 168      A6EADB99 
 168      EEFEF5F7 
 168      FDBE5F7F 
 169 0070 DD33A0E6 		.ascii	"\3353\240\346x\356\237/r\\9\317q=\210\343\246\341Rq"
 169      78EE9F2F 
 169      725C39CF 
 169      713D88E3 
 169      A6E15271 
 170 0084 1C778493 		.ascii	"\034w\204\223/5\230\026\306\374\300^\002\233\0036\037"
 170      2F359816 
 170      C6FCC05E 
 170      029B0336 
 170      1F
 171 0095 0C43FF42 		.ascii	"\014C\377B\270\277\003\266\024q.W\000\370\363\347\230"
 171      B8BF03B6 
 171      14712E57 
 171      00F8F3E7 
 171      98
 172 00a6 CD02AB04 		.ascii	"\315\002\253\004\363\001L\030\334\207\301\346\023\277"
 172      F3014C18 
 172      DC87C1E6 
 172      13BF
 173 00b4 D07E0FEC 		.ascii	"\320~\017\354}\260e`o\200\005\201\205\202-\007s\000"
 173      7DB06560 
 173      6F800581 
 173      85822D07 
 173      7300
ARM GAS  /tmp/ccbrqJ5h.s 			page 13


 174 00c6 A6066C05 		.ascii	"\246\006l\005<\023N\223`S`C`\323`\274\310\213\360A\""
 174      3C134E93 
 174      60536043 
 174      60D360BC 
 174      C88BF041 
 175 00db 17E5F50A 		.ascii	"\027\345\365\012\317b\177\254\340A8\020.\336x|\000\266"
 175      CF627FAC 
 175      E0413810 
 175      2EDE787C 
 175      00B6
 176 00ed 58C16385 		.ascii	"X\301c\205\202K\247\310G\255\340Bx\334\002\273$\362"
 176      824BA7C8 
 176      47ADE042 
 176      78DC02BB 
 176      24F2
 177 00ff F153F079 		.ascii	"\361S\360y\307\215\317\033\242&\356|\376\360\034]V\202"
 177      C78DCF1B 
 177      A226EE7C 
 177      FEF01C5D 
 177      5682
 178 0111 FDC58DCF 		.ascii	"\375\305\215\317*\260y\242\376J\036\244\255\\\037\022"
 178      2AB079A2 
 178      FE4A1EA4 
 178      AD5C1F12 
 179 0121 DE7D5DBE 		.ascii	"\336}]\276\306h\362h\3716\337>\324\203\010d&\2427\206"
 179      C668F268 
 179      F936DF3E 
 179      D4830864 
 179      26A23786 
 180 0135 821B12EF 		.ascii	"\202\033\022\357\264\020\350\345\034F<\375\245F'q\242"
 180      B410E8E5 
 180      1C463CFD 
 180      A5462771 
 180      A2
 181 0146 6FC41E11 		.ascii	"o\304\036\021\307\213\276$\240\310A\004)=:\247:/\251"
 181      C78BBE24 
 181      A0C84104 
 181      293D3AA7 
 181      3A2FA9
 182 0159 0FB9BA84 		.ascii	"\017\271\272\204\021\0369;\020RNP8D\022!:\202\224\201"
 182      111E393B 
 182      10524E50 
 182      38441221 
 182      3A829481 
 183 016d 197B2C65 		.ascii	"\031{,e\177w\373\350\001U?\352E\310\227\313!\352@\337"
 183      7F77FBE8 
 183      01553FEA 
 183      45C897CB 
 183      21EA40DF 
 184 0181 D5F6EA49 		.ascii	"\325\366\352I\015\2068\360\334\377\344\333\025\013J"
 184      0D8638F0 
 184      DCFFE4DB 
 184      150B4A
 185 0190 0476695E 		.ascii	"\004vi^\221e\273\220R\226\215wb\344\257C*h\016\267f"
 185      9165BB90 
 185      52968D77 
 185      62E4AF43 
ARM GAS  /tmp/ccbrqJ5h.s 			page 14


 185      2A680EB7 
 186 01a5 5DF783E6 		.ascii	"]\367\203\346,\035\012\202fV\325\330Y5\033\325@s\272"
 186      2C1D0A82 
 186      6656D5D8 
 186      59351BD5 
 186      4073BA
 187 01b8 A0EC0B0D 		.ascii	"\240\354\013\015~\211z\354m.:L&\316\327!Bv\006t\035"
 187      7E897AEC 
 187      6D2E3A4C 
 187      26CED721 
 187      42760674 
 188 01cd BD5BF9C4 		.ascii	"\275[\371\304\300\272\010\242=m\344\340\013\370e\362"
 188      C0BA08A2 
 188      3D6DE4E0 
 188      0BF865F2 
 189 01dd CCEF3BDB 		.ascii	"\314\357;\333Y\253B!\272\002\022\337\376hl~\306VA\340"
 189      59AB4221 
 189      BA0212DF 
 189      FE686C7E 
 189      C65641E0 
 190 01f1 D1774887 		.ascii	"\321wH\207\216!\214\212\321\002\222\322|\035\374\246"
 190      8E218C8A 
 190      D10292D2 
 190      7C1DFCA6 
 191 0201 0A42B290 		.ascii	"\012B\262\220n\025\264+9T\202\002\321a\024\310\241\343"
 191      6E15B42B 
 191      39548202 
 191      D16114C8 
 191      A1E3
 192 0213 2884B825 		.ascii	"(\204\270%8T\006\235G\241\023B\024\035\314\310\363\301"
 192      3854069D 
 192      47A11342 
 192      141DCCC8 
 192      F3C1
 193 0225 EB6888C6 		.ascii	"\353h\210\306SW.\253\220.\304\343\374\023\036\3463."
 193      53572EAB 
 193      902EC4E3 
 193      FC131EE6 
 193      332E
 194 0237 F76D731B 		.ascii	"\367ms\0337\023.\025\300\245\\\346\002\324\230B)\365"
 194      37132E15 
 194      C0A55CE6 
 194      02D49842 
 194      29F5
 195 0249 0F330C58 		.ascii	"\0173\014X@4\310\316\206\246'jg\036\367\213BN^\024\204"
 195      4034C8CE 
 195      86A6276A 
 195      671EF78B 
 195      424E5E14 
 196 025e 20540973 		.ascii	" T\011s\277\227\347V \257\211\234\364\234H\307\360\310"
 196      BF97E756 
 196      20AF899C 
 196      F49C48C7 
 196      F0C8
 197 0270 5E3FDC40 		.ascii	"^?\334@\2038\027\301\237-B\331\364\236\001\003>\307"
 197      833817C1 
 197      9F2D42D9 
ARM GAS  /tmp/ccbrqJ5h.s 			page 15


 197      F49E0103 
 197      3EC7
 198 0282 C6524B76 		.ascii	"\306RKv\326a\035\270\266\376\256\034a\306\275\224\301"
 198      D6611DB8 
 198      B6FEAE1C 
 198      61C6BD94 
 198      C1
 199 0293 015FE66D 		.ascii	"\001_\346m64\257%\2277\033\360\005\346m\307\236\332"
 199      3634AF25 
 199      97371BF0 
 199      05E66DC7 
 199      9EDA
 200 02a5 5A15EE64 		.ascii	"Z\025\356d\215\374}\031[\325\270\2075\212v\245\227\351"
 200      8DFC7D19 
 200      5BD5B887 
 200      358A76A5 
 200      97E9
 201 02b7 701F6BB4 		.ascii	"p\037k\264;\316}\343\313\252b&4\033\246\037\331g0\217"
 201      3BCE7DE3 
 201      CBAA6226 
 201      341BA61F 
 201      D967308F 
 202 02cb 3C34338B 		.ascii	"<43\213;\307\265x\200A\017\215?u\220\262\230G\312\002"
 202      3BC7B578 
 202      80410F8D 
 202      3F7590B2 
 202      9847CA02 
 203 02df 2B8A621E 		.ascii	"+\212b\036+\212\323-g\012\364x\210\251\231\236{\370"
 203      2B8AD32D 
 203      670AF478 
 203      88A9999E 
 203      7BF8
 204 02f1 4BADB464 		.ascii	"K\255\264d\220\221:\204Cu\300\274\236\244s\026\322\231"
 204      90913A84 
 204      4375C0BC 
 204      9EA47316 
 204      D299
 205 0303 27A6D304 		.ascii	"'\246\323\004\235\215\316%{T\376j\245 \314Dg@\365fY"
 205      9D8DCE25 
 205      7B54FE6A 
 205      A520CC44 
 205      6740F566 
 206 0318 F579E282 		.ascii	"\365y\342\202\235\312\2702\244\303\303,\304\204u\357"
 206      9DCAB832 
 206      A4C3C32C 
 206      C48475EF 
 207 0328 7DB9F0EE 		.ascii	"}\271\360\356\333\026\325\323\305n\205\251-\362\324"
 207      DB16D5D3 
 207      C56E85A9 
 207      2DF2D4
 208 0337 33F282B9 		.ascii	"3\362\202\271\3238\347\201\006\004I~\234W\255\301\343"
 208      D338E781 
 208      0604497E 
 208      9C57ADC1 
 208      E3
 209 0348 34886AF4 		.ascii	"4\210j\364\341\366n\035\012\010\016\016\311 a\322\005"
 209      E1F66E1D 
ARM GAS  /tmp/ccbrqJ5h.s 			page 16


 209      0A080E0E 
 209      C92061D2 
 209      05
 210 0359 61292F2F 		.ascii	"a)//\014\207~B\001\304\001j\007_\027P0jC\301t\377\345"
 210      0C877E42 
 210      01C4016A 
 210      075F1750 
 210      306A43C1 
 211 0370 9180F647 		.ascii	"\221\200\366G\247\027\333F\006\004a\233\236\322j\000"
 211      A717DB46 
 211      0604619B 
 211      9ED26A00 
 212 0380 5A648293 		.ascii	"Zd\202\223\201\221\270\250#\216\304\011\327^\316\024"
 212      8191B8A8 
 212      238EC409 
 212      D75ECE14 
 213 0390 ECC998A2 		.ascii	"\354\311\230\242\317{D/$`\226r\237M\007;\236`81[\266"
 213      CF7B442F 
 213      24609672 
 213      9F4D073B 
 213      9E603831 
 214 03a6 F35517FB 		.ascii	"\363U\027\373\356\355B(xVHp\036\005>\264\371%Q\267\304"
 214      EEED4228 
 214      78564870 
 214      1E053EB4 
 214      F92551B7 
 215 03bb 5D2DB8BD 		.ascii	"]-\270\275\210f\311\305%\273\335ES\264\012KU\312\024"
 215      8866C9C5 
 215      25BBDD45 
 215      53B40A4B 
 215      55CA14
 216 03ce 0998A4D8 		.ascii	"\011\230\244\330\001)^\202\024\177\026Sd$\316\333f'"
 216      01295E82 
 216      147F1653 
 216      6424CEDB 
 216      6627
 217 03e0 09B08500 		.ascii	"\011\260\205\000\245d\301\322\271d\363\337m\025\232"
 217      A564C1D2 
 217      B964F3DF 
 217      6D159A
 218 03ef DFA43BF0 		.ascii	"\337\244;\360G\357\201A\365\221\352\226s\374,`\220\344"
 218      47EF8141 
 218      F591EA96 
 218      73FC2C60 
 218      90E4
 219 0401 9501E712 		.ascii	"\225\001\347\022^Q\274\376\254xS\352:*\364\270\202\035"
 219      5E51BCFE 
 219      AC7853EA 
 219      3A2AF4B8 
 219      821D
 220 0413 8B832D47 		.ascii	"\213\203-G\2235\270\2225\366\267\226\266\250q\015kT"
 220      9335B892 
 220      35F6B796 
 220      B6A8710D 
 220      6B54
 221 0425 1D2E6DE7 		.ascii	"\035.m\347q\035k\224T:\276D\270\2055\206\267\036\265"
 221      711D6B94 
ARM GAS  /tmp/ccbrqJ5h.s 			page 17


 221      543ABE44 
 221      B8853586 
 221      B71EB5
 222 0438 E076F66C 		.ascii	"\340v\366l\033\355\275\245e\276C\240\231\326v\340\212"
 222      1BEDBDA5 
 222      65BE43A0 
 222      99D676E0 
 222      8A
 223 0449 86ED133B 		.ascii	"\206\355\023;\331\031\217so\354\342\361e\212\325O\225"
 223      D9198F73 
 223      6FECE2F1 
 223      658AD54F 
 223      95
 224 045a B404A360 		.ascii	"\264\004\243`\351\012 \262\247Xa1\377\270O\260\247`"
 224      E90A20B2 
 224      A7586131 
 224      FFB84FB0 
 224      A760
 225 046c 5403C9F7 		.ascii	"T\003\311\367B\362w@}\327\344K\304\245'\350\263\201"
 225      42F27740 
 225      7DD7E44B 
 225      C4A527E8 
 225      B381
 226 047e 32BADA1D 		.ascii	"2\272\332\035]\205\234Z1t\273\002}\3253Z\351\374\266"
 226      5D859C5A 
 226      3174BB02 
 226      7DD5335A 
 226      E9FCB6
 227 0491 824A8F3B 		.ascii	"\202J\217;\374\210\273\363q\005\272\333\035}\331\035"
 227      FC88BBF3 
 227      7105BADB 
 227      1D7DD91D 
 228 04a1 DDAD40F7 		.ascii	"\335\255@\367yLS\001\036Q\200\257x&\342\344\0155;e\323"
 228      794C5301 
 228      1E5180AF 
 228      7826E2E4 
 228      0D353B65 
 229 04b6 317C2794 		.ascii	"1|'\224\200\335\035\177\312\235J\243To\304}\227g\346"
 229      80DD1D7F 
 229      CA9D4AA3 
 229      546FC47D 
 229      9767E6
 230 04c9 CCBD7337 		.ascii	"\314\275s7C\241\015\000\240\237\216\335\021w\363](\365"
 230      43A10D00 
 230      A09F8EDD 
 230      1177F35D 
 230      28F5
 231 04db 5FA0D6AE 		.ascii	"_\240\326\256\201\015\202\335\004\033\002\273\015v\013"
 231      810D82DD 
 231      041B02BB 
 231      0D760B
 232 04ea EC57B0EB 		.ascii	"\354W\260\353`7\\\267B\226?\335\012w\\7\244H-[A\355"
 232      60375CB7 
 232      42963FDD 
 232      0A775C37 
 232      A4482D5B 
 233 0500 B4E74C18 		.ascii	"\264\347L\0305\250.{\353\343r5\356\245\325\305\2177"
ARM GAS  /tmp/ccbrqJ5h.s 			page 18


 233      35A82E7B 
 233      EBE37235 
 233      EEA5D5C5 
 233      8F37
 234 0512 9737C38B 		.ascii	"\2277\303\213)@\334\364\331>d\323;`\366=\371\224#!="
 234      2940DCF4 
 234      D93E64D3 
 234      3B60F63D 
 234      F9942321 
 235 0527 2785EE43 		.ascii	"'\205\356C.\377o^@e\354B\177\221\257~\233\363\205G#"
 235      2EFF6F5E 
 235      4065EC42 
 235      7F91AF7E 
 235      9BF38547 
 236 053c CB5B7318 		.ascii	"\313[s\030\351E\016\200\375\376\213\314_\014\3706\243"
 236      E9450E80 
 236      FDFE8BCC 
 236      5F0CF836 
 236      A3
 237 054d ED282C3A 		.ascii	"\355(,:\341\213\364!^\246\2421\340\"\317\226\336\272"
 237      E18BF421 
 237      5EA6A231 
 237      E022CF96 
 237      DEBA
 238 055f C1550EF2 		.ascii	"\301U\016\362\326\035\205\201\0219=\300\261\010Oo\356"
 238      D61D8581 
 238      11393DC0 
 238      B1084F6F 
 238      EE
 239 0570 E9426C57 		.ascii	"\351BlW\352\311Q]\325\2251\203\355\312\001Jvww\277\037"
 239      EAC9515D 
 239      D5953183 
 239      EDCA014A 
 239      767777BF 
 240 0585 7EC0BB7C 		.ascii	"~\300\273|\306\204=\373\031\023\306\336Xw\333~\372\031"
 240      C6843DFB 
 240      1913C6DE 
 240      5877DB7E 
 240      FA19
 241 0597 E109C6B7 		.ascii	"\341\011\306\267~\377\365\343>\336>2&\200l\230\370\252"
 241      7EFFF5E3 
 241      3EDE3E32 
 241      26806C98 
 241      F8AA
 242 05a9 78029D8F 		.ascii	"x\002\235\217\235o\254\237n-zH?x\236\302\272\216\313"
 242      9D6FAC9F 
 242      6E2D7A48 
 242      3F789EC2 
 242      BA8ECB
 243 05bc 94C3D82B 		.ascii	"\224\303\330+K}\266o\242P\213\350\261\300\316\304\351"
 243      4B7DB66F 
 243      A2508BE8 
 243      B1C0CEC4 
 243      E9
 244 05cd BBAF9F1C 		.ascii	"\273\257\237\034\271!\010\273\364t\312#\230\"\360\336"
 244      B92108BB 
 244      F474CA23 
ARM GAS  /tmp/ccbrqJ5h.s 			page 19


 244      9822F0DE 
 245 05dd 76239970 		.ascii	"v#\231p\326\310\266\000\321\344\007w\264\321\015<.\202"
 245      D6C8B600 
 245      D1E40777 
 245      B4D10D3C 
 245      2E82
 246 05ef C9674BA9 		.ascii	"\311gK\251G\360\263\365\377\020\306\037\320\250\004"
 246      47F0B3F5 
 246      FF10C61F 
 246      D0A804
 247 05fe 4DEA2489 		.ascii	"M\352$\211\017ASP\007\323`\223.5~\257\224\3258 ]_:\350"
 247      0F415350 
 247      07D36093 
 247      2E357EAF 
 247      94D53820 
 248 0616 49D1E818 		.ascii	"I\321\350\030\306\3470\025s\252;\255^\217\002B<\205"
 248      C6E73015 
 248      73AA3BAD 
 248      5E8F0242 
 248      3C85
 249 0628 4129E0FD 		.ascii	"A)\340\375\267#\015\235\244\205n\005`2\357\224\225\304"
 249      B7230D9D 
 249      A4856E05 
 249      6032EF94 
 249      95C4
 250 063a A5E19277 		.ascii	"\245\341\222w\\MU\005\210\376S\275\371\347\236q\016"
 250      5C4D5505 
 250      88FE53BD 
 250      F9E79E71 
 250      0E
 251 064b 534BEB07 		.ascii	"SK\353\007\033|\224%\275\231W\226\364\026^/\0023\212"
 251      1B7C9425 
 251      BD995796 
 251      F4165E2F 
 251      02338A
 252 065e 0F8FAA54 		.ascii	"\017\217\252T<\353C\237\252\350;\242\351\300w\206\331"
 252      3CEB439F 
 252      AAE83BA2 
 252      E9C07786 
 252      D9
 253 066f 7BE9D7B6 		.ascii	"{\351\327\266U\230\311S\245\245W4\207R\371\331\360\273"
 253      5598C953 
 253      A5A55734 
 253      8752F9D9 
 253      F0BB
 254 0681 9557310F 		.ascii	"\225W1\017\203\233s\255\206\2719B\316\200`\357\034\017"
 254      839B73AD 
 254      86B93942 
 254      CE8060EF 
 254      1C0F
 255 0693 CEAC8685 		.ascii	"\316\254\206\205\327\251\010\012\025\311\265\002\217"
 255      D7A9080A 
 255      15C9B502 
 255      8F
 256 06a0 F0FB2DEC 		.ascii	"\360\373-\354WT\010G(\207\276\340\347\302\344\302Lk"
 256      57540847 
 256      2887BEE0 
ARM GAS  /tmp/ccbrqJ5h.s 			page 20


 256      E7C2E4C2 
 256      4C6B
 257 06b2 8B2F1EA5 		.ascii	"\213/\036\245\212\242\254\336\236\033:\312\205\004d"
 257      8AA2ACDE 
 257      9E1B3ACA 
 257      850464
 258 06c1 5CAEF40E 		.ascii	"\\\256\364\016\33508\371}\311\323\316\212\274\324\016"
 258      DD3038F9 
 258      7DC9D3CE 
 258      8ABCD40E 
 259 06d1 1F25C18F 		.ascii	"\037%\301\217_R\360\333A\371m\227\370\355\021\316\345"
 259      5F52F0DB 
 259      41F96D97 
 259      F8ED11CE 
 259      E5
 260 06e2 FA8AFC2E 		.ascii	"\372\212\374.\331\364P;\360\231\004\305\0140\264MV\035"
 260      D9F4503B 
 260      F09904C5 
 260      0C30B44D 
 260      561D
 261 06f4 1E5D09EE 		.ascii	"\036]\011\356\244\004'\373\256\217\360x\232\021,n-\232"
 261      A40427FB 
 261      AE8FF078 
 261      9A112C6E 
 261      2D9A
 262 0706 50E11D2A 		.ascii	"P\341\035*\272\376;j\263\357\352\275m\246]\274\327/"
 262      BAFE3B6A 
 262      B3EFEABD 
 262      6DA65DBC 
 262      D72F
 263 0718 F6A23FB3 		.ascii	"\366\242?\263\257\356\014^\207\322y\267\257n\010\362"
 263      AFEE0C5E 
 263      87D279B7 
 263      AF6E08F2 
 264 0728 43DAA1C7 		.ascii	"C\332\241\307\230fL\020L\205\323M\023\205>N\025v3\025"
 264      98664C10 
 264      4C85D34D 
 264      13853E4E 
 264      15763315 
 265 073c B6FDFA64 		.ascii	"\266\375\372d\273\257W\025\276\242*\354\221T8\325b\267"
 265      BBAF5715 
 265      BEA22AEC 
 265      915438D5 
 265      62B7
 266 074e 227995F6 		.ascii	"\"y\225\366\227l\021\332`\336R\012Di2\2174w\035\366"
 266      976C11DA 
 266      60DE520A 
 266      4469328F 
 266      34771DF6 
 267 0762 521DEC8E 		.ascii	"R\035\354\216\203\231\030\357\245\251\243\216\3075\343"
 267      839918EF 
 267      A5A9A38E 
 267      C735E3
 268 0771 7A9C431B 		.ascii	"z\234C\033\252\201\374\221;>($\020!\035X\201\364W\032"
 268      AA81FC91 
 268      3B3E2824 
 268      10211D58 
ARM GAS  /tmp/ccbrqJ5h.s 			page 21


 268      81F4571A 
 269 0785 876C403F 		.ascii	"\207l@?\223\307\322\237|Y\002(\345\370/\351f\337\252"
 269      93C7D29F 
 269      7C590228 
 269      E5F82FE9 
 269      66DFAA
 270 0798 8E3C01CF 		.ascii	"\216<\001\317\346\320[\201\350MPl\037(F\2068\224\315"
 270      E6D05B81 
 270      E84D506C 
 270      1F284686 
 270      3894CD
 271 07ab 07A22C3E 		.ascii	"\007\242,>\020&hh\017\004Lo\315\265iu\342\254\324\347"
 271      10266868 
 271      0F044C6F 
 271      CDB56975 
 271      E2ACD4E7 
 272 07bf CE02B463 		.ascii	"\316\002\264c\264\347\"\257,\376o\200\211\\\374\373"
 272      B4E722AF 
 272      2CFE6F80 
 272      895CFCFB 
 273 07cf 9D       		.ascii	"\235"
 274 07d0 C57F2FBB 		.ascii	"\305\177/\273m\013+\270\375\316\342\337R?p@\353U\325"
 274      6D0B2BB8 
 274      FDCEE2DF 
 274      523F7040 
 274      EB55D5
 275 07e3 1CAAEA01 		.ascii	"\034\252\352\001I\325\247\231\027\2543@\325\001\262"
 275      49D5A799 
 275      17AC3340 
 275      D501B2
 276 07f2 B0DB718B 		.ascii	"\260\333q\213\265q\273\220\213(\014}-k\372\265\250\002"
 276      B571BB90 
 276      8B280C7D 
 276      2D6BFAB5 
 276      A802
 277 0804 CAA55AFE 		.ascii	"\312\245Z\376z\310\272{\006\256gZzZ\356\007[\007\317"
 277      7AC8BA7B 
 277      06AE675A 
 277      7A5AEE07 
 277      5B07CF
 278 0817 23E746C8 		.ascii	"#\347F\310g\313\335\366\264\240IM;\311)y\220u^\273\332"
 278      67CBDDF6 
 278      B4A0494D 
 278      3BC92979 
 278      90755EBB 
 279 082c 558DBDB2 		.ascii	"U\215\275\262-\240l\017Il;\262\362\353\264\"\333;E\301"
 279      2DA06C0F 
 279      496C3BB2 
 279      F2EBB422 
 279      DB3B45C1 
 280 0840 13C78514 		.ascii	"\023\307\205\0245\301\240<\231j\236D\265\220\225\277"
 280      35C1A03C 
 280      996A9E44 
 280      B59095BF 
 281 0850 A36D52CF 		.ascii	"\243mR\317^F:B6\271\254_M\326A\020\225\365W\012[D\027"
 281      5E463A42 
 281      36B9AC5F 
ARM GAS  /tmp/ccbrqJ5h.s 			page 22


 281      4DD64110 
 281      95F5570A 
 282 0867 C21888BE 		.ascii	"\302\030\210\276e\353\320\331\225R)\276\311|\311\253"
 282      65EBD0D9 
 282      955229BE 
 282      C97CC9AB 
 283 0877 F3EA57A7 		.ascii	"\363\352W\247\265\354Mv\231\014w\355|\330\243\362O\027"
 283      B5EC4D76 
 283      990C77ED 
 283      7CD8A3F2 
 283      4F17
 284 0889 8FCF2044 		.ascii	"\217\317 D\013\3460,c1O\017q\336_\362I\320u]c\325\006"
 284      0BE6302C 
 284      63314F0F 
 284      71DE5FF2 
 284      49D0755D 
 285 08a0 25FA9BE7 		.ascii	"%\372\233\347\241\307J\2526\3439\335\252\003PCG`\210"
 285      A1C74AAA 
 285      36E339DD 
 285      AA035043 
 285      476088
 286 08b3 1CDE0F92 		.ascii	"\034\336\017\222\2224x\210\251\236\333:\272W\207\307"
 286      92347888 
 286      A99EDB3A 
 286      BA5787C7 
 287 08c3 58A3D436 		.ascii	"X\243\32462fx-_h\263\223\275\361zf\201\220\232\236D"
 287      3266782D 
 287      5F68B393 
 287      BDF17A66 
 287      81909A9E 
 288 08d8 E7A13250 		.ascii	"\347\2412P\006N*E\240\243\320S\312\317\341\3201\376"
 288      064E2A45 
 288      A0A3D053 
 288      CACFE1D0 
 288      31FE
 289 08ea 3552992D 		.ascii	"5R\231-\375\177\367*\310qI\220b&H\322h\376\035\203{"
 289      FD7FF72A 
 289      C8714990 
 289      622648D2 
 289      68FE1D83 
 290 08ff C6F2ABE9 		.ascii	"\306\362\253\351;\232\303q)\207\316\234_\352\365\356"
 290      3B9AC371 
 290      2987CE9C 
 290      5FEAF5EE 
 291 090f 197B459F 		.ascii	"\031{E\237\257\255\334\202\346L\322\214\313Y\306\027"
 291      AFADDC82 
 291      E64CD28C 
 291      CB59C617 
 292 091f C7B25A7C 		.ascii	"\307\262Z|\36065M\262\340\346\265\237\265b\222\327^"
 292      F036354D 
 292      B2E0E6B5 
 292      9FB56292 
 292      D75E
 293 0931 4ECAB1A7 		.ascii	"N\312\261\247\004\021\034\315\020\216:\205\343\023\320"
 293      04111CCD 
 293      108E3A85 
 293      E313D0
ARM GAS  /tmp/ccbrqJ5h.s 			page 23


 294 0940 534132FC 		.ascii	"SA2\374\236f\230\177\273\262N\374/\212\001\232S\365"
 294      9E66987F 
 294      BBB24EFC 
 294      2F8A019A 
 294      53F5
 295 0952 8E4E83D7 		.ascii	"\216N\203\327\214+\245\214O\262\214'{\222\246x6\331"
 295      8C2BA58C 
 295      4FB28C27 
 295      7B92A678 
 295      36D9
 296 0964 8FFC0BE6 		.ascii	"\217\374\013\346VW\276X\002\0162\234\326\331\233\254"
 296      5657BE58 
 296      020E329C 
 296      D6D99BAC 
 297 0974 7517A40A 		.ascii	"u\027\244\012\264\376\201j]MS\254\224R\254\277\230r"
 297      B4FE816A 
 297      5D4D53AC 
 297      9452ACBF 
 297      9872
 298 0986 05BB0BE2 		.ascii	"\005\273\013\342\025\335a\023\216\351\346d\252\211 "
 298      15DD6113 
 298      8EE9E664 
 298      AA8920
 299 0995 354C909D 		.ascii	"5L\220\235\251\303\360\347{!\023$i\260a\211\250G\367"
 299      A9C3F0E7 
 299      7B211324 
 299      69B06189 
 299      A847F7
 300 09a8 AB4C8F1A 		.ascii	"\253L\217\032Q\0178\362\024~OC\317)\242\207\235\352"
 300      510F38F2 
 300      147E4F43 
 300      CF29A287 
 300      9DEA
 301 09ba 5177A8F9 		.ascii	"Qw\250\371\304\013:\361\324O\375\315O(\364#OvN\361\275"
 301      C40B3AF1 
 301      D44FFDCD 
 301      4F28F423 
 301      4F764EF1 
 302 09cf EC2C8DF2 		.ascii	"\354,\215\362L\"G\204\254[-;\223\310\035\300\307\352"
 302      4C224784 
 302      AC5B2D3B 
 302      93C81DC0 
 302      C7EA
 303 09e1 AA4EA995 		.ascii	"\252N\251\225`R\2122\270N\004\327Q\360\204\275\"\307"
 303      60528A32 
 303      B84E04D7 
 303      51F084BD 
 303      22C7
 304 09f3 F9F59AFA 		.ascii	"\371\365\232\372\234\257WTO\361\227v\367\225\"ox\267"
 304      9CAF5754 
 304      4FF19776 
 304      F795226F 
 304      78B7
 305 0a05 4F56D440 		.ascii	"OV\324@\247\324\224\236\311\365\363\234\262\247\377"
 305      A7D4949E 
 305      C9F5F39C 
 305      B2A7FF
ARM GAS  /tmp/ccbrqJ5h.s 			page 24


 306 0a14 08A1469A 		.ascii	"\010\241F\232r\325x\355M\2032\213r\227,\232\304,\232"
 306      72D578ED 
 306      4D83328B 
 306      72972C9A 
 306      C42C9A
 307 0a27 6888A633 		.ascii	"h\210\2463\215\373]\364\251q\0017\213\340f\012.\271"
 307      8DFB5DF4 
 307      A9710137 
 307      8BE0660A 
 307      2EB9
 308 0a39 71FE4F4A 		.ascii	"q\376OJl\201\213\226gD,\271\3536E\304\205GGD\275\237"
 308      6C818B96 
 308      67442CB9 
 308      EB3645C4 
 308      85474744 
 309 0a4f 68D67CF0 		.ascii	"h\326|\360\267\217\202\226-\\\310\2516D\230\377\245"
 309      B78F8296 
 309      2D5CC8A9 
 309      364498FF 
 309      A5
 310 0a60 33991263 		.ascii	"3\231\022c7Z\336Zd\262\274aL4'\030c7F\306%FE\0337F\377"
 310      375ADE5A 
 310      64B2BC61 
 310      4C342718 
 310      633746C6 
 311 0a7b 272EF653 		.ascii	"'.\366S\343\206\210\310\230\330\215\321FST\364\372\210"
 311      E38688C8 
 311      98D88DD1 
 311      465354F4 
 311      FA88
 312 0a8d C4388BC9 		.ascii	"\3048\213\311\362\371\246h\363\202\030N#M\233\353i\232"
 312      F2F9A668 
 312      F382184E 
 312      234D9BEB 
 312      699A
 313 0a9f F973B3D1 		.ascii	"\371s\263\321d\266D\001\006\260\372\330\370M\361\011"
 313      64B64401 
 313      06B0FAD8 
 313      F84DF109 
 314 0aaf 1612CF64 		.ascii	"\026\022\317dyg\301\002\343\262\230\330Oc\303\326\032"
 314      7967C102 
 314      E3B298D8 
 314      4F63C3D6 
 314      1A
 315 0ac0 E3CDC698 		.ascii	"\343\315\306\230\2108#\0314\033\327\256\373\360\255"
 315      88382319 
 315      341BD7AE 
 315      FBF0AD
 316 0acf 45C6D5AB 		.ascii	"E\306\325\253C\215\037\254Y\025\366\357Ed\310\004\274"
 316      438D1FAC 
 316      5915F6EF 
 316      4564C804 
 316      BC
 317 0ae0 4D717151 		.ascii	"MqqQ\340\304\207\240b\243T\357\255\010_\255^\035\266"
 317      E0C487A0 
 317      62A354EF 
 317      AD085FAD 
ARM GAS  /tmp/ccbrqJ5h.s 			page 25


 317      5E1DB6
 318 0af3 ECAFE1AA 		.ascii	"\354\257\341\252\367\327\206\207\243O\320Jud\\tD\202"
 318      F7D78687 
 318      A34FD04A 
 318      75645C74 
 318      4482
 319 0b05 98CAC2B7 		.ascii	"\230\312\302\267M\026\215\364\200\315\321\226\267\177"
 319      4D168DF4 
 319      80CDD196 
 319      B77F
 320 0b13 7740B365 		.ascii	"w@\263e\003d\364\331\246\330x\210\207\303B\303\361\252"
 320      0364F4D9 
 320      A6D87888 
 320      87C342C3 
 320      F1AA
 321 0b25 D070F59A 		.ascii	"\320p\365\232\217\326\204\206\277\020\266v\315\362\345"
 321      8FD68486 
 321      BF10B676 
 321      CDF2E5
 322 0b34 A1E13E61 		.ascii	"\241\341>a\353\376\261fy\270\372\303\260\320\345\341"
 322      EBFEB166 
 322      79B8FAC3 
 322      B0D0E5E1 
 323 0b44 84CB4ABD 		.ascii	"\204\313J\275<\313d\321\261Lc\243L\026\237\370\365\353"
 323      3CCB64D1 
 323      B14C63A3 
 323      4C169FF8 
 323      F5EB
 324 0b56 21BA9E50 		.ascii	"!\272\236P1\255\2170[\226\230,\257x\324J\222)\370Y\242"
 324      31AD8F30 
 324      5B96982C 
 324      AF78D44A 
 324      9229F859 
 325 0b6b 12549402 		.ascii	"\022T\224\002@\352Ua\260\210A\317B\315\011\221NX$\347"
 325      40EA5561 
 325      B08841CF 
 325      42CD0991 
 325      4E5824E7 
 326 0b7f 0BB74F12 		.ascii	"\013\267O\022b-\321\0006\300\363\332h\013<}\030\037"
 326      622DD100 
 326      36C0F3DA 
 326      680B3C7D 
 326      181F
 327 0b91 15AD898D 		.ascii	"\025\255\211\215\337\0007\223E\033\031\263\366s\363"
 327      DF003793 
 327      451B19B3 
 327      F673F3
 328 0ba0 CA88388B 		.ascii	"\312\2108\213*2&\"\341UW\227\011\026g\360\310\030\210"
 328      2A322622 
 328      E1555797 
 328      091667F0 
 328      C81888
 329 0bb3 FBA2B414 		.ascii	"\373\242\264\024&H\352\263\204\370\304M\304\213\257"
 329      2648EAB3 
 329      84F8C44D 
 329      C48BAF
 330 0bc2 5C579CC1 		.ascii	"\\W\234\301dZ\237\2701\322dZ\260d\311\222\305\032\251"
ARM GAS  /tmp/ccbrqJ5h.s 			page 26


 330      645A9FB8 
 330      31D2645A 
 330      B064C992 
 330      C51AA9
 331 0bd5 A5573071 		.ascii	"\245W0q\305\274\353\347B\314e\360\335\305\377\003.\341"
 331      C5BCEBE7 
 331      42CC65F0 
 331      DDC5FF03 
 331      2EE1
 332 0be7 ED6E     		.ascii	"\355n"
 333              		.text
 334              		.section	.gnu.lto_.symtab.f5a3a207bd077fb2,"",%progbits
 335 0000 70616C52 		.ascii	"palReadBus\000"
 335      65616442 
 335      757300
 336 000b 00       		.ascii	"\000"
 337 000c 00       		.ascii	"\000"
 338 000d 00       		.ascii	"\000"
 339 000e 00000000 		.ascii	"\000\000\000\000\000\000\000\000"
 339      00000000 
 340 0016 09010000 		.ascii	"\011\001\000\000"
 341 001a 70616C57 		.ascii	"palWriteBus\000"
 341      72697465 
 341      42757300 
 342 0026 00       		.ascii	"\000"
 343 0027 00       		.ascii	"\000"
 344 0028 00       		.ascii	"\000"
 345 0029 00000000 		.ascii	"\000\000\000\000\000\000\000\000"
 345      00000000 
 346 0031 0E010000 		.ascii	"\016\001\000\000"
 347 0035 70616C53 		.ascii	"palSetBusMode\000"
 347      65744275 
 347      734D6F64 
 347      6500
 348 0043 00       		.ascii	"\000"
 349 0044 00       		.ascii	"\000"
 350 0045 00       		.ascii	"\000"
 351 0046 00000000 		.ascii	"\000\000\000\000\000\000\000\000"
 351      00000000 
 352 004e 16010000 		.ascii	"\026\001\000\000"
 353 0052 63685379 		.ascii	"chSysHalt\000"
 353      7348616C 
 353      7400
 354 005c 00       		.ascii	"\000"
 355 005d 02       		.ascii	"\002"
 356 005e 00       		.ascii	"\000"
 357 005f 00000000 		.ascii	"\000\000\000\000\000\000\000\000"
 357      00000000 
 358 0067 21010000 		.ascii	"!\001\000\000"
 359 006b 5F70616C 		.ascii	"_pal_lld_setgroupmode\000"
 359      5F6C6C64 
 359      5F736574 
 359      67726F75 
 359      706D6F64 
 360 0081 00       		.ascii	"\000"
 361 0082 02       		.ascii	"\002"
 362 0083 00       		.ascii	"\000"
ARM GAS  /tmp/ccbrqJ5h.s 			page 27


 363 0084 00000000 		.ascii	"\000\000\000\000\000\000\000\000"
 363      00000000 
 364 008c 27010000 		.ascii	"'\001\000\000"
 365              		.text
 366              		.section	.gnu.lto_.opts,"",%progbits
 367 0000 272D666D 		.ascii	"'-fmath-errno' '-fsigned-zeros' '-ftrapping-math' '"
 367      6174682D 
 367      6572726E 
 367      6F272027 
 367      2D667369 
 368 0033 2D666E6F 		.ascii	"-fno-trapv' '-fno-strict-overflow' '-fno-openmp' '-"
 368      2D747261 
 368      70762720 
 368      272D666E 
 368      6F2D7374 
 369 0066 666E6F2D 		.ascii	"fno-openacc' '-mcpu=cortex-m4' '-mfloat-abi=hard' '"
 369      6F70656E 
 369      61636327 
 369      20272D6D 
 369      6370753D 
 370 0099 2D6D6670 		.ascii	"-mfpu=fpv4-sp-d16' '-mno-thumb-interwork' '-mthumb'"
 370      753D6670 
 370      76342D73 
 370      702D6431 
 370      36272027 
 371 00cc 20272D67 		.ascii	" '-ggdb' '-O' '-fomit-frame-pointer' '-falign-funct"
 371      67646227 
 371      20272D4F 
 371      2720272D 
 371      666F6D69 
 372 00ff 696F6E73 		.ascii	"ions=16' '-ffunction-sections' '-fdata-sections' '-"
 372      3D313627 
 372      20272D66 
 372      66756E63 
 372      74696F6E 
 373 0132 666E6F2D 		.ascii	"fno-common' '-flto'\000"
 373      636F6D6D 
 373      6F6E2720 
 373      272D666C 
 373      746F2700 
 374              		.text
 375              		.comm	__gnu_lto_v1,1,1
 376              		.comm	__gnu_lto_slim,1,1
 377              		.ident	"GCC: (15:6.3.1+svn253039-1build1) 6.3.1 20170620"
ARM GAS  /tmp/ccbrqJ5h.s 			page 28


DEFINED SYMBOLS
                            *ABS*:0000000000000000 hal_pal.c
                            *COM*:0000000000000001 __gnu_lto_v1
                            *COM*:0000000000000001 __gnu_lto_slim

NO UNDEFINED SYMBOLS
