ARM GAS  /tmp/ccFhZG50.s 			page 1


   1              		.cpu cortex-m4
   2              		.eabi_attribute 27, 1
   3              		.eabi_attribute 28, 1
   4              		.eabi_attribute 20, 1
   5              		.eabi_attribute 21, 1
   6              		.eabi_attribute 23, 3
   7              		.eabi_attribute 24, 1
   8              		.eabi_attribute 25, 1
   9              		.eabi_attribute 26, 1
  10              		.eabi_attribute 30, 1
  11              		.eabi_attribute 34, 1
  12              		.eabi_attribute 18, 4
  13              		.file	"memstreams.c"
  14              		.text
  15              	.Ltext0:
  16              		.section	.gnu.lto_.profile.8d8ed08d8bcce2c8,"",%progbits
  17 0000 789C6365 		.ascii	"x\234ce`b`a```d\010\260\004\000\001Y\000\226"
  17      60626061 
  17      60606064 
  17      08B00400 
  17      01590096 
  18              		.text
  19              		.section	.gnu.lto_.inline.8d8ed08d8bcce2c8,"",%progbits
  20 0000 789C6365 		.ascii	"x\234ce`b(g@\000V\006\006^\036F\006&\376\216\022\006"
  20      60622867 
  20      40005606 
  20      065E1E46 
  20      0626FE8E 
  21 0016 EE1FAE4C 		.ascii	"\356\037\256L 1F\006\036n\240\020\337\206\034\006\256"
  21      20314606 
  21      1E6EA010 
  21      DF861C06 
  21      AE
  22 0027 05766021 		.ascii	"\005v`!&\006AI\220\252\031\245\014\334+\334\300B,\274"
  22      26064149 
  22      90AA19A5 
  22      0CDC2BDC 
  22      C0422CBC 
  23 003b 0C0CCC13 		.ascii	"\014\014\314\023\374@\220\031\257,\013\003\007;P\226"
  23      FC409019 
  23      AF2C0B03 
  23      073B5096 
  24 004b B5431D2E 		.ascii	"\265C\035.\313\000\000\353\246\020\322"
  24      CB0000EB 
  24      A610D2
  25              		.text
  26              		.section	.gnu.lto_.jmpfuncs.8d8ed08d8bcce2c8,"",%progbits
  27 0000 789C6365 		.ascii	"x\234ce`b\020f@\000V fd\000\012200\0031\013\020\003"
  27      60621066 
  27      40005620 
  27      6664000A 
  27      32303003 
  28 0018 00040F00 		.ascii	"\000\004\017\000*"
  28      2A
  29              		.text
  30              		.section	.gnu.lto_.pureconst.8d8ed08d8bcce2c8,"",%progbits
  31 0000 789C6365 		.ascii	"x\234ce`b\340f```e\220b\224b\222b\226b\221\002\000\004"
ARM GAS  /tmp/ccFhZG50.s 			page 2


  31      6062E066 
  31      60606065 
  31      90629462 
  31      92629662 
  32 0018 2200A4   		.ascii	"\"\000\244"
  33              		.text
  34              		.section	.gnu.lto__put.8d8ed08d8bcce2c8,"",%progbits
  35 0000 789C9552 		.ascii	"x\234\225RKO\023Q\024\276\337\2753\235\026j\215\256"
  35      4B4F1351 
  35      14BEDFBD 
  35      339D166A 
  35      8DAE
  36 0012 5C74C142 		.ascii	"\\t\301BB\210\261\243A\335\271\362\007\270\360\027\000"
  36      4288B1A3 
  36      41DDB9F2 
  36      07B8F017 
  36      00
  37 0023 21A1098D 		.ascii	"!\241\011\215\304\272\226K\213\205\370\202\370\340\225"
  37      C4BA964B 
  37      8B85F882 
  37      F8E095
  38 0032 D6213104 		.ascii	"\326!1\004Ey\203\002\276\032IT\020\0245\030\343\302"
  38      45798302 
  38      BE1A4954 
  38      10143518 
  38      E3C2
  39 0044 851412A2 		.ascii	"\205\024\022\242h\360\021w\35093M\300\270\201I\346\316"
  39      68F01177 
  39      E839334D 
  39      C0B88149 
  39      E6CE
  40 0056 7D9CEF71 		.ascii	"}\234\357q\276\271\246\220bQ\011qD\010q\230^\230\002"
  40      BEB9A690 
  40      62510971 
  40      44087198 
  40      5E9802
  41 0069 B2E5A510 		.ascii	"\262\345\245\020\365~)\015\007B\027\250\265Y!tP\301"
  41      F57E290D 
  41      074217A8 
  41      B5592174 
  41      50C1
  42 007b F0F60D80 		.ascii	"\360\366\015\200'\332\017Q'\225\201:4\2536\205\327\015"
  42      27DA0F51 
  42      2795813A 
  42      34AB3685 
  42      D70D
  43 008d 83697549 		.ascii	"\203iuI9J\300\240\345\332\\\347b\210\227@\021-s\023"
  43      394AC0A0 
  43      E5DA5CE7 
  43      62889740 
  43      112D7313 
  44 00a1 A955A3B4 		.ascii	"\251U\243\264G\323\223m\273\352\273><\257\003\216\222"
  44      47D3936D 
  44      BBEABB3E 
  44      3CAF038E 
  44      92
  45 00b2 A283CA6F 		.ascii	"\242\203\312o\"\214\036\204Y\375\026J\251\370\355\334"
ARM GAS  /tmp/ccFhZG50.s 			page 3


  45      228C1E84 
  45      59FD164A 
  45      A9F8EDDC 
  46 00c2 428BA522 		.ascii	"B\213\245\"\0204\037i\352\232\010\226tk\235\320\331"
  46      10341F69 
  46      EA9A0896 
  46      746B9DD0 
  46      D9
  47 00d3 D92B4AEF 		.ascii	"\331+J\357u\224B/\324f m\011\334F\011\225\247S\275K"
  47      7594422F 
  47      D466206D 
  47      09DC4609 
  47      95A753BD 
  48 00e8 4A1D74A1 		.ascii	"J\035t\241\237S\337\277\206\362\320/?\245\016:\344\366"
  48      9F53DFBF 
  48      86F2D02F 
  48      3FA50E3A 
  48      E4F6
  49 00fa 8E072D0B 		.ascii	"\216\007-\013\343\000\003\015\201>\224p\365\217o\013"
  49      E300030D 
  49      813E9470 
  49      F58F6F0B 
  50 010a 2F02AACC 		.ascii	"/\002\252\314E:\343\311\316P\361\015\027\371\261}\367"
  50      453AE3C9 
  50      CE50F10D 
  50      17F9B17D 
  50      F7
  51 011b E5A47EAE 		.ascii	"\345\244~\256\015G\231\350\377W\230\037*\3774\264~m"
  51      0D4799E8 
  51      FF57981F 
  51      2AFF34B4 
  51      7E6D
  52 012d 87CFC000 		.ascii	"\207\317\300\000\212\271!\352c\020>\320w\340\015\262"
  52      8AB921EA 
  52      63103ED0 
  52      77E00DB2 
  53 013d 7AFD4FA3 		.ascii	"z\375O\243\316\276\333\363~tnW\010$))\0222k\322\324"
  53      CEBEDBF3 
  53      7E746E57 
  53      08242929 
  53      12326BD2 
  54 0152 E7E3C1A2 		.ascii	"\347\343\301\242\301\362\363\020\000\273)\344\315 \017"
  54      C1F2F310 
  54      00BB29E4 
  54      CD200F
  55 0161 429C233A 		.ascii	"B\234#:N\373<eE_\265\204D\327\300\205RW\200\3442\324"
  55      4EFB3C65 
  55      455FB584 
  55      44D7C085 
  55      525780E4 
  56 0177 F90A1293 		.ascii	"\371\012\022\223+\027\247|\274\227Q&\371i=\373\344\225"
  56      2B17A77C 
  56      BC975126 
  56      F9693DFB 
  56      E495
  57 0189 C5D99B6E 		.ascii	"\305\331\233n7\277\237\3154\005\035d\352)\374\"G\371"
  57      37BF9FCD 
ARM GAS  /tmp/ccFhZG50.s 			page 4


  57      34051D64 
  57      EA29FC22 
  57      47F9
  58 019b 09842176 		.ascii	"\011\204!vOg\335\271D\277e\367i\357(\200a8h\347\026"
  58      4F67DDB9 
  58      44BF65F7 
  58      69EF2880 
  58      613868E7 
  59 01b0 044660BB 		.ascii	"\004F`\273\334\323\021\217\331\267M\252Q\227\212c\300"
  59      DCD3118F 
  59      D9B74DAA 
  59      51978A63 
  59      C0
  60 01c1 1851E5D0 		.ascii	"\030Q\345\320\360a\352P\336d\206{\023\334\226\022t\275"
  60      F061EA50 
  60      DE64867B 
  60      13DC9612 
  60      74BD
  61 01d3 94DB4373 		.ascii	"\224\333Cs2\337\203\265-%\013w]%\311J\367\\\323\311"
  61      32DF83B5 
  61      2D250B77 
  61      5D25C94A 
  61      F75CD3C9 
  62 01e7 74AAC3F4 		.ascii	"t\252\303\364\270\010h\261\032)tN\037\345\275\315\001"
  62      B80868B1 
  62      1A29744E 
  62      1FE5BDCD 
  62      01
  63 01f8 59FF05D4 		.ascii	"Y\377\005\324\025\242KA0\214\263\030&\210:\243\002^"
  63      15A24B41 
  63      308CB318 
  63      26883AA3 
  63      025E
  64 020a C8ED49CB 		.ascii	"\310\355I\313#-\334\222\301\375\234\302\344F\012\367"
  64      232DDC92 
  64      C1FD9CC2 
  64      E4460AF7 
  65 021a 3D6FAD29 		.ascii	"=o\255)x,A\217h\254qv\250\200\315\320\337\307\003b "
  65      782C418F 
  65      68AC7176 
  65      A880CDD0 
  65      DFC70362 
  66 022f ADD640DE 		.ascii	"\255\326@\336\351\026U\036n\250<\202M\324n\266\206{"
  66      E916551E 
  66      6EA83C82 
  66      4DD46EB6 
  66      867B
  67 0241 65562145 		.ascii	"eV!E\306=\373\005\020l9=\372t'\353I\234\301c\204\345"
  67      C63DFB05 
  67      106C393D 
  67      FA7427EB 
  67      499CC163 
  68 0257 4CE5E648 		.ascii	"L\345\346H$\004\262\010\253\311\345y\320\365\003sP\264"
  68      2404B208 
  68      ABC9E579 
  68      D0F50373 
  68      50B4
ARM GAS  /tmp/ccFhZG50.s 			page 5


  69 0269 FB2211FB 		.ascii	"\373\"\021\373Xu\264\"z\374\204}2nW\227\327\3305\321"
  69      5875B422 
  69      7AFC847D 
  69      326E5797 
  69      D7D835D1 
  70 027d 0A3B7EFA 		.ascii	"\012;~\372TUy,n\307\252b\371i\244R\310h-*T,^\373\027"
  70      5455792C 
  70      6EC7AA62 
  70      F969A452 
  70      C8682D2A 
  71 0296 15514510 		.ascii	"\025QE\020"
  72              		.text
  73              		.section	.gnu.lto__get.8d8ed08d8bcce2c8,"",%progbits
  74 0000 789C9552 		.ascii	"x\234\225R[KTQ\024\336\337\331g\316\2313\214F=\010\301"
  74      5B4B5451 
  74      14DEDFD9 
  74      67CE9933 
  74      8C463D08 
  75 0015 103E2422 		.ascii	"\020>$\"\341\234\242\354\017\364\003z\350\251G\015\301"
  75      E19CA2EC 
  75      0FF4037A 
  75      E8A9470D 
  75      C1
  76 0026 0187A4E9 		.ascii	"\001\207\244\3511r;c\243h\224\024yc\246#\204h\226w\247"
  76      31723B63 
  76      A3689414 
  76      7963A623 
  76      84689677 
  77 003b BC240C49 		.ascii	"\274$\014I\331E\313\012\003{\212R\301\302\302\256Pa"
  77      D945CB0A 
  77      037B8A52 
  77      C1C2C2AE 
  77      5061
  78 004d AD758E94 		.ascii	"\255u\216\224\321K\0368\373\262\366\372\276o\255oo\237"
  78      D14B1E38 
  78      FBB2F6FA 
  78      BE6FAD6F 
  78      6F9F
  79 005f D0C48414 		.ascii	"\320\304\204\024\342\240\020\242\204~\370\004\264\246"
  79      E2A010A2 
  79      847EF804 
  79      B4A6
  80 006d 4742D4F8 		.ascii	"GB\324\3705Mw T@\256\315\010\241\202\022\272\027\327"
  80      354D7720 
  80      5440AECD 
  80      08A18212 
  80      BA17D7
  81 0080 015E283F 		.ascii	"\001^(?D\265&uT\343\274l\221xR;\220\222\347\244#\005"
  81      44B52675 
  81      54E3BC6C 
  81      9178523B 
  81      9092E7A4 
  82 0096 74DAAECD 		.ascii	"t\332\256\315\266\277\316\345-\220O\333\305\261\344"
  82      B6BFCEE5 
  82      2D904FDB 
  82      C5B1E4
  83 00a5 AA5ED4A5 		.ascii	"\252^\324\245\350\313\266\214\032\227\207\346\224\345"
ARM GAS  /tmp/ccFhZG50.s 			page 6


  83      E8CBB68C 
  83      1A9787E6 
  83      94E5
  84 00b3 484DB451 		.ascii	"HM\264Qz7B\350B\210\325\257\242\210\222\237\315\316"
  84      7A3742E8 
  84      4288D5AF 
  84      A288929F 
  84      CDCE
  85 00c5 3799320C 		.ascii	"7\2312\014A\353\341\372\216\261`a\247Rq\225\235\271"
  85      41EBE1FA 
  85      8EB16061 
  85      A7527195 
  85      9DB9
  86 00d7 28D56E47 		.ascii	"(\325nGJ\364@n\006RH\340\032\0129\377\343\373\371\207"
  86      4AF4406E 
  86      065248E0 
  86      1A0A39FF 
  86      E3FBF987 
  87 00eb 96DCE762 		.ascii	"\226\334\347b\235\321D{n\301\025\027\373\245m\307\205"
  87      9DD1447B 
  87      6EC11517 
  87      FBA56DC7 
  87      85
  88 00fc 84BAA774 		.ascii	"\204\272\247t\207J\276\3767\236?JO%{\226\244,q\241w"
  88      874ABEFE 
  88      379E3F4A 
  88      4F257B96 
  88      A42C71A1 
  89 0111 7E2C4C07 		.ascii	"~,L\0076\240\357\332\362\326\342\252\225\241>\364y\320"
  89      36A0EFDA 
  89      F2D6E2AA 
  89      95A13EF4 
  89      79D0
  90 0123 FD21ECFD 		.ascii	"\375!\354\375\015|5\270~)\307\320\321\217\002\364\242"
  90      0D7C35B8 
  90      7E29C7D0 
  90      D18F02F4 
  90      A2
  91 0134 809BA25E 		.ascii	"\200\233\242^\006`\200&\216\366?EV\255\377\254S\331"
  91      06608026 
  91      8EF63F45 
  91      56ADFFAC 
  91      53D9
  92 0146 E59D939F 		.ascii	"\345\235\223\237\236o\317\001\325\254\2215T\264\217"
  92      9E6FCF01 
  92      D5AC9135 
  92      54B48F
  93 0155 9686C183 		.ascii	"\226\206\301\203I\203\351\347\301\022\214\012p0\310"
  93      4983E9E7 
  93      C1128C0A 
  93      7030C8
  94 0164 99423410 		.ascii	"\231B4\020%\273\336H\033\232\345\022\342\035\337\317"
  94      25BBDE48 
  94      1B9AE512 
  94      E21DDFCF 
  95 0174 16B92224 		.ascii	"\026\271\"$\231&\007V\020\037_\351\23628\226\226>\252"
  95      99260756 
ARM GAS  /tmp/ccFhZG50.s 			page 7


  95      101F5FE9 
  95      9E323896 
  95      963EAA
  96 0187 ABF9CCED 		.ascii	"\253\371\314\355\307&\337\201\356\366\364u\372A}\320"
  96      C726DF81 
  96      EEF6F475 
  96      FA417DD0 
  97 0197 41BA862E 		.ascii	"A\272\206.!\337\221~\002a\220\333\247\263\316\305x\237"
  97      21DF917E 
  97      026190DB 
  97      A7B3CEC5 
  97      789F
  98 01a9 69F72AEF 		.ascii	"i\367*\357\310\302\020\034\264r\033\002\303\260]\356"
  98      C8C2101C 
  98      B4721B02 
  98      C3B05DEE 
  99 01b9 FBC51EB3 		.ascii	"\373\305\036\263\261E\252\021\227\012L\225!\252E\324"
  99      B145AA11 
  99      970A4C95 
  99      21AA45D4 
 100 01c9 BE983AB0 		.ascii	"\276\230:\260Q$\261\271&6R\375\364\314\244\333CO\302"
 100      5124B1B9 
 100      263652FD 
 100      F4CCA4DB 
 100      434FC2
 101 01dc F48ECD2D 		.ascii	"\364\216\315-)\231\270\341*i\254t\323-:\221J.\370<."
 101      2999B8E1 
 101      2A69AC74 
 101      D32D3A91 
 101      4A2EF83C 
 102 01f1 029AAC46 		.ascii	"\002\232\254F\012\337\032\216z1k\263G\346?\036u\354"
 102      0ADF1A8E 
 102      7A316BB3 
 102      47E63F1E 
 102      75EC
 103 0203 72B8423F 		.ascii	"r\270B?FY\017c\304.\330\367<\327\365~v\335b\221\346"
 103      46590F63 
 103      C42ED8F7 
 103      3CD7F57E 
 103      76DD6291 
 104 0218 E464E694 		.ascii	"\344d\346\224\307\030\360\354\311\324\315\014\006\230"
 104      C718F0EC 
 104      C9D4CD0C 
 104      0698
 105 0226 D402304E 		.ascii	"\324\0020NhRm\2668\345\277:*f\340\304\037\333n\301&"
 105      68526DB6 
 105      38E5BF3A 
 105      2A66E0C4 
 105      1FDB6EC1 
 106 023b 6A26F950 		.ascii	"j&\371P7\233\251\360\244\202\254\316\316\351\356\203"
 106      379BA9F0 
 106      A482ACCE 
 106      CEE9EE83 
 107 024b 588526D2 		.ascii	"X\205&\322n\372g\200\230\226S#w\267q\011\032Nc\022!"
 107      6EFA6780 
 107      98965323 
 107      77B77109 
ARM GAS  /tmp/ccFhZG50.s 			page 8


 107      1A4E6312 
 108 0260 6DFCCD4B 		.ascii	"m\374\315K\020J\266\277\235\003='0\212\254\332\023\016"
 108      104AB6BF 
 108      9D033D27 
 108      308AACDA 
 108      130E
 109 0272 DB872A22 		.ascii	"\333\207*\"e\221\303G\354\3431\273\242\264\322\256\214"
 109      6591C347 
 109      ECE331BB 
 109      A2B4D2AE 
 109      8C
 110 0283 94D9B193 		.ascii	"\224\331\261\223'\312K\2431;Z\036\335X\206\217\011-"
 110      27CA4BA3 
 110      313B5A1E 
 110      DD58868F 
 110      092D
 111 0295 5225A3B1 		.ascii	"R%\243\261*\224\375\002\204Q<j"
 111      2A94FD02 
 111      84513C6A 
 112              		.text
 113              		.section	.gnu.lto__reads.8d8ed08d8bcce2c8,"",%progbits
 114 0000 789C9552 		.ascii	"x\234\225R]KTQ\024=\353\236;sgdf\372\003\022>$\"\341"
 114      5D4B5451 
 114      143DEB9E 
 114      3B736764 
 114      66FA0312 
 115 0018 5C822188 		.ascii	"\\\202!\210\250\227^z\013\352\027h\010\0168%M\357s\034"
 115      A8975E7A 
 115      0BEA1768 
 115      080E3825 
 115      4DEF731C 
 116 002c 3FD28C32 		.ascii	"?\322\2142\312\3211\207+\210\231\225_Y\346\230\305`"
 116      CAD13187 
 116      2B889995 
 116      5F59E698 
 116      C560
 117 003e 509469E4 		.ascii	"P\224i\344\307\223\017A\031!\025\025\022>\210\332\336"
 117      C7930F41 
 117      19211515 
 117      123E88DA 
 117      DE
 118 004f E74E593E 		.ascii	"\347NY>\351\205{\3569{\357\265\366^\353\\\2170D\221"
 118      E9857BEE 
 118      397BEFB5 
 118      F65EEB5C 
 118      8F304491 
 119 0063 29C41121 		.ascii	")\304\021!D\204^x\004\214\326Y!j}\206!\027l\241\012"
 119      44845E78 
 119      048CD659 
 119      216A7D86 
 119      21176CA1 
 120 0078 CCC9FD42 		.ascii	"\314\311\375B\005$L7l\002\274Q>\210\204!M$pM\266K\274"
 120      05244C37 
 120      6C02BC51 
 120      3E888421 
 120      4D24704D 
 121 008f AB1FEE92 		.ascii	"\253\037\356\222W\245#\005L:\376\234\351\374\030\342"
ARM GAS  /tmp/ccFhZG50.s 			page 9


 121      57A52305 
 121      4C3AFE9C 
 121      E9FC18E2 
 122 009f 235044C7 		.ascii	"#PD\307[j\256\331*\355S*\251r\355?\216]\257k8\351HC"
 122      5B6AAED9 
 122      2AED532A 
 122      A972ED3F 
 122      8E5DAF6B 
 123 00b7 A4A9FA0E 		.ascii	"\244\251\372\016\012\321\207B\356\335\217R\252\235\237"
 123      0AD18742 
 123      EEDD8F52 
 123      AA9D9F
 124 00c6 596CB564 		.ascii	"Yl\265d\030\202\366\243M\335\331@I\257\306-\337\220"
 124      1882F6A3 
 124      4DDDD940 
 124      49AFC62D 
 124      DF90
 125 00d8 EA802325 		.ascii	"\352\200#%\356B\376\013\244\220\300=\224P\371z\313b"
 125      EE42FE0B 
 125      A490C03D 
 125      9450F97A 
 125      CB62
 126 00ea CA2F0F69 		.ascii	"\312/\017ihm\357\230c\344\241o\3324\324\304\375\235"
 126      686DEF98 
 126      63E4A16F 
 126      DA34D4C4 
 126      FD9D
 127 00fc 50536040 		.ascii	"PS`@C7\324\315THF44=\325\266\024\374\3235\245\241\006"
 127      4337D4CD 
 127      54484634 
 127      343DD5B6 
 127      14FCD335 
 128 0113 0677420D 		.ascii	"\006wB\015\201!\224p\375\352\367\305i\277<\254\261\316"
 128      81219470 
 128      FDEAF7C5 
 128      69BF3CAC 
 128      B1CE
 129 0125 785D67A8 		.ascii	"x]g\250\270Gcg\333=i\225\253/r\244\007\303\377\303\371"
 129      B8476367 
 129      DB3D6995 
 129      AB2F72A4 
 129      07C3FFC3 
 130 013a A1EA0F23 		.ascii	"\241\352\017#\233mA\257\211\021\024\263\031\344\301"
 130      9B6D41AF 
 130      891114B3 
 130      19E4C1
 131 0149 037841DF 		.ascii	"\003xA\337\2419\344\324\346\326%\225{\261\206\333=W"
 131      A139E4D4 
 131      E6D62595 
 131      7BB186DB 
 131      3D57
 132 015b B00FBA9D 		.ascii	"\260\017\272\235\001\226jR{\257\207\027//\0268\345c"
 132      01966A52 
 132      7BAF8717 
 132      2F2F1638 
 132      E563
 133 016d 397E5E0A 		.ascii	"9~^\012\300\242\002\234\012\362\"\304e\342\346[k\241"
ARM GAS  /tmp/ccFhZG50.s 			page 10


 133      C0A2029C 
 133      0AF222C4 
 133      65E2E65B 
 133      6BA1
 134 017f A9E92B3F 		.ascii	"\251\351+?!\331\375y\332\320\335\250w\206\302+HN\254"
 134      21D9FD79 
 134      DAD0DDA8 
 134      7786C22B 
 134      484EAC
 135 0192 AC473894 		.ascii	"\254G8\224\221|\205\251\206\251\267\026_\241G\013[{"
 135      917C85A9 
 135      86A9B716 
 135      5FA1470B 
 135      5B7B
 136 01a4 F9BA29E0 		.ascii	"\371\272)\340 S\253\224\"E\026a0\312J(\327\273\234\034"
 136      2053AB94 
 136      22451661 
 136      30CA4A28 
 136      D7BB9C1C 
 137 01b8 B4EC01E5 		.ascii	"\264\354\001\345\246\014<\204\203\016\226#\360\010\266"
 137      A60C3C84 
 137      830E9623 
 137      F008B6
 138 01c7 A67E55E6 		.ascii	"\246~U\3462{\366H5\246\251\330\022<\326Tu\035\215\315"
 138      327BF648 
 138      35A6A9D8 
 138      123CD654 
 138      751D8DCD 
 139 01db 1E978B07 		.ascii	"\036\227\213\007%F\261\214\372\331\347\221\2771K\273"
 139      2546B18C 
 139      FAD9E791 
 139      BF314BBB 
 140 01eb DB42BFC5 		.ascii	"\333B\277\305\202\255\225\256\036\325B\311\243\014\233"
 140      82AD95AE 
 140      1ED542C9 
 140      A30C9B
 141 01fa 412933EF 		.ascii	"A)3\357\202{\207\031\342\327\3627N\273$\276=\015ib\\"
 141      827B8719 
 141      E2D7F237 
 141      4EBB24BE 
 141      3D0D6962 
 142 020f 0F69F090 		.ascii	"\017i\360\220Yw\310\256\306~\313\345\362\023\035\017"
 142      5977C8AE 
 142      C67ECBE5 
 142      F2131D0F 
 143 021f F9058DDD 		.ascii	"\371\005\215\335!\0161A6\373u\311Jl(\237#}iV\207\011"
 143      210E3141 
 143      36FB75C9 
 143      4A6C289F 
 143      237D6956 
 144 0235 24444616 		.ascii	"$DF\026\350z8\322\357\016\264y\334%\011\354j\24026\354"
 144      E87A38D2 
 144      EF0EB479 
 144      DC2509EC 
 144      6AA03236 
 145 024a C9B66193 		.ascii	"\311\266a\223\356,\251F\270,A\242&.\246N\3719\264{\326"
 145      EE2CA946 
ARM GAS  /tmp/ccFhZG50.s 			page 11


 145      B82C41A2 
 145      262EA64E 
 145      F939B47B 
 146 025f A7DBACCF 		.ascii	"\247\333\254\317`\023\225\370F\306n\315\347\2319\361"
 146      601395F8 
 146      46C66ECD 
 146      E79939F1 
 147 026f 0B446E19 		.ascii	"\013Dn\031\244\302+;\337K\372\347\300.\223+\007\303"
 147      A4C22B3B 
 147      DF4BFAE7 
 147      C02E932B 
 147      07C3
 148 0281 61FB4455 		.ascii	"a\373DU\264\"z\352\214}>nW\225W\333\325\321\012;~\361"
 148      B4227AEA 
 148      8C7D3E6E 
 148      579557DB 
 148      D5D10A3B 
 149 0297 4265792C 		.ascii	"Bey,n\307*c\371m\370\2540\2425FE\015\316\311X\274\346"
 149      6EC72A63 
 149      F96DF8AC 
 149      30A23546 
 149      450DCEC9 
 150 02ae 373F6850 		.ascii	"7?hP\232"
 150      9A
 151              		.text
 152              		.section	.gnu.lto__writes.8d8ed08d8bcce2c8,"",%progbits
 153 0000 789C9552 		.ascii	"x\234\225RMO\023Q\024\275\367\275\231N[\333\372\007"
 153      4D4F1351 
 153      14BDF7BD 
 153      994E5BDB 
 153      FA07
 154 0012 88B29010 		.ascii	"\210\262\220\020b\354\304\2441~\304\225\033w.\374\005"
 154      62ECC4A4 
 154      317EC495 
 154      1B772EFC 
 154      05
 155 0023 60486842 		.ascii	"`HhB\225X\367}\024\250(\211b\224B\221fH\014AE\276D\201"
 155      9558F77D 
 155      14A82889 
 155      62944291 
 155      66480C41 
 156 003b 029A064D 		.ascii	"\002\232\006M\214\0300\362\261\001W\012\213\006\214"
 156      8C1830F2 
 156      B101570A 
 156      8B068C
 157 004a 31465D18 		.ascii	"1F]\030\300{\3374\242\254\240I\337\274\271\367\236\363"
 157      C07BDF34 
 157      A2ACA049 
 157      DFBCB9F7 
 157      9EF3
 158 005c CE396F4C 		.ascii	"\3169oL\020p\330\0008\005\000\021\372\243\011(Z\347"
 158      1070D800 
 158      38050011 
 158      FAA30928 
 158      5AE7
 159 006e 00EABD42 		.ascii	"\000\352\275B\310E\033\224\337\230:\004* \321p\313\006"
 159      C8451B94 
ARM GAS  /tmp/ccFhZG50.s 			page 12


 159      DF983A04 
 159      2A20D170 
 159      CB06
 160 0080 226F9417 		.ascii	"\"o\224\027!!\244\201\011\274-\333%~h\034\352\222\267"
 160      2121A481 
 160      09BC2DDB 
 160      257E681C 
 160      EA92B7
 161 0093 A423010D 		.ascii	"\244#\001\015z\3756\333\3719\304\257\210\245\364z_\315"
 161      7AFD36DB 
 161      F939C4AF 
 161      88A5F47A 
 161      5FCD
 162 00a5 DFB02A7A 		.ascii	"\337\260*z\225J\252|\373\324\331;\015M\347\035) C\323"
 162      954AAA7C 
 162      FBD4D93B 
 162      0D4DE71D 
 162      292043D3 
 163 00b9 0FB1047B 		.ascii	"\017\261\004{\261\204\317~\204\0254\2730\273\324j\311"
 163      B184CF7E 
 163      841534BB 
 163      30BBD46A 
 163      C9
 164 00ca 3002ED47 		.ascii	"0\002\355G\232\273s\201\362\036\215\333\270+\325\021"
 164      9ABB7381 
 164      F21E8DDB 
 164      B82BD511 
 165 00da 474A7C8C 		.ascii	"GJ|\214\362_ \225\000\373\260\234\306\177\267,\245}"
 165      F25F2095 
 165      00FBB09C 
 165      C67FB72C 
 165      A57D
 166 00ec F2B886D6 		.ascii	"\362\270\206\326\367\214:\242\010}\235\326P\003\237"
 166      F78C3AA2 
 166      087D9DD6 
 166      50039F
 167 00fb EC861A80 		.ascii	"\354\206\032\200\375\032\272\251\356\245C2\242\241\231"
 167      FD1ABAA9 
 167      EEA54332 
 167      A2A199
 168 010a E9B69560 		.ascii	"\351\266\225`\021\372\261]C\005\016\354\206\012\300"
 168      11FAB15D 
 168      43050EEC 
 168      860AC0
 169 0119 412CE7F9 		.ascii	"A,\347\371\357_\227\336\371\344\011\215u\306\033:Ce"
 169      EF5F97DE 
 169      F9E4098D 
 169      75C61B3A 
 169      4365
 170 012b 0F3476AB 		.ascii	"\0174v\253\315\314\250|c\251#M\034\372\037\316?\232"
 170      CDCCA87C 
 170      63A9234D 
 170      1CFA1FCE 
 170      3F9A
 171 013d FE34BCD5 		.ascii	"\3764\274\325\026\364\0308\214e\034\006e\360\024=H\317"
 171      16F41838 
 171      8C651C06 
ARM GAS  /tmp/ccFhZG50.s 			page 13


 171      65F0143D 
 171      48CF
 172 014f C179CCAB 		.ascii	"\301y\314\253\255\355\353*\377s\015{'\017\034D}\232"
 172      ADEDEB2A 
 172      FF730D7B 
 172      270F1C44 
 172      7D9A
 173 0161 40766AD0 		.ascii	"@vj\320\351\036\223\027\017/\026r\313K[\313\307\213"
 173      E91E9317 
 173      0F2F1672 
 173      CB4B5BCB 
 173      C78B
 174 0173 1FD95380 		.ascii	"\037\331S\200[A^\000n\0225_Z\013\211\246\247\\\303d"
 174      5B415E00 
 174      6E12355F 
 174      5A0B89A6 
 174      A75CC364 
 175 0187 F7F68CD0 		.ascii	"\367\366\214\320\207\321\321Y*\02709Q(D\270\224\225"
 175      87D1D159 
 175      2A173039 
 175      512844B8 
 175      9495
 176 0199 7C83E9A6 		.ascii	"|\203\351\246\351\367\026\337\240\251}\375z3\323\034"
 176      E9F716DF 
 176      A0A97DFD 
 176      7A33D31C 
 177 01a9 70305BAF 		.ascii	"p0[\257\224\"C^\302\340\010\033\241^\317jr\300\262\373"
 177      9422435E 
 177      C2E0081B 
 177      A15ECF6A 
 177      72C0B2FB 
 178 01bd 95DB12F8 		.ascii	"\225\333\022\370\014\035\354`7\200\317\321\326\324o"
 178      0C1DEC60 
 178      3780CFD1 
 178      D6D46F
 179 01cc C32EB3B9 		.ascii	"\303.\263\271O\252QM\305\211\340\230\246j\350HeL\227"
 179      4FAA514D 
 179      C589E098 
 179      A66AE848 
 179      654C97
 180 01df 8B851223 		.ascii	"\213\205\022#\254b\343\334\253\310\337\232\245\303m"
 180      AC62E3DC 
 180      ABC8DF9A 
 180      A5C36D
 181 01ee A1AF62D1 		.ascii	"\241\257b\321\326N\373\316h\243\224Q\226\303\240\226"
 181      D64EFBCE 
 181      68A39451 
 181      96C3A096 
 182 01fe 514CC1BD 		.ascii	"QL\301\275\302,\361k\373\353\247]\022\357\276DZ8\256"
 182      C22CF16B 
 182      FBEBA75D 
 182      12EFBE44 
 182      5A38AE
 183 0211 450A1699 		.ascii	"E\012\026\231sEv\245\012E\221\276,cMX\307Tw\210KL\220"
 183      734576A5 
 183      0A4591BE 
 183      2C634D58 
ARM GAS  /tmp/ccFhZG50.s 			page 14


 183      C7547788 
 184 0228 CB6DAC58 		.ascii	"\313m\254X\211M\345u\244/\303\356p\002\023\240\207\375"
 184      894DE575 
 184      A42FC3EE 
 184      700213A0 
 184      87FD
 185 023a A4C6917E 		.ascii	"\244\306\221~W\320\306I\227$\260'A\3078\260\311\235"
 185      57D0C649 
 185      9724B027 
 185      41C738B0 
 185      C99D
 186 024c C0A65C2D 		.ascii	"\300\246\\-\351\024\272,A\242&.\246N\373\270\264w\326"
 186      E914BA2C 
 186      41A2262E 
 186      A64EFBB8 
 186      B477D6
 187 025f 173BAC2F 		.ascii	"\027;\254/\321&*\370B\301\216-\024\231\271\361\003\211"
 187      D1262AF8 
 187      42C18E2D 
 187      1499B9F1 
 187      0389
 188 0271 DC12E4C2 		.ascii	"\334\022\344\302#\227\227%}s\310)S*G\303a\373\\M\264"
 188      23979725 
 188      7D73C829 
 188      532A47C3 
 188      61FB5C4D 
 189 0286 2A7AE1A2 		.ascii	"*z\341\242}%n\327T\326\332\265\321*;~\355jue,n\307\252"
 189      7D256ED7 
 189      54D6DAB5 
 189      D12A3B7E 
 189      ED6A7565 
 190 029e 63C56DF8 		.ascii	"c\305m\370\022\210h\235\250\252\303\3132\026\257\373"
 190      1288689D 
 190      A8AAC3CB 
 190      3216AFFB 
 191 02ae 034A7050 		.ascii	"\003JpP\017"
 191      0F
 192              		.text
 193              		.section	.gnu.lto_msObjectInit.8d8ed08d8bcce2c8,"",%progbits
 194 0000 789C9D93 		.ascii	"x\234\235\223\313kSA\024\306\347\273s\037\211\266\301"
 194      CB6B5341 
 194      14C6E7BB 
 194      731F89B6 
 194      C1
 195 0011 850BD12E 		.ascii	"\205\013\321.\272\020B\021r\301\235\033A\\\350\316\205"
 195      BA104211 
 195      72C19D1B 
 195      415CE8CE 
 195      85
 196 0022 7F412329 		.ascii	"\177A#)\0156Tzu#Bn\322\326H\205\250\330\332\032\032"
 196      0D36547A 
 196      7523426E 
 196      D2D64885 
 196      A8D8DA1A 
 197 0037 6F5162D4 		.ascii	"oQb\324\232\364\341\263\306\232\030P\261\365\201\305"
 197      9AF4E1B3 
 197      C69A1850 
ARM GAS  /tmp/ccFhZG50.s 			page 15


 197      B1F581C5 
 198 0047 2EC417D8 		.ascii	".\304\027\330R\214 \"\025\012E\033\317LR\320\342\306"
 198      528C2022 
 198      150A451B 
 198      CF4C52D0 
 198      E2C6
 199 0059 0C0CF3B8 		.ascii	"\014\014\363\270\347\373\315\231\363\315\325\230\302"
 199      E7FBCD99 
 199      F3CDD598 
 199      C2
 200 0066 063963BB 		.ascii	"\0069c\273\030c[\250\2033(\247_0\026q)\200\230\330."
 200      18635BA8 
 200      833328A7 
 200      5F301671 
 200      298098D8 
 201 007b B0B08230 		.ascii	"\260\260\2020N\361~\216blaBiJ\333\324\012\375\027\214"
 201      4EF17E8E 
 201      626C6142 
 201      694ADBD4 
 201      0AFD178C 
 202 008f E376F726 		.ascii	"\343v\367&\207\344\347\251\213\2064\232(\352U\327\350"
 202      87E4E7A9 
 202      8B86349A 
 202      28EA55D7 
 202      E8
 203 00a0 208F7387 		.ascii	" \217s\207\003*-\277?O\314y\304RA#-\027\277\315N\273"
 203      032A2DBF 
 203      3F4FCC79 
 203      C4524123 
 203      2D17BFCD 
 204 00b6 B90F8CE6 		.ascii	"\271\017\214\346\327z3\036o\312\266\243v\341Y/\267\267"
 204      D77A331E 
 204      6FCAB6A3 
 204      76E1592F 
 204      B7B7
 205 00c8 3A9CF6C0 		.ascii	":\234\366\300\211\207\253h\300\02540\332b\030\206\227"
 205      8987AB68 
 205      C0153430 
 205      DA621886 
 205      97
 206 00d9 A2D35DB9 		.ascii	"\242\323]\2717n\276]*_/$\323uU\351\317>)Uq}\255Te\310"
 206      376EBE5D 
 206      2A5F2F24 
 206      D37555E9 
 206      CF3E2955 
 207 00f3 48E9C5C8 		.ascii	"H\351\305\310\354t=\337!\245\261\314di\365\324\307\311"
 207      EC743DDF 
 207      21A5B1CC 
 207      6469F5D4 
 207      C7C9
 208 0105 8D673BED 		.ascii	"\215g;\355\275\016\327\220]+\326\030F\244x)]|\244\362"
 208      BD0ED790 
 208      5D2BD618 
 208      46A47829 
 208      5D7CA4F2 
 209 0119 9D52FC71 		.ascii	"\235R\374q*~f\335\352\271\225\2245\214\376C:\006\257"
 209      2A7E66DD 
ARM GAS  /tmp/ccFhZG50.s 			page 16


 209      EAB99594 
 209      358CFE43 
 209      3A06AF
 210 012c 88FF34B6 		.ascii	"\210\3774\266\322W\257\253\225\022a\034:h\034\231A\301"
 210      D257AFAB 
 210      9512611C 
 210      3A681C99 
 210      41C1
 211 013e 5E29C7EC 		.ascii	"^)\307\354\302|\012\371=\353\251\326tC\025\"Y\035\342"
 211      C27C0AF9 
 211      3DEBA9D6 
 211      74431522 
 211      591DE2
 212 0151 54172480 		.ascii	"T\027$\200\365\220L\330p\222+b\344%D\227c\231\3341A"
 212      F5904CD8 
 212      70922B62 
 212      E4254497 
 212      6399DC31 
 213 0166 22FAB9EE 		.ascii	"\"\372\271\356\342KC\224\226\313\344\226\236L\235\250"
 213      E24B4394 
 213      96CBE496 
 213      9E4C9DA8 
 214 0176 73908C90 		.ascii	"s\220\214\220?C\233\035\256'\251\3467(#\36115\037\315"
 214      3F439B1D 
 214      AE27A9E6 
 214      372823F1 
 214      31351FCD 
 215 018a 1A664678 		.ascii	"\032fFx\327\350p\0037\341`@\032\207[0\377\204\031\022"
 215      D7E87003 
 215      37E16040 
 215      1A875B30 
 215      FF841912 
 216 019e D6B99C5F 		.ascii	"\326\271\234_\364\204\177\331\344\260qI\304\321\336"
 216      F4847FD9 
 216      E4B07149 
 216      C4D1DE
 217 01ad D3C4F041 		.ascii	"\323\304\360A\301\337\340p\027\356\320\253\270]\205"
 217      C1DFE070 
 217      17EED0AB 
 217      B85D85
 218 01bc 97BF8C67 		.ascii	"\227\277\214g\335\024<@\007_\206@\334%<\241'\020f\224"
 218      DD143C40 
 218      075F8640 
 218      DC253CA1 
 218      27106694 
 219 01d0 74A2F476 		.ascii	"t\242\364v\316\250&\375\037Y\252\270'\263\024EC\016"
 219      CEA826FD 
 219      1F59AAB8 
 219      27B31445 
 219      430E
 220 01e2 66921C95 		.ascii	"f\222\034\225\264w\265\3204\334\2274E\320&\005M\257"
 220      B477B5D0 
 220      34DC9734 
 220      45D02605 
 220      4DAF
 221 01f4 D0DED746 		.ascii	"\320\336\327F{ i\322\330\274\240\271\004\355\307\347"
 221      7B2069D2 
ARM GAS  /tmp/ccFhZG50.s 			page 17


 221      D8BCA0B9 
 221      04EDC7E7 
 222 0204 0FB5D10A 		.ascii	"\017\265\321\012\222\246\012\332\303\277\375\320\300"
 222      92A60ADA 
 222      C3BFFDD0 
 222      C0
 223 0211 5024D557 		.ascii	"P$\325WD\207\312q\010\270\374\335z\250.\364(\350:\333"
 223      4487CA71 
 223      08B8FCDD 
 223      7AA82EF4 
 223      28E83ADB 
 224 0225 7C3E7377 		.ascii	"|>swk\320\037\334\267\337l\267\314\326\3466\263-\350"
 224      6BD01FDC 
 224      B7DF6CB7 
 224      CCD6E636 
 224      B32DE8
 225 0238 37ADC31D 		.ascii	"7\255\303\035\201\346\220e\206\002\241\352\324w\200"
 225      81E69065 
 225      8602A1EA 
 225      D47780
 226 0247 F1907548 		.ascii	"\361\220uH\367\037ii\011t\250V\360h\200\007\332\255"
 226      F71F6969 
 226      0974A856 
 226      F0688007 
 226      DAAD
 227 0259 DF394440 		.ascii	"\3379D@I"
 227      49
 228              		.text
 229              		.section	.gnu.lto_vmt.8d8ed08d8bcce2c8,"",%progbits
 230 0000 789C6365 		.ascii	"x\234ce`b\330\300\300\300\240\313\000\001\323\231\031"
 230      6062D8C0 
 230      C0C0A0CB 
 230      0001D399 
 230      19
 231 0011 77EE7C73 		.ascii	"w\356|s\233\275\376oCGC\303\203\356\365\314\263\231"
 231      9BBDFE6F 
 231      434743C3 
 231      83EEF5CC 
 231      B399
 232 0023 E73333CC 		.ascii	"\34733\314d\306\220[\260\215g>3\343LfF\014\211o@\035"
 232      64C6905B 
 232      B08D673E 
 232      33E34C66 
 232      460C896F 
 233 0039 4C339999 		.ascii	"L3\231\2310$6\001%\230g23\203%\326\277\331\371\223\267"
 233      30243601 
 233      25986732 
 233      338325D6 
 233      BFD9F993 
 234 004e 0F28C2C2 		.ascii	"\017(\302\302\010\342\236\275?\367\011\223\305\266\206"
 234      08E29EBD 
 234      3FF70993 
 234      C5B686
 235 005d 8E050D01 		.ascii	"\216\005\015\001\363\231Yg030\256f\224\231\301\314\310"
 235      F3995967 
 235      303330AE 
 235      669499C1 
ARM GAS  /tmp/ccFhZG50.s 			page 18


 235      CCC8
 236 006f B88AB17E 		.ascii	"\270\212\261~\0063\023\343J\020\305\314\270\002D\261"
 236      063313E3 
 236      4A10C5CC 
 236      B80244B1 
 237 007f 302E67AC 		.ascii	"0.g\254g`\\\303h\301\240\255\247\247\357\234\221\231"
 237      67605CC3 
 237      68C1A0AD 
 237      A7A7EF9C 
 237      9199
 238 0091 94E91FAC 		.ascii	"\224\351\037\254\237_\254\237\221\230\243\237\223\231"
 238      9F5FAC9F 
 238      9198A39F 
 238      9399
 239 009f A45F5C52 		.ascii	"\244_\\R\224\232\230[\254\237\233\232\013e\352%3\000"
 239      949A985B 
 239      AC9F9B9A 
 239      0B65EA25 
 239      3300
 240 00b1 00B90750 		.ascii	"\000\271\007P\030"
 240      18
 241              		.text
 242              		.section	.gnu.lto_.symbol_nodes.8d8ed08d8bcce2c8,"",%progbits
 243 0000 789C5DC9 		.ascii	"x\234]\311\273\015\2000\020\203a\307G\262\006\022\223"
 243      BB0D8030 
 243      108361C7 
 243      47B20612 
 243      93
 244 0011 C0647715 		.ascii	"\300dw\025%b\004\306\200\360\022\0130\005%C\020\201"
 244      256204C6 
 244      80F0120B 
 244      30052543 
 244      1081
 245 0023 68E2E697 		.ascii	"h\342\346\227>{\020\035\3228S\201\376\004R\306\341\260"
 245      3E7B101D 
 245      D2385381 
 245      FE0452C6 
 245      E1B0
 246 0035 906CA1BA 		.ascii	"\220l\241\272\334\"\225\271MT\311m\243\026\277Ek\000"
 246      DC2295B9 
 246      4D54C96D 
 246      A316BF45 
 246      6B00
 247 0047 BF125601 		.ascii	"\277\022V\001\342v\252\177/\300\254N\302\200\253\275"
 247      E276AA7F 
 247      2FC0AC4E 
 247      C280ABBD 
 248 0057 4B91AF78 		.ascii	"K\221\257x\000-4&m"
 248      002D3426 
 248      6D
 249              		.text
 250              		.section	.gnu.lto_.refs.8d8ed08d8bcce2c8,"",%progbits
 251 0000 789C05C1 		.ascii	"x\234\005\301\261\001\000\000\010\303\2404\332\335\377"
 251      B1010000 
 251      08C3A034 
 251      DADDFF
 252 000f AF158A1C 		.ascii	"\257\025\212\034\220\265\331:*\206\007\003e\000<"
ARM GAS  /tmp/ccFhZG50.s 			page 19


 252      90B5D93A 
 252      2A860703 
 252      65003C
 253              		.text
 254              		.section	.gnu.lto_.decls.8d8ed08d8bcce2c8,"",%progbits
 255 0000 789C8D57 		.ascii	"x\234\215W}LTW\026\177\347\335af\030\276\214\272\256"
 255      7D4C5457 
 255      167FE7DD 
 255      616618BE 
 255      8CBAAE
 256 0013 4D69625D 		.ascii	"Mib]\232%\331\310\024Mv\273\233\315\246\033\223m\367"
 256      9A25D9C8 
 256      144D76BB 
 256      9BCDA61B 
 256      936DF7
 257 0026 0F4AB2AD 		.ascii	"\017J\262\255\376;\201q\220\331\300@\230a\255\233l\362"
 257      FE3B8171 
 257      90D9C040 
 257      9861AD9B 
 257      6CF2
 258 0038 00F910B5 		.ascii	"\000\371\020\265\242\010\002\312G\321\252\210\037\010"
 258      A20802CA 
 258      47D1AA88 
 258      1F08
 259 0046 54B4C83A 		.ascii	"T\264\310:~\240\370\005\202\212ZEDQ*EAP(\242\260\347"
 259      7EA0F805 
 259      828A5A45 
 259      44512A45 
 259      415028A2 
 260 005c DEFBDE9B 		.ascii	"\336\373\336\2337\343\260\355\213\207\367\356\271\347"
 260      37E3B0ED 
 260      8B87F7EE 
 260      B9E7
 261 006a F377CE3D 		.ascii	"\363w\316=w\014\020DaK\230 \314\027\005!\021i\006\037"
 261      770C1044 
 261      614B9820 
 261      CC170521 
 261      1169061F 
 262 007e 83200807 		.ascii	"\203 \010\007\005\317\243GjE\272\200t\003\251\007)\010"
 262      05CFA347 
 262      6A45BA80 
 262      7403A907 
 262      2908
 263 0090 04E15D24 		.ascii	"\004\341]$\374'\204\203\340\365l\300\265\011\337s\221"
 263      FC278483 
 263      E0F56CC0 
 263      B509DF73 
 263      91
 264 00a1 E6239D41 		.ascii	"\346#\235AZ\201T\217d\304\275X|w\"\031\360\273\003\337"
 264      5A81548F 
 264      64C4BD58 
 264      7C772219 
 264      F0BB03DF 
 265 00b5 0409F07B 		.ascii	"\004\011\360{\006\337\242l\263Ux\373)\234\305.\265I"
 265      06DFA26C 
 265      B35578FB 
 265      299CC52E 
ARM GAS  /tmp/ccFhZG50.s 			page 20


 265      B549
 266 00c7 6DFBB34B 		.ascii	"m\373\263KmNk\354^\360c\267\326\307n\207l\267S\023/"
 266      6D4E6BEC 
 266      5EF063B7 
 266      D6C76E87 
 266      6CB75313 
 267 00dc B5F91ED2 		.ascii	"\265\371\036\322o\340m\273\242\214\313\273\360\266\355"
 267      6FE06DBB 
 267      A28CCBBB 
 267      F0B6ED
 268 00eb 66E405F9 		.ascii	"f\344\005\371\261}\333\017\026Z\373Z<D\031s\177\366"
 268      B17DDB0F 
 268      165AFB5A 
 268      3C441973 
 268      7FF6
 269 00fd 7F8D9B81 		.ascii	"\177\215\233\201\370^\251\361A\355v\312\276\250\335"
 269      F85EA9F1 
 269      41ED76CA 
 269      BEA8DD
 270 010c D7F89E42 		.ascii	"\327\370\236B\012@\322\201\214\005xr\240f\203f\251\345"
 270      0A40D281 
 270      8C057872 
 270      A0668366 
 270      A9E5
 271 011e 1F455EFF 		.ascii	"\037E^\3771\244'H?\"=\225\261VlN M\"\215#\275BzI\375"
 271      31A42748 
 271      3F223D95 
 271      B1566C4E 
 271      204D228D 
 272 0138 C858B70A 		.ascii	"\310X\267\012\236\236\361}\266\023xs\2701?\350\036\334"
 272      9E9EF17D 
 272      B6137873 
 272      B8313FE8 
 272      1EDC
 273 014a A5E1C01C 		.ascii	"\245\341\300\034\00092\016\000\010\012\020\312\243n"
 273      0039320E 
 273      00080A10 
 273      CAA36E
 274 0159 8328C881 		.ascii	"\203(\310\201\003\343\310\302\374\203\255E\331\226\""
 274      03E3C8C2 
 274      FC83AD45 
 274      D99622
 275 0168 28E7270B 		.ascii	"(\347'\013i-\252\252\352\243\360\300\333$\356\210\240"
 275      692DAAAA 
 275      EAA3F0C0 
 275      DB24EE88 
 275      A0
 276 0179 3200B40A 		.ascii	"2\000\264\012\032\203\240\004\304v@\353\230GO\224\354"
 276      1A83A004 
 276      C47640EB 
 276      98474F94 
 276      EC
 277 018a 87368E55 		.ascii	"\2076\216U\352z\241\007 H\250\372\030\030\357|\313\316"
 277      EA7AA107 
 277      2048A8FA 
 277      1818EF7C 
 277      CBCE
ARM GAS  /tmp/ccFhZG50.s 			page 21


 278 019c B36104FD 		.ascii	"\263a\004\375\340w\357\344\276\277E\035\220\370c4x`"
 278      E077EFE4 
 278      BEBF451D 
 278      90F86334 
 278      7860
 279 01ae 3B9CDD5F 		.ascii	";\234\335_c\374\212@\270\011f\200\256\207\216O\206\360"
 279      63FC8A40 
 279      B8096680 
 279      AE878E4F 
 279      86F0
 280 01c0 35DD6E74 		.ascii	"5\335nt\217\035\324\2219\364[<\332\330_f\202H\323\036"
 280      8F1DD491 
 280      39F45B3C 
 280      DAD85F66 
 280      8248D31E 
 281 01d4 6AC37D73 		.ascii	"j\303}sl\3011I\232\003\207\301\004\007\201\300~\210"
 281      6CC13149 
 281      9A0387C1 
 281      040781C0 
 281      7E88
 282 01e6 A25185D3 		.ascii	"\242Q\205\323\366\317\223\244Li\244Z\"\013\005X\026"
 282      F6CF93A4 
 282      4C69A45A 
 282      220B0558 
 282      16
 283 01f7 0E1F860B 		.ascii	"\016\037\206\013p\010\"\251M*\005\007 \034j!\234\332"
 283      700822A9 
 283      4D2A0507 
 283      201C6A21 
 283      9CDA
 284 0209 AFA9DC77 		.ascii	"\257\251\334w6\204|\312\354\227\026\235j\014U\355\237"
 284      36847CCA 
 284      EC97169D 
 284      6A0C55ED 
 284      9F
 285 021a 2F5BDC90 		.ascii	"/[\334\220-I\"\324\243\203:\217\003\364\347\337\303"
 285      2D4922D4 
 285      A3833A8F 
 285      03F4E7DF 
 285      C3
 286 022b 11FF1E9E 		.ascii	"\021\377\036\236\237\357/\002\035\326\216\031\212\327"
 286      9FEF2F02 
 286      1DD68E19 
 286      8AD7
 287 0239 51DED88E 		.ascii	"Q\336\330\216\235\215\001\214\267\"\030\032\200\361"
 287      9D8D018C 
 287      B722181A 
 287      80F1
 288 0247 5A6726DC 		.ascii	"Zg&\334a\230\370\\\023\210\270\354\032\271\\\036\204"
 288      6198F85C 
 288      1388B8EC 
 288      1AB95C1E 
 288      84
 289 0258 CBF92698 		.ascii	"\313\371&\230\203\313\354M\007\267\233p\251G\230\350"
 289      83CBEC4D 
 289      07B79B70 
 289      A94798E8 
ARM GAS  /tmp/ccFhZG50.s 			page 22


 290 0268 5C4356FF 		.ascii	"\\CV\377\310\253\243:\316\242\001\177\211\254\362\322"
 290      C8ABA33A 
 290      CEA2017F 
 290      89ACF2D2 
 291 0278 BB474289 		.ascii	"\273GB\211\223!\327\271\256n'\341\366t4\214+e\017C\271"
 291      9321D7B9 
 291      AE6E27E1 
 291      F674348C 
 291      2B650F43 
 292 028d BD4598EB 		.ascii	"\275E\230\353P\337\372|\243\007\313\206\337f\344\322"
 292      50DFFA7C 
 292      A307CB86 
 292      DF66E4D2 
 293 029d 5C5B30C4 		.ascii	"\\[0\304\343\236\\\365r\252\222T\220%\005~*@3\346\365"
 293      E39E5CF5 
 293      72AA9254 
 293      9025057E 
 293      2A4033E6 
 294 02b2 1DE60527 		.ascii	"\035\346\005'0Y\275\234\3541d6\361dG'G\032u\344?\014"
 294      3059BD9C 
 294      EC316436 
 294      F1644727 
 294      471A75E4 
 295 02c8 CEFCBED1 		.ascii	"\316\374\276\3217a`\212\364\253\357\366\243\257\340"
 295      3761608A 
 295      F4ABEFF6 
 295      A3AFE0
 296 02d7 BEF45B86 		.ascii	"\276\364[\206\373I\214\345\277\236XZ\030\356\350\343"
 296      FB498CE5 
 296      BF9E585A 
 296      18EEE8E3 
 297 02e7 E6C66B77 		.ascii	"\346\306kw\364$\033\230\223\311\301\266\203Aj\036\275"
 297      F4241B98 
 297      93C9C1B6 
 297      83416A1E 
 297      BD
 298 02f8 351125AF 		.ascii	"5\021%\257$i\021\234A\335S\036\335\2230k\"\247\375'"
 298      2469119C 
 298      41DD531E 
 298      DD93306B 
 298      22A7FD27 
 299 030c 523758F0 		.ascii	"R7X\360M\360\302b\326\256Y\322\034\221Y<\212\373\337"
 299      4DF0C262 
 299      D6AE59D2 
 299      1C91593C 
 299      8AFBDF
 300 031f E2BE0067 		.ascii	"\342\276\000ga!\376m\004\035\017\251\241\344\344#\343"
 300      6121FE6D 
 300      041D0FA9 
 300      A1E4E423 
 300      E3
 301 0330 E22AC97D 		.ascii	"\342*\311}_rO\034\213,9\321/I&\035\225\202\032O\024"
 301      5F724F1C 
 301      8B2C39D1 
 301      2F49261D 
 301      95821A4F 
 302 0345 F8897FF7 		.ascii	"\370\211\177\367A/\300^\270\207\347\251\025\026\243"
ARM GAS  /tmp/ccFhZG50.s 			page 23


 302      412FC05E 
 302      B887E7A9 
 302      1516A3
 303 0354 F2BA07B5 		.ascii	"\362\272\007\265\331F2\312\362\201C\007\246\352LJg\360"
 303      D94632CA 
 303      F2814307 
 303      A6EA4C4A 
 303      67F0
 304 0366 663954F0 		.ascii	"f9T\360t\301\354\221\264\261H\316+\221\\\257o\317\015"
 304      74C1EC91 
 304      B4B148CE 
 304      2B915CAF 
 304      6FCF0D
 305 0379 902379F0 		.ascii	"\220#y\360N\251\344\316\224(\226(\005\347<\221\234\363"
 305      4EA9E4CE 
 305      94289628 
 305      05E73C91 
 305      9CF3
 306 038b 8DE4028B 		.ascii	"\215\344\002\213\344\334\235\201I=\231\340\221\364\264"
 306      E4DC9D81 
 306      493D99E0 
 306      91F4B4
 307 039a D5D4D2FE 		.ascii	"\325\324\322\376\211\345\035\027\2469\233\261\374l\356"
 307      89E51D17 
 307      A6399BB1 
 307      FC6CEE
 308 03a9 9E1C6E0A 		.ascii	"\236\034n\012&\323\274\020\235-O\373<\0155\334\266\270"
 308      26D3BC10 
 308      9D2D4FFB 
 308      3C0D35DC 
 308      B6B8
 309 03bb F91E2D44 		.ascii	"\371\036-D\007\006{\305\3438V=;\276uh\307:\304\312u"
 309      07067BC5 
 309      E338563D 
 309      3BBE7568 
 309      C73AC4CA 
 310 03d0 B88CCC4B 		.ascii	"\270\214\314K\274\016\025\247\2073\202\031\036\035\352"
 310      BC0E15A7 
 310      87338219 
 310      1E1DEA
 311 03df E9B936B5 		.ascii	"\351\2716\265\365\271\030\234\257Za\007K1$@'\004\313"
 311      F5B9189C 
 311      AF5A6107 
 311      4B312440 
 311      2704CB
 312 03f2 B3A5FDC5 		.ascii	"\263\245\375\305\245\361\020\246\214<\270\312\317Y\305"
 312      A5F110A6 
 312      8C3CB8CA 
 312      CF59C5
 313 0401 C33D27D5 		.ascii	"\303='\325\263\327\305y\227\307\263O\211Z\214;\2740"
 313      B3D7C579 
 313      97C7B34F 
 313      895A8C3B 
 313      BC30
 314 0413 BECE30BE 		.ascii	"\276\3160\276\246`|?\247\375T\200Z\355E\023\273r\244"
 314      A6607C3F 
 314      A7FD5480 
ARM GAS  /tmp/ccFhZG50.s 			page 24


 314      5AED4513 
 314      BB72A4
 315 0426 ABA8F831 		.ascii	"\253\250\3701\023\204\213\236l/\372\302|\203\301|m\377"
 315      13848B9E 
 315      6C2FFAC2 
 315      7C83C17C 
 315      6DFF
 316 0438 8944728C 		.ascii	"\211Dr\214\317E\177\3715?\037\033\005\223<a\362~~\302"
 316      CF457FF9 
 316      353F1F1B 
 316      05933C61 
 316      F27E7EC2 
 317 044c 1C6B3B39 		.ascii	"\034k;9\030\254\305\343\226\027\036\267U<\266\366\014"
 317      18ACC5E3 
 317      96171EB7 
 317      553CB6F6 
 317      0C
 318 045d B5873267 		.ascii	"\265\2072g\310\203\233<\367\342\256\314\252@\005\217"
 318      C8839B3C 
 318      F7E2AECC 
 318      AA40058F 
 319 046d EF396FA0 		.ascii	"\3579o\240\357Ru\330\354x\334ex\334Q\360\230n\032\032"
 319      EF5275D8 
 319      EC78DC65 
 319      78DC51F0 
 319      986E1A1A 
 320 0481 0A94F118 		.ascii	"\012\224\361\030-\"\3226\211\316e\024\202n\017\026\335"
 320      2D22D236 
 320      89CE6514 
 320      826E0F16 
 320      DD
 321 0492 BE58F430 		.ascii	"\276X\3640,*\212\267N\007\021\367\354`\264\\\336|HT"
 321      2C2A8AB7 
 321      4E0711F7 
 321      EC60B45C 
 321      DE7C4854 
 322 04a6 79BD3C3E 		.ascii	"y\275<>w\345\231>\275Z\330\373\234\251L\314\271|b\226"
 322      77E5993E 
 322      BD5AD8FB 
 322      9CA94CCC 
 322      B97C6296 
 323 04ba 35BFB818 		.ascii	"5\277\270\030\300\227F\\N\354=\335\252#W\270\243\352"
 323      C097465C 
 323      4EEC3DDD 
 323      AA2357B8 
 323      A3EA
 324 04cc 8C1B9742 		.ascii	"\214\033\227BH'_\354]\327|;\220t\363\305\226\231\335"
 324      48275FEC 
 324      5DD77C3B 
 324      9074F3C5 
 324      9699DD
 325 04df D703490F 		.ascii	"\327\003I\017_\314\014\217\335\013&}|12\225u6H\2132"
 325      5FCC0C8F 
 325      DD0B267D 
 325      7C313295 
 325      7536488B 
 326 04f4 3DDD1E94 		.ascii	"=\335\036\224\237\250(?\313\371\256'\224<\342Z\323\347"
ARM GAS  /tmp/ccFhZG50.s 			page 25


 326      9FA8283F 
 326      CBF9AE27 
 326      943CE25A 
 326      D3E7
 327 0506 F2070C5A 		.ascii	"\362\007\014Z\255\353^Z?\252Z7\006\216\217\007\221A"
 327      ADEB5E5A 
 327      3FAA5A37 
 327      068E8F07 
 327      9141
 328 0518 AEB5FEC8 		.ascii	"\256\265\376\310\223\237B\265Zw\275\264\236\252Z\207"
 328      939F42B5 
 328      5A77BDB4 
 328      9EAA5A87 
 329 0528 BA7E7829 		.ascii	"\272~x)\222\021\256\325u\242\266=\224H\204-\236\277"
 329      9211AED5 
 329      75A2B63D 
 329      9448842D 
 329      9EBF
 330 053a 2E6F0AE4 		.ascii	".o\012\344\351\317\247\277Nz\013\012\014|\374W\261k"
 330      E9CFA7BF 
 330      4E7A0B0A 
 330      0C7CFC57 
 330      B16B
 331 054c B6A73A2F 		.ascii	"\266\247:/\204l\342\262\333+\216\326{\245\326\346\345"
 331      846CE2B2 
 331      DB2B8ED6 
 331      7BA5D6E6 
 331      E5
 332 055d 6E4C7167 		.ascii	"nLqg\270=Rt%\004\346EDDDFDla\343\024\373^'\300s\024"
 332      B83D5274 
 332      2504E645 
 332      44444446 
 332      446C61E3 
 333 0578 1EA1C778 		.ascii	"\036\241\307x\030+\376\002\346\321\252\303O\330\256"
 333      182BFE02 
 333      E6D1AAC3 
 333      4FD8AE
 334 0587 13100193 		.ascii	"\023\020\001\223H\343H\257\220^B\004\273\371\253\251"
 334      48E348AF 
 334      905E4204 
 334      BBF9ABA9 
 335 0597 3377C7E0 		.ascii	"3w\307\340GM\365\222\264^O}\300\250\254\253\316\204"
 335      474DF592 
 335      B45E4F7D 
 335      C0A8ACAB 
 335      CE84
 336 05a9 07CC7D74 		.ascii	"\007\314}t\270*\337\006m\037R\314`\320W\364\241_Q\332"
 336      B82ADF06 
 336      6D1F52CC 
 336      60D057F4 
 336      A15F51DA 
 337 05bd 32CF7C45 		.ascii	"2\317|E\315\252$\237U\317r\011\376$\2412\202\334\254"
 337      CDAA249F 
 337      55CF7209 
 337      FE24A132 
 337      82DCAC
 338 05d0 9E00C7FF 		.ascii	"\236\000\307\377\200#t\035\241\210\303\220_C\315\340"
ARM GAS  /tmp/ccFhZG50.s 			page 26


 338      8023741D 
 338      A188C390 
 338      5F43CDE0 
 339 05e0 E3131B01 		.ascii	"\343\023\033\001~\360\037\036\227E\300K/\365\324\004"
 339      7EF01F1E 
 339      9745C04B 
 339      2FF5D404 
 340 05f0 CE9301CC 		.ascii	"\316\223\001\314\233\015@aV\364\320D\311\326\015\345"
 340      9B0D4061 
 340      56F4D044 
 340      C9D60DE5 
 341 0600 466DCDA6 		.ascii	"Fm\315\2464\376\004x\255\266\310\213\302\357{CI\013"
 341      34FE0478 
 341      ADB6C88B 
 341      C2EF7B43 
 341      490B
 342 0612 ABB461E4 		.ascii	"\253\264a\344V\323\236P\210\210\230G+\310\203\276\370"
 342      56D39E50 
 342      88889847 
 342      2BC883BE 
 342      F8
 343 0623 0E4F9162 		.ascii	"\016O\221b\365\006\235K\342\317V\200\212\366\373\212"
 343      F5069D4B 
 343      E2CF5680 
 343      8AF6FB8A 
 344 0633 6A53F4D7 		.ascii	"jS\364\327\032\002\023\247}\221%F\302:1\0022\2212\220"
 344      1A0213A7 
 344      7D912546 
 344      C23A3102 
 344      32913290 
 345 0647 6630B369 		.ascii	"f0\263i\257\276P\275<\362\357\3057 :\005\036\373\212"
 345      AFBE50BD 
 345      3CF2EFC5 
 345      37203A05 
 345      1EFB8A
 346 065a 6ACAC30B 		.ascii	"j\312\303\013=^27C\222\200J\275]\351s\245\341\205Y\022"
 346      3D5E3237 
 346      4392804A 
 346      BD5DE973 
 346      A5E18559 
 347 066f DA42E460 		.ascii	"\332B\344`\300\257\255h\271zE\373\273o\032\311Y\206"
 347      C0AFAD68 
 347      B97A45FB 
 347      BB6F1AC9 
 347      5986
 348 0681 A858D750 		.ascii	"\250X\327PPF r\036w\321]\252\247\275\224\213\272\331"
 348      50462072 
 348      1E77D15D 
 348      AAA7BD94 
 348      8BBAD9
 349 0694 A23AFBA8 		.ascii	"\242:\373\250C\377\240@\016b\361Kp\241\327\255\373\315"
 349      43FFA040 
 349      0E62F14B 
 349      70A1D7AD 
 349      FBCD
 350 06a6 7488B6E2 		.ascii	"t\210\266\342\271\242\266\342y\242R\361me\267\345\351"
 350      B9A2B6E2 
ARM GAS  /tmp/ccFhZG50.s 			page 27


 350      79A252F1 
 350      6D65B7E5 
 350      E9
 351 06b7 883CE8E3 		.ascii	"\210<\350\343\323\2619\347M\246\327\025\267r\201f\242"
 351      D3B139E7 
 351      4DA6D715 
 351      B7728166 
 351      A2
 352 06c8 E78B74A2 		.ascii	"\347\213t\242\257\027\345\211\376\254\247\177\320\200"
 352      AF17E589 
 352      FEACA77F 
 352      D080
 353 06d6 13BD8ADD 		.ascii	"\023\275\212\335p\177\336y@\275\341P\020\247\267\232"
 353      707FDE79 
 353      40BDE150 
 353      10A7B79A 
 354 06e6 D93DDFA9 		.ascii	"\331=\337\251\276A\244S}\307\376\346\006=\351\344\323"
 354      BE41A453 
 354      7DC7FEE6 
 354      063DE9E4 
 354      D3
 355 06f7 E5CAE127 		.ascii	"\345\312\341'\033\364\344\026_\324\355x|\321\200\261"
 355      1BF4E416 
 355      5FD4ED78 
 355      7CD180B1 
 356 0707 C1269170 		.ascii	"\301&\221p_u\031\356\275!\244\207oW\177S\321E/#\330"
 356      5F7519EE 
 356      BD21A487 
 356      6F577F53 
 356      D1452F23 
 357 071c 8CDBF095 		.ascii	"\214\333\360\225\250\233\355Z(\276\226\221G\030/&\030"
 357      A89BED5A 
 357      28BE9691 
 357      47182F26 
 357      18
 358 072d B670B9C7 		.ascii	"\266p\271\307\257\213\357\213\312M\266\225\363\272\263"
 358      AF8BEF8B 
 358      CA4DB695 
 358      F3BAB3
 359 073c 368E87BE 		.ascii	"6\216\207\276\377\210TJF\346\255\245\364I\203\216\311"
 359      FF88544A 
 359      46E6ADA5 
 359      F449838E 
 359      C9
 360 074d 6C13DF67 		.ascii	"l\023\337g\234\361\007\233\012\015d@\236\232\225c{("
 360      9CF1079B 
 360      0A0D6440 
 360      9E9A9563 
 360      7B28
 361 075f 74508CD5 		.ascii	"tP\214\325+\242p\320\023t\267\364D\000\031\346\022\265"
 361      2BA270D0 
 361      1374B7F4 
 361      440019E6 
 361      12B5
 362 0771 DB775F65 		.ascii	"\333w_e\011\224\320\010\267s/\017\263\032\313uZp1\000"
 362      0994D008 
 362      B7732F0F 
ARM GAS  /tmp/ccFhZG50.s 			page 28


 362      B31ACB75 
 362      5A703100 
 363 0785 195C2845 		.ascii	"\031\\(E\021(c\370\026*\370>*n\334\025\212\370\336\307"
 363      112863F8 
 363      162AF83E 
 363      2A6EDC15 
 363      8AF8DEC7 
 364 0799 4B7366FA 		.ascii	"Ksf\372/\205\273r\334\210/\271\365+*\010\033\225\316"
 364      2F85BB72 
 364      DC882FB9 
 364      F52B2A08 
 364      1B95CE
 365 07ac 81025147 		.ascii	"\201\002QGW\374\377[;\030\264\365\355Y-a\037\354\222"
 365      57FCFF5B 
 365      3B18B4F5 
 365      ED592D61 
 365      1FEC92
 366 07bf AEBA5969 		.ascii	"\256\272Yi\312\266\341o\345\271\354\360\017\360\262"
 366      CAB6E16F 
 366      E5B9ECF0 
 366      0FF0B2
 367 07ce 680E     		.ascii	"h\016"
 368 07d0 1CE57C81 		.ascii	"\034\345|\201\241\356\024?@\315;7\3326{\375l\242\276"
 368      A1EE143F 
 368      40CD3B37 
 368      DA367BFD 
 368      6CA2BE
 369 07e3 3CFD53CE 		.ascii	"<\375S\316\373\207\276g\301|\346\370d\027Q\014d\242"
 369      FB87BE67 
 369      C17CE6F8 
 369      6417510C 
 369      64A2
 370 07f5 81CF1668 		.ascii	"\201\317\026h\364c\224\366[\237u\363\262\221\251Vb\373"
 370      F46394F6 
 370      5B9F75F3 
 370      B291A956 
 370      62FB
 371 0807 5588FE75 		.ascii	"U\210\376uWju\021.\336P\364n\317m\237\342\277\200\277"
 371      576A7511 
 371      2EDE50F4 
 371      6ECF6D9F 
 371      E2BF80BF 
 372 081b 46F52AAE 		.ascii	"F\365*\256\376u\343\303g\344\377\001\274\213\001\\\315"
 372      FE75E3C3 
 372      67E4FF01 
 372      BC8B015C 
 372      CD
 373 082c 00660B9D 		.ascii	"\000f\013\235%5\335e\374\344\263\025\213\226GG\013\201"
 373      2535DD65 
 373      FCE4B315 
 373      8B964747 
 373      0B81
 374 083e 164BBADD 		.ascii	"\026K\272\335\341\372\310\342ZbNw\246\231\355\016kR"
 374      E1FAC8E2 
 374      5A624E77 
 374      A699ED0E 
 374      6B52
ARM GAS  /tmp/ccFhZG50.s 			page 29


 375 0850 FA2A9BD9 		.ascii	"\372*\233\331a[\223d\2177'\307Y\023\355\016\233\331"
 375      615B9364 
 375      8F3727C7 
 375      5913ED0E 
 375      9BD9
 376 0862 B2CA9610 		.ascii	"\262\312\226\020\227\236\344\262\270\326\246\332\234"
 376      979EE4B2 
 376      B8D6A6DA 
 376      9C
 377 086f 51898241 		.ascii	"Q\211\202A\326Z\354O\313\271\326i\2668]\253P\004E\321"
 377      D65AEC4F 
 377      CBB9D669 
 377      B6385DAB 
 377      500445D1 
 378 0883 057E2C5B 		.ascii	"\005~,[jq\031\344w@\262s\265\305\365\247\250(\363\362"
 378      6A7119E4 
 378      7740B273 
 378      B5C5F5A7 
 378      A828F3F2 
 379 0897 447BBC3D 		.ascii	"D{\274=\366ss\212\323lMINNq\230SS\322\\N\363_\377\021"
 379      F673738A 
 379      D36C4D49 
 379      4E4E7198 
 379      5353D25C 
 380 08b0 B33CE64B 		.ascii	"\263<\346K\312K\265'\331\322\234\346O\226/7[\023\025"
 380      CA4BB527 
 380      D9D29CE6 
 380      4F962F37 
 380      5B1315
 381 08c3 EFBFF356 		.ascii	"\357\277\363VM\214K23\277\2564[\\\262\323\234lK\226"
 381      4D8C4B32 
 381      33BFAE34 
 381      5B5CB2D3 
 381      9C6C4B96 
 382 08d7 3FA3AC98 		.ascii	"?\243\254\230\357j\233Ko\301\345*\247\336i\377\267\315"
 382      EF6A9B4B 
 382      6FC1E52A 
 382      A7DE69FF 
 382      B7CD
 383 08e9 E25ACA82 		.ascii	"\342Z\312\202\246\032\253\255Vs\\Z\362\022G\212\303"
 383      A61AABAD 
 383      56735C5A 
 383      F212478A 
 383      C3
 384 08fa B6C41617 		.ascii	"\266\304\026\027o7\377>jYT\264\232\020&\201\231\323"
 384      6F37FF3E 
 384      6A5954B4 
 384      9A102681 
 384      99D3
 385 090c 7C2D6BD2 		.ascii	"|-k\322\354.\23338\331\031\033\377O\233\325\365w\207"
 385      EC2E9B33 
 385      38D9191B 
 385      FF4F9BD5 
 385      F57787
 386 091f DD456C29 		.ascii	"\335El)N\0355\251\217OOH\260\245\221\177%\273\010\242"
 386      4E1D35A9 
 386      8F4F4F48 
ARM GAS  /tmp/ccFhZG50.s 			page 30


 386      B0A5917F 
 386      25BB08A2 
 387 0933 ABA3CE02 		.ascii	"\253\243\316\002\230B\230\335\341t\3059\2546KJB\202"
 387      984298DD 
 387      E174C539 
 387      AC364B4A 
 387      4282
 388 0945 D3E60A8E 		.ascii	"\323\346\012\216\261%\177\316b[\031\363\005\301\310"
 388      B1257FCE 
 388      625B19F3 
 388      05C1C8
 389 0954 7E792A89 		.ascii	"~y*\211\202\336c#%m-7\243G\011k\352Z]\222-.\301\340"
 389      82DE6323 
 389      256D2D37 
 389      A347096B 
 389      EA5A5D92 
 390 096c 487125A6 		.ascii	"Hq%\246\245\254\201hC\202c\2213\325fE\216\303\221\236"
 390      A5AC8168 
 390      43826391 
 390      33D56645 
 390      8EC3919E 
 391 0980 94F49EDF 		.ascii	"\224\364\236\3372\271\322\354\216\325h\367\177!\247"
 391      32B9D2EC 
 391      8ED568F7 
 391      7F21A7
 392 098f 3176     		.ascii	"1v"
 393              		.text
 394              		.section	.gnu.lto_.symtab.8d8ed08d8bcce2c8,"",%progbits
 395 0000 6D734F62 		.ascii	"msObjectInit\000"
 395      6A656374 
 395      496E6974 
 395      00
 396 000d 00       		.ascii	"\000"
 397 000e 00       		.ascii	"\000"
 398 000f 00       		.ascii	"\000"
 399 0010 00000000 		.ascii	"\000\000\000\000\000\000\000\000"
 399      00000000 
 400 0018 0B010000 		.ascii	"\013\001\000\000"
 401              		.text
 402              		.section	.gnu.lto_.opts,"",%progbits
 403 0000 272D666D 		.ascii	"'-fmath-errno' '-fsigned-zeros' '-ftrapping-math' '"
 403      6174682D 
 403      6572726E 
 403      6F272027 
 403      2D667369 
 404 0033 2D666E6F 		.ascii	"-fno-trapv' '-fno-strict-overflow' '-fno-openmp' '-"
 404      2D747261 
 404      70762720 
 404      272D666E 
 404      6F2D7374 
 405 0066 666E6F2D 		.ascii	"fno-openacc' '-mcpu=cortex-m4' '-mfloat-abi=hard' '"
 405      6F70656E 
 405      61636327 
 405      20272D6D 
 405      6370753D 
 406 0099 2D6D6670 		.ascii	"-mfpu=fpv4-sp-d16' '-mno-thumb-interwork' '-mthumb'"
 406      753D6670 
ARM GAS  /tmp/ccFhZG50.s 			page 31


 406      76342D73 
 406      702D6431 
 406      36272027 
 407 00cc 20272D67 		.ascii	" '-ggdb' '-O' '-fomit-frame-pointer' '-falign-funct"
 407      67646227 
 407      20272D4F 
 407      2720272D 
 407      666F6D69 
 408 00ff 696F6E73 		.ascii	"ions=16' '-ffunction-sections' '-fdata-sections' '-"
 408      3D313627 
 408      20272D66 
 408      66756E63 
 408      74696F6E 
 409 0132 666E6F2D 		.ascii	"fno-common' '-flto'\000"
 409      636F6D6D 
 409      6F6E2720 
 409      272D666C 
 409      746F2700 
 410              		.text
 411              		.comm	__gnu_lto_v1,1,1
 412              		.comm	__gnu_lto_slim,1,1
 413              		.ident	"GCC: (15:6.3.1+svn253039-1build1) 6.3.1 20170620"
ARM GAS  /tmp/ccFhZG50.s 			page 32


DEFINED SYMBOLS
                            *ABS*:0000000000000000 memstreams.c
                            *COM*:0000000000000001 __gnu_lto_v1
                            *COM*:0000000000000001 __gnu_lto_slim

NO UNDEFINED SYMBOLS
