ARM GAS  /tmp/ccztbGZx.s 			page 1


   1              		.cpu cortex-m4
   2              		.eabi_attribute 27, 1
   3              		.eabi_attribute 28, 1
   4              		.eabi_attribute 20, 1
   5              		.eabi_attribute 21, 1
   6              		.eabi_attribute 23, 3
   7              		.eabi_attribute 24, 1
   8              		.eabi_attribute 25, 1
   9              		.eabi_attribute 26, 1
  10              		.eabi_attribute 30, 1
  11              		.eabi_attribute 34, 1
  12              		.eabi_attribute 18, 4
  13              		.file	"nvic.c"
  14              		.text
  15              	.Ltext0:
  16              		.section	.gnu.lto_.profile.7ce7df53d3dadb3e,"",%progbits
  17 0000 789C6365 		.ascii	"x\234ce`b`a```dP\227\002\000\000\350\000N"
  17      60626061 
  17      60606064 
  17      50970200 
  17      00E8004E 
  18              		.text
  19              		.section	.gnu.lto_.inline.7ce7df53d3dadb3e,"",%progbits
  20 0000 789C6365 		.ascii	"x\234ce`b\010a@\000\026\006\006.NF\006&\276\015\271"
  20      60620861 
  20      40001606 
  20      062E4E46 
  20      0626BE0D 
  21 0015 0C6C0BE4 		.ascii	"\014l\013\344\231@b\214\014\034\354@!\256\011~p!&\006"
  21      9940628C 
  21      0C1CEC40 
  21      21AE097E 
  21      70212606 
  22 0029 4E2EA010 		.ascii	"N.\240\020\307\001;\204\0207H%\013\003;\033\232\004"
  22      C7013B84 
  22      10374825 
  22      0B033B1B 
  22      9A04
  23 003b 03007096 		.ascii	"\003\000p\226\007\376"
  23      07FE
  24              		.text
  25              		.section	.gnu.lto_.jmpfuncs.7ce7df53d3dadb3e,"",%progbits
  26 0000 789C6365 		.ascii	"x\234ce`b\340g@\000\026 fd\000\012B\230\000\002\360"
  26      6062E067 
  26      40001620 
  26      6664000A 
  26      42980002 
  27 0015 0022     		.ascii	"\000\""
  28              		.text
  29              		.section	.gnu.lto_.pureconst.7ce7df53d3dadb3e,"",%progbits
  30 0000 789C6365 		.ascii	"x\234ce`b\340d```a\220b\224b\222b\221\002\000\002\323"
  30      6062E064 
  30      60606061 
  30      90629462 
  30      92629102 
  31 0017 0084     		.ascii	"\000\204"
  32              		.text
ARM GAS  /tmp/ccztbGZx.s 			page 2


  33              		.section	.gnu.lto_nvicEnableVector.7ce7df53d3dadb3e,"",%progbits
  34 0000 789C9D53 		.ascii	"x\234\235S\317O\023Q\020~\337N\267\273\205R\317F\"\034"
  34      CF4F1351 
  34      107EDF4E 
  34      B7BB8552 
  34      CF46221C 
  35 0014 4C0807BB 		.ascii	"L\010\007\273\342\301\273\222x#&\372\027h/4\221\226"
  35      E2C1BB92 
  35      782326FA 
  35      17682F34 
  35      9196
  36 0026 8021DE78 		.ascii	"\200!\336x-\330\306j\224(\00516[\023\224\002B)\242\002"
  36      2DD8C66A 
  36      94280531 
  36      365B1394 
  36      024229A2 
  37 003b 6AD23424 		.ascii	"j\3224$\246\0074\032o&\036\304Hz\250\301\306\203\007"
  37      A607341A 
  37      6F261EC4 
  37      487AA8C1 
  37      C68307
  38 004e 8ACEDB6D 		.ascii	"\212\316\333m\242\211z\320\227\274\0373\363}3\363\275"
  38      A2897AD0 
  38      97BC1F33 
  38      F37D33F3 
  38      BD
  39 005f B7AB0B4D 		.ascii	"\267\253\013M\234 !\216\011!\016\360\004\011hc/\205"
  39      9C20218E 
  39      09210EF0 
  39      04096863 
  39      2F85
  40 0071 88991AA0 		.ascii	"\210\231\032\240\016\322\204\030\3260\214\3534I(%?\255"
  40      0ED28418 
  40      D6308CEB 
  40      34492825 
  40      3FAD
  41 0083 699D3392 		.ascii	"i\2353\222Gq\262\266_\346\212\260\231>\305S\015\314"
  41      4771B2B6 
  41      5FE68AB0 
  41      993EC553 
  41      0DCC
  42 0095 A09351AF 		.ascii	"\240\223Q\257G\227\356\3205\262\011\360\260\371e\363"
  42      4797EED0 
  42      35B209F0 
  42      B0F965F3 
  43 00a5 F6564099 		.ascii	"\366V@\231\032\332\331\254\313\361\211\000\035\201\340"
  43      1ADAD9AC 
  43      CBF18900 
  43      1D81E0
  44 00b4 F35429FD 		.ascii	"\363T)\375\256\245\343\236\224qY\334\030'y\310&\302"
  44      AEA5E39E 
  44      947159DC 
  44      182779C8 
  44      26C2
  45 00c6 1C881362 		.ascii	"\034\210\023b\026\255\310\241U\260K`\036\035\014\237"
  45      16ADC8A1 
  45      55B04B60 
ARM GAS  /tmp/ccztbGZx.s 			page 3


  45      1E1D0C9F 
  46 00d6 8F6F5789 		.ascii	"\217oW\211\216:\324\313\345\372\226\321\240~L7\250\017"
  46      8E3AD4CB 
  46      E5FA96D1 
  46      A07E4C37 
  46      A80F
  47 00e8 FE405D40 		.ascii	"\376@]@\207\302\177(\354\245[\274\036\267W,\302\013"
  47      87C27F28 
  47      ECA55BBC 
  47      1EB7572C 
  47      C20B
  48 00fa DEF36F50 		.ascii	"\336\363oP\224{\337\223\262\370\366>&O\372\001\005\327"
  48      947BDF93 
  48      B2F8F63E 
  48      264FFA01 
  48      05D7
  49 010c 98E821B5 		.ascii	"\230\350!\265\350P\225\015>\352\246Z|\274x\205Hq\016"
  49      E850950D 
  49      3EEAA65A 
  49      7CBC7885 
  49      48710E
  50 011f 75395748 		.ascii	"u9WHS;U\020\257%\353\371&\2256CZ\206 *\030\331I\300"
  50      533B5510 
  50      AF25EBF9 
  50      26953643 
  50      5A86202A 
  51 0137 7510FB7E 		.ascii	"u\020\373~\275\026/<\310s{\025\224&\312m\012\303\321"
  51      BD162F3C 
  51      C8737B15 
  51      9426CA6D 
  51      0AC3D1
  52 014a 894BA557 		.ascii	"\211K\245W\206\212\032\216\274\225\273\237\277\371]"
  52      868A1A8E 
  52      BC95BB9F 
  52      BFF95D
  53 0159 53964664 		.ascii	"S\226Fd\200]7\252\265\325\200\215L\214o?{\320&\023\005"
  53      805D37AA 
  53      B5D5808D 
  53      4C8C6F3F 
  53      7BD02613 
  54 016e D6B9C489 		.ascii	"\326\271\304\211\024a\363\375\362\330>kA\216\306d\273"
  54      1461F3FD 
  54      F2D83E6B 
  54      418EC664 
  54      BB
  55 017f 4D3E2CC3 		.ascii	"M>,\303\306-\347]T\266\271\2579\352\312\253`6bS\023"
  55      C62DE75D 
  55      54B6B9AF 
  55      39EACAAB 
  55      60366253 
  56 0194 1EC2CA90 		.ascii	"\036\302\312\220\356\274\331\012\272\270E\325p-\221"
  56      EEBCD90A 
  56      BAB845D5 
  56      702D91
  57 01a3 29641B3D 		.ascii	")d\033=\033\034fbyz}\327\357\366\254\343\221\323\363"
  57      1B1C6662 
  57      797A7DD7 
ARM GAS  /tmp/ccztbGZx.s 			page 4


  57      EFF6ACE3 
  57      91D3F3
  58 01b6 C86E62D6 		.ascii	"\310nb\326\347\202L\027tszq\255E\201t\264\341\261\013"
  58      E7824C17 
  58      74737A71 
  58      AD458174 
  58      B4E1B10B 
  59 01ca DA49940D 		.ascii	"\332I\224\015\027\344S\3657^$L7\015\360\004\255Lu\325"
  59      17E453F5 
  59      375E244C 
  59      370DF004 
  59      AD4C75D5 
  60 01de 5B0DF5FF 		.ascii	"[\015\365\377\242\255\031\253\2166\374\256m\310&?\326"
  60      A2AD19AB 
  60      8E36FCAE 
  60      6DC8263F 
  60      D6
  61 01ef 9436C3D1 		.ascii	"\2246\303\321\266\256\264\371\234R\225\324V\363\177"
  61      B6AEB4F9 
  61      9C5295D4 
  61      56F37F
  62 01fe 157BEA14 		.ascii	"\025{\352\024\323\376R\354\331\317b\317\335bU\304\263"
  62      D3FE52EC 
  62      D9CF62CF 
  62      DD6255C4 
  62      B3
  63 020f F9ABCE35 		.ascii	"\371\253\3165:?E\212\033\345\217\204\023\034\016\006"
  63      3A3F458A 
  63      1BE58F84 
  63      131C0E06 
  64 021f ADEEDEF0 		.ascii	"\255\356\336\360\271\360\2513Vt\320\352={\336\352\217"
  64      B9F0A933 
  64      5674D0EA 
  64      3D7BDEEA 
  64      8F
  65 0230 0E5C18B4 		.ascii	"\016\\\030\264B\321\276\276h\304:~\272\247\273\347\242"
  65      42D1BEBE 
  65      68C43A7E 
  65      BAA7BBE7 
  65      A2
  66 0241 15190A87 		.ascii	"\025\031\012\207\202!\201\210\247\177 \034\375\001\257"
  66      82218188 
  66      A77F201C 
  66      FD01AF
  67 0250 FE179E   		.ascii	"\376\027\236"
  68              		.text
  69              		.section	.gnu.lto_nvicDisableVector.7ce7df53d3dadb3e,"",%progbits
  70 0000 789C9592 		.ascii	"x\234\225\222\317k\023Q\020\307\347\273\263I\266\266"
  70      CF6B1351 
  70      10C7E7BB 
  70      B349B6B6 
  71 0010 8957C1A0 		.ascii	"\211W\301\240=\010\245\007\363\314\237 \005oE\320\277"
  71      3D08A507 
  71      F3CC9F20 
  71      056F45D0 
  71      BF
  72 0021 4083D080 		.ascii	"@\203\320\200M\304J\361\326\227\376\330BE-\332\246V"
ARM GAS  /tmp/ccztbGZx.s 			page 5


  72      4DC44AF1 
  72      D697FED8 
  72      42452DDA 
  72      A656
  73 0033 0C1B21D2 		.ascii	"\014\033!\322\264\265M\177Dm=\205E\220\200Q\024<\011"
  73      B4B54D7F 
  73      446D3D85 
  73      45908051 
  73      143C09
  74 0046 1EAC881E 		.ascii	"\036\254\210\036*Zz\360P\253\363v=\010\236|\360~\314"
  74      2A5A7AF0 
  74      50ABF376 
  74      3D089E7C 
  74      F07ECC
  75 0059 DBCFCC77 		.ascii	"\333\317\314wf\336F\310\242\013\026Q\232\210\016\313"
  75      66DE46C8 
  75      A20B1651 
  75      9A880ECB 
  76 0069 0413ACC9 		.ascii	"\004\023\254\311\227D\005\307\002\314A;\240!\013C\270"
  76      974405C7 
  76      02CC413B 
  76      A0210B43 
  76      B8
  77 007a C9330C7F 		.ascii	"\3113\014\177\374\323\246\325=\247e4f\352QW\217\035"
  77      FCD3A6D5 
  77      3DA76534 
  77      66EA5157 
  77      8F1D
  78 008c F2986856 		.ascii	"\362\230hV\246\031\230C\267P\257GW\356\361\015\366\030"
  78      A6199843 
  78      B750AF47 
  78      57EEF10D 
  78      F618
  79 009e B0C5FCDE 		.ascii	"\260\305\374\336\272\273\2250\246\205N1\177\352\251"
  79      BABB9530 
  79      A6854E31 
  79      7FEAA9
  80 00ad 62824F80 		.ascii	"b\202O\200\344<\353O\277\213w=\320zX7^L\261>\3461c\001"
  80      E43CEB4F 
  80      BF8B773D 
  80      D07A5837 
  80      5E4CB13E 
  81 00c5 2C01318F 		.ascii	",\0011\217$\252H\222\\\021\026\321e\370\017\253\373"
  81      24AA4892 
  81      5C1116D1 
  81      65F80FAB 
  81      FB
  82 00d6 D3F1A81D 		.ascii	"\323\361\250\035\012\342!\242\220\275\366\006\015\275"
  82      0AE221A2 
  82      90BDF606 
  82      0DBD
  83 00e4 FF6B5C37 		.ascii	"\377k\\7>V\360\366\224\003\030\334\022G\233\315b\313"
  83      3E56F0F6 
  83      940318DC 
  83      12479BCD 
  83      62CB
  84 00f6 12219A10 		.ascii	"\022!\232\020\037S\3215\266\314\316_0\262\343\266\326"
ARM GAS  /tmp/ccztbGZx.s 			page 6


  84      1F53D135 
  84      B6CCCE5F 
  84      30B2E3B6 
  84      D6
  85 0107 CB30714A 		.ascii	"\3130qJl\225\030\242\320\254<\335\3530\311F\020\301"
  85      6C9518A2 
  85      D0AC3CDD 
  85      EB30C946 
  85      10C1
  86 0119 92C80BB6 		.ascii	"\222\310\013\266\347\316\267\205\020\207\320\355\312"
  86      E7CEB785 
  86      1087D0ED 
  86      CA
  87 0126 F266DC40 		.ascii	"\362f\334@6\216b9\204\276\271\315X\010\231\232\353\317"
  87      368E6239 
  87      84BEB9CD 
  87      5808999A 
  87      EBCF
  88 0138 9EBB4E18 		.ascii	"\236\273N\030\006\250!)\256\002\371\305\2462\214\000"
  88      06A82129 
  88      AE02F9C5 
  88      A6328C00 
  89 0148 C531FF55 		.ascii	"\3051\377U\314\000\321\240\021\365\373_\177t\204\246"
  89      CC00D1A0 
  89      11F5FB5F 
  89      7F7484A6 
  90 0158 F6477442 		.ascii	"\366GtB\256nm\357l$<\224\012\322\354\362\021\217cX\225"
  90      AE6E6DEF 
  90      6C243C94 
  90      0AD2ECF2 
  90      118F6358 
  91 016d 8EAC889A 		.ascii	"\216\254\210\232qh\275_\233<\250\226\364hAwz\354`\015"
  91      7168BD5F 
  91      9B3CA896 
  91      F4684177 
  91      7AEC600D 
  92 0181 1EEE04CF 		.ascii	"\036\356\004\317`\242-\354V9]3\037\313\203\036\267a"
  92      60A22DEC 
  92      56395D33 
  92      1FCB831E 
  92      B761
  93 0193 1D4A2A0C 		.ascii	"\035J*\014\236\250\216\264\244h\222\331\375\\\335\212"
  93      9EA88EB4 
  93      A46892D9 
  93      FD5CDD8A 
  94 01a3 FD49E77F 		.ascii	"\375I\347\177\304\016\340Q \206\177\305r\036\267\343"
  94      C40EE051 
  94      20867FC5 
  94      721EB7E3 
  95 01b3 B1114320 		.ascii	"\261\021C \366\004\351\277km\007aCbnc\270\274x=h|\360"
  95      F604E9BF 
  95      6B6D0761 
  95      43626E63 
  95      B8BC783D 
  96 01ca DF4C082E 		.ascii	"\337L\010.O\"\011\036O\245TO_\366|\366\364Y\225\037"
  96      4F22091E 
  96      4FA5544F 
ARM GAS  /tmp/ccztbGZx.s 			page 7


  96      5FF67CF6 
  96      F459951F 
  97 01de 507DE72E 		.ascii	"P}\347.\252K\371\313W\006T&\337\337\237\317\251\223"
  97      AA4BF9CB 
  97      57065426 
  97      DFDF9FCF 
  97      A993
  98 01f0 677A7B7A 		.ascii	"gz{z\257\252\334`6\223\312\020r\277\001\327I\322\272"
  98      AFAADC60 
  98      3693CA10 
  98      72BF01D7 
  98      49D2BA
  99              		.text
 100              		.section	.gnu.lto_nvicSetSystemHandlerPriority.7ce7df53d3dadb3e,"",%progbits
 101 0000 789C6D92 		.ascii	"x\234m\222\317KTQ\024\307\357\367\2357\357=\177\322"
 101      CF4B5451 
 101      14C7EFF7 
 101      9D37EF3D 
 101      7FD2
 102 0012 5242C445 		.ascii	"RB\304E .\364%\264h\321&f-A\375\005f\201C:#\032\321"
 102      202EF425 
 102      B468D126 
 102      662D41FD 
 102      05668143 
 103 002a 6EEEFCD0 		.ascii	"n\356\374\320!\005\213j\374U\362\004\011K\363g?\307"
 103      21058B6A 
 103      FC55F204 
 103      094BF367 
 103      3FC7
 104 003c ACC436CD 		.ascii	"\254\3046\315B\243\026\021\266*\305\260\024*]D\241v"
 104      42A31611 
 104      B62AC5B0 
 104      142A5D44 
 104      A176
 105 004e CE9B095C 		.ascii	"\316\233\011\\ty\367\335{\316=?>\347\334\033P\206\032"
 105      7479F7DD 
 105      7BCE3D3F 
 105      3EE7DC1B 
 105      50861A
 106 0061 33943AA1 		.ascii	"3\224:\241\224:\306\023\001\005\343\332\262R1\3070h"
 106      943AC613 
 106      0105E3DA 
 106      B25231C7 
 106      3068
 107 0073 AE42E942 		.ascii	"\256B\351B\363\275\253t1\301\314\251M@6\332\201\212"
 107      F3BDAB74 
 107      31C1CCA9 
 107      4D4036DA 
 107      818A
 108 0085 1A64228A 		.ascii	"\032d\"\212\253\324GXL\255g\214\352Q\315c\241o\307\352"
 108      ABD44758 
 108      4CAD678C 
 108      EA51CD63 
 108      A16FC7EA 
 109 0099 D41D651E 		.ascii	"\324\035e\036)5\300S\006FQ\315Vo\223\323\267\251\207"
 109      2935C053 
 109      064651CD 
ARM GAS  /tmp/ccztbGZx.s 			page 8


 109      566F93D3 
 109      B7A987
 110 00ac 3C024C16 		.ascii	"<\002L\026\177,\015\256\226\212h\240\222\305\304\215"
 110      7F2C0DAE 
 110      968A68A0 
 110      92C5C48D 
 111 00bc 17F30E1D 		.ascii	"\027\363\016\035\205\342\375\226\316\306\254\252;Z\307"
 111      85E2FD96 
 111      CEC6ACAA 
 111      3B5AC7
 112 00cb F5C25A9A 		.ascii	"\365\302Z\232\364\021\217\010c \016\210{(\307]\224+"
 112      F4118F08 
 112      63200E88 
 112      7B28C75D 
 112      942B
 113 00dd 56298CA3 		.ascii	"V)\214\243\212\315\307\343_\266\210\216\373\256W\262"
 113      8ACDC7E3 
 113      5FB6888E 
 113      FBAE57B2 
 114 00ed BBAB76DE 		.ascii	"\273\253v\336u\247/\357z\377?\256\023\250\022\373\317"
 114      75A72FEF 
 114      7AFF3FAE 
 114      13A812FB 
 114      CF
 115 00fe 337BE912 		.ascii	"3{\351\022\313\034\371\207\213IX\340\205\025S\357\260"
 115      CB1CF987 
 115      8B4958E0 
 115      851553EF 
 115      B0
 116 010f A0F7F653 		.ascii	"\240\367\366S\314P\266\262\355\024\030\220|\001\210"
 116      CC50B6B2 
 116      ED141890 
 116      7C0188
 117 011e ABC5414C 		.ascii	"\253\305AL[~Ju\261\237t\245\233\014Yi\015\311\017\257"
 117      5B7E4A75 
 117      B19F74A5 
 117      9B0C5969 
 117      0DC90FAF 
 118 0132 D66F5912 		.ascii	"\326oY\022j\210\014N\362\347\327\362s[J%\024a\212\011"
 118      6A880C4E 
 118      F2E7D7F2 
 118      735B4A25 
 118      14618A09 
 119 0146 647433C5 		.ascii	"dt3\305\\\005}C\262R,\005&\223\331\374hGw\265\343Q`"
 119      5C057D43 
 119      B2522C05 
 119      2693D9FC 
 119      684777B5 
 120 015d 8004631A 		.ascii	"\200\004c\032Q9\350\355X|\343\007\260\374\"\023\277"
 120      5139E8ED 
 120      587CE307 
 120      B0FC2213 
 120      BF
 121 016e 5F6E97B2 		.ascii	"_n\227\262\035w\331\022r\321e\007\307/x\030\212\035"
 121      1D77D912 
 121      72D16507 
 121      C72F7818 
ARM GAS  /tmp/ccztbGZx.s 			page 9


 121      8A1D
 122 0180 F2C8C62C 		.ascii	"\362\310\306,\337\314\214\344\341\203\375\257\263\223"
 122      DFCC8CE4 
 122      E183FDAF 
 122      B393
 123 018e 056CDCAF 		.ascii	"\005l\334\257u\245\004x\000\017~B<D\324#\307G1}\362"
 123      75A50478 
 123      000F7E42 
 123      3C44D423 
 123      C747317D 
 124 01a3 0DC47FA6 		.ascii	"\015\304\177\246\2262\363\310\241\363\027P\033H|\357"
 124      9632F3C8 
 124      A1F31750 
 124      1B487CEF 
 125 01b3 CC2B6CD6 		.ascii	"\314+l\326\035\274\310\002\230x\304i6\260\330\233\255"
 125      1DBCC802 
 125      9878C469 
 125      36B0D89B 
 125      AD
 126 01c4 119B83AC 		.ascii	"\021\233\203\254\205>k,3\1773\220\023\365JB\227\212"
 126      853E6B2C 
 126      337F3390 
 126      13F54A42 
 126      978A
 127 01d6 7F7FFC93 		.ascii	"\177\177\374\223#\254\374^\206\017{T\204'|3\217\363"
 127      23ACFC5E 
 127      860F7B54 
 127      84277C33 
 127      8FF3
 128 01e8 BC9BE9D7 		.ascii	"\274\233\351\327c\205\356\204N\306\204\267\030O\231"
 128      6385EE84 
 128      4EC684B7 
 128      184F99
 129 01f7 B7DF7F49 		.ascii	"\267\337\177I|8r}(X7%g\303a\217J\220\201\313-\366\037"
 129      7C38727D 
 129      28583725 
 129      67C3618F 
 129      4A9081CB 
 130 020e D91CEA98 		.ascii	"\331\034\352\230Pm!>\374\254'W\241\214.\356#\327\306"
 130      506D213E 
 130      FCAC2757 
 130      A18C2EEE 
 130      23D7C6
 131 0221 3635B5B5 		.ascii	"65\265\265n\260)t6t\352\214\033iw\233\032\232\335\326"
 131      6EB02974 
 131      3674EA8C 
 131      1B69779B 
 131      1A9ADDD6 
 132 0235 48DBC576 		.ascii	"H\333\305v\2671\322\322\022\011\273'O\327\007\353/\273"
 132      B731D2D2 
 132      1209BB27 
 132      4FD707EB 
 132      2FBB
 133 0247 E14BA1C6 		.ascii	"\341K\241\306\332Fe75\204\3175\237o3[\333B\221\277\230"
 133      DA466537 
 133      3584CF35 
 133      9F6F335B 
ARM GAS  /tmp/ccztbGZx.s 			page 10


 133      DB4291BF 
 134 025c C4EDBD   		.ascii	"\304\355\275"
 135              		.text
 136              		.section	.gnu.lto___func__.8892.7ce7df53d3dadb3e,"",%progbits
 137 0000 789C6365 		.ascii	"x\234ce`b\020e``\220g\200\200\351\314\214\037\036\317"
 137      60621065 
 137      60609067 
 137      8080E9CC 
 137      8C1F1ECF 
 138 0014 B9CCA4C8 		.ascii	"\271\314\244\3104\277\201c>3\003\003\343rFE\006\331"
 138      34BF8163 
 138      3E330303 
 138      E3724645 
 138      06D9
 139 0026 BCB2CCE4 		.ascii	"\274\262\314\344\340\324\222\340\312\342\222\324\\\217"
 139      E0D492E0 
 139      CAE292D4 
 139      5C8F
 140 0034 C4BC949C 		.ascii	"\304\274\224\234\324\242\200\242\314\374\242\314\222"
 140      D4A280A2 
 140      CCFCA2CC 
 140      92
 141 0041 4A0600E6 		.ascii	"J\006\000\346\254\022o"
 141      AC126F
 142              		.text
 143              		.section	.gnu.lto_nvicClearPending.7ce7df53d3dadb3e,"",%progbits
 144 0000 789C2D51 		.ascii	"x\234-Q\317OSA\020\236o\347\275\266$\264^Ml\224\203"
 144      CF4F5341 
 144      109E6FE7 
 144      BDB624B4 
 144      5E4D6C94 
 145 0015 0921C63E 		.ascii	"\011!\306>\373'\030\016\236\010\011\376\005\332\013"
 145      FB27180E 
 145      9E0809FE 
 145      05DA0B
 146 0024 4DA43562 		.ascii	"M\2445b\2107\266\005\332\210\211\020\205\"\306\346\325"
 146      8837B605 
 146      DA888910 
 146      8522C6E6 
 146      D5
 147 0035 58C30F85 		.ascii	"X\303\017\205\002z\020\2744/^8\240\301\253\306\203&"
 147      027A10BC 
 147      342F5E38 
 147      A0C1ABC6 
 147      8326
 148 0047 261E20DA 		.ascii	"&\036 \332x\360\000\350\314{n\262\2733\337~\363\315"
 148      78F000E8 
 148      CC7B6EB2 
 148      BB33DF7E 
 148      F3CD
 149 0059 EC8C4B86 		.ascii	"\354\214K\206\016A\224%\2423\262\301\0043\373\236\250"
 149      0E419425 
 149      A233B2C1 
 149      0433FB9E 
 149      A8
 150 006a 9430801A 		.ascii	"\2240\200\0326\001\0327\030\307\014/0\202\352\367m\323"
 150      36011A37 
ARM GAS  /tmp/ccztbGZx.s 			page 11


 150      18C70C2F 
 150      3082EAF7 
 150      6DD3
 151 007c B76465B5 		.ascii	"\267de\265\027v\342\025;u\332g\242E\331\272\260\204"
 151      1776E215 
 151      3B75DA67 
 151      A245D9BA 
 151      B084
 152 008e 3E61ED4F 		.ascii	">a\355On<\341\373\3543\340\210\373k\357\361\267\224"
 152      6E3CE1FB 
 152      EC33E088 
 152      FB6BEFF1 
 152      B794
 153 00a0 BA063DE2 		.ascii	"\272\006=\342\036\333\271Z\212/\201\304^\014\346?%{"
 153      1EDBB95A 
 153      8A2F81C4 
 153      5E0CE63F 
 153      257B
 154 00b2 9F5B5BB6 		.ascii	"\237[[\266\355wsl\317\373\314X\005\213 V\220\3062\322"
 154      ED77736C 
 154      CFFBCC58 
 154      058B2056 
 154      90C632D2 
 155 00c6 2410E105 		.ascii	"$\020\341\005z\225\377u\363d>\031s\242\204x\211\230"
 155      7A95FF75 
 155      F3643E19 
 155      73A28478 
 155      8998
 156 00d8 D44EAD8F 		.ascii	"\324N\255\217h\333\223\277U\333\376\334\304\376\225"
 156      68DB93BF 
 156      55DBFEDC 
 156      C4FE95
 157 00e7 04A07423 		.ascii	"\004\240t#\201\016\353\341\310\341\272j\021MK\240~\353"
 157      810EEBE1 
 157      C8E1BA6A 
 157      114D4BA0 
 157      7EEB
 158 00f9 1E1BBDF9 		.ascii	"\036\033\275\371\007&:\225\343\267\015\250X\235M\235"
 158      07263A95 
 158      E3B70DA8 
 158      589D4D9D 
 159 0109 2169769B 		.ascii	"!iv\233;G\335Z\261\013\027kR\203\320\216*w\273\"\022"
 159      3B47DD5A 
 159      B10B176B 
 159      5283D08E 
 159      2A77BB22 
 160 011e 47A487CD 		.ascii	"G\244\207\315\365\355\244\222\034\234\303zD\372YY\211"
 160      F5EDA492 
 160      1C9CC37A 
 160      44FA5959 
 160      89
 161 012f 47240717 		.ascii	"G$\007\027\322B\025\260\334\251\376Ww\005\026 \250\355"
 161      D24215B0 
 161      DCA9FE57 
 161      77051620 
 161      A8ED
 162 0141 6614108D 		.ascii	"f\024\020\215\332T\360!\256\032\261\260\035\257\237"
ARM GAS  /tmp/ccztbGZx.s 			page 12


 162      DA54F021 
 162      AE1AB1B0 
 162      1DAF9F
 163 0150 1EFEE98E 		.ascii	"\036\376\351\216\\\033L\330\224@\017\016:oR>\352%iy"
 163      5C1B4CD8 
 163      94400F0E 
 163      3A6F523E 
 163      EA256979 
 164 0164 E3ACCF71 		.ascii	"\343\254\317qlH_Z\222N\003\366\276l\315\236\362\326"
 164      6C485F5A 
 164      924E03F6 
 164      BE6CCD9E 
 164      F2D6
 165 0176 EC64C9F6 		.ascii	"\354d\311\366\370\234\300&|<\012\207\241j\253\277\227"
 165      F89CC026 
 165      7C3C0A87 
 165      A16AABBF 
 165      97
 166 0187 39DBD2C7 		.ascii	"9\333\322\307\306\230\317]\330\202'_\014\007\365\012"
 166      C698CF5D 
 166      D882275F 
 166      0C07F50A 
 167 0197 59A9870E 		.ascii	"Y\251\207\016Pn<\233\011\313\013\0078\315\320\266\010"
 167      506E3C9B 
 167      09CB0B07 
 167      38CDD0B6 
 167      08
 168 01a8 E76226E3 		.ascii	"\347b&\343\365\017\347\257\347\007\257z\305Qo\370\332"
 168      F50FE7AF 
 168      E707AF7A 
 168      C5516FF8 
 168      DA
 169 01b9 0DEF66F1 		.ascii	"\015\357f\361\326\355Q/W\034\031)\026\274\313C\003\375"
 169      D6ED512F 
 169      571C1929 
 169      16BCCB43 
 169      03FD
 170 01cb 0377BCC2 		.ascii	"\003w\274\302X>\227\311\021\012\377\000\266\001\252"
 170      583E97C9 
 170      110AFF00 
 170      B601AA
 171 01da 64       		.ascii	"d"
 172              		.text
 173              		.section	.gnu.lto_.symbol_nodes.7ce7df53d3dadb3e,"",%progbits
 174 0000 789C55CA 		.ascii	"x\234U\312\271\021\2000\020C\321o\0317B\015\024\000"
 174      B9118030 
 174      1043D16F 
 174      1937420D 
 174      1400
 175 0012 F550C46E 		.ascii	"\365P\304n\011\024C\2029\"bjb!\263\022\315<\251 f\""
 175      09144382 
 175      3922626A 
 175      6221B312 
 175      CD3CA920 
 176 0028 DA64B03C 		.ascii	"\332d\260<\020U}\012\251\262\324\312.S#\345\022\336"
 176      10557D0A 
 176      A9B2D4CA 
ARM GAS  /tmp/ccztbGZx.s 			page 13


 176      2E5323E5 
 176      12DE
 177 003a 43D621CB 		.ascii	"C\326!\313\315\224NY\367\013\270\217\337\247p\257\003"
 177      CD944E59 
 177      F70BB88F 
 177      DFA770AF 
 177      03
 178 004b 2FB22519 		.ascii	"/\262%\031\320"
 178      D0
 179              		.text
 180              		.section	.gnu.lto_.refs.7ce7df53d3dadb3e,"",%progbits
 181 0000 789C6365 		.ascii	"x\234ce`b`c```dbbfb\000\000\000\315\000\030"
 181      60626063 
 181      60606064 
 181      62626662 
 181      000000CD 
 182              		.text
 183              		.section	.gnu.lto_.decls.7ce7df53d3dadb3e,"",%progbits
 184 0000 789CBD58 		.ascii	"x\234\275X{PT\327\031\337s\317\002\313\202h\221Il\202"
 184      7B5054D7 
 184      19DF73CF 
 184      02CB8268 
 184      91496C82 
 185 0014 998C6346 		.ascii	"\231\214cF\332&\256\232tj\247\1774d\325\312\037&\314"
 185      DA26AE9A 
 185      746AA77F 
 185      3464D5CA 
 185      1F26CC
 186 0027 626CFF63 		.ascii	"bl\377c\020I\245E\310\000\266a:\235^\004\024\321\020"
 186      1049A545 
 186      C800B661 
 186      3A9D5E04 
 186      14D110
 187 003a 50549E01 		.ascii	"PT\236\001AD\005\005\004AAt\001E\036\202\212\"\202\274"
 187      41440505 
 187      04414174 
 187      01451E82 
 187      8A2282BC 
 188 004e 44444044 		.ascii	"DD@D\036>\000\021\372\235\307\335\275\334\354:\371\243"
 188      1E3E0011 
 188      FA9DC7DD 
 188      BDDCEC3A 
 188      F9A3
 189 0060 D33BF3ED 		.ascii	"\323;\363\355\335s\316\357|\347\367=\3169\337\256\215"
 189      DD73CEEF 
 189      7CE7F73D 
 189      CE39DFAE 
 189      8D
 190 0071 4A50AD7B 		.ascii	"JP\255{O\245\362\022T\252{H\245\232\203\307V\245R\235"
 190      4FA5F212 
 190      54AA7B48 
 190      A59A83C7 
 190      56A5529D 
 191 0085 56991F1B 		.ascii	"V\231\037\033\2202\220K F\220*\220F\020\200\253\356"
 191      9032904B 
 191      2046902A 
 191      90461080 
ARM GAS  /tmp/ccztbGZx.s 			page 14


 191      ABEE
 192 0097 AAE63F3B 		.ascii	"\252\346?;\241s\001\274\267\2008\203\270\200\024\201"
 192      A17301BC 
 192      B7803883 
 192      B8801481 
 193 00a7 B882AC00 		.ascii	"\270\202\254\000\371\012\304\0150+@\236\301\367\021"
 193      F90AC40D 
 193      302B409E 
 193      C1F711
 194 00b6 90399059 		.ascii	"\2209\220Y\020\014\362\016\364/\005y\0371\375e\252\237"
 194      100CF20E 
 194      F42F0579 
 194      1F31FD65 
 194      AA9F
 195 00c8 3EFF8601 		.ascii	">\377\206\001G\013k(\365Kz\245u\004\302\003\2615\020"
 195      470B6B28 
 195      F54B7AA5 
 195      7504C203 
 195      B13510
 196 00db B747F984 		.ascii	"\267G\371\204\303\200\223\025\376\277\202\261_\203\264"
 196      C3809315 
 196      FEBF82B1 
 196      5F83B4
 197 00ea C0F7EB7C 		.ascii	"\300\367\353|\255\177A;\014\344\317\210\255A\364\372"
 197      AD7F413B 
 197      0CE4CF88 
 197      AD41F4FA 
 198 00fa 20B696F1 		.ascii	" \266\226\361-~:\3159\264X\340 =Q\000\320Z\261\323\323"
 198      2D7E3ACD 
 198      39B458E0 
 198      203D5100 
 198      D05AB1D3 
 199 010f 829D44DF 		.ascii	"\202\235D\337R\256\267\312\202\276#\030\275\311/\216"
 199      52AEB7CA 
 199      82BE2318 
 199      BDC92F8E 
 200 011f 71E8421D 		.ascii	"q\350B\035\210\300\026!\372Bt\020^\210\277i\022\320"
 200      88C01621 
 200      FA427410 
 200      5E88BF69 
 200      12D0
 201 0131 C7348C04 		.ascii	"\3074\214\004\025_\000\321\036\016f_h[\340\272$ \347"
 201      155F00D1 
 201      1E0E665F 
 201      685BE0BA 
 201      2420E7
 202 0144 C141728D 		.ascii	"\301Ar\215\246\251\246G\352C\363U\302\210\200L\035\010"
 202      A6A9A647 
 202      EA43F355 
 202      C288804C 
 202      1D08
 203 0156 C927C814 		.ascii	"\311'\310\024\"\211\020\035A\362\205\031{,Y?\274\177"
 203      2289101D 
 203      41F28519 
 203      7B2C593F 
 203      BC7F
 204 0168 225DDD8D 		.ascii	"\"]\335\215:\021rPe|\216h_\312\235\336,\001\303:\360"
ARM GAS  /tmp/ccztbGZx.s 			page 15


 204      3A117250 
 204      657C8E68 
 204      5FCA9DDE 
 204      2C01C33A 
 205 017d BD7BEAC4 		.ascii	"\275{\352\304\206\225y\"{4\2771\273\255\263\366d.\216"
 205      86957922 
 205      7B34BF31 
 205      BBADB3F6 
 205      642E8E
 206 0190 C5688516 		.ascii	"\305h\205\026\2215\027BW\376\360\205\251\005\254\213"
 206      91351742 
 206      57FEF085 
 206      A905AC8B 
 207 01a0 209A7F18 		.ascii	" \232\177\030?f\207]\351\367[\221\005\251\004\355\254"
 207      3F66875D 
 207      E9F75B91 
 207      05A904ED 
 207      AC
 208 01b1 456A688E 		.ascii	"Ejh\2165&?t\202\246\213\026}x\004\013I\365\255Uj\344"
 208      35263F74 
 208      82A68B16 
 208      7D78040B 
 208      49F5AD55 
 209 01c7 A63D4E16 		.ascii	"\246=N\0261\316=_\021\277G\024\005T\210\264\3504\302"
 209      31CE3D5F 
 209      11BF4714 
 209      055488B4 
 209      E834C2
 210 01da E8145A49 		.ascii	"\350\024ZIx\257 \201\217\026\305]b\\\204h\277Q\205\362"
 210      78AF2081 
 210      8F16C55D 
 210      625C8468 
 210      BF5185F2 
 211 01ee 912B3A83 		.ascii	"\221+:\203\\U\250\000\271\221E\011\016\345Ag.t\302*"
 211      5C55A800 
 211      B9914509 
 211      0EE54167 
 211      2E74C22A 
 212 0202 278FC567 		.ascii	"'\217\305g\332\342\257\011\001\241\346\322\375{j\244"
 212      DAE2AF09 
 212      01A1E6D2 
 212      FD7B6AA4 
 213 0212 75B338BF 		.ascii	"u\2638\277\330\302|\306\345U\312\262\232(\302\245\010"
 213      D8C27CC6 
 213      E555CAB2 
 213      9A28C2A5 
 213      08
 214 0223 B89C3573 		.ascii	"\270\2345s\001j\314\015US\335\213\324\020`\012\330\252"
 214      016ACC0D 
 214      5553DD8B 
 214      D410600A 
 214      D8AA
 215 0235 265D31D9 		.ascii	"&]1\331u\323\330\324w\016\321\316\253s\257\214\013\231"
 215      75D3D8D4 
 215      770ED1CE 
 215      AB73AF8C 
 215      0B99
ARM GAS  /tmp/ccztbGZx.s 			page 16


 216 0247 0304E29B 		.ascii	"\003\004\342\233\321\353i\016\314\001\213\240\331pk"
 216      D1EB690E 
 216      CC018BA0 
 216      D9706B
 217 0256 BCD571C9 		.ascii	"\274\325q\311a\352\344\010q\221\200\266\274\203\316"
 217      61EAE408 
 217      719180B6 
 217      BC83CE
 218 0265 03915220 		.ascii	"\003\221R \242B\027\320\022\370,\001Et\311\003\345\267"
 218      A24217D0 
 218      12F82C01 
 218      4574C903 
 218      E5B7
 219 0277 FB846519 		.ascii	"\373\204e\031bF\217h\274qb\371\343\263\242\010\024E"
 219      62468F68 
 219      BC7162F9 
 219      E3B3A208 
 219      1445
 220 0289 35C1A193 		.ascii	"5\301\241\223f\216\360\025>O\240n\204rP\027\244A\031"
 220      668EF015 
 220      3E4FA06E 
 220      84725017 
 220      A44119
 221 029c 5A06D35B 		.ascii	"Z\006\323[\272*F1\316G\310\012\375+\005\271o\234\254"
 221      BA2A4631 
 221      CE47C80A 
 221      FD2B05B9 
 221      6F9CAC
 222 02af 72A9A05C 		.ascii	"r\251\240\\.J\\2\322\262\302\3558\227\346_&\211\306"
 222      2E4A5C32 
 222      D2B2C2ED 
 222      3897E65F 
 222      2689C6
 223 02c2 5D22F116 		.ascii	"]\"\361\026\240P\271\231I\271\222\311%\312\244p\362"
 223      A050B999 
 223      49B992C9 
 223      25CAA470 
 223      F2
 224 02d3 4904C695 		.ascii	"I\004\306\225\214\311\341\262\330r$iz\337\244\211\330"
 224      8CC9E1B2 
 224      D8722469 
 224      7ADFA489 
 224      D8
 225 02e4 74D9ACE9 		.ascii	"t\331\254\351\262R\223\221j\252\3109\342\201\273\230"
 225      B2529391 
 225      6AAAC839 
 225      E281BB98 
 226 02f4 A2E6E2FA 		.ascii	"\242\346\342\372\3356\\\321\320\322y\224*\315\212*\225"
 226      DD365CD1 
 226      D0D27994 
 226      2ACD8A2A 
 226      95
 227 0305 8AAAA822 		.ascii	"\212\252\250\"\343\350\261D\214\2371M-\223\025\323\216"
 227      E3E8B144 
 227      8C9F314D 
 227      2D9315D3 
 227      8E
ARM GAS  /tmp/ccztbGZx.s 			page 17


 228 0316 788A36D4 		.ascii	"x\2126\324=Y\343Ol\221\233+BZ\220\343\322\216P\241k"
 228      3D59E34F 
 228      6C919B2B 
 228      425A90E3 
 228      D28E50A1 
 229 032b E0B92B08 		.ascii	"\340\271+\010K\333+Y\204\024\033\375\017\351f\311:\232"
 229      4BDB2B59 
 229      84141BFD 
 229      0FE966C9 
 229      3A9A
 230 033d 29E2252A 		.ascii	")\342%*\364\251+Z\005\251v\025R\215\014\251P-\370\264"
 230      F4A92B5A 
 230      05A97615 
 230      528D0CA9 
 230      502DF8B4 
 231 0351 067C9A2C 		.ascii	"\006|\232,jh\017,\030\327x4\305^\313gE\277u\026\240"
 231      6A680F2C 
 231      18D77834 
 231      C55ECB67 
 231      45BF7516 
 232 0366 47273AEE 		.ascii	"G':\356\010\2161\246\204Fu\300D\312i\025\252G\216|\253"
 232      088E31A6 
 232      844675C0 
 232      44CA6915 
 232      AA478E7C 
 233 037b 8EA4DEDC 		.ascii	"\216\244\336\334\255\245Q\206>\036\345\335Wz\322\355"
 233      ADA55186 
 233      3E1EE5DD 
 233      577AD2ED 
 234 038b AD46F93A 		.ascii	"\255F\371:\215r\203\024\345\327\211\267\"\026\202K{"
 234      8D728314 
 234      E5D789B7 
 234      2216824B 
 234      7B
 235 039c C88EB8FC 		.ascii	"\310\216\270\374qjA\237\030\255\245(Tmvi5w\002j\244"
 235      716A419F 
 235      18ADA528 
 235      546D7669 
 235      3577026A 
 236 03b1 AECCDED7 		.ascii	"\256\314\336\327{@\203\323\3301\2229\320Xg\303\322\177"
 236      7B4083D3 
 236      D8319239 
 236      D05867C3 
 236      D27F
 237 03c3 29F1ECC1 		.ascii	")\361\354\301\341X\304\322\177\000A\373h\343\304a-\316"
 237      E158C4D2 
 237      7F0041FB 
 237      68E3C461 
 237      2DCE
 238 03d5 65D8F315 		.ascii	"e\330\363\025O\3270\250+99~L\356E\304'\"\267\322Yn\344"
 238      4FD730A8 
 238      2B39397E 
 238      4CEE45C4 
 238      2722B7D2 
 239 03ec 6DEA149D 		.ascii	"m\352\024\235+jf>9\365\352x\266\3069\216\242E\361CD"
 239      2B6A663E 
 239      39F5EA78 
ARM GAS  /tmp/ccztbGZx.s 			page 18


 239      B6C6398E 
 239      A245F143 
 240 0401 A37313E0 		.ascii	"\243s\023\3407(\374\016r\226&\321\234\353N\356\324\312"
 240      3728FC0E 
 240      729626D1 
 240      9CEB4EEE 
 240      D4CA
 241 0413 D1756F43 		.ascii	"\321uoC'\357\316I\320~\224%\3364\222}\267*\345\270\030"
 241      27EFCE49 
 241      D07E9425 
 241      DE34927D 
 241      B72AE5B8 
 242 0428 1D17AE41 		.ascii	"\035\027\256A-\310\031\335\002/@&\312\3466A\317fA\205"
 242      2DC819DD 
 242      022F4026 
 242      CAE63641 
 242      CF664185 
 243 043c EEA28F60 		.ascii	"\356\242\217`j^Kz\271#\263I$F\215U\356)\346\355Q;h'"
 243      6A5E4B7A 
 243      B923B349 
 243      24468D55 
 243      EE29E6ED 
 244 0454 9C7E588A 		.ascii	"\234~X\212X;\316\005\332\003-9\311\013\230\177\304\243"
 244      583BCE05 
 244      DA032D39 
 244      C90B987F 
 244      C4A3
 245 0466 C4416933 		.ascii	"\304Ai33\221j\\\314\034\364\340\356l\003?L#l\210\213"
 245      33916A5C 
 245      CC1CF4E0 
 245      EE6C033F 
 245      4C236C88 
 246 047b 4A060F38 		.ascii	"J\006\0178XuQ\247\344\242\016\346\242\211\373\225\031"
 246      587551A7 
 246      E4A20EE6 
 246      A289FB95 
 246      19
 247 048c 32A3D574 		.ascii	"2\243\325t\353\267\003\274\215\302\273\250\321\235\222"
 247      EBB703BC 
 247      8DC2BBA8 
 247      D19D92
 248 049b D17DD97D 		.ascii	"\321}\331}\031\366\234\271-\311\233\370\336,'\316\234"
 248      19F69CB9 
 248      2DC99BF8 
 248      DE2C27CE 
 248      9C
 249 04ac 10BB19BF 		.ascii	"\020\273\031\277\377\240\2323%w@lk\374\037\361%\306"
 249      FFA09A33 
 249      2577406C 
 249      6BFC1FF1 
 249      25C6
 250 04be F35EE1C1 		.ascii	"\363^\341\301\002\036\364g\004;6\233}\310\326*\317>"
 250      021EF467 
 250      043B369B 
 250      7DC8D62A 
 250      CF3E
 251 04d0 89E743C6 		.ascii	"\211\347C\3063?\252\357\244\006f\273\302\005\203d\267"
ARM GAS  /tmp/ccztbGZx.s 			page 19


 251      333FAAEF 
 251      A40666BB 
 251      C2058364 
 251      B7
 252 04e1 8B2BBB5D 		.ascii	"\213+\273]\212\215\023\247\325\270\222\256$\224\024"
 252      8A8D13A7 
 252      D5B892AE 
 252      249414
 253 04f0 F7256B65 		.ascii	"\367%ke\027\310;\347Eq\021\032\004\303\036\233\363\323"
 253      17C83BE7 
 253      4571111A 
 253      04C31E9B 
 253      F3D3
 254 0502 D5747FCC 		.ascii	"\325t\177\314\337\222\003\260\271\\\371\351\337\017"
 254      DF9203B0 
 254      B95CF9E9 
 254      DF0F
 255 0510 741EF1DB 		.ascii	"t\036\361\333#\375\304\225\005\270\201-\220t\250\262"
 255      23FDC495 
 255      05B8812D 
 255      9074A8B2 
 256 0520 D8C9B400 		.ascii	"\330\311\264\000\334\012E\364V\030\206\025\206\314+"
 256      DC0A45F4 
 256      56188615 
 256      86CC2B
 257 052f 0C222B4B 		.ascii	"\014\"+K<\261\274\304\304\243\213\245\266\362\374#\372"
 257      3CB1BCC4 
 257      C4A38BA5 
 257      B6F2FC23 
 257      FA
 258 0540 1EC0780F 		.ascii	"\036\300x\017\365\310S\032\212>)\024\031yI\303v\304"
 258      F5C8531A 
 258      8A3E2914 
 258      197949C3 
 258      76C4
 259 0552 7D113F4F 		.ascii	"}\021?O{\267\0305d'\327>\3626\355%\335\011{yJf\220+"
 259      7BB71835 
 259      6427D73E 
 259      F236ED25 
 259      DD097B79 
 260 056a BAAC73CC 		.ascii	"\272\254s\314\350\300\332=\304\375S\303\211-\032\036"
 260      E8C0DA3D 
 260      C4FD53C3 
 260      892D1A1E 
 261 057a 68276857 		.ascii	"h'hWO\244\2169\342\333,\322U\367+\242y\244\177\007\315"
 261      4FA48E39 
 261      E2DB2CD2 
 261      55F72BA2 
 261      79A47F07 
 262 058f 5D4385EC 		.ascii	"]C\205\354\034\263\030\350\027R\240\2373\236Q\375i\035"
 262      1CB318E8 
 262      1752A09F 
 262      339E51FD 
 262      691D
 263 05a1 823221C7 		.ascii	"\2022!\307\001>F\341/)\317\027\022\317#O\247\336\343"
 263      013E46E1 
 263      2F29CF17 
ARM GAS  /tmp/ccztbGZx.s 			page 20


 263      12CF234F 
 263      A7DEE3
 264 05b4 F928AF24 		.ascii	"\371(\257$\234i%\201\316\014\\N\325r\226\344\236\255"
 264      9C692581 
 264      CE0C5C4E 
 264      D57296E4 
 264      9EAD
 265 05c6 BE9D926B 		.ascii	"\276\235\222k\207;\031\313\3471Q\257\370\276!\233\256"
 265      873B19CB 
 265      E73151AF 
 265      F8BE219B 
 265      AE
 266 05d7 F5E8A349 		.ascii	"\365\350\243I\255U\2263\022\313\327\214eLjf\232\255"
 266      AD559633 
 266      12CBD78C 
 266      654C6A66 
 266      9AAD
 267 05e9 92E514C0 		.ascii	"\222\345\024\300')\374\015e9#\261\214\316\213\255\306"
 267      2729FC0D 
 267      653923B1 
 267      8CCE8BAD 
 267      C6
 268 05fa 2C563FA7 		.ascii	",V?\247\330\200\031u\031%I\363\266\345\354\333\364\277"
 268      D8801975 
 268      192549F3 
 268      B6E5ECDB 
 268      F4BF
 269 060c 2A797D9F 		.ascii	"*y}\237\233\235\201\211\307\313\333\342yy\321#\337\266"
 269      9B9D8189 
 269      C7CBDBE2 
 269      7979D123 
 269      DFB6
 270 061e 2E7CDB86 		.ascii	".|\333\206\017\024\354\301\270\227\371a\342H\324^\015"
 270      0F14ECC1 
 270      B897F961 
 270      E248D45E 
 270      0D
 271 062f 03BF0BCD 		.ascii	"\003\277\013\315\332\224\324\017\254\272!J\340n\210"
 271      DA94D40F 
 271      ACBA214A 
 271      E06E88
 272 063e 1428CD4B 		.ascii	"\024(\315KM\367\317\333+\335\260KpE\341\002\201\357"
 272      4DF7CFDB 
 272      2BDDB04B 
 272      7045E102 
 272      81EF
 273 0650 169CA549 		.ascii	"\026\234\245It\223V\214eK\247\007\241\371(\2677K\213"
 273      7493568C 
 273      654BA707 
 273      A1F928B7 
 273      374B8B
 274 0663 87198D53 		.ascii	"\207\031\215S\306}\265<\034\031$Vs)\243i\216x\214\015"
 274      C67DB53C 
 274      1C192456 
 274      7329A369 
 274      8E788C0D 
 275 0677 4A8174E6 		.ascii	"J\201t\346\201\2741XR(\340\327l\360Mw\\\234\035\237"
ARM GAS  /tmp/ccztbGZx.s 			page 21


 275      81BC3158 
 275      5228E0D7 
 275      6CF04D77 
 275      5C9C1D9F 
 276 068b 4972B3BB 		.ascii	"Ir\263\273\255\245\320\021\213\230\016\226\364\327\325"
 276      ADA5D011 
 276      8B980E96 
 276      F4D7D5
 277 069a 4833C9E0 		.ascii	"H3\311\340\336\374\336}6x/\033|\320\3718\306\211,J\032"
 277      DEFCDE7D 
 277      36782F1B 
 277      7CD0F938 
 277      C6892C4A 
 278 06af D76A76FD 		.ascii	"\327jv\375\015'\262\357\015\017#?f\223\"\311\001}\365"
 278      0D27B2EF 
 278      0D0F233F 
 278      669322C9 
 278      017DF5
 279 06c2 58613A66 		.ascii	"Xa:f\376\313\240\351_T\031\023\261\020\247Q\360\302"
 279      FECBA0E9 
 279      5F541913 
 279      B110A751 
 279      F0C2
 280 06d4 EA073929 		.ascii	"\352\0079)\032\264\234?\213\311\207\333\362L12\\4\266"
 280      1AB49C3F 
 280      8BC987DB 
 280      F24C3132 
 280      5C34B6
 281 06e7 0EBB0DDF 		.ascii	"\016\273\015\337\211\024\305\335\216p\3469\243^8\034"
 281      8914C5DD 
 281      8E70E639 
 281      A35E381C 
 282 06f7 7E14169B 		.ascii	"~\024\026\233\266\035\324\033\304M\253\311o'6\241\367"
 282      B61DD41B 
 282      C44DABC9 
 282      6F2736A1 
 282      F7
 283 0708 EFF01109 		.ascii	"\357\360\021\011\326\003z\277\300\320R\330\321>A\216"
 283      D6037ABF 
 283      C0D052D8 
 283      D13E418E 
 284 0718 8E007440 		.ascii	"\216\000t@\022E\223\3448\304\321\246\314j\225\353&\347"
 284      124593E4 
 284      38C4D1A6 
 284      CC6A95EB 
 284      26E7
 285 072a 543DD70D 		.ascii	"T=\327\015QA\361\034-\305\212\347\225\014=$C\307(\321"
 285      5141F11C 
 285      2DC58AE7 
 285      950C3D24 
 285      43C728D1 
 286 073e 7B0505EF 		.ascii	"{\005\005\357*\031\357\003J\336:\005\270Y\006\216S\202"
 286      2A19EF03 
 286      4ADE3A05 
 286      B859068E 
 286      5382
 287 0750 7F50AA1E 		.ascii	"\177P\252\036\227\241\243\225\350=ft<\317\302\317\325"
ARM GAS  /tmp/ccztbGZx.s 			page 22


 287      97A1A395 
 287      E83D6674 
 287      3CCFC2CF 
 287      D5
 288 0761 2A940044 		.ascii	"*\224\000D\017\322!\202\206\315\205\262\0047\224\","
 288      0FD22182 
 288      86CD85B2 
 288      04379422 
 288      2C
 289 0772 474920A9 		.ascii	"GI \251 \231 G@\222A\322@\322A\216\202\034\0039\014"
 289      20992047 
 289      409241D2 
 289      40D2418E 
 289      821C0339 
 290 0787 92019228 		.ascii	"\222\001\222(,\247%\014s\310\264\314!\021J\207\210\202"
 290      2CA7250C 
 290      73C8B4CC 
 290      21114A87 
 290      8882
 291 0799 C27DED01 		.ascii	"\302}\355\001\014\015\027(\272\317\303.]\253\350\236"
 291      0C0D1728 
 291      BACFC32E 
 291      5DABE89E 
 292 07a9 32EC5501 		.ascii	"2\354U\001f\033\247\221\302\306W\312\320\264\313\230"
 292      661BA791 
 292      C2C657CA 
 292      D0B4CB98 
 293 07b9 C42A997C 		.ascii	"\304*\231|of\302\256\247\227C\316\341\242\210\010J\305"
 293      6F66C2AE 
 293      A79743CE 
 293      E1A28808 
 293      4AC5
 294 07cb AF26B351 		.ascii	"\257&\263QM"
 294      4D
 295 07d0 C32E0744 		.ascii	"\303.\007D\261v\0259W\321\004_Y:m\341N7\351\202\244"
 295      B1761539 
 295      57D1045F 
 295      593A6DE1 
 295      4E37E982 
 296 07e5 9FBDDB0D 		.ascii	"\237\275\333\015\225m\027Mz!\374bz\223\003r[\314\326"
 296      956D174D 
 296      7A21FC62 
 296      7A930372 
 296      5BCCD6
 297 07f8 1819D640 		.ascii	"\030\031\326@\365\213r`r\266`\272\000\311\212\226\343"
 297      F58B7260 
 297      72B660BA 
 297      00C98A96 
 297      E3
 298 0809 828E4338 		.ascii	"\202\216C8\376\027\241!{5\266p\334I^\370\346\310v\001"
 298      FE17A121 
 298      7B35B670 
 298      DC495EF8 
 298      E6C87601 
 299 081d 14F5022D 		.ascii	"\024\365\002-|\311\233\2342#\251\311\0329\230T\255f"
 299      7CC99B9C 
 299      3223A9C9 
ARM GAS  /tmp/ccztbGZx.s 			page 23


 299      1A399854 
 299      AD66
 300 082f F0490E3E 		.ascii	"\360I\016>I\301\223\005\3424\226\203Iqg\006\237\342"
 300      49C19305 
 300      E2349683 
 300      49716706 
 300      9FE2
 301 0841 E053149C 		.ascii	"\340S\024\234\327x\255\203\237_\321\344\210\230\033"
 301      D778AD83 
 301      9F5FD1E4 
 301      88981B
 302 0850 6CCBE287 		.ascii	"l\313\342\207\335(\24196\223V\312\333.\262C\313\205"
 302      DD28A139 
 302      369356CA 
 302      DB2EB243 
 302      CB85
 303 0862 1F5A33FB 		.ascii	"\037Z3\373*\222\254WC\371\322\271{\206]\017S\221\245"
 303      2A92AC57 
 303      43F9D2B9 
 303      7B865D0F 
 303      5391A5
 304 0875 3D4879EE 		.ascii	"=Hy\356\236\001\347\236\246\321/\240\347n\276t\356\236"
 304      9E01E79E 
 304      A6D12FA0 
 304      E76EBE74 
 304      EE9E
 305 0887 6B6E7D69 		.ascii	"kn}i\217\007\330\321\2261\033\237\351 \335E\321?\347"
 305      8F07D8D1 
 305      96311B9F 
 305      E920DD45 
 305      D13FE7
 306 089a 2EDADBD2 		.ascii	".\332\333\322qv\336bg\205\267,v\273\377h$\257\034n\252"
 306      7176DE62 
 306      6785B72C 
 306      76BBFF68 
 306      24AF1C6E 
 307 08af 64BF6D9D 		.ascii	"d\277m\235\331o[\351<v\341\347qyMs\035\302O\031\267"
 307      D96F5BE9 
 307      3C76E1E7 
 307      71794D73 
 307      1DC24F19 
 308 08c4 AAF1821C 		.ascii	"\252\361\202\034>\227\334\017\321I\3437\027Z\365\311"
 308      3E97DC0F 
 308      D149E337 
 308      175AF5C9 
 309 08d4 05C927E7 		.ascii	"\005\311'\347\331]\3246y\265\335F\351\223\022\240y\216"
 309      D95DD436 
 309      79B5DD46 
 309      E99312A0 
 309      798E
 310 08e6 D22CA334 		.ascii	"\322,\2434/H4\273\212\222\372\355\224FYE\357\273z\256"
 310      2F4834BB 
 310      8A92FAED 
 310      94465945 
 310      EFBB7AAE 
 311 08fa 8607B796 		.ascii	"\206\007\267\226\264\373g\213\352\355\3608c}\360\300"
 311      B4FB678B 
ARM GAS  /tmp/ccztbGZx.s 			page 24


 311      EAEDF038 
 311      637DF0C0 
 312 090a 64BD06BF 		.ascii	"d\275\006\277d\215\322\221\334\322\005\014i\244?\023"
 312      648DD291 
 312      DCD2050C 
 312      69A43F13 
 313 091a CA9FD7F3 		.ascii	"\312\237\327\363ZH#\033v\341\303\023\271\243\331\266"
 313      5A48231B 
 313      76E1C313 
 313      B9A3D9B6 
 314 092a 789ACD8D 		.ascii	"x\232\315\215)\271\335\245\266jo\265d\357*j\356\241"
 314      29B9DDA5 
 314      B66A6FB5 
 314      64EF2A6A 
 314      EEA1
 315 093c 8A43E79C 		.ascii	"\212C\347\234\224\346V\202\001Fj\300\025j@\265d\300"
 315      94E65682 
 315      01466AC0 
 315      156A40B5 
 315      64C0
 316 094e 99171365 		.ascii	"\231\027\023eZ\245\271V\321'\372Scy\034\326B3q\352\350"
 316      5AA5B956 
 316      D127FA53 
 316      63791CD6 
 316      423371EA 
 317 0963 D0023CCB 		.ascii	"\320\002<\313H>\035\231\311w\302\021j\332(/\275X\303"
 317      483E1D99 
 317      C977C211 
 317      6ADA282F 
 317      BD58C3
 318 0976 AD5B05CD 		.ascii	"\255[\005\315\334\274\312&\007\034\315\306f\342\322"
 318      DCBCCA26 
 318      071CCDC6 
 318      66E2D2
 319 0985 8BEC712C 		.ascii	"\213\354q,k\244Lt\016\362\354w#\201\316\372\361\200"
 319      6BA44C74 
 319      0EF2EC77 
 319      2381CEFA 
 319      F180
 320 0997 3D3EC8C6 		.ascii	"=>\310\306\346\342\242\223\354p\"k$4%d9\3404\326\030"
 320      E6E2A293 
 320      EC70226B 
 320      24342564 
 320      39E034D6 
 321 09ac 897CD4C3 		.ascii	"\211|\324\303sg\011\371\3419\220\320\306\177\0279\312"
 321      736709F9 
 321      E13990D0 
 321      C67F1739 
 321      CA
 322 09bd AA1C175E 		.ascii	"\252\034\027^\345\234y\031{\304\001g\261\251\255m\221"
 322      E59C7919 
 322      7BC40167 
 322      B1A9AD6D 
 322      91
 323 09ce 1738D681 		.ascii	"\0278\326\201\374\226n\350\376\213U\317\266H\236\275"
 323      FC966EE8 
 323      FE8B55CF 
ARM GAS  /tmp/ccztbGZx.s 			page 25


 323      B6489EBD 
 324 09de C332A9BE 		.ascii	"\3032\251\276\366\372\367je!\336\014\316\272E\235u\227"
 324      F6FAF76A 
 324      6521DE0C 
 324      CEBA459D 
 324      7597
 325 09f0 3AAB4572 		.ascii	":\253ErVVR\304\264\215\262\260\266\212\256h\356\370"
 325      565652C4 
 325      B48DB2B0 
 325      B68AAE68 
 325      EEF8
 326 0a02 1CE7308E 		.ascii	"\034\3470\216/\232:\036 \234\313\032\221\015u9v8\237"
 326      2F9A3A1E 
 326      209CCB1A 
 326      910D7539 
 326      76389F
 327 0a15 35864F36 		.ascii	"5\206O6\326\332\342s\254\321\327?}\036\3432\3268>\234"
 327      D6DAE273 
 327      ACD1D73F 
 327      7D1EE332 
 327      D6383E9C 
 328 0a29 F9BD3DBE 		.ascii	"\371\275=\276\314\347\364\2154q\377\354'\233\351\365"
 328      CCE7F48D 
 328      3471FFEC 
 328      279BE9F5 
 329 0a39 68C91DC9 		.ascii	"h\311\035\311#$\333\206^<\232\323\340\253\024\374\356"
 329      2324DB86 
 329      5E3C9AD3 
 329      E0AB14FC 
 329      EE
 330 0a4a 70717CB6 		.ascii	"pq|\266\343\3742\205=n \354\032\252\231$\267A\342*\324"
 330      E3FC3285 
 330      3D6E20EC 
 330      1AAA9924 
 330      B741E22A 
 331 0a5f 0A37CB6D 		.ascii	"\0127\313m8\310\007\341(\225LA7\225\345G{\220\271\374"
 331      38C807E1 
 331      28954C41 
 331      3795E547 
 331      7B90B9FC 
 332 0a73 E8E068D3 		.ascii	"\350\340h\323aB/\375|\304\320\011\240\274=\214\335Z"
 332      61422FFD 
 332      7CC4D009 
 332      A0BC3D8C 
 332      DD5A
 333 0a85 E5A0BB94 		.ascii	"\345\240\273\224\243\245\015\207\212\225\272\353\277"
 333      A3A50D87 
 333      8A95BAEB 
 333      BF
 334 0a92 33EBBEA1 		.ascii	"3\353\276\241\324\315\212\025I9\255\204d\360\006%\274"
 334      D4CD8A15 
 334      4939AD84 
 334      64F00625 
 334      BC
 335 0aa3 4EAE3C81 		.ascii	"N\256<\201(\017ch\262\011.)\321\027\225T\232e\272\233"
 335      280F6368 
 335      B2092E29 
ARM GAS  /tmp/ccztbGZx.s 			page 26


 335      D1179554 
 335      9A65BA9B 
 336 0ab7 94E8EB3F 		.ascii	"\224\350\353?\251\311dN\271\257D\033-\227+\335\340\206"
 336      A9C9644E 
 336      B9AF441B 
 336      2D972BDD 
 336      E086
 337 0ac9 2E3A34C8 		.ascii	".:4\310\357\304\347p'\016\301=\327\0132\0002\0062\014"
 337      EFC4E770 
 337      270EC13D 
 337      D70B3200 
 337      3206320C 
 338 0add 3201F200 		.ascii	"2\001\362\000\244\017\3441\310(\310#\220q\220' \257"
 338      A40FE431 
 338      C828C823 
 338      90719027 
 338      20AF
 339 0aef 405E80F4 		.ascii	"@^\200\364\203\274\004y\0102\002\362\014\344\251\251"
 339      83BC0479 
 339      083202F2 
 339      0CE4A9A9 
 340 0aff 9C213E68 		.ascii	"\234!>h\0162\373\240\323b\360dF\215\313\\P\253\004\327"
 340      0E32FBA0 
 340      D362F064 
 340      468DCB5C 
 340      50AB04D7 
 341 0b13 285D302E 		.ascii	"(]0.sA\233\022}\356'\35003\272G\211\316\235\027:R \363"
 341      73419B12 
 341      7DEE27E8 
 341      3033BA47 
 341      89CE9D17 
 342 0b2b 2C2A822C 		.ascii	",*\202,*\344h\351.\342\277:\344E,G\027\360\222w\036"
 342      2AE468E9 
 342      2EE2BF3A 
 342      E4452C47 
 342      17F09277 
 343 0b40 3A4F5066 		.ascii	":OPfQ\273\314\314F\313\221\226\303\207dv\266[\016\365"
 343      51BBCCCC 
 343      46CB9196 
 343      C3876476 
 343      B65B0EF5 
 344 0b54 3CB84C7B 		.ascii	"<\270L{\275\345\034\225\303\247e\332\357Y\366\"\203"
 344      BDE51C95 
 344      C3A765DA 
 344      EF59F622 
 344      83
 345 0b65 B312ACE6 		.ascii	"\263\022\254\346\031+\363\006\225e\036\361Z\315\024"
 345      192BF306 
 345      95651EF1 
 345      5ACD14
 346 0b74 2FF3AE82 		.ascii	"/\363\256\202#\252\2702\351\370G\227\225\373\243Y\266"
 346      23AAB832 
 346      E9F84797 
 346      95FBA359 
 346      B6
 347 0b85 3F2A2CEF 		.ascii	"?*,\357\217yLe\206]\263\234\035\014\016GRS\367\241&"
 347      8F794C65 
ARM GAS  /tmp/ccztbGZx.s 			page 27


 347      865DB39C 
 347      1D0C0E47 
 347      5253F7A1 
 348 0b9a 356EA047 		.ascii	"5n\240G\222P\332Zt\310\011-v\263\264\027\3204l\201\377"
 348      9250DA5A 
 348      74C8092D 
 348      76B3B417 
 348      D0346C81 
 349 0baf C77660EE 		.ascii	"\307v`\356\233\235\262%\025\354\024,8i\256`\007i\005"
 349      9B9DB225 
 349      15EC142C 
 349      3869AE60 
 349      076905
 350 0bc2 4BFE1BBC 		.ascii	"K\376\033\274\336\021a'/\005\247\346\025\231\257y)H"
 350      DE116127 
 350      2F05A7E6 
 350      1599AF79 
 350      2948
 351 0bd4 DE8B02FF 		.ascii	"\336\213\002\377\341\357\273>\320gk\200\337\026?\337"
 351      E1EFBB3E 
 351      D0676B80 
 351      DF163FDF 
 352 0be4 D0A060CD 		.ascii	"\320\240`\315\237\276\374\372C\375\352\325*\255\267"
 352      9FBEFCFA 
 352      43FDEAD5 
 352      2AADB7
 353 0bf3 F74EFFC0 		.ascii	"\367N\377\300\320O\327x\207~\242\333\031\022\254\363"
 353      D04FD778 
 353      877EA2DB 
 353      1912ACF3 
 354 0c03 0FF40DD8 		.ascii	"\017\364\015\330\271\315O\027\350\367\317\000\377\255"
 354      B9CD4F17 
 354      E8F7CF00 
 354      FFAD
 355 0c11 BA1D3EBE 		.ascii	"\272\035>\276\333\375\003\375t\336\333\374\276\361\331"
 355      DBFD03FD 
 355      74DEDBFC 
 355      BEF1D9
 356 0c20 1910EA1D 		.ascii	"\031\020\352\035\032\366\255_\310\312\355*\2154m\231"
 356      1AF6AD5F 
 356      C8CAED2A 
 356      8D346D99 
 357 0c30 A5692161 		.ascii	"\245i!a!:\357\220\320m\200\001\354'+W\352\364\333\375"
 357      213AEF90 
 357      D06D8001 
 357      EC272B57 
 357      EAF4DBFD 
 358 0c44 B7FA7FE5 		.ascii	"\267\372\177\345\245\013\012\321m\367\011\320}\033\024"
 358      A50B0AD1 
 358      6DF709D0 
 358      7D1B14
 359 0c53 1C1AA2F3 		.ascii	"\034\032\242\363\015\332\261#(P\347n\330\244\337\364"
 359      0DDAB123 
 359      2850E76E 
 359      D8A4DFF4 
 360 0c63 9D8E905C 		.ascii	"\235\216\220\\\351\253\372\005y\257\363\0171\263u%="
 360      E9ABFA05 
ARM GAS  /tmp/ccztbGZx.s 			page 28


 360      79AFF30F 
 360      31B37525 
 360      3D
 361 0c74 5E7EA15E 		.ascii	"^~\241^a!\241~;6\372\004n\013\360\013\366\014\366\017"
 361      6121A17E 
 361      3B36FA04 
 361      6E0BF00B 
 361      F60CF60F 
 362 0c88 0AF60F0D 		.ascii	"\012\366\017\015\243\266\351\003\374|\202=\375\002a"
 362      A3B6E903 
 362      FC7C823D 
 362      FD0261
 363 0c97 C1BFDAFB 		.ascii	"\301\277\332\373n\007\340F\237\200P\265\357v\237\340"
 363      6E07E046 
 363      9F8050B5 
 363      EF769FE0 
 364 0ca7 0FE62F1E 		.ascii	"\017\346/\036\034j\342\352\273\035\270-\360\366\376"
 364      1C6AE2EA 
 364      BB1DB82D 
 364      F0F6FE
 365 0cb6 6667A0AF 		.ascii	"fg\240\257\267\367\312\265k\177\277F#\265\354\015\353"
 365      B7F7CAB5 
 365      6B7FBF46 
 365      23B5EC0D 
 365      EB
 366 0cc7 BDD61BB6 		.ascii	"\275\326\033\266\254_\367[\301\303\323\2369i\255w\250"
 366      AC5FF75B 
 366      C1C3D39E 
 366      3969AD77 
 366      A8
 367 0cd8 1D7F9B86 		.ascii	"\035\177\233\206?S{\270\177a05?U{\350=\315\3155j\017"
 367      3F537BB8 
 367      7F613035 
 367      3F557BE8 
 367      3DCDCD35 
 368 0cee 2F4F83C6 		.ascii	"/O\203\306\300Z\253ap\275yp\025\014\2567\250\2756{\030"
 368      C05AAB61 
 368      70BD7970 
 368      150CAE37 
 368      A8BD367B 
 369 0d03 FE309F23 		.ascii	"\3760\237#w\213\337w\241\3045:\375&/\017/\235>(\330"
 369      778BDF77 
 369      A1C4353A 
 369      FD262F0F 
 369      2F9D3E28 
 370 0d18 4FE72151 		.ascii	"O\347!Q\207\206\267\357\216\317\300\000\373/\267x\350"
 370      8786B7EF 
 370      8ECFC000 
 370      FB2FB778 
 370      E8
 371 0d29 BD374358 		.ascii	"\2757CX@\237\273A\275i\323\006\003v_g\300\353\340\355"
 371      409FBB41 
 371      BD69D306 
 371      03765F67 
 371      C0EBE0ED 
 372 0d3d B9C1A076 		.ascii	"\271\301\240v\337\340eP\177\261\301\335`\003C\000XG"
 372      DFE06550 
ARM GAS  /tmp/ccztbGZx.s 			page 29


 372      7FB1C1DD 
 372      60034300 
 372      5847
 373 0d4f DA1BC987 		.ascii	"\332\033\311\207\036>l\2746\352\275\014\330k\243'\326"
 373      1E3E6CBC 
 373      36EABD0C 
 373      D86BA327 
 373      D6
 374 0d60 EBE1AD37 		.ascii	"\353\341\2557\330\270{\030\364\006\365\226\315_\031"
 374      D8B87B18 
 374      F406F596 
 374      CD5F19
 375 0d6f 803020F4 		.ascii	"\2000 \364\236_{\254\203Ow\275A\343\245\377\202\256"
 375      9E5F7BAC 
 375      834F77BD 
 375      41E3A5FF 
 375      82AE
 376 0d81 F55F96B8 		.ascii	"\365_\226\270(\235"
 376      289D
 377              		.text
 378              		.section	.gnu.lto_.symtab.7ce7df53d3dadb3e,"",%progbits
 379 0000 6E766963 		.ascii	"nvicEnableVector\000"
 379      456E6162 
 379      6C655665 
 379      63746F72 
 379      00
 380 0011 00       		.ascii	"\000"
 381 0012 00       		.ascii	"\000"
 382 0013 00       		.ascii	"\000"
 383 0014 00000000 		.ascii	"\000\000\000\000\000\000\000\000"
 383      00000000 
 384 001c BA000000 		.ascii	"\272\000\000\000"
 385 0020 6E766963 		.ascii	"nvicDisableVector\000"
 385      44697361 
 385      626C6556 
 385      6563746F 
 385      7200
 386 0032 00       		.ascii	"\000"
 387 0033 00       		.ascii	"\000"
 388 0034 00       		.ascii	"\000"
 389 0035 00000000 		.ascii	"\000\000\000\000\000\000\000\000"
 389      00000000 
 390 003d BE000000 		.ascii	"\276\000\000\000"
 391 0041 6E766963 		.ascii	"nvicSetSystemHandlerPriority\000"
 391      53657453 
 391      79737465 
 391      6D48616E 
 391      646C6572 
 392 005e 00       		.ascii	"\000"
 393 005f 00       		.ascii	"\000"
 394 0060 00       		.ascii	"\000"
 395 0061 00000000 		.ascii	"\000\000\000\000\000\000\000\000"
 395      00000000 
 396 0069 C0000000 		.ascii	"\300\000\000\000"
 397 006d 6E766963 		.ascii	"nvicClearPending\000"
 397      436C6561 
 397      7250656E 
ARM GAS  /tmp/ccztbGZx.s 			page 30


 397      64696E67 
 397      00
 398 007e 00       		.ascii	"\000"
 399 007f 00       		.ascii	"\000"
 400 0080 00       		.ascii	"\000"
 401 0081 00000000 		.ascii	"\000\000\000\000\000\000\000\000"
 401      00000000 
 402 0089 C2000000 		.ascii	"\302\000\000\000"
 403 008d 63685379 		.ascii	"chSysHalt\000"
 403      7348616C 
 403      7400
 404 0097 00       		.ascii	"\000"
 405 0098 02       		.ascii	"\002"
 406 0099 00       		.ascii	"\000"
 407 009a 00000000 		.ascii	"\000\000\000\000\000\000\000\000"
 407      00000000 
 408 00a2 CD000000 		.ascii	"\315\000\000\000"
 409              		.text
 410              		.section	.gnu.lto_.opts,"",%progbits
 411 0000 272D666D 		.ascii	"'-fmath-errno' '-fsigned-zeros' '-ftrapping-math' '"
 411      6174682D 
 411      6572726E 
 411      6F272027 
 411      2D667369 
 412 0033 2D666E6F 		.ascii	"-fno-trapv' '-fno-strict-overflow' '-fno-openmp' '-"
 412      2D747261 
 412      70762720 
 412      272D666E 
 412      6F2D7374 
 413 0066 666E6F2D 		.ascii	"fno-openacc' '-mcpu=cortex-m4' '-mfloat-abi=hard' '"
 413      6F70656E 
 413      61636327 
 413      20272D6D 
 413      6370753D 
 414 0099 2D6D6670 		.ascii	"-mfpu=fpv4-sp-d16' '-mno-thumb-interwork' '-mthumb'"
 414      753D6670 
 414      76342D73 
 414      702D6431 
 414      36272027 
 415 00cc 20272D67 		.ascii	" '-ggdb' '-O' '-fomit-frame-pointer' '-falign-funct"
 415      67646227 
 415      20272D4F 
 415      2720272D 
 415      666F6D69 
 416 00ff 696F6E73 		.ascii	"ions=16' '-ffunction-sections' '-fdata-sections' '-"
 416      3D313627 
 416      20272D66 
 416      66756E63 
 416      74696F6E 
 417 0132 666E6F2D 		.ascii	"fno-common' '-flto'\000"
 417      636F6D6D 
 417      6F6E2720 
 417      272D666C 
 417      746F2700 
 418              		.text
 419              		.comm	__gnu_lto_v1,1,1
 420              		.comm	__gnu_lto_slim,1,1
ARM GAS  /tmp/ccztbGZx.s 			page 31


 421              		.ident	"GCC: (15:6.3.1+svn253039-1build1) 6.3.1 20170620"
ARM GAS  /tmp/ccztbGZx.s 			page 32


DEFINED SYMBOLS
                            *ABS*:0000000000000000 nvic.c
                            *COM*:0000000000000001 __gnu_lto_v1
                            *COM*:0000000000000001 __gnu_lto_slim

NO UNDEFINED SYMBOLS
