ARM GAS  /tmp/ccZbz5Ly.s 			page 1


   1              		.cpu cortex-m4
   2              		.eabi_attribute 27, 1
   3              		.eabi_attribute 28, 1
   4              		.eabi_attribute 20, 1
   5              		.eabi_attribute 21, 1
   6              		.eabi_attribute 23, 3
   7              		.eabi_attribute 24, 1
   8              		.eabi_attribute 25, 1
   9              		.eabi_attribute 26, 1
  10              		.eabi_attribute 30, 1
  11              		.eabi_attribute 34, 1
  12              		.eabi_attribute 18, 4
  13              		.file	"stm32_isr.c"
  14              		.text
  15              	.Ltext0:
  16              		.section	.gnu.lto_.profile.84e0154895200b16,"",%progbits
  17 0000 789C6365 		.ascii	"x\234ce`b`e```dX\312\250\012\000\002\254\000\331"
  17      60626065 
  17      60606064 
  17      58CAA80A 
  17      0002AC00 
  18              		.text
  19              		.section	.gnu.lto_.inline.84e0154895200b16,"",%progbits
  20 0000 789C6365 		.ascii	"x\234ce`bhf@\000&\006\006\211k\014\214 \232\201m\201"
  20      60626866 
  20      40002606 
  20      06896B0C 
  20      8C209A81 
  21 0016 3C886260 		.ascii	"<\210b`\346\001\213\023O12\010\236G3\203\211\033$L\014"
  21      E6018B13 
  21      4F313208 
  21      9E473383 
  21      891B244C 
  22 002b C90000AF 		.ascii	"\311\000\000\257\332\004\311"
  22      DA04C9
  23              		.text
  24              		.section	.gnu.lto_.jmpfuncs.84e0154895200b16,"",%progbits
  25 0000 789C6365 		.ascii	"x\234ce`b\020c@\000&\004\223\021\301\004\000\004O\000"
  25      60621063 
  25      40002604 
  25      9311C104 
  25      00044F00 
  26 0014 21       		.ascii	"!"
  27              		.text
  28              		.section	.gnu.lto_.pureconst.84e0154895200b16,"",%progbits
  29 0000 789C6365 		.ascii	"x\234ce`b`e`\000\222\022\214\022\000\000\375\000@"
  29      60626065 
  29      60009212 
  29      8C120000 
  29      FD0040
  30              		.text
  31              		.section	.gnu.lto_irqInit.84e0154895200b16,"",%progbits
  32 0000 789C7DD2 		.ascii	"x\234}\322\261KBA\030\000\360\357\273+}Z\321XP4\347"
  32      B14B4241 
  32      1800F0EF 
  32      BB2B7D5A 
  32      D1585034 
ARM GAS  /tmp/ccZbz5Ly.s 			page 2


  33 0015 E2030DFF 		.ascii	"\342\003\015\377\201\240-\034l\217jQ(\014\237\203\333"
  33      81A02D1C 
  33      6C8F6A51 
  33      280C9F83 
  33      DB
  34 0026 7B052618 		.ascii	"{\005&\030X\015%.>k\321\3122+\213'\004RS\205\016-AM"
  34      580D252E 
  34      3E6BD1CA 
  34      322B8B27 
  34      04525385 
  35 003e 65B654B4 		.ascii	"e\266T\264\007Yw]\020o\350}\360\335w\334\335\357\273"
  35      0759775D 
  35      106FE87D 
  35      F0DD77DC 
  35      DDEFBB
  36 0051 E1AE1308 		.ascii	"\341\256\023\010\370\010\200\017\000\006X\"\005$\253"
  36      F808800F 
  36      00065822 
  36      0524AB
  37 0060 0D800589 		.ascii	"\015\200\005\211 \362\211&!\250\004U\\\241i\212\347"
  37      20F28926 
  37      21A80455 
  37      5CA1698A 
  37      E7
  38 0071 896783B8 		.ascii	"\211g\203\270\362\032\213Zz\265wI\213\367\353\024 \303"
  38      F21A8B5A 
  38      7AB57749 
  38      8BF7EB14 
  38      20C3
  39 0083 9207E6D1 		.ascii	"\222\007\346\321\005\354\330c\271\275\336c\353\020\353"
  39      05ECD863 
  39      B9BDDE63 
  39      EB10EB
  40 0092 58401BB2 		.ascii	"X@\033\262Z\272\301\232\326\376Jh\265\247-<\365;\000"
  40      5ABAC19A 
  40      D6FE4A68 
  40      B5A72D3C 
  40      F53B00
  41 00a5 926C9BDF 		.ascii	"\222l\233\337\261L\011\257\364\005\343\271R\226r\300"
  41      B14C09AF 
  41      F405E3B9 
  41      529672C0 
  42 00b5 BB18C6EB 		.ascii	"\273\030\306\353\275]\375\324$\235b\206\262\026\270"
  42      BD5DFDD4 
  42      249D6286 
  42      B216B8
  43 00c4 8D2ADF68 		.ascii	"\215*\337h\025.\232\316\024\325)a\235wp\220\247N)p_"
  43      152E9ACE 
  43      14D52961 
  43      9D777090 
  43      A74E2970 
  44 00d9 1EFA9FEF 		.ascii	"\036\372\237\357\012~y\225.t\013n\307\242\231W,\370"
  44      0A7E7995 
  44      2E740B6E 
  44      C7A29957 
  44      2CF8
  45 00eb 9EE0C98F 		.ascii	"\236\340\311\217\333\224$\270\204\373fnX\360\222\340"
ARM GAS  /tmp/ccZbz5Ly.s 			page 3


  45      DB9424B8 
  45      84FB666E 
  45      58F092E0 
  46 00fb 1BF5B5AA 		.ascii	"\033\365\265\252Mp\007\036\230\371\231\005/\013^\337"
  46      4D70071E 
  46      98F99905 
  46      2F0B5EDF 
  47 010b 2C367EB9 		.ascii	",6~\271\023\017\315\374\301\202\037\011\336\314\264"
  47      130FCDFC 
  47      C1821F09 
  47      DECCB4
  48 011a AA5D82F7 		.ascii	"\252]\202\367\341\261\231\267,xE\360\312u\355\316.\370"
  48      E1B199B7 
  48      2C7845F0 
  48      CA75EDCE 
  48      2EF8
  49 012c 309EFCF1 		.ascii	"0\236\374\3617\\\314\275g\361\307\363H2\304^\224\375"
  49      375CCCBD 
  49      67F1C7F3 
  49      4832C45E 
  49      94FD
  50 013e AC11B75B 		.ascii	"\254\021\267[\036\015\206\246C\376\200\034V\344\340"
  50      1E0D86A6 
  50      43FE801C 
  50      56E4E0
  51 014d D4AC3C1F 		.ascii	"\324\254<\037\216D\025901\356\365\210q\314\033\213\311"
  51      8E441539 
  51      3031EEF5 
  51      8871CC1B 
  51      8BC9
  52 015f 4A74CEEB 		.ascii	"Jt\316\353\231\014)\021\367\014|\003\272O\300\326"
  52      990C2911 
  52      F70C7C03 
  52      BA4FC0D6 
  53              		.text
  54              		.section	.gnu.lto_irqDeinit.84e0154895200b16,"",%progbits
  55 0000 789C7DD2 		.ascii	"x\234}\322\315K\002A\024\000\360\367fJW+:\026\025t\315"
  55      CD4B0241 
  55      1400F0F7 
  55      664A572B 
  55      3A161574 
  56 0015 8B0B1AFD 		.ascii	"\213\013\032\375\003A\267\360`\367\250.\012\205\341"
  56      0341B7F0 
  56      60F7A82E 
  56      0A85E1
  57 0024 7AF0B65B 		.ascii	"z\360\266[T\202A\037\207\022Ok]\264\262\314\312b\205"
  57      5482411F 
  57      87124F6B 
  57      5DB4B2CC 
  57      CA6285
  58 0037 40EA54A1 		.ascii	"@\352T\241\207\010\202:\225\030Dy\013\202\"k\246\011"
  58      8708823A 
  58      95184479 
  58      0B82226B 
  58      A609
  59 0049 F6D43E98 		.ascii	"\366\324>\230\017\336\233\337\233\303L3\020\350\"\000"
  59      0FDE9BDF 
ARM GAS  /tmp/ccZbz5Ly.s 			page 4


  59      9BC34C33 
  59      10E82200 
  60 0059 0300D0CD 		.ascii	"\003\000\320\315\006R@\262R\001\230\221\010\"\337h\022"
  60      065240B2 
  60      52019891 
  60      0822DF68 
  60      12
  61 006a 824A50C5 		.ascii	"\202JP\305e\232\240x\026{2\210+\255\261(%n\332\027\264"
  61      659AA078 
  61      167B3288 
  61      2BADB128 
  61      256EDA17 
  62 007f F94E9D02 		.ascii	"\371N\235\002$\331\340\201it\001;\366\230o\254\265\331"
  62      24D9E081 
  62      6974013B 
  62      F6986FAC 
  62      B5D9
  63 0091 9A441E33 		.ascii	"\232D\0363hC\266\346\256\261\2445\276cZ\351m\023?}\016"
  63      6843B6E6 
  63      AEB1A435 
  63      BE635AE9 
  63      6D133F7D 
  64 00a6 80382BF3 		.ascii	"\2008+\363;\026)\341+}\301\271\324\211N9\340]\014\343"
  64      3B1629E1 
  64      2B7DC1B9 
  64      D4894E39 
  64      E05D0CE3 
  65 00ba F5DEAE7E 		.ascii	"\365\336\256~i\022K%)k\201[\250\362B-s^u.Q\235\022\326"
  65      69124B25 
  65      296B815B 
  65      A8F2422D 
  65      735E752E 
  66 00d2 791B7B74 		.ascii	"y\033{tJ\201[\243\367\177\272#\350\305e\"\323*\250\035"
  66      4A815BA3 
  66      F77FBA23 
  66      E8C56522 
  66      D32AA81D 
  67 00e6 B3263DB5 		.ascii	"\263&=\265\240\273\202\306?n\227$A%\3343\351\203\005"
  67      A0BB82C6 
  67      3F6E9724 
  67      4125DC33 
  67      E98305
  68 00f9 CD09BA5E 		.ascii	"\315\011\272^^-\332\004u\340\276Ik\0264/hy#[\371\243"
  68      5E2DDA04 
  68      75E0BE49 
  68      6B16342F 
  68      6879235B 
  69 010f 4E3C30E9 		.ascii	"N<0\351\263\005=\024\264\232\254\025[\004\355\300#\223"
  69      B3053D14 
  69      B49AAC15 
  69      5B04EDC0 
  69      2393
  70 0121 D62D6841 		.ascii	"\326-hA\320\302U\351\316.h\037\036\013Z\307\331\324"
  70      D0C255E9 
  70      CE2E681F 
  70      1E0B5AC7 
  70      D9D4
ARM GAS  /tmp/ccZbz5Ly.s 			page 5


  71 0133 BB8EBF96 		.ascii	"\273\216\277\226G\234\001\366j\354\367\364\273\335\362"
  71      479C01F6 
  71      6AECF7F4 
  71      BBDDF2
  72 0142 6020381E 		.ascii	"` 8\036\364\371\345\220\"\007\306&\345\351P8\242\310"
  72      F4F9E590 
  72      2207C626 
  72      E5E95038 
  72      A2C8
  73 0154 FE9161AF 		.ascii	"\376\221a\257G\314C\336hTV\"S^\317hP\011\273'\340\007"
  73      47CC43DE 
  73      68545622 
  73      535ECF68 
  73      5009BB27 
  74 016a 8180BC5B 		.ascii	"\201\200\274["
  75              		.text
  76              		.section	.gnu.lto_.symbol_nodes.84e0154895200b16,"",%progbits
  77 0000 789C55CC 		.ascii	"x\234U\314\315\015\200 \014\206\341\217\022\367\322"
  77      CD0D8020 
  77      0C86E18F 
  77      12F7D2
  78 000f C9CA8101 		.ascii	"\311\312\201\001\034\202!\374;rv\006M\230\303X\3603"
  78      1C8221FC 
  78      3B727606 
  78      4D98C358 
  78      F033
  79 0021 D15E1EF2 		.ascii	"\321^\036\362\222\266\203`\202\215\314\242\300\270\003"
  79      92B68360 
  79      828DCCA2 
  79      C0B803
  80 0030 C612062B 		.ascii	"\306\022\006+\213\250\373\025\267\212J+@\010\275\205"
  80      8BA8FB15 
  80      B78A4A2B 
  80      4008BD85 
  81 0040 4DD47F83 		.ascii	"M\324\177\203\267s\351\270\\5\323B\343\371\230h\246"
  81      B773E9B8 
  81      5C35D342 
  81      E3F99868 
  81      A6
  82 0051 A56AAFB6 		.ascii	"\245j\257\266gfZh|\377i\246u\0177wD6l"
  82      67665A68 
  82      7CFF69A6 
  82      750F3777 
  82      44366C
  83              		.text
  84              		.section	.gnu.lto_.refs.84e0154895200b16,"",%progbits
  85 0000 789C6365 		.ascii	"x\234ce`b`d\000\002\000\000I\000\011"
  85      60626064 
  85      00020000 
  85      490009
  86              		.text
  87              		.section	.gnu.lto_.decls.84e0154895200b16,"",%progbits
  88 0000 789C7552 		.ascii	"x\234uRML\023A\024\236\267\263\012.\210\325\030\203"
  88      4D4C1341 
  88      149EB7B3 
  88      0A2E88D5 
  88      1883
ARM GAS  /tmp/ccZbz5Ly.s 			page 6


  89 0012 8603E102 		.ascii	"\206\003\341\002\027\273\021<x\"\032\374=\240\011*7"
  89      17BB113C 
  89      78221AFC 
  89      3DA0092A 
  89      37
  90 0023 D39452C3 		.ascii	"\323\224R\303&\245\305\356\242p1+Jb\320\370w\200TA\211"
  90      26A5C5EE 
  90      A270312B 
  90      4A62D0F8 
  90      77805441 
  91 0038 560541A9 		.ascii	"V\005A\251\370\013*\324\002\012\376\034 \"$*%B\242\211"
  91      F80B2AD4 
  91      020AFE1C 
  91      2022242A 
  91      2542A289 
  92 004c 242A1A15 		.ascii	"$*\032\025\022\203ogw\333\252e\2623o\346\315\367\276"
  92      12836F67 
  92      77DBAA65 
  92      B2336FE6 
  92      CDF7BE
  93 005f F7CD7BBB 		.ascii	"\367\315{\273\200p\344 OH\002\020\342'\204\314\341\240"
  93      8070E420 
  93      4F480210 
  93      E22784CC 
  93      E1A0
  94 0071 68AF93E8 		.ascii	"h\257\223\350\300kr\003g\000g7\316\036\362\377\330\003"
  94      C06B7203 
  94      67006737 
  94      CE1EF2FF 
  94      D803
  95 0083 3AAE1067 		.ascii	":\256\020g/\316N\234]\306\035g\304w\307\211\263\307"
  95      2FCE4E9C 
  95      5DC61D67 
  95      C477C789 
  95      B3C7
  96 0095 C4F51971 		.ascii	"\304\365\031q\241\230\270\300<\371\352(\374n\273]\223"
  96      A198B8C0 
  96      3CF9EA28 
  96      FC6EBB5D 
  96      93
  97 00a6 34066F01 		.ascii	"4\006o\001)\300\002\314\000\273D\003\206e\017b#r\015"
  97      29C002CC 
  97      00BB4403 
  97      86650F62 
  97      23720D
  98 00b9 1C5BD964 		.ascii	"\034[\331dA:X\337\2603gp\231@\3753A\261\214\221\320"
  98      413A58DF 
  98      B0336770 
  98      9940FD33 
  98      41B18C91 
  99 00ce C8307DF0 		.ascii	"\3100}\3607%\336p\020q\000\304\006\304\020\202)\210"
  99      3725DE70 
  99      107100C4 
  99      06C41082 
  99      2988
 100 00e0 DD406C62 		.ascii	"\335@lb]=5_?u\374\333\005>\014\357\000\222H\343z`\276"
 100      5D3D355F 
ARM GAS  /tmp/ccZbz5Ly.s 			page 7


 100      3F75FCDB 
 100      053E0CEF 
 100      009248E3 
 101 00f7 639F664F 		.ascii	"c\237fO\002\305<\270\017\3174m\266\266\252\372H\\\025"
 101      02C53CB8 
 101      0FCF346D 
 101      B6B6AAFA 
 101      485C15
 102 010a 2D5BDFDC 		.ascii	"-[\337\334\317\340\222\023\024\226\011\300\341q\350"
 102      CFE09213 
 102      149609C0 
 102      E171E8
 103 0119 CB8B8624 		.ascii	"\313\213\206$<.\027\300\202\307_\207\206\037\013\251"
 103      3C2E17C0 
 103      82C75F87 
 103      861F0BA9 
 104 0129 B52CEAB0 		.ascii	"\265,\352\260j\341\240p\005\264B\032\264@\032*\270\016"
 104      6AE1A070 
 104      05B4421A 
 104      B4401A2A 
 104      B80E
 105 013b A9B816F1 		.ascii	"\251\270\026\361:S\335\323\357\243BF\243\3328\256\006"
 105      3A53DDD3 
 105      EFA34246 
 105      A3DA38AE 
 105      06
 106 014c C355D913 		.ascii	"\303U\331\023\355\252Z\215a\274\006\203f\240p\015\254"
 106      EDAA5A8D 
 106      61BC0683 
 106      66A0700D 
 106      AC
 107 015d 9A6EDCE2 		.ascii	"\232n\334\342\332\004a\200\2530\206\317\272\001\031"
 107      DA046180 
 107      AB3086CF 
 107      BA0119
 108 016c 18FE71F2 		.ascii	"\030\376q\362\307w\201nej\257\035j\257M1\250\206r}j"
 108      C777816E 
 108      656AAF1D 
 108      6AAF4D31 
 108      A886727D 
 109 0181 B00A8938 		.ascii	"\260\012\2118F\324\026%j\373\227(\300\210\316\275z\177"
 109      46D41625 
 109      6AFB9728 
 109      C088CEBD 
 109      7A7F
 110 0193 89A3058C 		.ascii	"\211\243\005\214\350]\177s\013\305\347d\012\240Ut\011"
 110      E85D7F73 
 110      0BC5E764 
 110      0AA05574 
 110      09
 111 01a4 BADAA63A 		.ascii	"\272\332\246:f\026\353.\0151tr\332\237@\035l?x$PO\365"
 111      6616EB2E 
 111      0D317472 
 111      DA9F401D 
 111      6C3F7824 
 112 01bb 5AF078FC 		.ascii	"Z\360x\374\372\362\354D\212^\213\364:\312\371\236\215"
 112      FAF2EC44 
ARM GAS  /tmp/ccZbz5Ly.s 			page 8


 112      8A5E8BF4 
 112      3ACAF99E 
 112      8D
 113 01cc 8478C812 		.ascii	"\204x\310\022\256h\305\010\376l\310\365M\253j:\334\007"
 113      AE68C508 
 113      FE6CC8F5 
 113      4DAB6A3A 
 113      DC07
 114 01de 016E4745 		.ascii	"\001nGEe\012\270\036U\325*\365\324au\321V\002w\261\\"
 114      650AB81E 
 114      55D52AF5 
 114      D46175D1 
 114      560277B1 
 115 01f3 77B05C70 		.ascii	"w\260\\p\017\262\264\244\032\016n\241\263\035\235\230"
 115      0FB2B4A4 
 115      1A0E6EA1 
 115      B31D9D98 
 116 0203 A5D97FFA 		.ascii	"\245\331\177\372\342BZ\017\232\002\356I\327\233Q\036"
 116      E2425A0F 
 116      9A02EE49 
 116      D79B511E 
 117 0213 84ACB804 		.ascii	"\204\254\270\004\017\342\020\350b>\267f<\251\326*\324"
 117      0FE210E8 
 117      623EB766 
 117      3CA9D62A 
 117      D4
 118 0224 89623AA2 		.ascii	"\211b:\242bP\233\336\233\320L\330\302\343\377\313\000"
 118      62509BDE 
 118      9BD04CD8 
 118      C2E3FFCB 
 118      00
 119 0235 D83074D5 		.ascii	"\3300t\325\\\036\230\245\021\337C`\316\347\203\323#"
 119      5C1E98A5 
 119      11DF4360 
 119      CEE783D3 
 119      23
 120 0246 C9F3F6BB 		.ascii	"\311\363\366\273\213\365\373\021\030\015o\275\327\377"
 120      8BF5FB11 
 120      180D6FBD 
 120      D7FF
 121 0254 5AEBD238 		.ascii	"Z\353\3228*x\332\261\316\027\230T\217\012\014\0057\243"
 121      2A78DAB1 
 121      CE179854 
 121      8F0A0C05 
 121      37A3
 122 0266 1A6E82FE 		.ascii	"\032n\202\376\223B7\353\316\360\330\243/\224\376`\317"
 122      934237EB 
 122      CEF0D8A3 
 122      2F94FE60 
 122      CF
 123 0277 8D27AB37 		.ascii	"\215'\2537\320\362;e^\005!\246\340\261\251\340\233\377"
 123      D0F23B65 
 123      5E0521A6 
 123      E0B1A9E0 
 123      9BFF
 124 0289 433D3514 		.ascii	"C=5\024\314\256\364\251!NC@0\232=hf\357a\331\247\336"
 124      CCAEF4A9 
ARM GAS  /tmp/ccZbz5Ly.s 			page 9


 124      214E4340 
 124      309A3D68 
 124      66EF61D9 
 125 029f B60FF0C9 		.ascii	"\266\017\360\3115\221\3522\261f\201\011\364B2\003\243"
 125      3591EA32 
 125      B1668109 
 125      F4423203 
 125      A3
 126 02b0 45F0F933 		.ascii	"E\360\3713\376\305\261\330\320_\330>\003\253\331\004"
 126      FEC5B1D8 
 126      D05FD83E 
 126      03ABD904 
 127 02c0 C9BB6F9B 		.ascii	"\311\273o\233[R\022\267l\337\235\236\267f\015Yk\265"
 127      5B5212B7 
 127      6CDF9D9E 
 127      B7660D59 
 127      6BB5
 128 02d2 8A792552 		.ascii	"\212y%R\221\264c\247\350\221\305\022\273K,\363x\025"
 128      91B463A7 
 128      E891C512 
 128      BB4B2CF3 
 128      7815
 129 02e4 59DCB92B 		.ascii	"Y\334\271+?'[_7\347TT\210\262R\232\223m\223d\257\325"
 129      3F275B5F 
 129      37E75454 
 129      88B2529A 
 129      936D9364 
 130 02fa 411621CB 		.ascii	"A\026!\313F\247\204<\026\367~\311\261\311m/r9\013\235"
 130      46A7843C 
 130      16F77EC9 
 130      B1C96D2F 
 130      72390B9D 
 131 030e 0EC5E315 		.ascii	"\016\305\343\025l\266r\311\255 TY-\226\313^Qr;\\\345"
 131      6CB672C9 
 131      AD205459 
 131      2D96CB5E 
 131      51723B5C 
 132 0323 C54ED1ED 		.ascii	"\305N\321\355<\340\222\212\304R\273\243Dr;E[\261s\257"
 132      3CE0928A 
 132      C452BBA3 
 132      44723B45 
 132      5BB173AF 
 133 0337 BDDCA5D8 		.ascii	"\275\334\245\330\224\3122\247l-!\211fXF\2740\271R\026"
 133      94CA32A7 
 133      6C2D2189 
 133      665846BC 
 133      30B95216 
 134 034b 6DB2528C 		.ascii	"m\262R\214\030\304\256\236O\264\303SZ\352q\213\033\012"
 134      18C4AE9E 
 134      4FB4C353 
 134      5AEA718B 
 134      1B0A
 135 035d F2F3F22B 		.ascii	"\362\363\362+DM\033\242\227jv\243$GE\376\001\255~\222"
 135      444D1BA2 
 135      976A76A3 
 135      244745FE 
 135      01AD7E92 
ARM GAS  /tmp/ccZbz5Ly.s 			page 10


 136 0371 88       		.ascii	"\210"
 137              		.text
 138              		.section	.gnu.lto_.symtab.84e0154895200b16,"",%progbits
 139 0000 69727149 		.ascii	"irqInit\000"
 139      6E697400 
 140 0008 00       		.ascii	"\000"
 141 0009 00       		.ascii	"\000"
 142 000a 00       		.ascii	"\000"
 143 000b 00000000 		.ascii	"\000\000\000\000\000\000\000\000"
 143      00000000 
 144 0013 AE000000 		.ascii	"\256\000\000\000"
 145 0017 69727144 		.ascii	"irqDeinit\000"
 145      65696E69 
 145      7400
 146 0021 00       		.ascii	"\000"
 147 0022 00       		.ascii	"\000"
 148 0023 00       		.ascii	"\000"
 149 0024 00000000 		.ascii	"\000\000\000\000\000\000\000\000"
 149      00000000 
 150 002c B0000000 		.ascii	"\260\000\000\000"
 151 0030 6E766963 		.ascii	"nvicEnableVector\000"
 151      456E6162 
 151      6C655665 
 151      63746F72 
 151      00
 152 0041 00       		.ascii	"\000"
 153 0042 02       		.ascii	"\002"
 154 0043 00       		.ascii	"\000"
 155 0044 00000000 		.ascii	"\000\000\000\000\000\000\000\000"
 155      00000000 
 156 004c BF000000 		.ascii	"\277\000\000\000"
 157 0050 6E766963 		.ascii	"nvicDisableVector\000"
 157      44697361 
 157      626C6556 
 157      6563746F 
 157      7200
 158 0062 00       		.ascii	"\000"
 159 0063 02       		.ascii	"\002"
 160 0064 00       		.ascii	"\000"
 161 0065 00000000 		.ascii	"\000\000\000\000\000\000\000\000"
 161      00000000 
 162 006d C3000000 		.ascii	"\303\000\000\000"
 163              		.text
 164              		.section	.gnu.lto_.opts,"",%progbits
 165 0000 272D666D 		.ascii	"'-fmath-errno' '-fsigned-zeros' '-ftrapping-math' '"
 165      6174682D 
 165      6572726E 
 165      6F272027 
 165      2D667369 
 166 0033 2D666E6F 		.ascii	"-fno-trapv' '-fno-strict-overflow' '-fno-openmp' '-"
 166      2D747261 
 166      70762720 
 166      272D666E 
 166      6F2D7374 
 167 0066 666E6F2D 		.ascii	"fno-openacc' '-mcpu=cortex-m4' '-mfloat-abi=hard' '"
 167      6F70656E 
 167      61636327 
ARM GAS  /tmp/ccZbz5Ly.s 			page 11


 167      20272D6D 
 167      6370753D 
 168 0099 2D6D6670 		.ascii	"-mfpu=fpv4-sp-d16' '-mno-thumb-interwork' '-mthumb'"
 168      753D6670 
 168      76342D73 
 168      702D6431 
 168      36272027 
 169 00cc 20272D67 		.ascii	" '-ggdb' '-O' '-fomit-frame-pointer' '-falign-funct"
 169      67646227 
 169      20272D4F 
 169      2720272D 
 169      666F6D69 
 170 00ff 696F6E73 		.ascii	"ions=16' '-ffunction-sections' '-fdata-sections' '-"
 170      3D313627 
 170      20272D66 
 170      66756E63 
 170      74696F6E 
 171 0132 666E6F2D 		.ascii	"fno-common' '-flto'\000"
 171      636F6D6D 
 171      6F6E2720 
 171      272D666C 
 171      746F2700 
 172              		.text
 173              		.comm	__gnu_lto_v1,1,1
 174              		.comm	__gnu_lto_slim,1,1
 175              		.ident	"GCC: (15:6.3.1+svn253039-1build1) 6.3.1 20170620"
ARM GAS  /tmp/ccZbz5Ly.s 			page 12


DEFINED SYMBOLS
                            *ABS*:0000000000000000 stm32_isr.c
                            *COM*:0000000000000001 __gnu_lto_v1
                            *COM*:0000000000000001 __gnu_lto_slim

NO UNDEFINED SYMBOLS
